#
# A fatal error has been detected by the Java Runtime Environment:
#
#  SIGSEGV (0xb) at pc=0x00000001257b3751, pid=1853, tid=23811
#
# JRE version: Java(TM) SE Runtime Environment (8.0_65-b17) (build 1.8.0_65-b17)
# Java VM: Java HotSpot(TM) 64-Bit Server VM (25.65-b01 mixed mode bsd-amd64 compressed oops)
# Problematic frame:
# C  [libavutil.55.dylib+0x19751]  av_freep+0x1
#
# Failed to write core dump. Core dumps have been disabled. To enable core dumping, try "ulimit -c unlimited" before starting Java again
#
# If you would like to submit a bug report, please visit:
#   http://bugreport.java.com/bugreport/crash.jsp
# The crash happened outside the Java Virtual Machine in native code.
# See problematic frame for where to report the bug.
#

---------------  T H R E A D  ---------------

Current thread (0x00007fe03a278000):  JavaThread "Thread-1" [_thread_in_native, id=23811, stack(0x0000700009a4f000,0x0000700009b4f000)]

siginfo: si_signo: 11 (SIGSEGV), si_code: 0 (unknown), si_addr: 0x0000000000000000

Registers:
RAX=0x00000001242ba500, RBX=0x0000000000000000, RCX=0x0000000000000000, RDX=0x00007fe039c46e90
RSP=0x0000700009b4e700, RBP=0x0000700009b4e750, RSI=0x0000700009b4e7e8, RDI=0x474e494d41455254
R8 =0x0000000000000004, R9 =0x0000000000000ef2, R10=0x0000000108fd6100, R11=0x00000001257b3750
R12=0x0000000000000000, R13=0x00000001270295b8, R14=0x00007fe039c46ec8, R15=0x00007fe039c46e98
RIP=0x00000001257b3751, EFLAGS=0x0000000000010202, ERR=0x0000000000000000
  TRAPNO=0x000000000000000d

Top of Stack: (sp=0x0000700009b4e700)
0x0000700009b4e700:   00000001242ba500 00000001271ce70c
0x0000700009b4e710:   00000001242ba500 00007fe039c46e90
0x0000700009b4e720:   0000000000000000 0000700009b4e7e8
0x0000700009b4e730:   00007fe03a278000 00000001242b9f32
0x0000700009b4e740:   00000001270295b8 0000700009b4e7e8
0x0000700009b4e750:   0000700009b4e7b8 0000000109037954
0x0000700009b4e760:   0000700009b4e7b8 00000001090376e7
0x0000700009b4e770:   00000001090376a2 0000700009b4e778
0x0000700009b4e780:   00000001270295b8 0000700009b4e7e8
0x0000700009b4e790:   000000012702b658 0000000000000000
0x0000700009b4e7a0:   00000001270295b8 0000000000000000
0x0000700009b4e7b0:   0000700009b4e7d8 0000700009b4e830
0x0000700009b4e7c0:   0000000109029c4d 0000000000000000
0x0000700009b4e7d0:   0000000109031578 00007fe039c46e90
0x0000700009b4e7e0:   00000006c100bbc0 00000006c100bbc0
0x0000700009b4e7f0:   0000700009b4e7f0 00000001270298c6
0x0000700009b4e800:   0000700009b4e840 000000012702b658
0x0000700009b4e810:   0000000000000000 00000001270298e8
0x0000700009b4e820:   0000700009b4e7d8 0000700009b4e840
0x0000700009b4e830:   0000700009b4e888 0000000109029c4d
0x0000700009b4e840:   00000006c100bbc0 0000700009b4e848
0x0000700009b4e850:   0000000127029801 0000700009b4e898
0x0000700009b4e860:   000000012702b658 0000000000000000
0x0000700009b4e870:   0000000127029830 0000700009b4e840
0x0000700009b4e880:   0000700009b4e898 0000700009b4e8e0
0x0000700009b4e890:   0000000109029c4d 00000006c100bbc0
0x0000700009b4e8a0:   0000700009b4e8a0 0000000126b5f955
0x0000700009b4e8b0:   0000700009b4e910 0000000127016a58
0x0000700009b4e8c0:   0000000000000000 0000000126b5fac8
0x0000700009b4e8d0:   0000700009b4e898 0000700009b4e910
0x0000700009b4e8e0:   0000700009b4e958 0000000109029c92
0x0000700009b4e8f0:   000000000000012c 0000000000000000 

Instructions: (pc=0x00000001257b3751)
0x00000001257b3731:   00 00 00 e8 6f a9 01 00 b8 f4 ff ff ff 48 83 c4
0x00000001257b3741:   10 5b c3 66 66 66 2e 0f 1f 84 00 00 00 00 00 50
0x00000001257b3751:   48 8b 07 48 c7 04 24 00 00 00 00 48 c7 07 00 00
0x00000001257b3761:   00 00 48 89 c7 e8 3d a9 01 00 58 c3 0f 1f 00 48 

Register to memory mapping:

RAX=0x00000001242ba500: Java_kh_com_kshrd_core_RtspStream_openRtspInternal+0x90 in /Users/sophatvathana/Desktop/Project/ipcam/IPCAM-VIDEO-STREAMING-API/native/mac/x86_64/strmrecv.dylib at 0x00000001242b8000
RBX=0x0000000000000000 is an unknown value
RCX=0x0000000000000000 is an unknown value
RDX=0x00007fe039c46e90 is an unknown value
RSP=0x0000700009b4e700 is pointing into the stack for thread: 0x00007fe03a278000
RBP=0x0000700009b4e750 is pointing into the stack for thread: 0x00007fe03a278000
RSI=0x0000700009b4e7e8 is pointing into the stack for thread: 0x00007fe03a278000
RDI=0x474e494d41455254 is an unknown value
R8 =0x0000000000000004 is an unknown value
R9 =0x0000000000000ef2 is an unknown value
R10=0x0000000108fd6100 is an unknown value
R11=0x00000001257b3750: av_freep+0 in /Users/sophatvathana/Desktop/Project/ipcam/IPCAM-VIDEO-STREAMING-API/native/mac/x86_64/libavutil.55.dylib at 0x000000012579a000
R12=0x0000000000000000 is an unknown value
R13={method} {0x00000001270295b8} 'releaseContextInternal' '(J)V' in 'kh/com/kshrd/core/RtspStream'
R14=0x00007fe039c46ec8 is an unknown value
R15=0x00007fe039c46e98 is an unknown value


Stack: [0x0000700009a4f000,0x0000700009b4f000],  sp=0x0000700009b4e700,  free space=1021k
Native frames: (J=compiled Java code, j=interpreted, Vv=VM code, C=native code)
C  [libavutil.55.dylib+0x19751]  av_freep+0x1
j  kh.com.kshrd.core.RtspStream.releaseContextInternal(J)V+0
j  kh.com.kshrd.core.RtspStream.release()V+14
j  kh.com.kshrd.core.RtspStream.initialize()V+1
j  kh.com.kshrd.core.RtspCamera.run()V+269
j  java.lang.Thread.run()V+11
v  ~StubRoutines::call_stub
V  [libjvm.dylib+0x2eab02]
V  [libjvm.dylib+0x2eb290]
V  [libjvm.dylib+0x2eb43c]
V  [libjvm.dylib+0x345959]
V  [libjvm.dylib+0x5612d3]
V  [libjvm.dylib+0x5629ce]
V  [libjvm.dylib+0x48342e]
C  [libsystem_pthread.dylib+0x3aab]  _pthread_body+0xb4
C  [libsystem_pthread.dylib+0x39f7]  _pthread_body+0x0
C  [libsystem_pthread.dylib+0x31fd]  thread_start+0xd
C  0x0000000000000000

Java frames: (J=compiled Java code, j=interpreted, Vv=VM code)
j  kh.com.kshrd.core.RtspStream.releaseContextInternal(J)V+0
j  kh.com.kshrd.core.RtspStream.release()V+14
j  kh.com.kshrd.core.RtspStream.initialize()V+1
j  kh.com.kshrd.core.RtspCamera.run()V+269
j  java.lang.Thread.run()V+11
v  ~StubRoutines::call_stub

---------------  P R O C E S S  ---------------

Java Threads: ( => current thread )
  0x00007fe038b28000 JavaThread "DestroyJavaVM" [_thread_blocked, id=6915, stack(0x0000700008287000,0x0000700008387000)]
  0x00007fe03b2bf800 JavaThread "http-nio-9999-AsyncTimeout" daemon [_thread_blocked, id=26371, stack(0x0000700009f5e000,0x000070000a05e000)]
  0x00007fe03b2bf000 JavaThread "http-nio-9999-Acceptor-0" daemon [_thread_in_native, id=25859, stack(0x0000700009e5b000,0x0000700009f5b000)]
  0x00007fe03b2be000 JavaThread "http-nio-9999-ClientPoller-1" daemon [_thread_in_native, id=25347, stack(0x0000700009d58000,0x0000700009e58000)]
  0x00007fe03e4f6000 JavaThread "http-nio-9999-ClientPoller-0" daemon [_thread_in_native, id=24835, stack(0x0000700009c55000,0x0000700009d55000)]
  0x00007fe03e4f5000 JavaThread "NioBlockingSelector.BlockPoller-1" daemon [_thread_in_native, id=24323, stack(0x0000700009b52000,0x0000700009c52000)]
=>0x00007fe03a278000 JavaThread "Thread-1" [_thread_in_native, id=23811, stack(0x0000700009a4f000,0x0000700009b4f000)]
  0x00007fe03c29d000 JavaThread "container-0" [_thread_blocked, id=23299, stack(0x000070000994c000,0x0000700009a4c000)]
  0x00007fe03a57d800 JavaThread "ContainerBackgroundProcessor[StandardEngine[Tomcat]]" daemon [_thread_blocked, id=22787, stack(0x0000700009849000,0x0000700009949000)]
  0x00007fe03a0f3800 JavaThread "Monitor Ctrl-Break" daemon [_thread_in_native, id=22275, stack(0x0000700009643000,0x0000700009743000)]
  0x00007fe03a800800 JavaThread "Service Thread" daemon [_thread_blocked, id=21251, stack(0x000070000943d000,0x000070000953d000)]
  0x00007fe038843800 JavaThread "C1 CompilerThread3" daemon [_thread_blocked, id=20739, stack(0x000070000933a000,0x000070000943a000)]
  0x00007fe03b02e800 JavaThread "C2 CompilerThread2" daemon [_thread_blocked, id=20227, stack(0x0000700009237000,0x0000700009337000)]
  0x00007fe03883b000 JavaThread "C2 CompilerThread1" daemon [_thread_blocked, id=19715, stack(0x0000700009134000,0x0000700009234000)]
  0x00007fe03b036800 JavaThread "C2 CompilerThread0" daemon [_thread_blocked, id=19203, stack(0x0000700009031000,0x0000700009131000)]
  0x00007fe03881c800 JavaThread "Signal Dispatcher" daemon [_thread_blocked, id=18691, stack(0x0000700008f2e000,0x000070000902e000)]
  0x00007fe03a03e800 JavaThread "Finalizer" daemon [_thread_blocked, id=14339, stack(0x0000700008da8000,0x0000700008ea8000)]
  0x00007fe03a03e000 JavaThread "Reference Handler" daemon [_thread_blocked, id=13827, stack(0x0000700008ca5000,0x0000700008da5000)]

Other Threads:
  0x00007fe038818000 VMThread [stack: 0x0000700008ba2000,0x0000700008ca2000] [id=13315]
  0x00007fe03c004800 WatcherThread [stack: 0x0000700009540000,0x0000700009640000] [id=21763]

VM state:not at safepoint (normal execution)

VM Mutex/Monitor currently owned by a thread: None

Heap:
 PSYoungGen      total 265728K, used 56384K [0x000000076ab00000, 0x0000000789b00000, 0x00000007c0000000)
  eden space 248320K, 22% used [0x000000076ab00000,0x000000076e210010,0x0000000779d80000)
  from space 17408K, 0% used [0x0000000779d80000,0x0000000779d80000,0x000000077ae80000)
  to   space 19456K, 0% used [0x0000000788800000,0x0000000788800000,0x0000000789b00000)
 ParOldGen       total 131584K, used 27821K [0x00000006c0000000, 0x00000006c8080000, 0x000000076ab00000)
  object space 131584K, 21% used [0x00000006c0000000,0x00000006c1b2b508,0x00000006c8080000)
 Metaspace       used 36517K, capacity 37020K, committed 37160K, reserved 1081344K
  class space    used 4598K, capacity 4723K, committed 4736K, reserved 1048576K

Card table byte_map: [0x00000001183e2000,0x0000000118be3000] byte_map_base: 0x0000000114de2000

Marking Bits: (ParMarkBitMap*) 0x00000001086dee20
 Begin Bits: [0x0000000119139000, 0x000000011d139000)
 End Bits:   [0x000000011d139000, 0x0000000121139000)

Polling page: 0x0000000106d5a000

CodeCache: size=245760Kb used=14606Kb max_used=14639Kb free=231153Kb
 bounds [0x0000000109022000, 0x0000000109e92000, 0x0000000118022000]
 total_blobs=4508 nmethods=4093 adapters=328
 compilation: enabled

Compilation events (10 events):
Event: 72.739 Thread 0x00007fe038843800 4692   !   3       org.apache.catalina.webresources.AbstractArchiveResourceSet::gc (55 bytes)
Event: 72.740 Thread 0x00007fe038843800 nmethod 4692 0x00000001093b52d0 code [0x00000001093b5460, 0x00000001093b5908]
Event: 75.372 Thread 0x00007fe038843800 4693       3       java.util.concurrent.ConcurrentHashMap$KeySetView::iterator (34 bytes)
Event: 75.372 Thread 0x00007fe038843800 nmethod 4693 0x00000001093b4b10 code [0x00000001093b4ca0, 0x00000001093b50b8]
Event: 75.372 Thread 0x00007fe038843800 4694       3       java.util.concurrent.ConcurrentHashMap$KeyIterator::<init> (12 bytes)
Event: 75.372 Thread 0x00007fe038843800 nmethod 4694 0x00000001093b4590 code [0x00000001093b4720, 0x00000001093b49f8]
Event: 82.588 Thread 0x00007fe03b02e800 4696       4       java.util.HashSet::isEmpty (8 bytes)
Event: 82.589 Thread 0x00007fe03b02e800 nmethod 4696 0x0000000109286fd0 code [0x0000000109287120, 0x0000000109287198]
Event: 86.594 Thread 0x00007fe038843800 4697   !   3       org.apache.tomcat.util.net.NioEndpoint$Poller::events (81 bytes)
Event: 86.595 Thread 0x00007fe038843800 nmethod 4697 0x00000001098ead90 code [0x00000001098eafa0, 0x00000001098eb8c8]

GC Heap History (10 events):
Event: 11.489 GC heap before
{Heap before GC invocations=5 (full 1):
 PSYoungGen      total 141824K, used 10740K [0x000000076ab00000, 0x0000000774000000, 0x00000007c0000000)
  eden space 131072K, 0% used [0x000000076ab00000,0x000000076ab00000,0x0000000772b00000)
  from space 10752K, 99% used [0x0000000773580000,0x0000000773ffd158,0x0000000774000000)
  to   space 10752K, 0% used [0x0000000772b00000,0x0000000772b00000,0x0000000773580000)
 ParOldGen       total 175104K, used 2864K [0x00000006c0000000, 0x00000006cab00000, 0x000000076ab00000)
  object space 175104K, 1% used [0x00000006c0000000,0x00000006c02cc3c8,0x00000006cab00000)
 Metaspace       used 20911K, capacity 21198K, committed 21296K, reserved 1069056K
  class space    used 2554K, capacity 2646K, committed 2688K, reserved 1048576K
Event: 11.525 GC heap after
Heap after GC invocations=5 (full 1):
 PSYoungGen      total 141824K, used 0K [0x000000076ab00000, 0x0000000774000000, 0x00000007c0000000)
  eden space 131072K, 0% used [0x000000076ab00000,0x000000076ab00000,0x0000000772b00000)
  from space 10752K, 0% used [0x0000000773580000,0x0000000773580000,0x0000000774000000)
  to   space 10752K, 0% used [0x0000000772b00000,0x0000000772b00000,0x0000000773580000)
 ParOldGen       total 84480K, used 11050K [0x00000006c0000000, 0x00000006c5280000, 0x000000076ab00000)
  object space 84480K, 13% used [0x00000006c0000000,0x00000006c0acaba0,0x00000006c5280000)
 Metaspace       used 20911K, capacity 21198K, committed 21296K, reserved 1069056K
  class space    used 2554K, capacity 2646K, committed 2688K, reserved 1048576K
}
Event: 12.343 GC heap before
{Heap before GC invocations=6 (full 1):
 PSYoungGen      total 141824K, used 131072K [0x000000076ab00000, 0x0000000774000000, 0x00000007c0000000)
  eden space 131072K, 100% used [0x000000076ab00000,0x0000000772b00000,0x0000000772b00000)
  from space 10752K, 0% used [0x0000000773580000,0x0000000773580000,0x0000000774000000)
  to   space 10752K, 0% used [0x0000000772b00000,0x0000000772b00000,0x0000000773580000)
 ParOldGen       total 84480K, used 11050K [0x00000006c0000000, 0x00000006c5280000, 0x000000076ab00000)
  object space 84480K, 13% used [0x00000006c0000000,0x00000006c0acaba0,0x00000006c5280000)
 Metaspace       used 27704K, capacity 28050K, committed 28416K, reserved 1075200K
  class space    used 3415K, capacity 3516K, committed 3584K, reserved 1048576K
Event: 12.358 GC heap after
Heap after GC invocations=6 (full 1):
 PSYoungGen      total 141824K, used 10726K [0x000000076ab00000, 0x000000077c300000, 0x00000007c0000000)
  eden space 131072K, 0% used [0x000000076ab00000,0x000000076ab00000,0x0000000772b00000)
  from space 10752K, 99% used [0x0000000772b00000,0x0000000773579928,0x0000000773580000)
  to   space 18432K, 0% used [0x000000077b100000,0x000000077b100000,0x000000077c300000)
 ParOldGen       total 84480K, used 19823K [0x00000006c0000000, 0x00000006c5280000, 0x000000076ab00000)
  object space 84480K, 23% used [0x00000006c0000000,0x00000006c135bf60,0x00000006c5280000)
 Metaspace       used 27704K, capacity 28050K, committed 28416K, reserved 1075200K
  class space    used 3415K, capacity 3516K, committed 3584K, reserved 1048576K
}
Event: 13.105 GC heap before
{Heap before GC invocations=7 (full 1):
 PSYoungGen      total 141824K, used 141798K [0x000000076ab00000, 0x000000077c300000, 0x00000007c0000000)
  eden space 131072K, 100% used [0x000000076ab00000,0x0000000772b00000,0x0000000772b00000)
  from space 10752K, 99% used [0x0000000772b00000,0x0000000773579928,0x0000000773580000)
  to   space 18432K, 0% used [0x000000077b100000,0x000000077b100000,0x000000077c300000)
 ParOldGen       total 84480K, used 19823K [0x00000006c0000000, 0x00000006c5280000, 0x000000076ab00000)
  object space 84480K, 23% used [0x00000006c0000000,0x00000006c135bf60,0x00000006c5280000)
 Metaspace       used 31231K, capacity 31682K, committed 32000K, reserved 1077248K
  class space    used 3884K, capacity 4004K, committed 4096K, reserved 1048576K
Event: 13.117 GC heap after
Heap after GC invocations=7 (full 1):
 PSYoungGen      total 263168K, used 12510K [0x000000076ab00000, 0x000000077bf80000, 0x00000007c0000000)
  eden space 248320K, 0% used [0x000000076ab00000,0x000000076ab00000,0x0000000779d80000)
  from space 14848K, 84% used [0x000000077b100000,0x000000077bd37ae0,0x000000077bf80000)
  to   space 17408K, 0% used [0x0000000779d80000,0x0000000779d80000,0x000000077ae80000)
 ParOldGen       total 84480K, used 19831K [0x00000006c0000000, 0x00000006c5280000, 0x000000076ab00000)
  object space 84480K, 23% used [0x00000006c0000000,0x00000006c135df60,0x00000006c5280000)
 Metaspace       used 31231K, capacity 31682K, committed 32000K, reserved 1077248K
  class space    used 3884K, capacity 4004K, committed 4096K, reserved 1048576K
}
Event: 13.790 GC heap before
{Heap before GC invocations=8 (full 1):
 PSYoungGen      total 263168K, used 154505K [0x000000076ab00000, 0x000000077bf80000, 0x00000007c0000000)
  eden space 248320K, 57% used [0x000000076ab00000,0x00000007735aab60,0x0000000779d80000)
  from space 14848K, 84% used [0x000000077b100000,0x000000077bd37ae0,0x000000077bf80000)
  to   space 17408K, 0% used [0x0000000779d80000,0x0000000779d80000,0x000000077ae80000)
 ParOldGen       total 84480K, used 19831K [0x00000006c0000000, 0x00000006c5280000, 0x000000076ab00000)
  object space 84480K, 23% used [0x00000006c0000000,0x00000006c135df60,0x00000006c5280000)
 Metaspace       used 34871K, capacity 35296K, committed 35496K, reserved 1081344K
  class space    used 4412K, capacity 4521K, committed 4608K, reserved 1048576K
Event: 13.806 GC heap after
Heap after GC invocations=8 (full 1):
 PSYoungGen      total 265728K, used 17383K [0x000000076ab00000, 0x0000000789b00000, 0x00000007c0000000)
  eden space 248320K, 0% used [0x000000076ab00000,0x000000076ab00000,0x0000000779d80000)
  from space 17408K, 99% used [0x0000000779d80000,0x000000077ae79f30,0x000000077ae80000)
  to   space 19456K, 0% used [0x0000000788800000,0x0000000788800000,0x0000000789b00000)
 ParOldGen       total 84480K, used 20025K [0x00000006c0000000, 0x00000006c5280000, 0x000000076ab00000)
  object space 84480K, 23% used [0x00000006c0000000,0x00000006c138e590,0x00000006c5280000)
 Metaspace       used 34871K, capacity 35296K, committed 35496K, reserved 1081344K
  class space    used 4412K, capacity 4521K, committed 4608K, reserved 1048576K
}
Event: 13.806 GC heap before
{Heap before GC invocations=9 (full 2):
 PSYoungGen      total 265728K, used 17383K [0x000000076ab00000, 0x0000000789b00000, 0x00000007c0000000)
  eden space 248320K, 0% used [0x000000076ab00000,0x000000076ab00000,0x0000000779d80000)
  from space 17408K, 99% used [0x0000000779d80000,0x000000077ae79f30,0x000000077ae80000)
  to   space 19456K, 0% used [0x0000000788800000,0x0000000788800000,0x0000000789b00000)
 ParOldGen       total 84480K, used 20025K [0x00000006c0000000, 0x00000006c5280000, 0x000000076ab00000)
  object space 84480K, 23% used [0x00000006c0000000,0x00000006c138e590,0x00000006c5280000)
 Metaspace       used 34871K, capacity 35296K, committed 35496K, reserved 1081344K
  class space    used 4412K, capacity 4521K, committed 4608K, reserved 1048576K
Event: 13.863 GC heap after
Heap after GC invocations=9 (full 2):
 PSYoungGen      total 265728K, used 0K [0x000000076ab00000, 0x0000000789b00000, 0x00000007c0000000)
  eden space 248320K, 0% used [0x000000076ab00000,0x000000076ab00000,0x0000000779d80000)
  from space 17408K, 0% used [0x0000000779d80000,0x0000000779d80000,0x000000077ae80000)
  to   space 19456K, 0% used [0x0000000788800000,0x0000000788800000,0x0000000789b00000)
 ParOldGen       total 131584K, used 27821K [0x00000006c0000000, 0x00000006c8080000, 0x000000076ab00000)
  object space 131584K, 21% used [0x00000006c0000000,0x00000006c1b2b508,0x00000006c8080000)
 Metaspace       used 34871K, capacity 35296K, committed 35496K, reserved 1081344K
  class space    used 4412K, capacity 4521K, committed 4608K, reserved 1048576K
}

Deoptimization events (10 events):
Event: 13.913 Thread 0x00007fe03a802000 Uncommon trap: reason=bimorphic action=maybe_recompile pc=0x0000000109584b9c method=java.util.regex.Matcher.match(II)Z @ 86
Event: 13.970 Thread 0x00007fe03a802000 Uncommon trap: reason=null_check action=make_not_entrant pc=0x0000000109bd3174 method=java.lang.Class.createAnnotationData(I)Ljava/lang/Class$AnnotationData; @ 14
Event: 13.971 Thread 0x00007fe03a802000 Uncommon trap: reason=null_check action=make_not_entrant pc=0x0000000109d21228 method=org.springframework.core.annotation.AnnotationUtils.findAnnotation(Ljava/lang/Class;Ljava/lang/Class;Ljava/util/Set;)Ljava/lang/annotation/Annotation; @ 182
Event: 13.971 Thread 0x00007fe03a802000 Uncommon trap: reason=bimorphic action=maybe_recompile pc=0x0000000109584b9c method=java.util.regex.Matcher.match(II)Z @ 86
Event: 13.983 Thread 0x00007fe03a802000 Uncommon trap: reason=unstable_if action=reinterpret pc=0x0000000109571604 method=java.util.regex.Pattern$BmpCharProperty.match(Ljava/util/regex/Matcher;ILjava/lang/CharSequence;)Z @ 34
Event: 13.987 Thread 0x00007fe03a802000 Uncommon trap: reason=bimorphic action=maybe_recompile pc=0x00000001097948f0 method=java.util.AbstractCollection.addAll(Ljava/util/Collection;)Z @ 29
Event: 14.017 Thread 0x00007fe03a802000 Uncommon trap: reason=bimorphic action=maybe_recompile pc=0x00000001097948f0 method=java.util.AbstractCollection.addAll(Ljava/util/Collection;)Z @ 29
Event: 14.019 Thread 0x00007fe03a802000 Uncommon trap: reason=bimorphic action=maybe_recompile pc=0x00000001097948f0 method=java.util.AbstractCollection.addAll(Ljava/util/Collection;)Z @ 29
Event: 14.221 Thread 0x00007fe03a802000 Uncommon trap: reason=bimorphic action=maybe_recompile pc=0x00000001094502a8 method=java.util.Hashtable.get(Ljava/lang/Object;)Ljava/lang/Object; @ 6
Event: 14.221 Thread 0x00007fe03a802000 Uncommon trap: reason=bimorphic action=maybe_recompile pc=0x00000001094502a8 method=java.util.Hashtable.get(Ljava/lang/Object;)Ljava/lang/Object; @ 6

Internal exceptions (10 events):
Event: 13.695 Thread 0x00007fe03a802000 Exception <a 'java/lang/ClassNotFoundException': java/lang/ObjectCustomizer> (0x000000077203ad38) thrown at [/Users/java_re/workspace/8-2-build-macosx-x86_64/jdk8u65/4987/hotspot/src/share/vm/classfile/systemDictionary.cpp, line 210]
Event: 13.695 Thread 0x00007fe03a802000 Exception <a 'java/lang/ClassNotFoundException': org/springframework/boot/autoconfigure/web/WebClientAutoConfiguration$RestTemplateConfigurationCustomizer> (0x00000007720634a8) thrown at [/Users/java_re/workspace/8-2-build-macosx-x86_64/jdk8u65/4987/hotsp
Event: 13.695 Thread 0x00007fe03a802000 Exception <a 'java/lang/ClassNotFoundException': org/springframework/boot/autoconfigure/web/WebClientAutoConfiguration$RestTemplateConfiguration$$EnhancerBySpringCGLIB$$8a2f5abbCustomizer> (0x00000007720925c0) thrown at [/Users/java_re/workspace/8-2-build
Event: 13.696 Thread 0x00007fe03a802000 Exception <a 'java/lang/ClassNotFoundException': org/springframework/context/annotation/ConfigurationClassEnhancer$EnhancedConfigurationCustomizer> (0x00000007720bc798) thrown at [/Users/java_re/workspace/8-2-build-macosx-x86_64/jdk8u65/4987/hotspot/src/s
Event: 13.700 Thread 0x00007fe03a802000 Exception <a 'java/lang/ClassNotFoundException': org/springframework/boot/web/client/RestTemplateBuilderBeanInfo> (0x0000000772169b50) thrown at [/Users/java_re/workspace/8-2-build-macosx-x86_64/jdk8u65/4987/hotspot/src/share/vm/classfile/systemDictionary
Event: 13.701 Thread 0x00007fe03a802000 Exception <a 'java/lang/ClassNotFoundException': org/springframework/boot/web/client/RestTemplateBuilderCustomizer> (0x00000007721836d0) thrown at [/Users/java_re/workspace/8-2-build-macosx-x86_64/jdk8u65/4987/hotspot/src/share/vm/classfile/systemDictiona
Event: 13.702 Thread 0x00007fe03a802000 Exception <a 'java/lang/ClassNotFoundException': java/lang/ObjectCustomizer> (0x00000007721ba1f8) thrown at [/Users/java_re/workspace/8-2-build-macosx-x86_64/jdk8u65/4987/hotspot/src/share/vm/classfile/systemDictionary.cpp, line 210]
Event: 13.702 Thread 0x00007fe03a802000 Exception <a 'java/lang/ClassNotFoundException': org/springframework/boot/autoconfigure/web/WebClientAutoConfigurationCustomizer> (0x00000007721dbe10) thrown at [/Users/java_re/workspace/8-2-build-macosx-x86_64/jdk8u65/4987/hotspot/src/share/vm/classfile/
Event: 13.702 Thread 0x00007fe03a802000 Exception <a 'java/lang/ClassNotFoundException': org/springframework/boot/autoconfigure/web/WebClientAutoConfiguration$$EnhancerBySpringCGLIB$$939f0857Customizer> (0x0000000772203f50) thrown at [/Users/java_re/workspace/8-2-build-macosx-x86_64/jdk8u65/498
Event: 13.703 Thread 0x00007fe03a802000 Exception <a 'java/lang/ClassNotFoundException': org/springframework/context/annotation/ConfigurationClassEnhancer$EnhancedConfigurationCustomizer> (0x000000077222c630) thrown at [/Users/java_re/workspace/8-2-build-macosx-x86_64/jdk8u65/4987/hotspot/src/s

Events (10 events):
Event: 22.733 Executing VM operation: RevokeBias
Event: 22.733 Executing VM operation: RevokeBias done
Event: 22.733 Thread 0x00007fe03a5e0000 Thread exited: 0x00007fe03a5e0000
Event: 22.733 Thread 0x00007fe038bba800 Thread exited: 0x00007fe038bba800
Event: 42.732 Executing VM operation: RevokeBias
Event: 42.732 Executing VM operation: RevokeBias done
Event: 42.732 loading class org/apache/catalina/webresources/Cache$EvictionOrder
Event: 42.732 loading class org/apache/catalina/webresources/Cache$EvictionOrder done
Event: 42.733 loading class java/util/concurrent/ConcurrentHashMap$ValueIterator
Event: 42.733 loading class java/util/concurrent/ConcurrentHashMap$ValueIterator done


Dynamic libraries:
0x00000000414c9000 	/System/Library/Frameworks/Cocoa.framework/Versions/A/Cocoa
0x00000000414c9000 	/System/Library/Frameworks/Security.framework/Versions/A/Security
0x00000000414c9000 	/System/Library/Frameworks/ApplicationServices.framework/Versions/A/ApplicationServices
0x00000000414c9000 	/usr/lib/libz.1.dylib
0x00000000414c9000 	/usr/lib/libSystem.B.dylib
0x00000000414c9000 	/usr/lib/libobjc.A.dylib
0x00000000414c9000 	/System/Library/Frameworks/CoreFoundation.framework/Versions/A/CoreFoundation
0x00000000414c9000 	/System/Library/Frameworks/Foundation.framework/Versions/C/Foundation
0x00000000414c9000 	/System/Library/Frameworks/AppKit.framework/Versions/C/AppKit
0x00000000414c9000 	/System/Library/Frameworks/CoreData.framework/Versions/A/CoreData
0x00000000414c9000 	/System/Library/PrivateFrameworks/RemoteViewServices.framework/Versions/A/RemoteViewServices
0x00000000414c9000 	/System/Library/PrivateFrameworks/UIFoundation.framework/Versions/A/UIFoundation
0x00000000414c9000 	/System/Library/PrivateFrameworks/DFRFoundation.framework/Versions/A/DFRFoundation
0x00000000414c9000 	/usr/lib/libenergytrace.dylib
0x00000000414c9000 	/System/Library/PrivateFrameworks/SkyLight.framework/Versions/A/SkyLight
0x00000000414c9000 	/System/Library/Frameworks/CoreGraphics.framework/Versions/A/CoreGraphics
0x00000000414c9000 	/usr/lib/libScreenReader.dylib
0x00000000414c9000 	/System/Library/Frameworks/Accelerate.framework/Versions/A/Accelerate
0x00000000414c9000 	/System/Library/Frameworks/IOSurface.framework/Versions/A/IOSurface
0x00000000414c9000 	/System/Library/Frameworks/AudioToolbox.framework/Versions/A/AudioToolbox
0x00000000414c9000 	/System/Library/Frameworks/AudioUnit.framework/Versions/A/AudioUnit
0x00000000414c9000 	/System/Library/PrivateFrameworks/DataDetectorsCore.framework/Versions/A/DataDetectorsCore
0x00000000414c9000 	/System/Library/PrivateFrameworks/DesktopServicesPriv.framework/Versions/A/DesktopServicesPriv
0x00000000414c9000 	/System/Library/Frameworks/Carbon.framework/Versions/A/Frameworks/HIToolbox.framework/Versions/A/HIToolbox
0x00000000414c9000 	/usr/lib/libicucore.A.dylib
0x00000000414c9000 	/System/Library/Frameworks/QuartzCore.framework/Versions/A/QuartzCore
0x00000000414c9000 	/System/Library/Frameworks/Carbon.framework/Versions/A/Frameworks/SpeechRecognition.framework/Versions/A/SpeechRecognition
0x00000000414c9000 	/usr/lib/libauto.dylib
0x00000000414c9000 	/usr/lib/libxml2.2.dylib
0x00000000414c9000 	/System/Library/PrivateFrameworks/CoreUI.framework/Versions/A/CoreUI
0x00000000414c9000 	/System/Library/Frameworks/CoreAudio.framework/Versions/A/CoreAudio
0x00000000414c9000 	/System/Library/Frameworks/DiskArbitration.framework/Versions/A/DiskArbitration
0x00000000414c9000 	/usr/lib/liblangid.dylib
0x00000000414c9000 	/System/Library/PrivateFrameworks/MultitouchSupport.framework/Versions/A/MultitouchSupport
0x00000000414c9000 	/System/Library/Frameworks/IOKit.framework/Versions/A/IOKit
0x00000000414c9000 	/usr/lib/libDiagnosticMessagesClient.dylib
0x00000000414c9000 	/System/Library/Frameworks/CoreServices.framework/Versions/A/CoreServices
0x00000000414c9000 	/System/Library/PrivateFrameworks/PerformanceAnalysis.framework/Versions/A/PerformanceAnalysis
0x00000000414c9000 	/System/Library/PrivateFrameworks/GenerationalStorage.framework/Versions/A/GenerationalStorage
0x00000000414c9000 	/System/Library/Frameworks/OpenGL.framework/Versions/A/OpenGL
0x00000000414c9000 	/System/Library/Frameworks/CoreImage.framework/Versions/A/CoreImage
0x00000000414c9000 	/System/Library/Frameworks/CoreText.framework/Versions/A/CoreText
0x00000000414c9000 	/System/Library/Frameworks/ImageIO.framework/Versions/A/ImageIO
0x00000000414c9000 	/System/Library/PrivateFrameworks/Backup.framework/Versions/A/Backup
0x00000000414c9000 	/usr/lib/libarchive.2.dylib
0x00000000414c9000 	/System/Library/Frameworks/CFNetwork.framework/Versions/A/CFNetwork
0x00000000414c9000 	/System/Library/Frameworks/SystemConfiguration.framework/Versions/A/SystemConfiguration
0x00000000414c9000 	/usr/lib/libCRFSuite.dylib
0x00000000414c9000 	/usr/lib/libc++.1.dylib
0x00000000414c9000 	/usr/lib/libc++abi.dylib
0x00000000414c9000 	/usr/lib/system/libcache.dylib
0x00000000414c9000 	/usr/lib/system/libcommonCrypto.dylib
0x00000000414c9000 	/usr/lib/system/libcompiler_rt.dylib
0x00000000414c9000 	/usr/lib/system/libcopyfile.dylib
0x00000000414c9000 	/usr/lib/system/libcorecrypto.dylib
0x00000000414c9000 	/usr/lib/system/libdispatch.dylib
0x00000000414c9000 	/usr/lib/system/libdyld.dylib
0x00000000414c9000 	/usr/lib/system/libkeymgr.dylib
0x00000000414c9000 	/usr/lib/system/liblaunch.dylib
0x00000000414c9000 	/usr/lib/system/libmacho.dylib
0x00000000414c9000 	/usr/lib/system/libquarantine.dylib
0x00000000414c9000 	/usr/lib/system/libremovefile.dylib
0x00000000414c9000 	/usr/lib/system/libsystem_asl.dylib
0x00000000414c9000 	/usr/lib/system/libsystem_blocks.dylib
0x00000000414c9000 	/usr/lib/system/libsystem_c.dylib
0x00000000414c9000 	/usr/lib/system/libsystem_configuration.dylib
0x00000000414c9000 	/usr/lib/system/libsystem_coreservices.dylib
0x00000000414c9000 	/usr/lib/system/libsystem_coretls.dylib
0x00000000414c9000 	/usr/lib/system/libsystem_dnssd.dylib
0x00000000414c9000 	/usr/lib/system/libsystem_info.dylib
0x00000000414c9000 	/usr/lib/system/libsystem_kernel.dylib
0x00000000414c9000 	/usr/lib/system/libsystem_m.dylib
0x00000000414c9000 	/usr/lib/system/libsystem_malloc.dylib
0x00000000414c9000 	/usr/lib/system/libsystem_network.dylib
0x00000000414c9000 	/usr/lib/system/libsystem_networkextension.dylib
0x00000000414c9000 	/usr/lib/system/libsystem_notify.dylib
0x00000000414c9000 	/usr/lib/system/libsystem_platform.dylib
0x00000000414c9000 	/usr/lib/system/libsystem_pthread.dylib
0x00000000414c9000 	/usr/lib/system/libsystem_sandbox.dylib
0x00000000414c9000 	/usr/lib/system/libsystem_secinit.dylib
0x00000000414c9000 	/usr/lib/system/libsystem_symptoms.dylib
0x00000000414c9000 	/usr/lib/system/libsystem_trace.dylib
0x00000000414c9000 	/usr/lib/system/libunwind.dylib
0x00000000414c9000 	/usr/lib/system/libxpc.dylib
0x00000000414c9000 	/usr/lib/libbsm.0.dylib
0x00000000414c9000 	/usr/lib/system/libkxld.dylib
0x00000000414c9000 	/usr/lib/libcoretls.dylib
0x00000000414c9000 	/usr/lib/libcoretls_cfhelpers.dylib
0x00000000414c9000 	/usr/lib/libxar.1.dylib
0x00000000414c9000 	/usr/lib/libsqlite3.dylib
0x00000000414c9000 	/usr/lib/libpam.2.dylib
0x00000000414c9000 	/usr/lib/libOpenScriptingUtil.dylib
0x00000000414c9000 	/usr/lib/libbz2.1.0.dylib
0x00000000414c9000 	/usr/lib/liblzma.5.dylib
0x00000000414c9000 	/usr/lib/libnetwork.dylib
0x00000000414c9000 	/usr/lib/libpcap.A.dylib
0x00000000414c9000 	/System/Library/Frameworks/CoreServices.framework/Versions/A/Frameworks/FSEvents.framework/Versions/A/FSEvents
0x00000000414c9000 	/System/Library/Frameworks/CoreServices.framework/Versions/A/Frameworks/CarbonCore.framework/Versions/A/CarbonCore
0x00000000414c9000 	/System/Library/Frameworks/CoreServices.framework/Versions/A/Frameworks/Metadata.framework/Versions/A/Metadata
0x00000000414c9000 	/System/Library/Frameworks/CoreServices.framework/Versions/A/Frameworks/OSServices.framework/Versions/A/OSServices
0x00000000414c9000 	/System/Library/Frameworks/CoreServices.framework/Versions/A/Frameworks/SearchKit.framework/Versions/A/SearchKit
0x00000000414c9000 	/System/Library/Frameworks/CoreServices.framework/Versions/A/Frameworks/AE.framework/Versions/A/AE
0x00000000414c9000 	/System/Library/Frameworks/CoreServices.framework/Versions/A/Frameworks/LaunchServices.framework/Versions/A/LaunchServices
0x00000000414c9000 	/System/Library/Frameworks/CoreServices.framework/Versions/A/Frameworks/DictionaryServices.framework/Versions/A/DictionaryServices
0x00000000414c9000 	/System/Library/Frameworks/CoreServices.framework/Versions/A/Frameworks/SharedFileList.framework/Versions/A/SharedFileList
0x00000000414c9000 	/System/Library/Frameworks/NetFS.framework/Versions/A/NetFS
0x00000000414c9000 	/System/Library/PrivateFrameworks/NetAuth.framework/Versions/A/NetAuth
0x00000000414c9000 	/System/Library/PrivateFrameworks/login.framework/Versions/A/Frameworks/loginsupport.framework/Versions/A/loginsupport
0x00000000414c9000 	/System/Library/PrivateFrameworks/TCC.framework/Versions/A/TCC
0x00000000414c9000 	/usr/lib/libmecabra.dylib
0x00000000414c9000 	/System/Library/Frameworks/ApplicationServices.framework/Versions/A/Frameworks/ATS.framework/Versions/A/ATS
0x00000000414c9000 	/System/Library/Frameworks/ApplicationServices.framework/Versions/A/Frameworks/ColorSync.framework/Versions/A/ColorSync
0x00000000414c9000 	/System/Library/Frameworks/ApplicationServices.framework/Versions/A/Frameworks/HIServices.framework/Versions/A/HIServices
0x00000000414c9000 	/System/Library/Frameworks/ApplicationServices.framework/Versions/A/Frameworks/LangAnalysis.framework/Versions/A/LangAnalysis
0x00000000414c9000 	/System/Library/Frameworks/ApplicationServices.framework/Versions/A/Frameworks/PrintCore.framework/Versions/A/PrintCore
0x00000000414c9000 	/System/Library/Frameworks/ApplicationServices.framework/Versions/A/Frameworks/QD.framework/Versions/A/QD
0x00000000414c9000 	/System/Library/Frameworks/ApplicationServices.framework/Versions/A/Frameworks/SpeechSynthesis.framework/Versions/A/SpeechSynthesis
0x00000000414c9000 	/System/Library/Frameworks/Accelerate.framework/Versions/A/Frameworks/vImage.framework/Versions/A/vImage
0x00000000414c9000 	/System/Library/Frameworks/Accelerate.framework/Versions/A/Frameworks/vecLib.framework/Versions/A/vecLib
0x00000000414c9000 	/System/Library/Frameworks/Accelerate.framework/Versions/A/Frameworks/vecLib.framework/Versions/A/libvDSP.dylib
0x00000000414c9000 	/System/Library/Frameworks/Accelerate.framework/Versions/A/Frameworks/vecLib.framework/Versions/A/libBNNS.dylib
0x00000000414c9000 	/System/Library/Frameworks/Accelerate.framework/Versions/A/Frameworks/vecLib.framework/Versions/A/libQuadrature.dylib
0x00000000414c9000 	/System/Library/Frameworks/Accelerate.framework/Versions/A/Frameworks/vecLib.framework/Versions/A/libvMisc.dylib
0x00000000414c9000 	/System/Library/Frameworks/Accelerate.framework/Versions/A/Frameworks/vecLib.framework/Versions/A/libLAPACK.dylib
0x00000000414c9000 	/System/Library/Frameworks/Accelerate.framework/Versions/A/Frameworks/vecLib.framework/Versions/A/libBLAS.dylib
0x00000000414c9000 	/System/Library/Frameworks/Accelerate.framework/Versions/A/Frameworks/vecLib.framework/Versions/A/libLinearAlgebra.dylib
0x00000000414c9000 	/System/Library/Frameworks/Accelerate.framework/Versions/A/Frameworks/vecLib.framework/Versions/A/libSparseBLAS.dylib
0x00000000414c9000 	/System/Library/Frameworks/ApplicationServices.framework/Versions/A/Frameworks/ATS.framework/Versions/A/Resources/libFontParser.dylib
0x00000000414c9000 	/System/Library/Frameworks/ApplicationServices.framework/Versions/A/Frameworks/ATS.framework/Versions/A/Resources/libFontRegistry.dylib
0x00000000414c9000 	/System/Library/Frameworks/ImageIO.framework/Versions/A/Resources/libJPEG.dylib
0x00000000414c9000 	/System/Library/Frameworks/ImageIO.framework/Versions/A/Resources/libTIFF.dylib
0x00000000414c9000 	/System/Library/Frameworks/ImageIO.framework/Versions/A/Resources/libPng.dylib
0x00000000414c9000 	/System/Library/Frameworks/ImageIO.framework/Versions/A/Resources/libGIF.dylib
0x00000000414c9000 	/System/Library/Frameworks/ImageIO.framework/Versions/A/Resources/libJP2.dylib
0x00000000414c9000 	/System/Library/Frameworks/ImageIO.framework/Versions/A/Resources/libRadiance.dylib
0x00000000414c9000 	/usr/lib/libcompression.dylib
0x00000000414c9000 	/System/Library/PrivateFrameworks/AppleJPEG.framework/Versions/A/AppleJPEG
0x00000000414c9000 	/usr/lib/libcups.2.dylib
0x00000000414c9000 	/System/Library/Frameworks/Kerberos.framework/Versions/A/Kerberos
0x00000000414c9000 	/System/Library/Frameworks/GSS.framework/Versions/A/GSS
0x00000000414c9000 	/usr/lib/libresolv.9.dylib
0x00000000414c9000 	/usr/lib/libiconv.2.dylib
0x00000000414c9000 	/System/Library/PrivateFrameworks/Heimdal.framework/Versions/A/Heimdal
0x00000000414c9000 	/usr/lib/libheimdal-asn1.dylib
0x00000000414c9000 	/System/Library/Frameworks/OpenDirectory.framework/Versions/A/OpenDirectory
0x00000000414c9000 	/System/Library/PrivateFrameworks/CommonAuth.framework/Versions/A/CommonAuth
0x00000000414c9000 	/System/Library/Frameworks/OpenDirectory.framework/Versions/A/Frameworks/CFOpenDirectory.framework/Versions/A/CFOpenDirectory
0x00000000414c9000 	/System/Library/Frameworks/SecurityFoundation.framework/Versions/A/SecurityFoundation
0x00000000414c9000 	/System/Library/PrivateFrameworks/LanguageModeling.framework/Versions/A/LanguageModeling
0x00000000414c9000 	/usr/lib/libmarisa.dylib
0x00000000414c9000 	/usr/lib/libChineseTokenizer.dylib
0x00000000414c9000 	/usr/lib/libcmph.dylib
0x00000000414c9000 	/System/Library/PrivateFrameworks/CoreEmoji.framework/Versions/A/CoreEmoji
0x00000000414c9000 	/System/Library/Frameworks/ServiceManagement.framework/Versions/A/ServiceManagement
0x00000000414c9000 	/usr/lib/libxslt.1.dylib
0x00000000414c9000 	/System/Library/Frameworks/Carbon.framework/Versions/A/Frameworks/Ink.framework/Versions/A/Ink
0x00000000414c9000 	/System/Library/PrivateFrameworks/TextureIO.framework/Versions/A/TextureIO
0x00000000414c9000 	/System/Library/Frameworks/Metal.framework/Versions/A/Metal
0x00000000414c9000 	/usr/lib/libate.dylib
0x00000000414c9000 	/System/Library/PrivateFrameworks/GPUCompiler.framework/libmetal_timestamp.dylib
0x00000000414c9000 	/System/Library/Frameworks/OpenGL.framework/Versions/A/Libraries/libCoreFSCache.dylib
0x00000000414c9000 	/System/Library/PrivateFrameworks/IOAccelerator.framework/Versions/A/IOAccelerator
0x00000000414c9000 	/System/Library/Frameworks/CoreVideo.framework/Versions/A/CoreVideo
0x00000000414c9000 	/usr/lib/libFosl_dynamic.dylib
0x00000000414c9000 	/System/Library/PrivateFrameworks/MetalPerformanceShaders.framework/Versions/A/MetalPerformanceShaders
0x00000000414c9000 	/System/Library/PrivateFrameworks/FaceCore.framework/Versions/A/FaceCore
0x00000000414c9000 	/System/Library/Frameworks/OpenCL.framework/Versions/A/OpenCL
0x00000000414c9000 	/System/Library/Frameworks/OpenGL.framework/Versions/A/Libraries/libGLU.dylib
0x00000000414c9000 	/System/Library/Frameworks/OpenGL.framework/Versions/A/Libraries/libGFXShared.dylib
0x00000000414c9000 	/System/Library/Frameworks/OpenGL.framework/Versions/A/Libraries/libGL.dylib
0x00000000414c9000 	/System/Library/Frameworks/OpenGL.framework/Versions/A/Libraries/libGLImage.dylib
0x00000000414c9000 	/System/Library/Frameworks/OpenGL.framework/Versions/A/Libraries/libCVMSPluginSupport.dylib
0x00000000414c9000 	/System/Library/Frameworks/OpenGL.framework/Versions/A/Libraries/libCoreVMClient.dylib
0x00000000414c9000 	/System/Library/PrivateFrameworks/CrashReporterSupport.framework/Versions/A/CrashReporterSupport
0x00000000414c9000 	/System/Library/PrivateFrameworks/Sharing.framework/Versions/A/Sharing
0x00000000414c9000 	/System/Library/PrivateFrameworks/IconServices.framework/Versions/A/IconServices
0x00000000414c9000 	/System/Library/PrivateFrameworks/ProtocolBuffer.framework/Versions/A/ProtocolBuffer
0x00000000414c9000 	/System/Library/PrivateFrameworks/Apple80211.framework/Versions/A/Apple80211
0x00000000414c9000 	/System/Library/Frameworks/CoreWLAN.framework/Versions/A/CoreWLAN
0x00000000414c9000 	/System/Library/PrivateFrameworks/CoreUtils.framework/Versions/A/CoreUtils
0x00000000414c9000 	/System/Library/Frameworks/IOBluetooth.framework/Versions/A/IOBluetooth
0x00000000414c9000 	/System/Library/PrivateFrameworks/CoreWiFi.framework/Versions/A/CoreWiFi
0x00000000414c9000 	/System/Library/Frameworks/CoreBluetooth.framework/Versions/A/CoreBluetooth
0x00000000414c9000 	/System/Library/Frameworks/CoreDisplay.framework/Versions/A/CoreDisplay
0x00000000414c9000 	/System/Library/PrivateFrameworks/IOPresentment.framework/Versions/A/IOPresentment
0x00000000414c9000 	/System/Library/PrivateFrameworks/DebugSymbols.framework/Versions/A/DebugSymbols
0x00000000414c9000 	/System/Library/PrivateFrameworks/CoreSymbolication.framework/Versions/A/CoreSymbolication
0x00000000414c9000 	/System/Library/PrivateFrameworks/Symbolication.framework/Versions/A/Symbolication
0x00000000414c9000 	/System/Library/PrivateFrameworks/AppleFSCompression.framework/Versions/A/AppleFSCompression
0x00000000414c9000 	/System/Library/PrivateFrameworks/SpeechRecognitionCore.framework/Versions/A/SpeechRecognitionCore
0x00000000414c9000 	/System/Library/PrivateFrameworks/ChunkingLibrary.framework/Versions/A/ChunkingLibrary
0x0000000107e00000 	/Library/Java/JavaVirtualMachines/jdk1.8.0_65.jdk/Contents/Home/jre/lib/server/libjvm.dylib
0x00000000414c9000 	/usr/lib/libstdc++.6.dylib
0x0000000106d17000 	/Library/Java/JavaVirtualMachines/jdk1.8.0_65.jdk/Contents/Home/jre/lib/libverify.dylib
0x0000000106d25000 	/Library/Java/JavaVirtualMachines/jdk1.8.0_65.jdk/Contents/Home/jre/lib/libjava.dylib
0x0000000106d64000 	/Library/Java/JavaVirtualMachines/jdk1.8.0_65.jdk/Contents/Home/jre/lib/libzip.dylib
0x0000000106de6000 	/System/Library/Frameworks/JavaVM.framework/Frameworks/JavaRuntimeSupport.framework/JavaRuntimeSupport
0x0000000123e5d000 	/System/Library/Frameworks/JavaVM.framework/Versions/A/Frameworks/JavaNativeFoundation.framework/Versions/A/JavaNativeFoundation
0x0000000123e72000 	/System/Library/Frameworks/JavaVM.framework/Versions/A/JavaVM
0x00000000414c9000 	/System/Library/Frameworks/Carbon.framework/Versions/A/Carbon
0x0000000108f8b000 	/System/Library/PrivateFrameworks/JavaLaunching.framework/Versions/A/JavaLaunching
0x00000000414c9000 	/System/Library/Frameworks/Carbon.framework/Versions/A/Frameworks/CommonPanels.framework/Versions/A/CommonPanels
0x00000000414c9000 	/System/Library/Frameworks/Carbon.framework/Versions/A/Frameworks/Help.framework/Versions/A/Help
0x00000000414c9000 	/System/Library/Frameworks/Carbon.framework/Versions/A/Frameworks/ImageCapture.framework/Versions/A/ImageCapture
0x00000000414c9000 	/System/Library/Frameworks/Carbon.framework/Versions/A/Frameworks/OpenScripting.framework/Versions/A/OpenScripting
0x00000000414c9000 	/System/Library/Frameworks/Carbon.framework/Versions/A/Frameworks/Print.framework/Versions/A/Print
0x00000000414c9000 	/System/Library/Frameworks/Carbon.framework/Versions/A/Frameworks/SecurityHI.framework/Versions/A/SecurityHI
0x0000000124200000 	/Applications/IntelliJ IDEA.app/Contents/bin/libbreakgen64.jnilib
0x0000000124203000 	/Library/Java/JavaVirtualMachines/jdk1.8.0_65.jdk/Contents/Home/jre/lib/libnet.dylib
0x00000001247b6000 	/Library/Java/JavaVirtualMachines/jdk1.8.0_65.jdk/Contents/Home/jre/lib/libmanagement.dylib
0x0000000124283000 	/Library/Java/JavaVirtualMachines/jdk1.8.0_65.jdk/Contents/Home/jre/lib/libnio.dylib
0x00000001242b8000 	/Users/sophatvathana/Desktop/Project/ipcam/IPCAM-VIDEO-STREAMING-API/native/mac/x86_64/strmrecv.dylib
0x000000012579a000 	/Users/sophatvathana/Desktop/Project/ipcam/IPCAM-VIDEO-STREAMING-API/native/mac/x86_64/libavutil.55.dylib
0x00000000414c9000 	/System/Library/Frameworks/AVFoundation.framework/Versions/A/AVFoundation
0x00000000414c9000 	/System/Library/Frameworks/CoreMedia.framework/Versions/A/CoreMedia
0x00000000414c9000 	/System/Library/Frameworks/VideoToolbox.framework/Versions/A/VideoToolbox
0x000000012432c000 	/System/Library/Frameworks/VideoDecodeAcceleration.framework/Versions/A/VideoDecodeAcceleration
0x00000000414c9000 	/System/Library/Frameworks/AVFoundation.framework/Versions/A/Frameworks/AVFAudio.framework/Versions/A/AVFAudio
0x00000000414c9000 	/System/Library/Frameworks/MediaToolbox.framework/Versions/A/MediaToolbox
0x00000000414c9000 	/System/Library/PrivateFrameworks/IntlPreferences.framework/Versions/A/IntlPreferences
0x00000000414c9000 	/System/Library/Frameworks/CoreMediaIO.framework/Versions/A/CoreMediaIO
0x00000000414c9000 	/usr/lib/libspindump.dylib
0x00000000414c9000 	/usr/lib/libdscsym.dylib
0x00000000414c9000 	/System/Library/PrivateFrameworks/CoreAVCHD.framework/Versions/A/CoreAVCHD
0x00000000414c9000 	/System/Library/Frameworks/MediaAccessibility.framework/Versions/A/MediaAccessibility
0x00000000414c9000 	/System/Library/PrivateFrameworks/Mangrove.framework/Versions/A/Mangrove
0x00000000414c9000 	/System/Library/PrivateFrameworks/CoreAUC.framework/Versions/A/CoreAUC
0x00000000414c9000 	/System/Library/PrivateFrameworks/AppleVA.framework/Versions/A/AppleVA
0x00000000414c9000 	/System/Library/PrivateFrameworks/XPCService.framework/Versions/A/XPCService
0x00000000414c9000 	/System/Library/PrivateFrameworks/AppSandbox.framework/Versions/A/AppSandbox
0x00000000414c9000 	/usr/lib/libsandbox.1.dylib
0x00000000414c9000 	/System/Library/PrivateFrameworks/AppContainer.framework/Versions/A/AppContainer
0x00000000414c9000 	/System/Library/PrivateFrameworks/SecCodeWrapper.framework/Versions/A/SecCodeWrapper
0x00000000414c9000 	/usr/lib/libMatch.1.dylib
0x0000000124369000 	/Users/sophatvathana/Desktop/Project/ipcam/IPCAM-VIDEO-STREAMING-API/native/mac/x86_64/libswresample.2.dylib
0x0000000127113000 	/Users/sophatvathana/Desktop/Project/ipcam/IPCAM-VIDEO-STREAMING-API/native/mac/x86_64/libavcodec.57.dylib
0x0000000125aad000 	/Users/sophatvathana/Desktop/Project/ipcam/IPCAM-VIDEO-STREAMING-API/native/mac/x86_64/libavformat.57.dylib

VM Arguments:
jvm_args: -Dspring.output.ansi.enabled=always -Didea.launcher.port=7542 -Didea.launcher.bin.path=/Applications/IntelliJ IDEA.app/Contents/bin -Dfile.encoding=UTF-8 
java_command: com.intellij.rt.execution.application.AppMain kh.com.kshrd.ipcam.IpcamVideoStreamingApiApplication
java_class_path (initial): /Library/Java/JavaVirtualMachines/jdk1.8.0_65.jdk/Contents/Home/jre/lib/charsets.jar:/Library/Java/JavaVirtualMachines/jdk1.8.0_65.jdk/Contents/Home/jre/lib/deploy.jar:/Library/Java/JavaVirtualMachines/jdk1.8.0_65.jdk/Contents/Home/jre/lib/ext/cldrdata.jar:/Library/Java/JavaVirtualMachines/jdk1.8.0_65.jdk/Contents/Home/jre/lib/ext/dnsns.jar:/Library/Java/JavaVirtualMachines/jdk1.8.0_65.jdk/Contents/Home/jre/lib/ext/jaccess.jar:/Library/Java/JavaVirtualMachines/jdk1.8.0_65.jdk/Contents/Home/jre/lib/ext/jfxrt.jar:/Library/Java/JavaVirtualMachines/jdk1.8.0_65.jdk/Contents/Home/jre/lib/ext/localedata.jar:/Library/Java/JavaVirtualMachines/jdk1.8.0_65.jdk/Contents/Home/jre/lib/ext/nashorn.jar:/Library/Java/JavaVirtualMachines/jdk1.8.0_65.jdk/Contents/Home/jre/lib/ext/sunec.jar:/Library/Java/JavaVirtualMachines/jdk1.8.0_65.jdk/Contents/Home/jre/lib/ext/sunjce_provider.jar:/Library/Java/JavaVirtualMachines/jdk1.8.0_65.jdk/Contents/Home/jre/lib/ext/sunpkcs11.jar:/Library/Java/JavaVirtualMachines/jdk1.8.0_65.jdk/Contents/Home/jre/lib/ext/zipfs.jar:/Library/Java/JavaVirtualMachines/jdk1.8.0_65.jdk/Contents/Home/jre/lib/javaws.jar:/Library/Java/JavaVirtualMachines/jdk1.8.0_65.jdk/Contents/Home/jre/lib/jce.jar:/Library/Java/JavaVirtualMachines/jdk1.8.0_65.jdk/Contents/Home/jre/lib/jfr.jar:/Library/Java/JavaVirtualMachines/jdk1.8.0_65.jdk/Contents/Home/jre/lib/jfxswt.jar:/Library/Java/JavaVirtualMachines/jdk1.8.0_65.jdk/Contents/Home/jre/lib/jsse.jar:/Library/Java/JavaVirtualMachines/jdk1.8.0_65.jdk/Contents/Home/jre/lib/management-agent.jar:/Library/Java/JavaVirtualMachines/jdk1.8.0_65.jdk/Contents/Home/jre/lib/plugin.jar:/Library/Java/JavaVirtualMachines/jdk1.8.0_65.jdk/Contents/Home/jre/lib/resources.jar:/Library/Java/JavaVirtualMachines/jdk1.8.0_65.jdk/Contents/Home/jre/lib/rt.jar:/Library/Java/JavaVirtualMachines/jdk1.8.0_65.jdk/Contents/Home/lib/dt.jar:/Library/Java/JavaVirtualMachines/jdk1.8.0_65.jdk/Contents/Home/lib/javafx-mx.jar:/Library/Jav
Launcher Type: SUN_STANDARD

Environment Variables:
PATH=/Library/Frameworks/Python.framework/Versions/3.5/bin:/usr/local/bin:/usr/bin:/bin:/usr/sbin:/sbin
SHELL=/bin/zsh

Signal Handlers:
SIGSEGV: [libjvm.dylib+0x5a6d31], sa_mask[0]=11111111011111110111111111111111, sa_flags=SA_ONSTACK|SA_RESTART|SA_SIGINFO
SIGBUS: [libjvm.dylib+0x5a6d31], sa_mask[0]=11111111011111110111111111111111, sa_flags=SA_RESTART|SA_SIGINFO
SIGFPE: [libjvm.dylib+0x480a40], sa_mask[0]=11111111011111110111111111111111, sa_flags=SA_RESTART|SA_SIGINFO
SIGPIPE: [libjvm.dylib+0x480a40], sa_mask[0]=11111111011111110111111111111111, sa_flags=SA_RESTART|SA_SIGINFO
SIGXFSZ: [libjvm.dylib+0x480a40], sa_mask[0]=11111111011111110111111111111111, sa_flags=SA_RESTART|SA_SIGINFO
SIGILL: [libjvm.dylib+0x480a40], sa_mask[0]=11111111011111110111111111111111, sa_flags=SA_RESTART|SA_SIGINFO
SIGUSR1: SIG_DFL, sa_mask[0]=00000000000000000000000000000000, sa_flags=none
SIGUSR2: [libjvm.dylib+0x48055e], sa_mask[0]=00100000000000000000000000000000, sa_flags=SA_RESTART|SA_SIGINFO
SIGHUP: [libjvm.dylib+0x47eb35], sa_mask[0]=11111111011111110111111111111111, sa_flags=SA_RESTART|SA_SIGINFO
SIGINT: [libjvm.dylib+0x47eb35], sa_mask[0]=11111111011111110111111111111111, sa_flags=SA_RESTART|SA_SIGINFO
SIGTERM: [libjvm.dylib+0x47eb35], sa_mask[0]=11111111011111110111111111111111, sa_flags=SA_RESTART|SA_SIGINFO
SIGQUIT: [libjvm.dylib+0x47eb35], sa_mask[0]=11111111011111110111111111111111, sa_flags=SA_RESTART|SA_SIGINFO


---------------  S Y S T E M  ---------------

OS:Bsduname:Darwin 16.3.0 Darwin Kernel Version 16.3.0: Thu Nov 17 20:23:58 PST 2016; root:xnu-3789.31.2~1/RELEASE_X86_64 x86_64
rlimit: STACK 8192k, CORE 0k, NPROC 709, NOFILE 10240, AS infinity
load average:3.05 3.06 2.81

CPU:total 8 (4 cores per cpu, 2 threads per core) family 6 model 70 stepping 1, cmov, cx8, fxsr, mmx, sse, sse2, sse3, ssse3, sse4.1, sse4.2, popcnt, avx, avx2, aes, clmul, erms, lzcnt, ht, tsc, tscinvbit, bmi1, bmi2

Memory: 4k page, physical 16777216k(281316k free)

/proc/meminfo:


vm_info: Java HotSpot(TM) 64-Bit Server VM (25.65-b01) for bsd-amd64 JRE (1.8.0_65-b17), built on Oct  6 2015 15:36:46 by "java_re" with gcc 4.2.1 (Based on Apple Inc. build 5658) (LLVM build 2336.11.00)

time: Mon Dec 26 13:35:03 2016
elapsed time: 91 seconds (0d 0h 1m 31s)

