#
# A fatal error has been detected by the Java Runtime Environment:
#
#  SIGSEGV (0xb) at pc=0x0000000121a68c72, pid=952, tid=23811
#
# JRE version: Java(TM) SE Runtime Environment (8.0_65-b17) (build 1.8.0_65-b17)
# Java VM: Java HotSpot(TM) 64-Bit Server VM (25.65-b01 mixed mode bsd-amd64 compressed oops)
# Problematic frame:
# C  [libavutil.55.dylib+0x5c72]  av_buffer_unref+0x12
#
# Failed to write core dump. Core dumps have been disabled. To enable core dumping, try "ulimit -c unlimited" before starting Java again
#
# If you would like to submit a bug report, please visit:
#   http://bugreport.java.com/bugreport/crash.jsp
# The crash happened outside the Java Virtual Machine in native code.
# See problematic frame for where to report the bug.
#

---------------  T H R E A D  ---------------

Current thread (0x00007fc73158b800):  JavaThread "Thread-1" [_thread_in_native, id=23811, stack(0x0000700010c05000,0x0000700010d05000)]

siginfo: si_signo: 11 (SIGSEGV), si_code: 0 (unknown), si_addr: 0x0000000000000000

Registers:
RAX=0x5000000000000000, RBX=0x00007fc7302511a0, RCX=0x0000000000000000, RDX=0x00007fc7302511a0
RSP=0x0000700010d046f0, RBP=0x0000700010d04750, RSI=0x0000700010d047e8, RDI=0x00007fc7302511a8
R8 =0x0000000000000004, R9 =0x000000000000077a, R10=0x0000000108c27928, R11=0x0000000104edc4cf
R12=0x0000000000000000, R13=0x00000001240bf090, R14=0x00007fc7302511d8, R15=0x00007fc7302511a8
RIP=0x0000000121a68c72, EFLAGS=0x0000000000010206, ERR=0x0000000000000000
  TRAPNO=0x000000000000000d

Top of Stack: (sp=0x0000700010d046f0)
0x0000700010d046f0:   0000700010d04750 0000000121a7c76b
0x0000700010d04700:   00007fc7302511a0 000000012425f734
0x0000700010d04710:   0000000120df6500 00007fc7302511a0
0x0000700010d04720:   0000000000000000 0000700010d047e8
0x0000700010d04730:   00007fc73158b800 0000000120df5f32
0x0000700010d04740:   00000001240bf090 0000700010d047e8
0x0000700010d04750:   0000700010d047b8 0000000108c27954
0x0000700010d04760:   0000700010d047b8 0000000108c276e7
0x0000700010d04770:   0000000108c276a2 0000700010d04778
0x0000700010d04780:   00000001240bf090 0000700010d047e8
0x0000700010d04790:   00000001240c1630 0000000000000000
0x0000700010d047a0:   00000001240bf090 0000000000000000
0x0000700010d047b0:   0000700010d047d8 0000700010d04830
0x0000700010d047c0:   0000000108c19c4d 0000000000000000
0x0000700010d047d0:   0000000108c21578 00007fc7302511a0
0x0000700010d047e0:   00000006c111f4f0 00000006c111f4f0
0x0000700010d047f0:   0000700010d047f0 00000001240bf39e
0x0000700010d04800:   0000700010d04840 00000001240c1630
0x0000700010d04810:   0000000000000000 00000001240bf3c0
0x0000700010d04820:   0000700010d047d8 0000700010d04840
0x0000700010d04830:   0000700010d04888 0000000108c19c4d
0x0000700010d04840:   00000006c111f4f0 0000700010d04848
0x0000700010d04850:   00000001240bf2d9 0000700010d04898
0x0000700010d04860:   00000001240c1630 0000000000000000
0x0000700010d04870:   00000001240bf308 0000700010d04840
0x0000700010d04880:   0000700010d04898 0000700010d048e0
0x0000700010d04890:   0000000108c19c4d 00000006c111f4f0
0x0000700010d048a0:   0000700010d048a0 00000001233b6fbd
0x0000700010d048b0:   0000700010d04910 00000001240bcf28
0x0000700010d048c0:   0000000000000000 00000001233b7130
0x0000700010d048d0:   0000700010d04898 0000700010d04910
0x0000700010d048e0:   0000700010d04958 0000000108c19c92 

Instructions: (pc=0x0000000121a68c72)
0x0000000121a68c52:   48 89 c1 48 89 c8 5b c3 66 0f 1f 44 00 00 48 85
0x0000000121a68c62:   ff 74 47 48 8b 07 48 85 c0 74 3f 53 48 83 ec 10
0x0000000121a68c72:   48 8b 18 48 89 5c 24 08 e8 d1 3a 01 00 b8 ff ff
0x0000000121a68c82:   ff ff f0 0f c1 43 0c 83 f8 01 75 19 48 8b 44 24 

Register to memory mapping:

RAX=0x5000000000000000 is an unknown value
RBX=0x00007fc7302511a0 is an unknown value
RCX=0x0000000000000000 is an unknown value
RDX=0x00007fc7302511a0 is an unknown value
RSP=0x0000700010d046f0 is pointing into the stack for thread: 0x00007fc73158b800
RBP=0x0000700010d04750 is pointing into the stack for thread: 0x00007fc73158b800
RSI=0x0000700010d047e8 is pointing into the stack for thread: 0x00007fc73158b800
RDI=0x00007fc7302511a8 is an unknown value
R8 =0x0000000000000004 is an unknown value
R9 =0x000000000000077a is an unknown value
R10=0x0000000108c27928 is at code_begin+808 in an Interpreter codelet
method entry point (kind = native)  [0x0000000108c27600, 0x0000000108c27f00]  2304 bytes
R11=0x0000000104edc4cf: throw_unsatisfied_link_error+0 in /Library/Java/JavaVirtualMachines/jdk1.8.0_65.jdk/Contents/Home/jre/lib/server/libjvm.dylib at 0x0000000104a00000
R12=0x0000000000000000 is an unknown value
R13={method} {0x00000001240bf090} 'releaseContextInternal' '(J)V' in 'kh/com/kshrd/core/RtspStream'
R14=0x00007fc7302511d8 is an unknown value
R15=0x00007fc7302511a8 is an unknown value


Stack: [0x0000700010c05000,0x0000700010d05000],  sp=0x0000700010d046f0,  free space=1021k
Native frames: (J=compiled Java code, j=interpreted, Vv=VM code, C=native code)
C  [libavutil.55.dylib+0x5c72]  av_buffer_unref+0x12
j  kh.com.kshrd.core.RtspStream.releaseContextInternal(J)V+0
j  kh.com.kshrd.core.RtspStream.release()V+14
j  kh.com.kshrd.core.RtspStream.initialize()V+1
j  kh.com.kshrd.core.RtspCamera.run()V+269
j  java.lang.Thread.run()V+11
v  ~StubRoutines::call_stub
V  [libjvm.dylib+0x2eab02]
V  [libjvm.dylib+0x2eb290]
V  [libjvm.dylib+0x2eb43c]
V  [libjvm.dylib+0x345959]
V  [libjvm.dylib+0x5612d3]
V  [libjvm.dylib+0x5629ce]
V  [libjvm.dylib+0x48342e]
C  [libsystem_pthread.dylib+0x3aab]  _pthread_body+0xb4
C  [libsystem_pthread.dylib+0x39f7]  _pthread_body+0x0
C  [libsystem_pthread.dylib+0x31fd]  thread_start+0xd
C  0x0000000000000000

Java frames: (J=compiled Java code, j=interpreted, Vv=VM code)
j  kh.com.kshrd.core.RtspStream.releaseContextInternal(J)V+0
j  kh.com.kshrd.core.RtspStream.release()V+14
j  kh.com.kshrd.core.RtspStream.initialize()V+1
j  kh.com.kshrd.core.RtspCamera.run()V+269
j  java.lang.Thread.run()V+11
v  ~StubRoutines::call_stub

---------------  P R O C E S S  ---------------

Java Threads: ( => current thread )
  0x00007fc735d67800 JavaThread "http-nio-9999-exec-5" daemon [_thread_blocked, id=28419, stack(0x0000700011520000,0x0000700011620000)]
  0x00007fc73589c000 JavaThread "http-nio-9999-exec-4" daemon [_thread_blocked, id=27907, stack(0x000070001141d000,0x000070001151d000)]
  0x00007fc73589b000 JavaThread "http-nio-9999-exec-3" daemon [_thread_blocked, id=27395, stack(0x000070001131a000,0x000070001141a000)]
  0x00007fc733e18000 JavaThread "http-nio-9999-exec-2" daemon [_thread_blocked, id=26883, stack(0x0000700011217000,0x0000700011317000)]
  0x00007fc735b17000 JavaThread "Thread-4" daemon [_thread_in_native, id=4111, stack(0x00007000108fc000,0x00007000109fc000)]
  0x00007fc7353cd000 JavaThread "http-nio-9999-exec-1" daemon [_thread_blocked, id=4623, stack(0x000070000f337000,0x000070000f437000)]
  0x00007fc7333fc800 JavaThread "DestroyJavaVM" [_thread_blocked, id=7171, stack(0x000070000f4c0000,0x000070000f5c0000)]
  0x00007fc731f8b000 JavaThread "http-nio-9999-AsyncTimeout" daemon [_thread_blocked, id=26371, stack(0x0000700011114000,0x0000700011214000)]
  0x00007fc7333fb000 JavaThread "http-nio-9999-Acceptor-0" daemon [_thread_in_native, id=25859, stack(0x0000700011011000,0x0000700011111000)]
  0x00007fc731f8a800 JavaThread "http-nio-9999-ClientPoller-1" daemon [_thread_in_native, id=25347, stack(0x0000700010f0e000,0x000070001100e000)]
  0x00007fc7333f7800 JavaThread "http-nio-9999-ClientPoller-0" daemon [_thread_in_native, id=24835, stack(0x0000700010e0b000,0x0000700010f0b000)]
  0x00007fc734cd7000 JavaThread "NioBlockingSelector.BlockPoller-1" daemon [_thread_in_native, id=24323, stack(0x0000700010d08000,0x0000700010e08000)]
=>0x00007fc73158b800 JavaThread "Thread-1" [_thread_in_native, id=23811, stack(0x0000700010c05000,0x0000700010d05000)]
  0x00007fc7314c3000 JavaThread "container-0" [_thread_blocked, id=23299, stack(0x0000700010b02000,0x0000700010c02000)]
  0x00007fc733cd1000 JavaThread "ContainerBackgroundProcessor[StandardEngine[Tomcat]]" daemon [_thread_blocked, id=22787, stack(0x00007000109ff000,0x0000700010aff000)]
  0x00007fc73233c000 JavaThread "Monitor Ctrl-Break" daemon [_thread_in_native, id=22019, stack(0x00007000107f9000,0x00007000108f9000)]
  0x00007fc732814000 JavaThread "Service Thread" daemon [_thread_blocked, id=20995, stack(0x00007000105f3000,0x00007000106f3000)]
  0x00007fc733013000 JavaThread "C1 CompilerThread3" daemon [_thread_blocked, id=20483, stack(0x00007000104f0000,0x00007000105f0000)]
  0x00007fc733012800 JavaThread "C2 CompilerThread2" daemon [_thread_blocked, id=19971, stack(0x00007000103ed000,0x00007000104ed000)]
  0x00007fc733011800 JavaThread "C2 CompilerThread1" daemon [_thread_blocked, id=19459, stack(0x00007000102ea000,0x00007000103ea000)]
  0x00007fc733010000 JavaThread "C2 CompilerThread0" daemon [_thread_blocked, id=18947, stack(0x00007000101e7000,0x00007000102e7000)]
  0x00007fc73300f000 JavaThread "Signal Dispatcher" daemon [_thread_blocked, id=18435, stack(0x00007000100e4000,0x00007000101e4000)]
  0x00007fc72f015800 JavaThread "Finalizer" daemon [_thread_blocked, id=14595, stack(0x000070000ffe1000,0x00007000100e1000)]
  0x00007fc72f015000 JavaThread "Reference Handler" daemon [_thread_blocked, id=14083, stack(0x000070000fede000,0x000070000ffde000)]

Other Threads:
  0x00007fc72f014000 VMThread [stack: 0x000070000fddb000,0x000070000fedb000] [id=13571]
  0x00007fc732000000 WatcherThread [stack: 0x00007000106f6000,0x00007000107f6000] [id=21507]

VM state:not at safepoint (normal execution)

VM Mutex/Monitor currently owned by a thread: None

Heap:
 PSYoungGen      total 268288K, used 108110K [0x000000076ab00000, 0x000000078a380000, 0x00000007c0000000)
  eden space 250368K, 43% used [0x000000076ab00000,0x0000000771493bd8,0x0000000779f80000)
  from space 17920K, 0% used [0x0000000779f80000,0x0000000779f80000,0x000000077b100000)
  to   space 19456K, 0% used [0x0000000789080000,0x0000000789080000,0x000000078a380000)
 ParOldGen       total 130048K, used 27755K [0x00000006c0000000, 0x00000006c7f00000, 0x000000076ab00000)
  object space 130048K, 21% used [0x00000006c0000000,0x00000006c1b1acb8,0x00000006c7f00000)
 Metaspace       used 41815K, capacity 42422K, committed 42624K, reserved 1087488K
  class space    used 5240K, capacity 5383K, committed 5504K, reserved 1048576K

Card table byte_map: [0x0000000105d49000,0x000000010654a000] byte_map_base: 0x0000000102749000

Marking Bits: (ParMarkBitMap*) 0x00000001052dee20
 Begin Bits: [0x0000000117c12000, 0x000000011bc12000)
 End Bits:   [0x000000011bc12000, 0x000000011fc12000)

Polling page: 0x00000001038d4000

CodeCache: size=245760Kb used=15618Kb max_used=15939Kb free=230141Kb
 bounds [0x0000000108c12000, 0x0000000109bd2000, 0x0000000117c12000]
 total_blobs=4862 nmethods=4416 adapters=358
 compilation: enabled

Compilation events (10 events):
Event: 89.717 Thread 0x00007fc733013000 5176       3       org.apache.catalina.connector.OutputBuffer::flush (6 bytes)
Event: 89.717 Thread 0x00007fc733013000 nmethod 5176 0x0000000108f56890 code [0x0000000108f56a00, 0x0000000108f56ba8]
Event: 89.717 Thread 0x00007fc733013000 5177       3       org.apache.coyote.http11.Http11Processor::flush (8 bytes)
Event: 89.717 Thread 0x00007fc733013000 nmethod 5177 0x00000001097d9d50 code [0x00000001097d9ec0, 0x00000001097da068]
Event: 90.190 Thread 0x00007fc733013000 5179   !   3       java.util.concurrent.LinkedBlockingQueue::put (121 bytes)
Event: 90.192 Thread 0x00007fc733013000 nmethod 5179 0x00000001092c9890 code [0x00000001092c9ba0, 0x00000001092cb448]
Event: 90.192 Thread 0x00007fc733013000 5180       3       java.util.concurrent.LinkedBlockingQueue::enqueue (14 bytes)
Event: 90.193 Thread 0x00007fc733013000 nmethod 5180 0x00000001095e0310 code [0x00000001095e0480, 0x00000001095e0610]
Event: 92.184 Thread 0x00007fc733011800 5181       4       java.util.concurrent.locks.ReentrantLock$Sync::tryRelease (45 bytes)
Event: 92.185 Thread 0x00007fc733011800 nmethod 5181 0x0000000109166010 code [0x0000000109166160, 0x0000000109166218]

GC Heap History (10 events):
Event: 11.554 GC heap before
{Heap before GC invocations=5 (full 1):
 PSYoungGen      total 141824K, used 10724K [0x000000076ab00000, 0x0000000774000000, 0x00000007c0000000)
  eden space 131072K, 0% used [0x000000076ab00000,0x000000076ab00000,0x0000000772b00000)
  from space 10752K, 99% used [0x0000000773580000,0x0000000773ff9108,0x0000000774000000)
  to   space 10752K, 0% used [0x0000000772b00000,0x0000000772b00000,0x0000000773580000)
 ParOldGen       total 175104K, used 2767K [0x00000006c0000000, 0x00000006cab00000, 0x000000076ab00000)
  object space 175104K, 1% used [0x00000006c0000000,0x00000006c02b3e60,0x00000006cab00000)
 Metaspace       used 20904K, capacity 21230K, committed 21296K, reserved 1069056K
  class space    used 2556K, capacity 2678K, committed 2688K, reserved 1048576K
Event: 11.585 GC heap after
Heap after GC invocations=5 (full 1):
 PSYoungGen      total 141824K, used 0K [0x000000076ab00000, 0x0000000774000000, 0x00000007c0000000)
  eden space 131072K, 0% used [0x000000076ab00000,0x000000076ab00000,0x0000000772b00000)
  from space 10752K, 0% used [0x0000000773580000,0x0000000773580000,0x0000000774000000)
  to   space 10752K, 0% used [0x0000000772b00000,0x0000000772b00000,0x0000000773580000)
 ParOldGen       total 84480K, used 11037K [0x00000006c0000000, 0x00000006c5280000, 0x000000076ab00000)
  object space 84480K, 13% used [0x00000006c0000000,0x00000006c0ac76a0,0x00000006c5280000)
 Metaspace       used 20904K, capacity 21230K, committed 21296K, reserved 1069056K
  class space    used 2556K, capacity 2678K, committed 2688K, reserved 1048576K
}
Event: 12.506 GC heap before
{Heap before GC invocations=6 (full 1):
 PSYoungGen      total 141824K, used 131072K [0x000000076ab00000, 0x0000000774000000, 0x00000007c0000000)
  eden space 131072K, 100% used [0x000000076ab00000,0x0000000772b00000,0x0000000772b00000)
  from space 10752K, 0% used [0x0000000773580000,0x0000000773580000,0x0000000774000000)
  to   space 10752K, 0% used [0x0000000772b00000,0x0000000772b00000,0x0000000773580000)
 ParOldGen       total 84480K, used 11037K [0x00000006c0000000, 0x00000006c5280000, 0x000000076ab00000)
  object space 84480K, 13% used [0x00000006c0000000,0x00000006c0ac76a0,0x00000006c5280000)
 Metaspace       used 27722K, capacity 28050K, committed 28416K, reserved 1075200K
  class space    used 3415K, capacity 3516K, committed 3584K, reserved 1048576K
Event: 12.537 GC heap after
Heap after GC invocations=6 (full 1):
 PSYoungGen      total 141824K, used 10745K [0x000000076ab00000, 0x000000077c580000, 0x00000007c0000000)
  eden space 131072K, 0% used [0x000000076ab00000,0x000000076ab00000,0x0000000772b00000)
  from space 10752K, 99% used [0x0000000772b00000,0x000000077357e798,0x0000000773580000)
  to   space 18944K, 0% used [0x000000077b300000,0x000000077b300000,0x000000077c580000)
 ParOldGen       total 84480K, used 20578K [0x00000006c0000000, 0x00000006c5280000, 0x000000076ab00000)
  object space 84480K, 24% used [0x00000006c0000000,0x00000006c14189d0,0x00000006c5280000)
 Metaspace       used 27722K, capacity 28050K, committed 28416K, reserved 1075200K
  class space    used 3415K, capacity 3516K, committed 3584K, reserved 1048576K
}
Event: 13.351 GC heap before
{Heap before GC invocations=7 (full 1):
 PSYoungGen      total 141824K, used 141817K [0x000000076ab00000, 0x000000077c580000, 0x00000007c0000000)
  eden space 131072K, 100% used [0x000000076ab00000,0x0000000772b00000,0x0000000772b00000)
  from space 10752K, 99% used [0x0000000772b00000,0x000000077357e798,0x0000000773580000)
  to   space 18944K, 0% used [0x000000077b300000,0x000000077b300000,0x000000077c580000)
 ParOldGen       total 84480K, used 20578K [0x00000006c0000000, 0x00000006c5280000, 0x000000076ab00000)
  object space 84480K, 24% used [0x00000006c0000000,0x00000006c14189d0,0x00000006c5280000)
 Metaspace       used 31251K, capacity 31682K, committed 32000K, reserved 1077248K
  class space    used 3884K, capacity 4004K, committed 4096K, reserved 1048576K
Event: 13.366 GC heap after
Heap after GC invocations=7 (full 1):
 PSYoungGen      total 266240K, used 12442K [0x000000076ab00000, 0x000000077c280000, 0x00000007c0000000)
  eden space 250368K, 0% used [0x000000076ab00000,0x000000076ab00000,0x0000000779f80000)
  from space 15872K, 78% used [0x000000077b300000,0x000000077bf26be8,0x000000077c280000)
  to   space 17920K, 0% used [0x0000000779f80000,0x0000000779f80000,0x000000077b100000)
 ParOldGen       total 84480K, used 20586K [0x00000006c0000000, 0x00000006c5280000, 0x000000076ab00000)
  object space 84480K, 24% used [0x00000006c0000000,0x00000006c141a9d0,0x00000006c5280000)
 Metaspace       used 31251K, capacity 31682K, committed 32000K, reserved 1077248K
  class space    used 3884K, capacity 4004K, committed 4096K, reserved 1048576K
}
Event: 14.198 GC heap before
{Heap before GC invocations=8 (full 1):
 PSYoungGen      total 266240K, used 151584K [0x000000076ab00000, 0x000000077c280000, 0x00000007c0000000)
  eden space 250368K, 55% used [0x000000076ab00000,0x00000007732e1738,0x0000000779f80000)
  from space 15872K, 78% used [0x000000077b300000,0x000000077bf26be8,0x000000077c280000)
  to   space 17920K, 0% used [0x0000000779f80000,0x0000000779f80000,0x000000077b100000)
 ParOldGen       total 84480K, used 20586K [0x00000006c0000000, 0x00000006c5280000, 0x000000076ab00000)
  object space 84480K, 24% used [0x00000006c0000000,0x00000006c141a9d0,0x00000006c5280000)
 Metaspace       used 34886K, capacity 35296K, committed 35496K, reserved 1081344K
  class space    used 4412K, capacity 4521K, committed 4608K, reserved 1048576K
Event: 14.219 GC heap after
Heap after GC invocations=8 (full 1):
 PSYoungGen      total 268288K, used 17464K [0x000000076ab00000, 0x000000078a380000, 0x00000007c0000000)
  eden space 250368K, 0% used [0x000000076ab00000,0x000000076ab00000,0x0000000779f80000)
  from space 17920K, 97% used [0x0000000779f80000,0x000000077b08e080,0x000000077b100000)
  to   space 19456K, 0% used [0x0000000789080000,0x0000000789080000,0x000000078a380000)
 ParOldGen       total 84480K, used 20594K [0x00000006c0000000, 0x00000006c5280000, 0x000000076ab00000)
  object space 84480K, 24% used [0x00000006c0000000,0x00000006c141c9d0,0x00000006c5280000)
 Metaspace       used 34886K, capacity 35296K, committed 35496K, reserved 1081344K
  class space    used 4412K, capacity 4521K, committed 4608K, reserved 1048576K
}
Event: 14.219 GC heap before
{Heap before GC invocations=9 (full 2):
 PSYoungGen      total 268288K, used 17464K [0x000000076ab00000, 0x000000078a380000, 0x00000007c0000000)
  eden space 250368K, 0% used [0x000000076ab00000,0x000000076ab00000,0x0000000779f80000)
  from space 17920K, 97% used [0x0000000779f80000,0x000000077b08e080,0x000000077b100000)
  to   space 19456K, 0% used [0x0000000789080000,0x0000000789080000,0x000000078a380000)
 ParOldGen       total 84480K, used 20594K [0x00000006c0000000, 0x00000006c5280000, 0x000000076ab00000)
  object space 84480K, 24% used [0x00000006c0000000,0x00000006c141c9d0,0x00000006c5280000)
 Metaspace       used 34886K, capacity 35296K, committed 35496K, reserved 1081344K
  class space    used 4412K, capacity 4521K, committed 4608K, reserved 1048576K
Event: 14.279 GC heap after
Heap after GC invocations=9 (full 2):
 PSYoungGen      total 268288K, used 0K [0x000000076ab00000, 0x000000078a380000, 0x00000007c0000000)
  eden space 250368K, 0% used [0x000000076ab00000,0x000000076ab00000,0x0000000779f80000)
  from space 17920K, 0% used [0x0000000779f80000,0x0000000779f80000,0x000000077b100000)
  to   space 19456K, 0% used [0x0000000789080000,0x0000000789080000,0x000000078a380000)
 ParOldGen       total 130048K, used 27755K [0x00000006c0000000, 0x00000006c7f00000, 0x000000076ab00000)
  object space 130048K, 21% used [0x00000006c0000000,0x00000006c1b1acb8,0x00000006c7f00000)
 Metaspace       used 34886K, capacity 35296K, committed 35496K, reserved 1081344K
  class space    used 4412K, capacity 4521K, committed 4608K, reserved 1048576K
}

Deoptimization events (10 events):
Event: 25.780 Thread 0x00007fc7353cd000 Uncommon trap: reason=bimorphic action=maybe_recompile pc=0x00000001096f208c method=java.lang.ClassLoader.loadClass(Ljava/lang/String;Z)Ljava/lang/Class; @ 2
Event: 25.780 Thread 0x00007fc7353cd000 Uncommon trap: reason=bimorphic action=maybe_recompile pc=0x00000001096f208c method=java.lang.ClassLoader.loadClass(Ljava/lang/String;Z)Ljava/lang/Class; @ 2
Event: 25.780 Thread 0x00007fc7353cd000 Uncommon trap: reason=bimorphic action=maybe_recompile pc=0x00000001096f208c method=java.lang.ClassLoader.loadClass(Ljava/lang/String;Z)Ljava/lang/Class; @ 2
Event: 25.780 Thread 0x00007fc7353cd000 Uncommon trap: reason=bimorphic action=maybe_recompile pc=0x00000001096f208c method=java.lang.ClassLoader.loadClass(Ljava/lang/String;Z)Ljava/lang/Class; @ 2
Event: 25.800 Thread 0x00007fc7353cd000 Uncommon trap: reason=unstable_if action=reinterpret pc=0x0000000108dc8ed0 method=java.lang.Character.isSurrogate(C)Z @ 3
Event: 25.838 Thread 0x00007fc7353cd000 Uncommon trap: reason=unstable_if action=reinterpret pc=0x00000001092f1fd0 method=java.security.CodeSource.getCertificates()[Ljava/security/cert/Certificate; @ 22
Event: 89.194 Thread 0x00007fc735d67800 Uncommon trap: reason=bimorphic action=maybe_recompile pc=0x0000000108db3650 method=java.util.AbstractList$Itr.next()Ljava/lang/Object; @ 14
Event: 89.196 Thread 0x00007fc735d67800 Uncommon trap: reason=unstable_if action=reinterpret pc=0x0000000109b43f20 method=java.lang.CharacterDataLatin1.digit(II)I @ 82
Event: 89.200 Thread 0x00007fc735d67800 Uncommon trap: reason=unstable_if action=reinterpret pc=0x0000000109b443f8 method=java.lang.CharacterDataLatin1.digit(II)I @ 60
Event: 89.330 Thread 0x00007fc735d67800 Uncommon trap: reason=bimorphic action=maybe_recompile pc=0x0000000108db3650 method=java.util.AbstractList$Itr.next()Ljava/lang/Object; @ 14

Internal exceptions (10 events):
Event: 25.634 Thread 0x00007fc7353cd000 Exception <a 'java/lang/ClassNotFoundException': java/lang/ObjectCustomizer> (0x000000076e3ff948) thrown at [/Users/java_re/workspace/8-2-build-macosx-x86_64/jdk8u65/4987/hotspot/src/share/vm/classfile/systemDictionary.cpp, line 210]
Event: 25.634 Thread 0x00007fc7353cd000 Exception <a 'java/lang/ClassNotFoundException': org/springframework/web/servlet/view/DefaultRequestToViewNameTranslatorCustomizer> (0x000000076e422b58) thrown at [/Users/java_re/workspace/8-2-build-macosx-x86_64/jdk8u65/4987/hotspot/src/share/vm/classfil
Event: 25.635 Thread 0x00007fc7353cd000 Exception <a 'java/lang/ClassNotFoundException': org/springframework/web/servlet/RequestToViewNameTranslatorCustomizer> (0x000000076e450f18) thrown at [/Users/java_re/workspace/8-2-build-macosx-x86_64/jdk8u65/4987/hotspot/src/share/vm/classfile/systemDict
Event: 25.637 Thread 0x00007fc7353cd000 Exception <a 'java/lang/ClassNotFoundException': java/lang/ObjectCustomizer> (0x000000076e481190) thrown at [/Users/java_re/workspace/8-2-build-macosx-x86_64/jdk8u65/4987/hotspot/src/share/vm/classfile/systemDictionary.cpp, line 210]
Event: 25.637 Thread 0x00007fc7353cd000 Exception <a 'java/lang/ClassNotFoundException': org/springframework/web/servlet/support/AbstractFlashMapManagerCustomizer> (0x000000076e4a2160) thrown at [/Users/java_re/workspace/8-2-build-macosx-x86_64/jdk8u65/4987/hotspot/src/share/vm/classfile/system
Event: 25.638 Thread 0x00007fc7353cd000 Exception <a 'java/lang/ClassNotFoundException': org/springframework/web/servlet/support/SessionFlashMapManagerCustomizer> (0x000000076e4c6fb8) thrown at [/Users/java_re/workspace/8-2-build-macosx-x86_64/jdk8u65/4987/hotspot/src/share/vm/classfile/systemD
Event: 25.638 Thread 0x00007fc7353cd000 Exception <a 'java/lang/ClassNotFoundException': org/springframework/web/servlet/FlashMapManagerCustomizer> (0x000000076e4e3098) thrown at [/Users/java_re/workspace/8-2-build-macosx-x86_64/jdk8u65/4987/hotspot/src/share/vm/classfile/systemDictionary.cpp, 
Event: 25.658 Thread 0x00007fc7353cd000 Implicit null exception at 0x0000000109a8d781 to 0x0000000109a94775
Event: 89.288 Thread 0x00007fc735d67800 Exception <a 'sun/net/ConnectionResetException': Connection reset> (0x00000007713560a0) thrown at [/Users/java_re/workspace/8-2-build-macosx-x86_64/jdk8u65/4987/hotspot/src/share/vm/prims/jni.cpp, line 735]
Event: 89.324 Thread 0x00007fc735d67800 Exception <a 'sun/net/ConnectionResetException': Connection reset> (0x0000000771395100) thrown at [/Users/java_re/workspace/8-2-build-macosx-x86_64/jdk8u65/4987/hotspot/src/share/vm/prims/jni.cpp, line 735]

Events (10 events):
Event: 89.341 loading class com/fasterxml/jackson/databind/ObjectWriter$GeneratorSettings
Event: 89.341 loading class com/fasterxml/jackson/databind/ObjectWriter$GeneratorSettings done
Event: 89.341 loading class com/fasterxml/jackson/databind/ObjectWriter$Prefetch
Event: 89.341 loading class com/fasterxml/jackson/databind/ObjectWriter$Prefetch done
Event: 89.342 loading class com/fasterxml/jackson/databind/annotation/JsonTypeResolver
Event: 89.342 loading class com/fasterxml/jackson/databind/annotation/JsonTypeResolver done
Event: 89.343 Executing VM operation: RevokeBias
Event: 89.343 Executing VM operation: RevokeBias done
Event: 89.343 Executing VM operation: RevokeBias
Event: 89.343 Executing VM operation: RevokeBias done


Dynamic libraries:
0x00000000414c9000 	/System/Library/Frameworks/Cocoa.framework/Versions/A/Cocoa
0x00000000414c9000 	/System/Library/Frameworks/Security.framework/Versions/A/Security
0x00000000414c9000 	/System/Library/Frameworks/ApplicationServices.framework/Versions/A/ApplicationServices
0x00000000414c9000 	/usr/lib/libz.1.dylib
0x00000000414c9000 	/usr/lib/libSystem.B.dylib
0x00000000414c9000 	/usr/lib/libobjc.A.dylib
0x00000000414c9000 	/System/Library/Frameworks/CoreFoundation.framework/Versions/A/CoreFoundation
0x00000000414c9000 	/System/Library/Frameworks/Foundation.framework/Versions/C/Foundation
0x00000000414c9000 	/System/Library/Frameworks/AppKit.framework/Versions/C/AppKit
0x00000000414c9000 	/System/Library/Frameworks/CoreData.framework/Versions/A/CoreData
0x00000000414c9000 	/System/Library/PrivateFrameworks/RemoteViewServices.framework/Versions/A/RemoteViewServices
0x00000000414c9000 	/System/Library/PrivateFrameworks/UIFoundation.framework/Versions/A/UIFoundation
0x00000000414c9000 	/System/Library/PrivateFrameworks/DFRFoundation.framework/Versions/A/DFRFoundation
0x00000000414c9000 	/usr/lib/libenergytrace.dylib
0x00000000414c9000 	/System/Library/PrivateFrameworks/SkyLight.framework/Versions/A/SkyLight
0x00000000414c9000 	/System/Library/Frameworks/CoreGraphics.framework/Versions/A/CoreGraphics
0x00000000414c9000 	/usr/lib/libScreenReader.dylib
0x00000000414c9000 	/System/Library/Frameworks/Accelerate.framework/Versions/A/Accelerate
0x00000000414c9000 	/System/Library/Frameworks/IOSurface.framework/Versions/A/IOSurface
0x00000000414c9000 	/System/Library/Frameworks/AudioToolbox.framework/Versions/A/AudioToolbox
0x00000000414c9000 	/System/Library/Frameworks/AudioUnit.framework/Versions/A/AudioUnit
0x00000000414c9000 	/System/Library/PrivateFrameworks/DataDetectorsCore.framework/Versions/A/DataDetectorsCore
0x00000000414c9000 	/System/Library/PrivateFrameworks/DesktopServicesPriv.framework/Versions/A/DesktopServicesPriv
0x00000000414c9000 	/System/Library/Frameworks/Carbon.framework/Versions/A/Frameworks/HIToolbox.framework/Versions/A/HIToolbox
0x00000000414c9000 	/usr/lib/libicucore.A.dylib
0x00000000414c9000 	/System/Library/Frameworks/QuartzCore.framework/Versions/A/QuartzCore
0x00000000414c9000 	/System/Library/Frameworks/Carbon.framework/Versions/A/Frameworks/SpeechRecognition.framework/Versions/A/SpeechRecognition
0x00000000414c9000 	/usr/lib/libauto.dylib
0x00000000414c9000 	/usr/lib/libxml2.2.dylib
0x00000000414c9000 	/System/Library/PrivateFrameworks/CoreUI.framework/Versions/A/CoreUI
0x00000000414c9000 	/System/Library/Frameworks/CoreAudio.framework/Versions/A/CoreAudio
0x00000000414c9000 	/System/Library/Frameworks/DiskArbitration.framework/Versions/A/DiskArbitration
0x00000000414c9000 	/usr/lib/liblangid.dylib
0x00000000414c9000 	/System/Library/PrivateFrameworks/MultitouchSupport.framework/Versions/A/MultitouchSupport
0x00000000414c9000 	/System/Library/Frameworks/IOKit.framework/Versions/A/IOKit
0x00000000414c9000 	/usr/lib/libDiagnosticMessagesClient.dylib
0x00000000414c9000 	/System/Library/Frameworks/CoreServices.framework/Versions/A/CoreServices
0x00000000414c9000 	/System/Library/PrivateFrameworks/PerformanceAnalysis.framework/Versions/A/PerformanceAnalysis
0x00000000414c9000 	/System/Library/PrivateFrameworks/GenerationalStorage.framework/Versions/A/GenerationalStorage
0x00000000414c9000 	/System/Library/Frameworks/OpenGL.framework/Versions/A/OpenGL
0x00000000414c9000 	/System/Library/Frameworks/CoreImage.framework/Versions/A/CoreImage
0x00000000414c9000 	/System/Library/Frameworks/CoreText.framework/Versions/A/CoreText
0x00000000414c9000 	/System/Library/Frameworks/ImageIO.framework/Versions/A/ImageIO
0x00000000414c9000 	/System/Library/PrivateFrameworks/Backup.framework/Versions/A/Backup
0x00000000414c9000 	/usr/lib/libarchive.2.dylib
0x00000000414c9000 	/System/Library/Frameworks/CFNetwork.framework/Versions/A/CFNetwork
0x00000000414c9000 	/System/Library/Frameworks/SystemConfiguration.framework/Versions/A/SystemConfiguration
0x00000000414c9000 	/usr/lib/libCRFSuite.dylib
0x00000000414c9000 	/usr/lib/libc++.1.dylib
0x00000000414c9000 	/usr/lib/libc++abi.dylib
0x00000000414c9000 	/usr/lib/system/libcache.dylib
0x00000000414c9000 	/usr/lib/system/libcommonCrypto.dylib
0x00000000414c9000 	/usr/lib/system/libcompiler_rt.dylib
0x00000000414c9000 	/usr/lib/system/libcopyfile.dylib
0x00000000414c9000 	/usr/lib/system/libcorecrypto.dylib
0x00000000414c9000 	/usr/lib/system/libdispatch.dylib
0x00000000414c9000 	/usr/lib/system/libdyld.dylib
0x00000000414c9000 	/usr/lib/system/libkeymgr.dylib
0x00000000414c9000 	/usr/lib/system/liblaunch.dylib
0x00000000414c9000 	/usr/lib/system/libmacho.dylib
0x00000000414c9000 	/usr/lib/system/libquarantine.dylib
0x00000000414c9000 	/usr/lib/system/libremovefile.dylib
0x00000000414c9000 	/usr/lib/system/libsystem_asl.dylib
0x00000000414c9000 	/usr/lib/system/libsystem_blocks.dylib
0x00000000414c9000 	/usr/lib/system/libsystem_c.dylib
0x00000000414c9000 	/usr/lib/system/libsystem_configuration.dylib
0x00000000414c9000 	/usr/lib/system/libsystem_coreservices.dylib
0x00000000414c9000 	/usr/lib/system/libsystem_coretls.dylib
0x00000000414c9000 	/usr/lib/system/libsystem_dnssd.dylib
0x00000000414c9000 	/usr/lib/system/libsystem_info.dylib
0x00000000414c9000 	/usr/lib/system/libsystem_kernel.dylib
0x00000000414c9000 	/usr/lib/system/libsystem_m.dylib
0x00000000414c9000 	/usr/lib/system/libsystem_malloc.dylib
0x00000000414c9000 	/usr/lib/system/libsystem_network.dylib
0x00000000414c9000 	/usr/lib/system/libsystem_networkextension.dylib
0x00000000414c9000 	/usr/lib/system/libsystem_notify.dylib
0x00000000414c9000 	/usr/lib/system/libsystem_platform.dylib
0x00000000414c9000 	/usr/lib/system/libsystem_pthread.dylib
0x00000000414c9000 	/usr/lib/system/libsystem_sandbox.dylib
0x00000000414c9000 	/usr/lib/system/libsystem_secinit.dylib
0x00000000414c9000 	/usr/lib/system/libsystem_symptoms.dylib
0x00000000414c9000 	/usr/lib/system/libsystem_trace.dylib
0x00000000414c9000 	/usr/lib/system/libunwind.dylib
0x00000000414c9000 	/usr/lib/system/libxpc.dylib
0x00000000414c9000 	/usr/lib/libbsm.0.dylib
0x00000000414c9000 	/usr/lib/system/libkxld.dylib
0x00000000414c9000 	/usr/lib/libcoretls.dylib
0x00000000414c9000 	/usr/lib/libcoretls_cfhelpers.dylib
0x00000000414c9000 	/usr/lib/libxar.1.dylib
0x00000000414c9000 	/usr/lib/libsqlite3.dylib
0x00000000414c9000 	/usr/lib/libpam.2.dylib
0x00000000414c9000 	/usr/lib/libOpenScriptingUtil.dylib
0x00000000414c9000 	/usr/lib/libbz2.1.0.dylib
0x00000000414c9000 	/usr/lib/liblzma.5.dylib
0x00000000414c9000 	/usr/lib/libnetwork.dylib
0x00000000414c9000 	/usr/lib/libpcap.A.dylib
0x00000000414c9000 	/System/Library/Frameworks/CoreServices.framework/Versions/A/Frameworks/FSEvents.framework/Versions/A/FSEvents
0x00000000414c9000 	/System/Library/Frameworks/CoreServices.framework/Versions/A/Frameworks/CarbonCore.framework/Versions/A/CarbonCore
0x00000000414c9000 	/System/Library/Frameworks/CoreServices.framework/Versions/A/Frameworks/Metadata.framework/Versions/A/Metadata
0x00000000414c9000 	/System/Library/Frameworks/CoreServices.framework/Versions/A/Frameworks/OSServices.framework/Versions/A/OSServices
0x00000000414c9000 	/System/Library/Frameworks/CoreServices.framework/Versions/A/Frameworks/SearchKit.framework/Versions/A/SearchKit
0x00000000414c9000 	/System/Library/Frameworks/CoreServices.framework/Versions/A/Frameworks/AE.framework/Versions/A/AE
0x00000000414c9000 	/System/Library/Frameworks/CoreServices.framework/Versions/A/Frameworks/LaunchServices.framework/Versions/A/LaunchServices
0x00000000414c9000 	/System/Library/Frameworks/CoreServices.framework/Versions/A/Frameworks/DictionaryServices.framework/Versions/A/DictionaryServices
0x00000000414c9000 	/System/Library/Frameworks/CoreServices.framework/Versions/A/Frameworks/SharedFileList.framework/Versions/A/SharedFileList
0x00000000414c9000 	/System/Library/Frameworks/NetFS.framework/Versions/A/NetFS
0x00000000414c9000 	/System/Library/PrivateFrameworks/NetAuth.framework/Versions/A/NetAuth
0x00000000414c9000 	/System/Library/PrivateFrameworks/login.framework/Versions/A/Frameworks/loginsupport.framework/Versions/A/loginsupport
0x00000000414c9000 	/System/Library/PrivateFrameworks/TCC.framework/Versions/A/TCC
0x00000000414c9000 	/usr/lib/libmecabra.dylib
0x00000000414c9000 	/System/Library/Frameworks/ApplicationServices.framework/Versions/A/Frameworks/ATS.framework/Versions/A/ATS
0x00000000414c9000 	/System/Library/Frameworks/ApplicationServices.framework/Versions/A/Frameworks/ColorSync.framework/Versions/A/ColorSync
0x00000000414c9000 	/System/Library/Frameworks/ApplicationServices.framework/Versions/A/Frameworks/HIServices.framework/Versions/A/HIServices
0x00000000414c9000 	/System/Library/Frameworks/ApplicationServices.framework/Versions/A/Frameworks/LangAnalysis.framework/Versions/A/LangAnalysis
0x00000000414c9000 	/System/Library/Frameworks/ApplicationServices.framework/Versions/A/Frameworks/PrintCore.framework/Versions/A/PrintCore
0x00000000414c9000 	/System/Library/Frameworks/ApplicationServices.framework/Versions/A/Frameworks/QD.framework/Versions/A/QD
0x00000000414c9000 	/System/Library/Frameworks/ApplicationServices.framework/Versions/A/Frameworks/SpeechSynthesis.framework/Versions/A/SpeechSynthesis
0x00000000414c9000 	/System/Library/Frameworks/Accelerate.framework/Versions/A/Frameworks/vImage.framework/Versions/A/vImage
0x00000000414c9000 	/System/Library/Frameworks/Accelerate.framework/Versions/A/Frameworks/vecLib.framework/Versions/A/vecLib
0x00000000414c9000 	/System/Library/Frameworks/Accelerate.framework/Versions/A/Frameworks/vecLib.framework/Versions/A/libvDSP.dylib
0x00000000414c9000 	/System/Library/Frameworks/Accelerate.framework/Versions/A/Frameworks/vecLib.framework/Versions/A/libBNNS.dylib
0x00000000414c9000 	/System/Library/Frameworks/Accelerate.framework/Versions/A/Frameworks/vecLib.framework/Versions/A/libQuadrature.dylib
0x00000000414c9000 	/System/Library/Frameworks/Accelerate.framework/Versions/A/Frameworks/vecLib.framework/Versions/A/libvMisc.dylib
0x00000000414c9000 	/System/Library/Frameworks/Accelerate.framework/Versions/A/Frameworks/vecLib.framework/Versions/A/libLAPACK.dylib
0x00000000414c9000 	/System/Library/Frameworks/Accelerate.framework/Versions/A/Frameworks/vecLib.framework/Versions/A/libBLAS.dylib
0x00000000414c9000 	/System/Library/Frameworks/Accelerate.framework/Versions/A/Frameworks/vecLib.framework/Versions/A/libLinearAlgebra.dylib
0x00000000414c9000 	/System/Library/Frameworks/Accelerate.framework/Versions/A/Frameworks/vecLib.framework/Versions/A/libSparseBLAS.dylib
0x00000000414c9000 	/System/Library/Frameworks/ApplicationServices.framework/Versions/A/Frameworks/ATS.framework/Versions/A/Resources/libFontParser.dylib
0x00000000414c9000 	/System/Library/Frameworks/ApplicationServices.framework/Versions/A/Frameworks/ATS.framework/Versions/A/Resources/libFontRegistry.dylib
0x00000000414c9000 	/System/Library/Frameworks/ImageIO.framework/Versions/A/Resources/libJPEG.dylib
0x00000000414c9000 	/System/Library/Frameworks/ImageIO.framework/Versions/A/Resources/libTIFF.dylib
0x00000000414c9000 	/System/Library/Frameworks/ImageIO.framework/Versions/A/Resources/libPng.dylib
0x00000000414c9000 	/System/Library/Frameworks/ImageIO.framework/Versions/A/Resources/libGIF.dylib
0x00000000414c9000 	/System/Library/Frameworks/ImageIO.framework/Versions/A/Resources/libJP2.dylib
0x00000000414c9000 	/System/Library/Frameworks/ImageIO.framework/Versions/A/Resources/libRadiance.dylib
0x00000000414c9000 	/usr/lib/libcompression.dylib
0x00000000414c9000 	/System/Library/PrivateFrameworks/AppleJPEG.framework/Versions/A/AppleJPEG
0x00000000414c9000 	/usr/lib/libcups.2.dylib
0x00000000414c9000 	/System/Library/Frameworks/Kerberos.framework/Versions/A/Kerberos
0x00000000414c9000 	/System/Library/Frameworks/GSS.framework/Versions/A/GSS
0x00000000414c9000 	/usr/lib/libresolv.9.dylib
0x00000000414c9000 	/usr/lib/libiconv.2.dylib
0x00000000414c9000 	/System/Library/PrivateFrameworks/Heimdal.framework/Versions/A/Heimdal
0x00000000414c9000 	/usr/lib/libheimdal-asn1.dylib
0x00000000414c9000 	/System/Library/Frameworks/OpenDirectory.framework/Versions/A/OpenDirectory
0x00000000414c9000 	/System/Library/PrivateFrameworks/CommonAuth.framework/Versions/A/CommonAuth
0x00000000414c9000 	/System/Library/Frameworks/OpenDirectory.framework/Versions/A/Frameworks/CFOpenDirectory.framework/Versions/A/CFOpenDirectory
0x00000000414c9000 	/System/Library/Frameworks/SecurityFoundation.framework/Versions/A/SecurityFoundation
0x00000000414c9000 	/System/Library/PrivateFrameworks/LanguageModeling.framework/Versions/A/LanguageModeling
0x00000000414c9000 	/usr/lib/libmarisa.dylib
0x00000000414c9000 	/usr/lib/libChineseTokenizer.dylib
0x00000000414c9000 	/usr/lib/libcmph.dylib
0x00000000414c9000 	/System/Library/PrivateFrameworks/CoreEmoji.framework/Versions/A/CoreEmoji
0x00000000414c9000 	/System/Library/Frameworks/ServiceManagement.framework/Versions/A/ServiceManagement
0x00000000414c9000 	/usr/lib/libxslt.1.dylib
0x00000000414c9000 	/System/Library/Frameworks/Carbon.framework/Versions/A/Frameworks/Ink.framework/Versions/A/Ink
0x00000000414c9000 	/System/Library/PrivateFrameworks/TextureIO.framework/Versions/A/TextureIO
0x00000000414c9000 	/System/Library/Frameworks/Metal.framework/Versions/A/Metal
0x00000000414c9000 	/usr/lib/libate.dylib
0x00000000414c9000 	/System/Library/PrivateFrameworks/GPUCompiler.framework/libmetal_timestamp.dylib
0x00000000414c9000 	/System/Library/Frameworks/OpenGL.framework/Versions/A/Libraries/libCoreFSCache.dylib
0x00000000414c9000 	/System/Library/PrivateFrameworks/IOAccelerator.framework/Versions/A/IOAccelerator
0x00000000414c9000 	/System/Library/Frameworks/CoreVideo.framework/Versions/A/CoreVideo
0x00000000414c9000 	/usr/lib/libFosl_dynamic.dylib
0x00000000414c9000 	/System/Library/PrivateFrameworks/MetalPerformanceShaders.framework/Versions/A/MetalPerformanceShaders
0x00000000414c9000 	/System/Library/PrivateFrameworks/FaceCore.framework/Versions/A/FaceCore
0x00000000414c9000 	/System/Library/Frameworks/OpenCL.framework/Versions/A/OpenCL
0x00000000414c9000 	/System/Library/Frameworks/OpenGL.framework/Versions/A/Libraries/libGLU.dylib
0x00000000414c9000 	/System/Library/Frameworks/OpenGL.framework/Versions/A/Libraries/libGFXShared.dylib
0x00000000414c9000 	/System/Library/Frameworks/OpenGL.framework/Versions/A/Libraries/libGL.dylib
0x00000000414c9000 	/System/Library/Frameworks/OpenGL.framework/Versions/A/Libraries/libGLImage.dylib
0x00000000414c9000 	/System/Library/Frameworks/OpenGL.framework/Versions/A/Libraries/libCVMSPluginSupport.dylib
0x00000000414c9000 	/System/Library/Frameworks/OpenGL.framework/Versions/A/Libraries/libCoreVMClient.dylib
0x00000000414c9000 	/System/Library/PrivateFrameworks/CrashReporterSupport.framework/Versions/A/CrashReporterSupport
0x00000000414c9000 	/System/Library/PrivateFrameworks/Sharing.framework/Versions/A/Sharing
0x00000000414c9000 	/System/Library/PrivateFrameworks/IconServices.framework/Versions/A/IconServices
0x00000000414c9000 	/System/Library/PrivateFrameworks/ProtocolBuffer.framework/Versions/A/ProtocolBuffer
0x00000000414c9000 	/System/Library/PrivateFrameworks/Apple80211.framework/Versions/A/Apple80211
0x00000000414c9000 	/System/Library/Frameworks/CoreWLAN.framework/Versions/A/CoreWLAN
0x00000000414c9000 	/System/Library/PrivateFrameworks/CoreUtils.framework/Versions/A/CoreUtils
0x00000000414c9000 	/System/Library/Frameworks/IOBluetooth.framework/Versions/A/IOBluetooth
0x00000000414c9000 	/System/Library/PrivateFrameworks/CoreWiFi.framework/Versions/A/CoreWiFi
0x00000000414c9000 	/System/Library/Frameworks/CoreBluetooth.framework/Versions/A/CoreBluetooth
0x00000000414c9000 	/System/Library/Frameworks/CoreDisplay.framework/Versions/A/CoreDisplay
0x00000000414c9000 	/System/Library/PrivateFrameworks/IOPresentment.framework/Versions/A/IOPresentment
0x00000000414c9000 	/System/Library/PrivateFrameworks/DebugSymbols.framework/Versions/A/DebugSymbols
0x00000000414c9000 	/System/Library/PrivateFrameworks/CoreSymbolication.framework/Versions/A/CoreSymbolication
0x00000000414c9000 	/System/Library/PrivateFrameworks/Symbolication.framework/Versions/A/Symbolication
0x00000000414c9000 	/System/Library/PrivateFrameworks/AppleFSCompression.framework/Versions/A/AppleFSCompression
0x00000000414c9000 	/System/Library/PrivateFrameworks/SpeechRecognitionCore.framework/Versions/A/SpeechRecognitionCore
0x00000000414c9000 	/System/Library/PrivateFrameworks/ChunkingLibrary.framework/Versions/A/ChunkingLibrary
0x0000000104a00000 	/Library/Java/JavaVirtualMachines/jdk1.8.0_65.jdk/Contents/Home/jre/lib/server/libjvm.dylib
0x00000000414c9000 	/usr/lib/libstdc++.6.dylib
0x0000000103891000 	/Library/Java/JavaVirtualMachines/jdk1.8.0_65.jdk/Contents/Home/jre/lib/libverify.dylib
0x000000010389f000 	/Library/Java/JavaVirtualMachines/jdk1.8.0_65.jdk/Contents/Home/jre/lib/libjava.dylib
0x00000001038de000 	/Library/Java/JavaVirtualMachines/jdk1.8.0_65.jdk/Contents/Home/jre/lib/libzip.dylib
0x0000000108b2b000 	/System/Library/Frameworks/JavaVM.framework/Frameworks/JavaRuntimeSupport.framework/JavaRuntimeSupport
0x0000000108b45000 	/System/Library/Frameworks/JavaVM.framework/Versions/A/Frameworks/JavaNativeFoundation.framework/Versions/A/JavaNativeFoundation
0x0000000108b5a000 	/System/Library/Frameworks/JavaVM.framework/Versions/A/JavaVM
0x00000000414c9000 	/System/Library/Frameworks/Carbon.framework/Versions/A/Carbon
0x0000000108b67000 	/System/Library/PrivateFrameworks/JavaLaunching.framework/Versions/A/JavaLaunching
0x00000000414c9000 	/System/Library/Frameworks/Carbon.framework/Versions/A/Frameworks/CommonPanels.framework/Versions/A/CommonPanels
0x00000000414c9000 	/System/Library/Frameworks/Carbon.framework/Versions/A/Frameworks/Help.framework/Versions/A/Help
0x00000000414c9000 	/System/Library/Frameworks/Carbon.framework/Versions/A/Frameworks/ImageCapture.framework/Versions/A/ImageCapture
0x00000000414c9000 	/System/Library/Frameworks/Carbon.framework/Versions/A/Frameworks/OpenScripting.framework/Versions/A/OpenScripting
0x00000000414c9000 	/System/Library/Frameworks/Carbon.framework/Versions/A/Frameworks/Print.framework/Versions/A/Print
0x00000000414c9000 	/System/Library/Frameworks/Carbon.framework/Versions/A/Frameworks/SecurityHI.framework/Versions/A/SecurityHI
0x0000000120d7a000 	/Applications/IntelliJ IDEA.app/Contents/bin/libbreakgen64.jnilib
0x0000000120d7d000 	/Library/Java/JavaVirtualMachines/jdk1.8.0_65.jdk/Contents/Home/jre/lib/libnet.dylib
0x0000000120ddc000 	/Library/Java/JavaVirtualMachines/jdk1.8.0_65.jdk/Contents/Home/jre/lib/libmanagement.dylib
0x0000000120ed4000 	/Library/Java/JavaVirtualMachines/jdk1.8.0_65.jdk/Contents/Home/jre/lib/libnio.dylib
0x0000000120df4000 	/Users/sophatvathana/Desktop/Project/ipcam/IPCAM-VIDEO-STREAMING-API/native/mac/x86_64/strmrecv.dylib
0x0000000121a63000 	/Users/sophatvathana/Desktop/Project/ipcam/IPCAM-VIDEO-STREAMING-API/native/mac/x86_64/libavutil.55.dylib
0x00000000414c9000 	/System/Library/Frameworks/AVFoundation.framework/Versions/A/AVFoundation
0x00000000414c9000 	/System/Library/Frameworks/CoreMedia.framework/Versions/A/CoreMedia
0x00000000414c9000 	/System/Library/Frameworks/VideoToolbox.framework/Versions/A/VideoToolbox
0x0000000120dfb000 	/System/Library/Frameworks/VideoDecodeAcceleration.framework/Versions/A/VideoDecodeAcceleration
0x00000000414c9000 	/System/Library/Frameworks/AVFoundation.framework/Versions/A/Frameworks/AVFAudio.framework/Versions/A/AVFAudio
0x00000000414c9000 	/System/Library/Frameworks/MediaToolbox.framework/Versions/A/MediaToolbox
0x00000000414c9000 	/System/Library/PrivateFrameworks/IntlPreferences.framework/Versions/A/IntlPreferences
0x00000000414c9000 	/System/Library/Frameworks/CoreMediaIO.framework/Versions/A/CoreMediaIO
0x00000000414c9000 	/usr/lib/libspindump.dylib
0x00000000414c9000 	/usr/lib/libdscsym.dylib
0x00000000414c9000 	/System/Library/PrivateFrameworks/CoreAVCHD.framework/Versions/A/CoreAVCHD
0x00000000414c9000 	/System/Library/Frameworks/MediaAccessibility.framework/Versions/A/MediaAccessibility
0x00000000414c9000 	/System/Library/PrivateFrameworks/Mangrove.framework/Versions/A/Mangrove
0x00000000414c9000 	/System/Library/PrivateFrameworks/CoreAUC.framework/Versions/A/CoreAUC
0x00000000414c9000 	/System/Library/PrivateFrameworks/AppleVA.framework/Versions/A/AppleVA
0x00000000414c9000 	/System/Library/PrivateFrameworks/XPCService.framework/Versions/A/XPCService
0x00000000414c9000 	/System/Library/PrivateFrameworks/AppSandbox.framework/Versions/A/AppSandbox
0x00000000414c9000 	/usr/lib/libsandbox.1.dylib
0x00000000414c9000 	/System/Library/PrivateFrameworks/AppContainer.framework/Versions/A/AppContainer
0x00000000414c9000 	/System/Library/PrivateFrameworks/SecCodeWrapper.framework/Versions/A/SecCodeWrapper
0x00000000414c9000 	/usr/lib/libMatch.1.dylib
0x0000000120ee4000 	/Users/sophatvathana/Desktop/Project/ipcam/IPCAM-VIDEO-STREAMING-API/native/mac/x86_64/libswresample.2.dylib
0x00000001241a4000 	/Users/sophatvathana/Desktop/Project/ipcam/IPCAM-VIDEO-STREAMING-API/native/mac/x86_64/libavcodec.57.dylib
0x0000000122c8e000 	/Users/sophatvathana/Desktop/Project/ipcam/IPCAM-VIDEO-STREAMING-API/native/mac/x86_64/libavformat.57.dylib
0x0000000122021000 	/Library/Java/JavaVirtualMachines/jdk1.8.0_65.jdk/Contents/Home/jre/lib/libsunec.dylib

VM Arguments:
jvm_args: -Dspring.output.ansi.enabled=always -Didea.launcher.port=7534 -Didea.launcher.bin.path=/Applications/IntelliJ IDEA.app/Contents/bin -Dfile.encoding=UTF-8 
java_command: com.intellij.rt.execution.application.AppMain kh.com.kshrd.ipcam.IpcamVideoStreamingApiApplication
java_class_path (initial): /Library/Java/JavaVirtualMachines/jdk1.8.0_65.jdk/Contents/Home/jre/lib/charsets.jar:/Library/Java/JavaVirtualMachines/jdk1.8.0_65.jdk/Contents/Home/jre/lib/deploy.jar:/Library/Java/JavaVirtualMachines/jdk1.8.0_65.jdk/Contents/Home/jre/lib/ext/cldrdata.jar:/Library/Java/JavaVirtualMachines/jdk1.8.0_65.jdk/Contents/Home/jre/lib/ext/dnsns.jar:/Library/Java/JavaVirtualMachines/jdk1.8.0_65.jdk/Contents/Home/jre/lib/ext/jaccess.jar:/Library/Java/JavaVirtualMachines/jdk1.8.0_65.jdk/Contents/Home/jre/lib/ext/jfxrt.jar:/Library/Java/JavaVirtualMachines/jdk1.8.0_65.jdk/Contents/Home/jre/lib/ext/localedata.jar:/Library/Java/JavaVirtualMachines/jdk1.8.0_65.jdk/Contents/Home/jre/lib/ext/nashorn.jar:/Library/Java/JavaVirtualMachines/jdk1.8.0_65.jdk/Contents/Home/jre/lib/ext/sunec.jar:/Library/Java/JavaVirtualMachines/jdk1.8.0_65.jdk/Contents/Home/jre/lib/ext/sunjce_provider.jar:/Library/Java/JavaVirtualMachines/jdk1.8.0_65.jdk/Contents/Home/jre/lib/ext/sunpkcs11.jar:/Library/Java/JavaVirtualMachines/jdk1.8.0_65.jdk/Contents/Home/jre/lib/ext/zipfs.jar:/Library/Java/JavaVirtualMachines/jdk1.8.0_65.jdk/Contents/Home/jre/lib/javaws.jar:/Library/Java/JavaVirtualMachines/jdk1.8.0_65.jdk/Contents/Home/jre/lib/jce.jar:/Library/Java/JavaVirtualMachines/jdk1.8.0_65.jdk/Contents/Home/jre/lib/jfr.jar:/Library/Java/JavaVirtualMachines/jdk1.8.0_65.jdk/Contents/Home/jre/lib/jfxswt.jar:/Library/Java/JavaVirtualMachines/jdk1.8.0_65.jdk/Contents/Home/jre/lib/jsse.jar:/Library/Java/JavaVirtualMachines/jdk1.8.0_65.jdk/Contents/Home/jre/lib/management-agent.jar:/Library/Java/JavaVirtualMachines/jdk1.8.0_65.jdk/Contents/Home/jre/lib/plugin.jar:/Library/Java/JavaVirtualMachines/jdk1.8.0_65.jdk/Contents/Home/jre/lib/resources.jar:/Library/Java/JavaVirtualMachines/jdk1.8.0_65.jdk/Contents/Home/jre/lib/rt.jar:/Library/Java/JavaVirtualMachines/jdk1.8.0_65.jdk/Contents/Home/lib/dt.jar:/Library/Java/JavaVirtualMachines/jdk1.8.0_65.jdk/Contents/Home/lib/javafx-mx.jar:/Library/Jav
Launcher Type: SUN_STANDARD

Environment Variables:
PATH=/Library/Frameworks/Python.framework/Versions/3.5/bin:/usr/local/bin:/usr/bin:/bin:/usr/sbin:/sbin
SHELL=/bin/zsh

Signal Handlers:
SIGSEGV: [libjvm.dylib+0x5a6d31], sa_mask[0]=11111111011111110111111111111111, sa_flags=SA_ONSTACK|SA_RESTART|SA_SIGINFO
SIGBUS: [libjvm.dylib+0x5a6d31], sa_mask[0]=11111111011111110111111111111111, sa_flags=SA_RESTART|SA_SIGINFO
SIGFPE: [libjvm.dylib+0x480a40], sa_mask[0]=11111111011111110111111111111111, sa_flags=SA_RESTART|SA_SIGINFO
SIGPIPE: [libjvm.dylib+0x480a40], sa_mask[0]=11111111011111110111111111111111, sa_flags=SA_RESTART|SA_SIGINFO
SIGXFSZ: [libjvm.dylib+0x480a40], sa_mask[0]=11111111011111110111111111111111, sa_flags=SA_RESTART|SA_SIGINFO
SIGILL: [libjvm.dylib+0x480a40], sa_mask[0]=11111111011111110111111111111111, sa_flags=SA_RESTART|SA_SIGINFO
SIGUSR1: SIG_DFL, sa_mask[0]=00000000000000000000000000000000, sa_flags=none
SIGUSR2: [libjvm.dylib+0x48055e], sa_mask[0]=00100000000000000000000000000000, sa_flags=SA_RESTART|SA_SIGINFO
SIGHUP: [libjvm.dylib+0x47eb35], sa_mask[0]=11111111011111110111111111111111, sa_flags=SA_RESTART|SA_SIGINFO
SIGINT: [libjvm.dylib+0x47eb35], sa_mask[0]=11111111011111110111111111111111, sa_flags=SA_RESTART|SA_SIGINFO
SIGTERM: [libjvm.dylib+0x47eb35], sa_mask[0]=11111111011111110111111111111111, sa_flags=SA_RESTART|SA_SIGINFO
SIGQUIT: [libjvm.dylib+0x47eb35], sa_mask[0]=11111111011111110111111111111111, sa_flags=SA_RESTART|SA_SIGINFO


---------------  S Y S T E M  ---------------

OS:Bsduname:Darwin 16.3.0 Darwin Kernel Version 16.3.0: Thu Nov 17 20:23:58 PST 2016; root:xnu-3789.31.2~1/RELEASE_X86_64 x86_64
rlimit: STACK 8192k, CORE 0k, NPROC 709, NOFILE 10240, AS infinity
load average:3.41 2.97 2.04

CPU:total 8 (4 cores per cpu, 2 threads per core) family 6 model 70 stepping 1, cmov, cx8, fxsr, mmx, sse, sse2, sse3, ssse3, sse4.1, sse4.2, popcnt, avx, avx2, aes, clmul, erms, lzcnt, ht, tsc, tscinvbit, bmi1, bmi2

Memory: 4k page, physical 16777216k(1217764k free)

/proc/meminfo:


vm_info: Java HotSpot(TM) 64-Bit Server VM (25.65-b01) for bsd-amd64 JRE (1.8.0_65-b17), built on Oct  6 2015 15:36:46 by "java_re" with gcc 4.2.1 (Based on Apple Inc. build 5658) (LLVM build 2336.11.00)

time: Mon Dec 26 13:01:56 2016
elapsed time: 92 seconds (0d 0h 1m 32s)

