#
# A fatal error has been detected by the Java Runtime Environment:
#
#  SIGSEGV (0xb) at pc=0x0000000113c5fc72, pid=3740, tid=32003
#
# JRE version: Java(TM) SE Runtime Environment (8.0_65-b17) (build 1.8.0_65-b17)
# Java VM: Java HotSpot(TM) 64-Bit Server VM (25.65-b01 mixed mode bsd-amd64 compressed oops)
# Problematic frame:
# C  [libavutil.55.dylib+0x5c72]  av_buffer_unref+0x12
#
# Failed to write core dump. Core dumps have been disabled. To enable core dumping, try "ulimit -c unlimited" before starting Java again
#
# If you would like to submit a bug report, please visit:
#   http://bugreport.java.com/bugreport/crash.jsp
# The crash happened outside the Java Virtual Machine in native code.
# See problematic frame for where to report the bug.
#

---------------  T H R E A D  ---------------

Current thread (0x00007ffa34345000):  JavaThread "Thread-6" daemon [_thread_in_native, id=32003, stack(0x000070000d672000,0x000070000d772000)]

siginfo: si_signo: 11 (SIGSEGV), si_code: 0 (unknown), si_addr: 0x0000000000000000

Registers:
RAX=0xb000000000000000, RBX=0x00007ffa2feb6240, RCX=0x0000000000000000, RDX=0x00007ffa2feb6240
RSP=0x000070000d7716f0, RBP=0x000070000d771750, RSI=0x000070000d7717e8, RDI=0x00007ffa2feb6248
R8 =0x0000000000000004, R9 =0x0000000000000bba, R10=0x00000001171e0928, R11=0x000000010e2dc4cf
R12=0x0000000000000000, R13=0x000000011520c9e8, R14=0x00007ffa2feb6278, R15=0x00007ffa2feb6248
RIP=0x0000000113c5fc72, EFLAGS=0x0000000000010206, ERR=0x0000000000000000
  TRAPNO=0x000000000000000d

Top of Stack: (sp=0x000070000d7716f0)
0x000070000d7716f0:   000070000d771750 0000000113c7376b
0x000070000d771700:   00007ffa2feb6240 000000012e286734
0x000070000d771710:   000000011320d500 00007ffa2feb6240
0x000070000d771720:   0000000000000000 000070000d7717e8
0x000070000d771730:   00007ffa34345000 000000011320cf32
0x000070000d771740:   000000011520c9e8 000070000d7717e8
0x000070000d771750:   000070000d7717b8 00000001171e0954
0x000070000d771760:   000070000d7717b8 00000001171e06e7
0x000070000d771770:   00000001171e06a2 000070000d771778
0x000070000d771780:   000000011520c9e8 000070000d7717e8
0x000070000d771790:   000000011520ee98 0000000000000000
0x000070000d7717a0:   000000011520c9e8 0000000000000000
0x000070000d7717b0:   000070000d7717d8 000070000d771830
0x000070000d7717c0:   00000001171d2c4d 0000000000000000
0x000070000d7717d0:   00000001171da578 00007ffa2feb6240
0x000070000d7717e0:   0000000773363508 0000000773363508
0x000070000d7717f0:   000070000d7717f0 000000011520ccf6
0x000070000d771800:   000070000d771840 000000011520ee98
0x000070000d771810:   0000000000000000 000000011520cd18
0x000070000d771820:   000070000d7717d8 000070000d771840
0x000070000d771830:   000070000d771888 00000001171d2c4d
0x000070000d771840:   0000000773363508 000070000d771848
0x000070000d771850:   000000011520cc31 000070000d771898
0x000070000d771860:   000000011520ee98 0000000000000000
0x000070000d771870:   000000011520cc60 000070000d771840
0x000070000d771880:   000070000d771898 000070000d7718e0
0x000070000d771890:   00000001171d2c4d 0000000773363508
0x000070000d7718a0:   000070000d7718a0 0000000115bfe995
0x000070000d7718b0:   000070000d771910 000000011520b010
0x000070000d7718c0:   0000000000000000 0000000115bfeb08
0x000070000d7718d0:   000070000d771898 000070000d771910
0x000070000d7718e0:   000070000d771958 00000001171d2c92 

Instructions: (pc=0x0000000113c5fc72)
0x0000000113c5fc52:   48 89 c1 48 89 c8 5b c3 66 0f 1f 44 00 00 48 85
0x0000000113c5fc62:   ff 74 47 48 8b 07 48 85 c0 74 3f 53 48 83 ec 10
0x0000000113c5fc72:   48 8b 18 48 89 5c 24 08 e8 d1 3a 01 00 b8 ff ff
0x0000000113c5fc82:   ff ff f0 0f c1 43 0c 83 f8 01 75 19 48 8b 44 24 

Register to memory mapping:

RAX=0xb000000000000000 is an unknown value
RBX=0x00007ffa2feb6240 is an unknown value
RCX=0x0000000000000000 is an unknown value
RDX=0x00007ffa2feb6240 is an unknown value
RSP=0x000070000d7716f0 is pointing into the stack for thread: 0x00007ffa34345000
RBP=0x000070000d771750 is pointing into the stack for thread: 0x00007ffa34345000
RSI=0x000070000d7717e8 is pointing into the stack for thread: 0x00007ffa34345000
RDI=0x00007ffa2feb6248 is an unknown value
R8 =0x0000000000000004 is an unknown value
R9 =0x0000000000000bba is an unknown value
R10=0x00000001171e0928 is at code_begin+808 in an Interpreter codelet
method entry point (kind = native)  [0x00000001171e0600, 0x00000001171e0f00]  2304 bytes
R11=0x000000010e2dc4cf: throw_unsatisfied_link_error+0 in /Library/Java/JavaVirtualMachines/jdk1.8.0_65.jdk/Contents/Home/jre/lib/server/libjvm.dylib at 0x000000010de00000
R12=0x0000000000000000 is an unknown value
R13={method} {0x000000011520c9e8} 'releaseContextInternal' '(J)V' in 'kh/com/kshrd/core/RtspStream'
R14=0x00007ffa2feb6278 is an unknown value
R15=0x00007ffa2feb6248 is an unknown value


Stack: [0x000070000d672000,0x000070000d772000],  sp=0x000070000d7716f0,  free space=1021k
Native frames: (J=compiled Java code, j=interpreted, Vv=VM code, C=native code)
C  [libavutil.55.dylib+0x5c72]  av_buffer_unref+0x12
j  kh.com.kshrd.core.RtspStream.releaseContextInternal(J)V+0
j  kh.com.kshrd.core.RtspStream.release()V+14
j  kh.com.kshrd.core.RtspStream.initialize()V+1
j  kh.com.kshrd.core.RtspCamera.run()V+269
j  java.lang.Thread.run()V+11
v  ~StubRoutines::call_stub
V  [libjvm.dylib+0x2eab02]  JavaCalls::call_helper(JavaValue*, methodHandle*, JavaCallArguments*, Thread*)+0x6ae
V  [libjvm.dylib+0x2eb290]  JavaCalls::call_virtual(JavaValue*, KlassHandle, Symbol*, Symbol*, JavaCallArguments*, Thread*)+0x164
V  [libjvm.dylib+0x2eb43c]  JavaCalls::call_virtual(JavaValue*, Handle, KlassHandle, Symbol*, Symbol*, Thread*)+0x4a
V  [libjvm.dylib+0x345959]  thread_entry(JavaThread*, Thread*)+0x7c
V  [libjvm.dylib+0x5612d3]  JavaThread::thread_main_inner()+0x9b
V  [libjvm.dylib+0x5629ce]  JavaThread::run()+0x1c2
V  [libjvm.dylib+0x48342e]  java_start(Thread*)+0xf6
C  [libsystem_pthread.dylib+0x3aab]  _pthread_body+0xb4
C  [libsystem_pthread.dylib+0x39f7]  _pthread_body+0x0
C  [libsystem_pthread.dylib+0x31fd]  thread_start+0xd
C  0x0000000000000000

Java frames: (J=compiled Java code, j=interpreted, Vv=VM code)
j  kh.com.kshrd.core.RtspStream.releaseContextInternal(J)V+0
j  kh.com.kshrd.core.RtspStream.release()V+14
j  kh.com.kshrd.core.RtspStream.initialize()V+1
j  kh.com.kshrd.core.RtspCamera.run()V+269
j  java.lang.Thread.run()V+11
v  ~StubRoutines::call_stub

---------------  P R O C E S S  ---------------

Java Threads: ( => current thread )
=>0x00007ffa34345000 JavaThread "Thread-6" daemon [_thread_in_native, id=32003, stack(0x000070000d672000,0x000070000d772000)]
  0x00007ffa344d5000 JavaThread "Thread-5" daemon [_thread_in_native, id=31491, stack(0x000070000d56f000,0x000070000d66f000)]
  0x00007ffa349ce800 JavaThread "Thread-4" daemon [_thread_in_native, id=30979, stack(0x000070000d46c000,0x000070000d56c000)]
  0x00007ffa355e1800 JavaThread "http-nio-9999-exec-10" daemon [_thread_blocked, id=30467, stack(0x000070000d369000,0x000070000d469000)]
  0x00007ffa2f493000 JavaThread "http-nio-9999-exec-9" daemon [_thread_blocked, id=29955, stack(0x000070000d266000,0x000070000d366000)]
  0x00007ffa35576800 JavaThread "http-nio-9999-exec-8" daemon [_thread_blocked, id=29443, stack(0x000070000d163000,0x000070000d263000)]
  0x00007ffa33a2b000 JavaThread "http-nio-9999-exec-7" daemon [_thread_blocked, id=28931, stack(0x000070000d060000,0x000070000d160000)]
  0x00007ffa34118800 JavaThread "http-nio-9999-exec-6" daemon [_thread_blocked, id=28419, stack(0x000070000cf5d000,0x000070000d05d000)]
  0x00007ffa351f6800 JavaThread "http-nio-9999-exec-5" daemon [_thread_blocked, id=27907, stack(0x000070000ce5a000,0x000070000cf5a000)]
  0x00007ffa3097f800 JavaThread "http-nio-9999-exec-4" daemon [_thread_blocked, id=27395, stack(0x000070000cd57000,0x000070000ce57000)]
  0x00007ffa34aff000 JavaThread "http-nio-9999-exec-3" daemon [_thread_blocked, id=4875, stack(0x000070000c339000,0x000070000c439000)]
  0x00007ffa34afe800 JavaThread "http-nio-9999-exec-2" daemon [_thread_blocked, id=4107, stack(0x000070000c236000,0x000070000c336000)]
  0x00007ffa3433c800 JavaThread "Thread-3" daemon [_thread_in_native, id=26883, stack(0x000070000cc54000,0x000070000cd54000)]
  0x00007ffa351ee800 JavaThread "http-nio-9999-exec-1" daemon [_thread_blocked, id=26371, stack(0x000070000cb51000,0x000070000cc51000)]
  0x00007ffa2f3e6800 JavaThread "DestroyJavaVM" [_thread_blocked, id=7171, stack(0x000070000adfa000,0x000070000aefa000)]
  0x00007ffa33555000 JavaThread "http-nio-9999-AsyncTimeout" daemon [_thread_blocked, id=25859, stack(0x000070000ca4e000,0x000070000cb4e000)]
  0x00007ffa335e4800 JavaThread "http-nio-9999-Acceptor-0" daemon [_thread_in_native, id=25347, stack(0x000070000c94b000,0x000070000ca4b000)]
  0x00007ffa2ebfb800 JavaThread "http-nio-9999-ClientPoller-1" daemon [_thread_in_native, id=24835, stack(0x000070000c848000,0x000070000c948000)]
  0x00007ffa2eba5000 JavaThread "http-nio-9999-ClientPoller-0" daemon [_thread_in_native, id=24323, stack(0x000070000c745000,0x000070000c845000)]
  0x00007ffa32823000 JavaThread "NioBlockingSelector.BlockPoller-1" daemon [_thread_in_native, id=23811, stack(0x000070000c642000,0x000070000c742000)]
  0x00007ffa33326000 JavaThread "container-0" [_thread_blocked, id=23299, stack(0x000070000c53f000,0x000070000c63f000)]
  0x00007ffa326be000 JavaThread "ContainerBackgroundProcessor[StandardEngine[Tomcat]]" daemon [_thread_blocked, id=22787, stack(0x000070000c43c000,0x000070000c53c000)]
  0x00007ffa31028800 JavaThread "Monitor Ctrl-Break" daemon [_thread_in_native, id=22275, stack(0x000070000c133000,0x000070000c233000)]
  0x00007ffa31836800 JavaThread "Service Thread" daemon [_thread_blocked, id=21251, stack(0x000070000bf2d000,0x000070000c02d000)]
  0x00007ffa2e84d000 JavaThread "C1 CompilerThread3" daemon [_thread_blocked, id=20739, stack(0x000070000be2a000,0x000070000bf2a000)]
  0x00007ffa31813800 JavaThread "C2 CompilerThread2" daemon [_thread_blocked, id=20227, stack(0x000070000bd27000,0x000070000be27000)]
  0x00007ffa31812800 JavaThread "C2 CompilerThread1" daemon [_thread_blocked, id=19715, stack(0x000070000bc24000,0x000070000bd24000)]
  0x00007ffa3201b800 JavaThread "C2 CompilerThread0" daemon [_thread_blocked, id=19203, stack(0x000070000bb21000,0x000070000bc21000)]
  0x00007ffa32016000 JavaThread "Signal Dispatcher" daemon [_thread_blocked, id=18691, stack(0x000070000ba1e000,0x000070000bb1e000)]
  0x00007ffa3180c000 JavaThread "Finalizer" daemon [_thread_blocked, id=14595, stack(0x000070000b91b000,0x000070000ba1b000)]
  0x00007ffa3180b000 JavaThread "Reference Handler" daemon [_thread_blocked, id=14083, stack(0x000070000b818000,0x000070000b918000)]

Other Threads:
  0x00007ffa32005800 VMThread [stack: 0x000070000b715000,0x000070000b815000] [id=13571]
  0x00007ffa31837800 WatcherThread [stack: 0x000070000c030000,0x000070000c130000] [id=21763]

VM state:not at safepoint (normal execution)

VM Mutex/Monitor currently owned by a thread: None

Heap:
 PSYoungGen      total 266240K, used 141318K [0x000000076ab00000, 0x0000000789d00000, 0x00000007c0000000)
  eden space 248832K, 56% used [0x000000076ab00000,0x0000000773501a50,0x0000000779e00000)
  from space 17408K, 0% used [0x0000000779e00000,0x0000000779e00000,0x000000077af00000)
  to   space 19456K, 0% used [0x0000000788a00000,0x0000000788a00000,0x0000000789d00000)
 ParOldGen       total 134656K, used 27704K [0x00000006c0000000, 0x00000006c8380000, 0x000000076ab00000)
  object space 134656K, 20% used [0x00000006c0000000,0x00000006c1b0e140,0x00000006c8380000)
 Metaspace       used 42480K, capacity 43128K, committed 43392K, reserved 1087488K
  class space    used 5288K, capacity 5451K, committed 5504K, reserved 1048576K

Card table byte_map: [0x000000010f149000,0x000000010f94a000] byte_map_base: 0x000000010bb49000

Marking Bits: (ParMarkBitMap*) 0x000000010e6dee20
 Begin Bits: [0x00000001261cb000, 0x000000012a1cb000)
 End Bits:   [0x000000012a1cb000, 0x000000012e1cb000)

Polling page: 0x000000010cd55000

CodeCache: size=245760Kb used=16482Kb max_used=16497Kb free=229277Kb
 bounds [0x00000001171cb000, 0x000000011820b000, 0x00000001261cb000]
 total_blobs=5225 nmethods=4780 adapters=358
 compilation: enabled

Compilation events (10 events):
Event: 175.648 Thread 0x00007ffa2e84d000 5599       3       org.apache.ibatis.reflection.wrapper.BaseWrapper::<init> (10 bytes)
Event: 175.648 Thread 0x00007ffa2e84d000 nmethod 5599 0x00000001181f5a90 code [0x00000001181f5c00, 0x00000001181f5dd0]
Event: 175.648 Thread 0x00007ffa2e84d000 5600       1       org.apache.ibatis.mapping.ResultMapping::getTypeHandler (5 bytes)
Event: 175.648 Thread 0x00007ffa2e84d000 nmethod 5600 0x00000001181f5e90 code [0x00000001181f5fe0, 0x00000001181f60f0]
Event: 175.650 Thread 0x00007ffa31813800 5601  s    4       java.io.BufferedInputStream::read (113 bytes)
Event: 175.651 Thread 0x00007ffa2e84d000 5602       3       org.apache.http.util.TextUtils::isEmpty (21 bytes)
Event: 175.651 Thread 0x00007ffa2e84d000 nmethod 5602 0x00000001181f6150 code [0x00000001181f62c0, 0x00000001181f6568]
Event: 175.667 Thread 0x00007ffa31813800 nmethod 5601 0x00000001181fa7d0 code [0x00000001181fa9e0, 0x00000001181fbf18]
Event: 177.856 Thread 0x00007ffa3201b800 5603       4       org.apache.coyote.http11.Http11OutputBuffer$SocketOutputBuffer::doWrite (53 bytes)
Event: 177.859 Thread 0x00007ffa3201b800 nmethod 5603 0x00000001181f7410 code [0x00000001181f7580, 0x00000001181f7758]

GC Heap History (10 events):
Event: 11.450 GC heap before
{Heap before GC invocations=5 (full 1):
 PSYoungGen      total 141824K, used 10738K [0x000000076ab00000, 0x0000000774000000, 0x00000007c0000000)
  eden space 131072K, 0% used [0x000000076ab00000,0x000000076ab00000,0x0000000772b00000)
  from space 10752K, 99% used [0x0000000773580000,0x0000000773ffc808,0x0000000774000000)
  to   space 10752K, 0% used [0x0000000772b00000,0x0000000772b00000,0x0000000773580000)
 ParOldGen       total 175104K, used 2691K [0x00000006c0000000, 0x00000006cab00000, 0x000000076ab00000)
  object space 175104K, 1% used [0x00000006c0000000,0x00000006c02a0e48,0x00000006cab00000)
 Metaspace       used 20913K, capacity 21230K, committed 21296K, reserved 1069056K
  class space    used 2555K, capacity 2678K, committed 2688K, reserved 1048576K
Event: 11.484 GC heap after
Heap after GC invocations=5 (full 1):
 PSYoungGen      total 141824K, used 0K [0x000000076ab00000, 0x0000000774000000, 0x00000007c0000000)
  eden space 131072K, 0% used [0x000000076ab00000,0x000000076ab00000,0x0000000772b00000)
  from space 10752K, 0% used [0x0000000773580000,0x0000000773580000,0x0000000774000000)
  to   space 10752K, 0% used [0x0000000772b00000,0x0000000772b00000,0x0000000773580000)
 ParOldGen       total 84480K, used 11032K [0x00000006c0000000, 0x00000006c5280000, 0x000000076ab00000)
  object space 84480K, 13% used [0x00000006c0000000,0x00000006c0ac6070,0x00000006c5280000)
 Metaspace       used 20913K, capacity 21230K, committed 21296K, reserved 1069056K
  class space    used 2555K, capacity 2678K, committed 2688K, reserved 1048576K
}
Event: 12.315 GC heap before
{Heap before GC invocations=6 (full 1):
 PSYoungGen      total 141824K, used 131072K [0x000000076ab00000, 0x0000000774000000, 0x00000007c0000000)
  eden space 131072K, 100% used [0x000000076ab00000,0x0000000772b00000,0x0000000772b00000)
  from space 10752K, 0% used [0x0000000773580000,0x0000000773580000,0x0000000774000000)
  to   space 10752K, 0% used [0x0000000772b00000,0x0000000772b00000,0x0000000773580000)
 ParOldGen       total 84480K, used 11032K [0x00000006c0000000, 0x00000006c5280000, 0x000000076ab00000)
  object space 84480K, 13% used [0x00000006c0000000,0x00000006c0ac6070,0x00000006c5280000)
 Metaspace       used 27713K, capacity 28050K, committed 28416K, reserved 1075200K
  class space    used 3416K, capacity 3516K, committed 3584K, reserved 1048576K
Event: 12.335 GC heap after
Heap after GC invocations=6 (full 1):
 PSYoungGen      total 141824K, used 10729K [0x000000076ab00000, 0x000000077c380000, 0x00000007c0000000)
  eden space 131072K, 0% used [0x000000076ab00000,0x000000076ab00000,0x0000000772b00000)
  from space 10752K, 99% used [0x0000000772b00000,0x000000077357a7a8,0x0000000773580000)
  to   space 18432K, 0% used [0x000000077b180000,0x000000077b180000,0x000000077c380000)
 ParOldGen       total 84480K, used 19936K [0x00000006c0000000, 0x00000006c5280000, 0x000000076ab00000)
  object space 84480K, 23% used [0x00000006c0000000,0x00000006c1378208,0x00000006c5280000)
 Metaspace       used 27713K, capacity 28050K, committed 28416K, reserved 1075200K
  class space    used 3416K, capacity 3516K, committed 3584K, reserved 1048576K
}
Event: 13.124 GC heap before
{Heap before GC invocations=7 (full 1):
 PSYoungGen      total 141824K, used 141801K [0x000000076ab00000, 0x000000077c380000, 0x00000007c0000000)
  eden space 131072K, 100% used [0x000000076ab00000,0x0000000772b00000,0x0000000772b00000)
  from space 10752K, 99% used [0x0000000772b00000,0x000000077357a7a8,0x0000000773580000)
  to   space 18432K, 0% used [0x000000077b180000,0x000000077b180000,0x000000077c380000)
 ParOldGen       total 84480K, used 19936K [0x00000006c0000000, 0x00000006c5280000, 0x000000076ab00000)
  object space 84480K, 23% used [0x00000006c0000000,0x00000006c1378208,0x00000006c5280000)
 Metaspace       used 31281K, capacity 31682K, committed 32000K, reserved 1077248K
  class space    used 3888K, capacity 4004K, committed 4096K, reserved 1048576K
Event: 13.137 GC heap after
Heap after GC invocations=7 (full 1):
 PSYoungGen      total 263680K, used 12502K [0x000000076ab00000, 0x000000077c000000, 0x00000007c0000000)
  eden space 248832K, 0% used [0x000000076ab00000,0x000000076ab00000,0x0000000779e00000)
  from space 14848K, 84% used [0x000000077b180000,0x000000077bdb5b48,0x000000077c000000)
  to   space 17408K, 0% used [0x0000000779e00000,0x0000000779e00000,0x000000077af00000)
 ParOldGen       total 84480K, used 19944K [0x00000006c0000000, 0x00000006c5280000, 0x000000076ab00000)
  object space 84480K, 23% used [0x00000006c0000000,0x00000006c137a208,0x00000006c5280000)
 Metaspace       used 31281K, capacity 31682K, committed 32000K, reserved 1077248K
  class space    used 3888K, capacity 4004K, committed 4096K, reserved 1048576K
}
Event: 13.802 GC heap before
{Heap before GC invocations=8 (full 1):
 PSYoungGen      total 263680K, used 148099K [0x000000076ab00000, 0x000000077c000000, 0x00000007c0000000)
  eden space 248832K, 54% used [0x000000076ab00000,0x0000000772f6b318,0x0000000779e00000)
  from space 14848K, 84% used [0x000000077b180000,0x000000077bdb5b48,0x000000077c000000)
  to   space 17408K, 0% used [0x0000000779e00000,0x0000000779e00000,0x000000077af00000)
 ParOldGen       total 84480K, used 19944K [0x00000006c0000000, 0x00000006c5280000, 0x000000076ab00000)
  object space 84480K, 23% used [0x00000006c0000000,0x00000006c137a208,0x00000006c5280000)
 Metaspace       used 34886K, capacity 35296K, committed 35496K, reserved 1081344K
  class space    used 4414K, capacity 4521K, committed 4608K, reserved 1048576K
Event: 13.815 GC heap after
Heap after GC invocations=8 (full 1):
 PSYoungGen      total 266240K, used 17378K [0x000000076ab00000, 0x0000000789d00000, 0x00000007c0000000)
  eden space 248832K, 0% used [0x000000076ab00000,0x000000076ab00000,0x0000000779e00000)
  from space 17408K, 99% used [0x0000000779e00000,0x000000077aef89d0,0x000000077af00000)
  to   space 19456K, 0% used [0x0000000788a00000,0x0000000788a00000,0x0000000789d00000)
 ParOldGen       total 84480K, used 19968K [0x00000006c0000000, 0x00000006c5280000, 0x000000076ab00000)
  object space 84480K, 23% used [0x00000006c0000000,0x00000006c1380208,0x00000006c5280000)
 Metaspace       used 34886K, capacity 35296K, committed 35496K, reserved 1081344K
  class space    used 4414K, capacity 4521K, committed 4608K, reserved 1048576K
}
Event: 13.815 GC heap before
{Heap before GC invocations=9 (full 2):
 PSYoungGen      total 266240K, used 17378K [0x000000076ab00000, 0x0000000789d00000, 0x00000007c0000000)
  eden space 248832K, 0% used [0x000000076ab00000,0x000000076ab00000,0x0000000779e00000)
  from space 17408K, 99% used [0x0000000779e00000,0x000000077aef89d0,0x000000077af00000)
  to   space 19456K, 0% used [0x0000000788a00000,0x0000000788a00000,0x0000000789d00000)
 ParOldGen       total 84480K, used 19968K [0x00000006c0000000, 0x00000006c5280000, 0x000000076ab00000)
  object space 84480K, 23% used [0x00000006c0000000,0x00000006c1380208,0x00000006c5280000)
 Metaspace       used 34886K, capacity 35296K, committed 35496K, reserved 1081344K
  class space    used 4414K, capacity 4521K, committed 4608K, reserved 1048576K
Event: 13.886 GC heap after
Heap after GC invocations=9 (full 2):
 PSYoungGen      total 266240K, used 0K [0x000000076ab00000, 0x0000000789d00000, 0x00000007c0000000)
  eden space 248832K, 0% used [0x000000076ab00000,0x000000076ab00000,0x0000000779e00000)
  from space 17408K, 0% used [0x0000000779e00000,0x0000000779e00000,0x000000077af00000)
  to   space 19456K, 0% used [0x0000000788a00000,0x0000000788a00000,0x0000000789d00000)
 ParOldGen       total 134656K, used 27704K [0x00000006c0000000, 0x00000006c8380000, 0x000000076ab00000)
  object space 134656K, 20% used [0x00000006c0000000,0x00000006c1b0e140,0x00000006c8380000)
 Metaspace       used 34886K, capacity 35296K, committed 35496K, reserved 1081344K
  class space    used 4414K, capacity 4521K, committed 4608K, reserved 1048576K
}

Deoptimization events (10 events):
Event: 36.208 Thread 0x00007ffa33a2b000 Uncommon trap: reason=class_check action=maybe_recompile pc=0x00000001172dc388 method=java.lang.StringCoding$StringEncoder.encode([CII)[B @ 30
Event: 36.208 Thread 0x00007ffa33a2b000 Uncommon trap: reason=unstable_if action=reinterpret pc=0x0000000117da6acc method=java.lang.StringCoding.encode(Ljava/lang/String;[CII)[B @ 38
Event: 36.292 Thread 0x00007ffa33a2b000 Uncommon trap: reason=class_check action=maybe_recompile pc=0x00000001172dc388 method=java.lang.StringCoding$StringEncoder.encode([CII)[B @ 30
Event: 36.319 Thread 0x00007ffa33a2b000 Uncommon trap: reason=bimorphic action=maybe_recompile pc=0x000000011732cf10 method=java.util.AbstractList$Itr.next()Ljava/lang/Object; @ 14
Event: 49.290 Thread 0x00007ffa35576800 Uncommon trap: reason=bimorphic action=maybe_recompile pc=0x000000011732cf10 method=java.util.AbstractList$Itr.next()Ljava/lang/Object; @ 14
Event: 49.376 Thread 0x00007ffa35576800 Uncommon trap: reason=class_check action=maybe_recompile pc=0x00000001172dc388 method=java.lang.StringCoding$StringEncoder.encode([CII)[B @ 30
Event: 49.465 Thread 0x00007ffa35576800 Uncommon trap: reason=class_check action=maybe_recompile pc=0x00000001172dc388 method=java.lang.StringCoding$StringEncoder.encode([CII)[B @ 30
Event: 49.494 Thread 0x00007ffa35576800 Uncommon trap: reason=bimorphic action=maybe_recompile pc=0x000000011732cf10 method=java.util.AbstractList$Itr.next()Ljava/lang/Object; @ 14
Event: 175.609 Thread 0x00007ffa34118800 Uncommon trap: reason=unstable_if action=reinterpret pc=0x0000000117e57094 method=java.util.concurrent.ConcurrentHashMap.addCount(JI)V @ 34
Event: 175.610 Thread 0x00007ffa34118800 Uncommon trap: reason=unstable_if action=reinterpret pc=0x0000000117cdb97c method=java.util.concurrent.ConcurrentHashMap.addCount(JI)V @ 7

Internal exceptions (10 events):
Event: 21.065 Thread 0x00007ffa351ee800 Exception <a 'java/lang/ClassNotFoundException': org/springframework/web/servlet/theme/FixedThemeResolverCustomizer> (0x000000076e398ef8) thrown at [/Users/java_re/workspace/8-2-build-macosx-x86_64/jdk8u65/4987/hotspot/src/share/vm/classfile/systemDiction
Event: 21.065 Thread 0x00007ffa351ee800 Exception <a 'java/lang/ClassNotFoundException': org/springframework/web/servlet/ThemeResolverCustomizer> (0x000000076e3b5088) thrown at [/Users/java_re/workspace/8-2-build-macosx-x86_64/jdk8u65/4987/hotspot/src/share/vm/classfile/systemDictionary.cpp, li
Event: 21.068 Thread 0x00007ffa351ee800 Exception <a 'java/lang/ClassNotFoundException': java/lang/ObjectCustomizer> (0x000000076e3d44b0) thrown at [/Users/java_re/workspace/8-2-build-macosx-x86_64/jdk8u65/4987/hotspot/src/share/vm/classfile/systemDictionary.cpp, line 210]
Event: 21.068 Thread 0x00007ffa351ee800 Exception <a 'java/lang/ClassNotFoundException': org/springframework/web/servlet/view/DefaultRequestToViewNameTranslatorCustomizer> (0x000000076e3f76c0) thrown at [/Users/java_re/workspace/8-2-build-macosx-x86_64/jdk8u65/4987/hotspot/src/share/vm/classfil
Event: 21.069 Thread 0x00007ffa351ee800 Exception <a 'java/lang/ClassNotFoundException': org/springframework/web/servlet/RequestToViewNameTranslatorCustomizer> (0x000000076e425a80) thrown at [/Users/java_re/workspace/8-2-build-macosx-x86_64/jdk8u65/4987/hotspot/src/share/vm/classfile/systemDict
Event: 21.071 Thread 0x00007ffa351ee800 Exception <a 'java/lang/ClassNotFoundException': java/lang/ObjectCustomizer> (0x000000076e455358) thrown at [/Users/java_re/workspace/8-2-build-macosx-x86_64/jdk8u65/4987/hotspot/src/share/vm/classfile/systemDictionary.cpp, line 210]
Event: 21.072 Thread 0x00007ffa351ee800 Exception <a 'java/lang/ClassNotFoundException': org/springframework/web/servlet/support/AbstractFlashMapManagerCustomizer> (0x000000076e476328) thrown at [/Users/java_re/workspace/8-2-build-macosx-x86_64/jdk8u65/4987/hotspot/src/share/vm/classfile/system
Event: 21.072 Thread 0x00007ffa351ee800 Exception <a 'java/lang/ClassNotFoundException': org/springframework/web/servlet/support/SessionFlashMapManagerCustomizer> (0x000000076e49b180) thrown at [/Users/java_re/workspace/8-2-build-macosx-x86_64/jdk8u65/4987/hotspot/src/share/vm/classfile/systemD
Event: 21.073 Thread 0x00007ffa351ee800 Exception <a 'java/lang/ClassNotFoundException': org/springframework/web/servlet/FlashMapManagerCustomizer> (0x000000076e4b7260) thrown at [/Users/java_re/workspace/8-2-build-macosx-x86_64/jdk8u65/4987/hotspot/src/share/vm/classfile/systemDictionary.cpp, 
Event: 21.093 Thread 0x00007ffa351ee800 Implicit null exception at 0x0000000118021a6c to 0x000000011802ae61

Events (10 events):
Event: 175.609 Thread 0x00007ffa34118800 DEOPT PACKING pc=0x0000000117e57094 sp=0x000070000d05c540
Event: 175.610 Thread 0x00007ffa34118800 DEOPT UNPACKING pc=0x00000001171d0229 sp=0x000070000d05c410 mode 2
Event: 175.610 loading class java/util/concurrent/ThreadLocalRandom
Event: 175.610 loading class java/util/concurrent/ThreadLocalRandom done
Event: 175.610 Thread 0x00007ffa34118800 Uncommon trap: trap_request=0xffffff65 fr.pc=0x0000000117cdb97c
Event: 175.610 Thread 0x00007ffa34118800 DEOPT PACKING pc=0x0000000117cdb97c sp=0x000070000d05c470
Event: 175.610 Thread 0x00007ffa34118800 DEOPT UNPACKING pc=0x00000001171d0229 sp=0x000070000d05c3d8 mode 2
Event: 175.649 loading class kh/com/kshrd/vivotek/ServiceProvider
Event: 175.649 loading class kh/com/kshrd/vivotek/ServiceProvider done
Event: 175.651 Thread 0x00007ffa34345000 Thread added: 0x00007ffa34345000


Dynamic libraries:
0x00000000414c9000 	/System/Library/Frameworks/Cocoa.framework/Versions/A/Cocoa
0x00000000414c9000 	/System/Library/Frameworks/Security.framework/Versions/A/Security
0x00000000414c9000 	/System/Library/Frameworks/ApplicationServices.framework/Versions/A/ApplicationServices
0x00000000414c9000 	/usr/lib/libz.1.dylib
0x00000000414c9000 	/usr/lib/libSystem.B.dylib
0x00000000414c9000 	/usr/lib/libobjc.A.dylib
0x00000000414c9000 	/System/Library/Frameworks/CoreFoundation.framework/Versions/A/CoreFoundation
0x00000000414c9000 	/System/Library/Frameworks/Foundation.framework/Versions/C/Foundation
0x00000000414c9000 	/System/Library/Frameworks/AppKit.framework/Versions/C/AppKit
0x00000000414c9000 	/System/Library/Frameworks/CoreData.framework/Versions/A/CoreData
0x00000000414c9000 	/System/Library/PrivateFrameworks/RemoteViewServices.framework/Versions/A/RemoteViewServices
0x00000000414c9000 	/System/Library/PrivateFrameworks/UIFoundation.framework/Versions/A/UIFoundation
0x00000000414c9000 	/System/Library/PrivateFrameworks/DFRFoundation.framework/Versions/A/DFRFoundation
0x00000000414c9000 	/usr/lib/libenergytrace.dylib
0x00000000414c9000 	/System/Library/PrivateFrameworks/SkyLight.framework/Versions/A/SkyLight
0x00000000414c9000 	/System/Library/Frameworks/CoreGraphics.framework/Versions/A/CoreGraphics
0x00000000414c9000 	/usr/lib/libScreenReader.dylib
0x00000000414c9000 	/System/Library/Frameworks/Accelerate.framework/Versions/A/Accelerate
0x00000000414c9000 	/System/Library/Frameworks/IOSurface.framework/Versions/A/IOSurface
0x00000000414c9000 	/System/Library/Frameworks/AudioToolbox.framework/Versions/A/AudioToolbox
0x00000000414c9000 	/System/Library/Frameworks/AudioUnit.framework/Versions/A/AudioUnit
0x00000000414c9000 	/System/Library/PrivateFrameworks/DataDetectorsCore.framework/Versions/A/DataDetectorsCore
0x00000000414c9000 	/System/Library/PrivateFrameworks/DesktopServicesPriv.framework/Versions/A/DesktopServicesPriv
0x00000000414c9000 	/System/Library/Frameworks/Carbon.framework/Versions/A/Frameworks/HIToolbox.framework/Versions/A/HIToolbox
0x00000000414c9000 	/usr/lib/libicucore.A.dylib
0x00000000414c9000 	/System/Library/Frameworks/QuartzCore.framework/Versions/A/QuartzCore
0x00000000414c9000 	/System/Library/Frameworks/Carbon.framework/Versions/A/Frameworks/SpeechRecognition.framework/Versions/A/SpeechRecognition
0x00000000414c9000 	/usr/lib/libauto.dylib
0x00000000414c9000 	/usr/lib/libxml2.2.dylib
0x00000000414c9000 	/System/Library/PrivateFrameworks/CoreUI.framework/Versions/A/CoreUI
0x00000000414c9000 	/System/Library/Frameworks/CoreAudio.framework/Versions/A/CoreAudio
0x00000000414c9000 	/System/Library/Frameworks/DiskArbitration.framework/Versions/A/DiskArbitration
0x00000000414c9000 	/usr/lib/liblangid.dylib
0x00000000414c9000 	/System/Library/PrivateFrameworks/MultitouchSupport.framework/Versions/A/MultitouchSupport
0x00000000414c9000 	/System/Library/Frameworks/IOKit.framework/Versions/A/IOKit
0x00000000414c9000 	/usr/lib/libDiagnosticMessagesClient.dylib
0x00000000414c9000 	/System/Library/Frameworks/CoreServices.framework/Versions/A/CoreServices
0x00000000414c9000 	/System/Library/PrivateFrameworks/PerformanceAnalysis.framework/Versions/A/PerformanceAnalysis
0x00000000414c9000 	/System/Library/PrivateFrameworks/GenerationalStorage.framework/Versions/A/GenerationalStorage
0x00000000414c9000 	/System/Library/Frameworks/OpenGL.framework/Versions/A/OpenGL
0x00000000414c9000 	/System/Library/Frameworks/CoreImage.framework/Versions/A/CoreImage
0x00000000414c9000 	/System/Library/Frameworks/CoreText.framework/Versions/A/CoreText
0x00000000414c9000 	/System/Library/Frameworks/ImageIO.framework/Versions/A/ImageIO
0x00000000414c9000 	/System/Library/PrivateFrameworks/Backup.framework/Versions/A/Backup
0x00000000414c9000 	/usr/lib/libarchive.2.dylib
0x00000000414c9000 	/System/Library/Frameworks/CFNetwork.framework/Versions/A/CFNetwork
0x00000000414c9000 	/System/Library/Frameworks/SystemConfiguration.framework/Versions/A/SystemConfiguration
0x00000000414c9000 	/usr/lib/libCRFSuite.dylib
0x00000000414c9000 	/usr/lib/libc++.1.dylib
0x00000000414c9000 	/usr/lib/libc++abi.dylib
0x00000000414c9000 	/usr/lib/system/libcache.dylib
0x00000000414c9000 	/usr/lib/system/libcommonCrypto.dylib
0x00000000414c9000 	/usr/lib/system/libcompiler_rt.dylib
0x00000000414c9000 	/usr/lib/system/libcopyfile.dylib
0x00000000414c9000 	/usr/lib/system/libcorecrypto.dylib
0x00000000414c9000 	/usr/lib/system/libdispatch.dylib
0x00000000414c9000 	/usr/lib/system/libdyld.dylib
0x00000000414c9000 	/usr/lib/system/libkeymgr.dylib
0x00000000414c9000 	/usr/lib/system/liblaunch.dylib
0x00000000414c9000 	/usr/lib/system/libmacho.dylib
0x00000000414c9000 	/usr/lib/system/libquarantine.dylib
0x00000000414c9000 	/usr/lib/system/libremovefile.dylib
0x00000000414c9000 	/usr/lib/system/libsystem_asl.dylib
0x00000000414c9000 	/usr/lib/system/libsystem_blocks.dylib
0x00000000414c9000 	/usr/lib/system/libsystem_c.dylib
0x00000000414c9000 	/usr/lib/system/libsystem_configuration.dylib
0x00000000414c9000 	/usr/lib/system/libsystem_coreservices.dylib
0x00000000414c9000 	/usr/lib/system/libsystem_coretls.dylib
0x00000000414c9000 	/usr/lib/system/libsystem_dnssd.dylib
0x00000000414c9000 	/usr/lib/system/libsystem_info.dylib
0x00000000414c9000 	/usr/lib/system/libsystem_kernel.dylib
0x00000000414c9000 	/usr/lib/system/libsystem_m.dylib
0x00000000414c9000 	/usr/lib/system/libsystem_malloc.dylib
0x00000000414c9000 	/usr/lib/system/libsystem_network.dylib
0x00000000414c9000 	/usr/lib/system/libsystem_networkextension.dylib
0x00000000414c9000 	/usr/lib/system/libsystem_notify.dylib
0x00000000414c9000 	/usr/lib/system/libsystem_platform.dylib
0x00000000414c9000 	/usr/lib/system/libsystem_pthread.dylib
0x00000000414c9000 	/usr/lib/system/libsystem_sandbox.dylib
0x00000000414c9000 	/usr/lib/system/libsystem_secinit.dylib
0x00000000414c9000 	/usr/lib/system/libsystem_symptoms.dylib
0x00000000414c9000 	/usr/lib/system/libsystem_trace.dylib
0x00000000414c9000 	/usr/lib/system/libunwind.dylib
0x00000000414c9000 	/usr/lib/system/libxpc.dylib
0x00000000414c9000 	/usr/lib/libbsm.0.dylib
0x00000000414c9000 	/usr/lib/system/libkxld.dylib
0x00000000414c9000 	/usr/lib/libcoretls.dylib
0x00000000414c9000 	/usr/lib/libcoretls_cfhelpers.dylib
0x00000000414c9000 	/usr/lib/libxar.1.dylib
0x00000000414c9000 	/usr/lib/libsqlite3.dylib
0x00000000414c9000 	/usr/lib/libpam.2.dylib
0x00000000414c9000 	/usr/lib/libOpenScriptingUtil.dylib
0x00000000414c9000 	/usr/lib/libbz2.1.0.dylib
0x00000000414c9000 	/usr/lib/liblzma.5.dylib
0x00000000414c9000 	/usr/lib/libnetwork.dylib
0x00000000414c9000 	/usr/lib/libpcap.A.dylib
0x00000000414c9000 	/System/Library/Frameworks/CoreServices.framework/Versions/A/Frameworks/FSEvents.framework/Versions/A/FSEvents
0x00000000414c9000 	/System/Library/Frameworks/CoreServices.framework/Versions/A/Frameworks/CarbonCore.framework/Versions/A/CarbonCore
0x00000000414c9000 	/System/Library/Frameworks/CoreServices.framework/Versions/A/Frameworks/Metadata.framework/Versions/A/Metadata
0x00000000414c9000 	/System/Library/Frameworks/CoreServices.framework/Versions/A/Frameworks/OSServices.framework/Versions/A/OSServices
0x00000000414c9000 	/System/Library/Frameworks/CoreServices.framework/Versions/A/Frameworks/SearchKit.framework/Versions/A/SearchKit
0x00000000414c9000 	/System/Library/Frameworks/CoreServices.framework/Versions/A/Frameworks/AE.framework/Versions/A/AE
0x00000000414c9000 	/System/Library/Frameworks/CoreServices.framework/Versions/A/Frameworks/LaunchServices.framework/Versions/A/LaunchServices
0x00000000414c9000 	/System/Library/Frameworks/CoreServices.framework/Versions/A/Frameworks/DictionaryServices.framework/Versions/A/DictionaryServices
0x00000000414c9000 	/System/Library/Frameworks/CoreServices.framework/Versions/A/Frameworks/SharedFileList.framework/Versions/A/SharedFileList
0x00000000414c9000 	/System/Library/Frameworks/NetFS.framework/Versions/A/NetFS
0x00000000414c9000 	/System/Library/PrivateFrameworks/NetAuth.framework/Versions/A/NetAuth
0x00000000414c9000 	/System/Library/PrivateFrameworks/login.framework/Versions/A/Frameworks/loginsupport.framework/Versions/A/loginsupport
0x00000000414c9000 	/System/Library/PrivateFrameworks/TCC.framework/Versions/A/TCC
0x00000000414c9000 	/usr/lib/libmecabra.dylib
0x00000000414c9000 	/System/Library/Frameworks/ApplicationServices.framework/Versions/A/Frameworks/ATS.framework/Versions/A/ATS
0x00000000414c9000 	/System/Library/Frameworks/ApplicationServices.framework/Versions/A/Frameworks/ColorSync.framework/Versions/A/ColorSync
0x00000000414c9000 	/System/Library/Frameworks/ApplicationServices.framework/Versions/A/Frameworks/HIServices.framework/Versions/A/HIServices
0x00000000414c9000 	/System/Library/Frameworks/ApplicationServices.framework/Versions/A/Frameworks/LangAnalysis.framework/Versions/A/LangAnalysis
0x00000000414c9000 	/System/Library/Frameworks/ApplicationServices.framework/Versions/A/Frameworks/PrintCore.framework/Versions/A/PrintCore
0x00000000414c9000 	/System/Library/Frameworks/ApplicationServices.framework/Versions/A/Frameworks/QD.framework/Versions/A/QD
0x00000000414c9000 	/System/Library/Frameworks/ApplicationServices.framework/Versions/A/Frameworks/SpeechSynthesis.framework/Versions/A/SpeechSynthesis
0x00000000414c9000 	/System/Library/Frameworks/Accelerate.framework/Versions/A/Frameworks/vImage.framework/Versions/A/vImage
0x00000000414c9000 	/System/Library/Frameworks/Accelerate.framework/Versions/A/Frameworks/vecLib.framework/Versions/A/vecLib
0x00000000414c9000 	/System/Library/Frameworks/Accelerate.framework/Versions/A/Frameworks/vecLib.framework/Versions/A/libvDSP.dylib
0x00000000414c9000 	/System/Library/Frameworks/Accelerate.framework/Versions/A/Frameworks/vecLib.framework/Versions/A/libBNNS.dylib
0x00000000414c9000 	/System/Library/Frameworks/Accelerate.framework/Versions/A/Frameworks/vecLib.framework/Versions/A/libQuadrature.dylib
0x00000000414c9000 	/System/Library/Frameworks/Accelerate.framework/Versions/A/Frameworks/vecLib.framework/Versions/A/libvMisc.dylib
0x00000000414c9000 	/System/Library/Frameworks/Accelerate.framework/Versions/A/Frameworks/vecLib.framework/Versions/A/libLAPACK.dylib
0x00000000414c9000 	/System/Library/Frameworks/Accelerate.framework/Versions/A/Frameworks/vecLib.framework/Versions/A/libBLAS.dylib
0x00000000414c9000 	/System/Library/Frameworks/Accelerate.framework/Versions/A/Frameworks/vecLib.framework/Versions/A/libLinearAlgebra.dylib
0x00000000414c9000 	/System/Library/Frameworks/Accelerate.framework/Versions/A/Frameworks/vecLib.framework/Versions/A/libSparseBLAS.dylib
0x00000000414c9000 	/System/Library/Frameworks/ApplicationServices.framework/Versions/A/Frameworks/ATS.framework/Versions/A/Resources/libFontParser.dylib
0x00000000414c9000 	/System/Library/Frameworks/ApplicationServices.framework/Versions/A/Frameworks/ATS.framework/Versions/A/Resources/libFontRegistry.dylib
0x00000000414c9000 	/System/Library/Frameworks/ImageIO.framework/Versions/A/Resources/libJPEG.dylib
0x00000000414c9000 	/System/Library/Frameworks/ImageIO.framework/Versions/A/Resources/libTIFF.dylib
0x00000000414c9000 	/System/Library/Frameworks/ImageIO.framework/Versions/A/Resources/libPng.dylib
0x00000000414c9000 	/System/Library/Frameworks/ImageIO.framework/Versions/A/Resources/libGIF.dylib
0x00000000414c9000 	/System/Library/Frameworks/ImageIO.framework/Versions/A/Resources/libJP2.dylib
0x00000000414c9000 	/System/Library/Frameworks/ImageIO.framework/Versions/A/Resources/libRadiance.dylib
0x00000000414c9000 	/usr/lib/libcompression.dylib
0x00000000414c9000 	/System/Library/PrivateFrameworks/AppleJPEG.framework/Versions/A/AppleJPEG
0x00000000414c9000 	/usr/lib/libcups.2.dylib
0x00000000414c9000 	/System/Library/Frameworks/Kerberos.framework/Versions/A/Kerberos
0x00000000414c9000 	/System/Library/Frameworks/GSS.framework/Versions/A/GSS
0x00000000414c9000 	/usr/lib/libresolv.9.dylib
0x00000000414c9000 	/usr/lib/libiconv.2.dylib
0x00000000414c9000 	/System/Library/PrivateFrameworks/Heimdal.framework/Versions/A/Heimdal
0x00000000414c9000 	/usr/lib/libheimdal-asn1.dylib
0x00000000414c9000 	/System/Library/Frameworks/OpenDirectory.framework/Versions/A/OpenDirectory
0x00000000414c9000 	/System/Library/PrivateFrameworks/CommonAuth.framework/Versions/A/CommonAuth
0x00000000414c9000 	/System/Library/Frameworks/OpenDirectory.framework/Versions/A/Frameworks/CFOpenDirectory.framework/Versions/A/CFOpenDirectory
0x00000000414c9000 	/System/Library/Frameworks/SecurityFoundation.framework/Versions/A/SecurityFoundation
0x00000000414c9000 	/System/Library/PrivateFrameworks/LanguageModeling.framework/Versions/A/LanguageModeling
0x00000000414c9000 	/usr/lib/libmarisa.dylib
0x00000000414c9000 	/usr/lib/libChineseTokenizer.dylib
0x00000000414c9000 	/usr/lib/libcmph.dylib
0x00000000414c9000 	/System/Library/PrivateFrameworks/CoreEmoji.framework/Versions/A/CoreEmoji
0x00000000414c9000 	/System/Library/Frameworks/ServiceManagement.framework/Versions/A/ServiceManagement
0x00000000414c9000 	/usr/lib/libxslt.1.dylib
0x00000000414c9000 	/System/Library/Frameworks/Carbon.framework/Versions/A/Frameworks/Ink.framework/Versions/A/Ink
0x00000000414c9000 	/System/Library/PrivateFrameworks/TextureIO.framework/Versions/A/TextureIO
0x00000000414c9000 	/System/Library/Frameworks/Metal.framework/Versions/A/Metal
0x00000000414c9000 	/usr/lib/libate.dylib
0x00000000414c9000 	/System/Library/PrivateFrameworks/GPUCompiler.framework/libmetal_timestamp.dylib
0x00000000414c9000 	/System/Library/Frameworks/OpenGL.framework/Versions/A/Libraries/libCoreFSCache.dylib
0x00000000414c9000 	/System/Library/PrivateFrameworks/IOAccelerator.framework/Versions/A/IOAccelerator
0x00000000414c9000 	/System/Library/Frameworks/CoreVideo.framework/Versions/A/CoreVideo
0x00000000414c9000 	/usr/lib/libFosl_dynamic.dylib
0x00000000414c9000 	/System/Library/PrivateFrameworks/MetalPerformanceShaders.framework/Versions/A/MetalPerformanceShaders
0x00000000414c9000 	/System/Library/PrivateFrameworks/FaceCore.framework/Versions/A/FaceCore
0x00000000414c9000 	/System/Library/Frameworks/OpenCL.framework/Versions/A/OpenCL
0x00000000414c9000 	/System/Library/Frameworks/OpenGL.framework/Versions/A/Libraries/libGLU.dylib
0x00000000414c9000 	/System/Library/Frameworks/OpenGL.framework/Versions/A/Libraries/libGFXShared.dylib
0x00000000414c9000 	/System/Library/Frameworks/OpenGL.framework/Versions/A/Libraries/libGL.dylib
0x00000000414c9000 	/System/Library/Frameworks/OpenGL.framework/Versions/A/Libraries/libGLImage.dylib
0x00000000414c9000 	/System/Library/Frameworks/OpenGL.framework/Versions/A/Libraries/libCVMSPluginSupport.dylib
0x00000000414c9000 	/System/Library/Frameworks/OpenGL.framework/Versions/A/Libraries/libCoreVMClient.dylib
0x00000000414c9000 	/System/Library/PrivateFrameworks/CrashReporterSupport.framework/Versions/A/CrashReporterSupport
0x00000000414c9000 	/System/Library/PrivateFrameworks/Sharing.framework/Versions/A/Sharing
0x00000000414c9000 	/System/Library/PrivateFrameworks/IconServices.framework/Versions/A/IconServices
0x00000000414c9000 	/System/Library/PrivateFrameworks/ProtocolBuffer.framework/Versions/A/ProtocolBuffer
0x00000000414c9000 	/System/Library/PrivateFrameworks/Apple80211.framework/Versions/A/Apple80211
0x00000000414c9000 	/System/Library/Frameworks/CoreWLAN.framework/Versions/A/CoreWLAN
0x00000000414c9000 	/System/Library/PrivateFrameworks/CoreUtils.framework/Versions/A/CoreUtils
0x00000000414c9000 	/System/Library/Frameworks/IOBluetooth.framework/Versions/A/IOBluetooth
0x00000000414c9000 	/System/Library/PrivateFrameworks/CoreWiFi.framework/Versions/A/CoreWiFi
0x00000000414c9000 	/System/Library/Frameworks/CoreBluetooth.framework/Versions/A/CoreBluetooth
0x00000000414c9000 	/System/Library/Frameworks/CoreDisplay.framework/Versions/A/CoreDisplay
0x00000000414c9000 	/System/Library/PrivateFrameworks/IOPresentment.framework/Versions/A/IOPresentment
0x00000000414c9000 	/System/Library/PrivateFrameworks/DebugSymbols.framework/Versions/A/DebugSymbols
0x00000000414c9000 	/System/Library/PrivateFrameworks/CoreSymbolication.framework/Versions/A/CoreSymbolication
0x00000000414c9000 	/System/Library/PrivateFrameworks/Symbolication.framework/Versions/A/Symbolication
0x00000000414c9000 	/System/Library/PrivateFrameworks/AppleFSCompression.framework/Versions/A/AppleFSCompression
0x00000000414c9000 	/System/Library/PrivateFrameworks/SpeechRecognitionCore.framework/Versions/A/SpeechRecognitionCore
0x00000000414c9000 	/System/Library/PrivateFrameworks/ChunkingLibrary.framework/Versions/A/ChunkingLibrary
0x000000010de00000 	/Library/Java/JavaVirtualMachines/jdk1.8.0_65.jdk/Contents/Home/jre/lib/server/libjvm.dylib
0x00000000414c9000 	/usr/lib/libstdc++.6.dylib
0x000000010cd12000 	/Library/Java/JavaVirtualMachines/jdk1.8.0_65.jdk/Contents/Home/jre/lib/libverify.dylib
0x000000010cd20000 	/Library/Java/JavaVirtualMachines/jdk1.8.0_65.jdk/Contents/Home/jre/lib/libjava.dylib
0x000000010cd5f000 	/Library/Java/JavaVirtualMachines/jdk1.8.0_65.jdk/Contents/Home/jre/lib/libzip.dylib
0x000000010cde1000 	/System/Library/Frameworks/JavaVM.framework/Frameworks/JavaRuntimeSupport.framework/JavaRuntimeSupport
0x0000000112dc6000 	/System/Library/Frameworks/JavaVM.framework/Versions/A/Frameworks/JavaNativeFoundation.framework/Versions/A/JavaNativeFoundation
0x0000000112ddb000 	/System/Library/Frameworks/JavaVM.framework/Versions/A/JavaVM
0x00000000414c9000 	/System/Library/Frameworks/Carbon.framework/Versions/A/Carbon
0x0000000112de8000 	/System/Library/PrivateFrameworks/JavaLaunching.framework/Versions/A/JavaLaunching
0x00000000414c9000 	/System/Library/Frameworks/Carbon.framework/Versions/A/Frameworks/CommonPanels.framework/Versions/A/CommonPanels
0x00000000414c9000 	/System/Library/Frameworks/Carbon.framework/Versions/A/Frameworks/Help.framework/Versions/A/Help
0x00000000414c9000 	/System/Library/Frameworks/Carbon.framework/Versions/A/Frameworks/ImageCapture.framework/Versions/A/ImageCapture
0x00000000414c9000 	/System/Library/Frameworks/Carbon.framework/Versions/A/Frameworks/OpenScripting.framework/Versions/A/OpenScripting
0x00000000414c9000 	/System/Library/Frameworks/Carbon.framework/Versions/A/Frameworks/Print.framework/Versions/A/Print
0x00000000414c9000 	/System/Library/Frameworks/Carbon.framework/Versions/A/Frameworks/SecurityHI.framework/Versions/A/SecurityHI
0x0000000113170000 	/Applications/IntelliJ IDEA.app/Contents/bin/libbreakgen64.jnilib
0x0000000113173000 	/Library/Java/JavaVirtualMachines/jdk1.8.0_65.jdk/Contents/Home/jre/lib/libnet.dylib
0x00000001131d2000 	/Library/Java/JavaVirtualMachines/jdk1.8.0_65.jdk/Contents/Home/jre/lib/libmanagement.dylib
0x00000001132ca000 	/Library/Java/JavaVirtualMachines/jdk1.8.0_65.jdk/Contents/Home/jre/lib/libnio.dylib
0x000000011320b000 	/Users/sophatvathana/Desktop/Project/ipcam/IPCAM-VIDEO-STREAMING-API/native/mac/x86_64/strmrecv.dylib
0x0000000114dc1000 	/Library/Java/JavaVirtualMachines/jdk1.8.0_65.jdk/Contents/Home/jre/lib/libsunec.dylib
0x0000000113c5a000 	/Users/sophatvathana/Desktop/Project/ipcam/IPCAM-VIDEO-STREAMING-API/native/mac/x86_64/libavutil.55.dylib
0x00000000414c9000 	/System/Library/Frameworks/AVFoundation.framework/Versions/A/AVFoundation
0x00000000414c9000 	/System/Library/Frameworks/CoreMedia.framework/Versions/A/CoreMedia
0x00000000414c9000 	/System/Library/Frameworks/VideoToolbox.framework/Versions/A/VideoToolbox
0x00000001132ab000 	/System/Library/Frameworks/VideoDecodeAcceleration.framework/Versions/A/VideoDecodeAcceleration
0x00000000414c9000 	/System/Library/Frameworks/AVFoundation.framework/Versions/A/Frameworks/AVFAudio.framework/Versions/A/AVFAudio
0x00000000414c9000 	/System/Library/Frameworks/MediaToolbox.framework/Versions/A/MediaToolbox
0x00000000414c9000 	/System/Library/PrivateFrameworks/IntlPreferences.framework/Versions/A/IntlPreferences
0x00000000414c9000 	/System/Library/Frameworks/CoreMediaIO.framework/Versions/A/CoreMediaIO
0x00000000414c9000 	/usr/lib/libspindump.dylib
0x00000000414c9000 	/usr/lib/libdscsym.dylib
0x00000000414c9000 	/System/Library/PrivateFrameworks/CoreAVCHD.framework/Versions/A/CoreAVCHD
0x00000000414c9000 	/System/Library/Frameworks/MediaAccessibility.framework/Versions/A/MediaAccessibility
0x00000000414c9000 	/System/Library/PrivateFrameworks/Mangrove.framework/Versions/A/Mangrove
0x00000000414c9000 	/System/Library/PrivateFrameworks/CoreAUC.framework/Versions/A/CoreAUC
0x00000000414c9000 	/System/Library/PrivateFrameworks/AppleVA.framework/Versions/A/AppleVA
0x00000000414c9000 	/System/Library/PrivateFrameworks/XPCService.framework/Versions/A/XPCService
0x00000000414c9000 	/System/Library/PrivateFrameworks/AppSandbox.framework/Versions/A/AppSandbox
0x00000000414c9000 	/usr/lib/libsandbox.1.dylib
0x00000000414c9000 	/System/Library/PrivateFrameworks/AppContainer.framework/Versions/A/AppContainer
0x00000000414c9000 	/System/Library/PrivateFrameworks/SecCodeWrapper.framework/Versions/A/SecCodeWrapper
0x00000000414c9000 	/usr/lib/libMatch.1.dylib
0x00000001132da000 	/Users/sophatvathana/Desktop/Project/ipcam/IPCAM-VIDEO-STREAMING-API/native/mac/x86_64/libswresample.2.dylib
0x000000012e1cb000 	/Users/sophatvathana/Desktop/Project/ipcam/IPCAM-VIDEO-STREAMING-API/native/mac/x86_64/libavcodec.57.dylib
0x0000000116365000 	/Users/sophatvathana/Desktop/Project/ipcam/IPCAM-VIDEO-STREAMING-API/native/mac/x86_64/libavformat.57.dylib

VM Arguments:
jvm_args: -Dspring.output.ansi.enabled=always -Didea.launcher.port=7538 -Didea.launcher.bin.path=/Applications/IntelliJ IDEA.app/Contents/bin -Dfile.encoding=UTF-8 
java_command: com.intellij.rt.execution.application.AppMain kh.com.kshrd.ipcam.IpcamVideoStreamingApiApplication
java_class_path (initial): /Library/Java/JavaVirtualMachines/jdk1.8.0_65.jdk/Contents/Home/jre/lib/charsets.jar:/Library/Java/JavaVirtualMachines/jdk1.8.0_65.jdk/Contents/Home/jre/lib/deploy.jar:/Library/Java/JavaVirtualMachines/jdk1.8.0_65.jdk/Contents/Home/jre/lib/ext/cldrdata.jar:/Library/Java/JavaVirtualMachines/jdk1.8.0_65.jdk/Contents/Home/jre/lib/ext/dnsns.jar:/Library/Java/JavaVirtualMachines/jdk1.8.0_65.jdk/Contents/Home/jre/lib/ext/jaccess.jar:/Library/Java/JavaVirtualMachines/jdk1.8.0_65.jdk/Contents/Home/jre/lib/ext/jfxrt.jar:/Library/Java/JavaVirtualMachines/jdk1.8.0_65.jdk/Contents/Home/jre/lib/ext/localedata.jar:/Library/Java/JavaVirtualMachines/jdk1.8.0_65.jdk/Contents/Home/jre/lib/ext/nashorn.jar:/Library/Java/JavaVirtualMachines/jdk1.8.0_65.jdk/Contents/Home/jre/lib/ext/sunec.jar:/Library/Java/JavaVirtualMachines/jdk1.8.0_65.jdk/Contents/Home/jre/lib/ext/sunjce_provider.jar:/Library/Java/JavaVirtualMachines/jdk1.8.0_65.jdk/Contents/Home/jre/lib/ext/sunpkcs11.jar:/Library/Java/JavaVirtualMachines/jdk1.8.0_65.jdk/Contents/Home/jre/lib/ext/zipfs.jar:/Library/Java/JavaVirtualMachines/jdk1.8.0_65.jdk/Contents/Home/jre/lib/javaws.jar:/Library/Java/JavaVirtualMachines/jdk1.8.0_65.jdk/Contents/Home/jre/lib/jce.jar:/Library/Java/JavaVirtualMachines/jdk1.8.0_65.jdk/Contents/Home/jre/lib/jfr.jar:/Library/Java/JavaVirtualMachines/jdk1.8.0_65.jdk/Contents/Home/jre/lib/jfxswt.jar:/Library/Java/JavaVirtualMachines/jdk1.8.0_65.jdk/Contents/Home/jre/lib/jsse.jar:/Library/Java/JavaVirtualMachines/jdk1.8.0_65.jdk/Contents/Home/jre/lib/management-agent.jar:/Library/Java/JavaVirtualMachines/jdk1.8.0_65.jdk/Contents/Home/jre/lib/plugin.jar:/Library/Java/JavaVirtualMachines/jdk1.8.0_65.jdk/Contents/Home/jre/lib/resources.jar:/Library/Java/JavaVirtualMachines/jdk1.8.0_65.jdk/Contents/Home/jre/lib/rt.jar:/Library/Java/JavaVirtualMachines/jdk1.8.0_65.jdk/Contents/Home/lib/dt.jar:/Library/Java/JavaVirtualMachines/jdk1.8.0_65.jdk/Contents/Home/lib/javafx-mx.jar:/Library/Jav
Launcher Type: SUN_STANDARD

Environment Variables:
PATH=/Library/Frameworks/Python.framework/Versions/3.5/bin:/usr/local/bin:/usr/bin:/bin:/usr/sbin:/sbin
SHELL=/bin/zsh

Signal Handlers:
SIGSEGV: [libjvm.dylib+0x5a6d31], sa_mask[0]=11111111011111110111111111111111, sa_flags=SA_ONSTACK|SA_RESTART|SA_SIGINFO
SIGBUS: [libjvm.dylib+0x5a6d31], sa_mask[0]=11111111011111110111111111111111, sa_flags=SA_RESTART|SA_SIGINFO
SIGFPE: [libjvm.dylib+0x480a40], sa_mask[0]=11111111011111110111111111111111, sa_flags=SA_RESTART|SA_SIGINFO
SIGPIPE: [libjvm.dylib+0x480a40], sa_mask[0]=11111111011111110111111111111111, sa_flags=SA_RESTART|SA_SIGINFO
SIGXFSZ: [libjvm.dylib+0x480a40], sa_mask[0]=11111111011111110111111111111111, sa_flags=SA_RESTART|SA_SIGINFO
SIGILL: [libjvm.dylib+0x480a40], sa_mask[0]=11111111011111110111111111111111, sa_flags=SA_RESTART|SA_SIGINFO
SIGUSR1: SIG_DFL, sa_mask[0]=00000000000000000000000000000000, sa_flags=none
SIGUSR2: [libjvm.dylib+0x48055e], sa_mask[0]=00100000000000000000000000000000, sa_flags=SA_RESTART|SA_SIGINFO
SIGHUP: [libjvm.dylib+0x47eb35], sa_mask[0]=11111111011111110111111111111111, sa_flags=SA_RESTART|SA_SIGINFO
SIGINT: [libjvm.dylib+0x47eb35], sa_mask[0]=11111111011111110111111111111111, sa_flags=SA_RESTART|SA_SIGINFO
SIGTERM: [libjvm.dylib+0x47eb35], sa_mask[0]=11111111011111110111111111111111, sa_flags=SA_RESTART|SA_SIGINFO
SIGQUIT: [libjvm.dylib+0x47eb35], sa_mask[0]=11111111011111110111111111111111, sa_flags=SA_RESTART|SA_SIGINFO


---------------  S Y S T E M  ---------------

OS:Bsduname:Darwin 16.3.0 Darwin Kernel Version 16.3.0: Thu Nov 17 20:23:58 PST 2016; root:xnu-3789.31.2~1/RELEASE_X86_64 x86_64
rlimit: STACK 8192k, CORE 0k, NPROC 709, NOFILE 10240, AS infinity
load average:2.08 2.32 2.17

CPU:total 8 (4 cores per cpu, 2 threads per core) family 6 model 70 stepping 1, cmov, cx8, fxsr, mmx, sse, sse2, sse3, ssse3, sse4.1, sse4.2, popcnt, avx, avx2, aes, clmul, erms, lzcnt, ht, tsc, tscinvbit, bmi1, bmi2

Memory: 4k page, physical 16777216k(3928504k free)

/proc/meminfo:


vm_info: Java HotSpot(TM) 64-Bit Server VM (25.65-b01) for bsd-amd64 JRE (1.8.0_65-b17), built on Oct  6 2015 15:36:46 by "java_re" with gcc 4.2.1 (Based on Apple Inc. build 5658) (LLVM build 2336.11.00)

time: Mon Dec 26 16:14:01 2016
elapsed time: 179 seconds (0d 0h 2m 59s)

