#
# A fatal error has been detected by the Java Runtime Environment:
#
#  SIGSEGV (0xb) at pc=0x000000012dde4c72, pid=4342, tid=26883
#
# JRE version: Java(TM) SE Runtime Environment (8.0_65-b17) (build 1.8.0_65-b17)
# Java VM: Java HotSpot(TM) 64-Bit Server VM (25.65-b01 mixed mode bsd-amd64 compressed oops)
# Problematic frame:
# C  [libavutil.55.dylib+0x5c72]  av_buffer_unref+0x12
#
# Failed to write core dump. Core dumps have been disabled. To enable core dumping, try "ulimit -c unlimited" before starting Java again
#
# If you would like to submit a bug report, please visit:
#   http://bugreport.java.com/bugreport/crash.jsp
# The crash happened outside the Java Virtual Machine in native code.
# See problematic frame for where to report the bug.
#

---------------  T H R E A D  ---------------

Current thread (0x00007fb9ac249800):  JavaThread "Thread-4" daemon [_thread_in_native, id=26883, stack(0x0000700009815000,0x0000700009915000)]

siginfo: si_signo: 11 (SIGSEGV), si_code: 0 (unknown), si_addr: 0x0000000000000000

Registers:
RAX=0xe000000000000000, RBX=0x00007fb9a7f54e20, RCX=0x0000000000000000, RDX=0x00007fb9a7f54e20
RSP=0x00007000099146f0, RBP=0x0000700009914750, RSI=0x00007000099147e8, RDI=0x00007fb9a7f54e28
R8 =0x0000000000000004, R9 =0x0000000000000000, R10=0x000000011e807928, R11=0x0000000111cdc4cf
R12=0x0000000000000000, R13=0x000000012ef78698, R14=0x00007fb9a7f54e58, R15=0x00007fb9a7f54e28
RIP=0x000000012dde4c72, EFLAGS=0x0000000000010206, ERR=0x0000000000000000
  TRAPNO=0x000000000000000d

Top of Stack: (sp=0x00007000099146f0)
0x00007000099146f0:   0000700009914750 000000012ddf876b
0x0000700009914700:   00007fb9a7f54e20 0000000130e12734
0x0000700009914710:   000000012dc1a500 00007fb9a7f54e20
0x0000700009914720:   0000000000000000 00007000099147e8
0x0000700009914730:   00007fb9ac249800 000000012dc19f32
0x0000700009914740:   000000012ef78698 00007000099147e8
0x0000700009914750:   00007000099147b8 000000011e807954
0x0000700009914760:   0000700009914780 00007fb9a7cb1100
0x0000700009914770:   00007fb9ac249800 0000700009914778
0x0000700009914780:   0000000000000000 00007000099147e8
0x0000700009914790:   000000012ef7a738 0000000000000000
0x00007000099147a0:   000000012ef78698 0000000000000000
0x00007000099147b0:   00007000099147d8 0000700009914830
0x00007000099147c0:   000000011e7f9c4d 0000000000000000
0x00007000099147d0:   000000011e801578 00007fb9a7f54e20
0x00007000099147e0:   00007fb9a7f54e20 000000077085fc60
0x00007000099147f0:   00007000099147f0 000000012ef789a6
0x0000700009914800:   0000700009914840 000000012ef7a738
0x0000700009914810:   0000000000000000 000000012ef789c8
0x0000700009914820:   00007000099147d8 0000700009914840
0x0000700009914830:   0000700009914888 000000011e7f9c4d
0x0000700009914840:   000000077085fc60 0000700009914848
0x0000700009914850:   000000012ef788e1 0000700009914898
0x0000700009914860:   000000012ef7a738 0000000000000000
0x0000700009914870:   000000012ef78910 0000700009914840
0x0000700009914880:   0000700009914898 00007000099148e0
0x0000700009914890:   000000011e7f9c4d 000000077085fc60
0x00007000099148a0:   00007000099148a0 000000012fe8aea5
0x00007000099148b0:   0000700009914910 000000012ef76cc0
0x00007000099148c0:   0000000000000000 000000012fe8b018
0x00007000099148d0:   0000700009914898 0000700009914910
0x00007000099148e0:   0000700009914958 000000011e7f9c92 

Instructions: (pc=0x000000012dde4c72)
0x000000012dde4c52:   48 89 c1 48 89 c8 5b c3 66 0f 1f 44 00 00 48 85
0x000000012dde4c62:   ff 74 47 48 8b 07 48 85 c0 74 3f 53 48 83 ec 10
0x000000012dde4c72:   48 8b 18 48 89 5c 24 08 e8 d1 3a 01 00 b8 ff ff
0x000000012dde4c82:   ff ff f0 0f c1 43 0c 83 f8 01 75 19 48 8b 44 24 

Register to memory mapping:

RAX=0xe000000000000000 is an unknown value
RBX=0x00007fb9a7f54e20 is an unknown value
RCX=0x0000000000000000 is an unknown value
RDX=0x00007fb9a7f54e20 is an unknown value
RSP=0x00007000099146f0 is pointing into the stack for thread: 0x00007fb9ac249800
RBP=0x0000700009914750 is pointing into the stack for thread: 0x00007fb9ac249800
RSI=0x00007000099147e8 is pointing into the stack for thread: 0x00007fb9ac249800
RDI=0x00007fb9a7f54e28 is an unknown value
R8 =0x0000000000000004 is an unknown value
R9 =0x0000000000000000 is an unknown value
R10=0x000000011e807928 is at code_begin+808 in an Interpreter codelet
method entry point (kind = native)  [0x000000011e807600, 0x000000011e807f00]  2304 bytes
R11=0x0000000111cdc4cf: throw_unsatisfied_link_error+0 in /Library/Java/JavaVirtualMachines/jdk1.8.0_65.jdk/Contents/Home/jre/lib/server/libjvm.dylib at 0x0000000111800000
R12=0x0000000000000000 is an unknown value
R13={method} {0x000000012ef78698} 'releaseContextInternal' '(J)V' in 'kh/com/kshrd/core/RtspStream'
R14=0x00007fb9a7f54e58 is an unknown value
R15=0x00007fb9a7f54e28 is an unknown value


Stack: [0x0000700009815000,0x0000700009915000],  sp=0x00007000099146f0,  free space=1021k
Native frames: (J=compiled Java code, j=interpreted, Vv=VM code, C=native code)
C  [libavutil.55.dylib+0x5c72]  av_buffer_unref+0x12
j  kh.com.kshrd.core.RtspStream.releaseContextInternal(J)V+0
j  kh.com.kshrd.core.RtspStream.release()V+14
j  kh.com.kshrd.core.RtspStream.initialize()V+1
j  kh.com.kshrd.core.RtspCamera.run()V+269
j  java.lang.Thread.run()V+11
v  ~StubRoutines::call_stub
V  [libjvm.dylib+0x2eab02]  JavaCalls::call_helper(JavaValue*, methodHandle*, JavaCallArguments*, Thread*)+0x6ae
V  [libjvm.dylib+0x2eb290]  JavaCalls::call_virtual(JavaValue*, KlassHandle, Symbol*, Symbol*, JavaCallArguments*, Thread*)+0x164
V  [libjvm.dylib+0x2eb43c]  JavaCalls::call_virtual(JavaValue*, Handle, KlassHandle, Symbol*, Symbol*, Thread*)+0x4a
V  [libjvm.dylib+0x345959]  thread_entry(JavaThread*, Thread*)+0x7c
V  [libjvm.dylib+0x5612d3]  JavaThread::thread_main_inner()+0x9b
V  [libjvm.dylib+0x5629ce]  JavaThread::run()+0x1c2
V  [libjvm.dylib+0x48342e]  java_start(Thread*)+0xf6
C  [libsystem_pthread.dylib+0x3aab]  _pthread_body+0xb4
C  [libsystem_pthread.dylib+0x39f7]  _pthread_body+0x0
C  [libsystem_pthread.dylib+0x31fd]  thread_start+0xd
C  0x0000000000000000

Java frames: (J=compiled Java code, j=interpreted, Vv=VM code)
j  kh.com.kshrd.core.RtspStream.releaseContextInternal(J)V+0
j  kh.com.kshrd.core.RtspStream.release()V+14
j  kh.com.kshrd.core.RtspStream.initialize()V+1
j  kh.com.kshrd.core.RtspCamera.run()V+269
j  java.lang.Thread.run()V+11
v  ~StubRoutines::call_stub

---------------  P R O C E S S  ---------------

Java Threads: ( => current thread )
=>0x00007fb9ac249800 JavaThread "Thread-4" daemon [_thread_in_native, id=26883, stack(0x0000700009815000,0x0000700009915000)]
  0x00007fb9ad1c9800 JavaThread "http-nio-9999-exec-2" daemon [_thread_blocked, id=26371, stack(0x0000700009712000,0x0000700009812000)]
  0x00007fb9aca7c000 JavaThread "Thread-3" daemon [_thread_in_native, id=4875, stack(0x0000700008efa000,0x0000700008ffa000)]
  0x00007fb9ac85a000 JavaThread "http-nio-9999-exec-1" daemon [_thread_blocked, id=4107, stack(0x0000700008df7000,0x0000700008ef7000)]
  0x00007fb9aa272000 JavaThread "DestroyJavaVM" [_thread_blocked, id=7171, stack(0x00007000079bb000,0x0000700007abb000)]
  0x00007fb9ab3ab000 JavaThread "http-nio-9999-AsyncTimeout" daemon [_thread_blocked, id=25859, stack(0x000070000960f000,0x000070000970f000)]
  0x00007fb9ab8fc800 JavaThread "http-nio-9999-Acceptor-0" daemon [_thread_in_native, id=25347, stack(0x000070000950c000,0x000070000960c000)]
  0x00007fb9ac2e5800 JavaThread "http-nio-9999-ClientPoller-1" daemon [_thread_in_native, id=24835, stack(0x0000700009409000,0x0000700009509000)]
  0x00007fb9aacb2800 JavaThread "http-nio-9999-ClientPoller-0" daemon [_thread_in_native, id=24323, stack(0x0000700009306000,0x0000700009406000)]
  0x00007fb9ac18c000 JavaThread "NioBlockingSelector.BlockPoller-1" daemon [_thread_in_native, id=23811, stack(0x0000700009203000,0x0000700009303000)]
  0x00007fb9a70dc000 JavaThread "container-0" [_thread_blocked, id=23299, stack(0x0000700009100000,0x0000700009200000)]
  0x00007fb9a60b5800 JavaThread "ContainerBackgroundProcessor[StandardEngine[Tomcat]]" daemon [_thread_blocked, id=22787, stack(0x0000700008ffd000,0x00007000090fd000)]
  0x00007fb9a81eb800 JavaThread "Monitor Ctrl-Break" daemon [_thread_in_native, id=22275, stack(0x0000700008cf4000,0x0000700008df4000)]
  0x00007fb9a9011000 JavaThread "Service Thread" daemon [_thread_blocked, id=21251, stack(0x0000700008aee000,0x0000700008bee000)]
  0x00007fb9a802d000 JavaThread "C1 CompilerThread3" daemon [_thread_blocked, id=20739, stack(0x00007000089eb000,0x0000700008aeb000)]
  0x00007fb9a8808000 JavaThread "C2 CompilerThread2" daemon [_thread_blocked, id=20227, stack(0x00007000088e8000,0x00007000089e8000)]
  0x00007fb9a802c000 JavaThread "C2 CompilerThread1" daemon [_thread_blocked, id=19715, stack(0x00007000087e5000,0x00007000088e5000)]
  0x00007fb9a604d000 JavaThread "C2 CompilerThread0" daemon [_thread_blocked, id=19203, stack(0x00007000086e2000,0x00007000087e2000)]
  0x00007fb9a601f800 JavaThread "Signal Dispatcher" daemon [_thread_blocked, id=18691, stack(0x00007000085df000,0x00007000086df000)]
  0x00007fb9a6810000 JavaThread "Finalizer" daemon [_thread_blocked, id=14595, stack(0x00007000084dc000,0x00007000085dc000)]
  0x00007fb9a680f800 JavaThread "Reference Handler" daemon [_thread_blocked, id=14083, stack(0x00007000083d9000,0x00007000084d9000)]

Other Threads:
  0x00007fb9a802b800 VMThread [stack: 0x00007000082d6000,0x00007000083d6000] [id=13571]
  0x00007fb9a6020800 WatcherThread [stack: 0x0000700008bf1000,0x0000700008cf1000] [id=21763]

VM state:not at safepoint (normal execution)

VM Mutex/Monitor currently owned by a thread: None

Heap:
 PSYoungGen      total 267776K, used 98792K [0x000000076ab00000, 0x000000078a180000, 0x00000007c0000000)
  eden space 249344K, 39% used [0x000000076ab00000,0x0000000770b7a058,0x0000000779e80000)
  from space 18432K, 0% used [0x0000000779e80000,0x0000000779e80000,0x000000077b080000)
  to   space 19968K, 0% used [0x0000000788e00000,0x0000000788e00000,0x000000078a180000)
 ParOldGen       total 132096K, used 27633K [0x00000006c0000000, 0x00000006c8100000, 0x000000076ab00000)
  object space 132096K, 20% used [0x00000006c0000000,0x00000006c1afc608,0x00000006c8100000)
 Metaspace       used 40926K, capacity 41490K, committed 41728K, reserved 1085440K
  class space    used 5150K, capacity 5287K, committed 5376K, reserved 1048576K

Card table byte_map: [0x0000000112b49000,0x000000011334a000] byte_map_base: 0x000000010f549000

Marking Bits: (ParMarkBitMap*) 0x00000001120dee20
 Begin Bits: [0x00000001138a0000, 0x00000001178a0000)
 End Bits:   [0x00000001178a0000, 0x000000011b8a0000)

Polling page: 0x00000001106eb000

CodeCache: size=245760Kb used=14737Kb max_used=14747Kb free=231022Kb
 bounds [0x000000011e7f2000, 0x000000011f672000, 0x000000012d7f2000]
 total_blobs=4702 nmethods=4264 adapters=350
 compilation: enabled

Compilation events (10 events):
Event: 36.143 Thread 0x00007fb9a802c000 4994       4       kh.com.kshrd.core.StreamConsumer::exist (23 bytes)
Event: 36.144 Thread 0x00007fb9a802c000 nmethod 4994 0x000000011f6673d0 code [0x000000011f667520, 0x000000011f6675f8]
Event: 36.293 Thread 0x00007fb9a802d000 4995       1       java.nio.channels.spi.AbstractSelector::cancelledKeys (5 bytes)
Event: 36.293 Thread 0x00007fb9a802d000 nmethod 4995 0x000000011f666a90 code [0x000000011f666be0, 0x000000011f666cf0]
Event: 43.316 Thread 0x00007fb9a802d000 4996       1       org.apache.tomcat.util.net.NioEndpoint$NioSocketWrapper::interestOps (5 bytes)
Event: 43.316 Thread 0x00007fb9a802d000 nmethod 4996 0x000000011ee74a10 code [0x000000011ee74b60, 0x000000011ee74c70]
Event: 55.354 Thread 0x00007fb9a802d000 4997       3       java.nio.channels.spi.AbstractInterruptibleChannel::blockedOn (13 bytes)
Event: 55.354 Thread 0x00007fb9a802d000 nmethod 4997 0x000000011f668350 code [0x000000011f6684e0, 0x000000011f6689f0]
Event: 57.428 Thread 0x00007fb9a802d000 4998   !   3       sun.nio.ch.SelectorImpl::processDeregisterQueue (101 bytes)
Event: 57.429 Thread 0x00007fb9a802d000 nmethod 4998 0x000000011f66a190 code [0x000000011f66a3c0, 0x000000011f66af58]

GC Heap History (10 events):
Event: 11.544 GC heap before
{Heap before GC invocations=5 (full 1):
 PSYoungGen      total 141824K, used 10725K [0x000000076ab00000, 0x0000000774000000, 0x00000007c0000000)
  eden space 131072K, 0% used [0x000000076ab00000,0x000000076ab00000,0x0000000772b00000)
  from space 10752K, 99% used [0x0000000773580000,0x0000000773ff9440,0x0000000774000000)
  to   space 10752K, 0% used [0x0000000772b00000,0x0000000772b00000,0x0000000773580000)
 ParOldGen       total 175104K, used 2828K [0x00000006c0000000, 0x00000006cab00000, 0x000000076ab00000)
  object space 175104K, 1% used [0x00000006c0000000,0x00000006c02c3230,0x00000006cab00000)
 Metaspace       used 20914K, capacity 21230K, committed 21296K, reserved 1069056K
  class space    used 2555K, capacity 2678K, committed 2688K, reserved 1048576K
Event: 11.577 GC heap after
Heap after GC invocations=5 (full 1):
 PSYoungGen      total 141824K, used 0K [0x000000076ab00000, 0x0000000774000000, 0x00000007c0000000)
  eden space 131072K, 0% used [0x000000076ab00000,0x000000076ab00000,0x0000000772b00000)
  from space 10752K, 0% used [0x0000000773580000,0x0000000773580000,0x0000000774000000)
  to   space 10752K, 0% used [0x0000000772b00000,0x0000000772b00000,0x0000000773580000)
 ParOldGen       total 84480K, used 11038K [0x00000006c0000000, 0x00000006c5280000, 0x000000076ab00000)
  object space 84480K, 13% used [0x00000006c0000000,0x00000006c0ac7b88,0x00000006c5280000)
 Metaspace       used 20914K, capacity 21230K, committed 21296K, reserved 1069056K
  class space    used 2555K, capacity 2678K, committed 2688K, reserved 1048576K
}
Event: 12.432 GC heap before
{Heap before GC invocations=6 (full 1):
 PSYoungGen      total 141824K, used 131072K [0x000000076ab00000, 0x0000000774000000, 0x00000007c0000000)
  eden space 131072K, 100% used [0x000000076ab00000,0x0000000772b00000,0x0000000772b00000)
  from space 10752K, 0% used [0x0000000773580000,0x0000000773580000,0x0000000774000000)
  to   space 10752K, 0% used [0x0000000772b00000,0x0000000772b00000,0x0000000773580000)
 ParOldGen       total 84480K, used 11038K [0x00000006c0000000, 0x00000006c5280000, 0x000000076ab00000)
  object space 84480K, 13% used [0x00000006c0000000,0x00000006c0ac7b88,0x00000006c5280000)
 Metaspace       used 27723K, capacity 28050K, committed 28416K, reserved 1075200K
  class space    used 3416K, capacity 3516K, committed 3584K, reserved 1048576K
Event: 12.452 GC heap after
Heap after GC invocations=6 (full 1):
 PSYoungGen      total 141824K, used 10726K [0x000000076ab00000, 0x000000077c600000, 0x00000007c0000000)
  eden space 131072K, 0% used [0x000000076ab00000,0x000000076ab00000,0x0000000772b00000)
  from space 10752K, 99% used [0x0000000772b00000,0x0000000773579938,0x0000000773580000)
  to   space 19456K, 0% used [0x000000077b300000,0x000000077b300000,0x000000077c600000)
 ParOldGen       total 84480K, used 21689K [0x00000006c0000000, 0x00000006c5280000, 0x000000076ab00000)
  object space 84480K, 25% used [0x00000006c0000000,0x00000006c152e658,0x00000006c5280000)
 Metaspace       used 27723K, capacity 28050K, committed 28416K, reserved 1075200K
  class space    used 3416K, capacity 3516K, committed 3584K, reserved 1048576K
}
Event: 13.166 GC heap before
{Heap before GC invocations=7 (full 1):
 PSYoungGen      total 141824K, used 141798K [0x000000076ab00000, 0x000000077c600000, 0x00000007c0000000)
  eden space 131072K, 100% used [0x000000076ab00000,0x0000000772b00000,0x0000000772b00000)
  from space 10752K, 99% used [0x0000000772b00000,0x0000000773579938,0x0000000773580000)
  to   space 19456K, 0% used [0x000000077b300000,0x000000077b300000,0x000000077c600000)
 ParOldGen       total 84480K, used 21689K [0x00000006c0000000, 0x00000006c5280000, 0x000000076ab00000)
  object space 84480K, 25% used [0x00000006c0000000,0x00000006c152e658,0x00000006c5280000)
 Metaspace       used 31467K, capacity 31906K, committed 32000K, reserved 1077248K
  class space    used 3912K, capacity 4036K, committed 4096K, reserved 1048576K
Event: 13.178 GC heap after
Heap after GC invocations=7 (full 1):
 PSYoungGen      total 265216K, used 12887K [0x000000076ab00000, 0x000000077c280000, 0x00000007c0000000)
  eden space 249344K, 0% used [0x000000076ab00000,0x000000076ab00000,0x0000000779e80000)
  from space 15872K, 81% used [0x000000077b300000,0x000000077bf95fb0,0x000000077c280000)
  to   space 18432K, 0% used [0x0000000779e80000,0x0000000779e80000,0x000000077b080000)
 ParOldGen       total 84480K, used 21697K [0x00000006c0000000, 0x00000006c5280000, 0x000000076ab00000)
  object space 84480K, 25% used [0x00000006c0000000,0x00000006c1530658,0x00000006c5280000)
 Metaspace       used 31467K, capacity 31906K, committed 32000K, reserved 1077248K
  class space    used 3912K, capacity 4036K, committed 4096K, reserved 1048576K
}
Event: 13.822 GC heap before
{Heap before GC invocations=8 (full 1):
 PSYoungGen      total 265216K, used 147566K [0x000000076ab00000, 0x000000077c280000, 0x00000007c0000000)
  eden space 249344K, 54% used [0x000000076ab00000,0x0000000772e85920,0x0000000779e80000)
  from space 15872K, 81% used [0x000000077b300000,0x000000077bf95fb0,0x000000077c280000)
  to   space 18432K, 0% used [0x0000000779e80000,0x0000000779e80000,0x000000077b080000)
 ParOldGen       total 84480K, used 21697K [0x00000006c0000000, 0x00000006c5280000, 0x000000076ab00000)
  object space 84480K, 25% used [0x00000006c0000000,0x00000006c1530658,0x00000006c5280000)
 Metaspace       used 34869K, capacity 35296K, committed 35496K, reserved 1081344K
  class space    used 4416K, capacity 4521K, committed 4608K, reserved 1048576K
Event: 13.841 GC heap after
Heap after GC invocations=8 (full 1):
 PSYoungGen      total 267776K, used 17366K [0x000000076ab00000, 0x000000078a180000, 0x00000007c0000000)
  eden space 249344K, 0% used [0x000000076ab00000,0x000000076ab00000,0x0000000779e80000)
  from space 18432K, 94% used [0x0000000779e80000,0x000000077af75ab8,0x000000077b080000)
  to   space 19968K, 0% used [0x0000000788e00000,0x0000000788e00000,0x000000078a180000)
 ParOldGen       total 84480K, used 21705K [0x00000006c0000000, 0x00000006c5280000, 0x000000076ab00000)
  object space 84480K, 25% used [0x00000006c0000000,0x00000006c1532658,0x00000006c5280000)
 Metaspace       used 34869K, capacity 35296K, committed 35496K, reserved 1081344K
  class space    used 4416K, capacity 4521K, committed 4608K, reserved 1048576K
}
Event: 13.841 GC heap before
{Heap before GC invocations=9 (full 2):
 PSYoungGen      total 267776K, used 17366K [0x000000076ab00000, 0x000000078a180000, 0x00000007c0000000)
  eden space 249344K, 0% used [0x000000076ab00000,0x000000076ab00000,0x0000000779e80000)
  from space 18432K, 94% used [0x0000000779e80000,0x000000077af75ab8,0x000000077b080000)
  to   space 19968K, 0% used [0x0000000788e00000,0x0000000788e00000,0x000000078a180000)
 ParOldGen       total 84480K, used 21705K [0x00000006c0000000, 0x00000006c5280000, 0x000000076ab00000)
  object space 84480K, 25% used [0x00000006c0000000,0x00000006c1532658,0x00000006c5280000)
 Metaspace       used 34869K, capacity 35296K, committed 35496K, reserved 1081344K
  class space    used 4416K, capacity 4521K, committed 4608K, reserved 1048576K
Event: 13.901 GC heap after
Heap after GC invocations=9 (full 2):
 PSYoungGen      total 267776K, used 0K [0x000000076ab00000, 0x000000078a180000, 0x00000007c0000000)
  eden space 249344K, 0% used [0x000000076ab00000,0x000000076ab00000,0x0000000779e80000)
  from space 18432K, 0% used [0x0000000779e80000,0x0000000779e80000,0x000000077b080000)
  to   space 19968K, 0% used [0x0000000788e00000,0x0000000788e00000,0x000000078a180000)
 ParOldGen       total 132096K, used 27633K [0x00000006c0000000, 0x00000006c8100000, 0x000000076ab00000)
  object space 132096K, 20% used [0x00000006c0000000,0x00000006c1afc608,0x00000006c8100000)
 Metaspace       used 34869K, capacity 35296K, committed 35496K, reserved 1081344K
  class space    used 4416K, capacity 4521K, committed 4608K, reserved 1048576K
}

Deoptimization events (10 events):
Event: 24.836 Thread 0x00007fb9ac85a000 Uncommon trap: reason=class_check action=maybe_recompile pc=0x000000011ea14b70 method=java.lang.StringCoding$StringDecoder.decode([BII)[C @ 30
Event: 24.858 Thread 0x00007fb9ac85a000 Uncommon trap: reason=unstable_if action=reinterpret pc=0x000000011f2f7d80 method=java.lang.ClassLoader.getClassLoadingLock(Ljava/lang/String;)Ljava/lang/Object; @ 6
Event: 24.859 Thread 0x00007fb9ac85a000 Uncommon trap: reason=bimorphic action=maybe_recompile pc=0x000000011f2ed18c method=java.lang.ClassLoader.loadClass(Ljava/lang/String;Z)Ljava/lang/Class; @ 2
Event: 24.859 Thread 0x00007fb9ac85a000 Uncommon trap: reason=bimorphic action=maybe_recompile pc=0x000000011f2ed18c method=java.lang.ClassLoader.loadClass(Ljava/lang/String;Z)Ljava/lang/Class; @ 2
Event: 24.860 Thread 0x00007fb9ac85a000 Uncommon trap: reason=bimorphic action=maybe_recompile pc=0x000000011f2ed18c method=java.lang.ClassLoader.loadClass(Ljava/lang/String;Z)Ljava/lang/Class; @ 2
Event: 24.860 Thread 0x00007fb9ac85a000 Uncommon trap: reason=bimorphic action=maybe_recompile pc=0x000000011f2ed18c method=java.lang.ClassLoader.loadClass(Ljava/lang/String;Z)Ljava/lang/Class; @ 2
Event: 24.880 Thread 0x00007fb9ac85a000 Uncommon trap: reason=unstable_if action=reinterpret pc=0x000000011ecf7110 method=java.lang.Character.isSurrogate(C)Z @ 3
Event: 24.916 Thread 0x00007fb9ac85a000 Uncommon trap: reason=unstable_if action=reinterpret pc=0x000000011f340310 method=java.security.CodeSource.getCertificates()[Ljava/security/cert/Certificate; @ 22
Event: 27.264 Thread 0x00007fb9ad1c9800 Uncommon trap: reason=unstable_if action=reinterpret pc=0x000000011f031a60 method=java.lang.CharacterDataLatin1.digit(II)I @ 82
Event: 27.268 Thread 0x00007fb9ad1c9800 Uncommon trap: reason=unstable_if action=reinterpret pc=0x000000011ed2ea38 method=java.lang.CharacterDataLatin1.digit(II)I @ 60

Internal exceptions (10 events):
Event: 24.713 Thread 0x00007fb9ac85a000 Exception <a 'java/lang/ClassNotFoundException': org/springframework/web/servlet/theme/AbstractThemeResolverCustomizer> (0x000000076e417fb8) thrown at [/Users/java_re/workspace/8-2-build-macosx-x86_64/jdk8u65/4987/hotspot/src/share/vm/classfile/systemDict
Event: 24.713 Thread 0x00007fb9ac85a000 Exception <a 'java/lang/ClassNotFoundException': org/springframework/web/servlet/theme/FixedThemeResolverCustomizer> (0x000000076e436e38) thrown at [/Users/java_re/workspace/8-2-build-macosx-x86_64/jdk8u65/4987/hotspot/src/share/vm/classfile/systemDiction
Event: 24.714 Thread 0x00007fb9ac85a000 Exception <a 'java/lang/ClassNotFoundException': org/springframework/web/servlet/ThemeResolverCustomizer> (0x000000076e452fc8) thrown at [/Users/java_re/workspace/8-2-build-macosx-x86_64/jdk8u65/4987/hotspot/src/share/vm/classfile/systemDictionary.cpp, li
Event: 24.715 Thread 0x00007fb9ac85a000 Exception <a 'java/lang/ClassNotFoundException': java/lang/ObjectCustomizer> (0x000000076e472750) thrown at [/Users/java_re/workspace/8-2-build-macosx-x86_64/jdk8u65/4987/hotspot/src/share/vm/classfile/systemDictionary.cpp, line 210]
Event: 24.716 Thread 0x00007fb9ac85a000 Exception <a 'java/lang/ClassNotFoundException': org/springframework/web/servlet/view/DefaultRequestToViewNameTranslatorCustomizer> (0x000000076e495960) thrown at [/Users/java_re/workspace/8-2-build-macosx-x86_64/jdk8u65/4987/hotspot/src/share/vm/classfil
Event: 24.716 Thread 0x00007fb9ac85a000 Exception <a 'java/lang/ClassNotFoundException': org/springframework/web/servlet/RequestToViewNameTranslatorCustomizer> (0x000000076e4c3d20) thrown at [/Users/java_re/workspace/8-2-build-macosx-x86_64/jdk8u65/4987/hotspot/src/share/vm/classfile/systemDict
Event: 24.718 Thread 0x00007fb9ac85a000 Exception <a 'java/lang/ClassNotFoundException': java/lang/ObjectCustomizer> (0x000000076e4f4028) thrown at [/Users/java_re/workspace/8-2-build-macosx-x86_64/jdk8u65/4987/hotspot/src/share/vm/classfile/systemDictionary.cpp, line 210]
Event: 24.719 Thread 0x00007fb9ac85a000 Exception <a 'java/lang/ClassNotFoundException': org/springframework/web/servlet/support/AbstractFlashMapManagerCustomizer> (0x000000076e514ff8) thrown at [/Users/java_re/workspace/8-2-build-macosx-x86_64/jdk8u65/4987/hotspot/src/share/vm/classfile/system
Event: 24.719 Thread 0x00007fb9ac85a000 Exception <a 'java/lang/ClassNotFoundException': org/springframework/web/servlet/support/SessionFlashMapManagerCustomizer> (0x000000076e539e50) thrown at [/Users/java_re/workspace/8-2-build-macosx-x86_64/jdk8u65/4987/hotspot/src/share/vm/classfile/systemD
Event: 24.720 Thread 0x00007fb9ac85a000 Exception <a 'java/lang/ClassNotFoundException': org/springframework/web/servlet/FlashMapManagerCustomizer> (0x000000076e555f30) thrown at [/Users/java_re/workspace/8-2-build-macosx-x86_64/jdk8u65/4987/hotspot/src/share/vm/classfile/systemDictionary.cpp, 

Events (10 events):
Event: 42.770 Executing VM operation: RevokeBias done
Event: 42.770 Executing VM operation: RevokeBias
Event: 42.770 Executing VM operation: RevokeBias done
Event: 42.770 Executing VM operation: RevokeBias
Event: 42.770 Executing VM operation: RevokeBias done
Event: 42.770 Executing VM operation: RevokeBias
Event: 42.770 Executing VM operation: RevokeBias done
Event: 42.770 Executing VM operation: BulkRevokeBias
Event: 42.770 Executing VM operation: BulkRevokeBias done
Event: 55.355 Thread 0x00007fb9a802d000 flushing nmethod 0x000000011f0ff0d0


Dynamic libraries:
0x00000000414c9000 	/System/Library/Frameworks/Cocoa.framework/Versions/A/Cocoa
0x00000000414c9000 	/System/Library/Frameworks/Security.framework/Versions/A/Security
0x00000000414c9000 	/System/Library/Frameworks/ApplicationServices.framework/Versions/A/ApplicationServices
0x00000000414c9000 	/usr/lib/libz.1.dylib
0x00000000414c9000 	/usr/lib/libSystem.B.dylib
0x00000000414c9000 	/usr/lib/libobjc.A.dylib
0x00000000414c9000 	/System/Library/Frameworks/CoreFoundation.framework/Versions/A/CoreFoundation
0x00000000414c9000 	/System/Library/Frameworks/Foundation.framework/Versions/C/Foundation
0x00000000414c9000 	/System/Library/Frameworks/AppKit.framework/Versions/C/AppKit
0x00000000414c9000 	/System/Library/Frameworks/CoreData.framework/Versions/A/CoreData
0x00000000414c9000 	/System/Library/PrivateFrameworks/RemoteViewServices.framework/Versions/A/RemoteViewServices
0x00000000414c9000 	/System/Library/PrivateFrameworks/UIFoundation.framework/Versions/A/UIFoundation
0x00000000414c9000 	/System/Library/PrivateFrameworks/DFRFoundation.framework/Versions/A/DFRFoundation
0x00000000414c9000 	/usr/lib/libenergytrace.dylib
0x00000000414c9000 	/System/Library/PrivateFrameworks/SkyLight.framework/Versions/A/SkyLight
0x00000000414c9000 	/System/Library/Frameworks/CoreGraphics.framework/Versions/A/CoreGraphics
0x00000000414c9000 	/usr/lib/libScreenReader.dylib
0x00000000414c9000 	/System/Library/Frameworks/Accelerate.framework/Versions/A/Accelerate
0x00000000414c9000 	/System/Library/Frameworks/IOSurface.framework/Versions/A/IOSurface
0x00000000414c9000 	/System/Library/Frameworks/AudioToolbox.framework/Versions/A/AudioToolbox
0x00000000414c9000 	/System/Library/Frameworks/AudioUnit.framework/Versions/A/AudioUnit
0x00000000414c9000 	/System/Library/PrivateFrameworks/DataDetectorsCore.framework/Versions/A/DataDetectorsCore
0x00000000414c9000 	/System/Library/PrivateFrameworks/DesktopServicesPriv.framework/Versions/A/DesktopServicesPriv
0x00000000414c9000 	/System/Library/Frameworks/Carbon.framework/Versions/A/Frameworks/HIToolbox.framework/Versions/A/HIToolbox
0x00000000414c9000 	/usr/lib/libicucore.A.dylib
0x00000000414c9000 	/System/Library/Frameworks/QuartzCore.framework/Versions/A/QuartzCore
0x00000000414c9000 	/System/Library/Frameworks/Carbon.framework/Versions/A/Frameworks/SpeechRecognition.framework/Versions/A/SpeechRecognition
0x00000000414c9000 	/usr/lib/libauto.dylib
0x00000000414c9000 	/usr/lib/libxml2.2.dylib
0x00000000414c9000 	/System/Library/PrivateFrameworks/CoreUI.framework/Versions/A/CoreUI
0x00000000414c9000 	/System/Library/Frameworks/CoreAudio.framework/Versions/A/CoreAudio
0x00000000414c9000 	/System/Library/Frameworks/DiskArbitration.framework/Versions/A/DiskArbitration
0x00000000414c9000 	/usr/lib/liblangid.dylib
0x00000000414c9000 	/System/Library/PrivateFrameworks/MultitouchSupport.framework/Versions/A/MultitouchSupport
0x00000000414c9000 	/System/Library/Frameworks/IOKit.framework/Versions/A/IOKit
0x00000000414c9000 	/usr/lib/libDiagnosticMessagesClient.dylib
0x00000000414c9000 	/System/Library/Frameworks/CoreServices.framework/Versions/A/CoreServices
0x00000000414c9000 	/System/Library/PrivateFrameworks/PerformanceAnalysis.framework/Versions/A/PerformanceAnalysis
0x00000000414c9000 	/System/Library/PrivateFrameworks/GenerationalStorage.framework/Versions/A/GenerationalStorage
0x00000000414c9000 	/System/Library/Frameworks/OpenGL.framework/Versions/A/OpenGL
0x00000000414c9000 	/System/Library/Frameworks/CoreImage.framework/Versions/A/CoreImage
0x00000000414c9000 	/System/Library/Frameworks/CoreText.framework/Versions/A/CoreText
0x00000000414c9000 	/System/Library/Frameworks/ImageIO.framework/Versions/A/ImageIO
0x00000000414c9000 	/System/Library/PrivateFrameworks/Backup.framework/Versions/A/Backup
0x00000000414c9000 	/usr/lib/libarchive.2.dylib
0x00000000414c9000 	/System/Library/Frameworks/CFNetwork.framework/Versions/A/CFNetwork
0x00000000414c9000 	/System/Library/Frameworks/SystemConfiguration.framework/Versions/A/SystemConfiguration
0x00000000414c9000 	/usr/lib/libCRFSuite.dylib
0x00000000414c9000 	/usr/lib/libc++.1.dylib
0x00000000414c9000 	/usr/lib/libc++abi.dylib
0x00000000414c9000 	/usr/lib/system/libcache.dylib
0x00000000414c9000 	/usr/lib/system/libcommonCrypto.dylib
0x00000000414c9000 	/usr/lib/system/libcompiler_rt.dylib
0x00000000414c9000 	/usr/lib/system/libcopyfile.dylib
0x00000000414c9000 	/usr/lib/system/libcorecrypto.dylib
0x00000000414c9000 	/usr/lib/system/libdispatch.dylib
0x00000000414c9000 	/usr/lib/system/libdyld.dylib
0x00000000414c9000 	/usr/lib/system/libkeymgr.dylib
0x00000000414c9000 	/usr/lib/system/liblaunch.dylib
0x00000000414c9000 	/usr/lib/system/libmacho.dylib
0x00000000414c9000 	/usr/lib/system/libquarantine.dylib
0x00000000414c9000 	/usr/lib/system/libremovefile.dylib
0x00000000414c9000 	/usr/lib/system/libsystem_asl.dylib
0x00000000414c9000 	/usr/lib/system/libsystem_blocks.dylib
0x00000000414c9000 	/usr/lib/system/libsystem_c.dylib
0x00000000414c9000 	/usr/lib/system/libsystem_configuration.dylib
0x00000000414c9000 	/usr/lib/system/libsystem_coreservices.dylib
0x00000000414c9000 	/usr/lib/system/libsystem_coretls.dylib
0x00000000414c9000 	/usr/lib/system/libsystem_dnssd.dylib
0x00000000414c9000 	/usr/lib/system/libsystem_info.dylib
0x00000000414c9000 	/usr/lib/system/libsystem_kernel.dylib
0x00000000414c9000 	/usr/lib/system/libsystem_m.dylib
0x00000000414c9000 	/usr/lib/system/libsystem_malloc.dylib
0x00000000414c9000 	/usr/lib/system/libsystem_network.dylib
0x00000000414c9000 	/usr/lib/system/libsystem_networkextension.dylib
0x00000000414c9000 	/usr/lib/system/libsystem_notify.dylib
0x00000000414c9000 	/usr/lib/system/libsystem_platform.dylib
0x00000000414c9000 	/usr/lib/system/libsystem_pthread.dylib
0x00000000414c9000 	/usr/lib/system/libsystem_sandbox.dylib
0x00000000414c9000 	/usr/lib/system/libsystem_secinit.dylib
0x00000000414c9000 	/usr/lib/system/libsystem_symptoms.dylib
0x00000000414c9000 	/usr/lib/system/libsystem_trace.dylib
0x00000000414c9000 	/usr/lib/system/libunwind.dylib
0x00000000414c9000 	/usr/lib/system/libxpc.dylib
0x00000000414c9000 	/usr/lib/libbsm.0.dylib
0x00000000414c9000 	/usr/lib/system/libkxld.dylib
0x00000000414c9000 	/usr/lib/libcoretls.dylib
0x00000000414c9000 	/usr/lib/libcoretls_cfhelpers.dylib
0x00000000414c9000 	/usr/lib/libxar.1.dylib
0x00000000414c9000 	/usr/lib/libsqlite3.dylib
0x00000000414c9000 	/usr/lib/libpam.2.dylib
0x00000000414c9000 	/usr/lib/libOpenScriptingUtil.dylib
0x00000000414c9000 	/usr/lib/libbz2.1.0.dylib
0x00000000414c9000 	/usr/lib/liblzma.5.dylib
0x00000000414c9000 	/usr/lib/libnetwork.dylib
0x00000000414c9000 	/usr/lib/libpcap.A.dylib
0x00000000414c9000 	/System/Library/Frameworks/CoreServices.framework/Versions/A/Frameworks/FSEvents.framework/Versions/A/FSEvents
0x00000000414c9000 	/System/Library/Frameworks/CoreServices.framework/Versions/A/Frameworks/CarbonCore.framework/Versions/A/CarbonCore
0x00000000414c9000 	/System/Library/Frameworks/CoreServices.framework/Versions/A/Frameworks/Metadata.framework/Versions/A/Metadata
0x00000000414c9000 	/System/Library/Frameworks/CoreServices.framework/Versions/A/Frameworks/OSServices.framework/Versions/A/OSServices
0x00000000414c9000 	/System/Library/Frameworks/CoreServices.framework/Versions/A/Frameworks/SearchKit.framework/Versions/A/SearchKit
0x00000000414c9000 	/System/Library/Frameworks/CoreServices.framework/Versions/A/Frameworks/AE.framework/Versions/A/AE
0x00000000414c9000 	/System/Library/Frameworks/CoreServices.framework/Versions/A/Frameworks/LaunchServices.framework/Versions/A/LaunchServices
0x00000000414c9000 	/System/Library/Frameworks/CoreServices.framework/Versions/A/Frameworks/DictionaryServices.framework/Versions/A/DictionaryServices
0x00000000414c9000 	/System/Library/Frameworks/CoreServices.framework/Versions/A/Frameworks/SharedFileList.framework/Versions/A/SharedFileList
0x00000000414c9000 	/System/Library/Frameworks/NetFS.framework/Versions/A/NetFS
0x00000000414c9000 	/System/Library/PrivateFrameworks/NetAuth.framework/Versions/A/NetAuth
0x00000000414c9000 	/System/Library/PrivateFrameworks/login.framework/Versions/A/Frameworks/loginsupport.framework/Versions/A/loginsupport
0x00000000414c9000 	/System/Library/PrivateFrameworks/TCC.framework/Versions/A/TCC
0x00000000414c9000 	/usr/lib/libmecabra.dylib
0x00000000414c9000 	/System/Library/Frameworks/ApplicationServices.framework/Versions/A/Frameworks/ATS.framework/Versions/A/ATS
0x00000000414c9000 	/System/Library/Frameworks/ApplicationServices.framework/Versions/A/Frameworks/ColorSync.framework/Versions/A/ColorSync
0x00000000414c9000 	/System/Library/Frameworks/ApplicationServices.framework/Versions/A/Frameworks/HIServices.framework/Versions/A/HIServices
0x00000000414c9000 	/System/Library/Frameworks/ApplicationServices.framework/Versions/A/Frameworks/LangAnalysis.framework/Versions/A/LangAnalysis
0x00000000414c9000 	/System/Library/Frameworks/ApplicationServices.framework/Versions/A/Frameworks/PrintCore.framework/Versions/A/PrintCore
0x00000000414c9000 	/System/Library/Frameworks/ApplicationServices.framework/Versions/A/Frameworks/QD.framework/Versions/A/QD
0x00000000414c9000 	/System/Library/Frameworks/ApplicationServices.framework/Versions/A/Frameworks/SpeechSynthesis.framework/Versions/A/SpeechSynthesis
0x00000000414c9000 	/System/Library/Frameworks/Accelerate.framework/Versions/A/Frameworks/vImage.framework/Versions/A/vImage
0x00000000414c9000 	/System/Library/Frameworks/Accelerate.framework/Versions/A/Frameworks/vecLib.framework/Versions/A/vecLib
0x00000000414c9000 	/System/Library/Frameworks/Accelerate.framework/Versions/A/Frameworks/vecLib.framework/Versions/A/libvDSP.dylib
0x00000000414c9000 	/System/Library/Frameworks/Accelerate.framework/Versions/A/Frameworks/vecLib.framework/Versions/A/libBNNS.dylib
0x00000000414c9000 	/System/Library/Frameworks/Accelerate.framework/Versions/A/Frameworks/vecLib.framework/Versions/A/libQuadrature.dylib
0x00000000414c9000 	/System/Library/Frameworks/Accelerate.framework/Versions/A/Frameworks/vecLib.framework/Versions/A/libvMisc.dylib
0x00000000414c9000 	/System/Library/Frameworks/Accelerate.framework/Versions/A/Frameworks/vecLib.framework/Versions/A/libLAPACK.dylib
0x00000000414c9000 	/System/Library/Frameworks/Accelerate.framework/Versions/A/Frameworks/vecLib.framework/Versions/A/libBLAS.dylib
0x00000000414c9000 	/System/Library/Frameworks/Accelerate.framework/Versions/A/Frameworks/vecLib.framework/Versions/A/libLinearAlgebra.dylib
0x00000000414c9000 	/System/Library/Frameworks/Accelerate.framework/Versions/A/Frameworks/vecLib.framework/Versions/A/libSparseBLAS.dylib
0x00000000414c9000 	/System/Library/Frameworks/ApplicationServices.framework/Versions/A/Frameworks/ATS.framework/Versions/A/Resources/libFontParser.dylib
0x00000000414c9000 	/System/Library/Frameworks/ApplicationServices.framework/Versions/A/Frameworks/ATS.framework/Versions/A/Resources/libFontRegistry.dylib
0x00000000414c9000 	/System/Library/Frameworks/ImageIO.framework/Versions/A/Resources/libJPEG.dylib
0x00000000414c9000 	/System/Library/Frameworks/ImageIO.framework/Versions/A/Resources/libTIFF.dylib
0x00000000414c9000 	/System/Library/Frameworks/ImageIO.framework/Versions/A/Resources/libPng.dylib
0x00000000414c9000 	/System/Library/Frameworks/ImageIO.framework/Versions/A/Resources/libGIF.dylib
0x00000000414c9000 	/System/Library/Frameworks/ImageIO.framework/Versions/A/Resources/libJP2.dylib
0x00000000414c9000 	/System/Library/Frameworks/ImageIO.framework/Versions/A/Resources/libRadiance.dylib
0x00000000414c9000 	/usr/lib/libcompression.dylib
0x00000000414c9000 	/System/Library/PrivateFrameworks/AppleJPEG.framework/Versions/A/AppleJPEG
0x00000000414c9000 	/usr/lib/libcups.2.dylib
0x00000000414c9000 	/System/Library/Frameworks/Kerberos.framework/Versions/A/Kerberos
0x00000000414c9000 	/System/Library/Frameworks/GSS.framework/Versions/A/GSS
0x00000000414c9000 	/usr/lib/libresolv.9.dylib
0x00000000414c9000 	/usr/lib/libiconv.2.dylib
0x00000000414c9000 	/System/Library/PrivateFrameworks/Heimdal.framework/Versions/A/Heimdal
0x00000000414c9000 	/usr/lib/libheimdal-asn1.dylib
0x00000000414c9000 	/System/Library/Frameworks/OpenDirectory.framework/Versions/A/OpenDirectory
0x00000000414c9000 	/System/Library/PrivateFrameworks/CommonAuth.framework/Versions/A/CommonAuth
0x00000000414c9000 	/System/Library/Frameworks/OpenDirectory.framework/Versions/A/Frameworks/CFOpenDirectory.framework/Versions/A/CFOpenDirectory
0x00000000414c9000 	/System/Library/Frameworks/SecurityFoundation.framework/Versions/A/SecurityFoundation
0x00000000414c9000 	/System/Library/PrivateFrameworks/LanguageModeling.framework/Versions/A/LanguageModeling
0x00000000414c9000 	/usr/lib/libmarisa.dylib
0x00000000414c9000 	/usr/lib/libChineseTokenizer.dylib
0x00000000414c9000 	/usr/lib/libcmph.dylib
0x00000000414c9000 	/System/Library/PrivateFrameworks/CoreEmoji.framework/Versions/A/CoreEmoji
0x00000000414c9000 	/System/Library/Frameworks/ServiceManagement.framework/Versions/A/ServiceManagement
0x00000000414c9000 	/usr/lib/libxslt.1.dylib
0x00000000414c9000 	/System/Library/Frameworks/Carbon.framework/Versions/A/Frameworks/Ink.framework/Versions/A/Ink
0x00000000414c9000 	/System/Library/PrivateFrameworks/TextureIO.framework/Versions/A/TextureIO
0x00000000414c9000 	/System/Library/Frameworks/Metal.framework/Versions/A/Metal
0x00000000414c9000 	/usr/lib/libate.dylib
0x00000000414c9000 	/System/Library/PrivateFrameworks/GPUCompiler.framework/libmetal_timestamp.dylib
0x00000000414c9000 	/System/Library/Frameworks/OpenGL.framework/Versions/A/Libraries/libCoreFSCache.dylib
0x00000000414c9000 	/System/Library/PrivateFrameworks/IOAccelerator.framework/Versions/A/IOAccelerator
0x00000000414c9000 	/System/Library/Frameworks/CoreVideo.framework/Versions/A/CoreVideo
0x00000000414c9000 	/usr/lib/libFosl_dynamic.dylib
0x00000000414c9000 	/System/Library/PrivateFrameworks/MetalPerformanceShaders.framework/Versions/A/MetalPerformanceShaders
0x00000000414c9000 	/System/Library/PrivateFrameworks/FaceCore.framework/Versions/A/FaceCore
0x00000000414c9000 	/System/Library/Frameworks/OpenCL.framework/Versions/A/OpenCL
0x00000000414c9000 	/System/Library/Frameworks/OpenGL.framework/Versions/A/Libraries/libGLU.dylib
0x00000000414c9000 	/System/Library/Frameworks/OpenGL.framework/Versions/A/Libraries/libGFXShared.dylib
0x00000000414c9000 	/System/Library/Frameworks/OpenGL.framework/Versions/A/Libraries/libGL.dylib
0x00000000414c9000 	/System/Library/Frameworks/OpenGL.framework/Versions/A/Libraries/libGLImage.dylib
0x00000000414c9000 	/System/Library/Frameworks/OpenGL.framework/Versions/A/Libraries/libCVMSPluginSupport.dylib
0x00000000414c9000 	/System/Library/Frameworks/OpenGL.framework/Versions/A/Libraries/libCoreVMClient.dylib
0x00000000414c9000 	/System/Library/PrivateFrameworks/CrashReporterSupport.framework/Versions/A/CrashReporterSupport
0x00000000414c9000 	/System/Library/PrivateFrameworks/Sharing.framework/Versions/A/Sharing
0x00000000414c9000 	/System/Library/PrivateFrameworks/IconServices.framework/Versions/A/IconServices
0x00000000414c9000 	/System/Library/PrivateFrameworks/ProtocolBuffer.framework/Versions/A/ProtocolBuffer
0x00000000414c9000 	/System/Library/PrivateFrameworks/Apple80211.framework/Versions/A/Apple80211
0x00000000414c9000 	/System/Library/Frameworks/CoreWLAN.framework/Versions/A/CoreWLAN
0x00000000414c9000 	/System/Library/PrivateFrameworks/CoreUtils.framework/Versions/A/CoreUtils
0x00000000414c9000 	/System/Library/Frameworks/IOBluetooth.framework/Versions/A/IOBluetooth
0x00000000414c9000 	/System/Library/PrivateFrameworks/CoreWiFi.framework/Versions/A/CoreWiFi
0x00000000414c9000 	/System/Library/Frameworks/CoreBluetooth.framework/Versions/A/CoreBluetooth
0x00000000414c9000 	/System/Library/Frameworks/CoreDisplay.framework/Versions/A/CoreDisplay
0x00000000414c9000 	/System/Library/PrivateFrameworks/IOPresentment.framework/Versions/A/IOPresentment
0x00000000414c9000 	/System/Library/PrivateFrameworks/DebugSymbols.framework/Versions/A/DebugSymbols
0x00000000414c9000 	/System/Library/PrivateFrameworks/CoreSymbolication.framework/Versions/A/CoreSymbolication
0x00000000414c9000 	/System/Library/PrivateFrameworks/Symbolication.framework/Versions/A/Symbolication
0x00000000414c9000 	/System/Library/PrivateFrameworks/AppleFSCompression.framework/Versions/A/AppleFSCompression
0x00000000414c9000 	/System/Library/PrivateFrameworks/SpeechRecognitionCore.framework/Versions/A/SpeechRecognitionCore
0x00000000414c9000 	/System/Library/PrivateFrameworks/ChunkingLibrary.framework/Versions/A/ChunkingLibrary
0x0000000111800000 	/Library/Java/JavaVirtualMachines/jdk1.8.0_65.jdk/Contents/Home/jre/lib/server/libjvm.dylib
0x00000000414c9000 	/usr/lib/libstdc++.6.dylib
0x00000001106a8000 	/Library/Java/JavaVirtualMachines/jdk1.8.0_65.jdk/Contents/Home/jre/lib/libverify.dylib
0x00000001106b6000 	/Library/Java/JavaVirtualMachines/jdk1.8.0_65.jdk/Contents/Home/jre/lib/libjava.dylib
0x00000001106f5000 	/Library/Java/JavaVirtualMachines/jdk1.8.0_65.jdk/Contents/Home/jre/lib/libzip.dylib
0x000000011e74b000 	/System/Library/Frameworks/JavaVM.framework/Frameworks/JavaRuntimeSupport.framework/JavaRuntimeSupport
0x000000012d7f2000 	/System/Library/Frameworks/JavaVM.framework/Versions/A/Frameworks/JavaNativeFoundation.framework/Versions/A/JavaNativeFoundation
0x00000001107f2000 	/System/Library/Frameworks/JavaVM.framework/Versions/A/JavaVM
0x00000000414c9000 	/System/Library/Frameworks/Carbon.framework/Versions/A/Carbon
0x000000012d807000 	/System/Library/PrivateFrameworks/JavaLaunching.framework/Versions/A/JavaLaunching
0x00000000414c9000 	/System/Library/Frameworks/Carbon.framework/Versions/A/Frameworks/CommonPanels.framework/Versions/A/CommonPanels
0x00000000414c9000 	/System/Library/Frameworks/Carbon.framework/Versions/A/Frameworks/Help.framework/Versions/A/Help
0x00000000414c9000 	/System/Library/Frameworks/Carbon.framework/Versions/A/Frameworks/ImageCapture.framework/Versions/A/ImageCapture
0x00000000414c9000 	/System/Library/Frameworks/Carbon.framework/Versions/A/Frameworks/OpenScripting.framework/Versions/A/OpenScripting
0x00000000414c9000 	/System/Library/Frameworks/Carbon.framework/Versions/A/Frameworks/Print.framework/Versions/A/Print
0x00000000414c9000 	/System/Library/Frameworks/Carbon.framework/Versions/A/Frameworks/SecurityHI.framework/Versions/A/SecurityHI
0x000000012db91000 	/Applications/IntelliJ IDEA.app/Contents/bin/libbreakgen64.jnilib
0x000000012db94000 	/Library/Java/JavaVirtualMachines/jdk1.8.0_65.jdk/Contents/Home/jre/lib/libnet.dylib
0x000000012dceb000 	/Library/Java/JavaVirtualMachines/jdk1.8.0_65.jdk/Contents/Home/jre/lib/libmanagement.dylib
0x000000012dd48000 	/Library/Java/JavaVirtualMachines/jdk1.8.0_65.jdk/Contents/Home/jre/lib/libnio.dylib
0x000000012dc18000 	/Users/sophatvathana/Desktop/Project/ipcam/IPCAM-VIDEO-STREAMING-API/native/mac/x86_64/strmrecv.dylib
0x000000012e01b000 	/Library/Java/JavaVirtualMachines/jdk1.8.0_65.jdk/Contents/Home/jre/lib/libsunec.dylib
0x000000012dddf000 	/Users/sophatvathana/Desktop/Project/ipcam/IPCAM-VIDEO-STREAMING-API/native/mac/x86_64/libavutil.55.dylib
0x00000000414c9000 	/System/Library/Frameworks/AVFoundation.framework/Versions/A/AVFoundation
0x00000000414c9000 	/System/Library/Frameworks/CoreMedia.framework/Versions/A/CoreMedia
0x00000000414c9000 	/System/Library/Frameworks/VideoToolbox.framework/Versions/A/VideoToolbox
0x000000012dc37000 	/System/Library/Frameworks/VideoDecodeAcceleration.framework/Versions/A/VideoDecodeAcceleration
0x00000000414c9000 	/System/Library/Frameworks/AVFoundation.framework/Versions/A/Frameworks/AVFAudio.framework/Versions/A/AVFAudio
0x00000000414c9000 	/System/Library/Frameworks/MediaToolbox.framework/Versions/A/MediaToolbox
0x00000000414c9000 	/System/Library/PrivateFrameworks/IntlPreferences.framework/Versions/A/IntlPreferences
0x00000000414c9000 	/System/Library/Frameworks/CoreMediaIO.framework/Versions/A/CoreMediaIO
0x00000000414c9000 	/usr/lib/libspindump.dylib
0x00000000414c9000 	/usr/lib/libdscsym.dylib
0x00000000414c9000 	/System/Library/PrivateFrameworks/CoreAVCHD.framework/Versions/A/CoreAVCHD
0x00000000414c9000 	/System/Library/Frameworks/MediaAccessibility.framework/Versions/A/MediaAccessibility
0x00000000414c9000 	/System/Library/PrivateFrameworks/Mangrove.framework/Versions/A/Mangrove
0x00000000414c9000 	/System/Library/PrivateFrameworks/CoreAUC.framework/Versions/A/CoreAUC
0x00000000414c9000 	/System/Library/PrivateFrameworks/AppleVA.framework/Versions/A/AppleVA
0x00000000414c9000 	/System/Library/PrivateFrameworks/XPCService.framework/Versions/A/XPCService
0x00000000414c9000 	/System/Library/PrivateFrameworks/AppSandbox.framework/Versions/A/AppSandbox
0x00000000414c9000 	/usr/lib/libsandbox.1.dylib
0x00000000414c9000 	/System/Library/PrivateFrameworks/AppContainer.framework/Versions/A/AppContainer
0x00000000414c9000 	/System/Library/PrivateFrameworks/SecCodeWrapper.framework/Versions/A/SecCodeWrapper
0x00000000414c9000 	/usr/lib/libMatch.1.dylib
0x000000012dc68000 	/Users/sophatvathana/Desktop/Project/ipcam/IPCAM-VIDEO-STREAMING-API/native/mac/x86_64/libswresample.2.dylib
0x0000000130d57000 	/Users/sophatvathana/Desktop/Project/ipcam/IPCAM-VIDEO-STREAMING-API/native/mac/x86_64/libavcodec.57.dylib
0x000000013006f000 	/Users/sophatvathana/Desktop/Project/ipcam/IPCAM-VIDEO-STREAMING-API/native/mac/x86_64/libavformat.57.dylib

VM Arguments:
jvm_args: -Dspring.output.ansi.enabled=always -Didea.launcher.port=7532 -Didea.launcher.bin.path=/Applications/IntelliJ IDEA.app/Contents/bin -Dfile.encoding=UTF-8 
java_command: com.intellij.rt.execution.application.AppMain kh.com.kshrd.ipcam.IpcamVideoStreamingApiApplication
java_class_path (initial): /Library/Java/JavaVirtualMachines/jdk1.8.0_65.jdk/Contents/Home/jre/lib/charsets.jar:/Library/Java/JavaVirtualMachines/jdk1.8.0_65.jdk/Contents/Home/jre/lib/deploy.jar:/Library/Java/JavaVirtualMachines/jdk1.8.0_65.jdk/Contents/Home/jre/lib/ext/cldrdata.jar:/Library/Java/JavaVirtualMachines/jdk1.8.0_65.jdk/Contents/Home/jre/lib/ext/dnsns.jar:/Library/Java/JavaVirtualMachines/jdk1.8.0_65.jdk/Contents/Home/jre/lib/ext/jaccess.jar:/Library/Java/JavaVirtualMachines/jdk1.8.0_65.jdk/Contents/Home/jre/lib/ext/jfxrt.jar:/Library/Java/JavaVirtualMachines/jdk1.8.0_65.jdk/Contents/Home/jre/lib/ext/localedata.jar:/Library/Java/JavaVirtualMachines/jdk1.8.0_65.jdk/Contents/Home/jre/lib/ext/nashorn.jar:/Library/Java/JavaVirtualMachines/jdk1.8.0_65.jdk/Contents/Home/jre/lib/ext/sunec.jar:/Library/Java/JavaVirtualMachines/jdk1.8.0_65.jdk/Contents/Home/jre/lib/ext/sunjce_provider.jar:/Library/Java/JavaVirtualMachines/jdk1.8.0_65.jdk/Contents/Home/jre/lib/ext/sunpkcs11.jar:/Library/Java/JavaVirtualMachines/jdk1.8.0_65.jdk/Contents/Home/jre/lib/ext/zipfs.jar:/Library/Java/JavaVirtualMachines/jdk1.8.0_65.jdk/Contents/Home/jre/lib/javaws.jar:/Library/Java/JavaVirtualMachines/jdk1.8.0_65.jdk/Contents/Home/jre/lib/jce.jar:/Library/Java/JavaVirtualMachines/jdk1.8.0_65.jdk/Contents/Home/jre/lib/jfr.jar:/Library/Java/JavaVirtualMachines/jdk1.8.0_65.jdk/Contents/Home/jre/lib/jfxswt.jar:/Library/Java/JavaVirtualMachines/jdk1.8.0_65.jdk/Contents/Home/jre/lib/jsse.jar:/Library/Java/JavaVirtualMachines/jdk1.8.0_65.jdk/Contents/Home/jre/lib/management-agent.jar:/Library/Java/JavaVirtualMachines/jdk1.8.0_65.jdk/Contents/Home/jre/lib/plugin.jar:/Library/Java/JavaVirtualMachines/jdk1.8.0_65.jdk/Contents/Home/jre/lib/resources.jar:/Library/Java/JavaVirtualMachines/jdk1.8.0_65.jdk/Contents/Home/jre/lib/rt.jar:/Library/Java/JavaVirtualMachines/jdk1.8.0_65.jdk/Contents/Home/lib/dt.jar:/Library/Java/JavaVirtualMachines/jdk1.8.0_65.jdk/Contents/Home/lib/javafx-mx.jar:/Library/Jav
Launcher Type: SUN_STANDARD

Environment Variables:
PATH=/Library/Frameworks/Python.framework/Versions/3.5/bin:/usr/local/bin:/usr/bin:/bin:/usr/sbin:/sbin
SHELL=/bin/zsh

Signal Handlers:
SIGSEGV: [libjvm.dylib+0x5a6d31], sa_mask[0]=11111111011111110111111111111111, sa_flags=SA_ONSTACK|SA_RESTART|SA_SIGINFO
SIGBUS: [libjvm.dylib+0x5a6d31], sa_mask[0]=11111111011111110111111111111111, sa_flags=SA_RESTART|SA_SIGINFO
SIGFPE: [libjvm.dylib+0x480a40], sa_mask[0]=11111111011111110111111111111111, sa_flags=SA_RESTART|SA_SIGINFO
SIGPIPE: [libjvm.dylib+0x480a40], sa_mask[0]=11111111011111110111111111111111, sa_flags=SA_RESTART|SA_SIGINFO
SIGXFSZ: [libjvm.dylib+0x480a40], sa_mask[0]=11111111011111110111111111111111, sa_flags=SA_RESTART|SA_SIGINFO
SIGILL: [libjvm.dylib+0x480a40], sa_mask[0]=11111111011111110111111111111111, sa_flags=SA_RESTART|SA_SIGINFO
SIGUSR1: SIG_DFL, sa_mask[0]=00000000000000000000000000000000, sa_flags=none
SIGUSR2: [libjvm.dylib+0x48055e], sa_mask[0]=00100000000000000000000000000000, sa_flags=SA_RESTART|SA_SIGINFO
SIGHUP: [libjvm.dylib+0x47eb35], sa_mask[0]=11111111011111110111111111111111, sa_flags=SA_RESTART|SA_SIGINFO
SIGINT: [libjvm.dylib+0x47eb35], sa_mask[0]=11111111011111110111111111111111, sa_flags=SA_RESTART|SA_SIGINFO
SIGTERM: [libjvm.dylib+0x47eb35], sa_mask[0]=11111111011111110111111111111111, sa_flags=SA_RESTART|SA_SIGINFO
SIGQUIT: [libjvm.dylib+0x47eb35], sa_mask[0]=11111111011111110111111111111111, sa_flags=SA_RESTART|SA_SIGINFO


---------------  S Y S T E M  ---------------

OS:Bsduname:Darwin 16.3.0 Darwin Kernel Version 16.3.0: Thu Nov 17 20:23:58 PST 2016; root:xnu-3789.31.2~1/RELEASE_X86_64 x86_64
rlimit: STACK 8192k, CORE 0k, NPROC 709, NOFILE 10240, AS infinity
load average:2.56 2.05 1.74

CPU:total 8 (4 cores per cpu, 2 threads per core) family 6 model 70 stepping 1, cmov, cx8, fxsr, mmx, sse, sse2, sse3, ssse3, sse4.1, sse4.2, popcnt, avx, avx2, aes, clmul, erms, lzcnt, ht, tsc, tscinvbit, bmi1, bmi2

Memory: 4k page, physical 16777216k(3702800k free)

/proc/meminfo:


vm_info: Java HotSpot(TM) 64-Bit Server VM (25.65-b01) for bsd-amd64 JRE (1.8.0_65-b17), built on Oct  6 2015 15:36:46 by "java_re" with gcc 4.2.1 (Based on Apple Inc. build 5658) (LLVM build 2336.11.00)

time: Mon Dec 26 16:58:23 2016
elapsed time: 62 seconds (0d 0h 1m 2s)

