#
# A fatal error has been detected by the Java Runtime Environment:
#
#  SIGSEGV (0xb) at pc=0x000000010e21e751, pid=13095, tid=30979
#
# JRE version: Java(TM) SE Runtime Environment (8.0_65-b17) (build 1.8.0_65-b17)
# Java VM: Java HotSpot(TM) 64-Bit Server VM (25.65-b01 mixed mode bsd-amd64 compressed oops)
# Problematic frame:
# C  [libavutil.55.dylib+0x19751]  av_freep+0x1
#
# Failed to write core dump. Core dumps have been disabled. To enable core dumping, try "ulimit -c unlimited" before starting Java again
#
# If you would like to submit a bug report, please visit:
#   http://bugreport.java.com/bugreport/crash.jsp
# The crash happened outside the Java Virtual Machine in native code.
# See problematic frame for where to report the bug.
#

---------------  T H R E A D  ---------------

Current thread (0x00007f9b91b5f800):  JavaThread "Thread-4" daemon [_thread_in_native, id=30979, stack(0x0000700009d8c000,0x0000700009e8c000)]

siginfo: si_signo: 11 (SIGSEGV), si_code: 1 (SEGV_MAPERR), si_addr: 0x0000000000000001

Registers:
RAX=0x000000010e160500, RBX=0x0000000000000000, RCX=0x0000000000000000, RDX=0x00007f9b8ceb2c90
RSP=0x0000700009e8b700, RBP=0x0000700009e8b750, RSI=0x0000700009e8b7e8, RDI=0x0000000000000001
R8 =0x0000000000000009, R9 =0x0000000000000000, R10=0x000000010f48d928, R11=0x00000001092dc4cf
R12=0x0000000000000000, R13=0x0000000127505a60, R14=0x00007f9b8ceb2cc8, R15=0x00007f9b8ceb2c98
RIP=0x000000010e21e751, EFLAGS=0x0000000000010202, ERR=0x0000000000000004
  TRAPNO=0x000000000000000e

Top of Stack: (sp=0x0000700009e8b700)
0x0000700009e8b700:   000000010e160500 000000012901070c
0x0000700009e8b710:   000000010e160500 00007f9b8ceb2c90
0x0000700009e8b720:   0000000000000000 0000700009e8b7e8
0x0000700009e8b730:   00007f9b91b5f800 000000010e15ff32
0x0000700009e8b740:   0000000127505a60 0000700009e8b7e8
0x0000700009e8b750:   0000700009e8b7b8 000000010f48d954
0x0000700009e8b760:   0000700009e8b780 00007f9b8f4cb800
0x0000700009e8b770:   00007f9b91b5f800 0000700009e8b778
0x0000700009e8b780:   0000000000000000 0000700009e8b7e8
0x0000700009e8b790:   0000000127507b00 0000000000000000
0x0000700009e8b7a0:   0000000127505a60 0000000000000000
0x0000700009e8b7b0:   0000700009e8b7d8 0000700009e8b830
0x0000700009e8b7c0:   000000010f47fc4d 0000000000000000
0x0000700009e8b7d0:   000000010f487578 00007f9b8ceb2c90
0x0000700009e8b7e0:   00007f9b8ceb2c90 00000007748023c8
0x0000700009e8b7f0:   0000700009e8b7f0 0000000127505d6e
0x0000700009e8b800:   0000700009e8b840 0000000127507b00
0x0000700009e8b810:   0000000000000000 0000000127505d90
0x0000700009e8b820:   0000700009e8b7d8 0000700009e8b840
0x0000700009e8b830:   0000700009e8b888 000000010f47fc4d
0x0000700009e8b840:   00000007748023c8 0000700009e8b848
0x0000700009e8b850:   0000000127505ca9 0000700009e8b898
0x0000700009e8b860:   0000000127507b00 0000000000000000
0x0000700009e8b870:   0000000127505cd8 0000700009e8b840
0x0000700009e8b880:   0000700009e8b898 0000700009e8b8e0
0x0000700009e8b890:   000000010f47fc4d 00000007748023c8
0x0000700009e8b8a0:   0000700009e8b8a0 0000000126a900f5
0x0000700009e8b8b0:   0000700009e8b910 0000000127504088
0x0000700009e8b8c0:   0000000000000000 0000000126a90268
0x0000700009e8b8d0:   0000700009e8b898 0000700009e8b910
0x0000700009e8b8e0:   0000700009e8b958 000000010f47fc92
0x0000700009e8b8f0:   000000000000012c 0000000000000000 

Instructions: (pc=0x000000010e21e751)
0x000000010e21e731:   00 00 00 e8 6f a9 01 00 b8 f4 ff ff ff 48 83 c4
0x000000010e21e741:   10 5b c3 66 66 66 2e 0f 1f 84 00 00 00 00 00 50
0x000000010e21e751:   48 8b 07 48 c7 04 24 00 00 00 00 48 c7 07 00 00
0x000000010e21e761:   00 00 48 89 c7 e8 3d a9 01 00 58 c3 0f 1f 00 48 

Register to memory mapping:

RAX=0x000000010e160500: Java_kh_com_kshrd_core_RtspStream_openRtspInternal+0x90 in /Users/sophatvathana/Desktop/Project/ipcam/IPCAM-VIDEO-STREAMING-API/native/mac/x86_64/strmrecv.dylib at 0x000000010e15e000
RBX=0x0000000000000000 is an unknown value
RCX=0x0000000000000000 is an unknown value
RDX=0x00007f9b8ceb2c90 is an unknown value
RSP=0x0000700009e8b700 is pointing into the stack for thread: 0x00007f9b91b5f800
RBP=0x0000700009e8b750 is pointing into the stack for thread: 0x00007f9b91b5f800
RSI=0x0000700009e8b7e8 is pointing into the stack for thread: 0x00007f9b91b5f800
RDI=0x0000000000000001 is an unknown value
R8 =0x0000000000000009 is an unknown value
R9 =0x0000000000000000 is an unknown value
R10=0x000000010f48d928 is at code_begin+808 in an Interpreter codelet
method entry point (kind = native)  [0x000000010f48d600, 0x000000010f48df00]  2304 bytes
R11=0x00000001092dc4cf: throw_unsatisfied_link_error+0 in /Library/Java/JavaVirtualMachines/jdk1.8.0_65.jdk/Contents/Home/jre/lib/server/libjvm.dylib at 0x0000000108e00000
R12=0x0000000000000000 is an unknown value
R13={method} {0x0000000127505a60} 'releaseContextInternal' '(J)V' in 'kh/com/kshrd/core/RtspStream'
R14=0x00007f9b8ceb2cc8 is an unknown value
R15=0x00007f9b8ceb2c98 is an unknown value


Stack: [0x0000700009d8c000,0x0000700009e8c000],  sp=0x0000700009e8b700,  free space=1021k
Native frames: (J=compiled Java code, j=interpreted, Vv=VM code, C=native code)
C  [libavutil.55.dylib+0x19751]  av_freep+0x1
j  kh.com.kshrd.core.RtspStream.releaseContextInternal(J)V+0
j  kh.com.kshrd.core.RtspStream.release()V+14
j  kh.com.kshrd.core.RtspStream.initialize()V+1
j  kh.com.kshrd.core.RtspCamera.run()V+269
j  java.lang.Thread.run()V+11
v  ~StubRoutines::call_stub
V  [libjvm.dylib+0x2eab02]  JavaCalls::call_helper(JavaValue*, methodHandle*, JavaCallArguments*, Thread*)+0x6ae
V  [libjvm.dylib+0x2eb290]  JavaCalls::call_virtual(JavaValue*, KlassHandle, Symbol*, Symbol*, JavaCallArguments*, Thread*)+0x164
V  [libjvm.dylib+0x2eb43c]  JavaCalls::call_virtual(JavaValue*, Handle, KlassHandle, Symbol*, Symbol*, Thread*)+0x4a
V  [libjvm.dylib+0x345959]  thread_entry(JavaThread*, Thread*)+0x7c
V  [libjvm.dylib+0x5612d3]  JavaThread::thread_main_inner()+0x9b
V  [libjvm.dylib+0x5629ce]  JavaThread::run()+0x1c2
V  [libjvm.dylib+0x48342e]  java_start(Thread*)+0xf6
C  [libsystem_pthread.dylib+0x3aab]  _pthread_body+0xb4
C  [libsystem_pthread.dylib+0x39f7]  _pthread_body+0x0
C  [libsystem_pthread.dylib+0x31fd]  thread_start+0xd
C  0x0000000000000000

Java frames: (J=compiled Java code, j=interpreted, Vv=VM code)
j  kh.com.kshrd.core.RtspStream.releaseContextInternal(J)V+0
j  kh.com.kshrd.core.RtspStream.release()V+14
j  kh.com.kshrd.core.RtspStream.initialize()V+1
j  kh.com.kshrd.core.RtspCamera.run()V+269
j  java.lang.Thread.run()V+11
v  ~StubRoutines::call_stub

---------------  P R O C E S S  ---------------

Java Threads: ( => current thread )
=>0x00007f9b91b5f800 JavaThread "Thread-4" daemon [_thread_in_native, id=30979, stack(0x0000700009d8c000,0x0000700009e8c000)]
  0x00007f9b91bce800 JavaThread "Thread-3" daemon [_thread_in_native, id=30467, stack(0x0000700009c89000,0x0000700009d89000)]
  0x00007f9b93306000 JavaThread "http-nio-9999-exec-9" daemon [_thread_blocked, id=29955, stack(0x0000700009b86000,0x0000700009c86000)]
  0x00007f9b91b62000 JavaThread "http-nio-9999-exec-10" daemon [_thread_blocked, id=29443, stack(0x0000700009a83000,0x0000700009b83000)]
  0x00007f9b91b61800 JavaThread "http-nio-9999-exec-8" daemon [_thread_blocked, id=28931, stack(0x0000700009980000,0x0000700009a80000)]
  0x00007f9b941a6000 JavaThread "http-nio-9999-exec-7" daemon [_thread_blocked, id=28419, stack(0x000070000987d000,0x000070000997d000)]
  0x00007f9b941a3000 JavaThread "http-nio-9999-exec-6" daemon [_thread_blocked, id=27907, stack(0x000070000977a000,0x000070000987a000)]
  0x00007f9b93047000 JavaThread "http-nio-9999-exec-5" daemon [_thread_blocked, id=27395, stack(0x0000700009677000,0x0000700009777000)]
  0x00007f9b8d003800 JavaThread "http-nio-9999-exec-4" daemon [_thread_blocked, id=4359, stack(0x0000700009574000,0x0000700009674000)]
  0x00007f9b8f915800 JavaThread "http-nio-9999-exec-3" daemon [_thread_blocked, id=5127, stack(0x0000700009471000,0x0000700009571000)]
  0x00007f9b94823000 JavaThread "http-nio-9999-exec-2" daemon [_thread_blocked, id=23303, stack(0x0000700008c59000,0x0000700008d59000)]
  0x00007f9b93067800 JavaThread "http-nio-9999-exec-1" daemon [_thread_blocked, id=22795, stack(0x0000700008b56000,0x0000700008c56000)]
  0x00007f9b92ebb800 JavaThread "DestroyJavaVM" [_thread_blocked, id=7171, stack(0x000070000771a000,0x000070000781a000)]
  0x00007f9b92ebb000 JavaThread "http-nio-9999-AsyncTimeout" daemon [_thread_blocked, id=26883, stack(0x000070000936e000,0x000070000946e000)]
  0x00007f9b9181f000 JavaThread "http-nio-9999-Acceptor-0" daemon [_thread_in_native, id=26371, stack(0x000070000926b000,0x000070000936b000)]
  0x00007f9b92eba000 JavaThread "http-nio-9999-ClientPoller-1" daemon [_thread_in_native, id=25859, stack(0x0000700009168000,0x0000700009268000)]
  0x00007f9b922ca800 JavaThread "http-nio-9999-ClientPoller-0" daemon [_thread_in_native, id=25347, stack(0x0000700009065000,0x0000700009165000)]
  0x00007f9b92438000 JavaThread "NioBlockingSelector.BlockPoller-1" daemon [_thread_in_native, id=24835, stack(0x0000700008f62000,0x0000700009062000)]
  0x00007f9b8ec00800 JavaThread "container-0" [_thread_blocked, id=24323, stack(0x0000700008e5f000,0x0000700008f5f000)]
  0x00007f9b9200b800 JavaThread "ContainerBackgroundProcessor[StandardEngine[Tomcat]]" daemon [_thread_blocked, id=23811, stack(0x0000700008d5c000,0x0000700008e5c000)]
  0x00007f9b8e84d000 JavaThread "Monitor Ctrl-Break" daemon [_thread_in_native, id=22275, stack(0x0000700008a53000,0x0000700008b53000)]
  0x00007f9b8d836800 JavaThread "Service Thread" daemon [_thread_blocked, id=21251, stack(0x000070000884d000,0x000070000894d000)]
  0x00007f9b90001800 JavaThread "C1 CompilerThread3" daemon [_thread_blocked, id=20739, stack(0x000070000874a000,0x000070000884a000)]
  0x00007f9b8e016000 JavaThread "C2 CompilerThread2" daemon [_thread_blocked, id=20227, stack(0x0000700008647000,0x0000700008747000)]
  0x00007f9b8d834000 JavaThread "C2 CompilerThread1" daemon [_thread_blocked, id=19715, stack(0x0000700008544000,0x0000700008644000)]
  0x00007f9b8d82e000 JavaThread "C2 CompilerThread0" daemon [_thread_blocked, id=19203, stack(0x0000700008441000,0x0000700008541000)]
  0x00007f9b8e816800 JavaThread "Signal Dispatcher" daemon [_thread_blocked, id=18691, stack(0x000070000833e000,0x000070000843e000)]
  0x00007f9b8d00b000 JavaThread "Finalizer" daemon [_thread_blocked, id=14595, stack(0x000070000823b000,0x000070000833b000)]
  0x00007f9b8f800000 JavaThread "Reference Handler" daemon [_thread_blocked, id=14083, stack(0x0000700008138000,0x0000700008238000)]

Other Threads:
  0x00007f9b8d82c000 VMThread [stack: 0x0000700008035000,0x0000700008135000] [id=13571]
  0x00007f9b8d83f800 WatcherThread [stack: 0x0000700008950000,0x0000700008a50000] [id=21763]

VM state:not at safepoint (normal execution)

VM Mutex/Monitor currently owned by a thread: None

Heap:
 PSYoungGen      total 304640K, used 164976K [0x000000076ab00000, 0x0000000785800000, 0x00000007c0000000)
  eden space 284160K, 58% used [0x000000076ab00000,0x0000000774c1c3d8,0x000000077c080000)
  from space 20480K, 0% used [0x000000077d400000,0x000000077d400000,0x000000077e800000)
  to   space 19968K, 0% used [0x000000077c080000,0x000000077c080000,0x000000077d400000)
 ParOldGen       total 185856K, used 27101K [0x00000006c0000000, 0x00000006cb580000, 0x000000076ab00000)
  object space 185856K, 14% used [0x00000006c0000000,0x00000006c1a77568,0x00000006cb580000)
 Metaspace       used 48727K, capacity 49504K, committed 49536K, reserved 1093632K
  class space    used 5842K, capacity 6008K, committed 6016K, reserved 1048576K

Card table byte_map: [0x000000010a149000,0x000000010a94a000] byte_map_base: 0x0000000106b49000

Marking Bits: (ParMarkBitMap*) 0x00000001096dee20
 Begin Bits: [0x000000011e478000, 0x0000000122478000)
 End Bits:   [0x0000000122478000, 0x0000000126478000)

Polling page: 0x0000000107c9f000

CodeCache: size=245760Kb used=17334Kb max_used=17642Kb free=228425Kb
 bounds [0x000000010f478000, 0x00000001105d8000, 0x000000011e478000]
 total_blobs=5347 nmethods=4874 adapters=385
 compilation: enabled

Compilation events (10 events):
Event: 112.516 Thread 0x00007f9b90001800 5713       3       java.util.concurrent.atomic.AtomicLong::getAndSet (12 bytes)
Event: 112.516 Thread 0x00007f9b90001800 nmethod 5713 0x0000000110327e10 code [0x0000000110327f60, 0x00000001103280b0]
Event: 112.516 Thread 0x00007f9b90001800 5714       3       sun.misc.Unsafe::getAndSetLong (24 bytes)
Event: 112.516 Thread 0x00007f9b90001800 nmethod 5714 0x000000010fabfcd0 code [0x000000010fabfe40, 0x000000010fac0050]
Event: 113.517 Thread 0x00007f9b90001800 5715       3       org.apache.tomcat.util.net.NioEndpoint::access$400 (5 bytes)
Event: 113.517 Thread 0x00007f9b90001800 nmethod 5715 0x000000010fcda0d0 code [0x000000010fcda220, 0x000000010fcda350]
Event: 114.922 Thread 0x00007f9b90001800 5717   !   3       org.apache.tomcat.util.net.NioEndpoint$Poller::timeout (493 bytes)
Event: 114.926 Thread 0x00007f9b90001800 nmethod 5717 0x00000001105c6d50 code [0x00000001105c7260, 0x00000001105ca6f8]
Event: 114.927 Thread 0x00007f9b90001800 5716       3       java.util.concurrent.atomic.AtomicLong::set (6 bytes)
Event: 114.927 Thread 0x00007f9b90001800 nmethod 5716 0x0000000110328110 code [0x0000000110328260, 0x00000001103283d0]

GC Heap History (10 events):
Event: 2.202 GC heap before
{Heap before GC invocations=4 (full 1):
 PSYoungGen      total 141824K, used 10742K [0x000000076ab00000, 0x000000077c000000, 0x00000007c0000000)
  eden space 131072K, 0% used [0x000000076ab00000,0x000000076ab00000,0x0000000772b00000)
  from space 10752K, 99% used [0x0000000772b00000,0x000000077357d980,0x0000000773580000)
  to   space 10752K, 0% used [0x000000077b580000,0x000000077b580000,0x000000077c000000)
 ParOldGen       total 175104K, used 4656K [0x00000006c0000000, 0x00000006cab00000, 0x000000076ab00000)
  object space 175104K, 2% used [0x00000006c0000000,0x00000006c048c1f8,0x00000006cab00000)
 Metaspace       used 20952K, capacity 21230K, committed 21296K, reserved 1069056K
  class space    used 2576K, capacity 2678K, committed 2688K, reserved 1048576K
Event: 2.248 GC heap after
Heap after GC invocations=4 (full 1):
 PSYoungGen      total 141824K, used 0K [0x000000076ab00000, 0x000000077c000000, 0x00000007c0000000)
  eden space 131072K, 0% used [0x000000076ab00000,0x000000076ab00000,0x0000000772b00000)
  from space 10752K, 0% used [0x0000000772b00000,0x0000000772b00000,0x0000000773580000)
  to   space 10752K, 0% used [0x000000077b580000,0x000000077b580000,0x000000077c000000)
 ParOldGen       total 115200K, used 12192K [0x00000006c0000000, 0x00000006c7080000, 0x000000076ab00000)
  object space 115200K, 10% used [0x00000006c0000000,0x00000006c0be82a8,0x00000006c7080000)
 Metaspace       used 20952K, capacity 21230K, committed 21296K, reserved 1069056K
  class space    used 2576K, capacity 2678K, committed 2688K, reserved 1048576K
}
Event: 3.185 GC heap before
{Heap before GC invocations=5 (full 1):
 PSYoungGen      total 141824K, used 131072K [0x000000076ab00000, 0x000000077c000000, 0x00000007c0000000)
  eden space 131072K, 100% used [0x000000076ab00000,0x0000000772b00000,0x0000000772b00000)
  from space 10752K, 0% used [0x0000000772b00000,0x0000000772b00000,0x0000000773580000)
  to   space 10752K, 0% used [0x000000077b580000,0x000000077b580000,0x000000077c000000)
 ParOldGen       total 115200K, used 12192K [0x00000006c0000000, 0x00000006c7080000, 0x000000076ab00000)
  object space 115200K, 10% used [0x00000006c0000000,0x00000006c0be82a8,0x00000006c7080000)
 Metaspace       used 27672K, capacity 28050K, committed 28416K, reserved 1075200K
  class space    used 3418K, capacity 3516K, committed 3584K, reserved 1048576K
Event: 3.204 GC heap after
Heap after GC invocations=5 (full 1):
 PSYoungGen      total 204800K, used 10729K [0x000000076ab00000, 0x000000077c000000, 0x00000007c0000000)
  eden space 194048K, 0% used [0x000000076ab00000,0x000000076ab00000,0x0000000776880000)
  from space 10752K, 99% used [0x000000077b580000,0x000000077bffa788,0x000000077c000000)
  to   space 10752K, 0% used [0x000000077ab00000,0x000000077ab00000,0x000000077b580000)
 ParOldGen       total 115200K, used 22065K [0x00000006c0000000, 0x00000006c7080000, 0x000000076ab00000)
  object space 115200K, 19% used [0x00000006c0000000,0x00000006c158c648,0x00000006c7080000)
 Metaspace       used 27672K, capacity 28050K, committed 28416K, reserved 1075200K
  class space    used 3418K, capacity 3516K, committed 3584K, reserved 1048576K
}
Event: 4.304 GC heap before
{Heap before GC invocations=6 (full 1):
 PSYoungGen      total 204800K, used 204777K [0x000000076ab00000, 0x000000077c000000, 0x00000007c0000000)
  eden space 194048K, 100% used [0x000000076ab00000,0x0000000776880000,0x0000000776880000)
  from space 10752K, 99% used [0x000000077b580000,0x000000077bffa788,0x000000077c000000)
  to   space 10752K, 0% used [0x000000077ab00000,0x000000077ab00000,0x000000077b580000)
 ParOldGen       total 115200K, used 22065K [0x00000006c0000000, 0x00000006c7080000, 0x000000076ab00000)
  object space 115200K, 19% used [0x00000006c0000000,0x00000006c158c648,0x00000006c7080000)
 Metaspace       used 33363K, capacity 33832K, committed 34176K, reserved 1079296K
  class space    used 4229K, capacity 4357K, committed 4480K, reserved 1048576K
Event: 4.320 GC heap after
Heap after GC invocations=6 (full 1):
 PSYoungGen      total 272896K, used 10745K [0x000000076ab00000, 0x000000077e800000, 0x00000007c0000000)
  eden space 262144K, 0% used [0x000000076ab00000,0x000000076ab00000,0x000000077ab00000)
  from space 10752K, 99% used [0x000000077ab00000,0x000000077b57e788,0x000000077b580000)
  to   space 20480K, 0% used [0x000000077d400000,0x000000077d400000,0x000000077e800000)
 ParOldGen       total 115200K, used 28080K [0x00000006c0000000, 0x00000006c7080000, 0x000000076ab00000)
  object space 115200K, 24% used [0x00000006c0000000,0x00000006c1b6c2d0,0x00000006c7080000)
 Metaspace       used 33363K, capacity 33832K, committed 34176K, reserved 1079296K
  class space    used 4229K, capacity 4357K, committed 4480K, reserved 1048576K
}
Event: 4.660 GC heap before
{Heap before GC invocations=7 (full 1):
 PSYoungGen      total 272896K, used 91701K [0x000000076ab00000, 0x000000077e800000, 0x00000007c0000000)
  eden space 262144K, 30% used [0x000000076ab00000,0x000000076fa0ef68,0x000000077ab00000)
  from space 10752K, 99% used [0x000000077ab00000,0x000000077b57e788,0x000000077b580000)
  to   space 20480K, 0% used [0x000000077d400000,0x000000077d400000,0x000000077e800000)
 ParOldGen       total 115200K, used 28080K [0x00000006c0000000, 0x00000006c7080000, 0x000000076ab00000)
  object space 115200K, 24% used [0x00000006c0000000,0x00000006c1b6c2d0,0x00000006c7080000)
 Metaspace       used 34914K, capacity 35328K, committed 35496K, reserved 1081344K
  class space    used 4428K, capacity 4553K, committed 4608K, reserved 1048576K
Event: 4.673 GC heap after
Heap after GC invocations=7 (full 1):
 PSYoungGen      total 304640K, used 14524K [0x000000076ab00000, 0x0000000785800000, 0x00000007c0000000)
  eden space 284160K, 0% used [0x000000076ab00000,0x000000076ab00000,0x000000077c080000)
  from space 20480K, 70% used [0x000000077d400000,0x000000077e22f208,0x000000077e800000)
  to   space 19968K, 0% used [0x000000077c080000,0x000000077c080000,0x000000077d400000)
 ParOldGen       total 115200K, used 28088K [0x00000006c0000000, 0x00000006c7080000, 0x000000076ab00000)
  object space 115200K, 24% used [0x00000006c0000000,0x00000006c1b6e2d0,0x00000006c7080000)
 Metaspace       used 34914K, capacity 35328K, committed 35496K, reserved 1081344K
  class space    used 4428K, capacity 4553K, committed 4608K, reserved 1048576K
}
Event: 4.673 GC heap before
{Heap before GC invocations=8 (full 2):
 PSYoungGen      total 304640K, used 14524K [0x000000076ab00000, 0x0000000785800000, 0x00000007c0000000)
  eden space 284160K, 0% used [0x000000076ab00000,0x000000076ab00000,0x000000077c080000)
  from space 20480K, 70% used [0x000000077d400000,0x000000077e22f208,0x000000077e800000)
  to   space 19968K, 0% used [0x000000077c080000,0x000000077c080000,0x000000077d400000)
 ParOldGen       total 115200K, used 28088K [0x00000006c0000000, 0x00000006c7080000, 0x000000076ab00000)
  object space 115200K, 24% used [0x00000006c0000000,0x00000006c1b6e2d0,0x00000006c7080000)
 Metaspace       used 34914K, capacity 35328K, committed 35496K, reserved 1081344K
  class space    used 4428K, capacity 4553K, committed 4608K, reserved 1048576K
Event: 4.726 GC heap after
Heap after GC invocations=8 (full 2):
 PSYoungGen      total 304640K, used 0K [0x000000076ab00000, 0x0000000785800000, 0x00000007c0000000)
  eden space 284160K, 0% used [0x000000076ab00000,0x000000076ab00000,0x000000077c080000)
  from space 20480K, 0% used [0x000000077d400000,0x000000077d400000,0x000000077e800000)
  to   space 19968K, 0% used [0x000000077c080000,0x000000077c080000,0x000000077d400000)
 ParOldGen       total 185856K, used 27101K [0x00000006c0000000, 0x00000006cb580000, 0x000000076ab00000)
  object space 185856K, 14% used [0x00000006c0000000,0x00000006c1a77568,0x00000006cb580000)
 Metaspace       used 34914K, capacity 35328K, committed 35496K, reserved 1081344K
  class space    used 4428K, capacity 4553K, committed 4608K, reserved 1048576K
}

Deoptimization events (10 events):
Event: 36.399 Thread 0x00007f9b91b61800 Uncommon trap: reason=bimorphic action=maybe_recompile pc=0x00000001100c5cd4 method=java.lang.ClassLoader.loadClass(Ljava/lang/String;Z)Ljava/lang/Class; @ 2
Event: 36.399 Thread 0x00007f9b91b61800 Uncommon trap: reason=bimorphic action=maybe_recompile pc=0x00000001100c5cd4 method=java.lang.ClassLoader.loadClass(Ljava/lang/String;Z)Ljava/lang/Class; @ 2
Event: 36.399 Thread 0x00007f9b91b61800 Uncommon trap: reason=bimorphic action=maybe_recompile pc=0x00000001100c5cd4 method=java.lang.ClassLoader.loadClass(Ljava/lang/String;Z)Ljava/lang/Class; @ 2
Event: 36.444 Thread 0x00007f9b91b61800 Uncommon trap: reason=class_check action=maybe_recompile pc=0x000000010f62e648 method=java.lang.StringCoding$StringDecoder.charsetName()Ljava/lang/String; @ 4
Event: 36.452 Thread 0x00007f9b91b61800 Uncommon trap: reason=unloaded action=reinterpret pc=0x000000011050cce0 method=java.util.jar.JarFile.getInputStream(Ljava/util/zip/ZipEntry;)Ljava/io/InputStream; @ 46
Event: 36.453 Thread 0x00007f9b91b61800 Uncommon trap: reason=unstable_if action=reinterpret pc=0x000000011050351c method=java.security.CodeSource.<init>(Ljava/net/URL;[Ljava/security/CodeSigner;)V @ 25
Event: 36.454 Thread 0x00007f9b91b61800 Uncommon trap: reason=unstable_if action=reinterpret pc=0x00000001104b4984 method=java.security.CodeSource.getCertificates()[Ljava/security/cert/Certificate; @ 22
Event: 36.454 Thread 0x00007f9b91b61800 Uncommon trap: reason=unstable_if action=reinterpret pc=0x000000010fe2fbfc method=java.security.CodeSource.getCertificates()[Ljava/security/cert/Certificate; @ 4
Event: 36.454 Thread 0x00007f9b91b61800 Uncommon trap: reason=unstable_if action=reinterpret pc=0x00000001104b8b6c method=java.security.CodeSource.matchCerts(Ljava/security/CodeSource;Z)Z @ 11
Event: 36.456 Thread 0x00007f9b91b61800 Uncommon trap: reason=unstable_if action=reinterpret pc=0x00000001104b263c method=java.security.CodeSource.matchCerts(Ljava/security/CodeSource;Z)Z @ 11

Internal exceptions (10 events):
Event: 21.930 Thread 0x00007f9b94823000 Exception <a 'java/lang/ClassNotFoundException': javax/servlet/http/HttpServletRequestWrapperBeanInfo> (0x00000007711281f8) thrown at [/Users/java_re/workspace/8-2-build-macosx-x86_64/jdk8u65/4987/hotspot/src/share/vm/classfile/systemDictionary.cpp, line 
Event: 21.931 Thread 0x00007f9b94823000 Exception <a 'java/lang/ClassNotFoundException': javax/servlet/ServletRequestWrapperBeanInfo> (0x000000077113fdf8) thrown at [/Users/java_re/workspace/8-2-build-macosx-x86_64/jdk8u65/4987/hotspot/src/share/vm/classfile/systemDictionary.cpp, line 210]
Event: 21.931 Thread 0x00007f9b94823000 Exception <a 'java/lang/ClassNotFoundException': javax/servlet/ServletRequestWrapperCustomizer> (0x0000000771157f78) thrown at [/Users/java_re/workspace/8-2-build-macosx-x86_64/jdk8u65/4987/hotspot/src/share/vm/classfile/systemDictionary.cpp, line 210]
Event: 21.932 Thread 0x00007f9b94823000 Exception <a 'java/lang/ClassNotFoundException': javax/servlet/http/HttpServletRequestWrapperCustomizer> (0x00000007711993d0) thrown at [/Users/java_re/workspace/8-2-build-macosx-x86_64/jdk8u65/4987/hotspot/src/share/vm/classfile/systemDictionary.cpp, lin
Event: 21.933 Thread 0x00007f9b94823000 Exception <a 'java/lang/ClassNotFoundException': org/springframework/security/web/servletapi/SecurityContextHolderAwareRequestWrapperCustomizer> (0x00000007711e3860) thrown at [/Users/java_re/workspace/8-2-build-macosx-x86_64/jdk8u65/4987/hotspot/src/shar
Event: 21.934 Thread 0x00007f9b94823000 Exception <a 'java/lang/ClassNotFoundException': org/springframework/security/web/servletapi/HttpServlet3RequestFactory$Servlet3SecurityContextHolderAwareRequestWrapperCustomizer> (0x0000000771225030) thrown at [/Users/java_re/workspace/8-2-build-macosx-x
Event: 22.107 Thread 0x00007f9b8f915800 Implicit null exception at 0x000000011032f130 to 0x000000011033b045
Event: 26.571 Thread 0x00007f9b93047000 Exception <a 'java/lang/ArrayIndexOutOfBoundsException'> (0x00000007717ef930) thrown at [/Users/java_re/workspace/8-2-build-macosx-x86_64/jdk8u65/4987/hotspot/src/share/vm/runtime/sharedRuntime.cpp, line 605]
Event: 26.898 Thread 0x00007f9b93047000 Exception <a 'java/io/FileNotFoundException'> (0x0000000771fbe838) thrown at [/Users/java_re/workspace/8-2-build-macosx-x86_64/jdk8u65/4987/hotspot/src/share/vm/prims/jni.cpp, line 709]
Event: 26.898 Thread 0x00007f9b93047000 Exception <a 'java/io/FileNotFoundException'> (0x0000000771fbf7a0) thrown at [/Users/java_re/workspace/8-2-build-macosx-x86_64/jdk8u65/4987/hotspot/src/share/vm/prims/jni.cpp, line 709]

Events (10 events):
Event: 112.516 Thread 0x00007f9b90001800 flushing nmethod 0x000000010ff93a90
Event: 112.516 Thread 0x00007f9b90001800 flushing nmethod 0x000000010ff9aa50
Event: 112.516 Thread 0x00007f9b90001800 flushing nmethod 0x000000010ffa4c90
Event: 112.516 Thread 0x00007f9b90001800 flushing nmethod 0x000000010ffa5090
Event: 114.926 Thread 0x00007f9b90001800 flushing nmethod 0x00000001102c6cd0
Event: 114.926 Thread 0x00007f9b90001800 flushing nmethod 0x0000000110328110
Event: 114.926 Thread 0x00007f9b90001800 flushing nmethod 0x0000000110390590
Event: 114.926 Thread 0x00007f9b90001800 flushing nmethod 0x00000001103c45d0
Event: 114.927 Thread 0x00007f9b90001800 flushing nmethod 0x0000000110442d90
Event: 114.927 Thread 0x00007f9b90001800 flushing nmethod 0x00000001104450d0


Dynamic libraries:
0x00000000414c9000 	/System/Library/Frameworks/Cocoa.framework/Versions/A/Cocoa
0x00000000414c9000 	/System/Library/Frameworks/Security.framework/Versions/A/Security
0x00000000414c9000 	/System/Library/Frameworks/ApplicationServices.framework/Versions/A/ApplicationServices
0x00000000414c9000 	/usr/lib/libz.1.dylib
0x00000000414c9000 	/usr/lib/libSystem.B.dylib
0x00000000414c9000 	/usr/lib/libobjc.A.dylib
0x00000000414c9000 	/System/Library/Frameworks/CoreFoundation.framework/Versions/A/CoreFoundation
0x00000000414c9000 	/System/Library/Frameworks/Foundation.framework/Versions/C/Foundation
0x00000000414c9000 	/System/Library/Frameworks/AppKit.framework/Versions/C/AppKit
0x00000000414c9000 	/System/Library/Frameworks/CoreData.framework/Versions/A/CoreData
0x00000000414c9000 	/System/Library/PrivateFrameworks/RemoteViewServices.framework/Versions/A/RemoteViewServices
0x00000000414c9000 	/System/Library/PrivateFrameworks/UIFoundation.framework/Versions/A/UIFoundation
0x00000000414c9000 	/System/Library/PrivateFrameworks/DFRFoundation.framework/Versions/A/DFRFoundation
0x00000000414c9000 	/usr/lib/libenergytrace.dylib
0x00000000414c9000 	/System/Library/PrivateFrameworks/SkyLight.framework/Versions/A/SkyLight
0x00000000414c9000 	/System/Library/Frameworks/CoreGraphics.framework/Versions/A/CoreGraphics
0x00000000414c9000 	/usr/lib/libScreenReader.dylib
0x00000000414c9000 	/System/Library/Frameworks/Accelerate.framework/Versions/A/Accelerate
0x00000000414c9000 	/System/Library/Frameworks/IOSurface.framework/Versions/A/IOSurface
0x00000000414c9000 	/System/Library/Frameworks/AudioToolbox.framework/Versions/A/AudioToolbox
0x00000000414c9000 	/System/Library/Frameworks/AudioUnit.framework/Versions/A/AudioUnit
0x00000000414c9000 	/System/Library/PrivateFrameworks/DataDetectorsCore.framework/Versions/A/DataDetectorsCore
0x00000000414c9000 	/System/Library/PrivateFrameworks/DesktopServicesPriv.framework/Versions/A/DesktopServicesPriv
0x00000000414c9000 	/System/Library/Frameworks/Carbon.framework/Versions/A/Frameworks/HIToolbox.framework/Versions/A/HIToolbox
0x00000000414c9000 	/usr/lib/libicucore.A.dylib
0x00000000414c9000 	/System/Library/Frameworks/QuartzCore.framework/Versions/A/QuartzCore
0x00000000414c9000 	/System/Library/Frameworks/Carbon.framework/Versions/A/Frameworks/SpeechRecognition.framework/Versions/A/SpeechRecognition
0x00000000414c9000 	/usr/lib/libauto.dylib
0x00000000414c9000 	/usr/lib/libxml2.2.dylib
0x00000000414c9000 	/System/Library/PrivateFrameworks/CoreUI.framework/Versions/A/CoreUI
0x00000000414c9000 	/System/Library/Frameworks/CoreAudio.framework/Versions/A/CoreAudio
0x00000000414c9000 	/System/Library/Frameworks/DiskArbitration.framework/Versions/A/DiskArbitration
0x00000000414c9000 	/usr/lib/liblangid.dylib
0x00000000414c9000 	/System/Library/PrivateFrameworks/MultitouchSupport.framework/Versions/A/MultitouchSupport
0x00000000414c9000 	/System/Library/Frameworks/IOKit.framework/Versions/A/IOKit
0x00000000414c9000 	/usr/lib/libDiagnosticMessagesClient.dylib
0x00000000414c9000 	/System/Library/Frameworks/CoreServices.framework/Versions/A/CoreServices
0x00000000414c9000 	/System/Library/PrivateFrameworks/PerformanceAnalysis.framework/Versions/A/PerformanceAnalysis
0x00000000414c9000 	/System/Library/PrivateFrameworks/GenerationalStorage.framework/Versions/A/GenerationalStorage
0x00000000414c9000 	/System/Library/Frameworks/OpenGL.framework/Versions/A/OpenGL
0x00000000414c9000 	/System/Library/Frameworks/CoreImage.framework/Versions/A/CoreImage
0x00000000414c9000 	/System/Library/Frameworks/CoreText.framework/Versions/A/CoreText
0x00000000414c9000 	/System/Library/Frameworks/ImageIO.framework/Versions/A/ImageIO
0x00000000414c9000 	/System/Library/PrivateFrameworks/Backup.framework/Versions/A/Backup
0x00000000414c9000 	/usr/lib/libarchive.2.dylib
0x00000000414c9000 	/System/Library/Frameworks/CFNetwork.framework/Versions/A/CFNetwork
0x00000000414c9000 	/System/Library/Frameworks/SystemConfiguration.framework/Versions/A/SystemConfiguration
0x00000000414c9000 	/usr/lib/libCRFSuite.dylib
0x00000000414c9000 	/usr/lib/libc++.1.dylib
0x00000000414c9000 	/usr/lib/libc++abi.dylib
0x00000000414c9000 	/usr/lib/system/libcache.dylib
0x00000000414c9000 	/usr/lib/system/libcommonCrypto.dylib
0x00000000414c9000 	/usr/lib/system/libcompiler_rt.dylib
0x00000000414c9000 	/usr/lib/system/libcopyfile.dylib
0x00000000414c9000 	/usr/lib/system/libcorecrypto.dylib
0x00000000414c9000 	/usr/lib/system/libdispatch.dylib
0x00000000414c9000 	/usr/lib/system/libdyld.dylib
0x00000000414c9000 	/usr/lib/system/libkeymgr.dylib
0x00000000414c9000 	/usr/lib/system/liblaunch.dylib
0x00000000414c9000 	/usr/lib/system/libmacho.dylib
0x00000000414c9000 	/usr/lib/system/libquarantine.dylib
0x00000000414c9000 	/usr/lib/system/libremovefile.dylib
0x00000000414c9000 	/usr/lib/system/libsystem_asl.dylib
0x00000000414c9000 	/usr/lib/system/libsystem_blocks.dylib
0x00000000414c9000 	/usr/lib/system/libsystem_c.dylib
0x00000000414c9000 	/usr/lib/system/libsystem_configuration.dylib
0x00000000414c9000 	/usr/lib/system/libsystem_coreservices.dylib
0x00000000414c9000 	/usr/lib/system/libsystem_coretls.dylib
0x00000000414c9000 	/usr/lib/system/libsystem_dnssd.dylib
0x00000000414c9000 	/usr/lib/system/libsystem_info.dylib
0x00000000414c9000 	/usr/lib/system/libsystem_kernel.dylib
0x00000000414c9000 	/usr/lib/system/libsystem_m.dylib
0x00000000414c9000 	/usr/lib/system/libsystem_malloc.dylib
0x00000000414c9000 	/usr/lib/system/libsystem_network.dylib
0x00000000414c9000 	/usr/lib/system/libsystem_networkextension.dylib
0x00000000414c9000 	/usr/lib/system/libsystem_notify.dylib
0x00000000414c9000 	/usr/lib/system/libsystem_platform.dylib
0x00000000414c9000 	/usr/lib/system/libsystem_pthread.dylib
0x00000000414c9000 	/usr/lib/system/libsystem_sandbox.dylib
0x00000000414c9000 	/usr/lib/system/libsystem_secinit.dylib
0x00000000414c9000 	/usr/lib/system/libsystem_symptoms.dylib
0x00000000414c9000 	/usr/lib/system/libsystem_trace.dylib
0x00000000414c9000 	/usr/lib/system/libunwind.dylib
0x00000000414c9000 	/usr/lib/system/libxpc.dylib
0x00000000414c9000 	/usr/lib/libbsm.0.dylib
0x00000000414c9000 	/usr/lib/system/libkxld.dylib
0x00000000414c9000 	/usr/lib/libcoretls.dylib
0x00000000414c9000 	/usr/lib/libcoretls_cfhelpers.dylib
0x00000000414c9000 	/usr/lib/libxar.1.dylib
0x00000000414c9000 	/usr/lib/libsqlite3.dylib
0x00000000414c9000 	/usr/lib/libpam.2.dylib
0x00000000414c9000 	/usr/lib/libOpenScriptingUtil.dylib
0x00000000414c9000 	/usr/lib/libbz2.1.0.dylib
0x00000000414c9000 	/usr/lib/liblzma.5.dylib
0x00000000414c9000 	/usr/lib/libnetwork.dylib
0x00000000414c9000 	/usr/lib/libpcap.A.dylib
0x00000000414c9000 	/System/Library/Frameworks/CoreServices.framework/Versions/A/Frameworks/FSEvents.framework/Versions/A/FSEvents
0x00000000414c9000 	/System/Library/Frameworks/CoreServices.framework/Versions/A/Frameworks/CarbonCore.framework/Versions/A/CarbonCore
0x00000000414c9000 	/System/Library/Frameworks/CoreServices.framework/Versions/A/Frameworks/Metadata.framework/Versions/A/Metadata
0x00000000414c9000 	/System/Library/Frameworks/CoreServices.framework/Versions/A/Frameworks/OSServices.framework/Versions/A/OSServices
0x00000000414c9000 	/System/Library/Frameworks/CoreServices.framework/Versions/A/Frameworks/SearchKit.framework/Versions/A/SearchKit
0x00000000414c9000 	/System/Library/Frameworks/CoreServices.framework/Versions/A/Frameworks/AE.framework/Versions/A/AE
0x00000000414c9000 	/System/Library/Frameworks/CoreServices.framework/Versions/A/Frameworks/LaunchServices.framework/Versions/A/LaunchServices
0x00000000414c9000 	/System/Library/Frameworks/CoreServices.framework/Versions/A/Frameworks/DictionaryServices.framework/Versions/A/DictionaryServices
0x00000000414c9000 	/System/Library/Frameworks/CoreServices.framework/Versions/A/Frameworks/SharedFileList.framework/Versions/A/SharedFileList
0x00000000414c9000 	/System/Library/Frameworks/NetFS.framework/Versions/A/NetFS
0x00000000414c9000 	/System/Library/PrivateFrameworks/NetAuth.framework/Versions/A/NetAuth
0x00000000414c9000 	/System/Library/PrivateFrameworks/login.framework/Versions/A/Frameworks/loginsupport.framework/Versions/A/loginsupport
0x00000000414c9000 	/System/Library/PrivateFrameworks/TCC.framework/Versions/A/TCC
0x00000000414c9000 	/usr/lib/libmecabra.dylib
0x00000000414c9000 	/System/Library/Frameworks/ApplicationServices.framework/Versions/A/Frameworks/ATS.framework/Versions/A/ATS
0x00000000414c9000 	/System/Library/Frameworks/ApplicationServices.framework/Versions/A/Frameworks/ColorSync.framework/Versions/A/ColorSync
0x00000000414c9000 	/System/Library/Frameworks/ApplicationServices.framework/Versions/A/Frameworks/HIServices.framework/Versions/A/HIServices
0x00000000414c9000 	/System/Library/Frameworks/ApplicationServices.framework/Versions/A/Frameworks/LangAnalysis.framework/Versions/A/LangAnalysis
0x00000000414c9000 	/System/Library/Frameworks/ApplicationServices.framework/Versions/A/Frameworks/PrintCore.framework/Versions/A/PrintCore
0x00000000414c9000 	/System/Library/Frameworks/ApplicationServices.framework/Versions/A/Frameworks/QD.framework/Versions/A/QD
0x00000000414c9000 	/System/Library/Frameworks/ApplicationServices.framework/Versions/A/Frameworks/SpeechSynthesis.framework/Versions/A/SpeechSynthesis
0x00000000414c9000 	/System/Library/Frameworks/Accelerate.framework/Versions/A/Frameworks/vImage.framework/Versions/A/vImage
0x00000000414c9000 	/System/Library/Frameworks/Accelerate.framework/Versions/A/Frameworks/vecLib.framework/Versions/A/vecLib
0x00000000414c9000 	/System/Library/Frameworks/Accelerate.framework/Versions/A/Frameworks/vecLib.framework/Versions/A/libvDSP.dylib
0x00000000414c9000 	/System/Library/Frameworks/Accelerate.framework/Versions/A/Frameworks/vecLib.framework/Versions/A/libBNNS.dylib
0x00000000414c9000 	/System/Library/Frameworks/Accelerate.framework/Versions/A/Frameworks/vecLib.framework/Versions/A/libQuadrature.dylib
0x00000000414c9000 	/System/Library/Frameworks/Accelerate.framework/Versions/A/Frameworks/vecLib.framework/Versions/A/libvMisc.dylib
0x00000000414c9000 	/System/Library/Frameworks/Accelerate.framework/Versions/A/Frameworks/vecLib.framework/Versions/A/libLAPACK.dylib
0x00000000414c9000 	/System/Library/Frameworks/Accelerate.framework/Versions/A/Frameworks/vecLib.framework/Versions/A/libBLAS.dylib
0x00000000414c9000 	/System/Library/Frameworks/Accelerate.framework/Versions/A/Frameworks/vecLib.framework/Versions/A/libLinearAlgebra.dylib
0x00000000414c9000 	/System/Library/Frameworks/Accelerate.framework/Versions/A/Frameworks/vecLib.framework/Versions/A/libSparseBLAS.dylib
0x00000000414c9000 	/System/Library/Frameworks/ApplicationServices.framework/Versions/A/Frameworks/ATS.framework/Versions/A/Resources/libFontParser.dylib
0x00000000414c9000 	/System/Library/Frameworks/ApplicationServices.framework/Versions/A/Frameworks/ATS.framework/Versions/A/Resources/libFontRegistry.dylib
0x00000000414c9000 	/System/Library/Frameworks/ImageIO.framework/Versions/A/Resources/libJPEG.dylib
0x00000000414c9000 	/System/Library/Frameworks/ImageIO.framework/Versions/A/Resources/libTIFF.dylib
0x00000000414c9000 	/System/Library/Frameworks/ImageIO.framework/Versions/A/Resources/libPng.dylib
0x00000000414c9000 	/System/Library/Frameworks/ImageIO.framework/Versions/A/Resources/libGIF.dylib
0x00000000414c9000 	/System/Library/Frameworks/ImageIO.framework/Versions/A/Resources/libJP2.dylib
0x00000000414c9000 	/System/Library/Frameworks/ImageIO.framework/Versions/A/Resources/libRadiance.dylib
0x00000000414c9000 	/usr/lib/libcompression.dylib
0x00000000414c9000 	/System/Library/PrivateFrameworks/AppleJPEG.framework/Versions/A/AppleJPEG
0x00000000414c9000 	/usr/lib/libcups.2.dylib
0x00000000414c9000 	/System/Library/Frameworks/Kerberos.framework/Versions/A/Kerberos
0x00000000414c9000 	/System/Library/Frameworks/GSS.framework/Versions/A/GSS
0x00000000414c9000 	/usr/lib/libresolv.9.dylib
0x00000000414c9000 	/usr/lib/libiconv.2.dylib
0x00000000414c9000 	/System/Library/PrivateFrameworks/Heimdal.framework/Versions/A/Heimdal
0x00000000414c9000 	/usr/lib/libheimdal-asn1.dylib
0x00000000414c9000 	/System/Library/Frameworks/OpenDirectory.framework/Versions/A/OpenDirectory
0x00000000414c9000 	/System/Library/PrivateFrameworks/CommonAuth.framework/Versions/A/CommonAuth
0x00000000414c9000 	/System/Library/Frameworks/OpenDirectory.framework/Versions/A/Frameworks/CFOpenDirectory.framework/Versions/A/CFOpenDirectory
0x00000000414c9000 	/System/Library/Frameworks/SecurityFoundation.framework/Versions/A/SecurityFoundation
0x00000000414c9000 	/System/Library/PrivateFrameworks/LanguageModeling.framework/Versions/A/LanguageModeling
0x00000000414c9000 	/usr/lib/libmarisa.dylib
0x00000000414c9000 	/usr/lib/libChineseTokenizer.dylib
0x00000000414c9000 	/usr/lib/libcmph.dylib
0x00000000414c9000 	/System/Library/PrivateFrameworks/CoreEmoji.framework/Versions/A/CoreEmoji
0x00000000414c9000 	/System/Library/Frameworks/ServiceManagement.framework/Versions/A/ServiceManagement
0x00000000414c9000 	/usr/lib/libxslt.1.dylib
0x00000000414c9000 	/System/Library/Frameworks/Carbon.framework/Versions/A/Frameworks/Ink.framework/Versions/A/Ink
0x00000000414c9000 	/System/Library/PrivateFrameworks/TextureIO.framework/Versions/A/TextureIO
0x00000000414c9000 	/System/Library/Frameworks/Metal.framework/Versions/A/Metal
0x00000000414c9000 	/usr/lib/libate.dylib
0x00000000414c9000 	/System/Library/PrivateFrameworks/GPUCompiler.framework/libmetal_timestamp.dylib
0x00000000414c9000 	/System/Library/Frameworks/OpenGL.framework/Versions/A/Libraries/libCoreFSCache.dylib
0x00000000414c9000 	/System/Library/PrivateFrameworks/IOAccelerator.framework/Versions/A/IOAccelerator
0x00000000414c9000 	/System/Library/Frameworks/CoreVideo.framework/Versions/A/CoreVideo
0x00000000414c9000 	/usr/lib/libFosl_dynamic.dylib
0x00000000414c9000 	/System/Library/PrivateFrameworks/MetalPerformanceShaders.framework/Versions/A/MetalPerformanceShaders
0x00000000414c9000 	/System/Library/PrivateFrameworks/FaceCore.framework/Versions/A/FaceCore
0x00000000414c9000 	/System/Library/Frameworks/OpenCL.framework/Versions/A/OpenCL
0x00000000414c9000 	/System/Library/Frameworks/OpenGL.framework/Versions/A/Libraries/libGLU.dylib
0x00000000414c9000 	/System/Library/Frameworks/OpenGL.framework/Versions/A/Libraries/libGFXShared.dylib
0x00000000414c9000 	/System/Library/Frameworks/OpenGL.framework/Versions/A/Libraries/libGL.dylib
0x00000000414c9000 	/System/Library/Frameworks/OpenGL.framework/Versions/A/Libraries/libGLImage.dylib
0x00000000414c9000 	/System/Library/Frameworks/OpenGL.framework/Versions/A/Libraries/libCVMSPluginSupport.dylib
0x00000000414c9000 	/System/Library/Frameworks/OpenGL.framework/Versions/A/Libraries/libCoreVMClient.dylib
0x00000000414c9000 	/System/Library/PrivateFrameworks/CrashReporterSupport.framework/Versions/A/CrashReporterSupport
0x00000000414c9000 	/System/Library/PrivateFrameworks/Sharing.framework/Versions/A/Sharing
0x00000000414c9000 	/System/Library/PrivateFrameworks/IconServices.framework/Versions/A/IconServices
0x00000000414c9000 	/System/Library/PrivateFrameworks/ProtocolBuffer.framework/Versions/A/ProtocolBuffer
0x00000000414c9000 	/System/Library/PrivateFrameworks/Apple80211.framework/Versions/A/Apple80211
0x00000000414c9000 	/System/Library/Frameworks/CoreWLAN.framework/Versions/A/CoreWLAN
0x00000000414c9000 	/System/Library/PrivateFrameworks/CoreUtils.framework/Versions/A/CoreUtils
0x00000000414c9000 	/System/Library/Frameworks/IOBluetooth.framework/Versions/A/IOBluetooth
0x00000000414c9000 	/System/Library/PrivateFrameworks/CoreWiFi.framework/Versions/A/CoreWiFi
0x00000000414c9000 	/System/Library/Frameworks/CoreBluetooth.framework/Versions/A/CoreBluetooth
0x00000000414c9000 	/System/Library/Frameworks/CoreDisplay.framework/Versions/A/CoreDisplay
0x00000000414c9000 	/System/Library/PrivateFrameworks/IOPresentment.framework/Versions/A/IOPresentment
0x00000000414c9000 	/System/Library/PrivateFrameworks/DebugSymbols.framework/Versions/A/DebugSymbols
0x00000000414c9000 	/System/Library/PrivateFrameworks/CoreSymbolication.framework/Versions/A/CoreSymbolication
0x00000000414c9000 	/System/Library/PrivateFrameworks/Symbolication.framework/Versions/A/Symbolication
0x00000000414c9000 	/System/Library/PrivateFrameworks/AppleFSCompression.framework/Versions/A/AppleFSCompression
0x00000000414c9000 	/System/Library/PrivateFrameworks/SpeechRecognitionCore.framework/Versions/A/SpeechRecognitionCore
0x00000000414c9000 	/System/Library/PrivateFrameworks/ChunkingLibrary.framework/Versions/A/ChunkingLibrary
0x0000000108e00000 	/Library/Java/JavaVirtualMachines/jdk1.8.0_65.jdk/Contents/Home/jre/lib/server/libjvm.dylib
0x00000000414c9000 	/usr/lib/libstdc++.6.dylib
0x0000000107c5c000 	/Library/Java/JavaVirtualMachines/jdk1.8.0_65.jdk/Contents/Home/jre/lib/libverify.dylib
0x0000000107c6a000 	/Library/Java/JavaVirtualMachines/jdk1.8.0_65.jdk/Contents/Home/jre/lib/libjava.dylib
0x0000000107ca9000 	/Library/Java/JavaVirtualMachines/jdk1.8.0_65.jdk/Contents/Home/jre/lib/libzip.dylib
0x000000010dcf5000 	/System/Library/Frameworks/JavaVM.framework/Frameworks/JavaRuntimeSupport.framework/JavaRuntimeSupport
0x000000010dd0f000 	/System/Library/Frameworks/JavaVM.framework/Versions/A/Frameworks/JavaNativeFoundation.framework/Versions/A/JavaNativeFoundation
0x000000010dd24000 	/System/Library/Frameworks/JavaVM.framework/Versions/A/JavaVM
0x00000000414c9000 	/System/Library/Frameworks/Carbon.framework/Versions/A/Carbon
0x000000010dd31000 	/System/Library/PrivateFrameworks/JavaLaunching.framework/Versions/A/JavaLaunching
0x00000000414c9000 	/System/Library/Frameworks/Carbon.framework/Versions/A/Frameworks/CommonPanels.framework/Versions/A/CommonPanels
0x00000000414c9000 	/System/Library/Frameworks/Carbon.framework/Versions/A/Frameworks/Help.framework/Versions/A/Help
0x00000000414c9000 	/System/Library/Frameworks/Carbon.framework/Versions/A/Frameworks/ImageCapture.framework/Versions/A/ImageCapture
0x00000000414c9000 	/System/Library/Frameworks/Carbon.framework/Versions/A/Frameworks/OpenScripting.framework/Versions/A/OpenScripting
0x00000000414c9000 	/System/Library/Frameworks/Carbon.framework/Versions/A/Frameworks/Print.framework/Versions/A/Print
0x00000000414c9000 	/System/Library/Frameworks/Carbon.framework/Versions/A/Frameworks/SecurityHI.framework/Versions/A/SecurityHI
0x000000010e0ba000 	/Applications/IntelliJ IDEA.app/Contents/bin/libbreakgen64.jnilib
0x000000010e0bd000 	/Library/Java/JavaVirtualMachines/jdk1.8.0_65.jdk/Contents/Home/jre/lib/libnet.dylib
0x000000010e5bc000 	/Library/Java/JavaVirtualMachines/jdk1.8.0_65.jdk/Contents/Home/jre/lib/libmanagement.dylib
0x000000010e2dd000 	/Library/Java/JavaVirtualMachines/jdk1.8.0_65.jdk/Contents/Home/jre/lib/libnio.dylib
0x000000010e15e000 	/Users/sophatvathana/Desktop/Project/ipcam/IPCAM-VIDEO-STREAMING-API/native/mac/x86_64/strmrecv.dylib
0x000000010e32f000 	/Library/Java/JavaVirtualMachines/jdk1.8.0_65.jdk/Contents/Home/jre/lib/libsunec.dylib
0x000000010e205000 	/Users/sophatvathana/Desktop/Project/ipcam/IPCAM-VIDEO-STREAMING-API/native/mac/x86_64/libavutil.55.dylib
0x00000000414c9000 	/System/Library/Frameworks/AVFoundation.framework/Versions/A/AVFoundation
0x00000000414c9000 	/System/Library/Frameworks/CoreMedia.framework/Versions/A/CoreMedia
0x00000000414c9000 	/System/Library/Frameworks/VideoToolbox.framework/Versions/A/VideoToolbox
0x000000010e17b000 	/System/Library/Frameworks/VideoDecodeAcceleration.framework/Versions/A/VideoDecodeAcceleration
0x00000000414c9000 	/System/Library/Frameworks/AVFoundation.framework/Versions/A/Frameworks/AVFAudio.framework/Versions/A/AVFAudio
0x00000000414c9000 	/System/Library/Frameworks/MediaToolbox.framework/Versions/A/MediaToolbox
0x00000000414c9000 	/System/Library/PrivateFrameworks/IntlPreferences.framework/Versions/A/IntlPreferences
0x00000000414c9000 	/System/Library/Frameworks/CoreMediaIO.framework/Versions/A/CoreMediaIO
0x00000000414c9000 	/usr/lib/libspindump.dylib
0x00000000414c9000 	/usr/lib/libdscsym.dylib
0x00000000414c9000 	/System/Library/PrivateFrameworks/CoreAVCHD.framework/Versions/A/CoreAVCHD
0x00000000414c9000 	/System/Library/Frameworks/MediaAccessibility.framework/Versions/A/MediaAccessibility
0x00000000414c9000 	/System/Library/PrivateFrameworks/Mangrove.framework/Versions/A/Mangrove
0x00000000414c9000 	/System/Library/PrivateFrameworks/CoreAUC.framework/Versions/A/CoreAUC
0x00000000414c9000 	/System/Library/PrivateFrameworks/AppleVA.framework/Versions/A/AppleVA
0x00000000414c9000 	/System/Library/PrivateFrameworks/XPCService.framework/Versions/A/XPCService
0x00000000414c9000 	/System/Library/PrivateFrameworks/AppSandbox.framework/Versions/A/AppSandbox
0x00000000414c9000 	/usr/lib/libsandbox.1.dylib
0x00000000414c9000 	/System/Library/PrivateFrameworks/AppContainer.framework/Versions/A/AppContainer
0x00000000414c9000 	/System/Library/PrivateFrameworks/SecCodeWrapper.framework/Versions/A/SecCodeWrapper
0x00000000414c9000 	/usr/lib/libMatch.1.dylib
0x000000010e181000 	/Users/sophatvathana/Desktop/Project/ipcam/IPCAM-VIDEO-STREAMING-API/native/mac/x86_64/libswresample.2.dylib
0x0000000128f55000 	/Users/sophatvathana/Desktop/Project/ipcam/IPCAM-VIDEO-STREAMING-API/native/mac/x86_64/libavcodec.57.dylib
0x000000012873a000 	/Users/sophatvathana/Desktop/Project/ipcam/IPCAM-VIDEO-STREAMING-API/native/mac/x86_64/libavformat.57.dylib

VM Arguments:
jvm_args: -Dspring.output.ansi.enabled=always -Didea.launcher.port=7532 -Didea.launcher.bin.path=/Applications/IntelliJ IDEA.app/Contents/bin -Dfile.encoding=UTF-8 
java_command: com.intellij.rt.execution.application.AppMain kh.com.kshrd.ipcam.IpcamVideoStreamingApiApplication
java_class_path (initial): /Library/Java/JavaVirtualMachines/jdk1.8.0_65.jdk/Contents/Home/jre/lib/charsets.jar:/Library/Java/JavaVirtualMachines/jdk1.8.0_65.jdk/Contents/Home/jre/lib/deploy.jar:/Library/Java/JavaVirtualMachines/jdk1.8.0_65.jdk/Contents/Home/jre/lib/ext/cldrdata.jar:/Library/Java/JavaVirtualMachines/jdk1.8.0_65.jdk/Contents/Home/jre/lib/ext/dnsns.jar:/Library/Java/JavaVirtualMachines/jdk1.8.0_65.jdk/Contents/Home/jre/lib/ext/jaccess.jar:/Library/Java/JavaVirtualMachines/jdk1.8.0_65.jdk/Contents/Home/jre/lib/ext/jfxrt.jar:/Library/Java/JavaVirtualMachines/jdk1.8.0_65.jdk/Contents/Home/jre/lib/ext/localedata.jar:/Library/Java/JavaVirtualMachines/jdk1.8.0_65.jdk/Contents/Home/jre/lib/ext/nashorn.jar:/Library/Java/JavaVirtualMachines/jdk1.8.0_65.jdk/Contents/Home/jre/lib/ext/sunec.jar:/Library/Java/JavaVirtualMachines/jdk1.8.0_65.jdk/Contents/Home/jre/lib/ext/sunjce_provider.jar:/Library/Java/JavaVirtualMachines/jdk1.8.0_65.jdk/Contents/Home/jre/lib/ext/sunpkcs11.jar:/Library/Java/JavaVirtualMachines/jdk1.8.0_65.jdk/Contents/Home/jre/lib/ext/zipfs.jar:/Library/Java/JavaVirtualMachines/jdk1.8.0_65.jdk/Contents/Home/jre/lib/javaws.jar:/Library/Java/JavaVirtualMachines/jdk1.8.0_65.jdk/Contents/Home/jre/lib/jce.jar:/Library/Java/JavaVirtualMachines/jdk1.8.0_65.jdk/Contents/Home/jre/lib/jfr.jar:/Library/Java/JavaVirtualMachines/jdk1.8.0_65.jdk/Contents/Home/jre/lib/jfxswt.jar:/Library/Java/JavaVirtualMachines/jdk1.8.0_65.jdk/Contents/Home/jre/lib/jsse.jar:/Library/Java/JavaVirtualMachines/jdk1.8.0_65.jdk/Contents/Home/jre/lib/management-agent.jar:/Library/Java/JavaVirtualMachines/jdk1.8.0_65.jdk/Contents/Home/jre/lib/plugin.jar:/Library/Java/JavaVirtualMachines/jdk1.8.0_65.jdk/Contents/Home/jre/lib/resources.jar:/Library/Java/JavaVirtualMachines/jdk1.8.0_65.jdk/Contents/Home/jre/lib/rt.jar:/Library/Java/JavaVirtualMachines/jdk1.8.0_65.jdk/Contents/Home/lib/dt.jar:/Library/Java/JavaVirtualMachines/jdk1.8.0_65.jdk/Contents/Home/lib/javafx-mx.jar:/Library/Jav
Launcher Type: SUN_STANDARD

Environment Variables:
PATH=/Library/Frameworks/Python.framework/Versions/3.5/bin:/usr/local/bin:/usr/bin:/bin:/usr/sbin:/sbin
SHELL=/bin/zsh

Signal Handlers:
SIGSEGV: [libjvm.dylib+0x5a6d31], sa_mask[0]=11111111011111110111111111111111, sa_flags=SA_ONSTACK|SA_RESTART|SA_SIGINFO
SIGBUS: [libjvm.dylib+0x5a6d31], sa_mask[0]=11111111011111110111111111111111, sa_flags=SA_RESTART|SA_SIGINFO
SIGFPE: [libjvm.dylib+0x480a40], sa_mask[0]=11111111011111110111111111111111, sa_flags=SA_RESTART|SA_SIGINFO
SIGPIPE: [libjvm.dylib+0x480a40], sa_mask[0]=11111111011111110111111111111111, sa_flags=SA_RESTART|SA_SIGINFO
SIGXFSZ: [libjvm.dylib+0x480a40], sa_mask[0]=11111111011111110111111111111111, sa_flags=SA_RESTART|SA_SIGINFO
SIGILL: [libjvm.dylib+0x480a40], sa_mask[0]=11111111011111110111111111111111, sa_flags=SA_RESTART|SA_SIGINFO
SIGUSR1: SIG_DFL, sa_mask[0]=00000000000000000000000000000000, sa_flags=none
SIGUSR2: [libjvm.dylib+0x48055e], sa_mask[0]=00100000000000000000000000000000, sa_flags=SA_RESTART|SA_SIGINFO
SIGHUP: [libjvm.dylib+0x47eb35], sa_mask[0]=11111111011111110111111111111111, sa_flags=SA_RESTART|SA_SIGINFO
SIGINT: [libjvm.dylib+0x47eb35], sa_mask[0]=11111111011111110111111111111111, sa_flags=SA_RESTART|SA_SIGINFO
SIGTERM: [libjvm.dylib+0x47eb35], sa_mask[0]=11111111011111110111111111111111, sa_flags=SA_RESTART|SA_SIGINFO
SIGQUIT: [libjvm.dylib+0x47eb35], sa_mask[0]=11111111011111110111111111111111, sa_flags=SA_RESTART|SA_SIGINFO


---------------  S Y S T E M  ---------------

OS:Bsduname:Darwin 16.3.0 Darwin Kernel Version 16.3.0: Thu Nov 17 20:23:58 PST 2016; root:xnu-3789.31.2~1/RELEASE_X86_64 x86_64
rlimit: STACK 8192k, CORE 0k, NPROC 709, NOFILE 10240, AS infinity
load average:1.76 1.91 1.80

CPU:total 8 (4 cores per cpu, 2 threads per core) family 6 model 70 stepping 1, cmov, cx8, fxsr, mmx, sse, sse2, sse3, ssse3, sse4.1, sse4.2, popcnt, avx, avx2, aes, clmul, erms, lzcnt, ht, tsc, tscinvbit, bmi1, bmi2

Memory: 4k page, physical 16777216k(2083500k free)

/proc/meminfo:


vm_info: Java HotSpot(TM) 64-Bit Server VM (25.65-b01) for bsd-amd64 JRE (1.8.0_65-b17), built on Oct  6 2015 15:36:46 by "java_re" with gcc 4.2.1 (Based on Apple Inc. build 5658) (LLVM build 2336.11.00)

time: Tue Dec 27 02:33:27 2016
elapsed time: 115 seconds (0d 0h 1m 55s)

