#
# A fatal error has been detected by the Java Runtime Environment:
#
#  SIGSEGV (0xb) at pc=0x0000000129ba1c72, pid=4979, tid=32515
#
# JRE version: Java(TM) SE Runtime Environment (8.0_65-b17) (build 1.8.0_65-b17)
# Java VM: Java HotSpot(TM) 64-Bit Server VM (25.65-b01 mixed mode bsd-amd64 compressed oops)
# Problematic frame:
# C  [libavutil.55.dylib+0x5c72]  av_buffer_unref+0x12
#
# Failed to write core dump. Core dumps have been disabled. To enable core dumping, try "ulimit -c unlimited" before starting Java again
#
# If you would like to submit a bug report, please visit:
#   http://bugreport.java.com/bugreport/crash.jsp
# The crash happened outside the Java Virtual Machine in native code.
# See problematic frame for where to report the bug.
#

---------------  T H R E A D  ---------------

Current thread (0x00007fa9fa007800):  JavaThread "Thread-7" daemon [_thread_in_native, id=32515, stack(0x000070000c8ff000,0x000070000c9ff000)]

siginfo: si_signo: 11 (SIGSEGV), si_code: 0 (unknown), si_addr: 0x0000000000000000

Registers:
RAX=0x6000000000000000, RBX=0x00007fa9f4f969e0, RCX=0x0000000000000000, RDX=0x00007fa9f4f969e0
RSP=0x000070000c9fe6f0, RBP=0x000070000c9fe750, RSI=0x000070000c9fe7e8, RDI=0x00007fa9f4f969e8
R8 =0x0000000000000004, R9 =0x0000000000000000, R10=0x0000000118483928, R11=0x000000010cedc4cf
R12=0x0000000000000000, R13=0x000000012adb2578, R14=0x00007fa9f4f96a18, R15=0x00007fa9f4f969e8
RIP=0x0000000129ba1c72, EFLAGS=0x0000000000010206, ERR=0x0000000000000000
  TRAPNO=0x000000000000000d

Top of Stack: (sp=0x000070000c9fe6f0)
0x000070000c9fe6f0:   000070000c9fe750 0000000129bb576b
0x000070000c9fe700:   00007fa9f4f969e0 000000012be49734
0x000070000c9fe710:   0000000128e8a500 00007fa9f4f969e0
0x000070000c9fe720:   0000000000000000 000070000c9fe7e8
0x000070000c9fe730:   00007fa9fa007800 0000000128e89f32
0x000070000c9fe740:   000000012adb2578 000070000c9fe7e8
0x000070000c9fe750:   000070000c9fe7b8 0000000118483954
0x000070000c9fe760:   000070000c9fe780 00007fa9f4d8dc00
0x000070000c9fe770:   00007fa9fa007800 000070000c9fe778
0x000070000c9fe780:   0000000000000000 000070000c9fe7e8
0x000070000c9fe790:   000000012adb4618 0000000000000000
0x000070000c9fe7a0:   000000012adb2578 0000000000000000
0x000070000c9fe7b0:   000070000c9fe7d8 000070000c9fe830
0x000070000c9fe7c0:   0000000118475c4d 0000000000000000
0x000070000c9fe7d0:   000000011847d578 00007fa9f4f969e0
0x000070000c9fe7e0:   00007fa9f4f969e0 0000000776153b68
0x000070000c9fe7f0:   000070000c9fe7f0 000000012adb2886
0x000070000c9fe800:   000070000c9fe840 000000012adb4618
0x000070000c9fe810:   0000000000000000 000000012adb28a8
0x000070000c9fe820:   000070000c9fe7d8 000070000c9fe840
0x000070000c9fe830:   000070000c9fe888 0000000118475c4d
0x000070000c9fe840:   0000000776153b68 000070000c9fe848
0x000070000c9fe850:   000000012adb27c1 000070000c9fe898
0x000070000c9fe860:   000000012adb4618 0000000000000000
0x000070000c9fe870:   000000012adb27f0 000070000c9fe840
0x000070000c9fe880:   000070000c9fe898 000070000c9fe8e0
0x000070000c9fe890:   0000000118475c4d 0000000776153b68
0x000070000c9fe8a0:   000070000c9fe8a0 000000012b0e8ff5
0x000070000c9fe8b0:   000070000c9fe910 000000012adb0ba0
0x000070000c9fe8c0:   0000000000000000 000000012b0e9168
0x000070000c9fe8d0:   000070000c9fe898 000070000c9fe910
0x000070000c9fe8e0:   000070000c9fe958 0000000118475c92 

Instructions: (pc=0x0000000129ba1c72)
0x0000000129ba1c52:   48 89 c1 48 89 c8 5b c3 66 0f 1f 44 00 00 48 85
0x0000000129ba1c62:   ff 74 47 48 8b 07 48 85 c0 74 3f 53 48 83 ec 10
0x0000000129ba1c72:   48 8b 18 48 89 5c 24 08 e8 d1 3a 01 00 b8 ff ff
0x0000000129ba1c82:   ff ff f0 0f c1 43 0c 83 f8 01 75 19 48 8b 44 24 

Register to memory mapping:

RAX=0x6000000000000000 is an unknown value
RBX=0x00007fa9f4f969e0 is an unknown value
RCX=0x0000000000000000 is an unknown value
RDX=0x00007fa9f4f969e0 is an unknown value
RSP=0x000070000c9fe6f0 is pointing into the stack for thread: 0x00007fa9fa007800
RBP=0x000070000c9fe750 is pointing into the stack for thread: 0x00007fa9fa007800
RSI=0x000070000c9fe7e8 is pointing into the stack for thread: 0x00007fa9fa007800
RDI=0x00007fa9f4f969e8 is an unknown value
R8 =0x0000000000000004 is an unknown value
R9 =0x0000000000000000 is an unknown value
R10=0x0000000118483928 is at code_begin+808 in an Interpreter codelet
method entry point (kind = native)  [0x0000000118483600, 0x0000000118483f00]  2304 bytes
R11=0x000000010cedc4cf: throw_unsatisfied_link_error+0 in /Library/Java/JavaVirtualMachines/jdk1.8.0_65.jdk/Contents/Home/jre/lib/server/libjvm.dylib at 0x000000010ca00000
R12=0x0000000000000000 is an unknown value
R13={method} {0x000000012adb2578} 'releaseContextInternal' '(J)V' in 'kh/com/kshrd/core/RtspStream'
R14=0x00007fa9f4f96a18 is an unknown value
R15=0x00007fa9f4f969e8 is an unknown value


Stack: [0x000070000c8ff000,0x000070000c9ff000],  sp=0x000070000c9fe6f0,  free space=1021k
Native frames: (J=compiled Java code, j=interpreted, Vv=VM code, C=native code)
C  [libavutil.55.dylib+0x5c72]  av_buffer_unref+0x12
j  kh.com.kshrd.core.RtspStream.releaseContextInternal(J)V+0
j  kh.com.kshrd.core.RtspStream.release()V+14
j  kh.com.kshrd.core.RtspStream.initialize()V+1
j  kh.com.kshrd.core.RtspCamera.run()V+269
j  java.lang.Thread.run()V+11
v  ~StubRoutines::call_stub
V  [libjvm.dylib+0x2eab02]  JavaCalls::call_helper(JavaValue*, methodHandle*, JavaCallArguments*, Thread*)+0x6ae
V  [libjvm.dylib+0x2eb290]  JavaCalls::call_virtual(JavaValue*, KlassHandle, Symbol*, Symbol*, JavaCallArguments*, Thread*)+0x164
V  [libjvm.dylib+0x2eb43c]  JavaCalls::call_virtual(JavaValue*, Handle, KlassHandle, Symbol*, Symbol*, Thread*)+0x4a
V  [libjvm.dylib+0x345959]  thread_entry(JavaThread*, Thread*)+0x7c
V  [libjvm.dylib+0x5612d3]  JavaThread::thread_main_inner()+0x9b
V  [libjvm.dylib+0x5629ce]  JavaThread::run()+0x1c2
V  [libjvm.dylib+0x48342e]  java_start(Thread*)+0xf6
C  [libsystem_pthread.dylib+0x3aab]  _pthread_body+0xb4
C  [libsystem_pthread.dylib+0x39f7]  _pthread_body+0x0
C  [libsystem_pthread.dylib+0x31fd]  thread_start+0xd
C  0x0000000000000000

Java frames: (J=compiled Java code, j=interpreted, Vv=VM code)
j  kh.com.kshrd.core.RtspStream.releaseContextInternal(J)V+0
j  kh.com.kshrd.core.RtspStream.release()V+14
j  kh.com.kshrd.core.RtspStream.initialize()V+1
j  kh.com.kshrd.core.RtspCamera.run()V+269
j  java.lang.Thread.run()V+11
v  ~StubRoutines::call_stub

---------------  P R O C E S S  ---------------

Java Threads: ( => current thread )
=>0x00007fa9fa007800 JavaThread "Thread-7" daemon [_thread_in_native, id=32515, stack(0x000070000c8ff000,0x000070000c9ff000)]
  0x00007fa9f807e000 JavaThread "Thread-6" daemon [_thread_in_native, id=32003, stack(0x000070000c7fc000,0x000070000c8fc000)]
  0x00007fa9fa2b0800 JavaThread "Thread-5" daemon [_thread_in_native, id=31495, stack(0x000070000c6f9000,0x000070000c7f9000)]
  0x00007fa9fa296000 JavaThread "Thread-4" daemon [_thread_in_native, id=30979, stack(0x000070000c5f6000,0x000070000c6f6000)]
  0x00007fa9f5002000 JavaThread "http-nio-9999-exec-10" daemon [_thread_blocked, id=30467, stack(0x000070000c4f3000,0x000070000c5f3000)]
  0x00007fa9f90e2800 JavaThread "http-nio-9999-exec-9" daemon [_thread_blocked, id=29955, stack(0x000070000c3f0000,0x000070000c4f0000)]
  0x00007fa9f859d800 JavaThread "http-nio-9999-exec-8" daemon [_thread_blocked, id=29443, stack(0x000070000c2ed000,0x000070000c3ed000)]
  0x00007fa9f9a6c000 JavaThread "http-nio-9999-exec-7" daemon [_thread_blocked, id=28931, stack(0x000070000c1ea000,0x000070000c2ea000)]
  0x00007fa9f70c0000 JavaThread "http-nio-9999-exec-6" daemon [_thread_blocked, id=28419, stack(0x000070000c0e7000,0x000070000c1e7000)]
  0x00007fa9f8501800 JavaThread "http-nio-9999-exec-5" daemon [_thread_blocked, id=27907, stack(0x000070000bfe4000,0x000070000c0e4000)]
  0x00007fa9f90ea800 JavaThread "http-nio-9999-exec-4" daemon [_thread_blocked, id=27395, stack(0x000070000bee1000,0x000070000bfe1000)]
  0x00007fa9fa0f1000 JavaThread "http-nio-9999-exec-3" daemon [_thread_blocked, id=26883, stack(0x000070000bdde000,0x000070000bede000)]
  0x00007fa9fa00b000 JavaThread "http-nio-9999-exec-2" daemon [_thread_blocked, id=26371, stack(0x000070000bcdb000,0x000070000bddb000)]
  0x00007fa9f9a62800 JavaThread "Thread-3" daemon [_thread_in_native, id=5391, stack(0x000070000b4c3000,0x000070000b5c3000)]
  0x00007fa9f84fd800 JavaThread "http-nio-9999-exec-1" daemon [_thread_blocked, id=5135, stack(0x000070000b3c0000,0x000070000b4c0000)]
  0x00007fa9f3fae800 JavaThread "DestroyJavaVM" [_thread_blocked, id=7171, stack(0x0000700009f84000,0x000070000a084000)]
  0x00007fa9f3fae000 JavaThread "http-nio-9999-AsyncTimeout" daemon [_thread_blocked, id=25859, stack(0x000070000bbd8000,0x000070000bcd8000)]
  0x00007fa9f4779000 JavaThread "http-nio-9999-Acceptor-0" daemon [_thread_in_native, id=25347, stack(0x000070000bad5000,0x000070000bbd5000)]
  0x00007fa9fa12f000 JavaThread "http-nio-9999-ClientPoller-1" daemon [_thread_in_native, id=24835, stack(0x000070000b9d2000,0x000070000bad2000)]
  0x00007fa9f9a62000 JavaThread "http-nio-9999-ClientPoller-0" daemon [_thread_in_native, id=24323, stack(0x000070000b8cf000,0x000070000b9cf000)]
  0x00007fa9f99aa800 JavaThread "NioBlockingSelector.BlockPoller-1" daemon [_thread_in_native, id=23811, stack(0x000070000b7cc000,0x000070000b8cc000)]
  0x00007fa9f587e800 JavaThread "container-0" [_thread_blocked, id=23299, stack(0x000070000b6c9000,0x000070000b7c9000)]
  0x00007fa9f35f1800 JavaThread "ContainerBackgroundProcessor[StandardEngine[Tomcat]]" daemon [_thread_blocked, id=22787, stack(0x000070000b5c6000,0x000070000b6c6000)]
  0x00007fa9f30c9000 JavaThread "Monitor Ctrl-Break" daemon [_thread_in_native, id=22275, stack(0x000070000b2bd000,0x000070000b3bd000)]
  0x00007fa9f400e800 JavaThread "Service Thread" daemon [_thread_blocked, id=21251, stack(0x000070000b0b7000,0x000070000b1b7000)]
  0x00007fa9f400e000 JavaThread "C1 CompilerThread3" daemon [_thread_blocked, id=20739, stack(0x000070000afb4000,0x000070000b0b4000)]
  0x00007fa9f5803000 JavaThread "C2 CompilerThread2" daemon [_thread_blocked, id=20227, stack(0x000070000aeb1000,0x000070000afb1000)]
  0x00007fa9f7002800 JavaThread "C2 CompilerThread1" daemon [_thread_blocked, id=19715, stack(0x000070000adae000,0x000070000aeae000)]
  0x00007fa9f384d800 JavaThread "C2 CompilerThread0" daemon [_thread_blocked, id=19203, stack(0x000070000acab000,0x000070000adab000)]
  0x00007fa9f3816000 JavaThread "Signal Dispatcher" daemon [_thread_blocked, id=18691, stack(0x000070000aba8000,0x000070000aca8000)]
  0x00007fa9f4008000 JavaThread "Finalizer" daemon [_thread_blocked, id=14595, stack(0x000070000aaa5000,0x000070000aba5000)]
  0x00007fa9f305d800 JavaThread "Reference Handler" daemon [_thread_blocked, id=14083, stack(0x000070000a9a2000,0x000070000aaa2000)]

Other Threads:
  0x00007fa9f305a800 VMThread [stack: 0x000070000a89f000,0x000070000a99f000] [id=13571]
  0x00007fa9f7013000 WatcherThread [stack: 0x000070000b1ba000,0x000070000b2ba000] [id=21763]

VM state:not at safepoint (normal execution)

VM Mutex/Monitor currently owned by a thread: None

Heap:
 PSYoungGen      total 268800K, used 212618K [0x000000076ab00000, 0x000000078a380000, 0x00000007c0000000)
  eden space 250368K, 84% used [0x000000076ab00000,0x0000000777aa2bc8,0x0000000779f80000)
  from space 18432K, 0% used [0x0000000779f80000,0x0000000779f80000,0x000000077b180000)
  to   space 19968K, 0% used [0x0000000789000000,0x0000000789000000,0x000000078a380000)
 ParOldGen       total 131584K, used 27703K [0x00000006c0000000, 0x00000006c8080000, 0x000000076ab00000)
  object space 131584K, 21% used [0x00000006c0000000,0x00000006c1b0df58,0x00000006c8080000)
 Metaspace       used 43058K, capacity 43848K, committed 44032K, reserved 1087488K
  class space    used 5341K, capacity 5516K, committed 5632K, reserved 1048576K

Card table byte_map: [0x000000010dd49000,0x000000010e54a000] byte_map_base: 0x000000010a749000

Marking Bits: (ParMarkBitMap*) 0x000000010d2dee20
 Begin Bits: [0x000000010eaa0000, 0x0000000112aa0000)
 End Bits:   [0x0000000112aa0000, 0x0000000116aa0000)

Polling page: 0x000000010b909000

CodeCache: size=245760Kb used=18177Kb max_used=18188Kb free=227582Kb
 bounds [0x000000011846e000, 0x000000011964e000, 0x000000012746e000]
 total_blobs=5638 nmethods=5193 adapters=358
 compilation: enabled

Compilation events (10 events):
Event: 1042.792 Thread 0x00007fa9f400e000 nmethod 6060 0x0000000119641090 code [0x00000001196411e0, 0x00000001196412f0]
Event: 1042.792 Thread 0x00007fa9f400e000 6063       3       org.springframework.util.LinkedCaseInsensitiveMap::convertKey (9 bytes)
Event: 1042.792 Thread 0x00007fa9f400e000 nmethod 6063 0x0000000119641350 code [0x00000001196414c0, 0x00000001196416e8]
Event: 1042.792 Thread 0x00007fa9f400e000 6064       3       javax.servlet.http.HttpServletResponseWrapper::addHeader (12 bytes)
Event: 1042.793 Thread 0x00007fa9f400e000 nmethod 6064 0x00000001196417d0 code [0x0000000119641960, 0x0000000119641d08]
Event: 1042.793 Thread 0x00007fa9f5803000 nmethod 6062 0x0000000119644b50 code [0x0000000119644cc0, 0x0000000119644e28]
Event: 1043.228 Thread 0x00007fa9f384d800 6066       4       org.apache.tomcat.util.buf.ByteChunk::makeSpace (176 bytes)
Event: 1043.228 Thread 0x00007fa9f400e000 6065       3       org.springframework.security.web.util.OnCommittedResponseWrapper$SaveContextServletOutputStream::write (17 bytes)
Event: 1043.229 Thread 0x00007fa9f400e000 nmethod 6065 0x0000000119644410 code [0x00000001196445a0, 0x0000000119644978]
Event: 1043.229 Thread 0x00007fa9f384d800 nmethod 6066 0x0000000119642c50 code [0x0000000119642da0, 0x0000000119642e58]

GC Heap History (10 events):
Event: 11.469 GC heap before
{Heap before GC invocations=5 (full 1):
 PSYoungGen      total 141824K, used 10724K [0x000000076ab00000, 0x0000000774000000, 0x00000007c0000000)
  eden space 131072K, 0% used [0x000000076ab00000,0x000000076ab00000,0x0000000772b00000)
  from space 10752K, 99% used [0x0000000773580000,0x0000000773ff9148,0x0000000774000000)
  to   space 10752K, 0% used [0x0000000772b00000,0x0000000772b00000,0x0000000773580000)
 ParOldGen       total 175104K, used 2828K [0x00000006c0000000, 0x00000006cab00000, 0x000000076ab00000)
  object space 175104K, 1% used [0x00000006c0000000,0x00000006c02c33a0,0x00000006cab00000)
 Metaspace       used 20910K, capacity 21214K, committed 21296K, reserved 1069056K
  class space    used 2556K, capacity 2678K, committed 2688K, reserved 1048576K
Event: 11.502 GC heap after
Heap after GC invocations=5 (full 1):
 PSYoungGen      total 141824K, used 0K [0x000000076ab00000, 0x0000000774000000, 0x00000007c0000000)
  eden space 131072K, 0% used [0x000000076ab00000,0x000000076ab00000,0x0000000772b00000)
  from space 10752K, 0% used [0x0000000773580000,0x0000000773580000,0x0000000774000000)
  to   space 10752K, 0% used [0x0000000772b00000,0x0000000772b00000,0x0000000773580000)
 ParOldGen       total 84480K, used 11038K [0x00000006c0000000, 0x00000006c5280000, 0x000000076ab00000)
  object space 84480K, 13% used [0x00000006c0000000,0x00000006c0ac7808,0x00000006c5280000)
 Metaspace       used 20910K, capacity 21214K, committed 21296K, reserved 1069056K
  class space    used 2556K, capacity 2678K, committed 2688K, reserved 1048576K
}
Event: 12.360 GC heap before
{Heap before GC invocations=6 (full 1):
 PSYoungGen      total 141824K, used 131072K [0x000000076ab00000, 0x0000000774000000, 0x00000007c0000000)
  eden space 131072K, 100% used [0x000000076ab00000,0x0000000772b00000,0x0000000772b00000)
  from space 10752K, 0% used [0x0000000773580000,0x0000000773580000,0x0000000774000000)
  to   space 10752K, 0% used [0x0000000772b00000,0x0000000772b00000,0x0000000773580000)
 ParOldGen       total 84480K, used 11038K [0x00000006c0000000, 0x00000006c5280000, 0x000000076ab00000)
  object space 84480K, 13% used [0x00000006c0000000,0x00000006c0ac7808,0x00000006c5280000)
 Metaspace       used 27701K, capacity 28034K, committed 28416K, reserved 1075200K
  class space    used 3416K, capacity 3516K, committed 3584K, reserved 1048576K
Event: 12.392 GC heap after
Heap after GC invocations=6 (full 1):
 PSYoungGen      total 141824K, used 10726K [0x000000076ab00000, 0x000000077c600000, 0x00000007c0000000)
  eden space 131072K, 0% used [0x000000076ab00000,0x000000076ab00000,0x0000000772b00000)
  from space 10752K, 99% used [0x0000000772b00000,0x0000000773579948,0x0000000773580000)
  to   space 18944K, 0% used [0x000000077b380000,0x000000077b380000,0x000000077c600000)
 ParOldGen       total 84480K, used 21173K [0x00000006c0000000, 0x00000006c5280000, 0x000000076ab00000)
  object space 84480K, 25% used [0x00000006c0000000,0x00000006c14ad4e0,0x00000006c5280000)
 Metaspace       used 27701K, capacity 28034K, committed 28416K, reserved 1075200K
  class space    used 3416K, capacity 3516K, committed 3584K, reserved 1048576K
}
Event: 13.124 GC heap before
{Heap before GC invocations=7 (full 1):
 PSYoungGen      total 141824K, used 141798K [0x000000076ab00000, 0x000000077c600000, 0x00000007c0000000)
  eden space 131072K, 100% used [0x000000076ab00000,0x0000000772b00000,0x0000000772b00000)
  from space 10752K, 99% used [0x0000000772b00000,0x0000000773579948,0x0000000773580000)
  to   space 18944K, 0% used [0x000000077b380000,0x000000077b380000,0x000000077c600000)
 ParOldGen       total 84480K, used 21173K [0x00000006c0000000, 0x00000006c5280000, 0x000000076ab00000)
  object space 84480K, 25% used [0x00000006c0000000,0x00000006c14ad4e0,0x00000006c5280000)
 Metaspace       used 31343K, capacity 31730K, committed 32000K, reserved 1077248K
  class space    used 3895K, capacity 4004K, committed 4096K, reserved 1048576K
Event: 13.135 GC heap after
Heap after GC invocations=7 (full 1):
 PSYoungGen      total 266752K, used 12579K [0x000000076ab00000, 0x000000077c380000, 0x00000007c0000000)
  eden space 250368K, 0% used [0x000000076ab00000,0x000000076ab00000,0x0000000779f80000)
  from space 16384K, 76% used [0x000000077b380000,0x000000077bfc8e18,0x000000077c380000)
  to   space 18432K, 0% used [0x0000000779f80000,0x0000000779f80000,0x000000077b180000)
 ParOldGen       total 84480K, used 21181K [0x00000006c0000000, 0x00000006c5280000, 0x000000076ab00000)
  object space 84480K, 25% used [0x00000006c0000000,0x00000006c14af4e0,0x00000006c5280000)
 Metaspace       used 31343K, capacity 31730K, committed 32000K, reserved 1077248K
  class space    used 3895K, capacity 4004K, committed 4096K, reserved 1048576K
}
Event: 13.777 GC heap before
{Heap before GC invocations=8 (full 1):
 PSYoungGen      total 266752K, used 147564K [0x000000076ab00000, 0x000000077c380000, 0x00000007c0000000)
  eden space 250368K, 53% used [0x000000076ab00000,0x0000000772ed2290,0x0000000779f80000)
  from space 16384K, 76% used [0x000000077b380000,0x000000077bfc8e18,0x000000077c380000)
  to   space 18432K, 0% used [0x0000000779f80000,0x0000000779f80000,0x000000077b180000)
 ParOldGen       total 84480K, used 21181K [0x00000006c0000000, 0x00000006c5280000, 0x000000076ab00000)
  object space 84480K, 25% used [0x00000006c0000000,0x00000006c14af4e0,0x00000006c5280000)
 Metaspace       used 34876K, capacity 35280K, committed 35496K, reserved 1081344K
  class space    used 4417K, capacity 4521K, committed 4608K, reserved 1048576K
Event: 13.791 GC heap after
Heap after GC invocations=8 (full 1):
 PSYoungGen      total 268800K, used 17410K [0x000000076ab00000, 0x000000078a380000, 0x00000007c0000000)
  eden space 250368K, 0% used [0x000000076ab00000,0x000000076ab00000,0x0000000779f80000)
  from space 18432K, 94% used [0x0000000779f80000,0x000000077b080860,0x000000077b180000)
  to   space 19968K, 0% used [0x0000000789000000,0x0000000789000000,0x000000078a380000)
 ParOldGen       total 84480K, used 21189K [0x00000006c0000000, 0x00000006c5280000, 0x000000076ab00000)
  object space 84480K, 25% used [0x00000006c0000000,0x00000006c14b14e0,0x00000006c5280000)
 Metaspace       used 34876K, capacity 35280K, committed 35496K, reserved 1081344K
  class space    used 4417K, capacity 4521K, committed 4608K, reserved 1048576K
}
Event: 13.791 GC heap before
{Heap before GC invocations=9 (full 2):
 PSYoungGen      total 268800K, used 17410K [0x000000076ab00000, 0x000000078a380000, 0x00000007c0000000)
  eden space 250368K, 0% used [0x000000076ab00000,0x000000076ab00000,0x0000000779f80000)
  from space 18432K, 94% used [0x0000000779f80000,0x000000077b080860,0x000000077b180000)
  to   space 19968K, 0% used [0x0000000789000000,0x0000000789000000,0x000000078a380000)
 ParOldGen       total 84480K, used 21189K [0x00000006c0000000, 0x00000006c5280000, 0x000000076ab00000)
  object space 84480K, 25% used [0x00000006c0000000,0x00000006c14b14e0,0x00000006c5280000)
 Metaspace       used 34876K, capacity 35280K, committed 35496K, reserved 1081344K
  class space    used 4417K, capacity 4521K, committed 4608K, reserved 1048576K
Event: 13.852 GC heap after
Heap after GC invocations=9 (full 2):
 PSYoungGen      total 268800K, used 0K [0x000000076ab00000, 0x000000078a380000, 0x00000007c0000000)
  eden space 250368K, 0% used [0x000000076ab00000,0x000000076ab00000,0x0000000779f80000)
  from space 18432K, 0% used [0x0000000779f80000,0x0000000779f80000,0x000000077b180000)
  to   space 19968K, 0% used [0x0000000789000000,0x0000000789000000,0x000000078a380000)
 ParOldGen       total 131584K, used 27703K [0x00000006c0000000, 0x00000006c8080000, 0x000000076ab00000)
  object space 131584K, 21% used [0x00000006c0000000,0x00000006c1b0df58,0x00000006c8080000)
 Metaspace       used 34876K, capacity 35280K, committed 35496K, reserved 1081344K
  class space    used 4417K, capacity 4521K, committed 4608K, reserved 1048576K
}

Deoptimization events (10 events):
Event: 446.489 Thread 0x00007fa9f5002000 Uncommon trap: reason=unstable_if action=reinterpret pc=0x0000000118d69e84 method=org.springframework.security.web.util.OnCommittedResponseWrapper.trackContentLength([B)V @ 4
Event: 446.971 Thread 0x00007fa9f84fd800 Uncommon trap: reason=unstable_if action=reinterpret pc=0x0000000118d67a3c method=org.apache.tomcat.util.net.SocketBufferHandler.setWriteBufferConfiguredForWrite(Z)V @ 21
Event: 669.271 Thread 0x00007fa9fa00b000 Uncommon trap: reason=null_check action=make_not_entrant pc=0x0000000118fb7d0c method=org.springframework.util.ClassUtils.isAssignable(Ljava/lang/Class;Ljava/lang/Class;)Z @ 38
Event: 669.271 Thread 0x00007fa9fa00b000 Uncommon trap: reason=unstable_if action=reinterpret pc=0x00000001186a44a8 method=java.lang.Integer.parseInt(Ljava/lang/String;I)I @ 108
Event: 732.849 Thread 0x00007fa9fa0f1000 Uncommon trap: reason=class_check action=maybe_recompile pc=0x0000000119493f38 method=kh.com.kshrd.ipcam.controller.camera.IPCamCommandController.stream(Ljava/lang/String;ILjavax/servlet/http/HttpServletResponse;Ljavax/servlet/http/HttpServletRequest;)V @
Event: 734.688 Thread 0x00007fa9f90ea800 Uncommon trap: reason=class_check action=maybe_recompile pc=0x0000000119493f38 method=kh.com.kshrd.ipcam.controller.camera.IPCamCommandController.stream(Ljava/lang/String;ILjavax/servlet/http/HttpServletResponse;Ljavax/servlet/http/HttpServletRequest;)V @
Event: 737.970 Thread 0x00007fa9fa0f1000 Uncommon trap: reason=unstable_if action=reinterpret pc=0x0000000118bf768c method=org.apache.tomcat.util.net.SocketBufferHandler.setWriteBufferConfiguredForWrite(Z)V @ 21
Event: 914.809 Thread 0x00007fa9f8501800 Uncommon trap: reason=unstable_if action=reinterpret pc=0x0000000118fe2584 method=java.nio.Buffer.limit(I)Ljava/nio/Buffer; @ 33
Event: 961.907 Thread 0x00007fa9f90e2800 Uncommon trap: reason=class_check action=maybe_recompile pc=0x0000000119493f38 method=kh.com.kshrd.ipcam.controller.camera.IPCamCommandController.stream(Ljava/lang/String;ILjavax/servlet/http/HttpServletResponse;Ljavax/servlet/http/HttpServletRequest;)V @
Event: 1038.386 Thread 0x00007fa9f90ea800 Uncommon trap: reason=unstable_if action=reinterpret pc=0x0000000119501194 method=org.apache.tomcat.util.buf.ByteChunk.append([BII)V @ 42

Internal exceptions (10 events):
Event: 25.495 Thread 0x00007fa9f84fd800 Exception <a 'java/lang/ClassNotFoundException': java/lang/ObjectCustomizer> (0x000000076e51e958) thrown at [/Users/java_re/workspace/8-2-build-macosx-x86_64/jdk8u65/4987/hotspot/src/share/vm/classfile/systemDictionary.cpp, line 210]
Event: 25.495 Thread 0x00007fa9f84fd800 Exception <a 'java/lang/ClassNotFoundException': org/springframework/web/servlet/support/AbstractFlashMapManagerCustomizer> (0x000000076e53f928) thrown at [/Users/java_re/workspace/8-2-build-macosx-x86_64/jdk8u65/4987/hotspot/src/share/vm/classfile/system
Event: 25.496 Thread 0x00007fa9f84fd800 Exception <a 'java/lang/ClassNotFoundException': org/springframework/web/servlet/support/SessionFlashMapManagerCustomizer> (0x000000076e564780) thrown at [/Users/java_re/workspace/8-2-build-macosx-x86_64/jdk8u65/4987/hotspot/src/share/vm/classfile/systemD
Event: 25.497 Thread 0x00007fa9f84fd800 Exception <a 'java/lang/ClassNotFoundException': org/springframework/web/servlet/FlashMapManagerCustomizer> (0x000000076e580860) thrown at [/Users/java_re/workspace/8-2-build-macosx-x86_64/jdk8u65/4987/hotspot/src/share/vm/classfile/systemDictionary.cpp, 
Event: 25.518 Thread 0x00007fa9f84fd800 Implicit null exception at 0x00000001193329d1 to 0x000000011933e731
Event: 446.970 Thread 0x00007fa9f84fd800 Exception <a 'java/io/IOException'> (0x0000000772feb158) thrown at [/Users/java_re/workspace/8-2-build-macosx-x86_64/jdk8u65/4987/hotspot/src/share/vm/prims/jni.cpp, line 709]
Event: 446.971 Thread 0x00007fa9f84fd800 Exception <a 'java/io/IOException'> (0x0000000772fee1a0) thrown at [/Users/java_re/workspace/8-2-build-macosx-x86_64/jdk8u65/4987/hotspot/src/share/vm/prims/jni.cpp, line 709]
Event: 669.271 Thread 0x00007fa9fa00b000 Implicit null exception at 0x0000000118fb7bfb to 0x0000000118fb7cff
Event: 737.970 Thread 0x00007fa9fa0f1000 Exception <a 'java/io/IOException'> (0x0000000773f44a98) thrown at [/Users/java_re/workspace/8-2-build-macosx-x86_64/jdk8u65/4987/hotspot/src/share/vm/prims/jni.cpp, line 709]
Event: 737.970 Thread 0x00007fa9fa0f1000 Exception <a 'java/io/IOException'> (0x0000000773f47b40) thrown at [/Users/java_re/workspace/8-2-build-macosx-x86_64/jdk8u65/4987/hotspot/src/share/vm/prims/jni.cpp, line 709]

Events (10 events):
Event: 1020.064 loading class kh/com/kshrd/hikvision/ServiceProvider done
Event: 1020.064 Executing VM operation: BulkRevokeBias
Event: 1020.064 Executing VM operation: BulkRevokeBias done
Event: 1023.027 loading class kh/com/kshrd/hikvision/ServiceProvider
Event: 1023.027 loading class kh/com/kshrd/hikvision/ServiceProvider done
Event: 1038.386 Thread 0x00007fa9f90ea800 Uncommon trap: trap_request=0xffffff65 fr.pc=0x0000000119501194
Event: 1038.386 Thread 0x00007fa9f90ea800 DEOPT PACKING pc=0x0000000119501194 sp=0x000070000bfdd9c0
Event: 1038.386 Thread 0x00007fa9f90ea800 DEOPT UNPACKING pc=0x0000000118473229 sp=0x000070000bfdd748 mode 2
Event: 1042.256 loading class kh/com/kshrd/hikvision/ServiceProvider
Event: 1042.256 loading class kh/com/kshrd/hikvision/ServiceProvider done


Dynamic libraries:
0x00000000414c9000 	/System/Library/Frameworks/Cocoa.framework/Versions/A/Cocoa
0x00000000414c9000 	/System/Library/Frameworks/Security.framework/Versions/A/Security
0x00000000414c9000 	/System/Library/Frameworks/ApplicationServices.framework/Versions/A/ApplicationServices
0x00000000414c9000 	/usr/lib/libz.1.dylib
0x00000000414c9000 	/usr/lib/libSystem.B.dylib
0x00000000414c9000 	/usr/lib/libobjc.A.dylib
0x00000000414c9000 	/System/Library/Frameworks/CoreFoundation.framework/Versions/A/CoreFoundation
0x00000000414c9000 	/System/Library/Frameworks/Foundation.framework/Versions/C/Foundation
0x00000000414c9000 	/System/Library/Frameworks/AppKit.framework/Versions/C/AppKit
0x00000000414c9000 	/System/Library/Frameworks/CoreData.framework/Versions/A/CoreData
0x00000000414c9000 	/System/Library/PrivateFrameworks/RemoteViewServices.framework/Versions/A/RemoteViewServices
0x00000000414c9000 	/System/Library/PrivateFrameworks/UIFoundation.framework/Versions/A/UIFoundation
0x00000000414c9000 	/System/Library/PrivateFrameworks/DFRFoundation.framework/Versions/A/DFRFoundation
0x00000000414c9000 	/usr/lib/libenergytrace.dylib
0x00000000414c9000 	/System/Library/PrivateFrameworks/SkyLight.framework/Versions/A/SkyLight
0x00000000414c9000 	/System/Library/Frameworks/CoreGraphics.framework/Versions/A/CoreGraphics
0x00000000414c9000 	/usr/lib/libScreenReader.dylib
0x00000000414c9000 	/System/Library/Frameworks/Accelerate.framework/Versions/A/Accelerate
0x00000000414c9000 	/System/Library/Frameworks/IOSurface.framework/Versions/A/IOSurface
0x00000000414c9000 	/System/Library/Frameworks/AudioToolbox.framework/Versions/A/AudioToolbox
0x00000000414c9000 	/System/Library/Frameworks/AudioUnit.framework/Versions/A/AudioUnit
0x00000000414c9000 	/System/Library/PrivateFrameworks/DataDetectorsCore.framework/Versions/A/DataDetectorsCore
0x00000000414c9000 	/System/Library/PrivateFrameworks/DesktopServicesPriv.framework/Versions/A/DesktopServicesPriv
0x00000000414c9000 	/System/Library/Frameworks/Carbon.framework/Versions/A/Frameworks/HIToolbox.framework/Versions/A/HIToolbox
0x00000000414c9000 	/usr/lib/libicucore.A.dylib
0x00000000414c9000 	/System/Library/Frameworks/QuartzCore.framework/Versions/A/QuartzCore
0x00000000414c9000 	/System/Library/Frameworks/Carbon.framework/Versions/A/Frameworks/SpeechRecognition.framework/Versions/A/SpeechRecognition
0x00000000414c9000 	/usr/lib/libauto.dylib
0x00000000414c9000 	/usr/lib/libxml2.2.dylib
0x00000000414c9000 	/System/Library/PrivateFrameworks/CoreUI.framework/Versions/A/CoreUI
0x00000000414c9000 	/System/Library/Frameworks/CoreAudio.framework/Versions/A/CoreAudio
0x00000000414c9000 	/System/Library/Frameworks/DiskArbitration.framework/Versions/A/DiskArbitration
0x00000000414c9000 	/usr/lib/liblangid.dylib
0x00000000414c9000 	/System/Library/PrivateFrameworks/MultitouchSupport.framework/Versions/A/MultitouchSupport
0x00000000414c9000 	/System/Library/Frameworks/IOKit.framework/Versions/A/IOKit
0x00000000414c9000 	/usr/lib/libDiagnosticMessagesClient.dylib
0x00000000414c9000 	/System/Library/Frameworks/CoreServices.framework/Versions/A/CoreServices
0x00000000414c9000 	/System/Library/PrivateFrameworks/PerformanceAnalysis.framework/Versions/A/PerformanceAnalysis
0x00000000414c9000 	/System/Library/PrivateFrameworks/GenerationalStorage.framework/Versions/A/GenerationalStorage
0x00000000414c9000 	/System/Library/Frameworks/OpenGL.framework/Versions/A/OpenGL
0x00000000414c9000 	/System/Library/Frameworks/CoreImage.framework/Versions/A/CoreImage
0x00000000414c9000 	/System/Library/Frameworks/CoreText.framework/Versions/A/CoreText
0x00000000414c9000 	/System/Library/Frameworks/ImageIO.framework/Versions/A/ImageIO
0x00000000414c9000 	/System/Library/PrivateFrameworks/Backup.framework/Versions/A/Backup
0x00000000414c9000 	/usr/lib/libarchive.2.dylib
0x00000000414c9000 	/System/Library/Frameworks/CFNetwork.framework/Versions/A/CFNetwork
0x00000000414c9000 	/System/Library/Frameworks/SystemConfiguration.framework/Versions/A/SystemConfiguration
0x00000000414c9000 	/usr/lib/libCRFSuite.dylib
0x00000000414c9000 	/usr/lib/libc++.1.dylib
0x00000000414c9000 	/usr/lib/libc++abi.dylib
0x00000000414c9000 	/usr/lib/system/libcache.dylib
0x00000000414c9000 	/usr/lib/system/libcommonCrypto.dylib
0x00000000414c9000 	/usr/lib/system/libcompiler_rt.dylib
0x00000000414c9000 	/usr/lib/system/libcopyfile.dylib
0x00000000414c9000 	/usr/lib/system/libcorecrypto.dylib
0x00000000414c9000 	/usr/lib/system/libdispatch.dylib
0x00000000414c9000 	/usr/lib/system/libdyld.dylib
0x00000000414c9000 	/usr/lib/system/libkeymgr.dylib
0x00000000414c9000 	/usr/lib/system/liblaunch.dylib
0x00000000414c9000 	/usr/lib/system/libmacho.dylib
0x00000000414c9000 	/usr/lib/system/libquarantine.dylib
0x00000000414c9000 	/usr/lib/system/libremovefile.dylib
0x00000000414c9000 	/usr/lib/system/libsystem_asl.dylib
0x00000000414c9000 	/usr/lib/system/libsystem_blocks.dylib
0x00000000414c9000 	/usr/lib/system/libsystem_c.dylib
0x00000000414c9000 	/usr/lib/system/libsystem_configuration.dylib
0x00000000414c9000 	/usr/lib/system/libsystem_coreservices.dylib
0x00000000414c9000 	/usr/lib/system/libsystem_coretls.dylib
0x00000000414c9000 	/usr/lib/system/libsystem_dnssd.dylib
0x00000000414c9000 	/usr/lib/system/libsystem_info.dylib
0x00000000414c9000 	/usr/lib/system/libsystem_kernel.dylib
0x00000000414c9000 	/usr/lib/system/libsystem_m.dylib
0x00000000414c9000 	/usr/lib/system/libsystem_malloc.dylib
0x00000000414c9000 	/usr/lib/system/libsystem_network.dylib
0x00000000414c9000 	/usr/lib/system/libsystem_networkextension.dylib
0x00000000414c9000 	/usr/lib/system/libsystem_notify.dylib
0x00000000414c9000 	/usr/lib/system/libsystem_platform.dylib
0x00000000414c9000 	/usr/lib/system/libsystem_pthread.dylib
0x00000000414c9000 	/usr/lib/system/libsystem_sandbox.dylib
0x00000000414c9000 	/usr/lib/system/libsystem_secinit.dylib
0x00000000414c9000 	/usr/lib/system/libsystem_symptoms.dylib
0x00000000414c9000 	/usr/lib/system/libsystem_trace.dylib
0x00000000414c9000 	/usr/lib/system/libunwind.dylib
0x00000000414c9000 	/usr/lib/system/libxpc.dylib
0x00000000414c9000 	/usr/lib/libbsm.0.dylib
0x00000000414c9000 	/usr/lib/system/libkxld.dylib
0x00000000414c9000 	/usr/lib/libcoretls.dylib
0x00000000414c9000 	/usr/lib/libcoretls_cfhelpers.dylib
0x00000000414c9000 	/usr/lib/libxar.1.dylib
0x00000000414c9000 	/usr/lib/libsqlite3.dylib
0x00000000414c9000 	/usr/lib/libpam.2.dylib
0x00000000414c9000 	/usr/lib/libOpenScriptingUtil.dylib
0x00000000414c9000 	/usr/lib/libbz2.1.0.dylib
0x00000000414c9000 	/usr/lib/liblzma.5.dylib
0x00000000414c9000 	/usr/lib/libnetwork.dylib
0x00000000414c9000 	/usr/lib/libpcap.A.dylib
0x00000000414c9000 	/System/Library/Frameworks/CoreServices.framework/Versions/A/Frameworks/FSEvents.framework/Versions/A/FSEvents
0x00000000414c9000 	/System/Library/Frameworks/CoreServices.framework/Versions/A/Frameworks/CarbonCore.framework/Versions/A/CarbonCore
0x00000000414c9000 	/System/Library/Frameworks/CoreServices.framework/Versions/A/Frameworks/Metadata.framework/Versions/A/Metadata
0x00000000414c9000 	/System/Library/Frameworks/CoreServices.framework/Versions/A/Frameworks/OSServices.framework/Versions/A/OSServices
0x00000000414c9000 	/System/Library/Frameworks/CoreServices.framework/Versions/A/Frameworks/SearchKit.framework/Versions/A/SearchKit
0x00000000414c9000 	/System/Library/Frameworks/CoreServices.framework/Versions/A/Frameworks/AE.framework/Versions/A/AE
0x00000000414c9000 	/System/Library/Frameworks/CoreServices.framework/Versions/A/Frameworks/LaunchServices.framework/Versions/A/LaunchServices
0x00000000414c9000 	/System/Library/Frameworks/CoreServices.framework/Versions/A/Frameworks/DictionaryServices.framework/Versions/A/DictionaryServices
0x00000000414c9000 	/System/Library/Frameworks/CoreServices.framework/Versions/A/Frameworks/SharedFileList.framework/Versions/A/SharedFileList
0x00000000414c9000 	/System/Library/Frameworks/NetFS.framework/Versions/A/NetFS
0x00000000414c9000 	/System/Library/PrivateFrameworks/NetAuth.framework/Versions/A/NetAuth
0x00000000414c9000 	/System/Library/PrivateFrameworks/login.framework/Versions/A/Frameworks/loginsupport.framework/Versions/A/loginsupport
0x00000000414c9000 	/System/Library/PrivateFrameworks/TCC.framework/Versions/A/TCC
0x00000000414c9000 	/usr/lib/libmecabra.dylib
0x00000000414c9000 	/System/Library/Frameworks/ApplicationServices.framework/Versions/A/Frameworks/ATS.framework/Versions/A/ATS
0x00000000414c9000 	/System/Library/Frameworks/ApplicationServices.framework/Versions/A/Frameworks/ColorSync.framework/Versions/A/ColorSync
0x00000000414c9000 	/System/Library/Frameworks/ApplicationServices.framework/Versions/A/Frameworks/HIServices.framework/Versions/A/HIServices
0x00000000414c9000 	/System/Library/Frameworks/ApplicationServices.framework/Versions/A/Frameworks/LangAnalysis.framework/Versions/A/LangAnalysis
0x00000000414c9000 	/System/Library/Frameworks/ApplicationServices.framework/Versions/A/Frameworks/PrintCore.framework/Versions/A/PrintCore
0x00000000414c9000 	/System/Library/Frameworks/ApplicationServices.framework/Versions/A/Frameworks/QD.framework/Versions/A/QD
0x00000000414c9000 	/System/Library/Frameworks/ApplicationServices.framework/Versions/A/Frameworks/SpeechSynthesis.framework/Versions/A/SpeechSynthesis
0x00000000414c9000 	/System/Library/Frameworks/Accelerate.framework/Versions/A/Frameworks/vImage.framework/Versions/A/vImage
0x00000000414c9000 	/System/Library/Frameworks/Accelerate.framework/Versions/A/Frameworks/vecLib.framework/Versions/A/vecLib
0x00000000414c9000 	/System/Library/Frameworks/Accelerate.framework/Versions/A/Frameworks/vecLib.framework/Versions/A/libvDSP.dylib
0x00000000414c9000 	/System/Library/Frameworks/Accelerate.framework/Versions/A/Frameworks/vecLib.framework/Versions/A/libBNNS.dylib
0x00000000414c9000 	/System/Library/Frameworks/Accelerate.framework/Versions/A/Frameworks/vecLib.framework/Versions/A/libQuadrature.dylib
0x00000000414c9000 	/System/Library/Frameworks/Accelerate.framework/Versions/A/Frameworks/vecLib.framework/Versions/A/libvMisc.dylib
0x00000000414c9000 	/System/Library/Frameworks/Accelerate.framework/Versions/A/Frameworks/vecLib.framework/Versions/A/libLAPACK.dylib
0x00000000414c9000 	/System/Library/Frameworks/Accelerate.framework/Versions/A/Frameworks/vecLib.framework/Versions/A/libBLAS.dylib
0x00000000414c9000 	/System/Library/Frameworks/Accelerate.framework/Versions/A/Frameworks/vecLib.framework/Versions/A/libLinearAlgebra.dylib
0x00000000414c9000 	/System/Library/Frameworks/Accelerate.framework/Versions/A/Frameworks/vecLib.framework/Versions/A/libSparseBLAS.dylib
0x00000000414c9000 	/System/Library/Frameworks/ApplicationServices.framework/Versions/A/Frameworks/ATS.framework/Versions/A/Resources/libFontParser.dylib
0x00000000414c9000 	/System/Library/Frameworks/ApplicationServices.framework/Versions/A/Frameworks/ATS.framework/Versions/A/Resources/libFontRegistry.dylib
0x00000000414c9000 	/System/Library/Frameworks/ImageIO.framework/Versions/A/Resources/libJPEG.dylib
0x00000000414c9000 	/System/Library/Frameworks/ImageIO.framework/Versions/A/Resources/libTIFF.dylib
0x00000000414c9000 	/System/Library/Frameworks/ImageIO.framework/Versions/A/Resources/libPng.dylib
0x00000000414c9000 	/System/Library/Frameworks/ImageIO.framework/Versions/A/Resources/libGIF.dylib
0x00000000414c9000 	/System/Library/Frameworks/ImageIO.framework/Versions/A/Resources/libJP2.dylib
0x00000000414c9000 	/System/Library/Frameworks/ImageIO.framework/Versions/A/Resources/libRadiance.dylib
0x00000000414c9000 	/usr/lib/libcompression.dylib
0x00000000414c9000 	/System/Library/PrivateFrameworks/AppleJPEG.framework/Versions/A/AppleJPEG
0x00000000414c9000 	/usr/lib/libcups.2.dylib
0x00000000414c9000 	/System/Library/Frameworks/Kerberos.framework/Versions/A/Kerberos
0x00000000414c9000 	/System/Library/Frameworks/GSS.framework/Versions/A/GSS
0x00000000414c9000 	/usr/lib/libresolv.9.dylib
0x00000000414c9000 	/usr/lib/libiconv.2.dylib
0x00000000414c9000 	/System/Library/PrivateFrameworks/Heimdal.framework/Versions/A/Heimdal
0x00000000414c9000 	/usr/lib/libheimdal-asn1.dylib
0x00000000414c9000 	/System/Library/Frameworks/OpenDirectory.framework/Versions/A/OpenDirectory
0x00000000414c9000 	/System/Library/PrivateFrameworks/CommonAuth.framework/Versions/A/CommonAuth
0x00000000414c9000 	/System/Library/Frameworks/OpenDirectory.framework/Versions/A/Frameworks/CFOpenDirectory.framework/Versions/A/CFOpenDirectory
0x00000000414c9000 	/System/Library/Frameworks/SecurityFoundation.framework/Versions/A/SecurityFoundation
0x00000000414c9000 	/System/Library/PrivateFrameworks/LanguageModeling.framework/Versions/A/LanguageModeling
0x00000000414c9000 	/usr/lib/libmarisa.dylib
0x00000000414c9000 	/usr/lib/libChineseTokenizer.dylib
0x00000000414c9000 	/usr/lib/libcmph.dylib
0x00000000414c9000 	/System/Library/PrivateFrameworks/CoreEmoji.framework/Versions/A/CoreEmoji
0x00000000414c9000 	/System/Library/Frameworks/ServiceManagement.framework/Versions/A/ServiceManagement
0x00000000414c9000 	/usr/lib/libxslt.1.dylib
0x00000000414c9000 	/System/Library/Frameworks/Carbon.framework/Versions/A/Frameworks/Ink.framework/Versions/A/Ink
0x00000000414c9000 	/System/Library/PrivateFrameworks/TextureIO.framework/Versions/A/TextureIO
0x00000000414c9000 	/System/Library/Frameworks/Metal.framework/Versions/A/Metal
0x00000000414c9000 	/usr/lib/libate.dylib
0x00000000414c9000 	/System/Library/PrivateFrameworks/GPUCompiler.framework/libmetal_timestamp.dylib
0x00000000414c9000 	/System/Library/Frameworks/OpenGL.framework/Versions/A/Libraries/libCoreFSCache.dylib
0x00000000414c9000 	/System/Library/PrivateFrameworks/IOAccelerator.framework/Versions/A/IOAccelerator
0x00000000414c9000 	/System/Library/Frameworks/CoreVideo.framework/Versions/A/CoreVideo
0x00000000414c9000 	/usr/lib/libFosl_dynamic.dylib
0x00000000414c9000 	/System/Library/PrivateFrameworks/MetalPerformanceShaders.framework/Versions/A/MetalPerformanceShaders
0x00000000414c9000 	/System/Library/PrivateFrameworks/FaceCore.framework/Versions/A/FaceCore
0x00000000414c9000 	/System/Library/Frameworks/OpenCL.framework/Versions/A/OpenCL
0x00000000414c9000 	/System/Library/Frameworks/OpenGL.framework/Versions/A/Libraries/libGLU.dylib
0x00000000414c9000 	/System/Library/Frameworks/OpenGL.framework/Versions/A/Libraries/libGFXShared.dylib
0x00000000414c9000 	/System/Library/Frameworks/OpenGL.framework/Versions/A/Libraries/libGL.dylib
0x00000000414c9000 	/System/Library/Frameworks/OpenGL.framework/Versions/A/Libraries/libGLImage.dylib
0x00000000414c9000 	/System/Library/Frameworks/OpenGL.framework/Versions/A/Libraries/libCVMSPluginSupport.dylib
0x00000000414c9000 	/System/Library/Frameworks/OpenGL.framework/Versions/A/Libraries/libCoreVMClient.dylib
0x00000000414c9000 	/System/Library/PrivateFrameworks/CrashReporterSupport.framework/Versions/A/CrashReporterSupport
0x00000000414c9000 	/System/Library/PrivateFrameworks/Sharing.framework/Versions/A/Sharing
0x00000000414c9000 	/System/Library/PrivateFrameworks/IconServices.framework/Versions/A/IconServices
0x00000000414c9000 	/System/Library/PrivateFrameworks/ProtocolBuffer.framework/Versions/A/ProtocolBuffer
0x00000000414c9000 	/System/Library/PrivateFrameworks/Apple80211.framework/Versions/A/Apple80211
0x00000000414c9000 	/System/Library/Frameworks/CoreWLAN.framework/Versions/A/CoreWLAN
0x00000000414c9000 	/System/Library/PrivateFrameworks/CoreUtils.framework/Versions/A/CoreUtils
0x00000000414c9000 	/System/Library/Frameworks/IOBluetooth.framework/Versions/A/IOBluetooth
0x00000000414c9000 	/System/Library/PrivateFrameworks/CoreWiFi.framework/Versions/A/CoreWiFi
0x00000000414c9000 	/System/Library/Frameworks/CoreBluetooth.framework/Versions/A/CoreBluetooth
0x00000000414c9000 	/System/Library/Frameworks/CoreDisplay.framework/Versions/A/CoreDisplay
0x00000000414c9000 	/System/Library/PrivateFrameworks/IOPresentment.framework/Versions/A/IOPresentment
0x00000000414c9000 	/System/Library/PrivateFrameworks/DebugSymbols.framework/Versions/A/DebugSymbols
0x00000000414c9000 	/System/Library/PrivateFrameworks/CoreSymbolication.framework/Versions/A/CoreSymbolication
0x00000000414c9000 	/System/Library/PrivateFrameworks/Symbolication.framework/Versions/A/Symbolication
0x00000000414c9000 	/System/Library/PrivateFrameworks/AppleFSCompression.framework/Versions/A/AppleFSCompression
0x00000000414c9000 	/System/Library/PrivateFrameworks/SpeechRecognitionCore.framework/Versions/A/SpeechRecognitionCore
0x00000000414c9000 	/System/Library/PrivateFrameworks/ChunkingLibrary.framework/Versions/A/ChunkingLibrary
0x000000010ca00000 	/Library/Java/JavaVirtualMachines/jdk1.8.0_65.jdk/Contents/Home/jre/lib/server/libjvm.dylib
0x00000000414c9000 	/usr/lib/libstdc++.6.dylib
0x000000010b8c6000 	/Library/Java/JavaVirtualMachines/jdk1.8.0_65.jdk/Contents/Home/jre/lib/libverify.dylib
0x000000010b8d4000 	/Library/Java/JavaVirtualMachines/jdk1.8.0_65.jdk/Contents/Home/jre/lib/libjava.dylib
0x000000010b913000 	/Library/Java/JavaVirtualMachines/jdk1.8.0_65.jdk/Contents/Home/jre/lib/libzip.dylib
0x0000000128a0e000 	/System/Library/Frameworks/JavaVM.framework/Frameworks/JavaRuntimeSupport.framework/JavaRuntimeSupport
0x00000001183cb000 	/System/Library/Frameworks/JavaVM.framework/Versions/A/Frameworks/JavaNativeFoundation.framework/Versions/A/JavaNativeFoundation
0x000000010b9f0000 	/System/Library/Frameworks/JavaVM.framework/Versions/A/JavaVM
0x00000000414c9000 	/System/Library/Frameworks/Carbon.framework/Versions/A/Carbon
0x0000000128a28000 	/System/Library/PrivateFrameworks/JavaLaunching.framework/Versions/A/JavaLaunching
0x00000000414c9000 	/System/Library/Frameworks/Carbon.framework/Versions/A/Frameworks/CommonPanels.framework/Versions/A/CommonPanels
0x00000000414c9000 	/System/Library/Frameworks/Carbon.framework/Versions/A/Frameworks/Help.framework/Versions/A/Help
0x00000000414c9000 	/System/Library/Frameworks/Carbon.framework/Versions/A/Frameworks/ImageCapture.framework/Versions/A/ImageCapture
0x00000000414c9000 	/System/Library/Frameworks/Carbon.framework/Versions/A/Frameworks/OpenScripting.framework/Versions/A/OpenScripting
0x00000000414c9000 	/System/Library/Frameworks/Carbon.framework/Versions/A/Frameworks/Print.framework/Versions/A/Print
0x00000000414c9000 	/System/Library/Frameworks/Carbon.framework/Versions/A/Frameworks/SecurityHI.framework/Versions/A/SecurityHI
0x0000000128daf000 	/Applications/IntelliJ IDEA.app/Contents/bin/libbreakgen64.jnilib
0x0000000128db2000 	/Library/Java/JavaVirtualMachines/jdk1.8.0_65.jdk/Contents/Home/jre/lib/libnet.dylib
0x0000000128f09000 	/Library/Java/JavaVirtualMachines/jdk1.8.0_65.jdk/Contents/Home/jre/lib/libmanagement.dylib
0x0000000128ecb000 	/Library/Java/JavaVirtualMachines/jdk1.8.0_65.jdk/Contents/Home/jre/lib/libnio.dylib
0x0000000128e88000 	/Users/sophatvathana/Desktop/Project/ipcam/IPCAM-VIDEO-STREAMING-API/native/mac/x86_64/strmrecv.dylib
0x000000012928f000 	/Library/Java/JavaVirtualMachines/jdk1.8.0_65.jdk/Contents/Home/jre/lib/libsunec.dylib
0x0000000129b9c000 	/Users/sophatvathana/Desktop/Project/ipcam/IPCAM-VIDEO-STREAMING-API/native/mac/x86_64/libavutil.55.dylib
0x00000000414c9000 	/System/Library/Frameworks/AVFoundation.framework/Versions/A/AVFoundation
0x00000000414c9000 	/System/Library/Frameworks/CoreMedia.framework/Versions/A/CoreMedia
0x00000000414c9000 	/System/Library/Frameworks/VideoToolbox.framework/Versions/A/VideoToolbox
0x0000000128e6c000 	/System/Library/Frameworks/VideoDecodeAcceleration.framework/Versions/A/VideoDecodeAcceleration
0x00000000414c9000 	/System/Library/Frameworks/AVFoundation.framework/Versions/A/Frameworks/AVFAudio.framework/Versions/A/AVFAudio
0x00000000414c9000 	/System/Library/Frameworks/MediaToolbox.framework/Versions/A/MediaToolbox
0x00000000414c9000 	/System/Library/PrivateFrameworks/IntlPreferences.framework/Versions/A/IntlPreferences
0x00000000414c9000 	/System/Library/Frameworks/CoreMediaIO.framework/Versions/A/CoreMediaIO
0x00000000414c9000 	/usr/lib/libspindump.dylib
0x00000000414c9000 	/usr/lib/libdscsym.dylib
0x00000000414c9000 	/System/Library/PrivateFrameworks/CoreAVCHD.framework/Versions/A/CoreAVCHD
0x00000000414c9000 	/System/Library/Frameworks/MediaAccessibility.framework/Versions/A/MediaAccessibility
0x00000000414c9000 	/System/Library/PrivateFrameworks/Mangrove.framework/Versions/A/Mangrove
0x00000000414c9000 	/System/Library/PrivateFrameworks/CoreAUC.framework/Versions/A/CoreAUC
0x00000000414c9000 	/System/Library/PrivateFrameworks/AppleVA.framework/Versions/A/AppleVA
0x00000000414c9000 	/System/Library/PrivateFrameworks/XPCService.framework/Versions/A/XPCService
0x00000000414c9000 	/System/Library/PrivateFrameworks/AppSandbox.framework/Versions/A/AppSandbox
0x00000000414c9000 	/usr/lib/libsandbox.1.dylib
0x00000000414c9000 	/System/Library/PrivateFrameworks/AppContainer.framework/Versions/A/AppContainer
0x00000000414c9000 	/System/Library/PrivateFrameworks/SecCodeWrapper.framework/Versions/A/SecCodeWrapper
0x00000000414c9000 	/usr/lib/libMatch.1.dylib
0x0000000128eb0000 	/Users/sophatvathana/Desktop/Project/ipcam/IPCAM-VIDEO-STREAMING-API/native/mac/x86_64/libswresample.2.dylib
0x000000012bd8e000 	/Users/sophatvathana/Desktop/Project/ipcam/IPCAM-VIDEO-STREAMING-API/native/mac/x86_64/libavcodec.57.dylib
0x000000012b5d0000 	/Users/sophatvathana/Desktop/Project/ipcam/IPCAM-VIDEO-STREAMING-API/native/mac/x86_64/libavformat.57.dylib

VM Arguments:
jvm_args: -Dspring.output.ansi.enabled=always -Didea.launcher.port=7533 -Didea.launcher.bin.path=/Applications/IntelliJ IDEA.app/Contents/bin -Dfile.encoding=UTF-8 
java_command: com.intellij.rt.execution.application.AppMain kh.com.kshrd.ipcam.IpcamVideoStreamingApiApplication
java_class_path (initial): /Library/Java/JavaVirtualMachines/jdk1.8.0_65.jdk/Contents/Home/jre/lib/charsets.jar:/Library/Java/JavaVirtualMachines/jdk1.8.0_65.jdk/Contents/Home/jre/lib/deploy.jar:/Library/Java/JavaVirtualMachines/jdk1.8.0_65.jdk/Contents/Home/jre/lib/ext/cldrdata.jar:/Library/Java/JavaVirtualMachines/jdk1.8.0_65.jdk/Contents/Home/jre/lib/ext/dnsns.jar:/Library/Java/JavaVirtualMachines/jdk1.8.0_65.jdk/Contents/Home/jre/lib/ext/jaccess.jar:/Library/Java/JavaVirtualMachines/jdk1.8.0_65.jdk/Contents/Home/jre/lib/ext/jfxrt.jar:/Library/Java/JavaVirtualMachines/jdk1.8.0_65.jdk/Contents/Home/jre/lib/ext/localedata.jar:/Library/Java/JavaVirtualMachines/jdk1.8.0_65.jdk/Contents/Home/jre/lib/ext/nashorn.jar:/Library/Java/JavaVirtualMachines/jdk1.8.0_65.jdk/Contents/Home/jre/lib/ext/sunec.jar:/Library/Java/JavaVirtualMachines/jdk1.8.0_65.jdk/Contents/Home/jre/lib/ext/sunjce_provider.jar:/Library/Java/JavaVirtualMachines/jdk1.8.0_65.jdk/Contents/Home/jre/lib/ext/sunpkcs11.jar:/Library/Java/JavaVirtualMachines/jdk1.8.0_65.jdk/Contents/Home/jre/lib/ext/zipfs.jar:/Library/Java/JavaVirtualMachines/jdk1.8.0_65.jdk/Contents/Home/jre/lib/javaws.jar:/Library/Java/JavaVirtualMachines/jdk1.8.0_65.jdk/Contents/Home/jre/lib/jce.jar:/Library/Java/JavaVirtualMachines/jdk1.8.0_65.jdk/Contents/Home/jre/lib/jfr.jar:/Library/Java/JavaVirtualMachines/jdk1.8.0_65.jdk/Contents/Home/jre/lib/jfxswt.jar:/Library/Java/JavaVirtualMachines/jdk1.8.0_65.jdk/Contents/Home/jre/lib/jsse.jar:/Library/Java/JavaVirtualMachines/jdk1.8.0_65.jdk/Contents/Home/jre/lib/management-agent.jar:/Library/Java/JavaVirtualMachines/jdk1.8.0_65.jdk/Contents/Home/jre/lib/plugin.jar:/Library/Java/JavaVirtualMachines/jdk1.8.0_65.jdk/Contents/Home/jre/lib/resources.jar:/Library/Java/JavaVirtualMachines/jdk1.8.0_65.jdk/Contents/Home/jre/lib/rt.jar:/Library/Java/JavaVirtualMachines/jdk1.8.0_65.jdk/Contents/Home/lib/dt.jar:/Library/Java/JavaVirtualMachines/jdk1.8.0_65.jdk/Contents/Home/lib/javafx-mx.jar:/Library/Jav
Launcher Type: SUN_STANDARD

Environment Variables:
PATH=/Library/Frameworks/Python.framework/Versions/3.5/bin:/usr/local/bin:/usr/bin:/bin:/usr/sbin:/sbin
SHELL=/bin/zsh

Signal Handlers:
SIGSEGV: [libjvm.dylib+0x5a6d31], sa_mask[0]=11111111011111110111111111111111, sa_flags=SA_ONSTACK|SA_RESTART|SA_SIGINFO
SIGBUS: [libjvm.dylib+0x5a6d31], sa_mask[0]=11111111011111110111111111111111, sa_flags=SA_RESTART|SA_SIGINFO
SIGFPE: [libjvm.dylib+0x480a40], sa_mask[0]=11111111011111110111111111111111, sa_flags=SA_RESTART|SA_SIGINFO
SIGPIPE: [libjvm.dylib+0x480a40], sa_mask[0]=11111111011111110111111111111111, sa_flags=SA_RESTART|SA_SIGINFO
SIGXFSZ: [libjvm.dylib+0x480a40], sa_mask[0]=11111111011111110111111111111111, sa_flags=SA_RESTART|SA_SIGINFO
SIGILL: [libjvm.dylib+0x480a40], sa_mask[0]=11111111011111110111111111111111, sa_flags=SA_RESTART|SA_SIGINFO
SIGUSR1: SIG_DFL, sa_mask[0]=00000000000000000000000000000000, sa_flags=none
SIGUSR2: [libjvm.dylib+0x48055e], sa_mask[0]=00100000000000000000000000000000, sa_flags=SA_RESTART|SA_SIGINFO
SIGHUP: [libjvm.dylib+0x47eb35], sa_mask[0]=11111111011111110111111111111111, sa_flags=SA_RESTART|SA_SIGINFO
SIGINT: [libjvm.dylib+0x47eb35], sa_mask[0]=11111111011111110111111111111111, sa_flags=SA_RESTART|SA_SIGINFO
SIGTERM: [libjvm.dylib+0x47eb35], sa_mask[0]=11111111011111110111111111111111, sa_flags=SA_RESTART|SA_SIGINFO
SIGQUIT: [libjvm.dylib+0x47eb35], sa_mask[0]=11111111011111110111111111111111, sa_flags=SA_RESTART|SA_SIGINFO


---------------  S Y S T E M  ---------------

OS:Bsduname:Darwin 16.3.0 Darwin Kernel Version 16.3.0: Thu Nov 17 20:23:58 PST 2016; root:xnu-3789.31.2~1/RELEASE_X86_64 x86_64
rlimit: STACK 8192k, CORE 0k, NPROC 709, NOFILE 10240, AS infinity
load average:2.46 2.05 1.85

CPU:total 8 (4 cores per cpu, 2 threads per core) family 6 model 70 stepping 1, cmov, cx8, fxsr, mmx, sse, sse2, sse3, ssse3, sse4.1, sse4.2, popcnt, avx, avx2, aes, clmul, erms, lzcnt, ht, tsc, tscinvbit, bmi1, bmi2

Memory: 4k page, physical 16777216k(176708k free)

/proc/meminfo:


vm_info: Java HotSpot(TM) 64-Bit Server VM (25.65-b01) for bsd-amd64 JRE (1.8.0_65-b17), built on Oct  6 2015 15:36:46 by "java_re" with gcc 4.2.1 (Based on Apple Inc. build 5658) (LLVM build 2336.11.00)

time: Mon Dec 26 17:42:49 2016
elapsed time: 1043 seconds (0d 0h 17m 23s)

