#
# A fatal error has been detected by the Java Runtime Environment:
#
#  SIGSEGV (0xb) at pc=0x00000001266a6c72, pid=9902, tid=32003
#
# JRE version: Java(TM) SE Runtime Environment (8.0_65-b17) (build 1.8.0_65-b17)
# Java VM: Java HotSpot(TM) 64-Bit Server VM (25.65-b01 mixed mode bsd-amd64 compressed oops)
# Problematic frame:
# C  [libavutil.55.dylib+0x5c72]  av_buffer_unref+0x12
#
# Failed to write core dump. Core dumps have been disabled. To enable core dumping, try "ulimit -c unlimited" before starting Java again
#
# If you would like to submit a bug report, please visit:
#   http://bugreport.java.com/bugreport/crash.jsp
# The crash happened outside the Java Virtual Machine in native code.
# See problematic frame for where to report the bug.
#

---------------  T H R E A D  ---------------

Current thread (0x00007fa3b586f800):  JavaThread "Thread-8" daemon [_thread_in_native, id=32003, stack(0x0000700009524000,0x0000700009624000)]

siginfo: si_signo: 11 (SIGSEGV), si_code: 0 (unknown), si_addr: 0x0000000000000000

Registers:
RAX=0xd00007fa3b166a11, RBX=0x00007fa3b1669c40, RCX=0x0000000000000000, RDX=0x00007fa3b1669c40
RSP=0x00007000096236f0, RBP=0x0000700009623750, RSI=0x00007000096237e8, RDI=0x00007fa3b1669c48
R8 =0x0000000000000008, R9 =0x0000000000000000, R10=0x000000010a231928, R11=0x00000001092dc4cf
R12=0x0000000000000000, R13=0x00000001282ac6d0, R14=0x00007fa3b1669c78, R15=0x00007fa3b1669c48
RIP=0x00000001266a6c72, EFLAGS=0x0000000000010206, ERR=0x0000000000000000
  TRAPNO=0x000000000000000d

Top of Stack: (sp=0x00007000096236f0)
0x00007000096236f0:   0000700009623750 00000001266ba76b
0x0000700009623700:   00007fa3b1669c40 000000012887c734
0x0000700009623710:   00000001251fd500 00007fa3b1669c40
0x0000700009623720:   0000000000000000 00007000096237e8
0x0000700009623730:   00007fa3b586f800 00000001251fcf32
0x0000700009623740:   00000001282ac6d0 00007000096237e8
0x0000700009623750:   00007000096237b8 000000010a231954
0x0000700009623760:   0000700009623780 00007fa3b155c100
0x0000700009623770:   00007fa3b586f800 0000700009623778
0x0000700009623780:   0000000000000000 00007000096237e8
0x0000700009623790:   00000001282ae828 0000000000000000
0x00007000096237a0:   00000001282ac6d0 0000000000000000
0x00007000096237b0:   00007000096237d8 0000700009623830
0x00007000096237c0:   000000010a223c4d 0000000000000000
0x00007000096237d0:   000000010a22b578 00007fa3b1669c40
0x00007000096237e0:   00007fa3b1669c40 00000007722d7228
0x00007000096237f0:   00007000096237f0 00000001282ac9de
0x0000700009623800:   0000700009623840 00000001282ae828
0x0000700009623810:   0000000000000000 00000001282aca00
0x0000700009623820:   00007000096237d8 0000700009623840
0x0000700009623830:   0000700009623888 000000010a223c4d
0x0000700009623840:   00000007722d7228 0000700009623848
0x0000700009623850:   00000001282ac919 0000700009623898
0x0000700009623860:   00000001282ae828 0000000000000000
0x0000700009623870:   00000001282ac948 0000700009623840
0x0000700009623880:   0000700009623898 00007000096238e0
0x0000700009623890:   000000010a223c4d 00000007722d7228
0x00007000096238a0:   00007000096238a0 00000001274b5ac5
0x00007000096238b0:   0000700009623910 00000001282aacf8
0x00007000096238c0:   0000000000000000 00000001274b5c38
0x00007000096238d0:   0000700009623898 0000700009623910
0x00007000096238e0:   0000700009623958 000000010a223c92 

Instructions: (pc=0x00000001266a6c72)
0x00000001266a6c52:   48 89 c1 48 89 c8 5b c3 66 0f 1f 44 00 00 48 85
0x00000001266a6c62:   ff 74 47 48 8b 07 48 85 c0 74 3f 53 48 83 ec 10
0x00000001266a6c72:   48 8b 18 48 89 5c 24 08 e8 d1 3a 01 00 b8 ff ff
0x00000001266a6c82:   ff ff f0 0f c1 43 0c 83 f8 01 75 19 48 8b 44 24 

Register to memory mapping:

RAX=0xd00007fa3b166a11 is an unknown value
RBX=0x00007fa3b1669c40 is an unknown value
RCX=0x0000000000000000 is an unknown value
RDX=0x00007fa3b1669c40 is an unknown value
RSP=0x00007000096236f0 is pointing into the stack for thread: 0x00007fa3b586f800
RBP=0x0000700009623750 is pointing into the stack for thread: 0x00007fa3b586f800
RSI=0x00007000096237e8 is pointing into the stack for thread: 0x00007fa3b586f800
RDI=0x00007fa3b1669c48 is an unknown value
R8 =0x0000000000000008 is an unknown value
R9 =0x0000000000000000 is an unknown value
R10=0x000000010a231928 is at code_begin+808 in an Interpreter codelet
method entry point (kind = native)  [0x000000010a231600, 0x000000010a231f00]  2304 bytes
R11=0x00000001092dc4cf: throw_unsatisfied_link_error+0 in /Library/Java/JavaVirtualMachines/jdk1.8.0_65.jdk/Contents/Home/jre/lib/server/libjvm.dylib at 0x0000000108e00000
R12=0x0000000000000000 is an unknown value
R13={method} {0x00000001282ac6d0} 'releaseContextInternal' '(J)V' in 'kh/com/kshrd/core/RtspStream'
R14=0x00007fa3b1669c78 is an unknown value
R15=0x00007fa3b1669c48 is an unknown value


Stack: [0x0000700009524000,0x0000700009624000],  sp=0x00007000096236f0,  free space=1021k
Native frames: (J=compiled Java code, j=interpreted, Vv=VM code, C=native code)
C  [libavutil.55.dylib+0x5c72]  av_buffer_unref+0x12
j  kh.com.kshrd.core.RtspStream.releaseContextInternal(J)V+0
j  kh.com.kshrd.core.RtspStream.release()V+14
j  kh.com.kshrd.core.RtspStream.initialize()V+1
j  kh.com.kshrd.core.RtspCamera.run()V+269
j  java.lang.Thread.run()V+11
v  ~StubRoutines::call_stub
V  [libjvm.dylib+0x2eab02]
V  [libjvm.dylib+0x2eb290]
V  [libjvm.dylib+0x2eb43c]
V  [libjvm.dylib+0x345959]
V  [libjvm.dylib+0x5612d3]
V  [libjvm.dylib+0x5629ce]
V  [libjvm.dylib+0x48342e]
C  [libsystem_pthread.dylib+0x3aab]  _pthread_body+0xb4
C  [libsystem_pthread.dylib+0x39f7]  _pthread_body+0x0
C  [libsystem_pthread.dylib+0x31fd]  thread_start+0xd
C  0x0000000000000000

Java frames: (J=compiled Java code, j=interpreted, Vv=VM code)
j  kh.com.kshrd.core.RtspStream.releaseContextInternal(J)V+0
j  kh.com.kshrd.core.RtspStream.release()V+14
j  kh.com.kshrd.core.RtspStream.initialize()V+1
j  kh.com.kshrd.core.RtspCamera.run()V+269
j  java.lang.Thread.run()V+11
v  ~StubRoutines::call_stub

---------------  P R O C E S S  ---------------

Java Threads: ( => current thread )
=>0x00007fa3b586f800 JavaThread "Thread-8" daemon [_thread_in_native, id=32003, stack(0x0000700009524000,0x0000700009624000)]
  0x00007fa3b536a000 JavaThread "http-nio-9999-exec-8" daemon [_thread_blocked, id=31495, stack(0x0000700009421000,0x0000700009521000)]
  0x00007fa3b5369800 JavaThread "Thread-7" daemon [_thread_in_native, id=30979, stack(0x000070000931e000,0x000070000941e000)]
  0x00007fa3b536b800 JavaThread "http-nio-9999-exec-7" daemon [_thread_blocked, id=30471, stack(0x000070000921b000,0x000070000931b000)]
  0x00007fa3b5307800 JavaThread "Thread-6" daemon [_thread_in_native, id=29955, stack(0x0000700009118000,0x0000700009218000)]
  0x00007fa3b414e000 JavaThread "http-nio-9999-exec-6" daemon [_thread_blocked, id=29443, stack(0x0000700009015000,0x0000700009115000)]
  0x00007fa3b5803800 JavaThread "Thread-5" daemon [_thread_in_native, id=28931, stack(0x0000700008f12000,0x0000700009012000)]
  0x00007fa3b701c000 JavaThread "http-nio-9999-exec-5" daemon [_thread_blocked, id=28419, stack(0x0000700008e0f000,0x0000700008f0f000)]
  0x00007fa3b5802000 JavaThread "Thread-4" daemon [_thread_in_native, id=27907, stack(0x0000700008d0c000,0x0000700008e0c000)]
  0x00007fa3b40f2000 JavaThread "http-nio-9999-exec-4" daemon [_thread_blocked, id=27395, stack(0x0000700008c09000,0x0000700008d09000)]
  0x00007fa3b5803000 JavaThread "http-nio-9999-exec-2" daemon [_thread_blocked, id=26883, stack(0x0000700008b06000,0x0000700008c06000)]
  0x00007fa3b7335800 JavaThread "http-nio-9999-exec-3" daemon [_thread_blocked, id=26371, stack(0x0000700008a03000,0x0000700008b03000)]
  0x00007fa3b5867000 JavaThread "Thread-3" daemon [_thread_in_native, id=23559, stack(0x00007000081eb000,0x00007000082eb000)]
  0x00007fa3b533a800 JavaThread "http-nio-9999-exec-1" daemon [_thread_blocked, id=23303, stack(0x00007000080e8000,0x00007000081e8000)]
  0x00007fa3b2d1b000 JavaThread "DestroyJavaVM" [_thread_blocked, id=7171, stack(0x0000700006cac000,0x0000700006dac000)]
  0x00007fa3b2bf8800 JavaThread "http-nio-9999-AsyncTimeout" daemon [_thread_blocked, id=25859, stack(0x0000700008900000,0x0000700008a00000)]
  0x00007fa3af9f0800 JavaThread "http-nio-9999-Acceptor-0" daemon [_thread_in_native, id=25347, stack(0x00007000087fd000,0x00007000088fd000)]
  0x00007fa3af9ef800 JavaThread "http-nio-9999-ClientPoller-1" daemon [_thread_in_native, id=24835, stack(0x00007000086fa000,0x00007000087fa000)]
  0x00007fa3b58ea000 JavaThread "http-nio-9999-ClientPoller-0" daemon [_thread_in_native, id=3847, stack(0x00007000085f7000,0x00007000086f7000)]
  0x00007fa3b0341000 JavaThread "NioBlockingSelector.BlockPoller-1" daemon [_thread_in_native, id=4871, stack(0x00007000084f4000,0x00007000085f4000)]
  0x00007fa3b4888000 JavaThread "container-0" [_thread_blocked, id=24323, stack(0x00007000083f1000,0x00007000084f1000)]
  0x00007fa3b3068800 JavaThread "ContainerBackgroundProcessor[StandardEngine[Tomcat]]" daemon [_thread_blocked, id=23811, stack(0x00007000082ee000,0x00007000083ee000)]
  0x00007fa3b209e000 JavaThread "Monitor Ctrl-Break" daemon [_thread_in_native, id=22275, stack(0x0000700007fe5000,0x00007000080e5000)]
  0x00007fa3b2033000 JavaThread "Service Thread" daemon [_thread_blocked, id=21251, stack(0x0000700007ddf000,0x0000700007edf000)]
  0x00007fa3b2020000 JavaThread "C1 CompilerThread3" daemon [_thread_blocked, id=20739, stack(0x0000700007cdc000,0x0000700007ddc000)]
  0x00007fa3af815800 JavaThread "C2 CompilerThread2" daemon [_thread_blocked, id=20227, stack(0x0000700007bd9000,0x0000700007cd9000)]
  0x00007fa3b201f800 JavaThread "C2 CompilerThread1" daemon [_thread_blocked, id=19715, stack(0x0000700007ad6000,0x0000700007bd6000)]
  0x00007fa3b280d800 JavaThread "C2 CompilerThread0" daemon [_thread_blocked, id=19203, stack(0x00007000079d3000,0x0000700007ad3000)]
  0x00007fa3b201d800 JavaThread "Signal Dispatcher" daemon [_thread_blocked, id=18691, stack(0x00007000078d0000,0x00007000079d0000)]
  0x00007fa3b2016800 JavaThread "Finalizer" daemon [_thread_blocked, id=14595, stack(0x00007000077cd000,0x00007000078cd000)]
  0x00007fa3b2015800 JavaThread "Reference Handler" daemon [_thread_blocked, id=14083, stack(0x00007000076ca000,0x00007000077ca000)]

Other Threads:
  0x00007fa3b3004000 VMThread [stack: 0x00007000075c7000,0x00007000076c7000] [id=13571]
  0x00007fa3b280b800 WatcherThread [stack: 0x0000700007ee2000,0x0000700007fe2000] [id=21763]

VM state:not at safepoint (normal execution)

VM Mutex/Monitor currently owned by a thread: None

Heap:
 PSYoungGen      total 227328K, used 124065K [0x000000076ab00000, 0x0000000781580000, 0x00000007c0000000)
  eden space 208896K, 59% used [0x000000076ab00000,0x0000000772428648,0x0000000777700000)
  from space 18432K, 0% used [0x0000000777700000,0x0000000777700000,0x0000000778900000)
  to   space 19968K, 0% used [0x0000000780200000,0x0000000780200000,0x0000000781580000)
 ParOldGen       total 168448K, used 27957K [0x00000006c0000000, 0x00000006ca480000, 0x000000076ab00000)
  object space 168448K, 16% used [0x00000006c0000000,0x00000006c1b4d4a0,0x00000006ca480000)
 Metaspace       used 41129K, capacity 41708K, committed 41984K, reserved 1085440K
  class space    used 5161K, capacity 5300K, committed 5376K, reserved 1048576K

Card table byte_map: [0x000000011921c000,0x0000000119a1d000] byte_map_base: 0x0000000115c1c000

Marking Bits: (ParMarkBitMap*) 0x00000001096dee20
 Begin Bits: [0x0000000119f73000, 0x000000011df73000)
 End Bits:   [0x000000011df73000, 0x0000000121f73000)

Polling page: 0x0000000107cb5000

CodeCache: size=245760Kb used=15172Kb max_used=15989Kb free=230587Kb
 bounds [0x000000010a21c000, 0x000000010b1ec000, 0x000000011921c000]
 total_blobs=4751 nmethods=4313 adapters=350
 compilation: enabled

Compilation events (10 events):
Event: 288.338 Thread 0x00007fa3b2020000 nmethod 5131 0x000000010a3696d0 code [0x000000010a369860, 0x000000010a369cb8]
Event: 288.338 Thread 0x00007fa3b2020000 5132       3       java.security.KeyStore::getCertificate (26 bytes)
Event: 288.338 Thread 0x00007fa3b2020000 nmethod 5132 0x000000010aad46d0 code [0x000000010aad4860, 0x000000010aad4b38]
Event: 288.338 Thread 0x00007fa3b2020000 5133       3       sun.security.provider.JavaKeyStore$DualFormatJKS::engineGetCertificate (6 bytes)
Event: 288.338 Thread 0x00007fa3b2020000 nmethod 5133 0x000000010aad41d0 code [0x000000010aad4340, 0x000000010aad45c8]
Event: 288.338 Thread 0x00007fa3b2020000 5134       3       sun.security.provider.KeyStoreDelegator::engineGetCertificate (9 bytes)
Event: 288.338 Thread 0x00007fa3b2020000 nmethod 5134 0x000000010acdcf90 code [0x000000010acdd100, 0x000000010acdd328]
Event: 288.340 Thread 0x00007fa3b2020000 5136   !   3       java.text.SimpleDateFormat::zeroPaddingNumber (270 bytes)
Event: 288.342 Thread 0x00007fa3b2020000 nmethod 5136 0x000000010acb0f50 code [0x000000010acb13a0, 0x000000010acb4918]
Event: 288.391 Thread 0x00007fa3b280d800 nmethod 5126 0x000000010a3f9390 code [0x000000010a3f9660, 0x000000010a3fc570]

GC Heap History (10 events):
Event: 2.112 GC heap before
{Heap before GC invocations=5 (full 1):
 PSYoungGen      total 141824K, used 10724K [0x000000076ab00000, 0x0000000774000000, 0x00000007c0000000)
  eden space 131072K, 0% used [0x000000076ab00000,0x000000076ab00000,0x0000000772b00000)
  from space 10752K, 99% used [0x0000000773580000,0x0000000773ff9220,0x0000000774000000)
  to   space 10752K, 0% used [0x0000000772b00000,0x0000000772b00000,0x0000000773580000)
 ParOldGen       total 175104K, used 3127K [0x00000006c0000000, 0x00000006cab00000, 0x000000076ab00000)
  object space 175104K, 1% used [0x00000006c0000000,0x00000006c030de30,0x00000006cab00000)
 Metaspace       used 20949K, capacity 21230K, committed 21296K, reserved 1069056K
  class space    used 2572K, capacity 2678K, committed 2688K, reserved 1048576K
Event: 2.149 GC heap after
Heap after GC invocations=5 (full 1):
 PSYoungGen      total 141824K, used 0K [0x000000076ab00000, 0x0000000774000000, 0x00000007c0000000)
  eden space 131072K, 0% used [0x000000076ab00000,0x000000076ab00000,0x0000000772b00000)
  from space 10752K, 0% used [0x0000000773580000,0x0000000773580000,0x0000000774000000)
  to   space 10752K, 0% used [0x0000000772b00000,0x0000000772b00000,0x0000000773580000)
 ParOldGen       total 103936K, used 11207K [0x00000006c0000000, 0x00000006c6580000, 0x000000076ab00000)
  object space 103936K, 10% used [0x00000006c0000000,0x00000006c0af1df8,0x00000006c6580000)
 Metaspace       used 20949K, capacity 21230K, committed 21296K, reserved 1069056K
  class space    used 2572K, capacity 2678K, committed 2688K, reserved 1048576K
}
Event: 3.140 GC heap before
{Heap before GC invocations=6 (full 1):
 PSYoungGen      total 141824K, used 131072K [0x000000076ab00000, 0x0000000774000000, 0x00000007c0000000)
  eden space 131072K, 100% used [0x000000076ab00000,0x0000000772b00000,0x0000000772b00000)
  from space 10752K, 0% used [0x0000000773580000,0x0000000773580000,0x0000000774000000)
  to   space 10752K, 0% used [0x0000000772b00000,0x0000000772b00000,0x0000000773580000)
 ParOldGen       total 103936K, used 11207K [0x00000006c0000000, 0x00000006c6580000, 0x000000076ab00000)
  object space 103936K, 10% used [0x00000006c0000000,0x00000006c0af1df8,0x00000006c6580000)
 Metaspace       used 27673K, capacity 28050K, committed 28416K, reserved 1075200K
  class space    used 3413K, capacity 3516K, committed 3584K, reserved 1048576K
Event: 3.155 GC heap after
Heap after GC invocations=6 (full 1):
 PSYoungGen      total 141824K, used 10729K [0x000000076ab00000, 0x0000000779b80000, 0x00000007c0000000)
  eden space 131072K, 0% used [0x000000076ab00000,0x000000076ab00000,0x0000000772b00000)
  from space 10752K, 99% used [0x0000000772b00000,0x000000077357a798,0x0000000773580000)
  to   space 18944K, 0% used [0x0000000778900000,0x0000000778900000,0x0000000779b80000)
 ParOldGen       total 103936K, used 21562K [0x00000006c0000000, 0x00000006c6580000, 0x000000076ab00000)
  object space 103936K, 20% used [0x00000006c0000000,0x00000006c150e840,0x00000006c6580000)
 Metaspace       used 27673K, capacity 28050K, committed 28416K, reserved 1075200K
  class space    used 3413K, capacity 3516K, committed 3584K, reserved 1048576K
}
Event: 3.929 GC heap before
{Heap before GC invocations=7 (full 1):
 PSYoungGen      total 141824K, used 141801K [0x000000076ab00000, 0x0000000779b80000, 0x00000007c0000000)
  eden space 131072K, 100% used [0x000000076ab00000,0x0000000772b00000,0x0000000772b00000)
  from space 10752K, 99% used [0x0000000772b00000,0x000000077357a798,0x0000000773580000)
  to   space 18944K, 0% used [0x0000000778900000,0x0000000778900000,0x0000000779b80000)
 ParOldGen       total 103936K, used 21562K [0x00000006c0000000, 0x00000006c6580000, 0x000000076ab00000)
  object space 103936K, 20% used [0x00000006c0000000,0x00000006c150e840,0x00000006c6580000)
 Metaspace       used 31333K, capacity 31810K, committed 32000K, reserved 1077248K
  class space    used 3893K, capacity 4004K, committed 4096K, reserved 1048576K
Event: 3.950 GC heap after
Heap after GC invocations=7 (full 1):
 PSYoungGen      total 227328K, used 12631K [0x000000076ab00000, 0x0000000779b00000, 0x00000007c0000000)
  eden space 208896K, 0% used [0x000000076ab00000,0x000000076ab00000,0x0000000777700000)
  from space 18432K, 68% used [0x0000000778900000,0x0000000779555e60,0x0000000779b00000)
  to   space 18432K, 0% used [0x0000000777700000,0x0000000777700000,0x0000000778900000)
 ParOldGen       total 103936K, used 21570K [0x00000006c0000000, 0x00000006c6580000, 0x000000076ab00000)
  object space 103936K, 20% used [0x00000006c0000000,0x00000006c1510840,0x00000006c6580000)
 Metaspace       used 31333K, capacity 31810K, committed 32000K, reserved 1077248K
  class space    used 3893K, capacity 4004K, committed 4096K, reserved 1048576K
}
Event: 4.878 GC heap before
{Heap before GC invocations=8 (full 1):
 PSYoungGen      total 227328K, used 147172K [0x000000076ab00000, 0x0000000779b00000, 0x00000007c0000000)
  eden space 208896K, 64% used [0x000000076ab00000,0x0000000772e631e8,0x0000000777700000)
  from space 18432K, 68% used [0x0000000778900000,0x0000000779555e60,0x0000000779b00000)
  to   space 18432K, 0% used [0x0000000777700000,0x0000000777700000,0x0000000778900000)
 ParOldGen       total 103936K, used 21570K [0x00000006c0000000, 0x00000006c6580000, 0x000000076ab00000)
  object space 103936K, 20% used [0x00000006c0000000,0x00000006c1510840,0x00000006c6580000)
 Metaspace       used 34904K, capacity 35296K, committed 35496K, reserved 1081344K
  class space    used 4424K, capacity 4521K, committed 4608K, reserved 1048576K
Event: 4.899 GC heap after
Heap after GC invocations=8 (full 1):
 PSYoungGen      total 227328K, used 17419K [0x000000076ab00000, 0x0000000781580000, 0x00000007c0000000)
  eden space 208896K, 0% used [0x000000076ab00000,0x000000076ab00000,0x0000000777700000)
  from space 18432K, 94% used [0x0000000777700000,0x0000000778802e00,0x0000000778900000)
  to   space 19968K, 0% used [0x0000000780200000,0x0000000780200000,0x0000000781580000)
 ParOldGen       total 103936K, used 21578K [0x00000006c0000000, 0x00000006c6580000, 0x000000076ab00000)
  object space 103936K, 20% used [0x00000006c0000000,0x00000006c1512840,0x00000006c6580000)
 Metaspace       used 34904K, capacity 35296K, committed 35496K, reserved 1081344K
  class space    used 4424K, capacity 4521K, committed 4608K, reserved 1048576K
}
Event: 4.899 GC heap before
{Heap before GC invocations=9 (full 2):
 PSYoungGen      total 227328K, used 17419K [0x000000076ab00000, 0x0000000781580000, 0x00000007c0000000)
  eden space 208896K, 0% used [0x000000076ab00000,0x000000076ab00000,0x0000000777700000)
  from space 18432K, 94% used [0x0000000777700000,0x0000000778802e00,0x0000000778900000)
  to   space 19968K, 0% used [0x0000000780200000,0x0000000780200000,0x0000000781580000)
 ParOldGen       total 103936K, used 21578K [0x00000006c0000000, 0x00000006c6580000, 0x000000076ab00000)
  object space 103936K, 20% used [0x00000006c0000000,0x00000006c1512840,0x00000006c6580000)
 Metaspace       used 34904K, capacity 35296K, committed 35496K, reserved 1081344K
  class space    used 4424K, capacity 4521K, committed 4608K, reserved 1048576K
Event: 4.969 GC heap after
Heap after GC invocations=9 (full 2):
 PSYoungGen      total 227328K, used 0K [0x000000076ab00000, 0x0000000781580000, 0x00000007c0000000)
  eden space 208896K, 0% used [0x000000076ab00000,0x000000076ab00000,0x0000000777700000)
  from space 18432K, 0% used [0x0000000777700000,0x0000000777700000,0x0000000778900000)
  to   space 19968K, 0% used [0x0000000780200000,0x0000000780200000,0x0000000781580000)
 ParOldGen       total 168448K, used 27957K [0x00000006c0000000, 0x00000006ca480000, 0x000000076ab00000)
  object space 168448K, 16% used [0x00000006c0000000,0x00000006c1b4d4a0,0x00000006ca480000)
 Metaspace       used 34904K, capacity 35296K, committed 35496K, reserved 1081344K
  class space    used 4424K, capacity 4521K, committed 4608K, reserved 1048576K
}

Deoptimization events (10 events):
Event: 14.248 Thread 0x00007fa3b533a800 Uncommon trap: reason=unstable_if action=reinterpret pc=0x000000010a59bea0 method=java.lang.CharacterDataLatin1.isWhitespace(I)Z @ 14
Event: 14.248 Thread 0x00007fa3b533a800 Uncommon trap: reason=unstable_if action=reinterpret pc=0x000000010a497a60 method=java.lang.CharacterDataLatin1.isWhitespace(I)Z @ 14
Event: 14.285 Thread 0x00007fa3b533a800 Uncommon trap: reason=class_check action=maybe_recompile pc=0x000000010a3b7af0 method=java.lang.StringCoding$StringDecoder.decode([BII)[C @ 30
Event: 14.307 Thread 0x00007fa3b533a800 Uncommon trap: reason=unstable_if action=reinterpret pc=0x000000010ac7e600 method=java.lang.ClassLoader.getClassLoadingLock(Ljava/lang/String;)Ljava/lang/Object; @ 6
Event: 14.307 Thread 0x00007fa3b533a800 Uncommon trap: reason=bimorphic action=maybe_recompile pc=0x000000010ac74640 method=java.lang.ClassLoader.loadClass(Ljava/lang/String;Z)Ljava/lang/Class; @ 2
Event: 14.308 Thread 0x00007fa3b533a800 Uncommon trap: reason=bimorphic action=maybe_recompile pc=0x000000010ac74640 method=java.lang.ClassLoader.loadClass(Ljava/lang/String;Z)Ljava/lang/Class; @ 2
Event: 14.308 Thread 0x00007fa3b533a800 Uncommon trap: reason=bimorphic action=maybe_recompile pc=0x000000010ac74640 method=java.lang.ClassLoader.loadClass(Ljava/lang/String;Z)Ljava/lang/Class; @ 2
Event: 14.308 Thread 0x00007fa3b533a800 Uncommon trap: reason=bimorphic action=maybe_recompile pc=0x000000010ac74640 method=java.lang.ClassLoader.loadClass(Ljava/lang/String;Z)Ljava/lang/Class; @ 2
Event: 14.361 Thread 0x00007fa3b533a800 Uncommon trap: reason=class_check action=maybe_recompile pc=0x000000010a3d9694 method=java.lang.StringCoding$StringDecoder.charsetName()Ljava/lang/String; @ 4
Event: 14.371 Thread 0x00007fa3b533a800 Uncommon trap: reason=unstable_if action=reinterpret pc=0x000000010a4bed90 method=java.security.CodeSource.getCertificates()[Ljava/security/cert/Certificate; @ 22

Internal exceptions (10 events):
Event: 14.151 Thread 0x00007fa3b533a800 Exception <a 'java/lang/ClassNotFoundException': org/springframework/web/servlet/theme/FixedThemeResolverCustomizer> (0x000000076e1cf4d8) thrown at [/Users/java_re/workspace/8-2-build-macosx-x86_64/jdk8u65/4987/hotspot/src/share/vm/classfile/systemDiction
Event: 14.151 Thread 0x00007fa3b533a800 Exception <a 'java/lang/ClassNotFoundException': org/springframework/web/servlet/ThemeResolverCustomizer> (0x000000076e1eb668) thrown at [/Users/java_re/workspace/8-2-build-macosx-x86_64/jdk8u65/4987/hotspot/src/share/vm/classfile/systemDictionary.cpp, li
Event: 14.154 Thread 0x00007fa3b533a800 Exception <a 'java/lang/ClassNotFoundException': java/lang/ObjectCustomizer> (0x000000076e20aa90) thrown at [/Users/java_re/workspace/8-2-build-macosx-x86_64/jdk8u65/4987/hotspot/src/share/vm/classfile/systemDictionary.cpp, line 210]
Event: 14.154 Thread 0x00007fa3b533a800 Exception <a 'java/lang/ClassNotFoundException': org/springframework/web/servlet/view/DefaultRequestToViewNameTranslatorCustomizer> (0x000000076e22dca0) thrown at [/Users/java_re/workspace/8-2-build-macosx-x86_64/jdk8u65/4987/hotspot/src/share/vm/classfil
Event: 14.155 Thread 0x00007fa3b533a800 Exception <a 'java/lang/ClassNotFoundException': org/springframework/web/servlet/RequestToViewNameTranslatorCustomizer> (0x000000076e25c060) thrown at [/Users/java_re/workspace/8-2-build-macosx-x86_64/jdk8u65/4987/hotspot/src/share/vm/classfile/systemDict
Event: 14.157 Thread 0x00007fa3b533a800 Exception <a 'java/lang/ClassNotFoundException': java/lang/ObjectCustomizer> (0x000000076e28b928) thrown at [/Users/java_re/workspace/8-2-build-macosx-x86_64/jdk8u65/4987/hotspot/src/share/vm/classfile/systemDictionary.cpp, line 210]
Event: 14.158 Thread 0x00007fa3b533a800 Exception <a 'java/lang/ClassNotFoundException': org/springframework/web/servlet/support/AbstractFlashMapManagerCustomizer> (0x000000076e2ac8f8) thrown at [/Users/java_re/workspace/8-2-build-macosx-x86_64/jdk8u65/4987/hotspot/src/share/vm/classfile/system
Event: 14.158 Thread 0x00007fa3b533a800 Exception <a 'java/lang/ClassNotFoundException': org/springframework/web/servlet/support/SessionFlashMapManagerCustomizer> (0x000000076e2d17e8) thrown at [/Users/java_re/workspace/8-2-build-macosx-x86_64/jdk8u65/4987/hotspot/src/share/vm/classfile/systemD
Event: 14.158 Thread 0x00007fa3b533a800 Exception <a 'java/lang/ClassNotFoundException': org/springframework/web/servlet/FlashMapManagerCustomizer> (0x000000076e2ed8c8) thrown at [/Users/java_re/workspace/8-2-build-macosx-x86_64/jdk8u65/4987/hotspot/src/share/vm/classfile/systemDictionary.cpp, 
Event: 14.179 Thread 0x00007fa3b533a800 Implicit null exception at 0x000000010b07ef3c to 0x000000010b087d5d

Events (10 events):
Event: 288.311 Thread 0x00007fa3b536a000 Thread added: 0x00007fa3b536a000
Event: 288.311 Executing VM operation: RevokeBias
Event: 288.311 Executing VM operation: RevokeBias done
Event: 288.312 Executing VM operation: RevokeBias
Event: 288.312 Executing VM operation: RevokeBias done
Event: 288.325 Thread 0x00007fa3b2020000 flushing nmethod 0x000000010b14b4d0
Event: 288.325 Thread 0x00007fa3b2020000 flushing nmethod 0x000000010b152590
Event: 288.335 loading class kh/com/kshrd/hikvision/ServiceProvider
Event: 288.335 loading class kh/com/kshrd/hikvision/ServiceProvider done
Event: 288.338 Thread 0x00007fa3b586f800 Thread added: 0x00007fa3b586f800


Dynamic libraries:
0x00000000414c9000 	/System/Library/Frameworks/Cocoa.framework/Versions/A/Cocoa
0x00000000414c9000 	/System/Library/Frameworks/Security.framework/Versions/A/Security
0x00000000414c9000 	/System/Library/Frameworks/ApplicationServices.framework/Versions/A/ApplicationServices
0x00000000414c9000 	/usr/lib/libz.1.dylib
0x00000000414c9000 	/usr/lib/libSystem.B.dylib
0x00000000414c9000 	/usr/lib/libobjc.A.dylib
0x00000000414c9000 	/System/Library/Frameworks/CoreFoundation.framework/Versions/A/CoreFoundation
0x00000000414c9000 	/System/Library/Frameworks/Foundation.framework/Versions/C/Foundation
0x00000000414c9000 	/System/Library/Frameworks/AppKit.framework/Versions/C/AppKit
0x00000000414c9000 	/System/Library/Frameworks/CoreData.framework/Versions/A/CoreData
0x00000000414c9000 	/System/Library/PrivateFrameworks/RemoteViewServices.framework/Versions/A/RemoteViewServices
0x00000000414c9000 	/System/Library/PrivateFrameworks/UIFoundation.framework/Versions/A/UIFoundation
0x00000000414c9000 	/System/Library/PrivateFrameworks/DFRFoundation.framework/Versions/A/DFRFoundation
0x00000000414c9000 	/usr/lib/libenergytrace.dylib
0x00000000414c9000 	/System/Library/PrivateFrameworks/SkyLight.framework/Versions/A/SkyLight
0x00000000414c9000 	/System/Library/Frameworks/CoreGraphics.framework/Versions/A/CoreGraphics
0x00000000414c9000 	/usr/lib/libScreenReader.dylib
0x00000000414c9000 	/System/Library/Frameworks/Accelerate.framework/Versions/A/Accelerate
0x00000000414c9000 	/System/Library/Frameworks/IOSurface.framework/Versions/A/IOSurface
0x00000000414c9000 	/System/Library/Frameworks/AudioToolbox.framework/Versions/A/AudioToolbox
0x00000000414c9000 	/System/Library/Frameworks/AudioUnit.framework/Versions/A/AudioUnit
0x00000000414c9000 	/System/Library/PrivateFrameworks/DataDetectorsCore.framework/Versions/A/DataDetectorsCore
0x00000000414c9000 	/System/Library/PrivateFrameworks/DesktopServicesPriv.framework/Versions/A/DesktopServicesPriv
0x00000000414c9000 	/System/Library/Frameworks/Carbon.framework/Versions/A/Frameworks/HIToolbox.framework/Versions/A/HIToolbox
0x00000000414c9000 	/usr/lib/libicucore.A.dylib
0x00000000414c9000 	/System/Library/Frameworks/QuartzCore.framework/Versions/A/QuartzCore
0x00000000414c9000 	/System/Library/Frameworks/Carbon.framework/Versions/A/Frameworks/SpeechRecognition.framework/Versions/A/SpeechRecognition
0x00000000414c9000 	/usr/lib/libauto.dylib
0x00000000414c9000 	/usr/lib/libxml2.2.dylib
0x00000000414c9000 	/System/Library/PrivateFrameworks/CoreUI.framework/Versions/A/CoreUI
0x00000000414c9000 	/System/Library/Frameworks/CoreAudio.framework/Versions/A/CoreAudio
0x00000000414c9000 	/System/Library/Frameworks/DiskArbitration.framework/Versions/A/DiskArbitration
0x00000000414c9000 	/usr/lib/liblangid.dylib
0x00000000414c9000 	/System/Library/PrivateFrameworks/MultitouchSupport.framework/Versions/A/MultitouchSupport
0x00000000414c9000 	/System/Library/Frameworks/IOKit.framework/Versions/A/IOKit
0x00000000414c9000 	/usr/lib/libDiagnosticMessagesClient.dylib
0x00000000414c9000 	/System/Library/Frameworks/CoreServices.framework/Versions/A/CoreServices
0x00000000414c9000 	/System/Library/PrivateFrameworks/PerformanceAnalysis.framework/Versions/A/PerformanceAnalysis
0x00000000414c9000 	/System/Library/PrivateFrameworks/GenerationalStorage.framework/Versions/A/GenerationalStorage
0x00000000414c9000 	/System/Library/Frameworks/OpenGL.framework/Versions/A/OpenGL
0x00000000414c9000 	/System/Library/Frameworks/CoreImage.framework/Versions/A/CoreImage
0x00000000414c9000 	/System/Library/Frameworks/CoreText.framework/Versions/A/CoreText
0x00000000414c9000 	/System/Library/Frameworks/ImageIO.framework/Versions/A/ImageIO
0x00000000414c9000 	/System/Library/PrivateFrameworks/Backup.framework/Versions/A/Backup
0x00000000414c9000 	/usr/lib/libarchive.2.dylib
0x00000000414c9000 	/System/Library/Frameworks/CFNetwork.framework/Versions/A/CFNetwork
0x00000000414c9000 	/System/Library/Frameworks/SystemConfiguration.framework/Versions/A/SystemConfiguration
0x00000000414c9000 	/usr/lib/libCRFSuite.dylib
0x00000000414c9000 	/usr/lib/libc++.1.dylib
0x00000000414c9000 	/usr/lib/libc++abi.dylib
0x00000000414c9000 	/usr/lib/system/libcache.dylib
0x00000000414c9000 	/usr/lib/system/libcommonCrypto.dylib
0x00000000414c9000 	/usr/lib/system/libcompiler_rt.dylib
0x00000000414c9000 	/usr/lib/system/libcopyfile.dylib
0x00000000414c9000 	/usr/lib/system/libcorecrypto.dylib
0x00000000414c9000 	/usr/lib/system/libdispatch.dylib
0x00000000414c9000 	/usr/lib/system/libdyld.dylib
0x00000000414c9000 	/usr/lib/system/libkeymgr.dylib
0x00000000414c9000 	/usr/lib/system/liblaunch.dylib
0x00000000414c9000 	/usr/lib/system/libmacho.dylib
0x00000000414c9000 	/usr/lib/system/libquarantine.dylib
0x00000000414c9000 	/usr/lib/system/libremovefile.dylib
0x00000000414c9000 	/usr/lib/system/libsystem_asl.dylib
0x00000000414c9000 	/usr/lib/system/libsystem_blocks.dylib
0x00000000414c9000 	/usr/lib/system/libsystem_c.dylib
0x00000000414c9000 	/usr/lib/system/libsystem_configuration.dylib
0x00000000414c9000 	/usr/lib/system/libsystem_coreservices.dylib
0x00000000414c9000 	/usr/lib/system/libsystem_coretls.dylib
0x00000000414c9000 	/usr/lib/system/libsystem_dnssd.dylib
0x00000000414c9000 	/usr/lib/system/libsystem_info.dylib
0x00000000414c9000 	/usr/lib/system/libsystem_kernel.dylib
0x00000000414c9000 	/usr/lib/system/libsystem_m.dylib
0x00000000414c9000 	/usr/lib/system/libsystem_malloc.dylib
0x00000000414c9000 	/usr/lib/system/libsystem_network.dylib
0x00000000414c9000 	/usr/lib/system/libsystem_networkextension.dylib
0x00000000414c9000 	/usr/lib/system/libsystem_notify.dylib
0x00000000414c9000 	/usr/lib/system/libsystem_platform.dylib
0x00000000414c9000 	/usr/lib/system/libsystem_pthread.dylib
0x00000000414c9000 	/usr/lib/system/libsystem_sandbox.dylib
0x00000000414c9000 	/usr/lib/system/libsystem_secinit.dylib
0x00000000414c9000 	/usr/lib/system/libsystem_symptoms.dylib
0x00000000414c9000 	/usr/lib/system/libsystem_trace.dylib
0x00000000414c9000 	/usr/lib/system/libunwind.dylib
0x00000000414c9000 	/usr/lib/system/libxpc.dylib
0x00000000414c9000 	/usr/lib/libbsm.0.dylib
0x00000000414c9000 	/usr/lib/system/libkxld.dylib
0x00000000414c9000 	/usr/lib/libcoretls.dylib
0x00000000414c9000 	/usr/lib/libcoretls_cfhelpers.dylib
0x00000000414c9000 	/usr/lib/libxar.1.dylib
0x00000000414c9000 	/usr/lib/libsqlite3.dylib
0x00000000414c9000 	/usr/lib/libpam.2.dylib
0x00000000414c9000 	/usr/lib/libOpenScriptingUtil.dylib
0x00000000414c9000 	/usr/lib/libbz2.1.0.dylib
0x00000000414c9000 	/usr/lib/liblzma.5.dylib
0x00000000414c9000 	/usr/lib/libnetwork.dylib
0x00000000414c9000 	/usr/lib/libpcap.A.dylib
0x00000000414c9000 	/System/Library/Frameworks/CoreServices.framework/Versions/A/Frameworks/FSEvents.framework/Versions/A/FSEvents
0x00000000414c9000 	/System/Library/Frameworks/CoreServices.framework/Versions/A/Frameworks/CarbonCore.framework/Versions/A/CarbonCore
0x00000000414c9000 	/System/Library/Frameworks/CoreServices.framework/Versions/A/Frameworks/Metadata.framework/Versions/A/Metadata
0x00000000414c9000 	/System/Library/Frameworks/CoreServices.framework/Versions/A/Frameworks/OSServices.framework/Versions/A/OSServices
0x00000000414c9000 	/System/Library/Frameworks/CoreServices.framework/Versions/A/Frameworks/SearchKit.framework/Versions/A/SearchKit
0x00000000414c9000 	/System/Library/Frameworks/CoreServices.framework/Versions/A/Frameworks/AE.framework/Versions/A/AE
0x00000000414c9000 	/System/Library/Frameworks/CoreServices.framework/Versions/A/Frameworks/LaunchServices.framework/Versions/A/LaunchServices
0x00000000414c9000 	/System/Library/Frameworks/CoreServices.framework/Versions/A/Frameworks/DictionaryServices.framework/Versions/A/DictionaryServices
0x00000000414c9000 	/System/Library/Frameworks/CoreServices.framework/Versions/A/Frameworks/SharedFileList.framework/Versions/A/SharedFileList
0x00000000414c9000 	/System/Library/Frameworks/NetFS.framework/Versions/A/NetFS
0x00000000414c9000 	/System/Library/PrivateFrameworks/NetAuth.framework/Versions/A/NetAuth
0x00000000414c9000 	/System/Library/PrivateFrameworks/login.framework/Versions/A/Frameworks/loginsupport.framework/Versions/A/loginsupport
0x00000000414c9000 	/System/Library/PrivateFrameworks/TCC.framework/Versions/A/TCC
0x00000000414c9000 	/usr/lib/libmecabra.dylib
0x00000000414c9000 	/System/Library/Frameworks/ApplicationServices.framework/Versions/A/Frameworks/ATS.framework/Versions/A/ATS
0x00000000414c9000 	/System/Library/Frameworks/ApplicationServices.framework/Versions/A/Frameworks/ColorSync.framework/Versions/A/ColorSync
0x00000000414c9000 	/System/Library/Frameworks/ApplicationServices.framework/Versions/A/Frameworks/HIServices.framework/Versions/A/HIServices
0x00000000414c9000 	/System/Library/Frameworks/ApplicationServices.framework/Versions/A/Frameworks/LangAnalysis.framework/Versions/A/LangAnalysis
0x00000000414c9000 	/System/Library/Frameworks/ApplicationServices.framework/Versions/A/Frameworks/PrintCore.framework/Versions/A/PrintCore
0x00000000414c9000 	/System/Library/Frameworks/ApplicationServices.framework/Versions/A/Frameworks/QD.framework/Versions/A/QD
0x00000000414c9000 	/System/Library/Frameworks/ApplicationServices.framework/Versions/A/Frameworks/SpeechSynthesis.framework/Versions/A/SpeechSynthesis
0x00000000414c9000 	/System/Library/Frameworks/Accelerate.framework/Versions/A/Frameworks/vImage.framework/Versions/A/vImage
0x00000000414c9000 	/System/Library/Frameworks/Accelerate.framework/Versions/A/Frameworks/vecLib.framework/Versions/A/vecLib
0x00000000414c9000 	/System/Library/Frameworks/Accelerate.framework/Versions/A/Frameworks/vecLib.framework/Versions/A/libvDSP.dylib
0x00000000414c9000 	/System/Library/Frameworks/Accelerate.framework/Versions/A/Frameworks/vecLib.framework/Versions/A/libBNNS.dylib
0x00000000414c9000 	/System/Library/Frameworks/Accelerate.framework/Versions/A/Frameworks/vecLib.framework/Versions/A/libQuadrature.dylib
0x00000000414c9000 	/System/Library/Frameworks/Accelerate.framework/Versions/A/Frameworks/vecLib.framework/Versions/A/libvMisc.dylib
0x00000000414c9000 	/System/Library/Frameworks/Accelerate.framework/Versions/A/Frameworks/vecLib.framework/Versions/A/libLAPACK.dylib
0x00000000414c9000 	/System/Library/Frameworks/Accelerate.framework/Versions/A/Frameworks/vecLib.framework/Versions/A/libBLAS.dylib
0x00000000414c9000 	/System/Library/Frameworks/Accelerate.framework/Versions/A/Frameworks/vecLib.framework/Versions/A/libLinearAlgebra.dylib
0x00000000414c9000 	/System/Library/Frameworks/Accelerate.framework/Versions/A/Frameworks/vecLib.framework/Versions/A/libSparseBLAS.dylib
0x00000000414c9000 	/System/Library/Frameworks/ApplicationServices.framework/Versions/A/Frameworks/ATS.framework/Versions/A/Resources/libFontParser.dylib
0x00000000414c9000 	/System/Library/Frameworks/ApplicationServices.framework/Versions/A/Frameworks/ATS.framework/Versions/A/Resources/libFontRegistry.dylib
0x00000000414c9000 	/System/Library/Frameworks/ImageIO.framework/Versions/A/Resources/libJPEG.dylib
0x00000000414c9000 	/System/Library/Frameworks/ImageIO.framework/Versions/A/Resources/libTIFF.dylib
0x00000000414c9000 	/System/Library/Frameworks/ImageIO.framework/Versions/A/Resources/libPng.dylib
0x00000000414c9000 	/System/Library/Frameworks/ImageIO.framework/Versions/A/Resources/libGIF.dylib
0x00000000414c9000 	/System/Library/Frameworks/ImageIO.framework/Versions/A/Resources/libJP2.dylib
0x00000000414c9000 	/System/Library/Frameworks/ImageIO.framework/Versions/A/Resources/libRadiance.dylib
0x00000000414c9000 	/usr/lib/libcompression.dylib
0x00000000414c9000 	/System/Library/PrivateFrameworks/AppleJPEG.framework/Versions/A/AppleJPEG
0x00000000414c9000 	/usr/lib/libcups.2.dylib
0x00000000414c9000 	/System/Library/Frameworks/Kerberos.framework/Versions/A/Kerberos
0x00000000414c9000 	/System/Library/Frameworks/GSS.framework/Versions/A/GSS
0x00000000414c9000 	/usr/lib/libresolv.9.dylib
0x00000000414c9000 	/usr/lib/libiconv.2.dylib
0x00000000414c9000 	/System/Library/PrivateFrameworks/Heimdal.framework/Versions/A/Heimdal
0x00000000414c9000 	/usr/lib/libheimdal-asn1.dylib
0x00000000414c9000 	/System/Library/Frameworks/OpenDirectory.framework/Versions/A/OpenDirectory
0x00000000414c9000 	/System/Library/PrivateFrameworks/CommonAuth.framework/Versions/A/CommonAuth
0x00000000414c9000 	/System/Library/Frameworks/OpenDirectory.framework/Versions/A/Frameworks/CFOpenDirectory.framework/Versions/A/CFOpenDirectory
0x00000000414c9000 	/System/Library/Frameworks/SecurityFoundation.framework/Versions/A/SecurityFoundation
0x00000000414c9000 	/System/Library/PrivateFrameworks/LanguageModeling.framework/Versions/A/LanguageModeling
0x00000000414c9000 	/usr/lib/libmarisa.dylib
0x00000000414c9000 	/usr/lib/libChineseTokenizer.dylib
0x00000000414c9000 	/usr/lib/libcmph.dylib
0x00000000414c9000 	/System/Library/PrivateFrameworks/CoreEmoji.framework/Versions/A/CoreEmoji
0x00000000414c9000 	/System/Library/Frameworks/ServiceManagement.framework/Versions/A/ServiceManagement
0x00000000414c9000 	/usr/lib/libxslt.1.dylib
0x00000000414c9000 	/System/Library/Frameworks/Carbon.framework/Versions/A/Frameworks/Ink.framework/Versions/A/Ink
0x00000000414c9000 	/System/Library/PrivateFrameworks/TextureIO.framework/Versions/A/TextureIO
0x00000000414c9000 	/System/Library/Frameworks/Metal.framework/Versions/A/Metal
0x00000000414c9000 	/usr/lib/libate.dylib
0x00000000414c9000 	/System/Library/PrivateFrameworks/GPUCompiler.framework/libmetal_timestamp.dylib
0x00000000414c9000 	/System/Library/Frameworks/OpenGL.framework/Versions/A/Libraries/libCoreFSCache.dylib
0x00000000414c9000 	/System/Library/PrivateFrameworks/IOAccelerator.framework/Versions/A/IOAccelerator
0x00000000414c9000 	/System/Library/Frameworks/CoreVideo.framework/Versions/A/CoreVideo
0x00000000414c9000 	/usr/lib/libFosl_dynamic.dylib
0x00000000414c9000 	/System/Library/PrivateFrameworks/MetalPerformanceShaders.framework/Versions/A/MetalPerformanceShaders
0x00000000414c9000 	/System/Library/PrivateFrameworks/FaceCore.framework/Versions/A/FaceCore
0x00000000414c9000 	/System/Library/Frameworks/OpenCL.framework/Versions/A/OpenCL
0x00000000414c9000 	/System/Library/Frameworks/OpenGL.framework/Versions/A/Libraries/libGLU.dylib
0x00000000414c9000 	/System/Library/Frameworks/OpenGL.framework/Versions/A/Libraries/libGFXShared.dylib
0x00000000414c9000 	/System/Library/Frameworks/OpenGL.framework/Versions/A/Libraries/libGL.dylib
0x00000000414c9000 	/System/Library/Frameworks/OpenGL.framework/Versions/A/Libraries/libGLImage.dylib
0x00000000414c9000 	/System/Library/Frameworks/OpenGL.framework/Versions/A/Libraries/libCVMSPluginSupport.dylib
0x00000000414c9000 	/System/Library/Frameworks/OpenGL.framework/Versions/A/Libraries/libCoreVMClient.dylib
0x00000000414c9000 	/System/Library/PrivateFrameworks/CrashReporterSupport.framework/Versions/A/CrashReporterSupport
0x00000000414c9000 	/System/Library/PrivateFrameworks/Sharing.framework/Versions/A/Sharing
0x00000000414c9000 	/System/Library/PrivateFrameworks/IconServices.framework/Versions/A/IconServices
0x00000000414c9000 	/System/Library/PrivateFrameworks/ProtocolBuffer.framework/Versions/A/ProtocolBuffer
0x00000000414c9000 	/System/Library/PrivateFrameworks/Apple80211.framework/Versions/A/Apple80211
0x00000000414c9000 	/System/Library/Frameworks/CoreWLAN.framework/Versions/A/CoreWLAN
0x00000000414c9000 	/System/Library/PrivateFrameworks/CoreUtils.framework/Versions/A/CoreUtils
0x00000000414c9000 	/System/Library/Frameworks/IOBluetooth.framework/Versions/A/IOBluetooth
0x00000000414c9000 	/System/Library/PrivateFrameworks/CoreWiFi.framework/Versions/A/CoreWiFi
0x00000000414c9000 	/System/Library/Frameworks/CoreBluetooth.framework/Versions/A/CoreBluetooth
0x00000000414c9000 	/System/Library/Frameworks/CoreDisplay.framework/Versions/A/CoreDisplay
0x00000000414c9000 	/System/Library/PrivateFrameworks/IOPresentment.framework/Versions/A/IOPresentment
0x00000000414c9000 	/System/Library/PrivateFrameworks/DebugSymbols.framework/Versions/A/DebugSymbols
0x00000000414c9000 	/System/Library/PrivateFrameworks/CoreSymbolication.framework/Versions/A/CoreSymbolication
0x00000000414c9000 	/System/Library/PrivateFrameworks/Symbolication.framework/Versions/A/Symbolication
0x00000000414c9000 	/System/Library/PrivateFrameworks/AppleFSCompression.framework/Versions/A/AppleFSCompression
0x00000000414c9000 	/System/Library/PrivateFrameworks/SpeechRecognitionCore.framework/Versions/A/SpeechRecognitionCore
0x00000000414c9000 	/System/Library/PrivateFrameworks/ChunkingLibrary.framework/Versions/A/ChunkingLibrary
0x0000000108e00000 	/Library/Java/JavaVirtualMachines/jdk1.8.0_65.jdk/Contents/Home/jre/lib/server/libjvm.dylib
0x00000000414c9000 	/usr/lib/libstdc++.6.dylib
0x0000000107c72000 	/Library/Java/JavaVirtualMachines/jdk1.8.0_65.jdk/Contents/Home/jre/lib/libverify.dylib
0x0000000107c80000 	/Library/Java/JavaVirtualMachines/jdk1.8.0_65.jdk/Contents/Home/jre/lib/libjava.dylib
0x0000000107cbf000 	/Library/Java/JavaVirtualMachines/jdk1.8.0_65.jdk/Contents/Home/jre/lib/libzip.dylib
0x0000000124dad000 	/System/Library/Frameworks/JavaVM.framework/Frameworks/JavaRuntimeSupport.framework/JavaRuntimeSupport
0x0000000124dc7000 	/System/Library/Frameworks/JavaVM.framework/Versions/A/Frameworks/JavaNativeFoundation.framework/Versions/A/JavaNativeFoundation
0x0000000107ded000 	/System/Library/Frameworks/JavaVM.framework/Versions/A/JavaVM
0x00000000414c9000 	/System/Library/Frameworks/Carbon.framework/Versions/A/Carbon
0x0000000124ddc000 	/System/Library/PrivateFrameworks/JavaLaunching.framework/Versions/A/JavaLaunching
0x00000000414c9000 	/System/Library/Frameworks/Carbon.framework/Versions/A/Frameworks/CommonPanels.framework/Versions/A/CommonPanels
0x00000000414c9000 	/System/Library/Frameworks/Carbon.framework/Versions/A/Frameworks/Help.framework/Versions/A/Help
0x00000000414c9000 	/System/Library/Frameworks/Carbon.framework/Versions/A/Frameworks/ImageCapture.framework/Versions/A/ImageCapture
0x00000000414c9000 	/System/Library/Frameworks/Carbon.framework/Versions/A/Frameworks/OpenScripting.framework/Versions/A/OpenScripting
0x00000000414c9000 	/System/Library/Frameworks/Carbon.framework/Versions/A/Frameworks/Print.framework/Versions/A/Print
0x00000000414c9000 	/System/Library/Frameworks/Carbon.framework/Versions/A/Frameworks/SecurityHI.framework/Versions/A/SecurityHI
0x000000012515b000 	/Applications/IntelliJ IDEA.app/Contents/bin/libbreakgen64.jnilib
0x000000012515e000 	/Library/Java/JavaVirtualMachines/jdk1.8.0_65.jdk/Contents/Home/jre/lib/libnet.dylib
0x00000001251bd000 	/Library/Java/JavaVirtualMachines/jdk1.8.0_65.jdk/Contents/Home/jre/lib/libmanagement.dylib
0x00000001252d6000 	/Library/Java/JavaVirtualMachines/jdk1.8.0_65.jdk/Contents/Home/jre/lib/libnio.dylib
0x00000001251fb000 	/Users/sophatvathana/Desktop/Project/ipcam/IPCAM-VIDEO-STREAMING-API/native/mac/x86_64/strmrecv.dylib
0x0000000125eb7000 	/Library/Java/JavaVirtualMachines/jdk1.8.0_65.jdk/Contents/Home/jre/lib/libsunec.dylib
0x00000001266a1000 	/Users/sophatvathana/Desktop/Project/ipcam/IPCAM-VIDEO-STREAMING-API/native/mac/x86_64/libavutil.55.dylib
0x00000000414c9000 	/System/Library/Frameworks/AVFoundation.framework/Versions/A/AVFoundation
0x00000000414c9000 	/System/Library/Frameworks/CoreMedia.framework/Versions/A/CoreMedia
0x00000000414c9000 	/System/Library/Frameworks/VideoToolbox.framework/Versions/A/VideoToolbox
0x00000001252a2000 	/System/Library/Frameworks/VideoDecodeAcceleration.framework/Versions/A/VideoDecodeAcceleration
0x00000000414c9000 	/System/Library/Frameworks/AVFoundation.framework/Versions/A/Frameworks/AVFAudio.framework/Versions/A/AVFAudio
0x00000000414c9000 	/System/Library/Frameworks/MediaToolbox.framework/Versions/A/MediaToolbox
0x00000000414c9000 	/System/Library/PrivateFrameworks/IntlPreferences.framework/Versions/A/IntlPreferences
0x00000000414c9000 	/System/Library/Frameworks/CoreMediaIO.framework/Versions/A/CoreMediaIO
0x00000000414c9000 	/usr/lib/libspindump.dylib
0x00000000414c9000 	/usr/lib/libdscsym.dylib
0x00000000414c9000 	/System/Library/PrivateFrameworks/CoreAVCHD.framework/Versions/A/CoreAVCHD
0x00000000414c9000 	/System/Library/Frameworks/MediaAccessibility.framework/Versions/A/MediaAccessibility
0x00000000414c9000 	/System/Library/PrivateFrameworks/Mangrove.framework/Versions/A/Mangrove
0x00000000414c9000 	/System/Library/PrivateFrameworks/CoreAUC.framework/Versions/A/CoreAUC
0x00000000414c9000 	/System/Library/PrivateFrameworks/AppleVA.framework/Versions/A/AppleVA
0x00000000414c9000 	/System/Library/PrivateFrameworks/XPCService.framework/Versions/A/XPCService
0x00000000414c9000 	/System/Library/PrivateFrameworks/AppSandbox.framework/Versions/A/AppSandbox
0x00000000414c9000 	/usr/lib/libsandbox.1.dylib
0x00000000414c9000 	/System/Library/PrivateFrameworks/AppContainer.framework/Versions/A/AppContainer
0x00000000414c9000 	/System/Library/PrivateFrameworks/SecCodeWrapper.framework/Versions/A/SecCodeWrapper
0x00000000414c9000 	/usr/lib/libMatch.1.dylib
0x00000001252a8000 	/Users/sophatvathana/Desktop/Project/ipcam/IPCAM-VIDEO-STREAMING-API/native/mac/x86_64/libswresample.2.dylib
0x00000001287c1000 	/Users/sophatvathana/Desktop/Project/ipcam/IPCAM-VIDEO-STREAMING-API/native/mac/x86_64/libavcodec.57.dylib
0x0000000127e9c000 	/Users/sophatvathana/Desktop/Project/ipcam/IPCAM-VIDEO-STREAMING-API/native/mac/x86_64/libavformat.57.dylib

VM Arguments:
jvm_args: -Dspring.output.ansi.enabled=always -Didea.launcher.port=7536 -Didea.launcher.bin.path=/Applications/IntelliJ IDEA.app/Contents/bin -Dfile.encoding=UTF-8 
java_command: com.intellij.rt.execution.application.AppMain kh.com.kshrd.ipcam.IpcamVideoStreamingApiApplication
java_class_path (initial): /Library/Java/JavaVirtualMachines/jdk1.8.0_65.jdk/Contents/Home/jre/lib/charsets.jar:/Library/Java/JavaVirtualMachines/jdk1.8.0_65.jdk/Contents/Home/jre/lib/deploy.jar:/Library/Java/JavaVirtualMachines/jdk1.8.0_65.jdk/Contents/Home/jre/lib/ext/cldrdata.jar:/Library/Java/JavaVirtualMachines/jdk1.8.0_65.jdk/Contents/Home/jre/lib/ext/dnsns.jar:/Library/Java/JavaVirtualMachines/jdk1.8.0_65.jdk/Contents/Home/jre/lib/ext/jaccess.jar:/Library/Java/JavaVirtualMachines/jdk1.8.0_65.jdk/Contents/Home/jre/lib/ext/jfxrt.jar:/Library/Java/JavaVirtualMachines/jdk1.8.0_65.jdk/Contents/Home/jre/lib/ext/localedata.jar:/Library/Java/JavaVirtualMachines/jdk1.8.0_65.jdk/Contents/Home/jre/lib/ext/nashorn.jar:/Library/Java/JavaVirtualMachines/jdk1.8.0_65.jdk/Contents/Home/jre/lib/ext/sunec.jar:/Library/Java/JavaVirtualMachines/jdk1.8.0_65.jdk/Contents/Home/jre/lib/ext/sunjce_provider.jar:/Library/Java/JavaVirtualMachines/jdk1.8.0_65.jdk/Contents/Home/jre/lib/ext/sunpkcs11.jar:/Library/Java/JavaVirtualMachines/jdk1.8.0_65.jdk/Contents/Home/jre/lib/ext/zipfs.jar:/Library/Java/JavaVirtualMachines/jdk1.8.0_65.jdk/Contents/Home/jre/lib/javaws.jar:/Library/Java/JavaVirtualMachines/jdk1.8.0_65.jdk/Contents/Home/jre/lib/jce.jar:/Library/Java/JavaVirtualMachines/jdk1.8.0_65.jdk/Contents/Home/jre/lib/jfr.jar:/Library/Java/JavaVirtualMachines/jdk1.8.0_65.jdk/Contents/Home/jre/lib/jfxswt.jar:/Library/Java/JavaVirtualMachines/jdk1.8.0_65.jdk/Contents/Home/jre/lib/jsse.jar:/Library/Java/JavaVirtualMachines/jdk1.8.0_65.jdk/Contents/Home/jre/lib/management-agent.jar:/Library/Java/JavaVirtualMachines/jdk1.8.0_65.jdk/Contents/Home/jre/lib/plugin.jar:/Library/Java/JavaVirtualMachines/jdk1.8.0_65.jdk/Contents/Home/jre/lib/resources.jar:/Library/Java/JavaVirtualMachines/jdk1.8.0_65.jdk/Contents/Home/jre/lib/rt.jar:/Library/Java/JavaVirtualMachines/jdk1.8.0_65.jdk/Contents/Home/lib/dt.jar:/Library/Java/JavaVirtualMachines/jdk1.8.0_65.jdk/Contents/Home/lib/javafx-mx.jar:/Library/Jav
Launcher Type: SUN_STANDARD

Environment Variables:
PATH=/Library/Frameworks/Python.framework/Versions/3.5/bin:/usr/local/bin:/usr/bin:/bin:/usr/sbin:/sbin
SHELL=/bin/zsh

Signal Handlers:
SIGSEGV: [libjvm.dylib+0x5a6d31], sa_mask[0]=11111111011111110111111111111111, sa_flags=SA_ONSTACK|SA_RESTART|SA_SIGINFO
SIGBUS: [libjvm.dylib+0x5a6d31], sa_mask[0]=11111111011111110111111111111111, sa_flags=SA_RESTART|SA_SIGINFO
SIGFPE: [libjvm.dylib+0x480a40], sa_mask[0]=11111111011111110111111111111111, sa_flags=SA_RESTART|SA_SIGINFO
SIGPIPE: [libjvm.dylib+0x480a40], sa_mask[0]=11111111011111110111111111111111, sa_flags=SA_RESTART|SA_SIGINFO
SIGXFSZ: [libjvm.dylib+0x480a40], sa_mask[0]=11111111011111110111111111111111, sa_flags=SA_RESTART|SA_SIGINFO
SIGILL: [libjvm.dylib+0x480a40], sa_mask[0]=11111111011111110111111111111111, sa_flags=SA_RESTART|SA_SIGINFO
SIGUSR1: SIG_DFL, sa_mask[0]=00000000000000000000000000000000, sa_flags=none
SIGUSR2: [libjvm.dylib+0x48055e], sa_mask[0]=00100000000000000000000000000000, sa_flags=SA_RESTART|SA_SIGINFO
SIGHUP: [libjvm.dylib+0x47eb35], sa_mask[0]=11111111011111110111111111111111, sa_flags=SA_RESTART|SA_SIGINFO
SIGINT: [libjvm.dylib+0x47eb35], sa_mask[0]=11111111011111110111111111111111, sa_flags=SA_RESTART|SA_SIGINFO
SIGTERM: [libjvm.dylib+0x47eb35], sa_mask[0]=11111111011111110111111111111111, sa_flags=SA_RESTART|SA_SIGINFO
SIGQUIT: [libjvm.dylib+0x47eb35], sa_mask[0]=11111111011111110111111111111111, sa_flags=SA_RESTART|SA_SIGINFO


---------------  S Y S T E M  ---------------

OS:Bsduname:Darwin 16.3.0 Darwin Kernel Version 16.3.0: Thu Nov 17 20:23:58 PST 2016; root:xnu-3789.31.2~1/RELEASE_X86_64 x86_64
rlimit: STACK 8192k, CORE 0k, NPROC 709, NOFILE 10240, AS infinity
load average:1.58 1.89 1.89

CPU:total 8 (4 cores per cpu, 2 threads per core) family 6 model 70 stepping 1, cmov, cx8, fxsr, mmx, sse, sse2, sse3, ssse3, sse4.1, sse4.2, popcnt, avx, avx2, aes, clmul, erms, lzcnt, ht, tsc, tscinvbit, bmi1, bmi2

Memory: 4k page, physical 16777216k(669808k free)

/proc/meminfo:


vm_info: Java HotSpot(TM) 64-Bit Server VM (25.65-b01) for bsd-amd64 JRE (1.8.0_65-b17), built on Oct  6 2015 15:36:46 by "java_re" with gcc 4.2.1 (Based on Apple Inc. build 5658) (LLVM build 2336.11.00)

time: Mon Dec 26 23:03:15 2016
elapsed time: 293 seconds (0d 0h 4m 53s)

