#
# A fatal error has been detected by the Java Runtime Environment:
#
#  SIGSEGV (0xb) at pc=0x0000000109d1d751, pid=17490, tid=24835
#
# JRE version: Java(TM) SE Runtime Environment (8.0_65-b17) (build 1.8.0_65-b17)
# Java VM: Java HotSpot(TM) 64-Bit Server VM (25.65-b01 mixed mode bsd-amd64 compressed oops)
# Problematic frame:
# C  [libavutil.55.dylib+0x19751]  av_freep+0x1
#
# Failed to write core dump. Core dumps have been disabled. To enable core dumping, try "ulimit -c unlimited" before starting Java again
#
# If you would like to submit a bug report, please visit:
#   http://bugreport.java.com/bugreport/crash.jsp
# The crash happened outside the Java Virtual Machine in native code.
# See problematic frame for where to report the bug.
#

---------------  T H R E A D  ---------------

Current thread (0x00007ff2a9f8c800):  JavaThread "Thread-1" [_thread_in_native, id=24835, stack(0x0000700006fe0000,0x00007000070e0000)]

siginfo: si_signo: 11 (SIGSEGV), si_code: 0 (unknown), si_addr: 0x0000000000000000

Registers:
RAX=0x000000010891d500, RBX=0x0000000000000000, RCX=0x0000000000000000, RDX=0x00007ff2a8623aa0
RSP=0x00007000070df700, RBP=0x00007000070df750, RSI=0x00007000070df7e8, RDI=0x74616e2f4950412d
R8 =0x0000000000000004, R9 =0x000000000000023c, R10=0x000000010d18c100, R11=0x0000000109d1d750
R12=0x0000000000000000, R13=0x00000001092f5d00, R14=0x00007ff2a8623ad8, R15=0x00007ff2a8623aa8
RIP=0x0000000109d1d751, EFLAGS=0x0000000000010202, ERR=0x0000000000000000
  TRAPNO=0x000000000000000d

Top of Stack: (sp=0x00007000070df700)
0x00007000070df700:   000000010891d500 000000010af1670c
0x00007000070df710:   000000010891d500 00007ff2a8623aa0
0x00007000070df720:   0000000000000000 00007000070df7e8
0x00007000070df730:   00007ff2a9f8c800 000000010891cf32
0x00007000070df740:   00000001092f5d00 00007000070df7e8
0x00007000070df750:   00007000070df7b8 000000010d1ed954
0x00007000070df760:   00007000070df7b8 000000010d1ed6e7
0x00007000070df770:   000000010d1ed6a2 00007000070df778
0x00007000070df780:   00000001092f5d00 00007000070df7e8
0x00007000070df790:   00000001092f7da0 0000000000000000
0x00007000070df7a0:   00000001092f5d00 0000000000000000
0x00007000070df7b0:   00007000070df7d8 00007000070df830
0x00007000070df7c0:   000000010d1dfc4d 0000000000000000
0x00007000070df7d0:   000000010d1e7578 00007ff2a8623aa0
0x00007000070df7e0:   00000006c10868c8 00000006c10868c8
0x00007000070df7f0:   00007000070df7f0 00000001092f600e
0x00007000070df800:   00007000070df840 00000001092f7da0
0x00007000070df810:   0000000000000000 00000001092f6030
0x00007000070df820:   00007000070df7d8 00007000070df840
0x00007000070df830:   00007000070df888 000000010d1dfc4d
0x00007000070df840:   00000006c10868c8 00007000070df848
0x00007000070df850:   00000001092f5f49 00007000070df898
0x00007000070df860:   00000001092f7da0 0000000000000000
0x00007000070df870:   00000001092f5f78 00007000070df840
0x00007000070df880:   00007000070df898 00007000070df8e0
0x00007000070df890:   000000010d1dfc4d 00000006c10868c8
0x00007000070df8a0:   00007000070df8a0 000000010a9d250d
0x00007000070df8b0:   00007000070df910 00000001092f3b98
0x00007000070df8c0:   0000000000000000 000000010a9d2680
0x00007000070df8d0:   00007000070df898 00007000070df910
0x00007000070df8e0:   00007000070df958 000000010d1dfc92
0x00007000070df8f0:   000000000000012c 0000000000000000 

Instructions: (pc=0x0000000109d1d751)
0x0000000109d1d731:   00 00 00 e8 6f a9 01 00 b8 f4 ff ff ff 48 83 c4
0x0000000109d1d741:   10 5b c3 66 66 66 2e 0f 1f 84 00 00 00 00 00 50
0x0000000109d1d751:   48 8b 07 48 c7 04 24 00 00 00 00 48 c7 07 00 00
0x0000000109d1d761:   00 00 48 89 c7 e8 3d a9 01 00 58 c3 0f 1f 00 48 

Register to memory mapping:

RAX=0x000000010891d500: Java_kh_com_kshrd_core_RtspStream_openRtspInternal+0x90 in /Users/sophatvathana/Desktop/ipcam/IPCAM-VIDEO-STREAMING-API/native/mac/x86_64/strmrecv.dylib at 0x000000010891b000
RBX=0x0000000000000000 is an unknown value
RCX=0x0000000000000000 is an unknown value
RDX=0x00007ff2a8623aa0 is an unknown value
RSP=0x00007000070df700 is pointing into the stack for thread: 0x00007ff2a9f8c800
RBP=0x00007000070df750 is pointing into the stack for thread: 0x00007ff2a9f8c800
RSI=0x00007000070df7e8 is pointing into the stack for thread: 0x00007ff2a9f8c800
RDI=0x74616e2f4950412d is an unknown value
R8 =0x0000000000000004 is an unknown value
R9 =0x000000000000023c is an unknown value
R10=0x000000010d18c100 is an unknown value
R11=0x0000000109d1d750: av_freep+0 in /Users/sophatvathana/Desktop/ipcam/IPCAM-VIDEO-STREAMING-API/native/mac/x86_64/libavutil.55.dylib at 0x0000000109d04000
R12=0x0000000000000000 is an unknown value
R13={method} {0x00000001092f5d00} 'releaseContextInternal' '(J)V' in 'kh/com/kshrd/core/RtspStream'
R14=0x00007ff2a8623ad8 is an unknown value
R15=0x00007ff2a8623aa8 is an unknown value


Stack: [0x0000700006fe0000,0x00007000070e0000],  sp=0x00007000070df700,  free space=1021k
Native frames: (J=compiled Java code, j=interpreted, Vv=VM code, C=native code)
C  [libavutil.55.dylib+0x19751]  av_freep+0x1
j  kh.com.kshrd.core.RtspStream.releaseContextInternal(J)V+0
j  kh.com.kshrd.core.RtspStream.release()V+14
j  kh.com.kshrd.core.RtspStream.initialize()V+1
j  kh.com.kshrd.core.RtspCamera.run()V+269
j  java.lang.Thread.run()V+11
v  ~StubRoutines::call_stub
V  [libjvm.dylib+0x2eab02]
V  [libjvm.dylib+0x2eb290]
V  [libjvm.dylib+0x2eb43c]
V  [libjvm.dylib+0x345959]
V  [libjvm.dylib+0x5612d3]
V  [libjvm.dylib+0x5629ce]
V  [libjvm.dylib+0x48342e]
C  [libsystem_pthread.dylib+0x3aab]  _pthread_body+0xb4
C  [libsystem_pthread.dylib+0x39f7]  _pthread_body+0x0
C  [libsystem_pthread.dylib+0x31fd]  thread_start+0xd
C  0x0000000000000000

Java frames: (J=compiled Java code, j=interpreted, Vv=VM code)
j  kh.com.kshrd.core.RtspStream.releaseContextInternal(J)V+0
j  kh.com.kshrd.core.RtspStream.release()V+14
j  kh.com.kshrd.core.RtspStream.initialize()V+1
j  kh.com.kshrd.core.RtspCamera.run()V+269
j  java.lang.Thread.run()V+11
v  ~StubRoutines::call_stub

---------------  P R O C E S S  ---------------

Java Threads: ( => current thread )
  0x00007ff2ab8dc800 JavaThread "http-nio-9999-exec-1" daemon [_thread_blocked, id=4871, stack(0x00007000075f2000,0x00007000076f2000)]
  0x00007ff2a6800000 JavaThread "DestroyJavaVM" [_thread_blocked, id=7171, stack(0x0000700005798000,0x0000700005898000)]
  0x00007ff2a6977800 JavaThread "http-nio-9999-AsyncTimeout" daemon [_thread_blocked, id=27395, stack(0x00007000074ef000,0x00007000075ef000)]
  0x00007ff2a6a06800 JavaThread "http-nio-9999-Acceptor-0" daemon [_thread_in_native, id=26883, stack(0x00007000073ec000,0x00007000074ec000)]
  0x00007ff2a6943000 JavaThread "http-nio-9999-ClientPoller-1" daemon [_thread_in_native, id=26371, stack(0x00007000072e9000,0x00007000073e9000)]
  0x00007ff2a767f000 JavaThread "http-nio-9999-ClientPoller-0" daemon [_thread_in_native, id=25859, stack(0x00007000071e6000,0x00007000072e6000)]
  0x00007ff2a99b3800 JavaThread "NioBlockingSelector.BlockPoller-1" daemon [_thread_in_native, id=25347, stack(0x00007000070e3000,0x00007000071e3000)]
=>0x00007ff2a9f8c800 JavaThread "Thread-1" [_thread_in_native, id=24835, stack(0x0000700006fe0000,0x00007000070e0000)]
  0x00007ff2a8938800 JavaThread "container-0" [_thread_blocked, id=24323, stack(0x0000700006edd000,0x0000700006fdd000)]
  0x00007ff2a6d42000 JavaThread "ContainerBackgroundProcessor[StandardEngine[Tomcat]]" daemon [_thread_blocked, id=23811, stack(0x0000700006dda000,0x0000700006eda000)]
  0x00007ff2a9232800 JavaThread "Monitor Ctrl-Break" daemon [_thread_in_native, id=22275, stack(0x0000700006ad1000,0x0000700006bd1000)]
  0x00007ff2a9016800 JavaThread "Service Thread" daemon [_thread_blocked, id=21251, stack(0x00007000068cb000,0x00007000069cb000)]
  0x00007ff2a6827000 JavaThread "C1 CompilerThread3" daemon [_thread_blocked, id=20739, stack(0x00007000067c8000,0x00007000068c8000)]
  0x00007ff2a702e000 JavaThread "C2 CompilerThread2" daemon [_thread_blocked, id=20227, stack(0x00007000066c5000,0x00007000067c5000)]
  0x00007ff2a6826800 JavaThread "C2 CompilerThread1" daemon [_thread_blocked, id=19715, stack(0x00007000065c2000,0x00007000066c2000)]
  0x00007ff2a683e800 JavaThread "C2 CompilerThread0" daemon [_thread_blocked, id=19203, stack(0x00007000064bf000,0x00007000065bf000)]
  0x00007ff2a6802800 JavaThread "Signal Dispatcher" daemon [_thread_blocked, id=18691, stack(0x00007000063bc000,0x00007000064bc000)]
  0x00007ff2a7018800 JavaThread "Finalizer" daemon [_thread_blocked, id=14595, stack(0x00007000062b9000,0x00007000063b9000)]
  0x00007ff2a7017800 JavaThread "Reference Handler" daemon [_thread_blocked, id=14083, stack(0x00007000061b6000,0x00007000062b6000)]

Other Threads:
  0x00007ff2a9835000 VMThread [stack: 0x00007000060b3000,0x00007000061b3000] [id=13571]
  0x00007ff2a9843800 WatcherThread [stack: 0x00007000069ce000,0x0000700006ace000] [id=21763]

VM state:not at safepoint (normal execution)

VM Mutex/Monitor currently owned by a thread: None

Heap:
 PSYoungGen      total 228352K, used 87007K [0x000000076ab00000, 0x0000000781880000, 0x00000007c0000000)
  eden space 209408K, 41% used [0x000000076ab00000,0x000000076fff7ee0,0x0000000777780000)
  from space 18944K, 0% used [0x0000000777780000,0x0000000777780000,0x0000000778a00000)
  to   space 20480K, 0% used [0x0000000780480000,0x0000000780480000,0x0000000781880000)
 ParOldGen       total 169472K, used 28106K [0x00000006c0000000, 0x00000006ca580000, 0x000000076ab00000)
  object space 169472K, 16% used [0x00000006c0000000,0x00000006c1b729a8,0x00000006ca580000)
 Metaspace       used 40891K, capacity 41416K, committed 41728K, reserved 1085440K
  class space    used 5150K, capacity 5285K, committed 5376K, reserved 1048576K

Card table byte_map: [0x0000000104949000,0x000000010514a000] byte_map_base: 0x0000000101349000

Marking Bits: (ParMarkBitMap*) 0x0000000103edee20
 Begin Bits: [0x000000011c1d8000, 0x00000001201d8000)
 End Bits:   [0x00000001201d8000, 0x00000001241d8000)

Polling page: 0x000000010248e000

CodeCache: size=245760Kb used=15567Kb max_used=16008Kb free=230192Kb
 bounds [0x000000010d1d8000, 0x000000010e198000, 0x000000011c1d8000]
 total_blobs=4674 nmethods=4236 adapters=350
 compilation: enabled

Compilation events (10 events):
Event: 63.317 Thread 0x00007ff2a6827000 4830   !   3       org.apache.catalina.webresources.AbstractArchiveResourceSet::gc (55 bytes)
Event: 63.318 Thread 0x00007ff2a6827000 nmethod 4830 0x000000010d436410 code [0x000000010d4365a0, 0x000000010d436a48]
Event: 65.077 Thread 0x00007ff2a6827000 4832       3       java.util.concurrent.ConcurrentHashMap$KeySetView::iterator (34 bytes)
Event: 65.078 Thread 0x00007ff2a6827000 nmethod 4832 0x000000010d5de510 code [0x000000010d5de6a0, 0x000000010d5deab8]
Event: 65.078 Thread 0x00007ff2a6827000 4833       3       java.util.concurrent.ConcurrentHashMap$KeyIterator::<init> (12 bytes)
Event: 65.079 Thread 0x00007ff2a6827000 nmethod 4833 0x000000010d38d010 code [0x000000010d38d1a0, 0x000000010d38d478]
Event: 68.355 Thread 0x00007ff2a6827000 4834   !   3       org.apache.tomcat.util.net.NioEndpoint$Poller::events (81 bytes)
Event: 68.356 Thread 0x00007ff2a6827000 nmethod 4834 0x000000010d4a56d0 code [0x000000010d4a58e0, 0x000000010d4a61b8]
Event: 74.380 Thread 0x00007ff2a6827000 4835       1       org.apache.tomcat.util.net.NioEndpoint$NioSocketWrapper::interestOps (5 bytes)
Event: 74.380 Thread 0x00007ff2a6827000 nmethod 4835 0x000000010d5547d0 code [0x000000010d554920, 0x000000010d554a30]

GC Heap History (10 events):
Event: 2.098 GC heap before
{Heap before GC invocations=5 (full 1):
 PSYoungGen      total 141824K, used 10725K [0x000000076ab00000, 0x0000000774000000, 0x00000007c0000000)
  eden space 131072K, 0% used [0x000000076ab00000,0x000000076ab00000,0x0000000772b00000)
  from space 10752K, 99% used [0x0000000773580000,0x0000000773ff9750,0x0000000774000000)
  to   space 10752K, 0% used [0x0000000772b00000,0x0000000772b00000,0x0000000773580000)
 ParOldGen       total 175104K, used 3949K [0x00000006c0000000, 0x00000006cab00000, 0x000000076ab00000)
  object space 175104K, 2% used [0x00000006c0000000,0x00000006c03db6d0,0x00000006cab00000)
 Metaspace       used 20913K, capacity 21230K, committed 21296K, reserved 1069056K
  class space    used 2569K, capacity 2678K, committed 2688K, reserved 1048576K
Event: 2.130 GC heap after
Heap after GC invocations=5 (full 1):
 PSYoungGen      total 141824K, used 0K [0x000000076ab00000, 0x0000000774000000, 0x00000007c0000000)
  eden space 131072K, 0% used [0x000000076ab00000,0x000000076ab00000,0x0000000772b00000)
  from space 10752K, 0% used [0x0000000773580000,0x0000000773580000,0x0000000774000000)
  to   space 10752K, 0% used [0x0000000772b00000,0x0000000772b00000,0x0000000773580000)
 ParOldGen       total 102912K, used 11207K [0x00000006c0000000, 0x00000006c6480000, 0x000000076ab00000)
  object space 102912K, 10% used [0x00000006c0000000,0x00000006c0af1dc8,0x00000006c6480000)
 Metaspace       used 20913K, capacity 21230K, committed 21296K, reserved 1069056K
  class space    used 2569K, capacity 2678K, committed 2688K, reserved 1048576K
}
Event: 2.994 GC heap before
{Heap before GC invocations=6 (full 1):
 PSYoungGen      total 141824K, used 131072K [0x000000076ab00000, 0x0000000774000000, 0x00000007c0000000)
  eden space 131072K, 100% used [0x000000076ab00000,0x0000000772b00000,0x0000000772b00000)
  from space 10752K, 0% used [0x0000000773580000,0x0000000773580000,0x0000000774000000)
  to   space 10752K, 0% used [0x0000000772b00000,0x0000000772b00000,0x0000000773580000)
 ParOldGen       total 102912K, used 11207K [0x00000006c0000000, 0x00000006c6480000, 0x000000076ab00000)
  object space 102912K, 10% used [0x00000006c0000000,0x00000006c0af1dc8,0x00000006c6480000)
 Metaspace       used 27640K, capacity 27986K, committed 28160K, reserved 1073152K
  class space    used 3411K, capacity 3516K, committed 3584K, reserved 1048576K
Event: 3.008 GC heap after
Heap after GC invocations=6 (full 1):
 PSYoungGen      total 141824K, used 10738K [0x000000076ab00000, 0x000000077a180000, 0x00000007c0000000)
  eden space 131072K, 0% used [0x000000076ab00000,0x000000076ab00000,0x0000000772b00000)
  from space 10752K, 99% used [0x0000000772b00000,0x000000077357c928,0x0000000773580000)
  to   space 19968K, 0% used [0x0000000778e00000,0x0000000778e00000,0x000000077a180000)
 ParOldGen       total 102912K, used 22037K [0x00000006c0000000, 0x00000006c6480000, 0x000000076ab00000)
  object space 102912K, 21% used [0x00000006c0000000,0x00000006c15856c8,0x00000006c6480000)
 Metaspace       used 27640K, capacity 27986K, committed 28160K, reserved 1073152K
  class space    used 3411K, capacity 3516K, committed 3584K, reserved 1048576K
}
Event: 3.710 GC heap before
{Heap before GC invocations=7 (full 1):
 PSYoungGen      total 141824K, used 141810K [0x000000076ab00000, 0x000000077a180000, 0x00000007c0000000)
  eden space 131072K, 100% used [0x000000076ab00000,0x0000000772b00000,0x0000000772b00000)
  from space 10752K, 99% used [0x0000000772b00000,0x000000077357c928,0x0000000773580000)
  to   space 19968K, 0% used [0x0000000778e00000,0x0000000778e00000,0x000000077a180000)
 ParOldGen       total 102912K, used 22037K [0x00000006c0000000, 0x00000006c6480000, 0x000000076ab00000)
  object space 102912K, 21% used [0x00000006c0000000,0x00000006c15856c8,0x00000006c6480000)
 Metaspace       used 31172K, capacity 31618K, committed 31744K, reserved 1077248K
  class space    used 3881K, capacity 4004K, committed 4096K, reserved 1048576K
Event: 3.723 GC heap after
Heap after GC invocations=7 (full 1):
 PSYoungGen      total 224256K, used 12426K [0x000000076ab00000, 0x0000000779c80000, 0x00000007c0000000)
  eden space 209408K, 0% used [0x000000076ab00000,0x000000076ab00000,0x0000000777780000)
  from space 14848K, 83% used [0x0000000778e00000,0x0000000779a22a08,0x0000000779c80000)
  to   space 18944K, 0% used [0x0000000777780000,0x0000000777780000,0x0000000778a00000)
 ParOldGen       total 102912K, used 22045K [0x00000006c0000000, 0x00000006c6480000, 0x000000076ab00000)
  object space 102912K, 21% used [0x00000006c0000000,0x00000006c15876c8,0x00000006c6480000)
 Metaspace       used 31172K, capacity 31618K, committed 31744K, reserved 1077248K
  class space    used 3881K, capacity 4004K, committed 4096K, reserved 1048576K
}
Event: 4.426 GC heap before
{Heap before GC invocations=8 (full 1):
 PSYoungGen      total 224256K, used 152956K [0x000000076ab00000, 0x0000000779c80000, 0x00000007c0000000)
  eden space 209408K, 67% used [0x000000076ab00000,0x000000077343c7d8,0x0000000777780000)
  from space 14848K, 83% used [0x0000000778e00000,0x0000000779a22a08,0x0000000779c80000)
  to   space 18944K, 0% used [0x0000000777780000,0x0000000777780000,0x0000000778a00000)
 ParOldGen       total 102912K, used 22045K [0x00000006c0000000, 0x00000006c6480000, 0x000000076ab00000)
  object space 102912K, 21% used [0x00000006c0000000,0x00000006c15876c8,0x00000006c6480000)
 Metaspace       used 34903K, capacity 35328K, committed 35496K, reserved 1081344K
  class space    used 4429K, capacity 4553K, committed 4608K, reserved 1048576K
Event: 4.441 GC heap after
Heap after GC invocations=8 (full 1):
 PSYoungGen      total 228352K, used 17641K [0x000000076ab00000, 0x0000000781880000, 0x00000007c0000000)
  eden space 209408K, 0% used [0x000000076ab00000,0x000000076ab00000,0x0000000777780000)
  from space 18944K, 93% used [0x0000000777780000,0x00000007788ba400,0x0000000778a00000)
  to   space 20480K, 0% used [0x0000000780480000,0x0000000780480000,0x0000000781880000)
 ParOldGen       total 102912K, used 22053K [0x00000006c0000000, 0x00000006c6480000, 0x000000076ab00000)
  object space 102912K, 21% used [0x00000006c0000000,0x00000006c15896c8,0x00000006c6480000)
 Metaspace       used 34903K, capacity 35328K, committed 35496K, reserved 1081344K
  class space    used 4429K, capacity 4553K, committed 4608K, reserved 1048576K
}
Event: 4.441 GC heap before
{Heap before GC invocations=9 (full 2):
 PSYoungGen      total 228352K, used 17641K [0x000000076ab00000, 0x0000000781880000, 0x00000007c0000000)
  eden space 209408K, 0% used [0x000000076ab00000,0x000000076ab00000,0x0000000777780000)
  from space 18944K, 93% used [0x0000000777780000,0x00000007788ba400,0x0000000778a00000)
  to   space 20480K, 0% used [0x0000000780480000,0x0000000780480000,0x0000000781880000)
 ParOldGen       total 102912K, used 22053K [0x00000006c0000000, 0x00000006c6480000, 0x000000076ab00000)
  object space 102912K, 21% used [0x00000006c0000000,0x00000006c15896c8,0x00000006c6480000)
 Metaspace       used 34903K, capacity 35328K, committed 35496K, reserved 1081344K
  class space    used 4429K, capacity 4553K, committed 4608K, reserved 1048576K
Event: 4.504 GC heap after
Heap after GC invocations=9 (full 2):
 PSYoungGen      total 228352K, used 0K [0x000000076ab00000, 0x0000000781880000, 0x00000007c0000000)
  eden space 209408K, 0% used [0x000000076ab00000,0x000000076ab00000,0x0000000777780000)
  from space 18944K, 0% used [0x0000000777780000,0x0000000777780000,0x0000000778a00000)
  to   space 20480K, 0% used [0x0000000780480000,0x0000000780480000,0x0000000781880000)
 ParOldGen       total 169472K, used 28106K [0x00000006c0000000, 0x00000006ca580000, 0x000000076ab00000)
  object space 169472K, 16% used [0x00000006c0000000,0x00000006c1b729a8,0x00000006ca580000)
 Metaspace       used 34903K, capacity 35328K, committed 35496K, reserved 1081344K
  class space    used 4429K, capacity 4553K, committed 4608K, reserved 1048576K
}

Deoptimization events (10 events):
Event: 10.352 Thread 0x00007ff2ab8dc800 Uncommon trap: reason=bimorphic action=maybe_recompile pc=0x000000010dbdd080 method=java.lang.ClassLoader.loadClass(Ljava/lang/String;Z)Ljava/lang/Class; @ 2
Event: 10.352 Thread 0x00007ff2ab8dc800 Uncommon trap: reason=bimorphic action=maybe_recompile pc=0x000000010dbdd080 method=java.lang.ClassLoader.loadClass(Ljava/lang/String;Z)Ljava/lang/Class; @ 2
Event: 10.352 Thread 0x00007ff2ab8dc800 Uncommon trap: reason=bimorphic action=maybe_recompile pc=0x000000010dbdd080 method=java.lang.ClassLoader.loadClass(Ljava/lang/String;Z)Ljava/lang/Class; @ 2
Event: 10.401 Thread 0x00007ff2ab8dc800 Uncommon trap: reason=class_check action=maybe_recompile pc=0x000000010d369194 method=java.lang.StringCoding$StringDecoder.charsetName()Ljava/lang/String; @ 4
Event: 10.429 Thread 0x00007ff2ab8dc800 Uncommon trap: reason=bimorphic action=maybe_recompile pc=0x000000010d81658c method=java.util.regex.Pattern$Curly.match0(Ljava/util/regex/Matcher;IILjava/lang/CharSequence;)Z @ 77
Event: 10.429 Thread 0x00007ff2ab8dc800 Uncommon trap: reason=bimorphic action=maybe_recompile pc=0x000000010d81658c method=java.util.regex.Pattern$Curly.match0(Ljava/util/regex/Matcher;IILjava/lang/CharSequence;)Z @ 77
Event: 10.429 Thread 0x00007ff2ab8dc800 Uncommon trap: reason=bimorphic action=maybe_recompile pc=0x000000010d81658c method=java.util.regex.Pattern$Curly.match0(Ljava/util/regex/Matcher;IILjava/lang/CharSequence;)Z @ 77
Event: 10.429 Thread 0x00007ff2ab8dc800 Uncommon trap: reason=bimorphic action=maybe_recompile pc=0x000000010d816ba8 method=java.util.regex.Pattern$Curly.match0(Ljava/util/regex/Matcher;IILjava/lang/CharSequence;)Z @ 170
Event: 10.429 Thread 0x00007ff2ab8dc800 Uncommon trap: reason=bimorphic action=maybe_recompile pc=0x000000010d81658c method=java.util.regex.Pattern$Curly.match0(Ljava/util/regex/Matcher;IILjava/lang/CharSequence;)Z @ 77
Event: 10.468 Thread 0x00007ff2ab8dc800 Uncommon trap: reason=class_check action=maybe_recompile pc=0x000000010db6f698 method=java.util.AbstractList$Itr.hasNext()Z @ 8

Internal exceptions (10 events):
Event: 10.194 Thread 0x00007ff2ab8dc800 Exception <a 'java/lang/ClassNotFoundException': org/springframework/web/servlet/theme/FixedThemeResolverCustomizer> (0x000000076e1e6448) thrown at [/Users/java_re/workspace/8-2-build-macosx-x86_64/jdk8u65/4987/hotspot/src/share/vm/classfile/systemDiction
Event: 10.194 Thread 0x00007ff2ab8dc800 Exception <a 'java/lang/ClassNotFoundException': org/springframework/web/servlet/ThemeResolverCustomizer> (0x000000076e202010) thrown at [/Users/java_re/workspace/8-2-build-macosx-x86_64/jdk8u65/4987/hotspot/src/share/vm/classfile/systemDictionary.cpp, li
Event: 10.196 Thread 0x00007ff2ab8dc800 Exception <a 'java/lang/ClassNotFoundException': java/lang/ObjectCustomizer> (0x000000076e220f60) thrown at [/Users/java_re/workspace/8-2-build-macosx-x86_64/jdk8u65/4987/hotspot/src/share/vm/classfile/systemDictionary.cpp, line 210]
Event: 10.197 Thread 0x00007ff2ab8dc800 Exception <a 'java/lang/ClassNotFoundException': org/springframework/web/servlet/view/DefaultRequestToViewNameTranslatorCustomizer> (0x000000076e243bb8) thrown at [/Users/java_re/workspace/8-2-build-macosx-x86_64/jdk8u65/4987/hotspot/src/share/vm/classfil
Event: 10.197 Thread 0x00007ff2ab8dc800 Exception <a 'java/lang/ClassNotFoundException': org/springframework/web/servlet/RequestToViewNameTranslatorCustomizer> (0x000000076e2719b8) thrown at [/Users/java_re/workspace/8-2-build-macosx-x86_64/jdk8u65/4987/hotspot/src/share/vm/classfile/systemDict
Event: 10.200 Thread 0x00007ff2ab8dc800 Exception <a 'java/lang/ClassNotFoundException': java/lang/ObjectCustomizer> (0x000000076e2a1630) thrown at [/Users/java_re/workspace/8-2-build-macosx-x86_64/jdk8u65/4987/hotspot/src/share/vm/classfile/systemDictionary.cpp, line 210]
Event: 10.200 Thread 0x00007ff2ab8dc800 Exception <a 'java/lang/ClassNotFoundException': org/springframework/web/servlet/support/AbstractFlashMapManagerCustomizer> (0x000000076e2c2038) thrown at [/Users/java_re/workspace/8-2-build-macosx-x86_64/jdk8u65/4987/hotspot/src/share/vm/classfile/system
Event: 10.200 Thread 0x00007ff2ab8dc800 Exception <a 'java/lang/ClassNotFoundException': org/springframework/web/servlet/support/SessionFlashMapManagerCustomizer> (0x000000076e2e6980) thrown at [/Users/java_re/workspace/8-2-build-macosx-x86_64/jdk8u65/4987/hotspot/src/share/vm/classfile/systemD
Event: 10.201 Thread 0x00007ff2ab8dc800 Exception <a 'java/lang/ClassNotFoundException': org/springframework/web/servlet/FlashMapManagerCustomizer> (0x000000076e3024a8) thrown at [/Users/java_re/workspace/8-2-build-macosx-x86_64/jdk8u65/4987/hotspot/src/share/vm/classfile/systemDictionary.cpp, 
Event: 10.223 Thread 0x00007ff2ab8dc800 Implicit null exception at 0x000000010e0f2096 to 0x000000010e0fb5a5

Events (10 events):
Event: 65.078 Thread 0x00007ff2a6827000 flushing nmethod 0x000000010db7ca50
Event: 65.078 Thread 0x00007ff2a6827000 flushing nmethod 0x000000010dbabf90
Event: 65.078 Thread 0x00007ff2a6827000 flushing nmethod 0x000000010dbbcd90
Event: 65.078 Thread 0x00007ff2a6827000 flushing nmethod 0x000000010dbcc410
Event: 65.078 Thread 0x00007ff2a6827000 flushing nmethod 0x000000010dbee010
Event: 65.078 Thread 0x00007ff2a6827000 flushing nmethod 0x000000010dc04b50
Event: 65.078 Thread 0x00007ff2a6827000 flushing nmethod 0x000000010dc15950
Event: 65.078 Thread 0x00007ff2a6827000 flushing nmethod 0x000000010dc68510
Event: 65.079 Thread 0x00007ff2a6827000 flushing nmethod 0x000000010dc91050
Event: 65.079 Thread 0x00007ff2a6827000 flushing nmethod 0x000000010dcd9490


Dynamic libraries:
0x0000000000dda000 	/System/Library/Frameworks/Cocoa.framework/Versions/A/Cocoa
0x0000000000dda000 	/System/Library/Frameworks/Security.framework/Versions/A/Security
0x0000000000dda000 	/System/Library/Frameworks/ApplicationServices.framework/Versions/A/ApplicationServices
0x0000000000dda000 	/usr/lib/libz.1.dylib
0x0000000000dda000 	/usr/lib/libSystem.B.dylib
0x0000000000dda000 	/usr/lib/libobjc.A.dylib
0x0000000000dda000 	/System/Library/Frameworks/CoreFoundation.framework/Versions/A/CoreFoundation
0x0000000000dda000 	/System/Library/Frameworks/Foundation.framework/Versions/C/Foundation
0x0000000000dda000 	/System/Library/Frameworks/AppKit.framework/Versions/C/AppKit
0x0000000000dda000 	/System/Library/Frameworks/CoreData.framework/Versions/A/CoreData
0x0000000000dda000 	/System/Library/PrivateFrameworks/RemoteViewServices.framework/Versions/A/RemoteViewServices
0x0000000000dda000 	/System/Library/PrivateFrameworks/UIFoundation.framework/Versions/A/UIFoundation
0x0000000000dda000 	/System/Library/PrivateFrameworks/DFRFoundation.framework/Versions/A/DFRFoundation
0x0000000000dda000 	/usr/lib/libenergytrace.dylib
0x0000000000dda000 	/System/Library/PrivateFrameworks/SkyLight.framework/Versions/A/SkyLight
0x0000000000dda000 	/System/Library/Frameworks/CoreGraphics.framework/Versions/A/CoreGraphics
0x0000000000dda000 	/usr/lib/libScreenReader.dylib
0x0000000000dda000 	/System/Library/Frameworks/Accelerate.framework/Versions/A/Accelerate
0x0000000000dda000 	/System/Library/Frameworks/IOSurface.framework/Versions/A/IOSurface
0x0000000000dda000 	/System/Library/Frameworks/AudioToolbox.framework/Versions/A/AudioToolbox
0x0000000000dda000 	/System/Library/Frameworks/AudioUnit.framework/Versions/A/AudioUnit
0x0000000000dda000 	/System/Library/PrivateFrameworks/DataDetectorsCore.framework/Versions/A/DataDetectorsCore
0x0000000000dda000 	/System/Library/PrivateFrameworks/DesktopServicesPriv.framework/Versions/A/DesktopServicesPriv
0x0000000000dda000 	/System/Library/Frameworks/Carbon.framework/Versions/A/Frameworks/HIToolbox.framework/Versions/A/HIToolbox
0x0000000000dda000 	/usr/lib/libicucore.A.dylib
0x0000000000dda000 	/System/Library/Frameworks/QuartzCore.framework/Versions/A/QuartzCore
0x0000000000dda000 	/System/Library/Frameworks/Carbon.framework/Versions/A/Frameworks/SpeechRecognition.framework/Versions/A/SpeechRecognition
0x0000000000dda000 	/usr/lib/libauto.dylib
0x0000000000dda000 	/usr/lib/libxml2.2.dylib
0x0000000000dda000 	/System/Library/PrivateFrameworks/CoreUI.framework/Versions/A/CoreUI
0x0000000000dda000 	/System/Library/Frameworks/CoreAudio.framework/Versions/A/CoreAudio
0x0000000000dda000 	/System/Library/Frameworks/DiskArbitration.framework/Versions/A/DiskArbitration
0x0000000000dda000 	/usr/lib/liblangid.dylib
0x0000000000dda000 	/System/Library/PrivateFrameworks/MultitouchSupport.framework/Versions/A/MultitouchSupport
0x0000000000dda000 	/System/Library/Frameworks/IOKit.framework/Versions/A/IOKit
0x0000000000dda000 	/usr/lib/libDiagnosticMessagesClient.dylib
0x0000000000dda000 	/System/Library/Frameworks/CoreServices.framework/Versions/A/CoreServices
0x0000000000dda000 	/System/Library/PrivateFrameworks/PerformanceAnalysis.framework/Versions/A/PerformanceAnalysis
0x0000000000dda000 	/System/Library/PrivateFrameworks/GenerationalStorage.framework/Versions/A/GenerationalStorage
0x0000000000dda000 	/System/Library/Frameworks/OpenGL.framework/Versions/A/OpenGL
0x0000000000dda000 	/System/Library/Frameworks/CoreImage.framework/Versions/A/CoreImage
0x0000000000dda000 	/System/Library/Frameworks/CoreText.framework/Versions/A/CoreText
0x0000000000dda000 	/System/Library/Frameworks/ImageIO.framework/Versions/A/ImageIO
0x0000000000dda000 	/System/Library/PrivateFrameworks/Backup.framework/Versions/A/Backup
0x0000000000dda000 	/usr/lib/libarchive.2.dylib
0x0000000000dda000 	/System/Library/Frameworks/CFNetwork.framework/Versions/A/CFNetwork
0x0000000000dda000 	/System/Library/Frameworks/SystemConfiguration.framework/Versions/A/SystemConfiguration
0x0000000000dda000 	/usr/lib/libCRFSuite.dylib
0x0000000000dda000 	/usr/lib/libc++.1.dylib
0x0000000000dda000 	/usr/lib/libc++abi.dylib
0x0000000000dda000 	/usr/lib/system/libcache.dylib
0x0000000000dda000 	/usr/lib/system/libcommonCrypto.dylib
0x0000000000dda000 	/usr/lib/system/libcompiler_rt.dylib
0x0000000000dda000 	/usr/lib/system/libcopyfile.dylib
0x0000000000dda000 	/usr/lib/system/libcorecrypto.dylib
0x0000000000dda000 	/usr/lib/system/libdispatch.dylib
0x0000000000dda000 	/usr/lib/system/libdyld.dylib
0x0000000000dda000 	/usr/lib/system/libkeymgr.dylib
0x0000000000dda000 	/usr/lib/system/liblaunch.dylib
0x0000000000dda000 	/usr/lib/system/libmacho.dylib
0x0000000000dda000 	/usr/lib/system/libquarantine.dylib
0x0000000000dda000 	/usr/lib/system/libremovefile.dylib
0x0000000000dda000 	/usr/lib/system/libsystem_asl.dylib
0x0000000000dda000 	/usr/lib/system/libsystem_blocks.dylib
0x0000000000dda000 	/usr/lib/system/libsystem_c.dylib
0x0000000000dda000 	/usr/lib/system/libsystem_configuration.dylib
0x0000000000dda000 	/usr/lib/system/libsystem_coreservices.dylib
0x0000000000dda000 	/usr/lib/system/libsystem_coretls.dylib
0x0000000000dda000 	/usr/lib/system/libsystem_dnssd.dylib
0x0000000000dda000 	/usr/lib/system/libsystem_info.dylib
0x0000000000dda000 	/usr/lib/system/libsystem_kernel.dylib
0x0000000000dda000 	/usr/lib/system/libsystem_m.dylib
0x0000000000dda000 	/usr/lib/system/libsystem_malloc.dylib
0x0000000000dda000 	/usr/lib/system/libsystem_network.dylib
0x0000000000dda000 	/usr/lib/system/libsystem_networkextension.dylib
0x0000000000dda000 	/usr/lib/system/libsystem_notify.dylib
0x0000000000dda000 	/usr/lib/system/libsystem_platform.dylib
0x0000000000dda000 	/usr/lib/system/libsystem_pthread.dylib
0x0000000000dda000 	/usr/lib/system/libsystem_sandbox.dylib
0x0000000000dda000 	/usr/lib/system/libsystem_secinit.dylib
0x0000000000dda000 	/usr/lib/system/libsystem_symptoms.dylib
0x0000000000dda000 	/usr/lib/system/libsystem_trace.dylib
0x0000000000dda000 	/usr/lib/system/libunwind.dylib
0x0000000000dda000 	/usr/lib/system/libxpc.dylib
0x0000000000dda000 	/usr/lib/libbsm.0.dylib
0x0000000000dda000 	/usr/lib/system/libkxld.dylib
0x0000000000dda000 	/usr/lib/libcoretls.dylib
0x0000000000dda000 	/usr/lib/libcoretls_cfhelpers.dylib
0x0000000000dda000 	/usr/lib/libxar.1.dylib
0x0000000000dda000 	/usr/lib/libsqlite3.dylib
0x0000000000dda000 	/usr/lib/libpam.2.dylib
0x0000000000dda000 	/usr/lib/libOpenScriptingUtil.dylib
0x0000000000dda000 	/usr/lib/libbz2.1.0.dylib
0x0000000000dda000 	/usr/lib/liblzma.5.dylib
0x0000000000dda000 	/usr/lib/libnetwork.dylib
0x0000000000dda000 	/usr/lib/libpcap.A.dylib
0x0000000000dda000 	/System/Library/Frameworks/CoreServices.framework/Versions/A/Frameworks/FSEvents.framework/Versions/A/FSEvents
0x0000000000dda000 	/System/Library/Frameworks/CoreServices.framework/Versions/A/Frameworks/CarbonCore.framework/Versions/A/CarbonCore
0x0000000000dda000 	/System/Library/Frameworks/CoreServices.framework/Versions/A/Frameworks/Metadata.framework/Versions/A/Metadata
0x0000000000dda000 	/System/Library/Frameworks/CoreServices.framework/Versions/A/Frameworks/OSServices.framework/Versions/A/OSServices
0x0000000000dda000 	/System/Library/Frameworks/CoreServices.framework/Versions/A/Frameworks/SearchKit.framework/Versions/A/SearchKit
0x0000000000dda000 	/System/Library/Frameworks/CoreServices.framework/Versions/A/Frameworks/AE.framework/Versions/A/AE
0x0000000000dda000 	/System/Library/Frameworks/CoreServices.framework/Versions/A/Frameworks/LaunchServices.framework/Versions/A/LaunchServices
0x0000000000dda000 	/System/Library/Frameworks/CoreServices.framework/Versions/A/Frameworks/DictionaryServices.framework/Versions/A/DictionaryServices
0x0000000000dda000 	/System/Library/Frameworks/CoreServices.framework/Versions/A/Frameworks/SharedFileList.framework/Versions/A/SharedFileList
0x0000000000dda000 	/System/Library/Frameworks/NetFS.framework/Versions/A/NetFS
0x0000000000dda000 	/System/Library/PrivateFrameworks/NetAuth.framework/Versions/A/NetAuth
0x0000000000dda000 	/System/Library/PrivateFrameworks/login.framework/Versions/A/Frameworks/loginsupport.framework/Versions/A/loginsupport
0x0000000000dda000 	/System/Library/PrivateFrameworks/TCC.framework/Versions/A/TCC
0x0000000000dda000 	/usr/lib/libmecabra.dylib
0x0000000000dda000 	/System/Library/Frameworks/ApplicationServices.framework/Versions/A/Frameworks/ATS.framework/Versions/A/ATS
0x0000000000dda000 	/System/Library/Frameworks/ApplicationServices.framework/Versions/A/Frameworks/ColorSync.framework/Versions/A/ColorSync
0x0000000000dda000 	/System/Library/Frameworks/ApplicationServices.framework/Versions/A/Frameworks/HIServices.framework/Versions/A/HIServices
0x0000000000dda000 	/System/Library/Frameworks/ApplicationServices.framework/Versions/A/Frameworks/LangAnalysis.framework/Versions/A/LangAnalysis
0x0000000000dda000 	/System/Library/Frameworks/ApplicationServices.framework/Versions/A/Frameworks/PrintCore.framework/Versions/A/PrintCore
0x0000000000dda000 	/System/Library/Frameworks/ApplicationServices.framework/Versions/A/Frameworks/QD.framework/Versions/A/QD
0x0000000000dda000 	/System/Library/Frameworks/ApplicationServices.framework/Versions/A/Frameworks/SpeechSynthesis.framework/Versions/A/SpeechSynthesis
0x0000000000dda000 	/System/Library/Frameworks/Accelerate.framework/Versions/A/Frameworks/vImage.framework/Versions/A/vImage
0x0000000000dda000 	/System/Library/Frameworks/Accelerate.framework/Versions/A/Frameworks/vecLib.framework/Versions/A/vecLib
0x0000000000dda000 	/System/Library/Frameworks/Accelerate.framework/Versions/A/Frameworks/vecLib.framework/Versions/A/libvDSP.dylib
0x0000000000dda000 	/System/Library/Frameworks/Accelerate.framework/Versions/A/Frameworks/vecLib.framework/Versions/A/libBNNS.dylib
0x0000000000dda000 	/System/Library/Frameworks/Accelerate.framework/Versions/A/Frameworks/vecLib.framework/Versions/A/libQuadrature.dylib
0x0000000000dda000 	/System/Library/Frameworks/Accelerate.framework/Versions/A/Frameworks/vecLib.framework/Versions/A/libvMisc.dylib
0x0000000000dda000 	/System/Library/Frameworks/Accelerate.framework/Versions/A/Frameworks/vecLib.framework/Versions/A/libLAPACK.dylib
0x0000000000dda000 	/System/Library/Frameworks/Accelerate.framework/Versions/A/Frameworks/vecLib.framework/Versions/A/libBLAS.dylib
0x0000000000dda000 	/System/Library/Frameworks/Accelerate.framework/Versions/A/Frameworks/vecLib.framework/Versions/A/libLinearAlgebra.dylib
0x0000000000dda000 	/System/Library/Frameworks/Accelerate.framework/Versions/A/Frameworks/vecLib.framework/Versions/A/libSparseBLAS.dylib
0x0000000000dda000 	/System/Library/Frameworks/ApplicationServices.framework/Versions/A/Frameworks/ATS.framework/Versions/A/Resources/libFontParser.dylib
0x0000000000dda000 	/System/Library/Frameworks/ApplicationServices.framework/Versions/A/Frameworks/ATS.framework/Versions/A/Resources/libFontRegistry.dylib
0x0000000000dda000 	/System/Library/Frameworks/ImageIO.framework/Versions/A/Resources/libJPEG.dylib
0x0000000000dda000 	/System/Library/Frameworks/ImageIO.framework/Versions/A/Resources/libTIFF.dylib
0x0000000000dda000 	/System/Library/Frameworks/ImageIO.framework/Versions/A/Resources/libPng.dylib
0x0000000000dda000 	/System/Library/Frameworks/ImageIO.framework/Versions/A/Resources/libGIF.dylib
0x0000000000dda000 	/System/Library/Frameworks/ImageIO.framework/Versions/A/Resources/libJP2.dylib
0x0000000000dda000 	/System/Library/Frameworks/ImageIO.framework/Versions/A/Resources/libRadiance.dylib
0x0000000000dda000 	/usr/lib/libcompression.dylib
0x0000000000dda000 	/System/Library/PrivateFrameworks/AppleJPEG.framework/Versions/A/AppleJPEG
0x0000000000dda000 	/usr/lib/libcups.2.dylib
0x0000000000dda000 	/System/Library/Frameworks/Kerberos.framework/Versions/A/Kerberos
0x0000000000dda000 	/System/Library/Frameworks/GSS.framework/Versions/A/GSS
0x0000000000dda000 	/usr/lib/libresolv.9.dylib
0x0000000000dda000 	/usr/lib/libiconv.2.dylib
0x0000000000dda000 	/System/Library/PrivateFrameworks/Heimdal.framework/Versions/A/Heimdal
0x0000000000dda000 	/usr/lib/libheimdal-asn1.dylib
0x0000000000dda000 	/System/Library/Frameworks/OpenDirectory.framework/Versions/A/OpenDirectory
0x0000000000dda000 	/System/Library/PrivateFrameworks/CommonAuth.framework/Versions/A/CommonAuth
0x0000000000dda000 	/System/Library/Frameworks/OpenDirectory.framework/Versions/A/Frameworks/CFOpenDirectory.framework/Versions/A/CFOpenDirectory
0x0000000000dda000 	/System/Library/Frameworks/SecurityFoundation.framework/Versions/A/SecurityFoundation
0x0000000000dda000 	/System/Library/PrivateFrameworks/LanguageModeling.framework/Versions/A/LanguageModeling
0x0000000000dda000 	/usr/lib/libmarisa.dylib
0x0000000000dda000 	/usr/lib/libChineseTokenizer.dylib
0x0000000000dda000 	/usr/lib/libcmph.dylib
0x0000000000dda000 	/System/Library/PrivateFrameworks/CoreEmoji.framework/Versions/A/CoreEmoji
0x0000000000dda000 	/System/Library/Frameworks/ServiceManagement.framework/Versions/A/ServiceManagement
0x0000000000dda000 	/usr/lib/libxslt.1.dylib
0x0000000000dda000 	/System/Library/Frameworks/Carbon.framework/Versions/A/Frameworks/Ink.framework/Versions/A/Ink
0x0000000000dda000 	/System/Library/PrivateFrameworks/TextureIO.framework/Versions/A/TextureIO
0x0000000000dda000 	/System/Library/Frameworks/Metal.framework/Versions/A/Metal
0x0000000000dda000 	/usr/lib/libate.dylib
0x0000000000dda000 	/System/Library/PrivateFrameworks/GPUCompiler.framework/libmetal_timestamp.dylib
0x0000000000dda000 	/System/Library/Frameworks/OpenGL.framework/Versions/A/Libraries/libCoreFSCache.dylib
0x0000000000dda000 	/System/Library/PrivateFrameworks/IOAccelerator.framework/Versions/A/IOAccelerator
0x0000000000dda000 	/System/Library/Frameworks/CoreVideo.framework/Versions/A/CoreVideo
0x0000000000dda000 	/usr/lib/libFosl_dynamic.dylib
0x0000000000dda000 	/System/Library/PrivateFrameworks/MetalPerformanceShaders.framework/Versions/A/MetalPerformanceShaders
0x0000000000dda000 	/System/Library/PrivateFrameworks/FaceCore.framework/Versions/A/FaceCore
0x0000000000dda000 	/System/Library/Frameworks/OpenCL.framework/Versions/A/OpenCL
0x0000000000dda000 	/System/Library/Frameworks/OpenGL.framework/Versions/A/Libraries/libGLU.dylib
0x0000000000dda000 	/System/Library/Frameworks/OpenGL.framework/Versions/A/Libraries/libGFXShared.dylib
0x0000000000dda000 	/System/Library/Frameworks/OpenGL.framework/Versions/A/Libraries/libGL.dylib
0x0000000000dda000 	/System/Library/Frameworks/OpenGL.framework/Versions/A/Libraries/libGLImage.dylib
0x0000000000dda000 	/System/Library/Frameworks/OpenGL.framework/Versions/A/Libraries/libCVMSPluginSupport.dylib
0x0000000000dda000 	/System/Library/Frameworks/OpenGL.framework/Versions/A/Libraries/libCoreVMClient.dylib
0x0000000000dda000 	/System/Library/PrivateFrameworks/CrashReporterSupport.framework/Versions/A/CrashReporterSupport
0x0000000000dda000 	/System/Library/PrivateFrameworks/Sharing.framework/Versions/A/Sharing
0x0000000000dda000 	/System/Library/PrivateFrameworks/IconServices.framework/Versions/A/IconServices
0x0000000000dda000 	/System/Library/PrivateFrameworks/ProtocolBuffer.framework/Versions/A/ProtocolBuffer
0x0000000000dda000 	/System/Library/PrivateFrameworks/Apple80211.framework/Versions/A/Apple80211
0x0000000000dda000 	/System/Library/Frameworks/CoreWLAN.framework/Versions/A/CoreWLAN
0x0000000000dda000 	/System/Library/PrivateFrameworks/CoreUtils.framework/Versions/A/CoreUtils
0x0000000000dda000 	/System/Library/Frameworks/IOBluetooth.framework/Versions/A/IOBluetooth
0x0000000000dda000 	/System/Library/PrivateFrameworks/CoreWiFi.framework/Versions/A/CoreWiFi
0x0000000000dda000 	/System/Library/Frameworks/CoreBluetooth.framework/Versions/A/CoreBluetooth
0x0000000000dda000 	/System/Library/Frameworks/CoreDisplay.framework/Versions/A/CoreDisplay
0x0000000000dda000 	/System/Library/PrivateFrameworks/IOPresentment.framework/Versions/A/IOPresentment
0x0000000000dda000 	/System/Library/PrivateFrameworks/DebugSymbols.framework/Versions/A/DebugSymbols
0x0000000000dda000 	/System/Library/PrivateFrameworks/CoreSymbolication.framework/Versions/A/CoreSymbolication
0x0000000000dda000 	/System/Library/PrivateFrameworks/Symbolication.framework/Versions/A/Symbolication
0x0000000000dda000 	/System/Library/PrivateFrameworks/AppleFSCompression.framework/Versions/A/AppleFSCompression
0x0000000000dda000 	/System/Library/PrivateFrameworks/SpeechRecognitionCore.framework/Versions/A/SpeechRecognitionCore
0x0000000000dda000 	/System/Library/PrivateFrameworks/ChunkingLibrary.framework/Versions/A/ChunkingLibrary
0x0000000103600000 	/Library/Java/JavaVirtualMachines/jdk1.8.0_65.jdk/Contents/Home/jre/lib/server/libjvm.dylib
0x0000000000dda000 	/usr/lib/libstdc++.6.dylib
0x000000010244b000 	/Library/Java/JavaVirtualMachines/jdk1.8.0_65.jdk/Contents/Home/jre/lib/libverify.dylib
0x0000000102459000 	/Library/Java/JavaVirtualMachines/jdk1.8.0_65.jdk/Contents/Home/jre/lib/libjava.dylib
0x0000000102498000 	/Library/Java/JavaVirtualMachines/jdk1.8.0_65.jdk/Contents/Home/jre/lib/libzip.dylib
0x00000001084f5000 	/System/Library/Frameworks/JavaVM.framework/Frameworks/JavaRuntimeSupport.framework/JavaRuntimeSupport
0x00000001025eb000 	/System/Library/Frameworks/JavaVM.framework/Versions/A/Frameworks/JavaNativeFoundation.framework/Versions/A/JavaNativeFoundation
0x000000010850f000 	/System/Library/Frameworks/JavaVM.framework/Versions/A/JavaVM
0x0000000000dda000 	/System/Library/Frameworks/Carbon.framework/Versions/A/Carbon
0x000000010851c000 	/System/Library/PrivateFrameworks/JavaLaunching.framework/Versions/A/JavaLaunching
0x0000000000dda000 	/System/Library/Frameworks/Carbon.framework/Versions/A/Frameworks/CommonPanels.framework/Versions/A/CommonPanels
0x0000000000dda000 	/System/Library/Frameworks/Carbon.framework/Versions/A/Frameworks/Help.framework/Versions/A/Help
0x0000000000dda000 	/System/Library/Frameworks/Carbon.framework/Versions/A/Frameworks/ImageCapture.framework/Versions/A/ImageCapture
0x0000000000dda000 	/System/Library/Frameworks/Carbon.framework/Versions/A/Frameworks/OpenScripting.framework/Versions/A/OpenScripting
0x0000000000dda000 	/System/Library/Frameworks/Carbon.framework/Versions/A/Frameworks/Print.framework/Versions/A/Print
0x0000000000dda000 	/System/Library/Frameworks/Carbon.framework/Versions/A/Frameworks/SecurityHI.framework/Versions/A/SecurityHI
0x00000001088a9000 	/Applications/IntelliJ IDEA.app/Contents/bin/libbreakgen64.jnilib
0x00000001088ac000 	/Library/Java/JavaVirtualMachines/jdk1.8.0_65.jdk/Contents/Home/jre/lib/libnet.dylib
0x0000000108e41000 	/Library/Java/JavaVirtualMachines/jdk1.8.0_65.jdk/Contents/Home/jre/lib/libmanagement.dylib
0x000000010890b000 	/Library/Java/JavaVirtualMachines/jdk1.8.0_65.jdk/Contents/Home/jre/lib/libnio.dylib
0x000000010891b000 	/Users/sophatvathana/Desktop/ipcam/IPCAM-VIDEO-STREAMING-API/native/mac/x86_64/strmrecv.dylib
0x0000000109d04000 	/Users/sophatvathana/Desktop/ipcam/IPCAM-VIDEO-STREAMING-API/native/mac/x86_64/libavutil.55.dylib
0x0000000000dda000 	/System/Library/Frameworks/AVFoundation.framework/Versions/A/AVFoundation
0x0000000000dda000 	/System/Library/Frameworks/CoreMedia.framework/Versions/A/CoreMedia
0x0000000000dda000 	/System/Library/Frameworks/VideoToolbox.framework/Versions/A/VideoToolbox
0x0000000108922000 	/System/Library/Frameworks/VideoDecodeAcceleration.framework/Versions/A/VideoDecodeAcceleration
0x0000000000dda000 	/System/Library/Frameworks/AVFoundation.framework/Versions/A/Frameworks/AVFAudio.framework/Versions/A/AVFAudio
0x0000000000dda000 	/System/Library/Frameworks/MediaToolbox.framework/Versions/A/MediaToolbox
0x0000000000dda000 	/System/Library/PrivateFrameworks/IntlPreferences.framework/Versions/A/IntlPreferences
0x0000000000dda000 	/System/Library/Frameworks/CoreMediaIO.framework/Versions/A/CoreMediaIO
0x0000000000dda000 	/usr/lib/libspindump.dylib
0x0000000000dda000 	/usr/lib/libdscsym.dylib
0x0000000000dda000 	/System/Library/PrivateFrameworks/CoreAVCHD.framework/Versions/A/CoreAVCHD
0x0000000000dda000 	/System/Library/Frameworks/MediaAccessibility.framework/Versions/A/MediaAccessibility
0x0000000000dda000 	/System/Library/PrivateFrameworks/Mangrove.framework/Versions/A/Mangrove
0x0000000000dda000 	/System/Library/PrivateFrameworks/CoreAUC.framework/Versions/A/CoreAUC
0x0000000000dda000 	/System/Library/PrivateFrameworks/AppleVA.framework/Versions/A/AppleVA
0x0000000000dda000 	/System/Library/PrivateFrameworks/XPCService.framework/Versions/A/XPCService
0x0000000000dda000 	/System/Library/PrivateFrameworks/AppSandbox.framework/Versions/A/AppSandbox
0x0000000000dda000 	/usr/lib/libsandbox.1.dylib
0x0000000000dda000 	/System/Library/PrivateFrameworks/AppContainer.framework/Versions/A/AppContainer
0x0000000000dda000 	/System/Library/PrivateFrameworks/SecCodeWrapper.framework/Versions/A/SecCodeWrapper
0x0000000000dda000 	/usr/lib/libMatch.1.dylib
0x0000000108945000 	/Users/sophatvathana/Desktop/ipcam/IPCAM-VIDEO-STREAMING-API/native/mac/x86_64/libswresample.2.dylib
0x000000010ae5b000 	/Users/sophatvathana/Desktop/ipcam/IPCAM-VIDEO-STREAMING-API/native/mac/x86_64/libavcodec.57.dylib
0x000000010c14e000 	/Users/sophatvathana/Desktop/ipcam/IPCAM-VIDEO-STREAMING-API/native/mac/x86_64/libavformat.57.dylib
0x0000000109096000 	/Library/Java/JavaVirtualMachines/jdk1.8.0_65.jdk/Contents/Home/jre/lib/libsunec.dylib

VM Arguments:
jvm_args: -Dspring.output.ansi.enabled=always -Didea.launcher.port=7541 -Didea.launcher.bin.path=/Applications/IntelliJ IDEA.app/Contents/bin -Dfile.encoding=UTF-8 
java_command: com.intellij.rt.execution.application.AppMain kh.com.kshrd.ipcam.IpcamVideoStreamingApiApplication
java_class_path (initial): /Library/Java/JavaVirtualMachines/jdk1.8.0_65.jdk/Contents/Home/jre/lib/charsets.jar:/Library/Java/JavaVirtualMachines/jdk1.8.0_65.jdk/Contents/Home/jre/lib/deploy.jar:/Library/Java/JavaVirtualMachines/jdk1.8.0_65.jdk/Contents/Home/jre/lib/ext/cldrdata.jar:/Library/Java/JavaVirtualMachines/jdk1.8.0_65.jdk/Contents/Home/jre/lib/ext/dnsns.jar:/Library/Java/JavaVirtualMachines/jdk1.8.0_65.jdk/Contents/Home/jre/lib/ext/jaccess.jar:/Library/Java/JavaVirtualMachines/jdk1.8.0_65.jdk/Contents/Home/jre/lib/ext/jfxrt.jar:/Library/Java/JavaVirtualMachines/jdk1.8.0_65.jdk/Contents/Home/jre/lib/ext/localedata.jar:/Library/Java/JavaVirtualMachines/jdk1.8.0_65.jdk/Contents/Home/jre/lib/ext/nashorn.jar:/Library/Java/JavaVirtualMachines/jdk1.8.0_65.jdk/Contents/Home/jre/lib/ext/sunec.jar:/Library/Java/JavaVirtualMachines/jdk1.8.0_65.jdk/Contents/Home/jre/lib/ext/sunjce_provider.jar:/Library/Java/JavaVirtualMachines/jdk1.8.0_65.jdk/Contents/Home/jre/lib/ext/sunpkcs11.jar:/Library/Java/JavaVirtualMachines/jdk1.8.0_65.jdk/Contents/Home/jre/lib/ext/zipfs.jar:/Library/Java/JavaVirtualMachines/jdk1.8.0_65.jdk/Contents/Home/jre/lib/javaws.jar:/Library/Java/JavaVirtualMachines/jdk1.8.0_65.jdk/Contents/Home/jre/lib/jce.jar:/Library/Java/JavaVirtualMachines/jdk1.8.0_65.jdk/Contents/Home/jre/lib/jfr.jar:/Library/Java/JavaVirtualMachines/jdk1.8.0_65.jdk/Contents/Home/jre/lib/jfxswt.jar:/Library/Java/JavaVirtualMachines/jdk1.8.0_65.jdk/Contents/Home/jre/lib/jsse.jar:/Library/Java/JavaVirtualMachines/jdk1.8.0_65.jdk/Contents/Home/jre/lib/management-agent.jar:/Library/Java/JavaVirtualMachines/jdk1.8.0_65.jdk/Contents/Home/jre/lib/plugin.jar:/Library/Java/JavaVirtualMachines/jdk1.8.0_65.jdk/Contents/Home/jre/lib/resources.jar:/Library/Java/JavaVirtualMachines/jdk1.8.0_65.jdk/Contents/Home/jre/lib/rt.jar:/Library/Java/JavaVirtualMachines/jdk1.8.0_65.jdk/Contents/Home/lib/dt.jar:/Library/Java/JavaVirtualMachines/jdk1.8.0_65.jdk/Contents/Home/lib/javafx-mx.jar:/Library/Jav
Launcher Type: SUN_STANDARD

Environment Variables:
PATH=/Library/Frameworks/Python.framework/Versions/3.5/bin:/usr/local/bin:/usr/bin:/bin:/usr/sbin:/sbin
SHELL=/bin/zsh

Signal Handlers:
SIGSEGV: [libjvm.dylib+0x5a6d31], sa_mask[0]=11111111011111110111111111111111, sa_flags=SA_ONSTACK|SA_RESTART|SA_SIGINFO
SIGBUS: [libjvm.dylib+0x5a6d31], sa_mask[0]=11111111011111110111111111111111, sa_flags=SA_RESTART|SA_SIGINFO
SIGFPE: [libjvm.dylib+0x480a40], sa_mask[0]=11111111011111110111111111111111, sa_flags=SA_RESTART|SA_SIGINFO
SIGPIPE: [libjvm.dylib+0x480a40], sa_mask[0]=11111111011111110111111111111111, sa_flags=SA_RESTART|SA_SIGINFO
SIGXFSZ: [libjvm.dylib+0x480a40], sa_mask[0]=11111111011111110111111111111111, sa_flags=SA_RESTART|SA_SIGINFO
SIGILL: [libjvm.dylib+0x480a40], sa_mask[0]=11111111011111110111111111111111, sa_flags=SA_RESTART|SA_SIGINFO
SIGUSR1: SIG_DFL, sa_mask[0]=00000000000000000000000000000000, sa_flags=none
SIGUSR2: [libjvm.dylib+0x48055e], sa_mask[0]=00100000000000000000000000000000, sa_flags=SA_RESTART|SA_SIGINFO
SIGHUP: [libjvm.dylib+0x47eb35], sa_mask[0]=11111111011111110111111111111111, sa_flags=SA_RESTART|SA_SIGINFO
SIGINT: [libjvm.dylib+0x47eb35], sa_mask[0]=11111111011111110111111111111111, sa_flags=SA_RESTART|SA_SIGINFO
SIGTERM: [libjvm.dylib+0x47eb35], sa_mask[0]=11111111011111110111111111111111, sa_flags=SA_RESTART|SA_SIGINFO
SIGQUIT: [libjvm.dylib+0x47eb35], sa_mask[0]=11111111011111110111111111111111, sa_flags=SA_RESTART|SA_SIGINFO


---------------  S Y S T E M  ---------------

OS:Bsduname:Darwin 16.3.0 Darwin Kernel Version 16.3.0: Thu Nov 17 20:23:58 PST 2016; root:xnu-3789.31.2~1/RELEASE_X86_64 x86_64
rlimit: STACK 8192k, CORE 0k, NPROC 709, NOFILE 10240, AS infinity
load average:2.26 2.47 2.47

CPU:total 8 (4 cores per cpu, 2 threads per core) family 6 model 70 stepping 1, cmov, cx8, fxsr, mmx, sse, sse2, sse3, ssse3, sse4.1, sse4.2, popcnt, avx, avx2, aes, clmul, erms, lzcnt, ht, tsc, tscinvbit, bmi1, bmi2

Memory: 4k page, physical 16777216k(1009356k free)

/proc/meminfo:


vm_info: Java HotSpot(TM) 64-Bit Server VM (25.65-b01) for bsd-amd64 JRE (1.8.0_65-b17), built on Oct  6 2015 15:36:46 by "java_re" with gcc 4.2.1 (Based on Apple Inc. build 5658) (LLVM build 2336.11.00)

time: Fri Dec 23 20:00:44 2016
elapsed time: 82 seconds (0d 0h 1m 22s)

