#
# A fatal error has been detected by the Java Runtime Environment:
#
#  SIGSEGV (0xb) at pc=0x000000012a2d5751, pid=3869, tid=26883
#
# JRE version: Java(TM) SE Runtime Environment (8.0_65-b17) (build 1.8.0_65-b17)
# Java VM: Java HotSpot(TM) 64-Bit Server VM (25.65-b01 mixed mode bsd-amd64 compressed oops)
# Problematic frame:
# C  [libavutil.55.dylib+0x19751]  av_freep+0x1
#
# Failed to write core dump. Core dumps have been disabled. To enable core dumping, try "ulimit -c unlimited" before starting Java again
#
# If you would like to submit a bug report, please visit:
#   http://bugreport.java.com/bugreport/crash.jsp
# The crash happened outside the Java Virtual Machine in native code.
# See problematic frame for where to report the bug.
#

---------------  T H R E A D  ---------------

Current thread (0x00007f8d40aba000):  JavaThread "Thread-3" daemon [_thread_in_native, id=26883, stack(0x000070000e469000,0x000070000e569000)]

siginfo: si_signo: 11 (SIGSEGV), si_code: 0 (unknown), si_addr: 0x0000000000000000

Registers:
RAX=0x00000001286b7500, RBX=0x0000000000000000, RCX=0x0000000000000000, RDX=0x00007f8d41787000
RSP=0x000070000e568700, RBP=0x000070000e568750, RSI=0x000070000e5687e8, RDI=0x0004000000000000
R8 =0x0000000000000004, R9 =0x0000000000000398, R10=0x000000010dc6c100, R11=0x000000012a2d5750
R12=0x0000000000000000, R13=0x0000000129bfb1a8, R14=0x00007f8d41787038, R15=0x00007f8d41787008
RIP=0x000000012a2d5751, EFLAGS=0x0000000000010202, ERR=0x0000000000000000
  TRAPNO=0x000000000000000d

Top of Stack: (sp=0x000070000e568700)
0x000070000e568700:   00000001286b7500 000000012c26270c
0x000070000e568710:   00000001286b7500 00007f8d41787000
0x000070000e568720:   0000000000000000 000070000e5687e8
0x000070000e568730:   00007f8d40aba000 00000001286b6f32
0x000070000e568740:   0000000129bfb1a8 000070000e5687e8
0x000070000e568750:   000070000e5687b8 000000010dccd954
0x000070000e568760:   000070000e5687b8 000000010dccd6e7
0x000070000e568770:   000000010dccd6a2 000070000e568778
0x000070000e568780:   0000000129bfb1a8 000070000e5687e8
0x000070000e568790:   0000000129bfd248 0000000000000000
0x000070000e5687a0:   0000000129bfb1a8 0000000000000000
0x000070000e5687b0:   000070000e5687d8 000070000e568830
0x000070000e5687c0:   000000010dcbfc4d 0000000000000000
0x000070000e5687d0:   000000010dcc7578 00007f8d41787000
0x000070000e5687e0:   000000076fe8b818 000000076fe8b818
0x000070000e5687f0:   000070000e5687f0 0000000129bfb4b6
0x000070000e568800:   000070000e568840 0000000129bfd248
0x000070000e568810:   0000000000000000 0000000129bfb4d8
0x000070000e568820:   000070000e5687d8 000070000e568840
0x000070000e568830:   000070000e568888 000000010dcbfc4d
0x000070000e568840:   000000076fe8b818 000070000e568848
0x000070000e568850:   0000000129bfb3f1 000070000e568898
0x000070000e568860:   0000000129bfd248 0000000000000000
0x000070000e568870:   0000000129bfb420 000070000e568840
0x000070000e568880:   000070000e568898 000070000e5688e0
0x000070000e568890:   000000010dcbfc4d 000000076fe8b818
0x000070000e5688a0:   000070000e5688a0 000000012ad3bff5
0x000070000e5688b0:   000070000e568910 0000000129bf97d0
0x000070000e5688c0:   0000000000000000 000000012ad3c168
0x000070000e5688d0:   000070000e568898 000070000e568910
0x000070000e5688e0:   000070000e568958 000000010dcbfc92
0x000070000e5688f0:   000000000000012c 0000000000000000 

Instructions: (pc=0x000000012a2d5751)
0x000000012a2d5731:   00 00 00 e8 6f a9 01 00 b8 f4 ff ff ff 48 83 c4
0x000000012a2d5741:   10 5b c3 66 66 66 2e 0f 1f 84 00 00 00 00 00 50
0x000000012a2d5751:   48 8b 07 48 c7 04 24 00 00 00 00 48 c7 07 00 00
0x000000012a2d5761:   00 00 48 89 c7 e8 3d a9 01 00 58 c3 0f 1f 00 48 

Register to memory mapping:

RAX=0x00000001286b7500: Java_kh_com_kshrd_core_RtspStream_openRtspInternal+0x90 in /Users/sophatvathana/Desktop/Project/ipcam/IPCAM-VIDEO-STREAMING-API/native/mac/x86_64/strmrecv.dylib at 0x00000001286b5000
RBX=0x0000000000000000 is an unknown value
RCX=0x0000000000000000 is an unknown value
RDX=0x00007f8d41787000 is an unknown value
RSP=0x000070000e568700 is pointing into the stack for thread: 0x00007f8d40aba000
RBP=0x000070000e568750 is pointing into the stack for thread: 0x00007f8d40aba000
RSI=0x000070000e5687e8 is pointing into the stack for thread: 0x00007f8d40aba000
RDI=0x0004000000000000 is an unknown value
R8 =0x0000000000000004 is an unknown value
R9 =0x0000000000000398 is an unknown value
R10=0x000000010dc6c100 is an unknown value
R11=0x000000012a2d5750: av_freep+0 in /Users/sophatvathana/Desktop/Project/ipcam/IPCAM-VIDEO-STREAMING-API/native/mac/x86_64/libavutil.55.dylib at 0x000000012a2bc000
R12=0x0000000000000000 is an unknown value
R13={method} {0x0000000129bfb1a8} 'releaseContextInternal' '(J)V' in 'kh/com/kshrd/core/RtspStream'
R14=0x00007f8d41787038 is an unknown value
R15=0x00007f8d41787008 is an unknown value


Stack: [0x000070000e469000,0x000070000e569000],  sp=0x000070000e568700,  free space=1021k
Native frames: (J=compiled Java code, j=interpreted, Vv=VM code, C=native code)
C  [libavutil.55.dylib+0x19751]  av_freep+0x1
j  kh.com.kshrd.core.RtspStream.releaseContextInternal(J)V+0
j  kh.com.kshrd.core.RtspStream.release()V+14
j  kh.com.kshrd.core.RtspStream.initialize()V+1
j  kh.com.kshrd.core.RtspCamera.run()V+269
j  java.lang.Thread.run()V+11
v  ~StubRoutines::call_stub
V  [libjvm.dylib+0x2eab02]  JavaCalls::call_helper(JavaValue*, methodHandle*, JavaCallArguments*, Thread*)+0x6ae
V  [libjvm.dylib+0x2eb290]  JavaCalls::call_virtual(JavaValue*, KlassHandle, Symbol*, Symbol*, JavaCallArguments*, Thread*)+0x164
V  [libjvm.dylib+0x2eb43c]  JavaCalls::call_virtual(JavaValue*, Handle, KlassHandle, Symbol*, Symbol*, Thread*)+0x4a
V  [libjvm.dylib+0x345959]  thread_entry(JavaThread*, Thread*)+0x7c
V  [libjvm.dylib+0x5612d3]  JavaThread::thread_main_inner()+0x9b
V  [libjvm.dylib+0x5629ce]  JavaThread::run()+0x1c2
V  [libjvm.dylib+0x48342e]  java_start(Thread*)+0xf6
C  [libsystem_pthread.dylib+0x3aab]  _pthread_body+0xb4
C  [libsystem_pthread.dylib+0x39f7]  _pthread_body+0x0
C  [libsystem_pthread.dylib+0x31fd]  thread_start+0xd
C  0x0000000000000000

Java frames: (J=compiled Java code, j=interpreted, Vv=VM code)
j  kh.com.kshrd.core.RtspStream.releaseContextInternal(J)V+0
j  kh.com.kshrd.core.RtspStream.release()V+14
j  kh.com.kshrd.core.RtspStream.initialize()V+1
j  kh.com.kshrd.core.RtspCamera.run()V+269
j  java.lang.Thread.run()V+11
v  ~StubRoutines::call_stub

---------------  P R O C E S S  ---------------

Java Threads: ( => current thread )
  0x00007f8d460df800 JavaThread "http-nio-9999-exec-3" daemon [_thread_blocked, id=5131, stack(0x000070000db4e000,0x000070000dc4e000)]
  0x00007f8d4493b000 JavaThread "http-nio-9999-exec-2" daemon [_thread_blocked, id=4875, stack(0x000070000da4b000,0x000070000db4b000)]
=>0x00007f8d40aba000 JavaThread "Thread-3" daemon [_thread_in_native, id=26883, stack(0x000070000e469000,0x000070000e569000)]
  0x00007f8d4493a800 JavaThread "http-nio-9999-exec-1" daemon [_thread_blocked, id=26371, stack(0x000070000e366000,0x000070000e466000)]
  0x00007f8d42ac0000 JavaThread "DestroyJavaVM" [_thread_blocked, id=7171, stack(0x000070000c58c000,0x000070000c68c000)]
  0x00007f8d42181000 JavaThread "http-nio-9999-AsyncTimeout" daemon [_thread_blocked, id=25859, stack(0x000070000e263000,0x000070000e363000)]
  0x00007f8d4496c800 JavaThread "http-nio-9999-Acceptor-0" daemon [_thread_in_native, id=25347, stack(0x000070000e160000,0x000070000e260000)]
  0x00007f8d43ff6800 JavaThread "http-nio-9999-ClientPoller-1" daemon [_thread_in_native, id=24835, stack(0x000070000e05d000,0x000070000e15d000)]
  0x00007f8d4496c000 JavaThread "http-nio-9999-ClientPoller-0" daemon [_thread_in_native, id=24323, stack(0x000070000df5a000,0x000070000e05a000)]
  0x00007f8d42e71800 JavaThread "NioBlockingSelector.BlockPoller-1" daemon [_thread_in_native, id=23811, stack(0x000070000de57000,0x000070000df57000)]
  0x00007f8d436ab000 JavaThread "container-0" [_thread_blocked, id=23299, stack(0x000070000dd54000,0x000070000de54000)]
  0x00007f8d41897000 JavaThread "ContainerBackgroundProcessor[StandardEngine[Tomcat]]" daemon [_thread_blocked, id=5383, stack(0x000070000dc51000,0x000070000dd51000)]
  0x00007f8d44002000 JavaThread "Monitor Ctrl-Break" daemon [_thread_in_native, id=22531, stack(0x000070000d948000,0x000070000da48000)]
  0x00007f8d42817000 JavaThread "Service Thread" daemon [_thread_blocked, id=21507, stack(0x000070000d742000,0x000070000d842000)]
  0x00007f8d43004000 JavaThread "C1 CompilerThread3" daemon [_thread_blocked, id=20995, stack(0x000070000d63f000,0x000070000d73f000)]
  0x00007f8d41844000 JavaThread "C2 CompilerThread2" daemon [_thread_blocked, id=20483, stack(0x000070000d53c000,0x000070000d63c000)]
  0x00007f8d40018800 JavaThread "C2 CompilerThread1" daemon [_thread_blocked, id=19971, stack(0x000070000d439000,0x000070000d539000)]
  0x00007f8d43804000 JavaThread "C2 CompilerThread0" daemon [_thread_blocked, id=19459, stack(0x000070000d336000,0x000070000d436000)]
  0x00007f8d42007800 JavaThread "Signal Dispatcher" daemon [_thread_blocked, id=18947, stack(0x000070000d233000,0x000070000d333000)]
  0x00007f8d40003800 JavaThread "Finalizer" daemon [_thread_blocked, id=14595, stack(0x000070000d0ad000,0x000070000d1ad000)]
  0x00007f8d42000800 JavaThread "Reference Handler" daemon [_thread_blocked, id=14083, stack(0x000070000cfaa000,0x000070000d0aa000)]

Other Threads:
  0x00007f8d40805800 VMThread [stack: 0x000070000cea7000,0x000070000cfa7000] [id=13571]
  0x00007f8d41845800 WatcherThread [stack: 0x000070000d845000,0x000070000d945000] [id=22019]

VM state:not at safepoint (normal execution)

VM Mutex/Monitor currently owned by a thread: None

Heap:
 PSYoungGen      total 265216K, used 92546K [0x000000076ab00000, 0x0000000789800000, 0x00000007c0000000)
  eden space 246784K, 37% used [0x000000076ab00000,0x00000007705608a8,0x0000000779c00000)
  from space 18432K, 0% used [0x0000000779c00000,0x0000000779c00000,0x000000077ae00000)
  to   space 19968K, 0% used [0x0000000788480000,0x0000000788480000,0x0000000789800000)
 ParOldGen       total 133632K, used 27775K [0x00000006c0000000, 0x00000006c8280000, 0x000000076ab00000)
  object space 133632K, 20% used [0x00000006c0000000,0x00000006c1b1fd58,0x00000006c8280000)
 Metaspace       used 40952K, capacity 41540K, committed 41728K, reserved 1085440K
  class space    used 5150K, capacity 5285K, committed 5376K, reserved 1048576K

Card table byte_map: [0x000000011ccb8000,0x000000011d4b9000] byte_map_base: 0x00000001196b8000

Marking Bits: (ParMarkBitMap*) 0x000000010ba0fe20
 Begin Bits: [0x000000011d4b9000, 0x00000001214b9000)
 End Bits:   [0x00000001214b9000, 0x00000001254b9000)

Polling page: 0x000000010c0fd000

CodeCache: size=245760Kb used=15105Kb max_used=15331Kb free=230654Kb
 bounds [0x000000010dcb8000, 0x000000010ebc8000, 0x000000011ccb8000]
 total_blobs=4620 nmethods=4183 adapters=350
 compilation: enabled

Compilation events (10 events):
Event: 74.675 Thread 0x00007f8d43004000 4878       3       java.util.concurrent.ConcurrentHashMap$KeyIterator::<init> (12 bytes)
Event: 74.675 Thread 0x00007f8d43004000 nmethod 4878 0x000000010e4cc990 code [0x000000010e4ccb20, 0x000000010e4ccdf8]
Event: 81.511 Thread 0x00007f8d43004000 4879   !   3       org.apache.tomcat.util.net.NioEndpoint$Poller::events (81 bytes)
Event: 81.512 Thread 0x00007f8d43004000 nmethod 4879 0x000000010e4cdb10 code [0x000000010e4cdd20, 0x000000010e4ce5f8]
Event: 95.562 Thread 0x00007f8d40018800 4880       4       java.util.HashMap::keySet (27 bytes)
Event: 95.563 Thread 0x00007f8d40018800 nmethod 4880 0x000000010e4cd750 code [0x000000010e4cd8a0, 0x000000010e4cd9b8]
Event: 96.751 Thread 0x00007f8d43004000 4881       3       java.lang.Thread::isInterrupted (6 bytes)
Event: 96.751 Thread 0x00007f8d43004000 nmethod 4881 0x000000010e7e2a10 code [0x000000010e7e2b80, 0x000000010e7e2d08]
Event: 97.568 Thread 0x00007f8d43004000 4882       3       java.util.LinkedList::poll (19 bytes)
Event: 97.568 Thread 0x00007f8d43004000 nmethod 4882 0x000000010e52f350 code [0x000000010e52f4c0, 0x000000010e52f6a8]

GC Heap History (10 events):
Event: 11.686 GC heap before
{Heap before GC invocations=5 (full 1):
 PSYoungGen      total 141824K, used 10742K [0x000000076ab00000, 0x0000000774000000, 0x00000007c0000000)
  eden space 131072K, 0% used [0x000000076ab00000,0x000000076ab00000,0x0000000772b00000)
  from space 10752K, 99% used [0x0000000773580000,0x0000000773ffd980,0x0000000774000000)
  to   space 10752K, 0% used [0x0000000772b00000,0x0000000772b00000,0x0000000773580000)
 ParOldGen       total 175104K, used 2670K [0x00000006c0000000, 0x00000006cab00000, 0x000000076ab00000)
  object space 175104K, 1% used [0x00000006c0000000,0x00000006c029ba90,0x00000006cab00000)
 Metaspace       used 20910K, capacity 21198K, committed 21296K, reserved 1069056K
  class space    used 2554K, capacity 2646K, committed 2688K, reserved 1048576K
Event: 11.725 GC heap after
Heap after GC invocations=5 (full 1):
 PSYoungGen      total 141824K, used 0K [0x000000076ab00000, 0x0000000774000000, 0x00000007c0000000)
  eden space 131072K, 0% used [0x000000076ab00000,0x000000076ab00000,0x0000000772b00000)
  from space 10752K, 0% used [0x0000000773580000,0x0000000773580000,0x0000000774000000)
  to   space 10752K, 0% used [0x0000000772b00000,0x0000000772b00000,0x0000000773580000)
 ParOldGen       total 85504K, used 11041K [0x00000006c0000000, 0x00000006c5380000, 0x000000076ab00000)
  object space 85504K, 12% used [0x00000006c0000000,0x00000006c0ac8520,0x00000006c5380000)
 Metaspace       used 20910K, capacity 21198K, committed 21296K, reserved 1069056K
  class space    used 2554K, capacity 2646K, committed 2688K, reserved 1048576K
}
Event: 12.660 GC heap before
{Heap before GC invocations=6 (full 1):
 PSYoungGen      total 141824K, used 131072K [0x000000076ab00000, 0x0000000774000000, 0x00000007c0000000)
  eden space 131072K, 100% used [0x000000076ab00000,0x0000000772b00000,0x0000000772b00000)
  from space 10752K, 0% used [0x0000000773580000,0x0000000773580000,0x0000000774000000)
  to   space 10752K, 0% used [0x0000000772b00000,0x0000000772b00000,0x0000000773580000)
 ParOldGen       total 85504K, used 11041K [0x00000006c0000000, 0x00000006c5380000, 0x000000076ab00000)
  object space 85504K, 12% used [0x00000006c0000000,0x00000006c0ac8520,0x00000006c5380000)
 Metaspace       used 27702K, capacity 28050K, committed 28416K, reserved 1075200K
  class space    used 3415K, capacity 3516K, committed 3584K, reserved 1048576K
Event: 12.679 GC heap after
Heap after GC invocations=6 (full 1):
 PSYoungGen      total 141824K, used 10726K [0x000000076ab00000, 0x000000077c300000, 0x00000007c0000000)
  eden space 131072K, 0% used [0x000000076ab00000,0x000000076ab00000,0x0000000772b00000)
  from space 10752K, 99% used [0x0000000772b00000,0x0000000773579928,0x0000000773580000)
  to   space 18944K, 0% used [0x000000077b080000,0x000000077b080000,0x000000077c300000)
 ParOldGen       total 85504K, used 21070K [0x00000006c0000000, 0x00000006c5380000, 0x000000076ab00000)
  object space 85504K, 24% used [0x00000006c0000000,0x00000006c14938a8,0x00000006c5380000)
 Metaspace       used 27702K, capacity 28050K, committed 28416K, reserved 1075200K
  class space    used 3415K, capacity 3516K, committed 3584K, reserved 1048576K
}
Event: 13.435 GC heap before
{Heap before GC invocations=7 (full 1):
 PSYoungGen      total 141824K, used 141798K [0x000000076ab00000, 0x000000077c300000, 0x00000007c0000000)
  eden space 131072K, 100% used [0x000000076ab00000,0x0000000772b00000,0x0000000772b00000)
  from space 10752K, 99% used [0x0000000772b00000,0x0000000773579928,0x0000000773580000)
  to   space 18944K, 0% used [0x000000077b080000,0x000000077b080000,0x000000077c300000)
 ParOldGen       total 85504K, used 21070K [0x00000006c0000000, 0x00000006c5380000, 0x000000076ab00000)
  object space 85504K, 24% used [0x00000006c0000000,0x00000006c14938a8,0x00000006c5380000)
 Metaspace       used 31195K, capacity 31618K, committed 31744K, reserved 1077248K
  class space    used 3881K, capacity 4004K, committed 4096K, reserved 1048576K
Event: 13.446 GC heap after
Heap after GC invocations=7 (full 1):
 PSYoungGen      total 262656K, used 12547K [0x000000076ab00000, 0x000000077c000000, 0x00000007c0000000)
  eden space 246784K, 0% used [0x000000076ab00000,0x000000076ab00000,0x0000000779c00000)
  from space 15872K, 79% used [0x000000077b080000,0x000000077bcc0ff8,0x000000077c000000)
  to   space 18432K, 0% used [0x0000000779c00000,0x0000000779c00000,0x000000077ae00000)
 ParOldGen       total 85504K, used 21078K [0x00000006c0000000, 0x00000006c5380000, 0x000000076ab00000)
  object space 85504K, 24% used [0x00000006c0000000,0x00000006c14958a8,0x00000006c5380000)
 Metaspace       used 31195K, capacity 31618K, committed 31744K, reserved 1077248K
  class space    used 3881K, capacity 4004K, committed 4096K, reserved 1048576K
}
Event: 14.063 GC heap before
{Heap before GC invocations=8 (full 1):
 PSYoungGen      total 262656K, used 147714K [0x000000076ab00000, 0x000000077c000000, 0x00000007c0000000)
  eden space 246784K, 54% used [0x000000076ab00000,0x0000000772effb08,0x0000000779c00000)
  from space 15872K, 79% used [0x000000077b080000,0x000000077bcc0ff8,0x000000077c000000)
  to   space 18432K, 0% used [0x0000000779c00000,0x0000000779c00000,0x000000077ae00000)
 ParOldGen       total 85504K, used 21078K [0x00000006c0000000, 0x00000006c5380000, 0x000000076ab00000)
  object space 85504K, 24% used [0x00000006c0000000,0x00000006c14958a8,0x00000006c5380000)
 Metaspace       used 34866K, capacity 35296K, committed 35496K, reserved 1081344K
  class space    used 4412K, capacity 4521K, committed 4608K, reserved 1048576K
Event: 14.079 GC heap after
Heap after GC invocations=8 (full 1):
 PSYoungGen      total 265216K, used 17517K [0x000000076ab00000, 0x0000000789800000, 0x00000007c0000000)
  eden space 246784K, 0% used [0x000000076ab00000,0x000000076ab00000,0x0000000779c00000)
  from space 18432K, 95% used [0x0000000779c00000,0x000000077ad1b500,0x000000077ae00000)
  to   space 19968K, 0% used [0x0000000788480000,0x0000000788480000,0x0000000789800000)
 ParOldGen       total 85504K, used 21086K [0x00000006c0000000, 0x00000006c5380000, 0x000000076ab00000)
  object space 85504K, 24% used [0x00000006c0000000,0x00000006c14978a8,0x00000006c5380000)
 Metaspace       used 34866K, capacity 35296K, committed 35496K, reserved 1081344K
  class space    used 4412K, capacity 4521K, committed 4608K, reserved 1048576K
}
Event: 14.079 GC heap before
{Heap before GC invocations=9 (full 2):
 PSYoungGen      total 265216K, used 17517K [0x000000076ab00000, 0x0000000789800000, 0x00000007c0000000)
  eden space 246784K, 0% used [0x000000076ab00000,0x000000076ab00000,0x0000000779c00000)
  from space 18432K, 95% used [0x0000000779c00000,0x000000077ad1b500,0x000000077ae00000)
  to   space 19968K, 0% used [0x0000000788480000,0x0000000788480000,0x0000000789800000)
 ParOldGen       total 85504K, used 21086K [0x00000006c0000000, 0x00000006c5380000, 0x000000076ab00000)
  object space 85504K, 24% used [0x00000006c0000000,0x00000006c14978a8,0x00000006c5380000)
 Metaspace       used 34866K, capacity 35296K, committed 35496K, reserved 1081344K
  class space    used 4412K, capacity 4521K, committed 4608K, reserved 1048576K
Event: 14.139 GC heap after
Heap after GC invocations=9 (full 2):
 PSYoungGen      total 265216K, used 0K [0x000000076ab00000, 0x0000000789800000, 0x00000007c0000000)
  eden space 246784K, 0% used [0x000000076ab00000,0x000000076ab00000,0x0000000779c00000)
  from space 18432K, 0% used [0x0000000779c00000,0x0000000779c00000,0x000000077ae00000)
  to   space 19968K, 0% used [0x0000000788480000,0x0000000788480000,0x0000000789800000)
 ParOldGen       total 133632K, used 27775K [0x00000006c0000000, 0x00000006c8280000, 0x000000076ab00000)
  object space 133632K, 20% used [0x00000006c0000000,0x00000006c1b1fd58,0x00000006c8280000)
 Metaspace       used 34866K, capacity 35296K, committed 35496K, reserved 1081344K
  class space    used 4412K, capacity 4521K, committed 4608K, reserved 1048576K
}

Deoptimization events (10 events):
Event: 20.478 Thread 0x00007f8d4493a800 Uncommon trap: reason=unstable_if action=reinterpret pc=0x000000010e0f530c method=java.net.URI.match(CJJ)Z @ 45
Event: 20.506 Thread 0x00007f8d4493a800 Uncommon trap: reason=unstable_if action=reinterpret pc=0x000000010df69ae0 method=java.lang.CharacterDataLatin1.isWhitespace(I)Z @ 14
Event: 20.564 Thread 0x00007f8d4493a800 Uncommon trap: reason=unstable_if action=reinterpret pc=0x000000010e7afc00 method=java.lang.ClassLoader.getClassLoadingLock(Ljava/lang/String;)Ljava/lang/Object; @ 6
Event: 20.565 Thread 0x00007f8d4493a800 Uncommon trap: reason=bimorphic action=maybe_recompile pc=0x000000010e7aa6c0 method=java.lang.ClassLoader.loadClass(Ljava/lang/String;Z)Ljava/lang/Class; @ 2
Event: 20.565 Thread 0x00007f8d4493a800 Uncommon trap: reason=bimorphic action=maybe_recompile pc=0x000000010e7aa6c0 method=java.lang.ClassLoader.loadClass(Ljava/lang/String;Z)Ljava/lang/Class; @ 2
Event: 20.565 Thread 0x00007f8d4493a800 Uncommon trap: reason=bimorphic action=maybe_recompile pc=0x000000010e7aa6c0 method=java.lang.ClassLoader.loadClass(Ljava/lang/String;Z)Ljava/lang/Class; @ 2
Event: 20.566 Thread 0x00007f8d4493a800 Uncommon trap: reason=bimorphic action=maybe_recompile pc=0x000000010e7aa6c0 method=java.lang.ClassLoader.loadClass(Ljava/lang/String;Z)Ljava/lang/Class; @ 2
Event: 20.616 Thread 0x00007f8d4493a800 Uncommon trap: reason=class_check action=maybe_recompile pc=0x000000010e6726c4 method=java.lang.StringCoding$StringDecoder.charsetName()Ljava/lang/String; @ 4
Event: 20.627 Thread 0x00007f8d4493a800 Uncommon trap: reason=unstable_if action=reinterpret pc=0x000000010e5ea890 method=java.security.CodeSource.getCertificates()[Ljava/security/cert/Certificate; @ 22
Event: 20.679 Thread 0x00007f8d4493a800 Uncommon trap: reason=class_check action=maybe_recompile pc=0x000000010e5b8998 method=java.util.AbstractList$Itr.hasNext()Z @ 8

Internal exceptions (10 events):
Event: 20.409 Thread 0x00007f8d4493a800 Exception <a 'java/lang/ClassNotFoundException': org/springframework/web/servlet/theme/AbstractThemeResolverCustomizer> (0x000000076e32b800) thrown at [/Users/java_re/workspace/8-2-build-macosx-x86_64/jdk8u65/4987/hotspot/src/share/vm/classfile/systemDict
Event: 20.409 Thread 0x00007f8d4493a800 Exception <a 'java/lang/ClassNotFoundException': org/springframework/web/servlet/theme/FixedThemeResolverCustomizer> (0x000000076e34a680) thrown at [/Users/java_re/workspace/8-2-build-macosx-x86_64/jdk8u65/4987/hotspot/src/share/vm/classfile/systemDiction
Event: 20.410 Thread 0x00007f8d4493a800 Exception <a 'java/lang/ClassNotFoundException': org/springframework/web/servlet/ThemeResolverCustomizer> (0x000000076e366810) thrown at [/Users/java_re/workspace/8-2-build-macosx-x86_64/jdk8u65/4987/hotspot/src/share/vm/classfile/systemDictionary.cpp, li
Event: 20.412 Thread 0x00007f8d4493a800 Exception <a 'java/lang/ClassNotFoundException': java/lang/ObjectCustomizer> (0x000000076e385c38) thrown at [/Users/java_re/workspace/8-2-build-macosx-x86_64/jdk8u65/4987/hotspot/src/share/vm/classfile/systemDictionary.cpp, line 210]
Event: 20.412 Thread 0x00007f8d4493a800 Exception <a 'java/lang/ClassNotFoundException': org/springframework/web/servlet/view/DefaultRequestToViewNameTranslatorCustomizer> (0x000000076e3a8e48) thrown at [/Users/java_re/workspace/8-2-build-macosx-x86_64/jdk8u65/4987/hotspot/src/share/vm/classfil
Event: 20.413 Thread 0x00007f8d4493a800 Exception <a 'java/lang/ClassNotFoundException': org/springframework/web/servlet/RequestToViewNameTranslatorCustomizer> (0x000000076e3d7208) thrown at [/Users/java_re/workspace/8-2-build-macosx-x86_64/jdk8u65/4987/hotspot/src/share/vm/classfile/systemDict
Event: 20.415 Thread 0x00007f8d4493a800 Exception <a 'java/lang/ClassNotFoundException': java/lang/ObjectCustomizer> (0x000000076e406b10) thrown at [/Users/java_re/workspace/8-2-build-macosx-x86_64/jdk8u65/4987/hotspot/src/share/vm/classfile/systemDictionary.cpp, line 210]
Event: 20.415 Thread 0x00007f8d4493a800 Exception <a 'java/lang/ClassNotFoundException': org/springframework/web/servlet/support/AbstractFlashMapManagerCustomizer> (0x000000076e427ae0) thrown at [/Users/java_re/workspace/8-2-build-macosx-x86_64/jdk8u65/4987/hotspot/src/share/vm/classfile/system
Event: 20.416 Thread 0x00007f8d4493a800 Exception <a 'java/lang/ClassNotFoundException': org/springframework/web/servlet/support/SessionFlashMapManagerCustomizer> (0x000000076e44c938) thrown at [/Users/java_re/workspace/8-2-build-macosx-x86_64/jdk8u65/4987/hotspot/src/share/vm/classfile/systemD
Event: 20.416 Thread 0x00007f8d4493a800 Exception <a 'java/lang/ClassNotFoundException': org/springframework/web/servlet/FlashMapManagerCustomizer> (0x000000076e468a18) thrown at [/Users/java_re/workspace/8-2-build-macosx-x86_64/jdk8u65/4987/hotspot/src/share/vm/classfile/systemDictionary.cpp, 

Events (10 events):
Event: 74.675 Thread 0x00007f8d43004000 flushing nmethod 0x000000010e4cc290
Event: 74.675 Thread 0x00007f8d43004000 flushing nmethod 0x000000010e4cd750
Event: 74.675 Thread 0x00007f8d43004000 flushing nmethod 0x000000010e52f350
Event: 74.675 Thread 0x00007f8d43004000 flushing nmethod 0x000000010e586990
Event: 74.675 Thread 0x00007f8d43004000 flushing nmethod 0x000000010e5bc550
Event: 81.513 Thread 0x00007f8d43004000 flushing nmethod 0x000000010e67cc90
Event: 95.563 Thread 0x00007f8d40018800 flushing nmethod 0x000000010e7e2a10
Event: 95.563 Thread 0x00007f8d40018800 flushing nmethod 0x000000010e825d10
Event: 95.563 Thread 0x00007f8d40018800 flushing nmethod 0x000000010e861c50
Event: 95.563 Thread 0x00007f8d40018800 flushing nmethod 0x000000010e87efd0


Dynamic libraries:
0x00000000414c9000 	/System/Library/Frameworks/Cocoa.framework/Versions/A/Cocoa
0x00000000414c9000 	/System/Library/Frameworks/Security.framework/Versions/A/Security
0x00000000414c9000 	/System/Library/Frameworks/ApplicationServices.framework/Versions/A/ApplicationServices
0x00000000414c9000 	/usr/lib/libz.1.dylib
0x00000000414c9000 	/usr/lib/libSystem.B.dylib
0x00000000414c9000 	/usr/lib/libobjc.A.dylib
0x00000000414c9000 	/System/Library/Frameworks/CoreFoundation.framework/Versions/A/CoreFoundation
0x00000000414c9000 	/System/Library/Frameworks/Foundation.framework/Versions/C/Foundation
0x00000000414c9000 	/System/Library/Frameworks/AppKit.framework/Versions/C/AppKit
0x00000000414c9000 	/System/Library/Frameworks/CoreData.framework/Versions/A/CoreData
0x00000000414c9000 	/System/Library/PrivateFrameworks/RemoteViewServices.framework/Versions/A/RemoteViewServices
0x00000000414c9000 	/System/Library/PrivateFrameworks/UIFoundation.framework/Versions/A/UIFoundation
0x00000000414c9000 	/System/Library/PrivateFrameworks/DFRFoundation.framework/Versions/A/DFRFoundation
0x00000000414c9000 	/usr/lib/libenergytrace.dylib
0x00000000414c9000 	/System/Library/PrivateFrameworks/SkyLight.framework/Versions/A/SkyLight
0x00000000414c9000 	/System/Library/Frameworks/CoreGraphics.framework/Versions/A/CoreGraphics
0x00000000414c9000 	/usr/lib/libScreenReader.dylib
0x00000000414c9000 	/System/Library/Frameworks/Accelerate.framework/Versions/A/Accelerate
0x00000000414c9000 	/System/Library/Frameworks/IOSurface.framework/Versions/A/IOSurface
0x00000000414c9000 	/System/Library/Frameworks/AudioToolbox.framework/Versions/A/AudioToolbox
0x00000000414c9000 	/System/Library/Frameworks/AudioUnit.framework/Versions/A/AudioUnit
0x00000000414c9000 	/System/Library/PrivateFrameworks/DataDetectorsCore.framework/Versions/A/DataDetectorsCore
0x00000000414c9000 	/System/Library/PrivateFrameworks/DesktopServicesPriv.framework/Versions/A/DesktopServicesPriv
0x00000000414c9000 	/System/Library/Frameworks/Carbon.framework/Versions/A/Frameworks/HIToolbox.framework/Versions/A/HIToolbox
0x00000000414c9000 	/usr/lib/libicucore.A.dylib
0x00000000414c9000 	/System/Library/Frameworks/QuartzCore.framework/Versions/A/QuartzCore
0x00000000414c9000 	/System/Library/Frameworks/Carbon.framework/Versions/A/Frameworks/SpeechRecognition.framework/Versions/A/SpeechRecognition
0x00000000414c9000 	/usr/lib/libauto.dylib
0x00000000414c9000 	/usr/lib/libxml2.2.dylib
0x00000000414c9000 	/System/Library/PrivateFrameworks/CoreUI.framework/Versions/A/CoreUI
0x00000000414c9000 	/System/Library/Frameworks/CoreAudio.framework/Versions/A/CoreAudio
0x00000000414c9000 	/System/Library/Frameworks/DiskArbitration.framework/Versions/A/DiskArbitration
0x00000000414c9000 	/usr/lib/liblangid.dylib
0x00000000414c9000 	/System/Library/PrivateFrameworks/MultitouchSupport.framework/Versions/A/MultitouchSupport
0x00000000414c9000 	/System/Library/Frameworks/IOKit.framework/Versions/A/IOKit
0x00000000414c9000 	/usr/lib/libDiagnosticMessagesClient.dylib
0x00000000414c9000 	/System/Library/Frameworks/CoreServices.framework/Versions/A/CoreServices
0x00000000414c9000 	/System/Library/PrivateFrameworks/PerformanceAnalysis.framework/Versions/A/PerformanceAnalysis
0x00000000414c9000 	/System/Library/PrivateFrameworks/GenerationalStorage.framework/Versions/A/GenerationalStorage
0x00000000414c9000 	/System/Library/Frameworks/OpenGL.framework/Versions/A/OpenGL
0x00000000414c9000 	/System/Library/Frameworks/CoreImage.framework/Versions/A/CoreImage
0x00000000414c9000 	/System/Library/Frameworks/CoreText.framework/Versions/A/CoreText
0x00000000414c9000 	/System/Library/Frameworks/ImageIO.framework/Versions/A/ImageIO
0x00000000414c9000 	/System/Library/PrivateFrameworks/Backup.framework/Versions/A/Backup
0x00000000414c9000 	/usr/lib/libarchive.2.dylib
0x00000000414c9000 	/System/Library/Frameworks/CFNetwork.framework/Versions/A/CFNetwork
0x00000000414c9000 	/System/Library/Frameworks/SystemConfiguration.framework/Versions/A/SystemConfiguration
0x00000000414c9000 	/usr/lib/libCRFSuite.dylib
0x00000000414c9000 	/usr/lib/libc++.1.dylib
0x00000000414c9000 	/usr/lib/libc++abi.dylib
0x00000000414c9000 	/usr/lib/system/libcache.dylib
0x00000000414c9000 	/usr/lib/system/libcommonCrypto.dylib
0x00000000414c9000 	/usr/lib/system/libcompiler_rt.dylib
0x00000000414c9000 	/usr/lib/system/libcopyfile.dylib
0x00000000414c9000 	/usr/lib/system/libcorecrypto.dylib
0x00000000414c9000 	/usr/lib/system/libdispatch.dylib
0x00000000414c9000 	/usr/lib/system/libdyld.dylib
0x00000000414c9000 	/usr/lib/system/libkeymgr.dylib
0x00000000414c9000 	/usr/lib/system/liblaunch.dylib
0x00000000414c9000 	/usr/lib/system/libmacho.dylib
0x00000000414c9000 	/usr/lib/system/libquarantine.dylib
0x00000000414c9000 	/usr/lib/system/libremovefile.dylib
0x00000000414c9000 	/usr/lib/system/libsystem_asl.dylib
0x00000000414c9000 	/usr/lib/system/libsystem_blocks.dylib
0x00000000414c9000 	/usr/lib/system/libsystem_c.dylib
0x00000000414c9000 	/usr/lib/system/libsystem_configuration.dylib
0x00000000414c9000 	/usr/lib/system/libsystem_coreservices.dylib
0x00000000414c9000 	/usr/lib/system/libsystem_coretls.dylib
0x00000000414c9000 	/usr/lib/system/libsystem_dnssd.dylib
0x00000000414c9000 	/usr/lib/system/libsystem_info.dylib
0x00000000414c9000 	/usr/lib/system/libsystem_kernel.dylib
0x00000000414c9000 	/usr/lib/system/libsystem_m.dylib
0x00000000414c9000 	/usr/lib/system/libsystem_malloc.dylib
0x00000000414c9000 	/usr/lib/system/libsystem_network.dylib
0x00000000414c9000 	/usr/lib/system/libsystem_networkextension.dylib
0x00000000414c9000 	/usr/lib/system/libsystem_notify.dylib
0x00000000414c9000 	/usr/lib/system/libsystem_platform.dylib
0x00000000414c9000 	/usr/lib/system/libsystem_pthread.dylib
0x00000000414c9000 	/usr/lib/system/libsystem_sandbox.dylib
0x00000000414c9000 	/usr/lib/system/libsystem_secinit.dylib
0x00000000414c9000 	/usr/lib/system/libsystem_symptoms.dylib
0x00000000414c9000 	/usr/lib/system/libsystem_trace.dylib
0x00000000414c9000 	/usr/lib/system/libunwind.dylib
0x00000000414c9000 	/usr/lib/system/libxpc.dylib
0x00000000414c9000 	/usr/lib/libbsm.0.dylib
0x00000000414c9000 	/usr/lib/system/libkxld.dylib
0x00000000414c9000 	/usr/lib/libcoretls.dylib
0x00000000414c9000 	/usr/lib/libcoretls_cfhelpers.dylib
0x00000000414c9000 	/usr/lib/libxar.1.dylib
0x00000000414c9000 	/usr/lib/libsqlite3.dylib
0x00000000414c9000 	/usr/lib/libpam.2.dylib
0x00000000414c9000 	/usr/lib/libOpenScriptingUtil.dylib
0x00000000414c9000 	/usr/lib/libbz2.1.0.dylib
0x00000000414c9000 	/usr/lib/liblzma.5.dylib
0x00000000414c9000 	/usr/lib/libnetwork.dylib
0x00000000414c9000 	/usr/lib/libpcap.A.dylib
0x00000000414c9000 	/System/Library/Frameworks/CoreServices.framework/Versions/A/Frameworks/FSEvents.framework/Versions/A/FSEvents
0x00000000414c9000 	/System/Library/Frameworks/CoreServices.framework/Versions/A/Frameworks/CarbonCore.framework/Versions/A/CarbonCore
0x00000000414c9000 	/System/Library/Frameworks/CoreServices.framework/Versions/A/Frameworks/Metadata.framework/Versions/A/Metadata
0x00000000414c9000 	/System/Library/Frameworks/CoreServices.framework/Versions/A/Frameworks/OSServices.framework/Versions/A/OSServices
0x00000000414c9000 	/System/Library/Frameworks/CoreServices.framework/Versions/A/Frameworks/SearchKit.framework/Versions/A/SearchKit
0x00000000414c9000 	/System/Library/Frameworks/CoreServices.framework/Versions/A/Frameworks/AE.framework/Versions/A/AE
0x00000000414c9000 	/System/Library/Frameworks/CoreServices.framework/Versions/A/Frameworks/LaunchServices.framework/Versions/A/LaunchServices
0x00000000414c9000 	/System/Library/Frameworks/CoreServices.framework/Versions/A/Frameworks/DictionaryServices.framework/Versions/A/DictionaryServices
0x00000000414c9000 	/System/Library/Frameworks/CoreServices.framework/Versions/A/Frameworks/SharedFileList.framework/Versions/A/SharedFileList
0x00000000414c9000 	/System/Library/Frameworks/NetFS.framework/Versions/A/NetFS
0x00000000414c9000 	/System/Library/PrivateFrameworks/NetAuth.framework/Versions/A/NetAuth
0x00000000414c9000 	/System/Library/PrivateFrameworks/login.framework/Versions/A/Frameworks/loginsupport.framework/Versions/A/loginsupport
0x00000000414c9000 	/System/Library/PrivateFrameworks/TCC.framework/Versions/A/TCC
0x00000000414c9000 	/usr/lib/libmecabra.dylib
0x00000000414c9000 	/System/Library/Frameworks/ApplicationServices.framework/Versions/A/Frameworks/ATS.framework/Versions/A/ATS
0x00000000414c9000 	/System/Library/Frameworks/ApplicationServices.framework/Versions/A/Frameworks/ColorSync.framework/Versions/A/ColorSync
0x00000000414c9000 	/System/Library/Frameworks/ApplicationServices.framework/Versions/A/Frameworks/HIServices.framework/Versions/A/HIServices
0x00000000414c9000 	/System/Library/Frameworks/ApplicationServices.framework/Versions/A/Frameworks/LangAnalysis.framework/Versions/A/LangAnalysis
0x00000000414c9000 	/System/Library/Frameworks/ApplicationServices.framework/Versions/A/Frameworks/PrintCore.framework/Versions/A/PrintCore
0x00000000414c9000 	/System/Library/Frameworks/ApplicationServices.framework/Versions/A/Frameworks/QD.framework/Versions/A/QD
0x00000000414c9000 	/System/Library/Frameworks/ApplicationServices.framework/Versions/A/Frameworks/SpeechSynthesis.framework/Versions/A/SpeechSynthesis
0x00000000414c9000 	/System/Library/Frameworks/Accelerate.framework/Versions/A/Frameworks/vImage.framework/Versions/A/vImage
0x00000000414c9000 	/System/Library/Frameworks/Accelerate.framework/Versions/A/Frameworks/vecLib.framework/Versions/A/vecLib
0x00000000414c9000 	/System/Library/Frameworks/Accelerate.framework/Versions/A/Frameworks/vecLib.framework/Versions/A/libvDSP.dylib
0x00000000414c9000 	/System/Library/Frameworks/Accelerate.framework/Versions/A/Frameworks/vecLib.framework/Versions/A/libBNNS.dylib
0x00000000414c9000 	/System/Library/Frameworks/Accelerate.framework/Versions/A/Frameworks/vecLib.framework/Versions/A/libQuadrature.dylib
0x00000000414c9000 	/System/Library/Frameworks/Accelerate.framework/Versions/A/Frameworks/vecLib.framework/Versions/A/libvMisc.dylib
0x00000000414c9000 	/System/Library/Frameworks/Accelerate.framework/Versions/A/Frameworks/vecLib.framework/Versions/A/libLAPACK.dylib
0x00000000414c9000 	/System/Library/Frameworks/Accelerate.framework/Versions/A/Frameworks/vecLib.framework/Versions/A/libBLAS.dylib
0x00000000414c9000 	/System/Library/Frameworks/Accelerate.framework/Versions/A/Frameworks/vecLib.framework/Versions/A/libLinearAlgebra.dylib
0x00000000414c9000 	/System/Library/Frameworks/Accelerate.framework/Versions/A/Frameworks/vecLib.framework/Versions/A/libSparseBLAS.dylib
0x00000000414c9000 	/System/Library/Frameworks/ApplicationServices.framework/Versions/A/Frameworks/ATS.framework/Versions/A/Resources/libFontParser.dylib
0x00000000414c9000 	/System/Library/Frameworks/ApplicationServices.framework/Versions/A/Frameworks/ATS.framework/Versions/A/Resources/libFontRegistry.dylib
0x00000000414c9000 	/System/Library/Frameworks/ImageIO.framework/Versions/A/Resources/libJPEG.dylib
0x00000000414c9000 	/System/Library/Frameworks/ImageIO.framework/Versions/A/Resources/libTIFF.dylib
0x00000000414c9000 	/System/Library/Frameworks/ImageIO.framework/Versions/A/Resources/libPng.dylib
0x00000000414c9000 	/System/Library/Frameworks/ImageIO.framework/Versions/A/Resources/libGIF.dylib
0x00000000414c9000 	/System/Library/Frameworks/ImageIO.framework/Versions/A/Resources/libJP2.dylib
0x00000000414c9000 	/System/Library/Frameworks/ImageIO.framework/Versions/A/Resources/libRadiance.dylib
0x00000000414c9000 	/usr/lib/libcompression.dylib
0x00000000414c9000 	/System/Library/PrivateFrameworks/AppleJPEG.framework/Versions/A/AppleJPEG
0x00000000414c9000 	/usr/lib/libcups.2.dylib
0x00000000414c9000 	/System/Library/Frameworks/Kerberos.framework/Versions/A/Kerberos
0x00000000414c9000 	/System/Library/Frameworks/GSS.framework/Versions/A/GSS
0x00000000414c9000 	/usr/lib/libresolv.9.dylib
0x00000000414c9000 	/usr/lib/libiconv.2.dylib
0x00000000414c9000 	/System/Library/PrivateFrameworks/Heimdal.framework/Versions/A/Heimdal
0x00000000414c9000 	/usr/lib/libheimdal-asn1.dylib
0x00000000414c9000 	/System/Library/Frameworks/OpenDirectory.framework/Versions/A/OpenDirectory
0x00000000414c9000 	/System/Library/PrivateFrameworks/CommonAuth.framework/Versions/A/CommonAuth
0x00000000414c9000 	/System/Library/Frameworks/OpenDirectory.framework/Versions/A/Frameworks/CFOpenDirectory.framework/Versions/A/CFOpenDirectory
0x00000000414c9000 	/System/Library/Frameworks/SecurityFoundation.framework/Versions/A/SecurityFoundation
0x00000000414c9000 	/System/Library/PrivateFrameworks/LanguageModeling.framework/Versions/A/LanguageModeling
0x00000000414c9000 	/usr/lib/libmarisa.dylib
0x00000000414c9000 	/usr/lib/libChineseTokenizer.dylib
0x00000000414c9000 	/usr/lib/libcmph.dylib
0x00000000414c9000 	/System/Library/PrivateFrameworks/CoreEmoji.framework/Versions/A/CoreEmoji
0x00000000414c9000 	/System/Library/Frameworks/ServiceManagement.framework/Versions/A/ServiceManagement
0x00000000414c9000 	/usr/lib/libxslt.1.dylib
0x00000000414c9000 	/System/Library/Frameworks/Carbon.framework/Versions/A/Frameworks/Ink.framework/Versions/A/Ink
0x00000000414c9000 	/System/Library/PrivateFrameworks/TextureIO.framework/Versions/A/TextureIO
0x00000000414c9000 	/System/Library/Frameworks/Metal.framework/Versions/A/Metal
0x00000000414c9000 	/usr/lib/libate.dylib
0x00000000414c9000 	/System/Library/PrivateFrameworks/GPUCompiler.framework/libmetal_timestamp.dylib
0x00000000414c9000 	/System/Library/Frameworks/OpenGL.framework/Versions/A/Libraries/libCoreFSCache.dylib
0x00000000414c9000 	/System/Library/PrivateFrameworks/IOAccelerator.framework/Versions/A/IOAccelerator
0x00000000414c9000 	/System/Library/Frameworks/CoreVideo.framework/Versions/A/CoreVideo
0x00000000414c9000 	/usr/lib/libFosl_dynamic.dylib
0x00000000414c9000 	/System/Library/PrivateFrameworks/MetalPerformanceShaders.framework/Versions/A/MetalPerformanceShaders
0x00000000414c9000 	/System/Library/PrivateFrameworks/FaceCore.framework/Versions/A/FaceCore
0x00000000414c9000 	/System/Library/Frameworks/OpenCL.framework/Versions/A/OpenCL
0x00000000414c9000 	/System/Library/Frameworks/OpenGL.framework/Versions/A/Libraries/libGLU.dylib
0x00000000414c9000 	/System/Library/Frameworks/OpenGL.framework/Versions/A/Libraries/libGFXShared.dylib
0x00000000414c9000 	/System/Library/Frameworks/OpenGL.framework/Versions/A/Libraries/libGL.dylib
0x00000000414c9000 	/System/Library/Frameworks/OpenGL.framework/Versions/A/Libraries/libGLImage.dylib
0x00000000414c9000 	/System/Library/Frameworks/OpenGL.framework/Versions/A/Libraries/libCVMSPluginSupport.dylib
0x00000000414c9000 	/System/Library/Frameworks/OpenGL.framework/Versions/A/Libraries/libCoreVMClient.dylib
0x00000000414c9000 	/System/Library/PrivateFrameworks/CrashReporterSupport.framework/Versions/A/CrashReporterSupport
0x00000000414c9000 	/System/Library/PrivateFrameworks/Sharing.framework/Versions/A/Sharing
0x00000000414c9000 	/System/Library/PrivateFrameworks/IconServices.framework/Versions/A/IconServices
0x00000000414c9000 	/System/Library/PrivateFrameworks/ProtocolBuffer.framework/Versions/A/ProtocolBuffer
0x00000000414c9000 	/System/Library/PrivateFrameworks/Apple80211.framework/Versions/A/Apple80211
0x00000000414c9000 	/System/Library/Frameworks/CoreWLAN.framework/Versions/A/CoreWLAN
0x00000000414c9000 	/System/Library/PrivateFrameworks/CoreUtils.framework/Versions/A/CoreUtils
0x00000000414c9000 	/System/Library/Frameworks/IOBluetooth.framework/Versions/A/IOBluetooth
0x00000000414c9000 	/System/Library/PrivateFrameworks/CoreWiFi.framework/Versions/A/CoreWiFi
0x00000000414c9000 	/System/Library/Frameworks/CoreBluetooth.framework/Versions/A/CoreBluetooth
0x00000000414c9000 	/System/Library/Frameworks/CoreDisplay.framework/Versions/A/CoreDisplay
0x00000000414c9000 	/System/Library/PrivateFrameworks/IOPresentment.framework/Versions/A/IOPresentment
0x00000000414c9000 	/System/Library/PrivateFrameworks/DebugSymbols.framework/Versions/A/DebugSymbols
0x00000000414c9000 	/System/Library/PrivateFrameworks/CoreSymbolication.framework/Versions/A/CoreSymbolication
0x00000000414c9000 	/System/Library/PrivateFrameworks/Symbolication.framework/Versions/A/Symbolication
0x00000000414c9000 	/System/Library/PrivateFrameworks/AppleFSCompression.framework/Versions/A/AppleFSCompression
0x00000000414c9000 	/System/Library/PrivateFrameworks/SpeechRecognitionCore.framework/Versions/A/SpeechRecognitionCore
0x00000000414c9000 	/System/Library/PrivateFrameworks/ChunkingLibrary.framework/Versions/A/ChunkingLibrary
0x000000010b131000 	/Library/Java/JavaVirtualMachines/jdk1.8.0_65.jdk/Contents/Home/jre/lib/server/libjvm.dylib
0x00000000414c9000 	/usr/lib/libstdc++.6.dylib
0x000000010c0ba000 	/Library/Java/JavaVirtualMachines/jdk1.8.0_65.jdk/Contents/Home/jre/lib/libverify.dylib
0x000000010c0c8000 	/Library/Java/JavaVirtualMachines/jdk1.8.0_65.jdk/Contents/Home/jre/lib/libjava.dylib
0x000000010c107000 	/Library/Java/JavaVirtualMachines/jdk1.8.0_65.jdk/Contents/Home/jre/lib/libzip.dylib
0x000000010c1e4000 	/System/Library/Frameworks/JavaVM.framework/Frameworks/JavaRuntimeSupport.framework/JavaRuntimeSupport
0x000000012827d000 	/System/Library/Frameworks/JavaVM.framework/Versions/A/Frameworks/JavaNativeFoundation.framework/Versions/A/JavaNativeFoundation
0x000000010dc1d000 	/System/Library/Frameworks/JavaVM.framework/Versions/A/JavaVM
0x00000000414c9000 	/System/Library/Frameworks/Carbon.framework/Versions/A/Carbon
0x0000000128292000 	/System/Library/PrivateFrameworks/JavaLaunching.framework/Versions/A/JavaLaunching
0x00000000414c9000 	/System/Library/Frameworks/Carbon.framework/Versions/A/Frameworks/CommonPanels.framework/Versions/A/CommonPanels
0x00000000414c9000 	/System/Library/Frameworks/Carbon.framework/Versions/A/Frameworks/Help.framework/Versions/A/Help
0x00000000414c9000 	/System/Library/Frameworks/Carbon.framework/Versions/A/Frameworks/ImageCapture.framework/Versions/A/ImageCapture
0x00000000414c9000 	/System/Library/Frameworks/Carbon.framework/Versions/A/Frameworks/OpenScripting.framework/Versions/A/OpenScripting
0x00000000414c9000 	/System/Library/Frameworks/Carbon.framework/Versions/A/Frameworks/Print.framework/Versions/A/Print
0x00000000414c9000 	/System/Library/Frameworks/Carbon.framework/Versions/A/Frameworks/SecurityHI.framework/Versions/A/SecurityHI
0x000000012861a000 	/Applications/IntelliJ IDEA.app/Contents/bin/libbreakgen64.jnilib
0x000000012861d000 	/Library/Java/JavaVirtualMachines/jdk1.8.0_65.jdk/Contents/Home/jre/lib/libnet.dylib
0x000000012867c000 	/Library/Java/JavaVirtualMachines/jdk1.8.0_65.jdk/Contents/Home/jre/lib/libmanagement.dylib
0x00000001286c0000 	/Library/Java/JavaVirtualMachines/jdk1.8.0_65.jdk/Contents/Home/jre/lib/libnio.dylib
0x00000001286b5000 	/Users/sophatvathana/Desktop/Project/ipcam/IPCAM-VIDEO-STREAMING-API/native/mac/x86_64/strmrecv.dylib
0x0000000129025000 	/Library/Java/JavaVirtualMachines/jdk1.8.0_65.jdk/Contents/Home/jre/lib/libsunec.dylib
0x000000012a2bc000 	/Users/sophatvathana/Desktop/Project/ipcam/IPCAM-VIDEO-STREAMING-API/native/mac/x86_64/libavutil.55.dylib
0x00000000414c9000 	/System/Library/Frameworks/AVFoundation.framework/Versions/A/AVFoundation
0x00000000414c9000 	/System/Library/Frameworks/CoreMedia.framework/Versions/A/CoreMedia
0x00000000414c9000 	/System/Library/Frameworks/VideoToolbox.framework/Versions/A/VideoToolbox
0x00000001286fd000 	/System/Library/Frameworks/VideoDecodeAcceleration.framework/Versions/A/VideoDecodeAcceleration
0x00000000414c9000 	/System/Library/Frameworks/AVFoundation.framework/Versions/A/Frameworks/AVFAudio.framework/Versions/A/AVFAudio
0x00000000414c9000 	/System/Library/Frameworks/MediaToolbox.framework/Versions/A/MediaToolbox
0x00000000414c9000 	/System/Library/PrivateFrameworks/IntlPreferences.framework/Versions/A/IntlPreferences
0x00000000414c9000 	/System/Library/Frameworks/CoreMediaIO.framework/Versions/A/CoreMediaIO
0x00000000414c9000 	/usr/lib/libspindump.dylib
0x00000000414c9000 	/usr/lib/libdscsym.dylib
0x00000000414c9000 	/System/Library/PrivateFrameworks/CoreAVCHD.framework/Versions/A/CoreAVCHD
0x00000000414c9000 	/System/Library/Frameworks/MediaAccessibility.framework/Versions/A/MediaAccessibility
0x00000000414c9000 	/System/Library/PrivateFrameworks/Mangrove.framework/Versions/A/Mangrove
0x00000000414c9000 	/System/Library/PrivateFrameworks/CoreAUC.framework/Versions/A/CoreAUC
0x00000000414c9000 	/System/Library/PrivateFrameworks/AppleVA.framework/Versions/A/AppleVA
0x00000000414c9000 	/System/Library/PrivateFrameworks/XPCService.framework/Versions/A/XPCService
0x00000000414c9000 	/System/Library/PrivateFrameworks/AppSandbox.framework/Versions/A/AppSandbox
0x00000000414c9000 	/usr/lib/libsandbox.1.dylib
0x00000000414c9000 	/System/Library/PrivateFrameworks/AppContainer.framework/Versions/A/AppContainer
0x00000000414c9000 	/System/Library/PrivateFrameworks/SecCodeWrapper.framework/Versions/A/SecCodeWrapper
0x00000000414c9000 	/usr/lib/libMatch.1.dylib
0x0000000128822000 	/Users/sophatvathana/Desktop/Project/ipcam/IPCAM-VIDEO-STREAMING-API/native/mac/x86_64/libswresample.2.dylib
0x000000012c1a7000 	/Users/sophatvathana/Desktop/Project/ipcam/IPCAM-VIDEO-STREAMING-API/native/mac/x86_64/libavcodec.57.dylib
0x000000012b78e000 	/Users/sophatvathana/Desktop/Project/ipcam/IPCAM-VIDEO-STREAMING-API/native/mac/x86_64/libavformat.57.dylib

VM Arguments:
jvm_args: -Dspring.output.ansi.enabled=always -Didea.launcher.port=7539 -Didea.launcher.bin.path=/Applications/IntelliJ IDEA.app/Contents/bin -Dfile.encoding=UTF-8 
java_command: com.intellij.rt.execution.application.AppMain kh.com.kshrd.ipcam.IpcamVideoStreamingApiApplication
java_class_path (initial): /Library/Java/JavaVirtualMachines/jdk1.8.0_65.jdk/Contents/Home/jre/lib/charsets.jar:/Library/Java/JavaVirtualMachines/jdk1.8.0_65.jdk/Contents/Home/jre/lib/deploy.jar:/Library/Java/JavaVirtualMachines/jdk1.8.0_65.jdk/Contents/Home/jre/lib/ext/cldrdata.jar:/Library/Java/JavaVirtualMachines/jdk1.8.0_65.jdk/Contents/Home/jre/lib/ext/dnsns.jar:/Library/Java/JavaVirtualMachines/jdk1.8.0_65.jdk/Contents/Home/jre/lib/ext/jaccess.jar:/Library/Java/JavaVirtualMachines/jdk1.8.0_65.jdk/Contents/Home/jre/lib/ext/jfxrt.jar:/Library/Java/JavaVirtualMachines/jdk1.8.0_65.jdk/Contents/Home/jre/lib/ext/localedata.jar:/Library/Java/JavaVirtualMachines/jdk1.8.0_65.jdk/Contents/Home/jre/lib/ext/nashorn.jar:/Library/Java/JavaVirtualMachines/jdk1.8.0_65.jdk/Contents/Home/jre/lib/ext/sunec.jar:/Library/Java/JavaVirtualMachines/jdk1.8.0_65.jdk/Contents/Home/jre/lib/ext/sunjce_provider.jar:/Library/Java/JavaVirtualMachines/jdk1.8.0_65.jdk/Contents/Home/jre/lib/ext/sunpkcs11.jar:/Library/Java/JavaVirtualMachines/jdk1.8.0_65.jdk/Contents/Home/jre/lib/ext/zipfs.jar:/Library/Java/JavaVirtualMachines/jdk1.8.0_65.jdk/Contents/Home/jre/lib/javaws.jar:/Library/Java/JavaVirtualMachines/jdk1.8.0_65.jdk/Contents/Home/jre/lib/jce.jar:/Library/Java/JavaVirtualMachines/jdk1.8.0_65.jdk/Contents/Home/jre/lib/jfr.jar:/Library/Java/JavaVirtualMachines/jdk1.8.0_65.jdk/Contents/Home/jre/lib/jfxswt.jar:/Library/Java/JavaVirtualMachines/jdk1.8.0_65.jdk/Contents/Home/jre/lib/jsse.jar:/Library/Java/JavaVirtualMachines/jdk1.8.0_65.jdk/Contents/Home/jre/lib/management-agent.jar:/Library/Java/JavaVirtualMachines/jdk1.8.0_65.jdk/Contents/Home/jre/lib/plugin.jar:/Library/Java/JavaVirtualMachines/jdk1.8.0_65.jdk/Contents/Home/jre/lib/resources.jar:/Library/Java/JavaVirtualMachines/jdk1.8.0_65.jdk/Contents/Home/jre/lib/rt.jar:/Library/Java/JavaVirtualMachines/jdk1.8.0_65.jdk/Contents/Home/lib/dt.jar:/Library/Java/JavaVirtualMachines/jdk1.8.0_65.jdk/Contents/Home/lib/javafx-mx.jar:/Library/Jav
Launcher Type: SUN_STANDARD

Environment Variables:
PATH=/Library/Frameworks/Python.framework/Versions/3.5/bin:/usr/local/bin:/usr/bin:/bin:/usr/sbin:/sbin
SHELL=/bin/zsh

Signal Handlers:
SIGSEGV: [libjvm.dylib+0x5a6d31], sa_mask[0]=11111111011111110111111111111111, sa_flags=SA_ONSTACK|SA_RESTART|SA_SIGINFO
SIGBUS: [libjvm.dylib+0x5a6d31], sa_mask[0]=11111111011111110111111111111111, sa_flags=SA_RESTART|SA_SIGINFO
SIGFPE: [libjvm.dylib+0x480a40], sa_mask[0]=11111111011111110111111111111111, sa_flags=SA_RESTART|SA_SIGINFO
SIGPIPE: [libjvm.dylib+0x480a40], sa_mask[0]=11111111011111110111111111111111, sa_flags=SA_RESTART|SA_SIGINFO
SIGXFSZ: [libjvm.dylib+0x480a40], sa_mask[0]=11111111011111110111111111111111, sa_flags=SA_RESTART|SA_SIGINFO
SIGILL: [libjvm.dylib+0x480a40], sa_mask[0]=11111111011111110111111111111111, sa_flags=SA_RESTART|SA_SIGINFO
SIGUSR1: SIG_DFL, sa_mask[0]=00000000000000000000000000000000, sa_flags=none
SIGUSR2: [libjvm.dylib+0x48055e], sa_mask[0]=00100000000000000000000000000000, sa_flags=SA_RESTART|SA_SIGINFO
SIGHUP: [libjvm.dylib+0x47eb35], sa_mask[0]=11111111011111110111111111111111, sa_flags=SA_RESTART|SA_SIGINFO
SIGINT: [libjvm.dylib+0x47eb35], sa_mask[0]=11111111011111110111111111111111, sa_flags=SA_RESTART|SA_SIGINFO
SIGTERM: [libjvm.dylib+0x47eb35], sa_mask[0]=11111111011111110111111111111111, sa_flags=SA_RESTART|SA_SIGINFO
SIGQUIT: [libjvm.dylib+0x47eb35], sa_mask[0]=11111111011111110111111111111111, sa_flags=SA_RESTART|SA_SIGINFO


---------------  S Y S T E M  ---------------

OS:Bsduname:Darwin 16.3.0 Darwin Kernel Version 16.3.0: Thu Nov 17 20:23:58 PST 2016; root:xnu-3789.31.2~1/RELEASE_X86_64 x86_64
rlimit: STACK 8192k, CORE 0k, NPROC 709, NOFILE 10240, AS infinity
load average:2.32 2.34 2.19

CPU:total 8 (4 cores per cpu, 2 threads per core) family 6 model 70 stepping 1, cmov, cx8, fxsr, mmx, sse, sse2, sse3, ssse3, sse4.1, sse4.2, popcnt, avx, avx2, aes, clmul, erms, lzcnt, ht, tsc, tscinvbit, bmi1, bmi2

Memory: 4k page, physical 16777216k(3590168k free)

/proc/meminfo:


vm_info: Java HotSpot(TM) 64-Bit Server VM (25.65-b01) for bsd-amd64 JRE (1.8.0_65-b17), built on Oct  6 2015 15:36:46 by "java_re" with gcc 4.2.1 (Based on Apple Inc. build 5658) (LLVM build 2336.11.00)

time: Mon Dec 26 16:16:15 2016
elapsed time: 99 seconds (0d 0h 1m 39s)

