#
# A fatal error has been detected by the Java Runtime Environment:
#
#  SIGSEGV (0xb) at pc=0x000000012d9be751, pid=728, tid=23811
#
# JRE version: Java(TM) SE Runtime Environment (8.0_65-b17) (build 1.8.0_65-b17)
# Java VM: Java HotSpot(TM) 64-Bit Server VM (25.65-b01 mixed mode bsd-amd64 compressed oops)
# Problematic frame:
# C  [libavutil.55.dylib+0x19751]  av_freep+0x1
#
# Failed to write core dump. Core dumps have been disabled. To enable core dumping, try "ulimit -c unlimited" before starting Java again
#
# If you would like to submit a bug report, please visit:
#   http://bugreport.java.com/bugreport/crash.jsp
# The crash happened outside the Java Virtual Machine in native code.
# See problematic frame for where to report the bug.
#

---------------  T H R E A D  ---------------

Current thread (0x00007fe7cd34a800):  JavaThread "Thread-1" [_thread_in_native, id=23811, stack(0x000070000ac46000,0x000070000ad46000)]

siginfo: si_signo: 11 (SIGSEGV), si_code: 0 (unknown), si_addr: 0x0000000000000000

Registers:
RAX=0x000000012c2be500, RBX=0x0000000000000000, RCX=0x0000000000000000, RDX=0x00007fe7cc824580
RSP=0x000070000ad45700, RBP=0x000070000ad45750, RSI=0x000070000ad457e8, RDI=0x474e494d41455254
R8 =0x0000000000000004, R9 =0x00000000000002cc, R10=0x00000001109be100, R11=0x000000012d9be750
R12=0x0000000000000000, R13=0x000000012ddad060, R14=0x00007fe7cc8245b8, R15=0x00007fe7cc824588
RIP=0x000000012d9be751, EFLAGS=0x0000000000010202, ERR=0x0000000000000000
  TRAPNO=0x000000000000000d

Top of Stack: (sp=0x000070000ad45700)
0x000070000ad45700:   000000012c2be500 000000012ee0370c
0x000070000ad45710:   000000012c2be500 00007fe7cc824580
0x000070000ad45720:   0000000000000000 000070000ad457e8
0x000070000ad45730:   00007fe7cd34a800 000000012c2bdf32
0x000070000ad45740:   000000012ddad060 000070000ad457e8
0x000070000ad45750:   000070000ad457b8 00000001119a8954
0x000070000ad45760:   000070000ad457b8 00000001119a86e7
0x000070000ad45770:   00000001119a86a2 000070000ad45778
0x000070000ad45780:   000000012ddad060 000070000ad457e8
0x000070000ad45790:   000000012ddaf100 0000000000000000
0x000070000ad457a0:   000000012ddad060 0000000000000000
0x000070000ad457b0:   000070000ad457d8 000070000ad45830
0x000070000ad457c0:   000000011199ac4d 0000000000000000
0x000070000ad457d0:   00000001119a2578 00007fe7cc824580
0x000070000ad457e0:   00000006c0da0be8 00000006c0da0be8
0x000070000ad457f0:   000070000ad457f0 000000012ddad36e
0x000070000ad45800:   000070000ad45840 000000012ddaf100
0x000070000ad45810:   0000000000000000 000000012ddad390
0x000070000ad45820:   000070000ad457d8 000070000ad45840
0x000070000ad45830:   000070000ad45888 000000011199ac4d
0x000070000ad45840:   00000006c0da0be8 000070000ad45848
0x000070000ad45850:   000000012ddad2a9 000070000ad45898
0x000070000ad45860:   000000012ddaf100 0000000000000000
0x000070000ad45870:   000000012ddad2d8 000070000ad45840
0x000070000ad45880:   000070000ad45898 000070000ad458e0
0x000070000ad45890:   000000011199ac4d 00000006c0da0be8
0x000070000ad458a0:   000070000ad458a0 000000012e296ed5
0x000070000ad458b0:   000070000ad45910 000000012ddaaef8
0x000070000ad458c0:   0000000000000000 000000012e297048
0x000070000ad458d0:   000070000ad45898 000070000ad45910
0x000070000ad458e0:   000070000ad45958 000000011199ac92
0x000070000ad458f0:   000000000000012c 0000000000000000 

Instructions: (pc=0x000000012d9be751)
0x000000012d9be731:   00 00 00 e8 6f a9 01 00 b8 f4 ff ff ff 48 83 c4
0x000000012d9be741:   10 5b c3 66 66 66 2e 0f 1f 84 00 00 00 00 00 50
0x000000012d9be751:   48 8b 07 48 c7 04 24 00 00 00 00 48 c7 07 00 00
0x000000012d9be761:   00 00 48 89 c7 e8 3d a9 01 00 58 c3 0f 1f 00 48 

Register to memory mapping:

RAX=0x000000012c2be500: Java_kh_com_kshrd_core_RtspStream_openRtspInternal+0x90 in /Users/sophatvathana/Desktop/Project/ipcam/IPCAM-VIDEO-STREAMING-API/native/mac/x86_64/strmrecv.dylib at 0x000000012c2bc000
RBX=0x0000000000000000 is an unknown value
RCX=0x0000000000000000 is an unknown value
RDX=0x00007fe7cc824580 is an unknown value
RSP=0x000070000ad45700 is pointing into the stack for thread: 0x00007fe7cd34a800
RBP=0x000070000ad45750 is pointing into the stack for thread: 0x00007fe7cd34a800
RSI=0x000070000ad457e8 is pointing into the stack for thread: 0x00007fe7cd34a800
RDI=0x474e494d41455254 is an unknown value
R8 =0x0000000000000004 is an unknown value
R9 =0x00000000000002cc is an unknown value
R10=0x00000001109be100 is an unknown value
R11=0x000000012d9be750: av_freep+0 in /Users/sophatvathana/Desktop/Project/ipcam/IPCAM-VIDEO-STREAMING-API/native/mac/x86_64/libavutil.55.dylib at 0x000000012d9a5000
R12=0x0000000000000000 is an unknown value
R13={method} {0x000000012ddad060} 'releaseContextInternal' '(J)V' in 'kh/com/kshrd/core/RtspStream'
R14=0x00007fe7cc8245b8 is an unknown value
R15=0x00007fe7cc824588 is an unknown value


Stack: [0x000070000ac46000,0x000070000ad46000],  sp=0x000070000ad45700,  free space=1021k
Native frames: (J=compiled Java code, j=interpreted, Vv=VM code, C=native code)
C  [libavutil.55.dylib+0x19751]  av_freep+0x1
j  kh.com.kshrd.core.RtspStream.releaseContextInternal(J)V+0
j  kh.com.kshrd.core.RtspStream.release()V+14
j  kh.com.kshrd.core.RtspStream.initialize()V+1
j  kh.com.kshrd.core.RtspCamera.run()V+269
j  java.lang.Thread.run()V+11
v  ~StubRoutines::call_stub
V  [libjvm.dylib+0x2eab02]
V  [libjvm.dylib+0x2eb290]
V  [libjvm.dylib+0x2eb43c]
V  [libjvm.dylib+0x345959]
V  [libjvm.dylib+0x5612d3]
V  [libjvm.dylib+0x5629ce]
V  [libjvm.dylib+0x48342e]
C  [libsystem_pthread.dylib+0x3aab]  _pthread_body+0xb4
C  [libsystem_pthread.dylib+0x39f7]  _pthread_body+0x0
C  [libsystem_pthread.dylib+0x31fd]  thread_start+0xd
C  0x0000000000000000

Java frames: (J=compiled Java code, j=interpreted, Vv=VM code)
j  kh.com.kshrd.core.RtspStream.releaseContextInternal(J)V+0
j  kh.com.kshrd.core.RtspStream.release()V+14
j  kh.com.kshrd.core.RtspStream.initialize()V+1
j  kh.com.kshrd.core.RtspCamera.run()V+269
j  java.lang.Thread.run()V+11
v  ~StubRoutines::call_stub

---------------  P R O C E S S  ---------------

Java Threads: ( => current thread )
  0x00007fe7ce837800 JavaThread "http-nio-9999-exec-10" daemon [_thread_blocked, id=30723, stack(0x000070000b96d000,0x000070000ba6d000)]
  0x00007fe7cd40c000 JavaThread "http-nio-9999-exec-9" daemon [_thread_blocked, id=30211, stack(0x000070000b86a000,0x000070000b96a000)]
  0x00007fe7d4dd3800 JavaThread "http-nio-9999-exec-8" daemon [_thread_blocked, id=29699, stack(0x000070000b767000,0x000070000b867000)]
  0x00007fe7d3619000 JavaThread "http-nio-9999-exec-7" daemon [_thread_blocked, id=28931, stack(0x000070000b664000,0x000070000b764000)]
  0x00007fe7d2288000 JavaThread "http-nio-9999-exec-6" daemon [_thread_blocked, id=28419, stack(0x000070000b561000,0x000070000b661000)]
  0x00007fe7d35fa000 JavaThread "http-nio-9999-exec-5" daemon [_thread_blocked, id=27907, stack(0x000070000b45e000,0x000070000b55e000)]
  0x00007fe7cf942800 JavaThread "http-nio-9999-exec-4" daemon [_thread_blocked, id=27395, stack(0x000070000b35b000,0x000070000b45b000)]
  0x00007fe7d306e000 JavaThread "http-nio-9999-exec-3" daemon [_thread_blocked, id=26883, stack(0x000070000b258000,0x000070000b358000)]
  0x00007fe7ce845800 JavaThread "http-nio-9999-exec-2" daemon [_thread_blocked, id=5391, stack(0x000070000a93d000,0x000070000aa3d000)]
  0x00007fe7d3067800 JavaThread "http-nio-9999-exec-1" daemon [_thread_blocked, id=4107, stack(0x000070000a83a000,0x000070000a93a000)]
  0x00007fe7cd801800 JavaThread "DestroyJavaVM" [_thread_blocked, id=7171, stack(0x00007000093fe000,0x00007000094fe000)]
  0x00007fe7d0942000 JavaThread "http-nio-9999-AsyncTimeout" daemon [_thread_blocked, id=26371, stack(0x000070000b155000,0x000070000b255000)]
  0x00007fe7cd743800 JavaThread "http-nio-9999-Acceptor-0" daemon [_thread_in_native, id=25859, stack(0x000070000b052000,0x000070000b152000)]
  0x00007fe7cd743000 JavaThread "http-nio-9999-ClientPoller-1" daemon [_thread_in_native, id=25347, stack(0x000070000af4f000,0x000070000b04f000)]
  0x00007fe7d1235000 JavaThread "http-nio-9999-ClientPoller-0" daemon [_thread_in_native, id=24835, stack(0x000070000ae4c000,0x000070000af4c000)]
  0x00007fe7d1234800 JavaThread "NioBlockingSelector.BlockPoller-1" daemon [_thread_in_native, id=24323, stack(0x000070000ad49000,0x000070000ae49000)]
=>0x00007fe7cd34a800 JavaThread "Thread-1" [_thread_in_native, id=23811, stack(0x000070000ac46000,0x000070000ad46000)]
  0x00007fe7cd1ff800 JavaThread "container-0" [_thread_blocked, id=23299, stack(0x000070000ab43000,0x000070000ac43000)]
  0x00007fe7cdfaa800 JavaThread "ContainerBackgroundProcessor[StandardEngine[Tomcat]]" daemon [_thread_blocked, id=22787, stack(0x000070000aa40000,0x000070000ab40000)]
  0x00007fe7ce239800 JavaThread "Monitor Ctrl-Break" daemon [_thread_in_native, id=22275, stack(0x000070000a737000,0x000070000a837000)]
  0x00007fe7cf000000 JavaThread "Service Thread" daemon [_thread_blocked, id=21251, stack(0x000070000a531000,0x000070000a631000)]
  0x00007fe7cf005000 JavaThread "C1 CompilerThread3" daemon [_thread_blocked, id=20739, stack(0x000070000a42e000,0x000070000a52e000)]
  0x00007fe7cf004000 JavaThread "C2 CompilerThread2" daemon [_thread_blocked, id=20227, stack(0x000070000a32b000,0x000070000a42b000)]
  0x00007fe7cf003800 JavaThread "C2 CompilerThread1" daemon [_thread_blocked, id=19715, stack(0x000070000a228000,0x000070000a328000)]
  0x00007fe7cf001000 JavaThread "C2 CompilerThread0" daemon [_thread_blocked, id=19203, stack(0x000070000a125000,0x000070000a225000)]
  0x00007fe7cd069000 JavaThread "Signal Dispatcher" daemon [_thread_blocked, id=18691, stack(0x000070000a022000,0x000070000a122000)]
  0x00007fe7ce800000 JavaThread "Finalizer" daemon [_thread_blocked, id=14595, stack(0x0000700009f1f000,0x000070000a01f000)]
  0x00007fe7ce000000 JavaThread "Reference Handler" daemon [_thread_blocked, id=14083, stack(0x0000700009e1c000,0x0000700009f1c000)]

Other Threads:
  0x00007fe7cd05c800 VMThread [stack: 0x0000700009d19000,0x0000700009e19000] [id=13571]
  0x00007fe7ce001800 WatcherThread [stack: 0x000070000a634000,0x000070000a734000] [id=21763]

VM state:not at safepoint (normal execution)

VM Mutex/Monitor currently owned by a thread: None

Heap:
 PSYoungGen      total 268288K, used 171940K [0x000000076ab00000, 0x000000078a180000, 0x00000007c0000000)
  eden space 250368K, 68% used [0x000000076ab00000,0x00000007752e90f0,0x0000000779f80000)
  from space 17920K, 0% used [0x0000000779f80000,0x0000000779f80000,0x000000077b100000)
  to   space 19456K, 0% used [0x0000000788e80000,0x0000000788e80000,0x000000078a180000)
 ParOldGen       total 129536K, used 27871K [0x00000006c0000000, 0x00000006c7e80000, 0x000000076ab00000)
  object space 129536K, 21% used [0x00000006c0000000,0x00000006c1b37d98,0x00000006c7e80000)
 Metaspace       used 48727K, capacity 49478K, committed 49536K, reserved 1093632K
  class space    used 5842K, capacity 6006K, committed 6016K, reserved 1048576K

Card table byte_map: [0x0000000120993000,0x0000000121194000] byte_map_base: 0x000000011d393000

Marking Bits: (ParMarkBitMap*) 0x00000001112e8e20
 Begin Bits: [0x0000000121194000, 0x0000000125194000)
 End Bits:   [0x0000000125194000, 0x0000000129194000)

Polling page: 0x000000010edaf000

CodeCache: size=245760Kb used=17746Kb max_used=17746Kb free=228013Kb
 bounds [0x0000000111993000, 0x0000000112b03000, 0x0000000120993000]
 total_blobs=5413 nmethods=4941 adapters=385
 compilation: enabled

Compilation events (10 events):
Event: 84.316 Thread 0x00007fe7cf005000 5770       3       sun.nio.ch.KQueueArrayWrapper::poll (23 bytes)
Event: 84.317 Thread 0x00007fe7cf005000 nmethod 5770 0x0000000112af5150 code [0x0000000112af52c0, 0x0000000112af54b8]
Event: 87.231 Thread 0x00007fe7cf005000 5772   !   3       org.apache.tomcat.util.net.NioEndpoint$Poller::events (81 bytes)
Event: 87.232 Thread 0x00007fe7cf005000 nmethod 5772 0x0000000112afaed0 code [0x0000000112afb0e0, 0x0000000112afb9b8]
Event: 87.326 Thread 0x00007fe7cf005000 5773       3       sun.nio.ch.SelectorImpl::select (34 bytes)
Event: 87.327 Thread 0x00007fe7cf005000 nmethod 5773 0x0000000112afbed0 code [0x0000000112afc060, 0x0000000112afc358]
Event: 88.098 Thread 0x00007fe7cf005000 5774       1       java.text.DecimalFormatSymbols::getGroupingSeparator (5 bytes)
Event: 88.099 Thread 0x00007fe7cf005000 nmethod 5774 0x0000000112ae82d0 code [0x0000000112ae8420, 0x0000000112ae8530]
Event: 88.099 Thread 0x00007fe7cf005000 5775       1       java.text.DecimalFormatSymbols::getDecimalSeparator (5 bytes)
Event: 88.099 Thread 0x00007fe7cf005000 nmethod 5775 0x0000000112af1d50 code [0x0000000112af1ea0, 0x0000000112af1fb0]

GC Heap History (10 events):
Event: 11.588 GC heap before
{Heap before GC invocations=5 (full 1):
 PSYoungGen      total 141824K, used 10724K [0x000000076ab00000, 0x0000000774000000, 0x00000007c0000000)
  eden space 131072K, 0% used [0x000000076ab00000,0x000000076ab00000,0x0000000772b00000)
  from space 10752K, 99% used [0x0000000773580000,0x0000000773ff9240,0x0000000774000000)
  to   space 10752K, 0% used [0x0000000772b00000,0x0000000772b00000,0x0000000773580000)
 ParOldGen       total 175104K, used 2896K [0x00000006c0000000, 0x00000006cab00000, 0x000000076ab00000)
  object space 175104K, 1% used [0x00000006c0000000,0x00000006c02d4338,0x00000006cab00000)
 Metaspace       used 20918K, capacity 21218K, committed 21296K, reserved 1069056K
  class space    used 2556K, capacity 2678K, committed 2688K, reserved 1048576K
Event: 11.620 GC heap after
Heap after GC invocations=5 (full 1):
 PSYoungGen      total 141824K, used 0K [0x000000076ab00000, 0x0000000774000000, 0x00000007c0000000)
  eden space 131072K, 0% used [0x000000076ab00000,0x000000076ab00000,0x0000000772b00000)
  from space 10752K, 0% used [0x0000000773580000,0x0000000773580000,0x0000000774000000)
  to   space 10752K, 0% used [0x0000000772b00000,0x0000000772b00000,0x0000000773580000)
 ParOldGen       total 83456K, used 11045K [0x00000006c0000000, 0x00000006c5180000, 0x000000076ab00000)
  object space 83456K, 13% used [0x00000006c0000000,0x00000006c0ac94e8,0x00000006c5180000)
 Metaspace       used 20918K, capacity 21218K, committed 21296K, reserved 1069056K
  class space    used 2556K, capacity 2678K, committed 2688K, reserved 1048576K
}
Event: 12.466 GC heap before
{Heap before GC invocations=6 (full 1):
 PSYoungGen      total 141824K, used 131072K [0x000000076ab00000, 0x0000000774000000, 0x00000007c0000000)
  eden space 131072K, 100% used [0x000000076ab00000,0x0000000772b00000,0x0000000772b00000)
  from space 10752K, 0% used [0x0000000773580000,0x0000000773580000,0x0000000774000000)
  to   space 10752K, 0% used [0x0000000772b00000,0x0000000772b00000,0x0000000773580000)
 ParOldGen       total 83456K, used 11045K [0x00000006c0000000, 0x00000006c5180000, 0x000000076ab00000)
  object space 83456K, 13% used [0x00000006c0000000,0x00000006c0ac94e8,0x00000006c5180000)
 Metaspace       used 27700K, capacity 28038K, committed 28416K, reserved 1075200K
  class space    used 3416K, capacity 3516K, committed 3584K, reserved 1048576K
Event: 12.478 GC heap after
Heap after GC invocations=6 (full 1):
 PSYoungGen      total 141824K, used 10726K [0x000000076ab00000, 0x000000077c680000, 0x00000007c0000000)
  eden space 131072K, 0% used [0x000000076ab00000,0x000000076ab00000,0x0000000772b00000)
  from space 10752K, 99% used [0x0000000772b00000,0x0000000773579928,0x0000000773580000)
  to   space 18944K, 0% used [0x000000077b400000,0x000000077b400000,0x000000077c680000)
 ParOldGen       total 83456K, used 21026K [0x00000006c0000000, 0x00000006c5180000, 0x000000076ab00000)
  object space 83456K, 25% used [0x00000006c0000000,0x00000006c14889e0,0x00000006c5180000)
 Metaspace       used 27700K, capacity 28038K, committed 28416K, reserved 1075200K
  class space    used 3416K, capacity 3516K, committed 3584K, reserved 1048576K
}
Event: 13.304 GC heap before
{Heap before GC invocations=7 (full 1):
 PSYoungGen      total 141824K, used 141798K [0x000000076ab00000, 0x000000077c680000, 0x00000007c0000000)
  eden space 131072K, 100% used [0x000000076ab00000,0x0000000772b00000,0x0000000772b00000)
  from space 10752K, 99% used [0x0000000772b00000,0x0000000773579928,0x0000000773580000)
  to   space 18944K, 0% used [0x000000077b400000,0x000000077b400000,0x000000077c680000)
 ParOldGen       total 83456K, used 21026K [0x00000006c0000000, 0x00000006c5180000, 0x000000076ab00000)
  object space 83456K, 25% used [0x00000006c0000000,0x00000006c14889e0,0x00000006c5180000)
 Metaspace       used 31259K, capacity 31670K, committed 32000K, reserved 1077248K
  class space    used 3887K, capacity 4004K, committed 4096K, reserved 1048576K
Event: 13.314 GC heap after
Heap after GC invocations=7 (full 1):
 PSYoungGen      total 265216K, used 12712K [0x000000076ab00000, 0x000000077c280000, 0x00000007c0000000)
  eden space 250368K, 0% used [0x000000076ab00000,0x000000076ab00000,0x0000000779f80000)
  from space 14848K, 85% used [0x000000077b400000,0x000000077c06a210,0x000000077c280000)
  to   space 17920K, 0% used [0x0000000779f80000,0x0000000779f80000,0x000000077b100000)
 ParOldGen       total 83456K, used 21034K [0x00000006c0000000, 0x00000006c5180000, 0x000000076ab00000)
  object space 83456K, 25% used [0x00000006c0000000,0x00000006c148a9e0,0x00000006c5180000)
 Metaspace       used 31259K, capacity 31670K, committed 32000K, reserved 1077248K
  class space    used 3887K, capacity 4004K, committed 4096K, reserved 1048576K
}
Event: 14.075 GC heap before
{Heap before GC invocations=8 (full 1):
 PSYoungGen      total 265216K, used 147908K [0x000000076ab00000, 0x000000077c280000, 0x00000007c0000000)
  eden space 250368K, 53% used [0x000000076ab00000,0x0000000772f07178,0x0000000779f80000)
  from space 14848K, 85% used [0x000000077b400000,0x000000077c06a210,0x000000077c280000)
  to   space 17920K, 0% used [0x0000000779f80000,0x0000000779f80000,0x000000077b100000)
 ParOldGen       total 83456K, used 21034K [0x00000006c0000000, 0x00000006c5180000, 0x000000076ab00000)
  object space 83456K, 25% used [0x00000006c0000000,0x00000006c148a9e0,0x00000006c5180000)
 Metaspace       used 34872K, capacity 35284K, committed 35496K, reserved 1081344K
  class space    used 4415K, capacity 4521K, committed 4608K, reserved 1048576K
Event: 14.086 GC heap after
Heap after GC invocations=8 (full 1):
 PSYoungGen      total 268288K, used 17563K [0x000000076ab00000, 0x000000078a180000, 0x00000007c0000000)
  eden space 250368K, 0% used [0x000000076ab00000,0x000000076ab00000,0x0000000779f80000)
  from space 17920K, 98% used [0x0000000779f80000,0x000000077b0a6ec8,0x000000077b100000)
  to   space 19456K, 0% used [0x0000000788e80000,0x0000000788e80000,0x000000078a180000)
 ParOldGen       total 83456K, used 21042K [0x00000006c0000000, 0x00000006c5180000, 0x000000076ab00000)
  object space 83456K, 25% used [0x00000006c0000000,0x00000006c148c9e0,0x00000006c5180000)
 Metaspace       used 34872K, capacity 35284K, committed 35496K, reserved 1081344K
  class space    used 4415K, capacity 4521K, committed 4608K, reserved 1048576K
}
Event: 14.086 GC heap before
{Heap before GC invocations=9 (full 2):
 PSYoungGen      total 268288K, used 17563K [0x000000076ab00000, 0x000000078a180000, 0x00000007c0000000)
  eden space 250368K, 0% used [0x000000076ab00000,0x000000076ab00000,0x0000000779f80000)
  from space 17920K, 98% used [0x0000000779f80000,0x000000077b0a6ec8,0x000000077b100000)
  to   space 19456K, 0% used [0x0000000788e80000,0x0000000788e80000,0x000000078a180000)
 ParOldGen       total 83456K, used 21042K [0x00000006c0000000, 0x00000006c5180000, 0x000000076ab00000)
  object space 83456K, 25% used [0x00000006c0000000,0x00000006c148c9e0,0x00000006c5180000)
 Metaspace       used 34872K, capacity 35284K, committed 35496K, reserved 1081344K
  class space    used 4415K, capacity 4521K, committed 4608K, reserved 1048576K
Event: 14.144 GC heap after
Heap after GC invocations=9 (full 2):
 PSYoungGen      total 268288K, used 0K [0x000000076ab00000, 0x000000078a180000, 0x00000007c0000000)
  eden space 250368K, 0% used [0x000000076ab00000,0x000000076ab00000,0x0000000779f80000)
  from space 17920K, 0% used [0x0000000779f80000,0x0000000779f80000,0x000000077b100000)
  to   space 19456K, 0% used [0x0000000788e80000,0x0000000788e80000,0x000000078a180000)
 ParOldGen       total 129536K, used 27871K [0x00000006c0000000, 0x00000006c7e80000, 0x000000076ab00000)
  object space 129536K, 21% used [0x00000006c0000000,0x00000006c1b37d98,0x00000006c7e80000)
 Metaspace       used 34872K, capacity 35284K, committed 35496K, reserved 1081344K
  class space    used 4415K, capacity 4521K, committed 4608K, reserved 1048576K
}

Deoptimization events (10 events):
Event: 82.423 Thread 0x00007fe7d306e000 Uncommon trap: reason=bimorphic action=maybe_recompile pc=0x0000000111cb884c method=java.lang.ClassLoader.loadClass(Ljava/lang/String;Z)Ljava/lang/Class; @ 2
Event: 82.423 Thread 0x00007fe7d306e000 Uncommon trap: reason=bimorphic action=maybe_recompile pc=0x0000000111cb884c method=java.lang.ClassLoader.loadClass(Ljava/lang/String;Z)Ljava/lang/Class; @ 2
Event: 82.424 Thread 0x00007fe7d306e000 Uncommon trap: reason=bimorphic action=maybe_recompile pc=0x0000000111cb884c method=java.lang.ClassLoader.loadClass(Ljava/lang/String;Z)Ljava/lang/Class; @ 2
Event: 82.498 Thread 0x00007fe7d306e000 Uncommon trap: reason=class_check action=maybe_recompile pc=0x0000000112357114 method=java.lang.StringCoding$StringDecoder.charsetName()Ljava/lang/String; @ 4
Event: 82.510 Thread 0x00007fe7d306e000 Uncommon trap: reason=unloaded action=reinterpret pc=0x000000011286e3e0 method=java.util.jar.JarFile.getInputStream(Ljava/util/zip/ZipEntry;)Ljava/io/InputStream; @ 46
Event: 82.512 Thread 0x00007fe7d306e000 Uncommon trap: reason=unstable_if action=reinterpret pc=0x0000000111bb0114 method=java.util.jar.JarFile$JarFileEntry.getCodeSigners()[Ljava/security/CodeSigner; @ 24
Event: 82.512 Thread 0x00007fe7d306e000 Uncommon trap: reason=unstable_if action=reinterpret pc=0x00000001122515dc method=java.security.CodeSource.<init>(Ljava/net/URL;[Ljava/security/CodeSigner;)V @ 25
Event: 82.512 Thread 0x00007fe7d306e000 Uncommon trap: reason=unstable_if action=reinterpret pc=0x00000001122ccb90 method=java.security.CodeSource.getCertificates()[Ljava/security/cert/Certificate; @ 22
Event: 82.513 Thread 0x00007fe7d306e000 Uncommon trap: reason=unstable_if action=reinterpret pc=0x0000000111d7d16c method=java.security.CodeSource.matchCerts(Ljava/security/CodeSource;Z)Z @ 11
Event: 82.515 Thread 0x00007fe7d306e000 Uncommon trap: reason=unstable_if action=reinterpret pc=0x0000000111d5edfc method=java.security.CodeSource.matchCerts(Ljava/security/CodeSource;Z)Z @ 11

Internal exceptions (10 events):
Event: 59.079 Thread 0x00007fe7d2288000 Exception <a 'java/lang/ClassNotFoundException': org/apache/jasper/runtime/PageContextImplCustomizer> (0x0000000771a45870) thrown at [/Users/java_re/workspace/8-2-build-macosx-x86_64/jdk8u65/4987/hotspot/src/share/vm/classfile/systemDictionary.cpp, line 2
Event: 59.081 Thread 0x00007fe7d2288000 Exception <a 'java/lang/ClassNotFoundException': org/springframework/security/web/servletapi/HttpServlet3RequestFactory$Servlet3SecurityContextHolderAwareRequestWrapperBeanInfo> (0x0000000771aaa998) thrown at [/Users/java_re/workspace/8-2-build-macosx-x86
Event: 59.081 Thread 0x00007fe7d2288000 Exception <a 'java/lang/ClassNotFoundException': org/springframework/security/web/servletapi/SecurityContextHolderAwareRequestWrapperBeanInfo> (0x0000000771acfc08) thrown at [/Users/java_re/workspace/8-2-build-macosx-x86_64/jdk8u65/4987/hotspot/src/share/
Event: 59.082 Thread 0x00007fe7d2288000 Exception <a 'java/lang/ClassNotFoundException': javax/servlet/http/HttpServletRequestWrapperBeanInfo> (0x0000000771ae9e50) thrown at [/Users/java_re/workspace/8-2-build-macosx-x86_64/jdk8u65/4987/hotspot/src/share/vm/classfile/systemDictionary.cpp, line 
Event: 59.082 Thread 0x00007fe7d2288000 Exception <a 'java/lang/ClassNotFoundException': javax/servlet/ServletRequestWrapperBeanInfo> (0x0000000771b01cb8) thrown at [/Users/java_re/workspace/8-2-build-macosx-x86_64/jdk8u65/4987/hotspot/src/share/vm/classfile/systemDictionary.cpp, line 210]
Event: 59.083 Thread 0x00007fe7d2288000 Exception <a 'java/lang/ClassNotFoundException': javax/servlet/ServletRequestWrapperCustomizer> (0x0000000771b1a0a0) thrown at [/Users/java_re/workspace/8-2-build-macosx-x86_64/jdk8u65/4987/hotspot/src/share/vm/classfile/systemDictionary.cpp, line 210]
Event: 59.083 Thread 0x00007fe7d2288000 Exception <a 'java/lang/ClassNotFoundException': javax/servlet/http/HttpServletRequestWrapperCustomizer> (0x0000000771b5b578) thrown at [/Users/java_re/workspace/8-2-build-macosx-x86_64/jdk8u65/4987/hotspot/src/share/vm/classfile/systemDictionary.cpp, lin
Event: 59.084 Thread 0x00007fe7d2288000 Exception <a 'java/lang/ClassNotFoundException': org/springframework/security/web/servletapi/SecurityContextHolderAwareRequestWrapperCustomizer> (0x0000000771ba5a70) thrown at [/Users/java_re/workspace/8-2-build-macosx-x86_64/jdk8u65/4987/hotspot/src/shar
Event: 59.085 Thread 0x00007fe7d2288000 Exception <a 'java/lang/ClassNotFoundException': org/springframework/security/web/servletapi/HttpServlet3RequestFactory$Servlet3SecurityContextHolderAwareRequestWrapperCustomizer> (0x0000000771be7340) thrown at [/Users/java_re/workspace/8-2-build-macosx-x
Event: 63.101 Thread 0x00007fe7cd40c000 Exception <a 'java/lang/ArrayIndexOutOfBoundsException'> (0x0000000771fb9b68) thrown at [/Users/java_re/workspace/8-2-build-macosx-x86_64/jdk8u65/4987/hotspot/src/share/vm/runtime/sharedRuntime.cpp, line 605]

Events (10 events):
Event: 82.635 loading class org/apache/http/impl/client/HttpClientBuilder$2
Event: 82.635 loading class org/apache/http/impl/client/HttpClientBuilder$2 done
Event: 82.635 loading class org/apache/http/client/ClientProtocolException
Event: 82.635 loading class org/apache/http/client/ClientProtocolException done
Event: 82.635 loading class org/apache/http/conn/ClientConnectionManager
Event: 82.635 loading class org/apache/http/conn/ClientConnectionManager done
Event: 82.635 loading class org/apache/http/client/config/RequestConfig
Event: 82.635 loading class org/apache/http/client/config/RequestConfig done
Event: 82.636 loading class org/apache/http/client/config/RequestConfig$Builder
Event: 82.636 loading class org/apache/http/client/config/RequestConfig$Builder done


Dynamic libraries:
0x00000000414c9000 	/System/Library/Frameworks/Cocoa.framework/Versions/A/Cocoa
0x00000000414c9000 	/System/Library/Frameworks/Security.framework/Versions/A/Security
0x00000000414c9000 	/System/Library/Frameworks/ApplicationServices.framework/Versions/A/ApplicationServices
0x00000000414c9000 	/usr/lib/libz.1.dylib
0x00000000414c9000 	/usr/lib/libSystem.B.dylib
0x00000000414c9000 	/usr/lib/libobjc.A.dylib
0x00000000414c9000 	/System/Library/Frameworks/CoreFoundation.framework/Versions/A/CoreFoundation
0x00000000414c9000 	/System/Library/Frameworks/Foundation.framework/Versions/C/Foundation
0x00000000414c9000 	/System/Library/Frameworks/AppKit.framework/Versions/C/AppKit
0x00000000414c9000 	/System/Library/Frameworks/CoreData.framework/Versions/A/CoreData
0x00000000414c9000 	/System/Library/PrivateFrameworks/RemoteViewServices.framework/Versions/A/RemoteViewServices
0x00000000414c9000 	/System/Library/PrivateFrameworks/UIFoundation.framework/Versions/A/UIFoundation
0x00000000414c9000 	/System/Library/PrivateFrameworks/DFRFoundation.framework/Versions/A/DFRFoundation
0x00000000414c9000 	/usr/lib/libenergytrace.dylib
0x00000000414c9000 	/System/Library/PrivateFrameworks/SkyLight.framework/Versions/A/SkyLight
0x00000000414c9000 	/System/Library/Frameworks/CoreGraphics.framework/Versions/A/CoreGraphics
0x00000000414c9000 	/usr/lib/libScreenReader.dylib
0x00000000414c9000 	/System/Library/Frameworks/Accelerate.framework/Versions/A/Accelerate
0x00000000414c9000 	/System/Library/Frameworks/IOSurface.framework/Versions/A/IOSurface
0x00000000414c9000 	/System/Library/Frameworks/AudioToolbox.framework/Versions/A/AudioToolbox
0x00000000414c9000 	/System/Library/Frameworks/AudioUnit.framework/Versions/A/AudioUnit
0x00000000414c9000 	/System/Library/PrivateFrameworks/DataDetectorsCore.framework/Versions/A/DataDetectorsCore
0x00000000414c9000 	/System/Library/PrivateFrameworks/DesktopServicesPriv.framework/Versions/A/DesktopServicesPriv
0x00000000414c9000 	/System/Library/Frameworks/Carbon.framework/Versions/A/Frameworks/HIToolbox.framework/Versions/A/HIToolbox
0x00000000414c9000 	/usr/lib/libicucore.A.dylib
0x00000000414c9000 	/System/Library/Frameworks/QuartzCore.framework/Versions/A/QuartzCore
0x00000000414c9000 	/System/Library/Frameworks/Carbon.framework/Versions/A/Frameworks/SpeechRecognition.framework/Versions/A/SpeechRecognition
0x00000000414c9000 	/usr/lib/libauto.dylib
0x00000000414c9000 	/usr/lib/libxml2.2.dylib
0x00000000414c9000 	/System/Library/PrivateFrameworks/CoreUI.framework/Versions/A/CoreUI
0x00000000414c9000 	/System/Library/Frameworks/CoreAudio.framework/Versions/A/CoreAudio
0x00000000414c9000 	/System/Library/Frameworks/DiskArbitration.framework/Versions/A/DiskArbitration
0x00000000414c9000 	/usr/lib/liblangid.dylib
0x00000000414c9000 	/System/Library/PrivateFrameworks/MultitouchSupport.framework/Versions/A/MultitouchSupport
0x00000000414c9000 	/System/Library/Frameworks/IOKit.framework/Versions/A/IOKit
0x00000000414c9000 	/usr/lib/libDiagnosticMessagesClient.dylib
0x00000000414c9000 	/System/Library/Frameworks/CoreServices.framework/Versions/A/CoreServices
0x00000000414c9000 	/System/Library/PrivateFrameworks/PerformanceAnalysis.framework/Versions/A/PerformanceAnalysis
0x00000000414c9000 	/System/Library/PrivateFrameworks/GenerationalStorage.framework/Versions/A/GenerationalStorage
0x00000000414c9000 	/System/Library/Frameworks/OpenGL.framework/Versions/A/OpenGL
0x00000000414c9000 	/System/Library/Frameworks/CoreImage.framework/Versions/A/CoreImage
0x00000000414c9000 	/System/Library/Frameworks/CoreText.framework/Versions/A/CoreText
0x00000000414c9000 	/System/Library/Frameworks/ImageIO.framework/Versions/A/ImageIO
0x00000000414c9000 	/System/Library/PrivateFrameworks/Backup.framework/Versions/A/Backup
0x00000000414c9000 	/usr/lib/libarchive.2.dylib
0x00000000414c9000 	/System/Library/Frameworks/CFNetwork.framework/Versions/A/CFNetwork
0x00000000414c9000 	/System/Library/Frameworks/SystemConfiguration.framework/Versions/A/SystemConfiguration
0x00000000414c9000 	/usr/lib/libCRFSuite.dylib
0x00000000414c9000 	/usr/lib/libc++.1.dylib
0x00000000414c9000 	/usr/lib/libc++abi.dylib
0x00000000414c9000 	/usr/lib/system/libcache.dylib
0x00000000414c9000 	/usr/lib/system/libcommonCrypto.dylib
0x00000000414c9000 	/usr/lib/system/libcompiler_rt.dylib
0x00000000414c9000 	/usr/lib/system/libcopyfile.dylib
0x00000000414c9000 	/usr/lib/system/libcorecrypto.dylib
0x00000000414c9000 	/usr/lib/system/libdispatch.dylib
0x00000000414c9000 	/usr/lib/system/libdyld.dylib
0x00000000414c9000 	/usr/lib/system/libkeymgr.dylib
0x00000000414c9000 	/usr/lib/system/liblaunch.dylib
0x00000000414c9000 	/usr/lib/system/libmacho.dylib
0x00000000414c9000 	/usr/lib/system/libquarantine.dylib
0x00000000414c9000 	/usr/lib/system/libremovefile.dylib
0x00000000414c9000 	/usr/lib/system/libsystem_asl.dylib
0x00000000414c9000 	/usr/lib/system/libsystem_blocks.dylib
0x00000000414c9000 	/usr/lib/system/libsystem_c.dylib
0x00000000414c9000 	/usr/lib/system/libsystem_configuration.dylib
0x00000000414c9000 	/usr/lib/system/libsystem_coreservices.dylib
0x00000000414c9000 	/usr/lib/system/libsystem_coretls.dylib
0x00000000414c9000 	/usr/lib/system/libsystem_dnssd.dylib
0x00000000414c9000 	/usr/lib/system/libsystem_info.dylib
0x00000000414c9000 	/usr/lib/system/libsystem_kernel.dylib
0x00000000414c9000 	/usr/lib/system/libsystem_m.dylib
0x00000000414c9000 	/usr/lib/system/libsystem_malloc.dylib
0x00000000414c9000 	/usr/lib/system/libsystem_network.dylib
0x00000000414c9000 	/usr/lib/system/libsystem_networkextension.dylib
0x00000000414c9000 	/usr/lib/system/libsystem_notify.dylib
0x00000000414c9000 	/usr/lib/system/libsystem_platform.dylib
0x00000000414c9000 	/usr/lib/system/libsystem_pthread.dylib
0x00000000414c9000 	/usr/lib/system/libsystem_sandbox.dylib
0x00000000414c9000 	/usr/lib/system/libsystem_secinit.dylib
0x00000000414c9000 	/usr/lib/system/libsystem_symptoms.dylib
0x00000000414c9000 	/usr/lib/system/libsystem_trace.dylib
0x00000000414c9000 	/usr/lib/system/libunwind.dylib
0x00000000414c9000 	/usr/lib/system/libxpc.dylib
0x00000000414c9000 	/usr/lib/libbsm.0.dylib
0x00000000414c9000 	/usr/lib/system/libkxld.dylib
0x00000000414c9000 	/usr/lib/libcoretls.dylib
0x00000000414c9000 	/usr/lib/libcoretls_cfhelpers.dylib
0x00000000414c9000 	/usr/lib/libxar.1.dylib
0x00000000414c9000 	/usr/lib/libsqlite3.dylib
0x00000000414c9000 	/usr/lib/libpam.2.dylib
0x00000000414c9000 	/usr/lib/libOpenScriptingUtil.dylib
0x00000000414c9000 	/usr/lib/libbz2.1.0.dylib
0x00000000414c9000 	/usr/lib/liblzma.5.dylib
0x00000000414c9000 	/usr/lib/libnetwork.dylib
0x00000000414c9000 	/usr/lib/libpcap.A.dylib
0x00000000414c9000 	/System/Library/Frameworks/CoreServices.framework/Versions/A/Frameworks/FSEvents.framework/Versions/A/FSEvents
0x00000000414c9000 	/System/Library/Frameworks/CoreServices.framework/Versions/A/Frameworks/CarbonCore.framework/Versions/A/CarbonCore
0x00000000414c9000 	/System/Library/Frameworks/CoreServices.framework/Versions/A/Frameworks/Metadata.framework/Versions/A/Metadata
0x00000000414c9000 	/System/Library/Frameworks/CoreServices.framework/Versions/A/Frameworks/OSServices.framework/Versions/A/OSServices
0x00000000414c9000 	/System/Library/Frameworks/CoreServices.framework/Versions/A/Frameworks/SearchKit.framework/Versions/A/SearchKit
0x00000000414c9000 	/System/Library/Frameworks/CoreServices.framework/Versions/A/Frameworks/AE.framework/Versions/A/AE
0x00000000414c9000 	/System/Library/Frameworks/CoreServices.framework/Versions/A/Frameworks/LaunchServices.framework/Versions/A/LaunchServices
0x00000000414c9000 	/System/Library/Frameworks/CoreServices.framework/Versions/A/Frameworks/DictionaryServices.framework/Versions/A/DictionaryServices
0x00000000414c9000 	/System/Library/Frameworks/CoreServices.framework/Versions/A/Frameworks/SharedFileList.framework/Versions/A/SharedFileList
0x00000000414c9000 	/System/Library/Frameworks/NetFS.framework/Versions/A/NetFS
0x00000000414c9000 	/System/Library/PrivateFrameworks/NetAuth.framework/Versions/A/NetAuth
0x00000000414c9000 	/System/Library/PrivateFrameworks/login.framework/Versions/A/Frameworks/loginsupport.framework/Versions/A/loginsupport
0x00000000414c9000 	/System/Library/PrivateFrameworks/TCC.framework/Versions/A/TCC
0x00000000414c9000 	/usr/lib/libmecabra.dylib
0x00000000414c9000 	/System/Library/Frameworks/ApplicationServices.framework/Versions/A/Frameworks/ATS.framework/Versions/A/ATS
0x00000000414c9000 	/System/Library/Frameworks/ApplicationServices.framework/Versions/A/Frameworks/ColorSync.framework/Versions/A/ColorSync
0x00000000414c9000 	/System/Library/Frameworks/ApplicationServices.framework/Versions/A/Frameworks/HIServices.framework/Versions/A/HIServices
0x00000000414c9000 	/System/Library/Frameworks/ApplicationServices.framework/Versions/A/Frameworks/LangAnalysis.framework/Versions/A/LangAnalysis
0x00000000414c9000 	/System/Library/Frameworks/ApplicationServices.framework/Versions/A/Frameworks/PrintCore.framework/Versions/A/PrintCore
0x00000000414c9000 	/System/Library/Frameworks/ApplicationServices.framework/Versions/A/Frameworks/QD.framework/Versions/A/QD
0x00000000414c9000 	/System/Library/Frameworks/ApplicationServices.framework/Versions/A/Frameworks/SpeechSynthesis.framework/Versions/A/SpeechSynthesis
0x00000000414c9000 	/System/Library/Frameworks/Accelerate.framework/Versions/A/Frameworks/vImage.framework/Versions/A/vImage
0x00000000414c9000 	/System/Library/Frameworks/Accelerate.framework/Versions/A/Frameworks/vecLib.framework/Versions/A/vecLib
0x00000000414c9000 	/System/Library/Frameworks/Accelerate.framework/Versions/A/Frameworks/vecLib.framework/Versions/A/libvDSP.dylib
0x00000000414c9000 	/System/Library/Frameworks/Accelerate.framework/Versions/A/Frameworks/vecLib.framework/Versions/A/libBNNS.dylib
0x00000000414c9000 	/System/Library/Frameworks/Accelerate.framework/Versions/A/Frameworks/vecLib.framework/Versions/A/libQuadrature.dylib
0x00000000414c9000 	/System/Library/Frameworks/Accelerate.framework/Versions/A/Frameworks/vecLib.framework/Versions/A/libvMisc.dylib
0x00000000414c9000 	/System/Library/Frameworks/Accelerate.framework/Versions/A/Frameworks/vecLib.framework/Versions/A/libLAPACK.dylib
0x00000000414c9000 	/System/Library/Frameworks/Accelerate.framework/Versions/A/Frameworks/vecLib.framework/Versions/A/libBLAS.dylib
0x00000000414c9000 	/System/Library/Frameworks/Accelerate.framework/Versions/A/Frameworks/vecLib.framework/Versions/A/libLinearAlgebra.dylib
0x00000000414c9000 	/System/Library/Frameworks/Accelerate.framework/Versions/A/Frameworks/vecLib.framework/Versions/A/libSparseBLAS.dylib
0x00000000414c9000 	/System/Library/Frameworks/ApplicationServices.framework/Versions/A/Frameworks/ATS.framework/Versions/A/Resources/libFontParser.dylib
0x00000000414c9000 	/System/Library/Frameworks/ApplicationServices.framework/Versions/A/Frameworks/ATS.framework/Versions/A/Resources/libFontRegistry.dylib
0x00000000414c9000 	/System/Library/Frameworks/ImageIO.framework/Versions/A/Resources/libJPEG.dylib
0x00000000414c9000 	/System/Library/Frameworks/ImageIO.framework/Versions/A/Resources/libTIFF.dylib
0x00000000414c9000 	/System/Library/Frameworks/ImageIO.framework/Versions/A/Resources/libPng.dylib
0x00000000414c9000 	/System/Library/Frameworks/ImageIO.framework/Versions/A/Resources/libGIF.dylib
0x00000000414c9000 	/System/Library/Frameworks/ImageIO.framework/Versions/A/Resources/libJP2.dylib
0x00000000414c9000 	/System/Library/Frameworks/ImageIO.framework/Versions/A/Resources/libRadiance.dylib
0x00000000414c9000 	/usr/lib/libcompression.dylib
0x00000000414c9000 	/System/Library/PrivateFrameworks/AppleJPEG.framework/Versions/A/AppleJPEG
0x00000000414c9000 	/usr/lib/libcups.2.dylib
0x00000000414c9000 	/System/Library/Frameworks/Kerberos.framework/Versions/A/Kerberos
0x00000000414c9000 	/System/Library/Frameworks/GSS.framework/Versions/A/GSS
0x00000000414c9000 	/usr/lib/libresolv.9.dylib
0x00000000414c9000 	/usr/lib/libiconv.2.dylib
0x00000000414c9000 	/System/Library/PrivateFrameworks/Heimdal.framework/Versions/A/Heimdal
0x00000000414c9000 	/usr/lib/libheimdal-asn1.dylib
0x00000000414c9000 	/System/Library/Frameworks/OpenDirectory.framework/Versions/A/OpenDirectory
0x00000000414c9000 	/System/Library/PrivateFrameworks/CommonAuth.framework/Versions/A/CommonAuth
0x00000000414c9000 	/System/Library/Frameworks/OpenDirectory.framework/Versions/A/Frameworks/CFOpenDirectory.framework/Versions/A/CFOpenDirectory
0x00000000414c9000 	/System/Library/Frameworks/SecurityFoundation.framework/Versions/A/SecurityFoundation
0x00000000414c9000 	/System/Library/PrivateFrameworks/LanguageModeling.framework/Versions/A/LanguageModeling
0x00000000414c9000 	/usr/lib/libmarisa.dylib
0x00000000414c9000 	/usr/lib/libChineseTokenizer.dylib
0x00000000414c9000 	/usr/lib/libcmph.dylib
0x00000000414c9000 	/System/Library/PrivateFrameworks/CoreEmoji.framework/Versions/A/CoreEmoji
0x00000000414c9000 	/System/Library/Frameworks/ServiceManagement.framework/Versions/A/ServiceManagement
0x00000000414c9000 	/usr/lib/libxslt.1.dylib
0x00000000414c9000 	/System/Library/Frameworks/Carbon.framework/Versions/A/Frameworks/Ink.framework/Versions/A/Ink
0x00000000414c9000 	/System/Library/PrivateFrameworks/TextureIO.framework/Versions/A/TextureIO
0x00000000414c9000 	/System/Library/Frameworks/Metal.framework/Versions/A/Metal
0x00000000414c9000 	/usr/lib/libate.dylib
0x00000000414c9000 	/System/Library/PrivateFrameworks/GPUCompiler.framework/libmetal_timestamp.dylib
0x00000000414c9000 	/System/Library/Frameworks/OpenGL.framework/Versions/A/Libraries/libCoreFSCache.dylib
0x00000000414c9000 	/System/Library/PrivateFrameworks/IOAccelerator.framework/Versions/A/IOAccelerator
0x00000000414c9000 	/System/Library/Frameworks/CoreVideo.framework/Versions/A/CoreVideo
0x00000000414c9000 	/usr/lib/libFosl_dynamic.dylib
0x00000000414c9000 	/System/Library/PrivateFrameworks/MetalPerformanceShaders.framework/Versions/A/MetalPerformanceShaders
0x00000000414c9000 	/System/Library/PrivateFrameworks/FaceCore.framework/Versions/A/FaceCore
0x00000000414c9000 	/System/Library/Frameworks/OpenCL.framework/Versions/A/OpenCL
0x00000000414c9000 	/System/Library/Frameworks/OpenGL.framework/Versions/A/Libraries/libGLU.dylib
0x00000000414c9000 	/System/Library/Frameworks/OpenGL.framework/Versions/A/Libraries/libGFXShared.dylib
0x00000000414c9000 	/System/Library/Frameworks/OpenGL.framework/Versions/A/Libraries/libGL.dylib
0x00000000414c9000 	/System/Library/Frameworks/OpenGL.framework/Versions/A/Libraries/libGLImage.dylib
0x00000000414c9000 	/System/Library/Frameworks/OpenGL.framework/Versions/A/Libraries/libCVMSPluginSupport.dylib
0x00000000414c9000 	/System/Library/Frameworks/OpenGL.framework/Versions/A/Libraries/libCoreVMClient.dylib
0x00000000414c9000 	/System/Library/PrivateFrameworks/CrashReporterSupport.framework/Versions/A/CrashReporterSupport
0x00000000414c9000 	/System/Library/PrivateFrameworks/Sharing.framework/Versions/A/Sharing
0x00000000414c9000 	/System/Library/PrivateFrameworks/IconServices.framework/Versions/A/IconServices
0x00000000414c9000 	/System/Library/PrivateFrameworks/ProtocolBuffer.framework/Versions/A/ProtocolBuffer
0x00000000414c9000 	/System/Library/PrivateFrameworks/Apple80211.framework/Versions/A/Apple80211
0x00000000414c9000 	/System/Library/Frameworks/CoreWLAN.framework/Versions/A/CoreWLAN
0x00000000414c9000 	/System/Library/PrivateFrameworks/CoreUtils.framework/Versions/A/CoreUtils
0x00000000414c9000 	/System/Library/Frameworks/IOBluetooth.framework/Versions/A/IOBluetooth
0x00000000414c9000 	/System/Library/PrivateFrameworks/CoreWiFi.framework/Versions/A/CoreWiFi
0x00000000414c9000 	/System/Library/Frameworks/CoreBluetooth.framework/Versions/A/CoreBluetooth
0x00000000414c9000 	/System/Library/Frameworks/CoreDisplay.framework/Versions/A/CoreDisplay
0x00000000414c9000 	/System/Library/PrivateFrameworks/IOPresentment.framework/Versions/A/IOPresentment
0x00000000414c9000 	/System/Library/PrivateFrameworks/DebugSymbols.framework/Versions/A/DebugSymbols
0x00000000414c9000 	/System/Library/PrivateFrameworks/CoreSymbolication.framework/Versions/A/CoreSymbolication
0x00000000414c9000 	/System/Library/PrivateFrameworks/Symbolication.framework/Versions/A/Symbolication
0x00000000414c9000 	/System/Library/PrivateFrameworks/AppleFSCompression.framework/Versions/A/AppleFSCompression
0x00000000414c9000 	/System/Library/PrivateFrameworks/SpeechRecognitionCore.framework/Versions/A/SpeechRecognitionCore
0x00000000414c9000 	/System/Library/PrivateFrameworks/ChunkingLibrary.framework/Versions/A/ChunkingLibrary
0x0000000110a0a000 	/Library/Java/JavaVirtualMachines/jdk1.8.0_65.jdk/Contents/Home/jre/lib/server/libjvm.dylib
0x00000000414c9000 	/usr/lib/libstdc++.6.dylib
0x000000010ed6c000 	/Library/Java/JavaVirtualMachines/jdk1.8.0_65.jdk/Contents/Home/jre/lib/libverify.dylib
0x000000010ed7a000 	/Library/Java/JavaVirtualMachines/jdk1.8.0_65.jdk/Contents/Home/jre/lib/libjava.dylib
0x000000010edb9000 	/Library/Java/JavaVirtualMachines/jdk1.8.0_65.jdk/Contents/Home/jre/lib/libzip.dylib
0x000000012beb8000 	/System/Library/Frameworks/JavaVM.framework/Frameworks/JavaRuntimeSupport.framework/JavaRuntimeSupport
0x000000010edeb000 	/System/Library/Frameworks/JavaVM.framework/Versions/A/Frameworks/JavaNativeFoundation.framework/Versions/A/JavaNativeFoundation
0x0000000110968000 	/System/Library/Frameworks/JavaVM.framework/Versions/A/JavaVM
0x00000000414c9000 	/System/Library/Frameworks/Carbon.framework/Versions/A/Carbon
0x000000012bed2000 	/System/Library/PrivateFrameworks/JavaLaunching.framework/Versions/A/JavaLaunching
0x00000000414c9000 	/System/Library/Frameworks/Carbon.framework/Versions/A/Frameworks/CommonPanels.framework/Versions/A/CommonPanels
0x00000000414c9000 	/System/Library/Frameworks/Carbon.framework/Versions/A/Frameworks/Help.framework/Versions/A/Help
0x00000000414c9000 	/System/Library/Frameworks/Carbon.framework/Versions/A/Frameworks/ImageCapture.framework/Versions/A/ImageCapture
0x00000000414c9000 	/System/Library/Frameworks/Carbon.framework/Versions/A/Frameworks/OpenScripting.framework/Versions/A/OpenScripting
0x00000000414c9000 	/System/Library/Frameworks/Carbon.framework/Versions/A/Frameworks/Print.framework/Versions/A/Print
0x00000000414c9000 	/System/Library/Frameworks/Carbon.framework/Versions/A/Frameworks/SecurityHI.framework/Versions/A/SecurityHI
0x000000012c255000 	/Applications/IntelliJ IDEA.app/Contents/bin/libbreakgen64.jnilib
0x000000012c258000 	/Library/Java/JavaVirtualMachines/jdk1.8.0_65.jdk/Contents/Home/jre/lib/libnet.dylib
0x000000012c38d000 	/Library/Java/JavaVirtualMachines/jdk1.8.0_65.jdk/Contents/Home/jre/lib/libmanagement.dylib
0x000000012c3a1000 	/Library/Java/JavaVirtualMachines/jdk1.8.0_65.jdk/Contents/Home/jre/lib/libnio.dylib
0x000000012c2bc000 	/Users/sophatvathana/Desktop/Project/ipcam/IPCAM-VIDEO-STREAMING-API/native/mac/x86_64/strmrecv.dylib
0x000000012d9a5000 	/Users/sophatvathana/Desktop/Project/ipcam/IPCAM-VIDEO-STREAMING-API/native/mac/x86_64/libavutil.55.dylib
0x00000000414c9000 	/System/Library/Frameworks/AVFoundation.framework/Versions/A/AVFoundation
0x00000000414c9000 	/System/Library/Frameworks/CoreMedia.framework/Versions/A/CoreMedia
0x00000000414c9000 	/System/Library/Frameworks/VideoToolbox.framework/Versions/A/VideoToolbox
0x000000012c2c3000 	/System/Library/Frameworks/VideoDecodeAcceleration.framework/Versions/A/VideoDecodeAcceleration
0x00000000414c9000 	/System/Library/Frameworks/AVFoundation.framework/Versions/A/Frameworks/AVFAudio.framework/Versions/A/AVFAudio
0x00000000414c9000 	/System/Library/Frameworks/MediaToolbox.framework/Versions/A/MediaToolbox
0x00000000414c9000 	/System/Library/PrivateFrameworks/IntlPreferences.framework/Versions/A/IntlPreferences
0x00000000414c9000 	/System/Library/Frameworks/CoreMediaIO.framework/Versions/A/CoreMediaIO
0x00000000414c9000 	/usr/lib/libspindump.dylib
0x00000000414c9000 	/usr/lib/libdscsym.dylib
0x00000000414c9000 	/System/Library/PrivateFrameworks/CoreAVCHD.framework/Versions/A/CoreAVCHD
0x00000000414c9000 	/System/Library/Frameworks/MediaAccessibility.framework/Versions/A/MediaAccessibility
0x00000000414c9000 	/System/Library/PrivateFrameworks/Mangrove.framework/Versions/A/Mangrove
0x00000000414c9000 	/System/Library/PrivateFrameworks/CoreAUC.framework/Versions/A/CoreAUC
0x00000000414c9000 	/System/Library/PrivateFrameworks/AppleVA.framework/Versions/A/AppleVA
0x00000000414c9000 	/System/Library/PrivateFrameworks/XPCService.framework/Versions/A/XPCService
0x00000000414c9000 	/System/Library/PrivateFrameworks/AppSandbox.framework/Versions/A/AppSandbox
0x00000000414c9000 	/usr/lib/libsandbox.1.dylib
0x00000000414c9000 	/System/Library/PrivateFrameworks/AppContainer.framework/Versions/A/AppContainer
0x00000000414c9000 	/System/Library/PrivateFrameworks/SecCodeWrapper.framework/Versions/A/SecCodeWrapper
0x00000000414c9000 	/usr/lib/libMatch.1.dylib
0x000000012c325000 	/Users/sophatvathana/Desktop/Project/ipcam/IPCAM-VIDEO-STREAMING-API/native/mac/x86_64/libswresample.2.dylib
0x000000012ed48000 	/Users/sophatvathana/Desktop/Project/ipcam/IPCAM-VIDEO-STREAMING-API/native/mac/x86_64/libavcodec.57.dylib
0x000000013021e000 	/Users/sophatvathana/Desktop/Project/ipcam/IPCAM-VIDEO-STREAMING-API/native/mac/x86_64/libavformat.57.dylib
0x000000012c2c9000 	/Library/Java/JavaVirtualMachines/jdk1.8.0_65.jdk/Contents/Home/jre/lib/libsunec.dylib

VM Arguments:
jvm_args: -Dspring.output.ansi.enabled=always -Didea.launcher.port=7532 -Didea.launcher.bin.path=/Applications/IntelliJ IDEA.app/Contents/bin -Dfile.encoding=UTF-8 
java_command: com.intellij.rt.execution.application.AppMain kh.com.kshrd.ipcam.IpcamVideoStreamingApiApplication
java_class_path (initial): /Library/Java/JavaVirtualMachines/jdk1.8.0_65.jdk/Contents/Home/jre/lib/charsets.jar:/Library/Java/JavaVirtualMachines/jdk1.8.0_65.jdk/Contents/Home/jre/lib/deploy.jar:/Library/Java/JavaVirtualMachines/jdk1.8.0_65.jdk/Contents/Home/jre/lib/ext/cldrdata.jar:/Library/Java/JavaVirtualMachines/jdk1.8.0_65.jdk/Contents/Home/jre/lib/ext/dnsns.jar:/Library/Java/JavaVirtualMachines/jdk1.8.0_65.jdk/Contents/Home/jre/lib/ext/jaccess.jar:/Library/Java/JavaVirtualMachines/jdk1.8.0_65.jdk/Contents/Home/jre/lib/ext/jfxrt.jar:/Library/Java/JavaVirtualMachines/jdk1.8.0_65.jdk/Contents/Home/jre/lib/ext/localedata.jar:/Library/Java/JavaVirtualMachines/jdk1.8.0_65.jdk/Contents/Home/jre/lib/ext/nashorn.jar:/Library/Java/JavaVirtualMachines/jdk1.8.0_65.jdk/Contents/Home/jre/lib/ext/sunec.jar:/Library/Java/JavaVirtualMachines/jdk1.8.0_65.jdk/Contents/Home/jre/lib/ext/sunjce_provider.jar:/Library/Java/JavaVirtualMachines/jdk1.8.0_65.jdk/Contents/Home/jre/lib/ext/sunpkcs11.jar:/Library/Java/JavaVirtualMachines/jdk1.8.0_65.jdk/Contents/Home/jre/lib/ext/zipfs.jar:/Library/Java/JavaVirtualMachines/jdk1.8.0_65.jdk/Contents/Home/jre/lib/javaws.jar:/Library/Java/JavaVirtualMachines/jdk1.8.0_65.jdk/Contents/Home/jre/lib/jce.jar:/Library/Java/JavaVirtualMachines/jdk1.8.0_65.jdk/Contents/Home/jre/lib/jfr.jar:/Library/Java/JavaVirtualMachines/jdk1.8.0_65.jdk/Contents/Home/jre/lib/jfxswt.jar:/Library/Java/JavaVirtualMachines/jdk1.8.0_65.jdk/Contents/Home/jre/lib/jsse.jar:/Library/Java/JavaVirtualMachines/jdk1.8.0_65.jdk/Contents/Home/jre/lib/management-agent.jar:/Library/Java/JavaVirtualMachines/jdk1.8.0_65.jdk/Contents/Home/jre/lib/plugin.jar:/Library/Java/JavaVirtualMachines/jdk1.8.0_65.jdk/Contents/Home/jre/lib/resources.jar:/Library/Java/JavaVirtualMachines/jdk1.8.0_65.jdk/Contents/Home/jre/lib/rt.jar:/Library/Java/JavaVirtualMachines/jdk1.8.0_65.jdk/Contents/Home/lib/dt.jar:/Library/Java/JavaVirtualMachines/jdk1.8.0_65.jdk/Contents/Home/lib/javafx-mx.jar:/Library/Jav
Launcher Type: SUN_STANDARD

Environment Variables:
PATH=/Library/Frameworks/Python.framework/Versions/3.5/bin:/usr/local/bin:/usr/bin:/bin:/usr/sbin:/sbin
SHELL=/bin/zsh

Signal Handlers:
SIGSEGV: [libjvm.dylib+0x5a6d31], sa_mask[0]=11111111011111110111111111111111, sa_flags=SA_ONSTACK|SA_RESTART|SA_SIGINFO
SIGBUS: [libjvm.dylib+0x5a6d31], sa_mask[0]=11111111011111110111111111111111, sa_flags=SA_RESTART|SA_SIGINFO
SIGFPE: [libjvm.dylib+0x480a40], sa_mask[0]=11111111011111110111111111111111, sa_flags=SA_RESTART|SA_SIGINFO
SIGPIPE: [libjvm.dylib+0x480a40], sa_mask[0]=11111111011111110111111111111111, sa_flags=SA_RESTART|SA_SIGINFO
SIGXFSZ: [libjvm.dylib+0x480a40], sa_mask[0]=11111111011111110111111111111111, sa_flags=SA_RESTART|SA_SIGINFO
SIGILL: [libjvm.dylib+0x480a40], sa_mask[0]=11111111011111110111111111111111, sa_flags=SA_RESTART|SA_SIGINFO
SIGUSR1: SIG_DFL, sa_mask[0]=00000000000000000000000000000000, sa_flags=none
SIGUSR2: [libjvm.dylib+0x48055e], sa_mask[0]=00100000000000000000000000000000, sa_flags=SA_RESTART|SA_SIGINFO
SIGHUP: [libjvm.dylib+0x47eb35], sa_mask[0]=11111111011111110111111111111111, sa_flags=SA_RESTART|SA_SIGINFO
SIGINT: [libjvm.dylib+0x47eb35], sa_mask[0]=11111111011111110111111111111111, sa_flags=SA_RESTART|SA_SIGINFO
SIGTERM: [libjvm.dylib+0x47eb35], sa_mask[0]=11111111011111110111111111111111, sa_flags=SA_RESTART|SA_SIGINFO
SIGQUIT: [libjvm.dylib+0x47eb35], sa_mask[0]=11111111011111110111111111111111, sa_flags=SA_RESTART|SA_SIGINFO


---------------  S Y S T E M  ---------------

OS:Bsduname:Darwin 16.3.0 Darwin Kernel Version 16.3.0: Thu Nov 17 20:23:58 PST 2016; root:xnu-3789.31.2~1/RELEASE_X86_64 x86_64
rlimit: STACK 8192k, CORE 0k, NPROC 709, NOFILE 10240, AS infinity
load average:2.49 2.50 1.49

CPU:total 8 (4 cores per cpu, 2 threads per core) family 6 model 70 stepping 1, cmov, cx8, fxsr, mmx, sse, sse2, sse3, ssse3, sse4.1, sse4.2, popcnt, avx, avx2, aes, clmul, erms, lzcnt, ht, tsc, tscinvbit, bmi1, bmi2

Memory: 4k page, physical 16777216k(2771792k free)

/proc/meminfo:


vm_info: Java HotSpot(TM) 64-Bit Server VM (25.65-b01) for bsd-amd64 JRE (1.8.0_65-b17), built on Oct  6 2015 15:36:46 by "java_re" with gcc 4.2.1 (Based on Apple Inc. build 5658) (LLVM build 2336.11.00)

time: Mon Dec 26 12:55:32 2016
elapsed time: 91 seconds (0d 0h 1m 31s)

