#
# A fatal error has been detected by the Java Runtime Environment:
#
#  SIGSEGV (0xb) at pc=0x000000012508a731, pid=6387, tid=4875
#
# JRE version: Java(TM) SE Runtime Environment (8.0_65-b17) (build 1.8.0_65-b17)
# Java VM: Java HotSpot(TM) 64-Bit Server VM (25.65-b01 mixed mode bsd-amd64 compressed oops)
# Problematic frame:
# C  [libavformat.57.dylib+0x12f731]  avformat_find_stream_info+0x31
#
# Failed to write core dump. Core dumps have been disabled. To enable core dumping, try "ulimit -c unlimited" before starting Java again
#
# If you would like to submit a bug report, please visit:
#   http://bugreport.java.com/bugreport/crash.jsp
# The crash happened outside the Java Virtual Machine in native code.
# See problematic frame for where to report the bug.
#

---------------  T H R E A D  ---------------

Current thread (0x00007fb65910f000):  JavaThread "Thread-3" daemon [_thread_in_native, id=4875, stack(0x000070000d677000,0x000070000d777000)]

siginfo: si_signo: 11 (SIGSEGV), si_code: 1 (SEGV_MAPERR), si_addr: 0x0000000000000020

Registers:
RAX=0xc569c794a5e70072, RBX=0x0000000000000000, RCX=0x0000000000000001, RDX=0x0000000000000000
RSP=0x000070000d7764d0, RBP=0x000070000d776740, RSI=0x0000000000000000, RDI=0x0000000000000000
R8 =0x0000000000000030, R9 =0x00007fb6547a08b0, R10=0x00000000ffffc000, R11=0x0000000002a9df70
R12=0x0000000000000000, R13=0x0000000000000000, R14=0x00007fb651d02940, R15=0x00007fb6546806f0
RIP=0x000000012508a731, EFLAGS=0x0000000000010202, ERR=0x0000000000000004
  TRAPNO=0x000000000000000e

Top of Stack: (sp=0x000070000d7764d0)
0x000070000d7764d0:   0000000000000005 0000000000000003
0x000070000d7764e0:   00000001040e4000 0000000000000003
0x000070000d7764f0:   00000001040e7a00 00000001040eb600
0x000070000d776500:   000070000d7765e0 00007fffcbf544ca
0x000070000d776510:   0000000000000000 0000000000000000
0x000070000d776520:   0000000000000000 0000000000000000
0x000070000d776530:   0000000000000000 0000000000000000
0x000070000d776540:   0000000000000000 0000000000000000
0x000070000d776550:   0000000000003c00 0000000000000000
0x000070000d776560:   0000000000000000 0000000000000006
0x000070000d776570:   00000001040eb600 0000000000000030
0x000070000d776580:   0000000000000000 0000000000000003
0x000070000d776590:   0000000000000000 0000000000000000
0x000070000d7765a0:   00000001040e4000 ff80000000001006
0x000070000d7765b0:   000000000000ffff 0000000000000000
0x000070000d7765c0:   0000000000000000 0000000000000030
0x000070000d7765d0:   00007fffd4c15000 0000000000000030
0x000070000d7765e0:   000070000d776610 00007fffcbf542da
0x000070000d7765f0:   0000000000000030 0000000000000030
0x000070000d776600:   0000000000000000 00007fb6546806f0
0x000070000d776610:   000070000d776630 00007fffcbf53258
0x000070000d776620:   0000000000000030 0000000000000030
0x000070000d776630:   000070000d776650 00007fffca9e3e2e
0x000070000d776640:   0000000000000030 0000000000000026
0x000070000d776650:   000070000d7766b0 00007fffca9a753b
0x000070000d776660:   0000000000000000 00007fb654680758
0x000070000d776670:   0000000000000000 0000000000000016
0x000070000d776680:   00007fb654680759 0000000000000010
0x000070000d776690:   00007fb651d03fc0 000000012611fff0
0x000070000d7766a0:   00007fb654680758 00007fb6546806f0
0x000070000d7766b0:   000070000d7766f0 00007fffca9a6c07
0x000070000d7766c0:   0000000000000026 00007fb651d02940 

Instructions: (pc=0x000000012508a731)
0x000000012508a711:   49 89 f5 49 89 fc 4c 89 a4 24 88 00 00 00 48 8b
0x000000012508a721:   05 da 28 06 00 48 8b 00 48 89 84 24 10 02 00 00
0x000000012508a731:   49 8b 7c 24 20 31 f6 ba 01 00 00 00 e8 9e 0e ef
0x000000012508a741:   ff 48 89 44 24 50 49 63 44 24 2c 48 89 44 24 60 

Register to memory mapping:

RAX=0xc569c794a5e70072 is an unknown value
RBX=0x0000000000000000 is an unknown value
RCX=0x0000000000000001 is an unknown value
RDX=0x0000000000000000 is an unknown value
RSP=0x000070000d7764d0 is pointing into the stack for thread: 0x00007fb65910f000
RBP=0x000070000d776740 is pointing into the stack for thread: 0x00007fb65910f000
RSI=0x0000000000000000 is an unknown value
RDI=0x0000000000000000 is an unknown value
R8 =0x0000000000000030 is an unknown value
R9 =0x00007fb6547a08b0 is an unknown value
R10=0x00000000ffffc000 is an unknown value
R11=0x0000000002a9df70 is an unknown value
R12=0x0000000000000000 is an unknown value
R13=0x0000000000000000 is an unknown value
R14=0x00007fb651d02940 is an unknown value
R15=0x00007fb6546806f0 is an unknown value


Stack: [0x000070000d677000,0x000070000d777000],  sp=0x000070000d7764d0,  free space=1021k
Native frames: (J=compiled Java code, j=interpreted, Vv=VM code, C=native code)
C  [libavformat.57.dylib+0x12f731]  avformat_find_stream_info+0x31
C  [strmrecv.dylib+0x24e1]  Java_kh_com_kshrd_core_RtspStream_openRtspInternal+0x71
j  kh.com.kshrd.core.RtspStream.openRtspInternal(JLjava/lang/String;)Z+0
j  kh.com.kshrd.core.RtspStream.open(Ljava/lang/String;)Z+26
j  kh.com.kshrd.core.RtspCamera.run()V+288
j  java.lang.Thread.run()V+11
v  ~StubRoutines::call_stub
V  [libjvm.dylib+0x2eab02]
V  [libjvm.dylib+0x2eb290]
V  [libjvm.dylib+0x2eb43c]
V  [libjvm.dylib+0x345959]
V  [libjvm.dylib+0x5612d3]
V  [libjvm.dylib+0x5629ce]
V  [libjvm.dylib+0x48342e]
C  [libsystem_pthread.dylib+0x3aab]  _pthread_body+0xb4
C  [libsystem_pthread.dylib+0x39f7]  _pthread_body+0x0
C  [libsystem_pthread.dylib+0x31fd]  thread_start+0xd
C  0x0000000000000000

Java frames: (J=compiled Java code, j=interpreted, Vv=VM code)
j  kh.com.kshrd.core.RtspStream.openRtspInternal(JLjava/lang/String;)Z+0
j  kh.com.kshrd.core.RtspStream.open(Ljava/lang/String;)Z+26
j  kh.com.kshrd.core.RtspCamera.run()V+288
j  java.lang.Thread.run()V+11
v  ~StubRoutines::call_stub

---------------  P R O C E S S  ---------------

Java Threads: ( => current thread )
  0x00007fb657a53800 JavaThread "Thread-7" daemon [_thread_in_native, id=29955, stack(0x000070000e5a4000,0x000070000e6a4000)]
  0x00007fb6568d7800 JavaThread "http-nio-9999-exec-5" daemon [_thread_blocked, id=29443, stack(0x000070000e4a1000,0x000070000e5a1000)]
  0x00007fb657495000 JavaThread "Thread-6" daemon [_thread_in_native, id=28931, stack(0x000070000e39e000,0x000070000e49e000)]
  0x00007fb65911c800 JavaThread "http-nio-9999-exec-4" daemon [_thread_blocked, id=28419, stack(0x000070000e29b000,0x000070000e39b000)]
  0x00007fb657a52000 JavaThread "Thread-5" daemon [_thread_in_native, id=27907, stack(0x000070000e198000,0x000070000e298000)]
  0x00007fb6572bc000 JavaThread "http-nio-9999-exec-3" daemon [_thread_blocked, id=27395, stack(0x000070000e095000,0x000070000e195000)]
  0x00007fb657cbc000 JavaThread "Thread-4" daemon [_thread_in_native, id=26883, stack(0x000070000df92000,0x000070000e092000)]
  0x00007fb65691c000 JavaThread "http-nio-9999-exec-2" daemon [_thread_blocked, id=26375, stack(0x000070000de8f000,0x000070000df8f000)]
=>0x00007fb65910f000 JavaThread "Thread-3" daemon [_thread_in_native, id=4875, stack(0x000070000d677000,0x000070000d777000)]
  0x00007fb659000800 JavaThread "http-nio-9999-exec-1" daemon [_thread_blocked, id=4107, stack(0x000070000d574000,0x000070000d674000)]
  0x00007fb652804800 JavaThread "DestroyJavaVM" [_thread_blocked, id=7171, stack(0x000070000c138000,0x000070000c238000)]
  0x00007fb65308d800 JavaThread "http-nio-9999-AsyncTimeout" daemon [_thread_blocked, id=25859, stack(0x000070000dd8c000,0x000070000de8c000)]
  0x00007fb6580ef800 JavaThread "http-nio-9999-Acceptor-0" daemon [_thread_in_native, id=25347, stack(0x000070000dc89000,0x000070000dd89000)]
  0x00007fb657a19000 JavaThread "http-nio-9999-ClientPoller-1" daemon [_thread_in_native, id=24835, stack(0x000070000db86000,0x000070000dc86000)]
  0x00007fb657a16800 JavaThread "http-nio-9999-ClientPoller-0" daemon [_thread_in_native, id=24323, stack(0x000070000da83000,0x000070000db83000)]
  0x00007fb657b58800 JavaThread "NioBlockingSelector.BlockPoller-1" daemon [_thread_in_native, id=23811, stack(0x000070000d980000,0x000070000da80000)]
  0x00007fb65516d800 JavaThread "container-0" [_thread_blocked, id=23299, stack(0x000070000d87d000,0x000070000d97d000)]
  0x00007fb65277a000 JavaThread "ContainerBackgroundProcessor[StandardEngine[Tomcat]]" daemon [_thread_blocked, id=22787, stack(0x000070000d77a000,0x000070000d87a000)]
  0x00007fb6528a4000 JavaThread "Monitor Ctrl-Break" daemon [_thread_in_native, id=22275, stack(0x000070000d471000,0x000070000d571000)]
  0x00007fb65581a800 JavaThread "Service Thread" daemon [_thread_blocked, id=21251, stack(0x000070000d26b000,0x000070000d36b000)]
  0x00007fb655831800 JavaThread "C1 CompilerThread3" daemon [_thread_blocked, id=20739, stack(0x000070000d168000,0x000070000d268000)]
  0x00007fb655830800 JavaThread "C2 CompilerThread2" daemon [_thread_blocked, id=20227, stack(0x000070000d065000,0x000070000d165000)]
  0x00007fb65580b000 JavaThread "C2 CompilerThread1" daemon [_thread_blocked, id=19715, stack(0x000070000cf62000,0x000070000d062000)]
  0x00007fb65580a800 JavaThread "C2 CompilerThread0" daemon [_thread_blocked, id=19203, stack(0x000070000ce5f000,0x000070000cf5f000)]
  0x00007fb65302d800 JavaThread "Signal Dispatcher" daemon [_thread_blocked, id=18691, stack(0x000070000cd5c000,0x000070000ce5c000)]
  0x00007fb653801000 JavaThread "Finalizer" daemon [_thread_blocked, id=14595, stack(0x000070000cc59000,0x000070000cd59000)]
  0x00007fb652810000 JavaThread "Reference Handler" daemon [_thread_blocked, id=14083, stack(0x000070000cb56000,0x000070000cc56000)]

Other Threads:
  0x00007fb65280f800 VMThread [stack: 0x000070000ca53000,0x000070000cb53000] [id=13571]
  0x00007fb653071000 WatcherThread [stack: 0x000070000d36e000,0x000070000d46e000] [id=21763]

VM state:not at safepoint (normal execution)

VM Mutex/Monitor currently owned by a thread: None

Heap:
 PSYoungGen      total 267776K, used 111302K [0x000000076ab00000, 0x0000000789f80000, 0x00000007c0000000)
  eden space 249344K, 44% used [0x000000076ab00000,0x00000007717b18c0,0x0000000779e80000)
  from space 18432K, 0% used [0x0000000779e80000,0x0000000779e80000,0x000000077b080000)
  to   space 19456K, 0% used [0x0000000788c80000,0x0000000788c80000,0x0000000789f80000)
 ParOldGen       total 132608K, used 27737K [0x00000006c0000000, 0x00000006c8180000, 0x000000076ab00000)
  object space 132608K, 20% used [0x00000006c0000000,0x00000006c1b167d0,0x00000006c8180000)
 Metaspace       used 41187K, capacity 41742K, committed 41984K, reserved 1085440K
  class space    used 5159K, capacity 5298K, committed 5376K, reserved 1048576K

Card table byte_map: [0x0000000107d9d000,0x000000010859e000] byte_map_base: 0x000000010479d000

Marking Bits: (ParMarkBitMap*) 0x00000001072dee20
 Begin Bits: [0x000000011aea0000, 0x000000011eea0000)
 End Bits:   [0x000000011eea0000, 0x0000000122ea0000)

Polling page: 0x00000001059fd000

CodeCache: size=245760Kb used=15491Kb max_used=15491Kb free=230268Kb
 bounds [0x000000010bea0000, 0x000000010cde0000, 0x000000011aea0000]
 total_blobs=4875 nmethods=4437 adapters=350
 compilation: enabled

Compilation events (10 events):
Event: 100.632 Thread 0x00007fb655831800 5208       3       java.lang.Long::toString (129 bytes)
Event: 100.633 Thread 0x00007fb655831800 nmethod 5208 0x000000010cdc5850 code [0x000000010cdc5a00, 0x000000010cdc6058]
Event: 100.633 Thread 0x00007fb655831800 5209       3       org.apache.tomcat.util.net.NioChannel::write (13 bytes)
Event: 100.633 Thread 0x00007fb655831800 nmethod 5209 0x000000010cdd2a10 code [0x000000010cdd2bc0, 0x000000010cdd30d8]
Event: 103.100 Thread 0x00007fb655831800 5210       3       java.util.regex.Pattern$5::isSatisfiedBy (28 bytes)
Event: 103.100 Thread 0x00007fb655831800 nmethod 5210 0x000000010cdd3310 code [0x000000010cdd34a0, 0x000000010cdd3838]
Event: 104.319 Thread 0x00007fb655831800 5211       3       java.lang.StringBuilder::append (6 bytes)
Event: 104.319 Thread 0x00007fb655831800 nmethod 5211 0x000000010cdd3950 code [0x000000010cdd3ac0, 0x000000010cdd3d28]
Event: 104.528 Thread 0x00007fb655831800 5212       3       java.lang.StringBuilder::append (6 bytes)
Event: 104.528 Thread 0x00007fb655831800 nmethod 5212 0x000000010cdd3e10 code [0x000000010cdd3f80, 0x000000010cdd41e8]

GC Heap History (10 events):
Event: 11.509 GC heap before
{Heap before GC invocations=5 (full 1):
 PSYoungGen      total 141824K, used 10724K [0x000000076ab00000, 0x0000000774000000, 0x00000007c0000000)
  eden space 131072K, 0% used [0x000000076ab00000,0x000000076ab00000,0x0000000772b00000)
  from space 10752K, 99% used [0x0000000773580000,0x0000000773ff9240,0x0000000774000000)
  to   space 10752K, 0% used [0x0000000772b00000,0x0000000772b00000,0x0000000773580000)
 ParOldGen       total 175104K, used 2874K [0x00000006c0000000, 0x00000006cab00000, 0x000000076ab00000)
  object space 175104K, 1% used [0x00000006c0000000,0x00000006c02ceab0,0x00000006cab00000)
 Metaspace       used 20915K, capacity 21198K, committed 21296K, reserved 1069056K
  class space    used 2554K, capacity 2646K, committed 2688K, reserved 1048576K
Event: 11.540 GC heap after
Heap after GC invocations=5 (full 1):
 PSYoungGen      total 141824K, used 0K [0x000000076ab00000, 0x0000000774000000, 0x00000007c0000000)
  eden space 131072K, 0% used [0x000000076ab00000,0x000000076ab00000,0x0000000772b00000)
  from space 10752K, 0% used [0x0000000773580000,0x0000000773580000,0x0000000774000000)
  to   space 10752K, 0% used [0x0000000772b00000,0x0000000772b00000,0x0000000773580000)
 ParOldGen       total 84480K, used 11042K [0x00000006c0000000, 0x00000006c5280000, 0x000000076ab00000)
  object space 84480K, 13% used [0x00000006c0000000,0x00000006c0ac8b98,0x00000006c5280000)
 Metaspace       used 20915K, capacity 21198K, committed 21296K, reserved 1069056K
  class space    used 2554K, capacity 2646K, committed 2688K, reserved 1048576K
}
Event: 12.376 GC heap before
{Heap before GC invocations=6 (full 1):
 PSYoungGen      total 141824K, used 131072K [0x000000076ab00000, 0x0000000774000000, 0x00000007c0000000)
  eden space 131072K, 100% used [0x000000076ab00000,0x0000000772b00000,0x0000000772b00000)
  from space 10752K, 0% used [0x0000000773580000,0x0000000773580000,0x0000000774000000)
  to   space 10752K, 0% used [0x0000000772b00000,0x0000000772b00000,0x0000000773580000)
 ParOldGen       total 84480K, used 11042K [0x00000006c0000000, 0x00000006c5280000, 0x000000076ab00000)
  object space 84480K, 13% used [0x00000006c0000000,0x00000006c0ac8b98,0x00000006c5280000)
 Metaspace       used 27710K, capacity 28050K, committed 28416K, reserved 1075200K
  class space    used 3414K, capacity 3516K, committed 3584K, reserved 1048576K
Event: 12.390 GC heap after
Heap after GC invocations=6 (full 1):
 PSYoungGen      total 141824K, used 10729K [0x000000076ab00000, 0x000000077c400000, 0x00000007c0000000)
  eden space 131072K, 0% used [0x000000076ab00000,0x000000076ab00000,0x0000000772b00000)
  from space 10752K, 99% used [0x0000000772b00000,0x000000077357a7a8,0x0000000773580000)
  to   space 18944K, 0% used [0x000000077b180000,0x000000077b180000,0x000000077c400000)
 ParOldGen       total 84480K, used 21100K [0x00000006c0000000, 0x00000006c5280000, 0x000000076ab00000)
  object space 84480K, 24% used [0x00000006c0000000,0x00000006c149b388,0x00000006c5280000)
 Metaspace       used 27710K, capacity 28050K, committed 28416K, reserved 1075200K
  class space    used 3414K, capacity 3516K, committed 3584K, reserved 1048576K
}
Event: 13.184 GC heap before
{Heap before GC invocations=7 (full 1):
 PSYoungGen      total 141824K, used 141801K [0x000000076ab00000, 0x000000077c400000, 0x00000007c0000000)
  eden space 131072K, 100% used [0x000000076ab00000,0x0000000772b00000,0x0000000772b00000)
  from space 10752K, 99% used [0x0000000772b00000,0x000000077357a7a8,0x0000000773580000)
  to   space 18944K, 0% used [0x000000077b180000,0x000000077b180000,0x000000077c400000)
 ParOldGen       total 84480K, used 21100K [0x00000006c0000000, 0x00000006c5280000, 0x000000076ab00000)
  object space 84480K, 24% used [0x00000006c0000000,0x00000006c149b388,0x00000006c5280000)
 Metaspace       used 31370K, capacity 31810K, committed 32000K, reserved 1077248K
  class space    used 3895K, capacity 4004K, committed 4096K, reserved 1048576K
Event: 13.201 GC heap after
Heap after GC invocations=7 (full 1):
 PSYoungGen      total 266752K, used 12714K [0x000000076ab00000, 0x000000077c280000, 0x00000007c0000000)
  eden space 249344K, 0% used [0x000000076ab00000,0x000000076ab00000,0x0000000779e80000)
  from space 17408K, 73% used [0x000000077b180000,0x000000077bdeabd8,0x000000077c280000)
  to   space 18432K, 0% used [0x0000000779e80000,0x0000000779e80000,0x000000077b080000)
 ParOldGen       total 84480K, used 21108K [0x00000006c0000000, 0x00000006c5280000, 0x000000076ab00000)
  object space 84480K, 24% used [0x00000006c0000000,0x00000006c149d388,0x00000006c5280000)
 Metaspace       used 31370K, capacity 31810K, committed 32000K, reserved 1077248K
  class space    used 3895K, capacity 4004K, committed 4096K, reserved 1048576K
}
Event: 13.882 GC heap before
{Heap before GC invocations=8 (full 1):
 PSYoungGen      total 266752K, used 146418K [0x000000076ab00000, 0x000000077c280000, 0x00000007c0000000)
  eden space 249344K, 53% used [0x000000076ab00000,0x0000000772d91ca8,0x0000000779e80000)
  from space 17408K, 73% used [0x000000077b180000,0x000000077bdeabd8,0x000000077c280000)
  to   space 18432K, 0% used [0x0000000779e80000,0x0000000779e80000,0x000000077b080000)
 ParOldGen       total 84480K, used 21108K [0x00000006c0000000, 0x00000006c5280000, 0x000000076ab00000)
  object space 84480K, 24% used [0x00000006c0000000,0x00000006c149d388,0x00000006c5280000)
 Metaspace       used 34876K, capacity 35296K, committed 35496K, reserved 1081344K
  class space    used 4413K, capacity 4521K, committed 4608K, reserved 1048576K
Event: 13.898 GC heap after
Heap after GC invocations=8 (full 1):
 PSYoungGen      total 267776K, used 17366K [0x000000076ab00000, 0x0000000789f80000, 0x00000007c0000000)
  eden space 249344K, 0% used [0x000000076ab00000,0x000000076ab00000,0x0000000779e80000)
  from space 18432K, 94% used [0x0000000779e80000,0x000000077af75ac0,0x000000077b080000)
  to   space 19456K, 0% used [0x0000000788c80000,0x0000000788c80000,0x0000000789f80000)
 ParOldGen       total 84480K, used 21116K [0x00000006c0000000, 0x00000006c5280000, 0x000000076ab00000)
  object space 84480K, 24% used [0x00000006c0000000,0x00000006c149f388,0x00000006c5280000)
 Metaspace       used 34876K, capacity 35296K, committed 35496K, reserved 1081344K
  class space    used 4413K, capacity 4521K, committed 4608K, reserved 1048576K
}
Event: 13.898 GC heap before
{Heap before GC invocations=9 (full 2):
 PSYoungGen      total 267776K, used 17366K [0x000000076ab00000, 0x0000000789f80000, 0x00000007c0000000)
  eden space 249344K, 0% used [0x000000076ab00000,0x000000076ab00000,0x0000000779e80000)
  from space 18432K, 94% used [0x0000000779e80000,0x000000077af75ac0,0x000000077b080000)
  to   space 19456K, 0% used [0x0000000788c80000,0x0000000788c80000,0x0000000789f80000)
 ParOldGen       total 84480K, used 21116K [0x00000006c0000000, 0x00000006c5280000, 0x000000076ab00000)
  object space 84480K, 24% used [0x00000006c0000000,0x00000006c149f388,0x00000006c5280000)
 Metaspace       used 34876K, capacity 35296K, committed 35496K, reserved 1081344K
  class space    used 4413K, capacity 4521K, committed 4608K, reserved 1048576K
Event: 13.958 GC heap after
Heap after GC invocations=9 (full 2):
 PSYoungGen      total 267776K, used 0K [0x000000076ab00000, 0x0000000789f80000, 0x00000007c0000000)
  eden space 249344K, 0% used [0x000000076ab00000,0x000000076ab00000,0x0000000779e80000)
  from space 18432K, 0% used [0x0000000779e80000,0x0000000779e80000,0x000000077b080000)
  to   space 19456K, 0% used [0x0000000788c80000,0x0000000788c80000,0x0000000789f80000)
 ParOldGen       total 132608K, used 27737K [0x00000006c0000000, 0x00000006c8180000, 0x000000076ab00000)
  object space 132608K, 20% used [0x00000006c0000000,0x00000006c1b167d0,0x00000006c8180000)
 Metaspace       used 34876K, capacity 35296K, committed 35496K, reserved 1081344K
  class space    used 4413K, capacity 4521K, committed 4608K, reserved 1048576K
}

Deoptimization events (10 events):
Event: 30.089 Thread 0x00007fb659000800 Uncommon trap: reason=bimorphic action=maybe_recompile pc=0x000000010ca11300 method=java.lang.ClassLoader.loadClass(Ljava/lang/String;Z)Ljava/lang/Class; @ 2
Event: 30.089 Thread 0x00007fb659000800 Uncommon trap: reason=bimorphic action=maybe_recompile pc=0x000000010ca11300 method=java.lang.ClassLoader.loadClass(Ljava/lang/String;Z)Ljava/lang/Class; @ 2
Event: 30.110 Thread 0x00007fb659000800 Uncommon trap: reason=unstable_if action=reinterpret pc=0x000000010c40a350 method=java.lang.Character.isSurrogate(C)Z @ 3
Event: 30.141 Thread 0x00007fb659000800 Uncommon trap: reason=class_check action=maybe_recompile pc=0x000000010c873214 method=java.lang.StringCoding$StringDecoder.charsetName()Ljava/lang/String; @ 4
Event: 30.150 Thread 0x00007fb659000800 Uncommon trap: reason=unstable_if action=reinterpret pc=0x000000010c22c010 method=java.security.CodeSource.getCertificates()[Ljava/security/cert/Certificate; @ 22
Event: 30.208 Thread 0x00007fb659000800 Uncommon trap: reason=class_check action=maybe_recompile pc=0x000000010c803f98 method=java.util.AbstractList$Itr.hasNext()Z @ 8
Event: 36.071 Thread 0x00007fb65691c000 Uncommon trap: reason=unstable_if action=reinterpret pc=0x000000010cced728 method=org.springframework.core.annotation.AnnotationUtils.synthesizeAnnotation(Ljava/lang/annotation/Annotation;Ljava/lang/Object;)Ljava/lang/annotation/Annotation; @ 10
Event: 36.073 Thread 0x00007fb65691c000 Uncommon trap: reason=unstable_if action=reinterpret pc=0x000000010cc63660 method=java.lang.CharacterDataLatin1.digit(II)I @ 82
Event: 36.077 Thread 0x00007fb65691c000 Uncommon trap: reason=unstable_if action=reinterpret pc=0x000000010cc62c38 method=java.lang.CharacterDataLatin1.digit(II)I @ 60
Event: 36.097 Thread 0x00007fb65691c000 Uncommon trap: reason=class_check action=maybe_recompile pc=0x000000010c803f98 method=java.util.AbstractList$Itr.hasNext()Z @ 8

Internal exceptions (10 events):
Event: 29.929 Thread 0x00007fb659000800 Exception <a 'java/lang/ClassNotFoundException': org/springframework/web/servlet/theme/FixedThemeResolverCustomizer> (0x000000076e402aa0) thrown at [/Users/java_re/workspace/8-2-build-macosx-x86_64/jdk8u65/4987/hotspot/src/share/vm/classfile/systemDiction
Event: 29.929 Thread 0x00007fb659000800 Exception <a 'java/lang/ClassNotFoundException': org/springframework/web/servlet/ThemeResolverCustomizer> (0x000000076e41ec30) thrown at [/Users/java_re/workspace/8-2-build-macosx-x86_64/jdk8u65/4987/hotspot/src/share/vm/classfile/systemDictionary.cpp, li
Event: 29.931 Thread 0x00007fb659000800 Exception <a 'java/lang/ClassNotFoundException': java/lang/ObjectCustomizer> (0x000000076e43e3b8) thrown at [/Users/java_re/workspace/8-2-build-macosx-x86_64/jdk8u65/4987/hotspot/src/share/vm/classfile/systemDictionary.cpp, line 210]
Event: 29.932 Thread 0x00007fb659000800 Exception <a 'java/lang/ClassNotFoundException': org/springframework/web/servlet/view/DefaultRequestToViewNameTranslatorCustomizer> (0x000000076e4615c8) thrown at [/Users/java_re/workspace/8-2-build-macosx-x86_64/jdk8u65/4987/hotspot/src/share/vm/classfil
Event: 29.932 Thread 0x00007fb659000800 Exception <a 'java/lang/ClassNotFoundException': org/springframework/web/servlet/RequestToViewNameTranslatorCustomizer> (0x000000076e48f988) thrown at [/Users/java_re/workspace/8-2-build-macosx-x86_64/jdk8u65/4987/hotspot/src/share/vm/classfile/systemDict
Event: 29.935 Thread 0x00007fb659000800 Exception <a 'java/lang/ClassNotFoundException': java/lang/ObjectCustomizer> (0x000000076e4bfc90) thrown at [/Users/java_re/workspace/8-2-build-macosx-x86_64/jdk8u65/4987/hotspot/src/share/vm/classfile/systemDictionary.cpp, line 210]
Event: 29.935 Thread 0x00007fb659000800 Exception <a 'java/lang/ClassNotFoundException': org/springframework/web/servlet/support/AbstractFlashMapManagerCustomizer> (0x000000076e4e0c60) thrown at [/Users/java_re/workspace/8-2-build-macosx-x86_64/jdk8u65/4987/hotspot/src/share/vm/classfile/system
Event: 29.936 Thread 0x00007fb659000800 Exception <a 'java/lang/ClassNotFoundException': org/springframework/web/servlet/support/SessionFlashMapManagerCustomizer> (0x000000076e505ab8) thrown at [/Users/java_re/workspace/8-2-build-macosx-x86_64/jdk8u65/4987/hotspot/src/share/vm/classfile/systemD
Event: 29.936 Thread 0x00007fb659000800 Exception <a 'java/lang/ClassNotFoundException': org/springframework/web/servlet/FlashMapManagerCustomizer> (0x000000076e521b98) thrown at [/Users/java_re/workspace/8-2-build-macosx-x86_64/jdk8u65/4987/hotspot/src/share/vm/classfile/systemDictionary.cpp, 
Event: 29.956 Thread 0x00007fb659000800 Implicit null exception at 0x000000010cc99bec to 0x000000010cca2d59

Events (10 events):
Event: 59.354 Thread 0x00007fb65911c800 Thread added: 0x00007fb65911c800
Event: 59.375 loading class kh/com/kshrd/vivotek/ServiceProvider
Event: 59.375 loading class kh/com/kshrd/vivotek/ServiceProvider done
Event: 59.377 Thread 0x00007fb657495000 Thread added: 0x00007fb657495000
Event: 70.906 Thread 0x00007fb6568d7800 Thread added: 0x00007fb6568d7800
Event: 70.928 loading class kh/com/kshrd/vivotek/ServiceProvider
Event: 70.928 loading class kh/com/kshrd/vivotek/ServiceProvider done
Event: 70.930 Thread 0x00007fb657a53800 Thread added: 0x00007fb657a53800
Event: 74.406 Thread 0x00007fb65691c000 DEOPT PACKING pc=0x000000010cb4fd74 sp=0x000070000df8b7e0
Event: 74.406 Thread 0x00007fb65691c000 DEOPT UNPACKING pc=0x000000010bee7633 sp=0x000070000df8b528 mode 0


Dynamic libraries:
0x00000000414c9000 	/System/Library/Frameworks/Cocoa.framework/Versions/A/Cocoa
0x00000000414c9000 	/System/Library/Frameworks/Security.framework/Versions/A/Security
0x00000000414c9000 	/System/Library/Frameworks/ApplicationServices.framework/Versions/A/ApplicationServices
0x00000000414c9000 	/usr/lib/libz.1.dylib
0x00000000414c9000 	/usr/lib/libSystem.B.dylib
0x00000000414c9000 	/usr/lib/libobjc.A.dylib
0x00000000414c9000 	/System/Library/Frameworks/CoreFoundation.framework/Versions/A/CoreFoundation
0x00000000414c9000 	/System/Library/Frameworks/Foundation.framework/Versions/C/Foundation
0x00000000414c9000 	/System/Library/Frameworks/AppKit.framework/Versions/C/AppKit
0x00000000414c9000 	/System/Library/Frameworks/CoreData.framework/Versions/A/CoreData
0x00000000414c9000 	/System/Library/PrivateFrameworks/RemoteViewServices.framework/Versions/A/RemoteViewServices
0x00000000414c9000 	/System/Library/PrivateFrameworks/UIFoundation.framework/Versions/A/UIFoundation
0x00000000414c9000 	/System/Library/PrivateFrameworks/DFRFoundation.framework/Versions/A/DFRFoundation
0x00000000414c9000 	/usr/lib/libenergytrace.dylib
0x00000000414c9000 	/System/Library/PrivateFrameworks/SkyLight.framework/Versions/A/SkyLight
0x00000000414c9000 	/System/Library/Frameworks/CoreGraphics.framework/Versions/A/CoreGraphics
0x00000000414c9000 	/usr/lib/libScreenReader.dylib
0x00000000414c9000 	/System/Library/Frameworks/Accelerate.framework/Versions/A/Accelerate
0x00000000414c9000 	/System/Library/Frameworks/IOSurface.framework/Versions/A/IOSurface
0x00000000414c9000 	/System/Library/Frameworks/AudioToolbox.framework/Versions/A/AudioToolbox
0x00000000414c9000 	/System/Library/Frameworks/AudioUnit.framework/Versions/A/AudioUnit
0x00000000414c9000 	/System/Library/PrivateFrameworks/DataDetectorsCore.framework/Versions/A/DataDetectorsCore
0x00000000414c9000 	/System/Library/PrivateFrameworks/DesktopServicesPriv.framework/Versions/A/DesktopServicesPriv
0x00000000414c9000 	/System/Library/Frameworks/Carbon.framework/Versions/A/Frameworks/HIToolbox.framework/Versions/A/HIToolbox
0x00000000414c9000 	/usr/lib/libicucore.A.dylib
0x00000000414c9000 	/System/Library/Frameworks/QuartzCore.framework/Versions/A/QuartzCore
0x00000000414c9000 	/System/Library/Frameworks/Carbon.framework/Versions/A/Frameworks/SpeechRecognition.framework/Versions/A/SpeechRecognition
0x00000000414c9000 	/usr/lib/libauto.dylib
0x00000000414c9000 	/usr/lib/libxml2.2.dylib
0x00000000414c9000 	/System/Library/PrivateFrameworks/CoreUI.framework/Versions/A/CoreUI
0x00000000414c9000 	/System/Library/Frameworks/CoreAudio.framework/Versions/A/CoreAudio
0x00000000414c9000 	/System/Library/Frameworks/DiskArbitration.framework/Versions/A/DiskArbitration
0x00000000414c9000 	/usr/lib/liblangid.dylib
0x00000000414c9000 	/System/Library/PrivateFrameworks/MultitouchSupport.framework/Versions/A/MultitouchSupport
0x00000000414c9000 	/System/Library/Frameworks/IOKit.framework/Versions/A/IOKit
0x00000000414c9000 	/usr/lib/libDiagnosticMessagesClient.dylib
0x00000000414c9000 	/System/Library/Frameworks/CoreServices.framework/Versions/A/CoreServices
0x00000000414c9000 	/System/Library/PrivateFrameworks/PerformanceAnalysis.framework/Versions/A/PerformanceAnalysis
0x00000000414c9000 	/System/Library/PrivateFrameworks/GenerationalStorage.framework/Versions/A/GenerationalStorage
0x00000000414c9000 	/System/Library/Frameworks/OpenGL.framework/Versions/A/OpenGL
0x00000000414c9000 	/System/Library/Frameworks/CoreImage.framework/Versions/A/CoreImage
0x00000000414c9000 	/System/Library/Frameworks/CoreText.framework/Versions/A/CoreText
0x00000000414c9000 	/System/Library/Frameworks/ImageIO.framework/Versions/A/ImageIO
0x00000000414c9000 	/System/Library/PrivateFrameworks/Backup.framework/Versions/A/Backup
0x00000000414c9000 	/usr/lib/libarchive.2.dylib
0x00000000414c9000 	/System/Library/Frameworks/CFNetwork.framework/Versions/A/CFNetwork
0x00000000414c9000 	/System/Library/Frameworks/SystemConfiguration.framework/Versions/A/SystemConfiguration
0x00000000414c9000 	/usr/lib/libCRFSuite.dylib
0x00000000414c9000 	/usr/lib/libc++.1.dylib
0x00000000414c9000 	/usr/lib/libc++abi.dylib
0x00000000414c9000 	/usr/lib/system/libcache.dylib
0x00000000414c9000 	/usr/lib/system/libcommonCrypto.dylib
0x00000000414c9000 	/usr/lib/system/libcompiler_rt.dylib
0x00000000414c9000 	/usr/lib/system/libcopyfile.dylib
0x00000000414c9000 	/usr/lib/system/libcorecrypto.dylib
0x00000000414c9000 	/usr/lib/system/libdispatch.dylib
0x00000000414c9000 	/usr/lib/system/libdyld.dylib
0x00000000414c9000 	/usr/lib/system/libkeymgr.dylib
0x00000000414c9000 	/usr/lib/system/liblaunch.dylib
0x00000000414c9000 	/usr/lib/system/libmacho.dylib
0x00000000414c9000 	/usr/lib/system/libquarantine.dylib
0x00000000414c9000 	/usr/lib/system/libremovefile.dylib
0x00000000414c9000 	/usr/lib/system/libsystem_asl.dylib
0x00000000414c9000 	/usr/lib/system/libsystem_blocks.dylib
0x00000000414c9000 	/usr/lib/system/libsystem_c.dylib
0x00000000414c9000 	/usr/lib/system/libsystem_configuration.dylib
0x00000000414c9000 	/usr/lib/system/libsystem_coreservices.dylib
0x00000000414c9000 	/usr/lib/system/libsystem_coretls.dylib
0x00000000414c9000 	/usr/lib/system/libsystem_dnssd.dylib
0x00000000414c9000 	/usr/lib/system/libsystem_info.dylib
0x00000000414c9000 	/usr/lib/system/libsystem_kernel.dylib
0x00000000414c9000 	/usr/lib/system/libsystem_m.dylib
0x00000000414c9000 	/usr/lib/system/libsystem_malloc.dylib
0x00000000414c9000 	/usr/lib/system/libsystem_network.dylib
0x00000000414c9000 	/usr/lib/system/libsystem_networkextension.dylib
0x00000000414c9000 	/usr/lib/system/libsystem_notify.dylib
0x00000000414c9000 	/usr/lib/system/libsystem_platform.dylib
0x00000000414c9000 	/usr/lib/system/libsystem_pthread.dylib
0x00000000414c9000 	/usr/lib/system/libsystem_sandbox.dylib
0x00000000414c9000 	/usr/lib/system/libsystem_secinit.dylib
0x00000000414c9000 	/usr/lib/system/libsystem_symptoms.dylib
0x00000000414c9000 	/usr/lib/system/libsystem_trace.dylib
0x00000000414c9000 	/usr/lib/system/libunwind.dylib
0x00000000414c9000 	/usr/lib/system/libxpc.dylib
0x00000000414c9000 	/usr/lib/libbsm.0.dylib
0x00000000414c9000 	/usr/lib/system/libkxld.dylib
0x00000000414c9000 	/usr/lib/libcoretls.dylib
0x00000000414c9000 	/usr/lib/libcoretls_cfhelpers.dylib
0x00000000414c9000 	/usr/lib/libxar.1.dylib
0x00000000414c9000 	/usr/lib/libsqlite3.dylib
0x00000000414c9000 	/usr/lib/libpam.2.dylib
0x00000000414c9000 	/usr/lib/libOpenScriptingUtil.dylib
0x00000000414c9000 	/usr/lib/libbz2.1.0.dylib
0x00000000414c9000 	/usr/lib/liblzma.5.dylib
0x00000000414c9000 	/usr/lib/libnetwork.dylib
0x00000000414c9000 	/usr/lib/libpcap.A.dylib
0x00000000414c9000 	/System/Library/Frameworks/CoreServices.framework/Versions/A/Frameworks/FSEvents.framework/Versions/A/FSEvents
0x00000000414c9000 	/System/Library/Frameworks/CoreServices.framework/Versions/A/Frameworks/CarbonCore.framework/Versions/A/CarbonCore
0x00000000414c9000 	/System/Library/Frameworks/CoreServices.framework/Versions/A/Frameworks/Metadata.framework/Versions/A/Metadata
0x00000000414c9000 	/System/Library/Frameworks/CoreServices.framework/Versions/A/Frameworks/OSServices.framework/Versions/A/OSServices
0x00000000414c9000 	/System/Library/Frameworks/CoreServices.framework/Versions/A/Frameworks/SearchKit.framework/Versions/A/SearchKit
0x00000000414c9000 	/System/Library/Frameworks/CoreServices.framework/Versions/A/Frameworks/AE.framework/Versions/A/AE
0x00000000414c9000 	/System/Library/Frameworks/CoreServices.framework/Versions/A/Frameworks/LaunchServices.framework/Versions/A/LaunchServices
0x00000000414c9000 	/System/Library/Frameworks/CoreServices.framework/Versions/A/Frameworks/DictionaryServices.framework/Versions/A/DictionaryServices
0x00000000414c9000 	/System/Library/Frameworks/CoreServices.framework/Versions/A/Frameworks/SharedFileList.framework/Versions/A/SharedFileList
0x00000000414c9000 	/System/Library/Frameworks/NetFS.framework/Versions/A/NetFS
0x00000000414c9000 	/System/Library/PrivateFrameworks/NetAuth.framework/Versions/A/NetAuth
0x00000000414c9000 	/System/Library/PrivateFrameworks/login.framework/Versions/A/Frameworks/loginsupport.framework/Versions/A/loginsupport
0x00000000414c9000 	/System/Library/PrivateFrameworks/TCC.framework/Versions/A/TCC
0x00000000414c9000 	/usr/lib/libmecabra.dylib
0x00000000414c9000 	/System/Library/Frameworks/ApplicationServices.framework/Versions/A/Frameworks/ATS.framework/Versions/A/ATS
0x00000000414c9000 	/System/Library/Frameworks/ApplicationServices.framework/Versions/A/Frameworks/ColorSync.framework/Versions/A/ColorSync
0x00000000414c9000 	/System/Library/Frameworks/ApplicationServices.framework/Versions/A/Frameworks/HIServices.framework/Versions/A/HIServices
0x00000000414c9000 	/System/Library/Frameworks/ApplicationServices.framework/Versions/A/Frameworks/LangAnalysis.framework/Versions/A/LangAnalysis
0x00000000414c9000 	/System/Library/Frameworks/ApplicationServices.framework/Versions/A/Frameworks/PrintCore.framework/Versions/A/PrintCore
0x00000000414c9000 	/System/Library/Frameworks/ApplicationServices.framework/Versions/A/Frameworks/QD.framework/Versions/A/QD
0x00000000414c9000 	/System/Library/Frameworks/ApplicationServices.framework/Versions/A/Frameworks/SpeechSynthesis.framework/Versions/A/SpeechSynthesis
0x00000000414c9000 	/System/Library/Frameworks/Accelerate.framework/Versions/A/Frameworks/vImage.framework/Versions/A/vImage
0x00000000414c9000 	/System/Library/Frameworks/Accelerate.framework/Versions/A/Frameworks/vecLib.framework/Versions/A/vecLib
0x00000000414c9000 	/System/Library/Frameworks/Accelerate.framework/Versions/A/Frameworks/vecLib.framework/Versions/A/libvDSP.dylib
0x00000000414c9000 	/System/Library/Frameworks/Accelerate.framework/Versions/A/Frameworks/vecLib.framework/Versions/A/libBNNS.dylib
0x00000000414c9000 	/System/Library/Frameworks/Accelerate.framework/Versions/A/Frameworks/vecLib.framework/Versions/A/libQuadrature.dylib
0x00000000414c9000 	/System/Library/Frameworks/Accelerate.framework/Versions/A/Frameworks/vecLib.framework/Versions/A/libvMisc.dylib
0x00000000414c9000 	/System/Library/Frameworks/Accelerate.framework/Versions/A/Frameworks/vecLib.framework/Versions/A/libLAPACK.dylib
0x00000000414c9000 	/System/Library/Frameworks/Accelerate.framework/Versions/A/Frameworks/vecLib.framework/Versions/A/libBLAS.dylib
0x00000000414c9000 	/System/Library/Frameworks/Accelerate.framework/Versions/A/Frameworks/vecLib.framework/Versions/A/libLinearAlgebra.dylib
0x00000000414c9000 	/System/Library/Frameworks/Accelerate.framework/Versions/A/Frameworks/vecLib.framework/Versions/A/libSparseBLAS.dylib
0x00000000414c9000 	/System/Library/Frameworks/ApplicationServices.framework/Versions/A/Frameworks/ATS.framework/Versions/A/Resources/libFontParser.dylib
0x00000000414c9000 	/System/Library/Frameworks/ApplicationServices.framework/Versions/A/Frameworks/ATS.framework/Versions/A/Resources/libFontRegistry.dylib
0x00000000414c9000 	/System/Library/Frameworks/ImageIO.framework/Versions/A/Resources/libJPEG.dylib
0x00000000414c9000 	/System/Library/Frameworks/ImageIO.framework/Versions/A/Resources/libTIFF.dylib
0x00000000414c9000 	/System/Library/Frameworks/ImageIO.framework/Versions/A/Resources/libPng.dylib
0x00000000414c9000 	/System/Library/Frameworks/ImageIO.framework/Versions/A/Resources/libGIF.dylib
0x00000000414c9000 	/System/Library/Frameworks/ImageIO.framework/Versions/A/Resources/libJP2.dylib
0x00000000414c9000 	/System/Library/Frameworks/ImageIO.framework/Versions/A/Resources/libRadiance.dylib
0x00000000414c9000 	/usr/lib/libcompression.dylib
0x00000000414c9000 	/System/Library/PrivateFrameworks/AppleJPEG.framework/Versions/A/AppleJPEG
0x00000000414c9000 	/usr/lib/libcups.2.dylib
0x00000000414c9000 	/System/Library/Frameworks/Kerberos.framework/Versions/A/Kerberos
0x00000000414c9000 	/System/Library/Frameworks/GSS.framework/Versions/A/GSS
0x00000000414c9000 	/usr/lib/libresolv.9.dylib
0x00000000414c9000 	/usr/lib/libiconv.2.dylib
0x00000000414c9000 	/System/Library/PrivateFrameworks/Heimdal.framework/Versions/A/Heimdal
0x00000000414c9000 	/usr/lib/libheimdal-asn1.dylib
0x00000000414c9000 	/System/Library/Frameworks/OpenDirectory.framework/Versions/A/OpenDirectory
0x00000000414c9000 	/System/Library/PrivateFrameworks/CommonAuth.framework/Versions/A/CommonAuth
0x00000000414c9000 	/System/Library/Frameworks/OpenDirectory.framework/Versions/A/Frameworks/CFOpenDirectory.framework/Versions/A/CFOpenDirectory
0x00000000414c9000 	/System/Library/Frameworks/SecurityFoundation.framework/Versions/A/SecurityFoundation
0x00000000414c9000 	/System/Library/PrivateFrameworks/LanguageModeling.framework/Versions/A/LanguageModeling
0x00000000414c9000 	/usr/lib/libmarisa.dylib
0x00000000414c9000 	/usr/lib/libChineseTokenizer.dylib
0x00000000414c9000 	/usr/lib/libcmph.dylib
0x00000000414c9000 	/System/Library/PrivateFrameworks/CoreEmoji.framework/Versions/A/CoreEmoji
0x00000000414c9000 	/System/Library/Frameworks/ServiceManagement.framework/Versions/A/ServiceManagement
0x00000000414c9000 	/usr/lib/libxslt.1.dylib
0x00000000414c9000 	/System/Library/Frameworks/Carbon.framework/Versions/A/Frameworks/Ink.framework/Versions/A/Ink
0x00000000414c9000 	/System/Library/PrivateFrameworks/TextureIO.framework/Versions/A/TextureIO
0x00000000414c9000 	/System/Library/Frameworks/Metal.framework/Versions/A/Metal
0x00000000414c9000 	/usr/lib/libate.dylib
0x00000000414c9000 	/System/Library/PrivateFrameworks/GPUCompiler.framework/libmetal_timestamp.dylib
0x00000000414c9000 	/System/Library/Frameworks/OpenGL.framework/Versions/A/Libraries/libCoreFSCache.dylib
0x00000000414c9000 	/System/Library/PrivateFrameworks/IOAccelerator.framework/Versions/A/IOAccelerator
0x00000000414c9000 	/System/Library/Frameworks/CoreVideo.framework/Versions/A/CoreVideo
0x00000000414c9000 	/usr/lib/libFosl_dynamic.dylib
0x00000000414c9000 	/System/Library/PrivateFrameworks/MetalPerformanceShaders.framework/Versions/A/MetalPerformanceShaders
0x00000000414c9000 	/System/Library/PrivateFrameworks/FaceCore.framework/Versions/A/FaceCore
0x00000000414c9000 	/System/Library/Frameworks/OpenCL.framework/Versions/A/OpenCL
0x00000000414c9000 	/System/Library/Frameworks/OpenGL.framework/Versions/A/Libraries/libGLU.dylib
0x00000000414c9000 	/System/Library/Frameworks/OpenGL.framework/Versions/A/Libraries/libGFXShared.dylib
0x00000000414c9000 	/System/Library/Frameworks/OpenGL.framework/Versions/A/Libraries/libGL.dylib
0x00000000414c9000 	/System/Library/Frameworks/OpenGL.framework/Versions/A/Libraries/libGLImage.dylib
0x00000000414c9000 	/System/Library/Frameworks/OpenGL.framework/Versions/A/Libraries/libCVMSPluginSupport.dylib
0x00000000414c9000 	/System/Library/Frameworks/OpenGL.framework/Versions/A/Libraries/libCoreVMClient.dylib
0x00000000414c9000 	/System/Library/PrivateFrameworks/CrashReporterSupport.framework/Versions/A/CrashReporterSupport
0x00000000414c9000 	/System/Library/PrivateFrameworks/Sharing.framework/Versions/A/Sharing
0x00000000414c9000 	/System/Library/PrivateFrameworks/IconServices.framework/Versions/A/IconServices
0x00000000414c9000 	/System/Library/PrivateFrameworks/ProtocolBuffer.framework/Versions/A/ProtocolBuffer
0x00000000414c9000 	/System/Library/PrivateFrameworks/Apple80211.framework/Versions/A/Apple80211
0x00000000414c9000 	/System/Library/Frameworks/CoreWLAN.framework/Versions/A/CoreWLAN
0x00000000414c9000 	/System/Library/PrivateFrameworks/CoreUtils.framework/Versions/A/CoreUtils
0x00000000414c9000 	/System/Library/Frameworks/IOBluetooth.framework/Versions/A/IOBluetooth
0x00000000414c9000 	/System/Library/PrivateFrameworks/CoreWiFi.framework/Versions/A/CoreWiFi
0x00000000414c9000 	/System/Library/Frameworks/CoreBluetooth.framework/Versions/A/CoreBluetooth
0x00000000414c9000 	/System/Library/Frameworks/CoreDisplay.framework/Versions/A/CoreDisplay
0x00000000414c9000 	/System/Library/PrivateFrameworks/IOPresentment.framework/Versions/A/IOPresentment
0x00000000414c9000 	/System/Library/PrivateFrameworks/DebugSymbols.framework/Versions/A/DebugSymbols
0x00000000414c9000 	/System/Library/PrivateFrameworks/CoreSymbolication.framework/Versions/A/CoreSymbolication
0x00000000414c9000 	/System/Library/PrivateFrameworks/Symbolication.framework/Versions/A/Symbolication
0x00000000414c9000 	/System/Library/PrivateFrameworks/AppleFSCompression.framework/Versions/A/AppleFSCompression
0x00000000414c9000 	/System/Library/PrivateFrameworks/SpeechRecognitionCore.framework/Versions/A/SpeechRecognitionCore
0x00000000414c9000 	/System/Library/PrivateFrameworks/ChunkingLibrary.framework/Versions/A/ChunkingLibrary
0x0000000106a00000 	/Library/Java/JavaVirtualMachines/jdk1.8.0_65.jdk/Contents/Home/jre/lib/server/libjvm.dylib
0x00000000414c9000 	/usr/lib/libstdc++.6.dylib
0x0000000107989000 	/Library/Java/JavaVirtualMachines/jdk1.8.0_65.jdk/Contents/Home/jre/lib/libverify.dylib
0x0000000107997000 	/Library/Java/JavaVirtualMachines/jdk1.8.0_65.jdk/Contents/Home/jre/lib/libjava.dylib
0x00000001079d4000 	/Library/Java/JavaVirtualMachines/jdk1.8.0_65.jdk/Contents/Home/jre/lib/libzip.dylib
0x000000010ba92000 	/System/Library/Frameworks/JavaVM.framework/Frameworks/JavaRuntimeSupport.framework/JavaRuntimeSupport
0x000000010baac000 	/System/Library/Frameworks/JavaVM.framework/Versions/A/Frameworks/JavaNativeFoundation.framework/Versions/A/JavaNativeFoundation
0x000000010bac1000 	/System/Library/Frameworks/JavaVM.framework/Versions/A/JavaVM
0x00000000414c9000 	/System/Library/Frameworks/Carbon.framework/Versions/A/Carbon
0x000000010bace000 	/System/Library/PrivateFrameworks/JavaLaunching.framework/Versions/A/JavaLaunching
0x00000000414c9000 	/System/Library/Frameworks/Carbon.framework/Versions/A/Frameworks/CommonPanels.framework/Versions/A/CommonPanels
0x00000000414c9000 	/System/Library/Frameworks/Carbon.framework/Versions/A/Frameworks/Help.framework/Versions/A/Help
0x00000000414c9000 	/System/Library/Frameworks/Carbon.framework/Versions/A/Frameworks/ImageCapture.framework/Versions/A/ImageCapture
0x00000000414c9000 	/System/Library/Frameworks/Carbon.framework/Versions/A/Frameworks/OpenScripting.framework/Versions/A/OpenScripting
0x00000000414c9000 	/System/Library/Frameworks/Carbon.framework/Versions/A/Frameworks/Print.framework/Versions/A/Print
0x00000000414c9000 	/System/Library/Frameworks/Carbon.framework/Versions/A/Frameworks/SecurityHI.framework/Versions/A/SecurityHI
0x0000000122ee7000 	/Applications/IntelliJ IDEA.app/Contents/bin/libbreakgen64.jnilib
0x0000000122eea000 	/Library/Java/JavaVirtualMachines/jdk1.8.0_65.jdk/Contents/Home/jre/lib/libnet.dylib
0x0000000122f49000 	/Library/Java/JavaVirtualMachines/jdk1.8.0_65.jdk/Contents/Home/jre/lib/libmanagement.dylib
0x0000000123041000 	/Library/Java/JavaVirtualMachines/jdk1.8.0_65.jdk/Contents/Home/jre/lib/libnio.dylib
0x0000000123019000 	/Users/sophatvathana/Desktop/Project/ipcam/IPCAM-VIDEO-STREAMING-API/native/mac/x86_64/strmrecv.dylib
0x00000001232c1000 	/Library/Java/JavaVirtualMachines/jdk1.8.0_65.jdk/Contents/Home/jre/lib/libsunec.dylib
0x0000000123828000 	/Users/sophatvathana/Desktop/Project/ipcam/IPCAM-VIDEO-STREAMING-API/native/mac/x86_64/libavutil.55.dylib
0x00000000414c9000 	/System/Library/Frameworks/AVFoundation.framework/Versions/A/AVFoundation
0x00000000414c9000 	/System/Library/Frameworks/CoreMedia.framework/Versions/A/CoreMedia
0x00000000414c9000 	/System/Library/Frameworks/VideoToolbox.framework/Versions/A/VideoToolbox
0x0000000122f69000 	/System/Library/Frameworks/VideoDecodeAcceleration.framework/Versions/A/VideoDecodeAcceleration
0x00000000414c9000 	/System/Library/Frameworks/AVFoundation.framework/Versions/A/Frameworks/AVFAudio.framework/Versions/A/AVFAudio
0x00000000414c9000 	/System/Library/Frameworks/MediaToolbox.framework/Versions/A/MediaToolbox
0x00000000414c9000 	/System/Library/PrivateFrameworks/IntlPreferences.framework/Versions/A/IntlPreferences
0x00000000414c9000 	/System/Library/Frameworks/CoreMediaIO.framework/Versions/A/CoreMediaIO
0x00000000414c9000 	/usr/lib/libspindump.dylib
0x00000000414c9000 	/usr/lib/libdscsym.dylib
0x00000000414c9000 	/System/Library/PrivateFrameworks/CoreAVCHD.framework/Versions/A/CoreAVCHD
0x00000000414c9000 	/System/Library/Frameworks/MediaAccessibility.framework/Versions/A/MediaAccessibility
0x00000000414c9000 	/System/Library/PrivateFrameworks/Mangrove.framework/Versions/A/Mangrove
0x00000000414c9000 	/System/Library/PrivateFrameworks/CoreAUC.framework/Versions/A/CoreAUC
0x00000000414c9000 	/System/Library/PrivateFrameworks/AppleVA.framework/Versions/A/AppleVA
0x00000000414c9000 	/System/Library/PrivateFrameworks/XPCService.framework/Versions/A/XPCService
0x00000000414c9000 	/System/Library/PrivateFrameworks/AppSandbox.framework/Versions/A/AppSandbox
0x00000000414c9000 	/usr/lib/libsandbox.1.dylib
0x00000000414c9000 	/System/Library/PrivateFrameworks/AppContainer.framework/Versions/A/AppContainer
0x00000000414c9000 	/System/Library/PrivateFrameworks/SecCodeWrapper.framework/Versions/A/SecCodeWrapper
0x00000000414c9000 	/usr/lib/libMatch.1.dylib
0x0000000122f6f000 	/Users/sophatvathana/Desktop/Project/ipcam/IPCAM-VIDEO-STREAMING-API/native/mac/x86_64/libswresample.2.dylib
0x000000012620b000 	/Users/sophatvathana/Desktop/Project/ipcam/IPCAM-VIDEO-STREAMING-API/native/mac/x86_64/libavcodec.57.dylib
0x0000000124f5b000 	/Users/sophatvathana/Desktop/Project/ipcam/IPCAM-VIDEO-STREAMING-API/native/mac/x86_64/libavformat.57.dylib

VM Arguments:
jvm_args: -Dspring.output.ansi.enabled=always -Didea.launcher.port=7532 -Didea.launcher.bin.path=/Applications/IntelliJ IDEA.app/Contents/bin -Dfile.encoding=UTF-8 
java_command: com.intellij.rt.execution.application.AppMain kh.com.kshrd.ipcam.IpcamVideoStreamingApiApplication
java_class_path (initial): /Library/Java/JavaVirtualMachines/jdk1.8.0_65.jdk/Contents/Home/jre/lib/charsets.jar:/Library/Java/JavaVirtualMachines/jdk1.8.0_65.jdk/Contents/Home/jre/lib/deploy.jar:/Library/Java/JavaVirtualMachines/jdk1.8.0_65.jdk/Contents/Home/jre/lib/ext/cldrdata.jar:/Library/Java/JavaVirtualMachines/jdk1.8.0_65.jdk/Contents/Home/jre/lib/ext/dnsns.jar:/Library/Java/JavaVirtualMachines/jdk1.8.0_65.jdk/Contents/Home/jre/lib/ext/jaccess.jar:/Library/Java/JavaVirtualMachines/jdk1.8.0_65.jdk/Contents/Home/jre/lib/ext/jfxrt.jar:/Library/Java/JavaVirtualMachines/jdk1.8.0_65.jdk/Contents/Home/jre/lib/ext/localedata.jar:/Library/Java/JavaVirtualMachines/jdk1.8.0_65.jdk/Contents/Home/jre/lib/ext/nashorn.jar:/Library/Java/JavaVirtualMachines/jdk1.8.0_65.jdk/Contents/Home/jre/lib/ext/sunec.jar:/Library/Java/JavaVirtualMachines/jdk1.8.0_65.jdk/Contents/Home/jre/lib/ext/sunjce_provider.jar:/Library/Java/JavaVirtualMachines/jdk1.8.0_65.jdk/Contents/Home/jre/lib/ext/sunpkcs11.jar:/Library/Java/JavaVirtualMachines/jdk1.8.0_65.jdk/Contents/Home/jre/lib/ext/zipfs.jar:/Library/Java/JavaVirtualMachines/jdk1.8.0_65.jdk/Contents/Home/jre/lib/javaws.jar:/Library/Java/JavaVirtualMachines/jdk1.8.0_65.jdk/Contents/Home/jre/lib/jce.jar:/Library/Java/JavaVirtualMachines/jdk1.8.0_65.jdk/Contents/Home/jre/lib/jfr.jar:/Library/Java/JavaVirtualMachines/jdk1.8.0_65.jdk/Contents/Home/jre/lib/jfxswt.jar:/Library/Java/JavaVirtualMachines/jdk1.8.0_65.jdk/Contents/Home/jre/lib/jsse.jar:/Library/Java/JavaVirtualMachines/jdk1.8.0_65.jdk/Contents/Home/jre/lib/management-agent.jar:/Library/Java/JavaVirtualMachines/jdk1.8.0_65.jdk/Contents/Home/jre/lib/plugin.jar:/Library/Java/JavaVirtualMachines/jdk1.8.0_65.jdk/Contents/Home/jre/lib/resources.jar:/Library/Java/JavaVirtualMachines/jdk1.8.0_65.jdk/Contents/Home/jre/lib/rt.jar:/Library/Java/JavaVirtualMachines/jdk1.8.0_65.jdk/Contents/Home/lib/dt.jar:/Library/Java/JavaVirtualMachines/jdk1.8.0_65.jdk/Contents/Home/lib/javafx-mx.jar:/Library/Jav
Launcher Type: SUN_STANDARD

Environment Variables:
PATH=/Library/Frameworks/Python.framework/Versions/3.5/bin:/usr/local/bin:/usr/bin:/bin:/usr/sbin:/sbin
SHELL=/bin/zsh

Signal Handlers:
SIGSEGV: [libjvm.dylib+0x5a6d31], sa_mask[0]=11111111011111110111111111111111, sa_flags=SA_ONSTACK|SA_RESTART|SA_SIGINFO
SIGBUS: [libjvm.dylib+0x5a6d31], sa_mask[0]=11111111011111110111111111111111, sa_flags=SA_RESTART|SA_SIGINFO
SIGFPE: [libjvm.dylib+0x480a40], sa_mask[0]=11111111011111110111111111111111, sa_flags=SA_RESTART|SA_SIGINFO
SIGPIPE: [libjvm.dylib+0x480a40], sa_mask[0]=11111111011111110111111111111111, sa_flags=SA_RESTART|SA_SIGINFO
SIGXFSZ: [libjvm.dylib+0x480a40], sa_mask[0]=11111111011111110111111111111111, sa_flags=SA_RESTART|SA_SIGINFO
SIGILL: [libjvm.dylib+0x480a40], sa_mask[0]=11111111011111110111111111111111, sa_flags=SA_RESTART|SA_SIGINFO
SIGUSR1: SIG_DFL, sa_mask[0]=00000000000000000000000000000000, sa_flags=none
SIGUSR2: [libjvm.dylib+0x48055e], sa_mask[0]=00100000000000000000000000000000, sa_flags=SA_RESTART|SA_SIGINFO
SIGHUP: [libjvm.dylib+0x47eb35], sa_mask[0]=11111111011111110111111111111111, sa_flags=SA_RESTART|SA_SIGINFO
SIGINT: [libjvm.dylib+0x47eb35], sa_mask[0]=11111111011111110111111111111111, sa_flags=SA_RESTART|SA_SIGINFO
SIGTERM: [libjvm.dylib+0x47eb35], sa_mask[0]=11111111011111110111111111111111, sa_flags=SA_RESTART|SA_SIGINFO
SIGQUIT: [libjvm.dylib+0x47eb35], sa_mask[0]=11111111011111110111111111111111, sa_flags=SA_RESTART|SA_SIGINFO


---------------  S Y S T E M  ---------------

OS:Bsduname:Darwin 16.3.0 Darwin Kernel Version 16.3.0: Thu Nov 17 20:23:58 PST 2016; root:xnu-3789.31.2~1/RELEASE_X86_64 x86_64
rlimit: STACK 8192k, CORE 0k, NPROC 709, NOFILE 10240, AS infinity
load average:2.03 1.63 1.47

CPU:total 8 (4 cores per cpu, 2 threads per core) family 6 model 70 stepping 1, cmov, cx8, fxsr, mmx, sse, sse2, sse3, ssse3, sse4.1, sse4.2, popcnt, avx, avx2, aes, clmul, erms, lzcnt, ht, tsc, tscinvbit, bmi1, bmi2

Memory: 4k page, physical 16777216k(926060k free)

/proc/meminfo:


vm_info: Java HotSpot(TM) 64-Bit Server VM (25.65-b01) for bsd-amd64 JRE (1.8.0_65-b17), built on Oct  6 2015 15:36:46 by "java_re" with gcc 4.2.1 (Based on Apple Inc. build 5658) (LLVM build 2336.11.00)

time: Mon Dec 26 18:40:35 2016
elapsed time: 107 seconds (0d 0h 1m 47s)

