#
# A fatal error has been detected by the Java Runtime Environment:
#
#  SIGSEGV (0xb) at pc=0x0000000128904731, pid=6495, tid=26883
#
# JRE version: Java(TM) SE Runtime Environment (8.0_65-b17) (build 1.8.0_65-b17)
# Java VM: Java HotSpot(TM) 64-Bit Server VM (25.65-b01 mixed mode bsd-amd64 compressed oops)
# Problematic frame:
# C  [libavformat.57.dylib+0x12f731]  avformat_find_stream_info+0x31
#
# Failed to write core dump. Core dumps have been disabled. To enable core dumping, try "ulimit -c unlimited" before starting Java again
#
# If you would like to submit a bug report, please visit:
#   http://bugreport.java.com/bugreport/crash.jsp
# The crash happened outside the Java Virtual Machine in native code.
# See problematic frame for where to report the bug.
#

---------------  T H R E A D  ---------------

Current thread (0x00007f8715202800):  JavaThread "Thread-4" daemon [_thread_in_native, id=26883, stack(0x000070000a6c8000,0x000070000a7c8000)]

siginfo: si_signo: 11 (SIGSEGV), si_code: 1 (SEGV_MAPERR), si_addr: 0x0000000000000020

Registers:
RAX=0xe8bbc61e7f4b0057, RBX=0x000070000a7c7720, RCX=0x0000000000000001, RDX=0x0000000000000000
RSP=0x000070000a7c74d0, RBP=0x000070000a7c7740, RSI=0x0000000000000000, RDI=0x0000000000000000
R8 =0x0000000000000030, R9 =0x00007f871075d5f0, R10=0x00000000fffffffc, R11=0x0000000000152360
R12=0x0000000000000000, R13=0x0000000000000000, R14=0x00007f871060b290, R15=0x00007f871065fae0
RIP=0x0000000128904731, EFLAGS=0x0000000000010202, ERR=0x0000000000000004
  TRAPNO=0x000000000000000e

Top of Stack: (sp=0x000070000a7c74d0)
0x000070000a7c74d0:   0000000000000005 0000000000000003
0x000070000a7c74e0:   0000000106cf5000 0000000000000003
0x000070000a7c74f0:   0000000106cf8a00 0000000106cfb200
0x000070000a7c7500:   000070000a7c75e0 00007fffcbf544ca
0x000070000a7c7510:   0000000000000000 0000000000000000
0x000070000a7c7520:   0000000000000000 0000000000000000
0x000070000a7c7530:   0000000000000000 0000000000000000
0x000070000a7c7540:   0000000000000000 0000000000000000
0x000070000a7c7550:   0000000000002800 0000000000000000
0x000070000a7c7560:   0000000000000000 0000000000000004
0x000070000a7c7570:   0000000106cfb200 0000000000000030
0x000070000a7c7580:   0000000000000000 0000000000000003
0x000070000a7c7590:   0000000000000000 0000000000000000
0x000070000a7c75a0:   0000000106cf5000 ff80000000001004
0x000070000a7c75b0:   000000000000ffff 0000000000000000
0x000070000a7c75c0:   0000000000000000 0000000000000030
0x000070000a7c75d0:   00007fffd4c15000 0000000000000030
0x000070000a7c75e0:   000070000a7c7610 00007fffcbf542da
0x000070000a7c75f0:   0000000000000030 0000000000000030
0x000070000a7c7600:   0000000000000000 00007f871065fae0
0x000070000a7c7610:   000070000a7c7630 00007fffcbf53258
0x000070000a7c7620:   0000000000000030 0000000000000030
0x000070000a7c7630:   000070000a7c7650 00007fffca9e3e2e
0x000070000a7c7640:   0000000000000030 0000000000000026
0x000070000a7c7650:   000070000a7c76b0 00007fffca9a753b
0x000070000a7c7660:   0000000000000000 00007f871065fb48
0x000070000a7c7670:   0000000000000000 0000000000000016
0x000070000a7c7680:   00007f871065fb49 0000000000000010
0x000070000a7c7690:   00007f871061faa0 00000001284ea048
0x000070000a7c76a0:   00007f871065fb48 00007f871065fae0
0x000070000a7c76b0:   000070000a7c76f0 00007fffca9a6c07
0x000070000a7c76c0:   0000000000000026 00007f871060b290 

Instructions: (pc=0x0000000128904731)
0x0000000128904711:   49 89 f5 49 89 fc 4c 89 a4 24 88 00 00 00 48 8b
0x0000000128904721:   05 da 28 06 00 48 8b 00 48 89 84 24 10 02 00 00
0x0000000128904731:   49 8b 7c 24 20 31 f6 ba 01 00 00 00 e8 9e 0e ef
0x0000000128904741:   ff 48 89 44 24 50 49 63 44 24 2c 48 89 44 24 60 

Register to memory mapping:

RAX=0xe8bbc61e7f4b0057 is an unknown value
RBX=0x000070000a7c7720 is pointing into the stack for thread: 0x00007f8715202800
RCX=0x0000000000000001 is an unknown value
RDX=0x0000000000000000 is an unknown value
RSP=0x000070000a7c74d0 is pointing into the stack for thread: 0x00007f8715202800
RBP=0x000070000a7c7740 is pointing into the stack for thread: 0x00007f8715202800
RSI=0x0000000000000000 is an unknown value
RDI=0x0000000000000000 is an unknown value
R8 =0x0000000000000030 is an unknown value
R9 =0x00007f871075d5f0 is an unknown value
R10=0x00000000fffffffc is an unknown value
R11=0x0000000000152360 is an unknown value
R12=0x0000000000000000 is an unknown value
R13=0x0000000000000000 is an unknown value
R14=0x00007f871060b290 is an unknown value
R15=0x00007f871065fae0 is an unknown value


Stack: [0x000070000a6c8000,0x000070000a7c8000],  sp=0x000070000a7c74d0,  free space=1021k
Native frames: (J=compiled Java code, j=interpreted, Vv=VM code, C=native code)
C  [libavformat.57.dylib+0x12f731]  avformat_find_stream_info+0x31
C  [strmrecv.dylib+0x24e1]  Java_kh_com_kshrd_core_RtspStream_openRtspInternal+0x71
j  kh.com.kshrd.core.RtspStream.openRtspInternal(JLjava/lang/String;)Z+0
j  kh.com.kshrd.core.RtspStream.open(Ljava/lang/String;)Z+26
j  kh.com.kshrd.core.RtspCamera.run()V+288
j  java.lang.Thread.run()V+11
v  ~StubRoutines::call_stub
V  [libjvm.dylib+0x2eab02]
V  [libjvm.dylib+0x2eb290]
V  [libjvm.dylib+0x2eb43c]
V  [libjvm.dylib+0x345959]
V  [libjvm.dylib+0x5612d3]
V  [libjvm.dylib+0x5629ce]
V  [libjvm.dylib+0x48342e]
C  [libsystem_pthread.dylib+0x3aab]  _pthread_body+0xb4
C  [libsystem_pthread.dylib+0x39f7]  _pthread_body+0x0
C  [libsystem_pthread.dylib+0x31fd]  thread_start+0xd
C  0x0000000000000000

Java frames: (J=compiled Java code, j=interpreted, Vv=VM code)
j  kh.com.kshrd.core.RtspStream.openRtspInternal(JLjava/lang/String;)Z+0
j  kh.com.kshrd.core.RtspStream.open(Ljava/lang/String;)Z+26
j  kh.com.kshrd.core.RtspCamera.run()V+288
j  java.lang.Thread.run()V+11
v  ~StubRoutines::call_stub

---------------  P R O C E S S  ---------------

Java Threads: ( => current thread )
  0x00007f871428a800 JavaThread "Thread-5" daemon [_thread_in_native, id=27907, stack(0x000070000a8ce000,0x000070000a9ce000)]
  0x00007f8714293000 JavaThread "http-nio-9999-exec-3" daemon [_thread_blocked, id=27395, stack(0x000070000a7cb000,0x000070000a8cb000)]
=>0x00007f8715202800 JavaThread "Thread-4" daemon [_thread_in_native, id=26883, stack(0x000070000a6c8000,0x000070000a7c8000)]
  0x00007f8714822800 JavaThread "http-nio-9999-exec-2" daemon [_thread_blocked, id=26371, stack(0x000070000a5c5000,0x000070000a6c5000)]
  0x00007f8714831800 JavaThread "Thread-3" daemon [_thread_in_native, id=4107, stack(0x0000700009dad000,0x0000700009ead000)]
  0x00007f871482e000 JavaThread "http-nio-9999-exec-1" daemon [_thread_blocked, id=5135, stack(0x0000700009caa000,0x0000700009daa000)]
  0x00007f870fe22800 JavaThread "DestroyJavaVM" [_thread_blocked, id=7171, stack(0x000070000886e000,0x000070000896e000)]
  0x00007f870eeef800 JavaThread "http-nio-9999-AsyncTimeout" daemon [_thread_blocked, id=25859, stack(0x000070000a4c2000,0x000070000a5c2000)]
  0x00007f8713506000 JavaThread "http-nio-9999-Acceptor-0" daemon [_thread_in_native, id=25347, stack(0x000070000a3bf000,0x000070000a4bf000)]
  0x00007f870fd97800 JavaThread "http-nio-9999-ClientPoller-1" daemon [_thread_in_native, id=24835, stack(0x000070000a2bc000,0x000070000a3bc000)]
  0x00007f870f91e000 JavaThread "http-nio-9999-ClientPoller-0" daemon [_thread_in_native, id=24323, stack(0x000070000a1b9000,0x000070000a2b9000)]
  0x00007f870f3c9800 JavaThread "NioBlockingSelector.BlockPoller-1" daemon [_thread_in_native, id=23811, stack(0x000070000a0b6000,0x000070000a1b6000)]
  0x00007f870fb9f000 JavaThread "container-0" [_thread_blocked, id=23299, stack(0x0000700009fb3000,0x000070000a0b3000)]
  0x00007f870ea5f800 JavaThread "ContainerBackgroundProcessor[StandardEngine[Tomcat]]" daemon [_thread_blocked, id=22787, stack(0x0000700009eb0000,0x0000700009fb0000)]
  0x00007f870f0ab000 JavaThread "Monitor Ctrl-Break" daemon [_thread_in_native, id=22275, stack(0x0000700009ba7000,0x0000700009ca7000)]
  0x00007f8710861800 JavaThread "Service Thread" daemon [_thread_blocked, id=21251, stack(0x00007000099a1000,0x0000700009aa1000)]
  0x00007f870e851800 JavaThread "C1 CompilerThread3" daemon [_thread_blocked, id=20739, stack(0x000070000989e000,0x000070000999e000)]
  0x00007f8712802800 JavaThread "C2 CompilerThread2" daemon [_thread_blocked, id=20227, stack(0x000070000979b000,0x000070000989b000)]
  0x00007f870e851000 JavaThread "C2 CompilerThread1" daemon [_thread_blocked, id=19715, stack(0x0000700009698000,0x0000700009798000)]
  0x00007f870e84f800 JavaThread "C2 CompilerThread0" daemon [_thread_blocked, id=19203, stack(0x0000700009595000,0x0000700009695000)]
  0x00007f870e81e000 JavaThread "Signal Dispatcher" daemon [_thread_blocked, id=18691, stack(0x0000700009492000,0x0000700009592000)]
  0x00007f870e818000 JavaThread "Finalizer" daemon [_thread_blocked, id=14595, stack(0x000070000938f000,0x000070000948f000)]
  0x00007f870e817800 JavaThread "Reference Handler" daemon [_thread_blocked, id=14083, stack(0x000070000928c000,0x000070000938c000)]

Other Threads:
  0x00007f8710848000 VMThread [stack: 0x0000700009189000,0x0000700009289000] [id=13571]
  0x00007f870f01e000 WatcherThread [stack: 0x0000700009aa4000,0x0000700009ba4000] [id=21763]

VM state:not at safepoint (normal execution)

VM Mutex/Monitor currently owned by a thread: None

Heap:
 PSYoungGen      total 267264K, used 104582K [0x000000076ab00000, 0x0000000789e80000, 0x00000007c0000000)
  eden space 248832K, 42% used [0x000000076ab00000,0x0000000771121a58,0x0000000779e00000)
  from space 18432K, 0% used [0x0000000779e00000,0x0000000779e00000,0x000000077b000000)
  to   space 19968K, 0% used [0x0000000788b00000,0x0000000788b00000,0x0000000789e80000)
 ParOldGen       total 132608K, used 27723K [0x00000006c0000000, 0x00000006c8180000, 0x000000076ab00000)
  object space 132608K, 20% used [0x00000006c0000000,0x00000006c1b12fe8,0x00000006c8180000)
 Metaspace       used 41164K, capacity 41698K, committed 41984K, reserved 1085440K
  class space    used 5154K, capacity 5290K, committed 5376K, reserved 1048576K

Card table byte_map: [0x0000000108a24000,0x0000000109225000] byte_map_base: 0x0000000105424000

Marking Bits: (ParMarkBitMap*) 0x000000010acdee20
 Begin Bits: [0x000000011a8df000, 0x000000011e8df000)
 End Bits:   [0x000000011e8df000, 0x00000001228df000)

Polling page: 0x0000000108651000

CodeCache: size=245760Kb used=15428Kb max_used=15428Kb free=230331Kb
 bounds [0x000000010b389000, 0x000000010c2b9000, 0x000000011a389000]
 total_blobs=4886 nmethods=4448 adapters=350
 compilation: enabled

Compilation events (10 events):
Event: 112.146 Thread 0x00007f870e851800 5190   !   3       org.apache.catalina.connector.OutputBuffer::doFlush (123 bytes)
Event: 112.146 Thread 0x00007f870e851800 nmethod 5190 0x000000010c2a4610 code [0x000000010c2a4820, 0x000000010c2a5508]
Event: 112.146 Thread 0x00007f870e851800 5191       3       org.apache.coyote.http11.Http11OutputBuffer::doWrite (56 bytes)
Event: 112.147 Thread 0x00007f870e851800 nmethod 5191 0x000000010c2a5910 code [0x000000010c2a5ac0, 0x000000010c2a5fc8]
Event: 112.147 Thread 0x00007f870e851800 5193       3       org.apache.coyote.http11.Http11Processor::flush (8 bytes)
Event: 112.147 Thread 0x00007f870e851800 nmethod 5193 0x000000010c2a6190 code [0x000000010c2a6300, 0x000000010c2a64a8]
Event: 112.374 Thread 0x00007f870e851800 5196       3       java.util.Formatter$FormatSpecifier::localizedMagnitude (327 bytes)
Event: 112.377 Thread 0x00007f870e851800 nmethod 5196 0x000000010c2a6590 code [0x000000010c2a6900, 0x000000010c2a87d8]
Event: 112.377 Thread 0x00007f870e851800 5195       3       java.util.Formatter$FormatSpecifier::leadingSign (82 bytes)
Event: 112.379 Thread 0x00007f870e851800 nmethod 5195 0x000000010c2a9d50 code [0x000000010c2a9fc0, 0x000000010c2ab0d8]

GC Heap History (10 events):
Event: 11.727 GC heap before
{Heap before GC invocations=5 (full 1):
 PSYoungGen      total 141824K, used 10738K [0x000000076ab00000, 0x0000000774000000, 0x00000007c0000000)
  eden space 131072K, 0% used [0x000000076ab00000,0x000000076ab00000,0x0000000772b00000)
  from space 10752K, 99% used [0x0000000773580000,0x0000000773ffca08,0x0000000774000000)
  to   space 10752K, 0% used [0x0000000772b00000,0x0000000772b00000,0x0000000773580000)
 ParOldGen       total 175104K, used 2736K [0x00000006c0000000, 0x00000006cab00000, 0x000000076ab00000)
  object space 175104K, 1% used [0x00000006c0000000,0x00000006c02ac118,0x00000006cab00000)
 Metaspace       used 20922K, capacity 21230K, committed 21296K, reserved 1069056K
  class space    used 2556K, capacity 2678K, committed 2688K, reserved 1048576K
Event: 11.762 GC heap after
Heap after GC invocations=5 (full 1):
 PSYoungGen      total 141824K, used 0K [0x000000076ab00000, 0x0000000774000000, 0x00000007c0000000)
  eden space 131072K, 0% used [0x000000076ab00000,0x000000076ab00000,0x0000000772b00000)
  from space 10752K, 0% used [0x0000000773580000,0x0000000773580000,0x0000000774000000)
  to   space 10752K, 0% used [0x0000000772b00000,0x0000000772b00000,0x0000000773580000)
 ParOldGen       total 84480K, used 11043K [0x00000006c0000000, 0x00000006c5280000, 0x000000076ab00000)
  object space 84480K, 13% used [0x00000006c0000000,0x00000006c0ac8dc0,0x00000006c5280000)
 Metaspace       used 20922K, capacity 21230K, committed 21296K, reserved 1069056K
  class space    used 2556K, capacity 2678K, committed 2688K, reserved 1048576K
}
Event: 12.620 GC heap before
{Heap before GC invocations=6 (full 1):
 PSYoungGen      total 141824K, used 131072K [0x000000076ab00000, 0x0000000774000000, 0x00000007c0000000)
  eden space 131072K, 100% used [0x000000076ab00000,0x0000000772b00000,0x0000000772b00000)
  from space 10752K, 0% used [0x0000000773580000,0x0000000773580000,0x0000000774000000)
  to   space 10752K, 0% used [0x0000000772b00000,0x0000000772b00000,0x0000000773580000)
 ParOldGen       total 84480K, used 11043K [0x00000006c0000000, 0x00000006c5280000, 0x000000076ab00000)
  object space 84480K, 13% used [0x00000006c0000000,0x00000006c0ac8dc0,0x00000006c5280000)
 Metaspace       used 27707K, capacity 28050K, committed 28416K, reserved 1075200K
  class space    used 3415K, capacity 3516K, committed 3584K, reserved 1048576K
Event: 12.638 GC heap after
Heap after GC invocations=6 (full 1):
 PSYoungGen      total 141824K, used 10741K [0x000000076ab00000, 0x000000077c480000, 0x00000007c0000000)
  eden space 131072K, 0% used [0x000000076ab00000,0x000000076ab00000,0x0000000772b00000)
  from space 10752K, 99% used [0x0000000772b00000,0x000000077357d798,0x0000000773580000)
  to   space 18944K, 0% used [0x000000077b200000,0x000000077b200000,0x000000077c480000)
 ParOldGen       total 84480K, used 21083K [0x00000006c0000000, 0x00000006c5280000, 0x000000076ab00000)
  object space 84480K, 24% used [0x00000006c0000000,0x00000006c1496c90,0x00000006c5280000)
 Metaspace       used 27707K, capacity 28050K, committed 28416K, reserved 1075200K
  class space    used 3415K, capacity 3516K, committed 3584K, reserved 1048576K
}
Event: 13.373 GC heap before
{Heap before GC invocations=7 (full 1):
 PSYoungGen      total 141824K, used 141813K [0x000000076ab00000, 0x000000077c480000, 0x00000007c0000000)
  eden space 131072K, 100% used [0x000000076ab00000,0x0000000772b00000,0x0000000772b00000)
  from space 10752K, 99% used [0x0000000772b00000,0x000000077357d798,0x0000000773580000)
  to   space 18944K, 0% used [0x000000077b200000,0x000000077b200000,0x000000077c480000)
 ParOldGen       total 84480K, used 21083K [0x00000006c0000000, 0x00000006c5280000, 0x000000076ab00000)
  object space 84480K, 24% used [0x00000006c0000000,0x00000006c1496c90,0x00000006c5280000)
 Metaspace       used 31370K, capacity 31810K, committed 32000K, reserved 1077248K
  class space    used 3896K, capacity 4004K, committed 4096K, reserved 1048576K
Event: 13.386 GC heap after
Heap after GC invocations=7 (full 1):
 PSYoungGen      total 265216K, used 12668K [0x000000076ab00000, 0x000000077c200000, 0x00000007c0000000)
  eden space 248832K, 0% used [0x000000076ab00000,0x000000076ab00000,0x0000000779e00000)
  from space 16384K, 77% used [0x000000077b200000,0x000000077be5f270,0x000000077c200000)
  to   space 18432K, 0% used [0x0000000779e00000,0x0000000779e00000,0x000000077b000000)
 ParOldGen       total 84480K, used 21091K [0x00000006c0000000, 0x00000006c5280000, 0x000000076ab00000)
  object space 84480K, 24% used [0x00000006c0000000,0x00000006c1498c90,0x00000006c5280000)
 Metaspace       used 31370K, capacity 31810K, committed 32000K, reserved 1077248K
  class space    used 3896K, capacity 4004K, committed 4096K, reserved 1048576K
}
Event: 14.053 GC heap before
{Heap before GC invocations=8 (full 1):
 PSYoungGen      total 265216K, used 146196K [0x000000076ab00000, 0x000000077c200000, 0x00000007c0000000)
  eden space 248832K, 53% used [0x000000076ab00000,0x0000000772d65f48,0x0000000779e00000)
  from space 16384K, 77% used [0x000000077b200000,0x000000077be5f270,0x000000077c200000)
  to   space 18432K, 0% used [0x0000000779e00000,0x0000000779e00000,0x000000077b000000)
 ParOldGen       total 84480K, used 21091K [0x00000006c0000000, 0x00000006c5280000, 0x000000076ab00000)
  object space 84480K, 24% used [0x00000006c0000000,0x00000006c1498c90,0x00000006c5280000)
 Metaspace       used 34875K, capacity 35296K, committed 35496K, reserved 1081344K
  class space    used 4414K, capacity 4521K, committed 4608K, reserved 1048576K
Event: 14.069 GC heap after
Heap after GC invocations=8 (full 1):
 PSYoungGen      total 267264K, used 17448K [0x000000076ab00000, 0x0000000789e80000, 0x00000007c0000000)
  eden space 248832K, 0% used [0x000000076ab00000,0x000000076ab00000,0x0000000779e00000)
  from space 18432K, 94% used [0x0000000779e00000,0x000000077af0a328,0x000000077b000000)
  to   space 19968K, 0% used [0x0000000788b00000,0x0000000788b00000,0x0000000789e80000)
 ParOldGen       total 84480K, used 21099K [0x00000006c0000000, 0x00000006c5280000, 0x000000076ab00000)
  object space 84480K, 24% used [0x00000006c0000000,0x00000006c149ac90,0x00000006c5280000)
 Metaspace       used 34875K, capacity 35296K, committed 35496K, reserved 1081344K
  class space    used 4414K, capacity 4521K, committed 4608K, reserved 1048576K
}
Event: 14.069 GC heap before
{Heap before GC invocations=9 (full 2):
 PSYoungGen      total 267264K, used 17448K [0x000000076ab00000, 0x0000000789e80000, 0x00000007c0000000)
  eden space 248832K, 0% used [0x000000076ab00000,0x000000076ab00000,0x0000000779e00000)
  from space 18432K, 94% used [0x0000000779e00000,0x000000077af0a328,0x000000077b000000)
  to   space 19968K, 0% used [0x0000000788b00000,0x0000000788b00000,0x0000000789e80000)
 ParOldGen       total 84480K, used 21099K [0x00000006c0000000, 0x00000006c5280000, 0x000000076ab00000)
  object space 84480K, 24% used [0x00000006c0000000,0x00000006c149ac90,0x00000006c5280000)
 Metaspace       used 34875K, capacity 35296K, committed 35496K, reserved 1081344K
  class space    used 4414K, capacity 4521K, committed 4608K, reserved 1048576K
Event: 14.131 GC heap after
Heap after GC invocations=9 (full 2):
 PSYoungGen      total 267264K, used 0K [0x000000076ab00000, 0x0000000789e80000, 0x00000007c0000000)
  eden space 248832K, 0% used [0x000000076ab00000,0x000000076ab00000,0x0000000779e00000)
  from space 18432K, 0% used [0x0000000779e00000,0x0000000779e00000,0x000000077b000000)
  to   space 19968K, 0% used [0x0000000788b00000,0x0000000788b00000,0x0000000789e80000)
 ParOldGen       total 132608K, used 27723K [0x00000006c0000000, 0x00000006c8180000, 0x000000076ab00000)
  object space 132608K, 20% used [0x00000006c0000000,0x00000006c1b12fe8,0x00000006c8180000)
 Metaspace       used 34875K, capacity 35296K, committed 35496K, reserved 1081344K
  class space    used 4414K, capacity 4521K, committed 4608K, reserved 1048576K
}

Deoptimization events (10 events):
Event: 26.217 Thread 0x00007f871482e000 Uncommon trap: reason=bimorphic action=maybe_recompile pc=0x000000010be60800 method=java.lang.ClassLoader.loadClass(Ljava/lang/String;Z)Ljava/lang/Class; @ 2
Event: 26.218 Thread 0x00007f871482e000 Uncommon trap: reason=bimorphic action=maybe_recompile pc=0x000000010be60800 method=java.lang.ClassLoader.loadClass(Ljava/lang/String;Z)Ljava/lang/Class; @ 2
Event: 26.239 Thread 0x00007f871482e000 Uncommon trap: reason=unstable_if action=reinterpret pc=0x000000010b88fa10 method=java.lang.Character.isSurrogate(C)Z @ 3
Event: 26.268 Thread 0x00007f871482e000 Uncommon trap: reason=class_check action=maybe_recompile pc=0x000000010bd2c714 method=java.lang.StringCoding$StringDecoder.charsetName()Ljava/lang/String; @ 4
Event: 26.281 Thread 0x00007f871482e000 Uncommon trap: reason=unstable_if action=reinterpret pc=0x000000010bcde010 method=java.security.CodeSource.getCertificates()[Ljava/security/cert/Certificate; @ 22
Event: 26.336 Thread 0x00007f871482e000 Uncommon trap: reason=class_check action=maybe_recompile pc=0x000000010bcddd18 method=java.util.AbstractList$Itr.hasNext()Z @ 8
Event: 35.371 Thread 0x00007f8714822800 Uncommon trap: reason=unstable_if action=reinterpret pc=0x000000010c143ffc method=org.springframework.core.annotation.AnnotationUtils.synthesizeAnnotation(Ljava/lang/annotation/Annotation;Ljava/lang/Object;)Ljava/lang/annotation/Annotation; @ 10
Event: 35.372 Thread 0x00007f8714822800 Uncommon trap: reason=unstable_if action=reinterpret pc=0x000000010bda4160 method=java.lang.CharacterDataLatin1.digit(II)I @ 82
Event: 35.376 Thread 0x00007f8714822800 Uncommon trap: reason=unstable_if action=reinterpret pc=0x000000010bda8438 method=java.lang.CharacterDataLatin1.digit(II)I @ 60
Event: 35.394 Thread 0x00007f8714822800 Uncommon trap: reason=class_check action=maybe_recompile pc=0x000000010bcddd18 method=java.util.AbstractList$Itr.hasNext()Z @ 8

Internal exceptions (10 events):
Event: 26.060 Thread 0x00007f871482e000 Exception <a 'java/lang/ClassNotFoundException': org/springframework/web/servlet/theme/AbstractThemeResolverCustomizer> (0x000000076e3d0f60) thrown at [/Users/java_re/workspace/8-2-build-macosx-x86_64/jdk8u65/4987/hotspot/src/share/vm/classfile/systemDict
Event: 26.061 Thread 0x00007f871482e000 Exception <a 'java/lang/ClassNotFoundException': org/springframework/web/servlet/theme/FixedThemeResolverCustomizer> (0x000000076e3efde0) thrown at [/Users/java_re/workspace/8-2-build-macosx-x86_64/jdk8u65/4987/hotspot/src/share/vm/classfile/systemDiction
Event: 26.061 Thread 0x00007f871482e000 Exception <a 'java/lang/ClassNotFoundException': org/springframework/web/servlet/ThemeResolverCustomizer> (0x000000076e40bf70) thrown at [/Users/java_re/workspace/8-2-build-macosx-x86_64/jdk8u65/4987/hotspot/src/share/vm/classfile/systemDictionary.cpp, li
Event: 26.063 Thread 0x00007f871482e000 Exception <a 'java/lang/ClassNotFoundException': java/lang/ObjectCustomizer> (0x000000076e42b6f8) thrown at [/Users/java_re/workspace/8-2-build-macosx-x86_64/jdk8u65/4987/hotspot/src/share/vm/classfile/systemDictionary.cpp, line 210]
Event: 26.063 Thread 0x00007f871482e000 Exception <a 'java/lang/ClassNotFoundException': org/springframework/web/servlet/view/DefaultRequestToViewNameTranslatorCustomizer> (0x000000076e44e908) thrown at [/Users/java_re/workspace/8-2-build-macosx-x86_64/jdk8u65/4987/hotspot/src/share/vm/classfil
Event: 26.064 Thread 0x00007f871482e000 Exception <a 'java/lang/ClassNotFoundException': org/springframework/web/servlet/RequestToViewNameTranslatorCustomizer> (0x000000076e47ccc8) thrown at [/Users/java_re/workspace/8-2-build-macosx-x86_64/jdk8u65/4987/hotspot/src/share/vm/classfile/systemDict
Event: 26.066 Thread 0x00007f871482e000 Exception <a 'java/lang/ClassNotFoundException': java/lang/ObjectCustomizer> (0x000000076e4acfc0) thrown at [/Users/java_re/workspace/8-2-build-macosx-x86_64/jdk8u65/4987/hotspot/src/share/vm/classfile/systemDictionary.cpp, line 210]
Event: 26.066 Thread 0x00007f871482e000 Exception <a 'java/lang/ClassNotFoundException': org/springframework/web/servlet/support/AbstractFlashMapManagerCustomizer> (0x000000076e4cdf90) thrown at [/Users/java_re/workspace/8-2-build-macosx-x86_64/jdk8u65/4987/hotspot/src/share/vm/classfile/system
Event: 26.067 Thread 0x00007f871482e000 Exception <a 'java/lang/ClassNotFoundException': org/springframework/web/servlet/support/SessionFlashMapManagerCustomizer> (0x000000076e4f2de8) thrown at [/Users/java_re/workspace/8-2-build-macosx-x86_64/jdk8u65/4987/hotspot/src/share/vm/classfile/systemD
Event: 26.068 Thread 0x00007f871482e000 Exception <a 'java/lang/ClassNotFoundException': org/springframework/web/servlet/FlashMapManagerCustomizer> (0x000000076e50eec8) thrown at [/Users/java_re/workspace/8-2-build-macosx-x86_64/jdk8u65/4987/hotspot/src/share/vm/classfile/systemDictionary.cpp, 

Events (10 events):
Event: 59.457 Executing VM operation: RevokeBias done
Event: 59.457 Executing VM operation: RevokeBias
Event: 59.457 Executing VM operation: RevokeBias done
Event: 59.457 loading class kh/com/kshrd/vivotek/ServiceProvider
Event: 59.457 loading class kh/com/kshrd/vivotek/ServiceProvider done
Event: 59.460 Thread 0x00007f8714293000 DEOPT PACKING pc=0x000000010bab979c sp=0x000070000a8c7620
Event: 59.460 Thread 0x00007f8714293000 DEOPT UNPACKING pc=0x000000010b3d0633 sp=0x000070000a8c7370 mode 0
Event: 59.460 Thread 0x00007f871428a800 Thread added: 0x00007f871428a800
Event: 68.709 Thread 0x00007f871482e000 DEOPT PACKING pc=0x000000010c05e074 sp=0x0000700009da67d0
Event: 68.709 Thread 0x00007f871482e000 DEOPT UNPACKING pc=0x000000010b3d0633 sp=0x0000700009da6518 mode 0


Dynamic libraries:
0x00000000414c9000 	/System/Library/Frameworks/Cocoa.framework/Versions/A/Cocoa
0x00000000414c9000 	/System/Library/Frameworks/Security.framework/Versions/A/Security
0x00000000414c9000 	/System/Library/Frameworks/ApplicationServices.framework/Versions/A/ApplicationServices
0x00000000414c9000 	/usr/lib/libz.1.dylib
0x00000000414c9000 	/usr/lib/libSystem.B.dylib
0x00000000414c9000 	/usr/lib/libobjc.A.dylib
0x00000000414c9000 	/System/Library/Frameworks/CoreFoundation.framework/Versions/A/CoreFoundation
0x00000000414c9000 	/System/Library/Frameworks/Foundation.framework/Versions/C/Foundation
0x00000000414c9000 	/System/Library/Frameworks/AppKit.framework/Versions/C/AppKit
0x00000000414c9000 	/System/Library/Frameworks/CoreData.framework/Versions/A/CoreData
0x00000000414c9000 	/System/Library/PrivateFrameworks/RemoteViewServices.framework/Versions/A/RemoteViewServices
0x00000000414c9000 	/System/Library/PrivateFrameworks/UIFoundation.framework/Versions/A/UIFoundation
0x00000000414c9000 	/System/Library/PrivateFrameworks/DFRFoundation.framework/Versions/A/DFRFoundation
0x00000000414c9000 	/usr/lib/libenergytrace.dylib
0x00000000414c9000 	/System/Library/PrivateFrameworks/SkyLight.framework/Versions/A/SkyLight
0x00000000414c9000 	/System/Library/Frameworks/CoreGraphics.framework/Versions/A/CoreGraphics
0x00000000414c9000 	/usr/lib/libScreenReader.dylib
0x00000000414c9000 	/System/Library/Frameworks/Accelerate.framework/Versions/A/Accelerate
0x00000000414c9000 	/System/Library/Frameworks/IOSurface.framework/Versions/A/IOSurface
0x00000000414c9000 	/System/Library/Frameworks/AudioToolbox.framework/Versions/A/AudioToolbox
0x00000000414c9000 	/System/Library/Frameworks/AudioUnit.framework/Versions/A/AudioUnit
0x00000000414c9000 	/System/Library/PrivateFrameworks/DataDetectorsCore.framework/Versions/A/DataDetectorsCore
0x00000000414c9000 	/System/Library/PrivateFrameworks/DesktopServicesPriv.framework/Versions/A/DesktopServicesPriv
0x00000000414c9000 	/System/Library/Frameworks/Carbon.framework/Versions/A/Frameworks/HIToolbox.framework/Versions/A/HIToolbox
0x00000000414c9000 	/usr/lib/libicucore.A.dylib
0x00000000414c9000 	/System/Library/Frameworks/QuartzCore.framework/Versions/A/QuartzCore
0x00000000414c9000 	/System/Library/Frameworks/Carbon.framework/Versions/A/Frameworks/SpeechRecognition.framework/Versions/A/SpeechRecognition
0x00000000414c9000 	/usr/lib/libauto.dylib
0x00000000414c9000 	/usr/lib/libxml2.2.dylib
0x00000000414c9000 	/System/Library/PrivateFrameworks/CoreUI.framework/Versions/A/CoreUI
0x00000000414c9000 	/System/Library/Frameworks/CoreAudio.framework/Versions/A/CoreAudio
0x00000000414c9000 	/System/Library/Frameworks/DiskArbitration.framework/Versions/A/DiskArbitration
0x00000000414c9000 	/usr/lib/liblangid.dylib
0x00000000414c9000 	/System/Library/PrivateFrameworks/MultitouchSupport.framework/Versions/A/MultitouchSupport
0x00000000414c9000 	/System/Library/Frameworks/IOKit.framework/Versions/A/IOKit
0x00000000414c9000 	/usr/lib/libDiagnosticMessagesClient.dylib
0x00000000414c9000 	/System/Library/Frameworks/CoreServices.framework/Versions/A/CoreServices
0x00000000414c9000 	/System/Library/PrivateFrameworks/PerformanceAnalysis.framework/Versions/A/PerformanceAnalysis
0x00000000414c9000 	/System/Library/PrivateFrameworks/GenerationalStorage.framework/Versions/A/GenerationalStorage
0x00000000414c9000 	/System/Library/Frameworks/OpenGL.framework/Versions/A/OpenGL
0x00000000414c9000 	/System/Library/Frameworks/CoreImage.framework/Versions/A/CoreImage
0x00000000414c9000 	/System/Library/Frameworks/CoreText.framework/Versions/A/CoreText
0x00000000414c9000 	/System/Library/Frameworks/ImageIO.framework/Versions/A/ImageIO
0x00000000414c9000 	/System/Library/PrivateFrameworks/Backup.framework/Versions/A/Backup
0x00000000414c9000 	/usr/lib/libarchive.2.dylib
0x00000000414c9000 	/System/Library/Frameworks/CFNetwork.framework/Versions/A/CFNetwork
0x00000000414c9000 	/System/Library/Frameworks/SystemConfiguration.framework/Versions/A/SystemConfiguration
0x00000000414c9000 	/usr/lib/libCRFSuite.dylib
0x00000000414c9000 	/usr/lib/libc++.1.dylib
0x00000000414c9000 	/usr/lib/libc++abi.dylib
0x00000000414c9000 	/usr/lib/system/libcache.dylib
0x00000000414c9000 	/usr/lib/system/libcommonCrypto.dylib
0x00000000414c9000 	/usr/lib/system/libcompiler_rt.dylib
0x00000000414c9000 	/usr/lib/system/libcopyfile.dylib
0x00000000414c9000 	/usr/lib/system/libcorecrypto.dylib
0x00000000414c9000 	/usr/lib/system/libdispatch.dylib
0x00000000414c9000 	/usr/lib/system/libdyld.dylib
0x00000000414c9000 	/usr/lib/system/libkeymgr.dylib
0x00000000414c9000 	/usr/lib/system/liblaunch.dylib
0x00000000414c9000 	/usr/lib/system/libmacho.dylib
0x00000000414c9000 	/usr/lib/system/libquarantine.dylib
0x00000000414c9000 	/usr/lib/system/libremovefile.dylib
0x00000000414c9000 	/usr/lib/system/libsystem_asl.dylib
0x00000000414c9000 	/usr/lib/system/libsystem_blocks.dylib
0x00000000414c9000 	/usr/lib/system/libsystem_c.dylib
0x00000000414c9000 	/usr/lib/system/libsystem_configuration.dylib
0x00000000414c9000 	/usr/lib/system/libsystem_coreservices.dylib
0x00000000414c9000 	/usr/lib/system/libsystem_coretls.dylib
0x00000000414c9000 	/usr/lib/system/libsystem_dnssd.dylib
0x00000000414c9000 	/usr/lib/system/libsystem_info.dylib
0x00000000414c9000 	/usr/lib/system/libsystem_kernel.dylib
0x00000000414c9000 	/usr/lib/system/libsystem_m.dylib
0x00000000414c9000 	/usr/lib/system/libsystem_malloc.dylib
0x00000000414c9000 	/usr/lib/system/libsystem_network.dylib
0x00000000414c9000 	/usr/lib/system/libsystem_networkextension.dylib
0x00000000414c9000 	/usr/lib/system/libsystem_notify.dylib
0x00000000414c9000 	/usr/lib/system/libsystem_platform.dylib
0x00000000414c9000 	/usr/lib/system/libsystem_pthread.dylib
0x00000000414c9000 	/usr/lib/system/libsystem_sandbox.dylib
0x00000000414c9000 	/usr/lib/system/libsystem_secinit.dylib
0x00000000414c9000 	/usr/lib/system/libsystem_symptoms.dylib
0x00000000414c9000 	/usr/lib/system/libsystem_trace.dylib
0x00000000414c9000 	/usr/lib/system/libunwind.dylib
0x00000000414c9000 	/usr/lib/system/libxpc.dylib
0x00000000414c9000 	/usr/lib/libbsm.0.dylib
0x00000000414c9000 	/usr/lib/system/libkxld.dylib
0x00000000414c9000 	/usr/lib/libcoretls.dylib
0x00000000414c9000 	/usr/lib/libcoretls_cfhelpers.dylib
0x00000000414c9000 	/usr/lib/libxar.1.dylib
0x00000000414c9000 	/usr/lib/libsqlite3.dylib
0x00000000414c9000 	/usr/lib/libpam.2.dylib
0x00000000414c9000 	/usr/lib/libOpenScriptingUtil.dylib
0x00000000414c9000 	/usr/lib/libbz2.1.0.dylib
0x00000000414c9000 	/usr/lib/liblzma.5.dylib
0x00000000414c9000 	/usr/lib/libnetwork.dylib
0x00000000414c9000 	/usr/lib/libpcap.A.dylib
0x00000000414c9000 	/System/Library/Frameworks/CoreServices.framework/Versions/A/Frameworks/FSEvents.framework/Versions/A/FSEvents
0x00000000414c9000 	/System/Library/Frameworks/CoreServices.framework/Versions/A/Frameworks/CarbonCore.framework/Versions/A/CarbonCore
0x00000000414c9000 	/System/Library/Frameworks/CoreServices.framework/Versions/A/Frameworks/Metadata.framework/Versions/A/Metadata
0x00000000414c9000 	/System/Library/Frameworks/CoreServices.framework/Versions/A/Frameworks/OSServices.framework/Versions/A/OSServices
0x00000000414c9000 	/System/Library/Frameworks/CoreServices.framework/Versions/A/Frameworks/SearchKit.framework/Versions/A/SearchKit
0x00000000414c9000 	/System/Library/Frameworks/CoreServices.framework/Versions/A/Frameworks/AE.framework/Versions/A/AE
0x00000000414c9000 	/System/Library/Frameworks/CoreServices.framework/Versions/A/Frameworks/LaunchServices.framework/Versions/A/LaunchServices
0x00000000414c9000 	/System/Library/Frameworks/CoreServices.framework/Versions/A/Frameworks/DictionaryServices.framework/Versions/A/DictionaryServices
0x00000000414c9000 	/System/Library/Frameworks/CoreServices.framework/Versions/A/Frameworks/SharedFileList.framework/Versions/A/SharedFileList
0x00000000414c9000 	/System/Library/Frameworks/NetFS.framework/Versions/A/NetFS
0x00000000414c9000 	/System/Library/PrivateFrameworks/NetAuth.framework/Versions/A/NetAuth
0x00000000414c9000 	/System/Library/PrivateFrameworks/login.framework/Versions/A/Frameworks/loginsupport.framework/Versions/A/loginsupport
0x00000000414c9000 	/System/Library/PrivateFrameworks/TCC.framework/Versions/A/TCC
0x00000000414c9000 	/usr/lib/libmecabra.dylib
0x00000000414c9000 	/System/Library/Frameworks/ApplicationServices.framework/Versions/A/Frameworks/ATS.framework/Versions/A/ATS
0x00000000414c9000 	/System/Library/Frameworks/ApplicationServices.framework/Versions/A/Frameworks/ColorSync.framework/Versions/A/ColorSync
0x00000000414c9000 	/System/Library/Frameworks/ApplicationServices.framework/Versions/A/Frameworks/HIServices.framework/Versions/A/HIServices
0x00000000414c9000 	/System/Library/Frameworks/ApplicationServices.framework/Versions/A/Frameworks/LangAnalysis.framework/Versions/A/LangAnalysis
0x00000000414c9000 	/System/Library/Frameworks/ApplicationServices.framework/Versions/A/Frameworks/PrintCore.framework/Versions/A/PrintCore
0x00000000414c9000 	/System/Library/Frameworks/ApplicationServices.framework/Versions/A/Frameworks/QD.framework/Versions/A/QD
0x00000000414c9000 	/System/Library/Frameworks/ApplicationServices.framework/Versions/A/Frameworks/SpeechSynthesis.framework/Versions/A/SpeechSynthesis
0x00000000414c9000 	/System/Library/Frameworks/Accelerate.framework/Versions/A/Frameworks/vImage.framework/Versions/A/vImage
0x00000000414c9000 	/System/Library/Frameworks/Accelerate.framework/Versions/A/Frameworks/vecLib.framework/Versions/A/vecLib
0x00000000414c9000 	/System/Library/Frameworks/Accelerate.framework/Versions/A/Frameworks/vecLib.framework/Versions/A/libvDSP.dylib
0x00000000414c9000 	/System/Library/Frameworks/Accelerate.framework/Versions/A/Frameworks/vecLib.framework/Versions/A/libBNNS.dylib
0x00000000414c9000 	/System/Library/Frameworks/Accelerate.framework/Versions/A/Frameworks/vecLib.framework/Versions/A/libQuadrature.dylib
0x00000000414c9000 	/System/Library/Frameworks/Accelerate.framework/Versions/A/Frameworks/vecLib.framework/Versions/A/libvMisc.dylib
0x00000000414c9000 	/System/Library/Frameworks/Accelerate.framework/Versions/A/Frameworks/vecLib.framework/Versions/A/libLAPACK.dylib
0x00000000414c9000 	/System/Library/Frameworks/Accelerate.framework/Versions/A/Frameworks/vecLib.framework/Versions/A/libBLAS.dylib
0x00000000414c9000 	/System/Library/Frameworks/Accelerate.framework/Versions/A/Frameworks/vecLib.framework/Versions/A/libLinearAlgebra.dylib
0x00000000414c9000 	/System/Library/Frameworks/Accelerate.framework/Versions/A/Frameworks/vecLib.framework/Versions/A/libSparseBLAS.dylib
0x00000000414c9000 	/System/Library/Frameworks/ApplicationServices.framework/Versions/A/Frameworks/ATS.framework/Versions/A/Resources/libFontParser.dylib
0x00000000414c9000 	/System/Library/Frameworks/ApplicationServices.framework/Versions/A/Frameworks/ATS.framework/Versions/A/Resources/libFontRegistry.dylib
0x00000000414c9000 	/System/Library/Frameworks/ImageIO.framework/Versions/A/Resources/libJPEG.dylib
0x00000000414c9000 	/System/Library/Frameworks/ImageIO.framework/Versions/A/Resources/libTIFF.dylib
0x00000000414c9000 	/System/Library/Frameworks/ImageIO.framework/Versions/A/Resources/libPng.dylib
0x00000000414c9000 	/System/Library/Frameworks/ImageIO.framework/Versions/A/Resources/libGIF.dylib
0x00000000414c9000 	/System/Library/Frameworks/ImageIO.framework/Versions/A/Resources/libJP2.dylib
0x00000000414c9000 	/System/Library/Frameworks/ImageIO.framework/Versions/A/Resources/libRadiance.dylib
0x00000000414c9000 	/usr/lib/libcompression.dylib
0x00000000414c9000 	/System/Library/PrivateFrameworks/AppleJPEG.framework/Versions/A/AppleJPEG
0x00000000414c9000 	/usr/lib/libcups.2.dylib
0x00000000414c9000 	/System/Library/Frameworks/Kerberos.framework/Versions/A/Kerberos
0x00000000414c9000 	/System/Library/Frameworks/GSS.framework/Versions/A/GSS
0x00000000414c9000 	/usr/lib/libresolv.9.dylib
0x00000000414c9000 	/usr/lib/libiconv.2.dylib
0x00000000414c9000 	/System/Library/PrivateFrameworks/Heimdal.framework/Versions/A/Heimdal
0x00000000414c9000 	/usr/lib/libheimdal-asn1.dylib
0x00000000414c9000 	/System/Library/Frameworks/OpenDirectory.framework/Versions/A/OpenDirectory
0x00000000414c9000 	/System/Library/PrivateFrameworks/CommonAuth.framework/Versions/A/CommonAuth
0x00000000414c9000 	/System/Library/Frameworks/OpenDirectory.framework/Versions/A/Frameworks/CFOpenDirectory.framework/Versions/A/CFOpenDirectory
0x00000000414c9000 	/System/Library/Frameworks/SecurityFoundation.framework/Versions/A/SecurityFoundation
0x00000000414c9000 	/System/Library/PrivateFrameworks/LanguageModeling.framework/Versions/A/LanguageModeling
0x00000000414c9000 	/usr/lib/libmarisa.dylib
0x00000000414c9000 	/usr/lib/libChineseTokenizer.dylib
0x00000000414c9000 	/usr/lib/libcmph.dylib
0x00000000414c9000 	/System/Library/PrivateFrameworks/CoreEmoji.framework/Versions/A/CoreEmoji
0x00000000414c9000 	/System/Library/Frameworks/ServiceManagement.framework/Versions/A/ServiceManagement
0x00000000414c9000 	/usr/lib/libxslt.1.dylib
0x00000000414c9000 	/System/Library/Frameworks/Carbon.framework/Versions/A/Frameworks/Ink.framework/Versions/A/Ink
0x00000000414c9000 	/System/Library/PrivateFrameworks/TextureIO.framework/Versions/A/TextureIO
0x00000000414c9000 	/System/Library/Frameworks/Metal.framework/Versions/A/Metal
0x00000000414c9000 	/usr/lib/libate.dylib
0x00000000414c9000 	/System/Library/PrivateFrameworks/GPUCompiler.framework/libmetal_timestamp.dylib
0x00000000414c9000 	/System/Library/Frameworks/OpenGL.framework/Versions/A/Libraries/libCoreFSCache.dylib
0x00000000414c9000 	/System/Library/PrivateFrameworks/IOAccelerator.framework/Versions/A/IOAccelerator
0x00000000414c9000 	/System/Library/Frameworks/CoreVideo.framework/Versions/A/CoreVideo
0x00000000414c9000 	/usr/lib/libFosl_dynamic.dylib
0x00000000414c9000 	/System/Library/PrivateFrameworks/MetalPerformanceShaders.framework/Versions/A/MetalPerformanceShaders
0x00000000414c9000 	/System/Library/PrivateFrameworks/FaceCore.framework/Versions/A/FaceCore
0x00000000414c9000 	/System/Library/Frameworks/OpenCL.framework/Versions/A/OpenCL
0x00000000414c9000 	/System/Library/Frameworks/OpenGL.framework/Versions/A/Libraries/libGLU.dylib
0x00000000414c9000 	/System/Library/Frameworks/OpenGL.framework/Versions/A/Libraries/libGFXShared.dylib
0x00000000414c9000 	/System/Library/Frameworks/OpenGL.framework/Versions/A/Libraries/libGL.dylib
0x00000000414c9000 	/System/Library/Frameworks/OpenGL.framework/Versions/A/Libraries/libGLImage.dylib
0x00000000414c9000 	/System/Library/Frameworks/OpenGL.framework/Versions/A/Libraries/libCVMSPluginSupport.dylib
0x00000000414c9000 	/System/Library/Frameworks/OpenGL.framework/Versions/A/Libraries/libCoreVMClient.dylib
0x00000000414c9000 	/System/Library/PrivateFrameworks/CrashReporterSupport.framework/Versions/A/CrashReporterSupport
0x00000000414c9000 	/System/Library/PrivateFrameworks/Sharing.framework/Versions/A/Sharing
0x00000000414c9000 	/System/Library/PrivateFrameworks/IconServices.framework/Versions/A/IconServices
0x00000000414c9000 	/System/Library/PrivateFrameworks/ProtocolBuffer.framework/Versions/A/ProtocolBuffer
0x00000000414c9000 	/System/Library/PrivateFrameworks/Apple80211.framework/Versions/A/Apple80211
0x00000000414c9000 	/System/Library/Frameworks/CoreWLAN.framework/Versions/A/CoreWLAN
0x00000000414c9000 	/System/Library/PrivateFrameworks/CoreUtils.framework/Versions/A/CoreUtils
0x00000000414c9000 	/System/Library/Frameworks/IOBluetooth.framework/Versions/A/IOBluetooth
0x00000000414c9000 	/System/Library/PrivateFrameworks/CoreWiFi.framework/Versions/A/CoreWiFi
0x00000000414c9000 	/System/Library/Frameworks/CoreBluetooth.framework/Versions/A/CoreBluetooth
0x00000000414c9000 	/System/Library/Frameworks/CoreDisplay.framework/Versions/A/CoreDisplay
0x00000000414c9000 	/System/Library/PrivateFrameworks/IOPresentment.framework/Versions/A/IOPresentment
0x00000000414c9000 	/System/Library/PrivateFrameworks/DebugSymbols.framework/Versions/A/DebugSymbols
0x00000000414c9000 	/System/Library/PrivateFrameworks/CoreSymbolication.framework/Versions/A/CoreSymbolication
0x00000000414c9000 	/System/Library/PrivateFrameworks/Symbolication.framework/Versions/A/Symbolication
0x00000000414c9000 	/System/Library/PrivateFrameworks/AppleFSCompression.framework/Versions/A/AppleFSCompression
0x00000000414c9000 	/System/Library/PrivateFrameworks/SpeechRecognitionCore.framework/Versions/A/SpeechRecognitionCore
0x00000000414c9000 	/System/Library/PrivateFrameworks/ChunkingLibrary.framework/Versions/A/ChunkingLibrary
0x000000010a400000 	/Library/Java/JavaVirtualMachines/jdk1.8.0_65.jdk/Contents/Home/jre/lib/server/libjvm.dylib
0x00000000414c9000 	/usr/lib/libstdc++.6.dylib
0x000000010860e000 	/Library/Java/JavaVirtualMachines/jdk1.8.0_65.jdk/Contents/Home/jre/lib/libverify.dylib
0x000000010861c000 	/Library/Java/JavaVirtualMachines/jdk1.8.0_65.jdk/Contents/Home/jre/lib/libjava.dylib
0x000000010865b000 	/Library/Java/JavaVirtualMachines/jdk1.8.0_65.jdk/Contents/Home/jre/lib/libzip.dylib
0x0000000125734000 	/System/Library/Frameworks/JavaVM.framework/Frameworks/JavaRuntimeSupport.framework/JavaRuntimeSupport
0x000000012574e000 	/System/Library/Frameworks/JavaVM.framework/Versions/A/Frameworks/JavaNativeFoundation.framework/Versions/A/JavaNativeFoundation
0x0000000125763000 	/System/Library/Frameworks/JavaVM.framework/Versions/A/JavaVM
0x00000000414c9000 	/System/Library/Frameworks/Carbon.framework/Versions/A/Carbon
0x0000000125770000 	/System/Library/PrivateFrameworks/JavaLaunching.framework/Versions/A/JavaLaunching
0x00000000414c9000 	/System/Library/Frameworks/Carbon.framework/Versions/A/Frameworks/CommonPanels.framework/Versions/A/CommonPanels
0x00000000414c9000 	/System/Library/Frameworks/Carbon.framework/Versions/A/Frameworks/Help.framework/Versions/A/Help
0x00000000414c9000 	/System/Library/Frameworks/Carbon.framework/Versions/A/Frameworks/ImageCapture.framework/Versions/A/ImageCapture
0x00000000414c9000 	/System/Library/Frameworks/Carbon.framework/Versions/A/Frameworks/OpenScripting.framework/Versions/A/OpenScripting
0x00000000414c9000 	/System/Library/Frameworks/Carbon.framework/Versions/A/Frameworks/Print.framework/Versions/A/Print
0x00000000414c9000 	/System/Library/Frameworks/Carbon.framework/Versions/A/Frameworks/SecurityHI.framework/Versions/A/SecurityHI
0x0000000125af7000 	/Applications/IntelliJ IDEA.app/Contents/bin/libbreakgen64.jnilib
0x0000000125afa000 	/Library/Java/JavaVirtualMachines/jdk1.8.0_65.jdk/Contents/Home/jre/lib/libnet.dylib
0x00000001261d1000 	/Library/Java/JavaVirtualMachines/jdk1.8.0_65.jdk/Contents/Home/jre/lib/libmanagement.dylib
0x0000000125cd5000 	/Library/Java/JavaVirtualMachines/jdk1.8.0_65.jdk/Contents/Home/jre/lib/libnio.dylib
0x0000000125bec000 	/Users/sophatvathana/Desktop/Project/ipcam/IPCAM-VIDEO-STREAMING-API/native/mac/x86_64/strmrecv.dylib
0x0000000125c82000 	/Library/Java/JavaVirtualMachines/jdk1.8.0_65.jdk/Contents/Home/jre/lib/libsunec.dylib
0x0000000126566000 	/Users/sophatvathana/Desktop/Project/ipcam/IPCAM-VIDEO-STREAMING-API/native/mac/x86_64/libavutil.55.dylib
0x00000000414c9000 	/System/Library/Frameworks/AVFoundation.framework/Versions/A/AVFoundation
0x00000000414c9000 	/System/Library/Frameworks/CoreMedia.framework/Versions/A/CoreMedia
0x00000000414c9000 	/System/Library/Frameworks/VideoToolbox.framework/Versions/A/VideoToolbox
0x0000000125bd1000 	/System/Library/Frameworks/VideoDecodeAcceleration.framework/Versions/A/VideoDecodeAcceleration
0x00000000414c9000 	/System/Library/Frameworks/AVFoundation.framework/Versions/A/Frameworks/AVFAudio.framework/Versions/A/AVFAudio
0x00000000414c9000 	/System/Library/Frameworks/MediaToolbox.framework/Versions/A/MediaToolbox
0x00000000414c9000 	/System/Library/PrivateFrameworks/IntlPreferences.framework/Versions/A/IntlPreferences
0x00000000414c9000 	/System/Library/Frameworks/CoreMediaIO.framework/Versions/A/CoreMediaIO
0x00000000414c9000 	/usr/lib/libspindump.dylib
0x00000000414c9000 	/usr/lib/libdscsym.dylib
0x00000000414c9000 	/System/Library/PrivateFrameworks/CoreAVCHD.framework/Versions/A/CoreAVCHD
0x00000000414c9000 	/System/Library/Frameworks/MediaAccessibility.framework/Versions/A/MediaAccessibility
0x00000000414c9000 	/System/Library/PrivateFrameworks/Mangrove.framework/Versions/A/Mangrove
0x00000000414c9000 	/System/Library/PrivateFrameworks/CoreAUC.framework/Versions/A/CoreAUC
0x00000000414c9000 	/System/Library/PrivateFrameworks/AppleVA.framework/Versions/A/AppleVA
0x00000000414c9000 	/System/Library/PrivateFrameworks/XPCService.framework/Versions/A/XPCService
0x00000000414c9000 	/System/Library/PrivateFrameworks/AppSandbox.framework/Versions/A/AppSandbox
0x00000000414c9000 	/usr/lib/libsandbox.1.dylib
0x00000000414c9000 	/System/Library/PrivateFrameworks/AppContainer.framework/Versions/A/AppContainer
0x00000000414c9000 	/System/Library/PrivateFrameworks/SecCodeWrapper.framework/Versions/A/SecCodeWrapper
0x00000000414c9000 	/usr/lib/libMatch.1.dylib
0x0000000125c5a000 	/Users/sophatvathana/Desktop/Project/ipcam/IPCAM-VIDEO-STREAMING-API/native/mac/x86_64/libswresample.2.dylib
0x000000012956c000 	/Users/sophatvathana/Desktop/Project/ipcam/IPCAM-VIDEO-STREAMING-API/native/mac/x86_64/libavcodec.57.dylib
0x00000001287d5000 	/Users/sophatvathana/Desktop/Project/ipcam/IPCAM-VIDEO-STREAMING-API/native/mac/x86_64/libavformat.57.dylib

VM Arguments:
jvm_args: -Dspring.output.ansi.enabled=always -Didea.launcher.port=7533 -Didea.launcher.bin.path=/Applications/IntelliJ IDEA.app/Contents/bin -Dfile.encoding=UTF-8 
java_command: com.intellij.rt.execution.application.AppMain kh.com.kshrd.ipcam.IpcamVideoStreamingApiApplication
java_class_path (initial): /Library/Java/JavaVirtualMachines/jdk1.8.0_65.jdk/Contents/Home/jre/lib/charsets.jar:/Library/Java/JavaVirtualMachines/jdk1.8.0_65.jdk/Contents/Home/jre/lib/deploy.jar:/Library/Java/JavaVirtualMachines/jdk1.8.0_65.jdk/Contents/Home/jre/lib/ext/cldrdata.jar:/Library/Java/JavaVirtualMachines/jdk1.8.0_65.jdk/Contents/Home/jre/lib/ext/dnsns.jar:/Library/Java/JavaVirtualMachines/jdk1.8.0_65.jdk/Contents/Home/jre/lib/ext/jaccess.jar:/Library/Java/JavaVirtualMachines/jdk1.8.0_65.jdk/Contents/Home/jre/lib/ext/jfxrt.jar:/Library/Java/JavaVirtualMachines/jdk1.8.0_65.jdk/Contents/Home/jre/lib/ext/localedata.jar:/Library/Java/JavaVirtualMachines/jdk1.8.0_65.jdk/Contents/Home/jre/lib/ext/nashorn.jar:/Library/Java/JavaVirtualMachines/jdk1.8.0_65.jdk/Contents/Home/jre/lib/ext/sunec.jar:/Library/Java/JavaVirtualMachines/jdk1.8.0_65.jdk/Contents/Home/jre/lib/ext/sunjce_provider.jar:/Library/Java/JavaVirtualMachines/jdk1.8.0_65.jdk/Contents/Home/jre/lib/ext/sunpkcs11.jar:/Library/Java/JavaVirtualMachines/jdk1.8.0_65.jdk/Contents/Home/jre/lib/ext/zipfs.jar:/Library/Java/JavaVirtualMachines/jdk1.8.0_65.jdk/Contents/Home/jre/lib/javaws.jar:/Library/Java/JavaVirtualMachines/jdk1.8.0_65.jdk/Contents/Home/jre/lib/jce.jar:/Library/Java/JavaVirtualMachines/jdk1.8.0_65.jdk/Contents/Home/jre/lib/jfr.jar:/Library/Java/JavaVirtualMachines/jdk1.8.0_65.jdk/Contents/Home/jre/lib/jfxswt.jar:/Library/Java/JavaVirtualMachines/jdk1.8.0_65.jdk/Contents/Home/jre/lib/jsse.jar:/Library/Java/JavaVirtualMachines/jdk1.8.0_65.jdk/Contents/Home/jre/lib/management-agent.jar:/Library/Java/JavaVirtualMachines/jdk1.8.0_65.jdk/Contents/Home/jre/lib/plugin.jar:/Library/Java/JavaVirtualMachines/jdk1.8.0_65.jdk/Contents/Home/jre/lib/resources.jar:/Library/Java/JavaVirtualMachines/jdk1.8.0_65.jdk/Contents/Home/jre/lib/rt.jar:/Library/Java/JavaVirtualMachines/jdk1.8.0_65.jdk/Contents/Home/lib/dt.jar:/Library/Java/JavaVirtualMachines/jdk1.8.0_65.jdk/Contents/Home/lib/javafx-mx.jar:/Library/Jav
Launcher Type: SUN_STANDARD

Environment Variables:
PATH=/Library/Frameworks/Python.framework/Versions/3.5/bin:/usr/local/bin:/usr/bin:/bin:/usr/sbin:/sbin
SHELL=/bin/zsh

Signal Handlers:
SIGSEGV: [libjvm.dylib+0x5a6d31], sa_mask[0]=11111111011111110111111111111111, sa_flags=SA_ONSTACK|SA_RESTART|SA_SIGINFO
SIGBUS: [libjvm.dylib+0x5a6d31], sa_mask[0]=11111111011111110111111111111111, sa_flags=SA_RESTART|SA_SIGINFO
SIGFPE: [libjvm.dylib+0x480a40], sa_mask[0]=11111111011111110111111111111111, sa_flags=SA_RESTART|SA_SIGINFO
SIGPIPE: [libjvm.dylib+0x480a40], sa_mask[0]=11111111011111110111111111111111, sa_flags=SA_RESTART|SA_SIGINFO
SIGXFSZ: [libjvm.dylib+0x480a40], sa_mask[0]=11111111011111110111111111111111, sa_flags=SA_RESTART|SA_SIGINFO
SIGILL: [libjvm.dylib+0x480a40], sa_mask[0]=11111111011111110111111111111111, sa_flags=SA_RESTART|SA_SIGINFO
SIGUSR1: SIG_DFL, sa_mask[0]=00000000000000000000000000000000, sa_flags=none
SIGUSR2: [libjvm.dylib+0x48055e], sa_mask[0]=00100000000000000000000000000000, sa_flags=SA_RESTART|SA_SIGINFO
SIGHUP: [libjvm.dylib+0x47eb35], sa_mask[0]=11111111011111110111111111111111, sa_flags=SA_RESTART|SA_SIGINFO
SIGINT: [libjvm.dylib+0x47eb35], sa_mask[0]=11111111011111110111111111111111, sa_flags=SA_RESTART|SA_SIGINFO
SIGTERM: [libjvm.dylib+0x47eb35], sa_mask[0]=11111111011111110111111111111111, sa_flags=SA_RESTART|SA_SIGINFO
SIGQUIT: [libjvm.dylib+0x47eb35], sa_mask[0]=11111111011111110111111111111111, sa_flags=SA_RESTART|SA_SIGINFO


---------------  S Y S T E M  ---------------

OS:Bsduname:Darwin 16.3.0 Darwin Kernel Version 16.3.0: Thu Nov 17 20:23:58 PST 2016; root:xnu-3789.31.2~1/RELEASE_X86_64 x86_64
rlimit: STACK 8192k, CORE 0k, NPROC 709, NOFILE 10240, AS infinity
load average:1.82 1.64 1.50

CPU:total 8 (4 cores per cpu, 2 threads per core) family 6 model 70 stepping 1, cmov, cx8, fxsr, mmx, sse, sse2, sse3, ssse3, sse4.1, sse4.2, popcnt, avx, avx2, aes, clmul, erms, lzcnt, ht, tsc, tscinvbit, bmi1, bmi2

Memory: 4k page, physical 16777216k(782304k free)

/proc/meminfo:


vm_info: Java HotSpot(TM) 64-Bit Server VM (25.65-b01) for bsd-amd64 JRE (1.8.0_65-b17), built on Oct  6 2015 15:36:46 by "java_re" with gcc 4.2.1 (Based on Apple Inc. build 5658) (LLVM build 2336.11.00)

time: Mon Dec 26 18:43:49 2016
elapsed time: 112 seconds (0d 0h 1m 52s)

