#
# A fatal error has been detected by the Java Runtime Environment:
#
#  SIGSEGV (0xb) at pc=0x0000000114d8d751, pid=1212, tid=23811
#
# JRE version: Java(TM) SE Runtime Environment (8.0_65-b17) (build 1.8.0_65-b17)
# Java VM: Java HotSpot(TM) 64-Bit Server VM (25.65-b01 mixed mode bsd-amd64 compressed oops)
# Problematic frame:
# C  [libavutil.55.dylib+0x19751]  av_freep+0x1
#
# Failed to write core dump. Core dumps have been disabled. To enable core dumping, try "ulimit -c unlimited" before starting Java again
#
# If you would like to submit a bug report, please visit:
#   http://bugreport.java.com/bugreport/crash.jsp
# The crash happened outside the Java Virtual Machine in native code.
# See problematic frame for where to report the bug.
#

---------------  T H R E A D  ---------------

Current thread (0x00007f9b2e645800):  JavaThread "Thread-1" [_thread_in_native, id=23811, stack(0x0000700009e3b000,0x0000700009f3b000)]

siginfo: si_signo: 11 (SIGSEGV), si_code: 0 (unknown), si_addr: 0x0000000000000000

Registers:
RAX=0x0000000114bc6500, RBX=0x0000000000000000, RCX=0x0000000000000000, RDX=0x00007f9b30623650
RSP=0x0000700009f3a750, RBP=0x0000700009f3a7a0, RSI=0x0000700009f3a840, RDI=0x474e494d41455254
R8 =0x0000000000000004, R9 =0x000000000000049a, R10=0x0000000118473100, R11=0x0000000114d8d750
R12=0x0000000000000000, R13=0x000000011744f508, R14=0x00007f9b30623688, R15=0x00007f9b30623658
RIP=0x0000000114d8d751, EFLAGS=0x0000000000010202, ERR=0x0000000000000000
  TRAPNO=0x000000000000000d

Top of Stack: (sp=0x0000700009f3a750)
0x0000700009f3a750:   0000000114bc6500 000000012f57a70c
0x0000700009f3a760:   0000000114bc6500 00007f9b30623650
0x0000700009f3a770:   0000000000000000 0000700009f3a840
0x0000700009f3a780:   00007f9b2e645800 0000000114bc5f32
0x0000700009f3a790:   000000011744f508 0000700009f3a840
0x0000700009f3a7a0:   0000700009f3a810 00000001184d4954
0x0000700009f3a7b0:   0000700009f3a810 00000001184d46d9
0x0000700009f3a7c0:   00000001184e0563 00000001184d46a2
0x0000700009f3a7d0:   0000700009f3a7d0 000000011744f508
0x0000700009f3a7e0:   0000700009f3a840 00000001174515a8
0x0000700009f3a7f0:   0000000000000000 000000011744f508
0x0000700009f3a800:   0000000000000000 0000700009f3a830
0x0000700009f3a810:   0000700009f3a888 00000001184c6c4d
0x0000700009f3a820:   0000000000000000 00000001184ce578
0x0000700009f3a830:   00007f9b30623650 00000006c120aa68
0x0000700009f3a840:   00000006c120aa68 0000700009f3a848
0x0000700009f3a850:   000000011744f816 0000700009f3a898
0x0000700009f3a860:   00000001174515a8 0000000000000000
0x0000700009f3a870:   000000011744f838 0000700009f3a830
0x0000700009f3a880:   0000700009f3a898 0000700009f3a8e0
0x0000700009f3a890:   00000001184c6c4d 00000006c120aa68
0x0000700009f3a8a0:   0000700009f3a8a0 000000011758cb7a
0x0000700009f3a8b0:   0000700009f3a910 000000011744d3a0
0x0000700009f3a8c0:   0000000000000000 000000011758cc40
0x0000700009f3a8d0:   0000700009f3a898 0000700009f3a910
0x0000700009f3a8e0:   0000700009f3a958 00000001184c6c92
0x0000700009f3a8f0:   00000000000000e7 0000000000000000
0x0000700009f3a900:   0000000000000000 00000006c120aa80
0x0000700009f3a910:   00000006c120aa98 0000700009f3a918
0x0000700009f3a920:   00000001120cd9cb 0000700009f3a968
0x0000700009f3a930:   0000000112154480 0000000000000000
0x0000700009f3a940:   00000001120cd9d8 0000700009f3a910 

Instructions: (pc=0x0000000114d8d751)
0x0000000114d8d731:   00 00 00 e8 6f a9 01 00 b8 f4 ff ff ff 48 83 c4
0x0000000114d8d741:   10 5b c3 66 66 66 2e 0f 1f 84 00 00 00 00 00 50
0x0000000114d8d751:   48 8b 07 48 c7 04 24 00 00 00 00 48 c7 07 00 00
0x0000000114d8d761:   00 00 48 89 c7 e8 3d a9 01 00 58 c3 0f 1f 00 48 

Register to memory mapping:

RAX=0x0000000114bc6500: Java_kh_com_kshrd_core_RtspStream_openRtspInternal+0x90 in /Users/sophatvathana/Desktop/Project/ipcam/IPCAM-VIDEO-STREAMING-API/native/mac/x86_64/strmrecv.dylib at 0x0000000114bc4000
RBX=0x0000000000000000 is an unknown value
RCX=0x0000000000000000 is an unknown value
RDX=0x00007f9b30623650 is an unknown value
RSP=0x0000700009f3a750 is pointing into the stack for thread: 0x00007f9b2e645800
RBP=0x0000700009f3a7a0 is pointing into the stack for thread: 0x00007f9b2e645800
RSI=0x0000700009f3a840 is pointing into the stack for thread: 0x00007f9b2e645800
RDI=0x474e494d41455254 is an unknown value
R8 =0x0000000000000004 is an unknown value
R9 =0x000000000000049a is an unknown value
R10=0x0000000118473100 is an unknown value
R11=0x0000000114d8d750: av_freep+0 in /Users/sophatvathana/Desktop/Project/ipcam/IPCAM-VIDEO-STREAMING-API/native/mac/x86_64/libavutil.55.dylib at 0x0000000114d74000
R12=0x0000000000000000 is an unknown value
R13={method} {0x000000011744f508} 'releaseContextInternal' '(J)V' in 'kh/com/kshrd/core/RtspStream'
R14=0x00007f9b30623688 is an unknown value
R15=0x00007f9b30623658 is an unknown value


Stack: [0x0000700009e3b000,0x0000700009f3b000],  sp=0x0000700009f3a750,  free space=1021k
Native frames: (J=compiled Java code, j=interpreted, Vv=VM code, C=native code)
C  [libavutil.55.dylib+0x19751]  av_freep+0x1
j  kh.com.kshrd.core.RtspStream.releaseContextInternal(J)V+0
j  kh.com.kshrd.core.RtspStream.release()V+14
j  kh.com.kshrd.core.RtspCamera.run()V+442
j  java.lang.Thread.run()V+11
v  ~StubRoutines::call_stub
V  [libjvm.dylib+0x2eab02]  JavaCalls::call_helper(JavaValue*, methodHandle*, JavaCallArguments*, Thread*)+0x6ae
V  [libjvm.dylib+0x2eb290]  JavaCalls::call_virtual(JavaValue*, KlassHandle, Symbol*, Symbol*, JavaCallArguments*, Thread*)+0x164
V  [libjvm.dylib+0x2eb43c]  JavaCalls::call_virtual(JavaValue*, Handle, KlassHandle, Symbol*, Symbol*, Thread*)+0x4a
V  [libjvm.dylib+0x345959]  thread_entry(JavaThread*, Thread*)+0x7c
V  [libjvm.dylib+0x5612d3]  JavaThread::thread_main_inner()+0x9b
V  [libjvm.dylib+0x5629ce]  JavaThread::run()+0x1c2
V  [libjvm.dylib+0x48342e]  java_start(Thread*)+0xf6
C  [libsystem_pthread.dylib+0x3aab]  _pthread_body+0xb4
C  [libsystem_pthread.dylib+0x39f7]  _pthread_body+0x0
C  [libsystem_pthread.dylib+0x31fd]  thread_start+0xd
C  0x0000000000000000

Java frames: (J=compiled Java code, j=interpreted, Vv=VM code)
j  kh.com.kshrd.core.RtspStream.releaseContextInternal(J)V+0
j  kh.com.kshrd.core.RtspStream.release()V+14
j  kh.com.kshrd.core.RtspCamera.run()V+442
j  java.lang.Thread.run()V+11
v  ~StubRoutines::call_stub

---------------  P R O C E S S  ---------------

Java Threads: ( => current thread )
  0x00007f9b3487c000 JavaThread "Thread-3" [_thread_blocked, id=27395, stack(0x000070000a550000,0x000070000a650000)]
  0x00007f9b3484c000 JavaThread "SIGINT handler" daemon [_thread_blocked, id=4107, stack(0x0000700009a2f000,0x0000700009b2f000)]
  0x00007f9b34002000 JavaThread "http-nio-9999-exec-1" daemon [_thread_blocked, id=26883, stack(0x000070000a44d000,0x000070000a54d000)]
  0x00007f9b309f0000 JavaThread "DestroyJavaVM" [_thread_blocked, id=7171, stack(0x00007000085f3000,0x00007000086f3000)]
  0x00007f9b2f42f800 JavaThread "http-nio-9999-AsyncTimeout" daemon [_thread_blocked, id=26371, stack(0x000070000a34a000,0x000070000a44a000)]
  0x00007f9b335a5000 JavaThread "http-nio-9999-Acceptor-0" daemon [_thread_in_native, id=25859, stack(0x000070000a247000,0x000070000a347000)]
  0x00007f9b335a4000 JavaThread "http-nio-9999-ClientPoller-1" daemon [_thread_in_native, id=25347, stack(0x000070000a144000,0x000070000a244000)]
  0x00007f9b2f7cd000 JavaThread "http-nio-9999-ClientPoller-0" daemon [_thread_in_native, id=24835, stack(0x000070000a041000,0x000070000a141000)]
  0x00007f9b33322800 JavaThread "NioBlockingSelector.BlockPoller-1" daemon [_thread_in_native, id=24323, stack(0x0000700009f3e000,0x000070000a03e000)]
=>0x00007f9b2e645800 JavaThread "Thread-1" [_thread_in_native, id=23811, stack(0x0000700009e3b000,0x0000700009f3b000)]
  0x00007f9b2f4b9000 JavaThread "container-0" [_thread_blocked, id=23299, stack(0x0000700009d38000,0x0000700009e38000)]
  0x00007f9b31d70000 JavaThread "ContainerBackgroundProcessor[StandardEngine[Tomcat]]" daemon [_thread_blocked, id=22787, stack(0x0000700009c35000,0x0000700009d35000)]
  0x00007f9b2f827000 JavaThread "Monitor Ctrl-Break" daemon [_thread_in_native, id=22275, stack(0x000070000992c000,0x0000700009a2c000)]
  0x00007f9b2e830000 JavaThread "Service Thread" daemon [_thread_blocked, id=21251, stack(0x0000700009726000,0x0000700009826000)]
  0x00007f9b2e001800 JavaThread "C1 CompilerThread3" daemon [_thread_blocked, id=20739, stack(0x0000700009623000,0x0000700009723000)]
  0x00007f9b2f062800 JavaThread "C2 CompilerThread2" daemon [_thread_in_native, id=20227, stack(0x0000700009520000,0x0000700009620000)]
  0x00007f9b2f062000 JavaThread "C2 CompilerThread1" daemon [_thread_in_native, id=19715, stack(0x000070000941d000,0x000070000951d000)]
  0x00007f9b2f060800 JavaThread "C2 CompilerThread0" daemon [_thread_blocked, id=19203, stack(0x000070000931a000,0x000070000941a000)]
  0x00007f9b2f05f800 JavaThread "Signal Dispatcher" daemon [_thread_blocked, id=18691, stack(0x0000700009217000,0x0000700009317000)]
  0x00007f9b2e83b000 JavaThread "Finalizer" daemon [_thread_blocked, id=14595, stack(0x0000700009114000,0x0000700009214000)]
  0x00007f9b2e803800 JavaThread "Reference Handler" daemon [_thread_blocked, id=14083, stack(0x0000700009011000,0x0000700009111000)]

Other Threads:
  0x00007f9b31026800 VMThread [stack: 0x0000700008f0e000,0x000070000900e000] [id=13571]
  0x00007f9b2e840800 WatcherThread [stack: 0x0000700009829000,0x0000700009929000] [id=21763]

VM state:not at safepoint (normal execution)

VM Mutex/Monitor currently owned by a thread: None

Heap:
 PSYoungGen      total 268288K, used 85676K [0x000000076ab00000, 0x000000078a200000, 0x00000007c0000000)
  eden space 249856K, 34% used [0x000000076ab00000,0x000000076feab358,0x0000000779f00000)
  from space 18432K, 0% used [0x0000000779f00000,0x0000000779f00000,0x000000077b100000)
  to   space 19968K, 0% used [0x0000000788e80000,0x0000000788e80000,0x000000078a200000)
 ParOldGen       total 131584K, used 27806K [0x00000006c0000000, 0x00000006c8080000, 0x000000076ab00000)
  object space 131584K, 21% used [0x00000006c0000000,0x00000006c1b27bf8,0x00000006c8080000)
 Metaspace       used 39048K, capacity 39488K, committed 39680K, reserved 1083392K
  class space    used 4893K, capacity 5013K, committed 5120K, reserved 1048576K

Card table byte_map: [0x0000000110b49000,0x000000011134a000] byte_map_base: 0x000000010d549000

Marking Bits: (ParMarkBitMap*) 0x00000001100dee20
 Begin Bits: [0x00000001274bf000, 0x000000012b4bf000)
 End Bits:   [0x000000012b4bf000, 0x000000012f4bf000)

Polling page: 0x000000010e705000

CodeCache: size=245760Kb used=14919Kb max_used=15097Kb free=230840Kb
 bounds [0x00000001184bf000, 0x00000001193ef000, 0x00000001274bf000]
 total_blobs=4511 nmethods=4079 adapters=344
 compilation: enabled

Compilation events (10 events):
Event: 90.577 Thread 0x00007f9b2e001800 4767       3       java.util.concurrent.ConcurrentHashMap$EntryIterator::next (51 bytes)
Event: 90.577 Thread 0x00007f9b2e001800 nmethod 4767 0x00000001189f4210 code [0x00000001189f43a0, 0x00000001189f4858]
Event: 90.577 Thread 0x00007f9b2f060800 nmethod 4759 0x00000001189504d0 code [0x0000000118950640, 0x0000000118950b38]
Event: 90.577 Thread 0x00007f9b2f060800 4765       4       java.util.HashMap::removeNode (291 bytes)
Event: 90.578 Thread 0x00007f9b2e001800 4768       3       java.util.concurrent.ConcurrentHashMap$MapEntry::<init> (20 bytes)
Event: 90.578 Thread 0x00007f9b2e001800 nmethod 4768 0x000000011909e0d0 code [0x000000011909e240, 0x000000011909e430]
Event: 90.578 Thread 0x00007f9b2e001800 4769       3       java.util.concurrent.ConcurrentHashMap$BaseIterator::remove (37 bytes)
Event: 90.578 Thread 0x00007f9b2e001800 nmethod 4769 0x00000001189f17d0 code [0x00000001189f1960, 0x00000001189f1c98]
Event: 90.579 Thread 0x00007f9b2e001800 4758       1       java.text.DecimalFormatSymbols::getDecimalSeparator (5 bytes)
Event: 90.579 Thread 0x00007f9b2e001800 nmethod 4758 0x0000000118cbc9d0 code [0x0000000118cbcb20, 0x0000000118cbcc30]

GC Heap History (10 events):
Event: 11.606 GC heap before
{Heap before GC invocations=5 (full 1):
 PSYoungGen      total 141824K, used 10742K [0x000000076ab00000, 0x0000000774000000, 0x00000007c0000000)
  eden space 131072K, 0% used [0x000000076ab00000,0x000000076ab00000,0x0000000772b00000)
  from space 10752K, 99% used [0x0000000773580000,0x0000000773ffdb40,0x0000000774000000)
  to   space 10752K, 0% used [0x0000000772b00000,0x0000000772b00000,0x0000000773580000)
 ParOldGen       total 175104K, used 3061K [0x00000006c0000000, 0x00000006cab00000, 0x000000076ab00000)
  object space 175104K, 1% used [0x00000006c0000000,0x00000006c02fd5a8,0x00000006cab00000)
 Metaspace       used 20910K, capacity 21198K, committed 21296K, reserved 1069056K
  class space    used 2553K, capacity 2646K, committed 2688K, reserved 1048576K
Event: 11.639 GC heap after
Heap after GC invocations=5 (full 1):
 PSYoungGen      total 141824K, used 0K [0x000000076ab00000, 0x0000000774000000, 0x00000007c0000000)
  eden space 131072K, 0% used [0x000000076ab00000,0x000000076ab00000,0x0000000772b00000)
  from space 10752K, 0% used [0x0000000773580000,0x0000000773580000,0x0000000774000000)
  to   space 10752K, 0% used [0x0000000772b00000,0x0000000772b00000,0x0000000773580000)
 ParOldGen       total 84480K, used 11039K [0x00000006c0000000, 0x00000006c5280000, 0x000000076ab00000)
  object space 84480K, 13% used [0x00000006c0000000,0x00000006c0ac7ed0,0x00000006c5280000)
 Metaspace       used 20910K, capacity 21198K, committed 21296K, reserved 1069056K
  class space    used 2553K, capacity 2646K, committed 2688K, reserved 1048576K
}
Event: 12.450 GC heap before
{Heap before GC invocations=6 (full 1):
 PSYoungGen      total 141824K, used 131072K [0x000000076ab00000, 0x0000000774000000, 0x00000007c0000000)
  eden space 131072K, 100% used [0x000000076ab00000,0x0000000772b00000,0x0000000772b00000)
  from space 10752K, 0% used [0x0000000773580000,0x0000000773580000,0x0000000774000000)
  to   space 10752K, 0% used [0x0000000772b00000,0x0000000772b00000,0x0000000773580000)
 ParOldGen       total 84480K, used 11039K [0x00000006c0000000, 0x00000006c5280000, 0x000000076ab00000)
  object space 84480K, 13% used [0x00000006c0000000,0x00000006c0ac7ed0,0x00000006c5280000)
 Metaspace       used 27706K, capacity 28050K, committed 28416K, reserved 1075200K
  class space    used 3412K, capacity 3516K, committed 3584K, reserved 1048576K
Event: 12.473 GC heap after
Heap after GC invocations=6 (full 1):
 PSYoungGen      total 141824K, used 10729K [0x000000076ab00000, 0x000000077c500000, 0x00000007c0000000)
  eden space 131072K, 0% used [0x000000076ab00000,0x000000076ab00000,0x0000000772b00000)
  from space 10752K, 99% used [0x0000000772b00000,0x000000077357a788,0x0000000773580000)
  to   space 18944K, 0% used [0x000000077b280000,0x000000077b280000,0x000000077c500000)
 ParOldGen       total 84480K, used 20969K [0x00000006c0000000, 0x00000006c5280000, 0x000000076ab00000)
  object space 84480K, 24% used [0x00000006c0000000,0x00000006c147a4b8,0x00000006c5280000)
 Metaspace       used 27706K, capacity 28050K, committed 28416K, reserved 1075200K
  class space    used 3412K, capacity 3516K, committed 3584K, reserved 1048576K
}
Event: 13.165 GC heap before
{Heap before GC invocations=7 (full 1):
 PSYoungGen      total 141824K, used 141801K [0x000000076ab00000, 0x000000077c500000, 0x00000007c0000000)
  eden space 131072K, 100% used [0x000000076ab00000,0x0000000772b00000,0x0000000772b00000)
  from space 10752K, 99% used [0x0000000772b00000,0x000000077357a788,0x0000000773580000)
  to   space 18944K, 0% used [0x000000077b280000,0x000000077b280000,0x000000077c500000)
 ParOldGen       total 84480K, used 20969K [0x00000006c0000000, 0x00000006c5280000, 0x000000076ab00000)
  object space 84480K, 24% used [0x00000006c0000000,0x00000006c147a4b8,0x00000006c5280000)
 Metaspace       used 31238K, capacity 31682K, committed 32000K, reserved 1077248K
  class space    used 3881K, capacity 4004K, committed 4096K, reserved 1048576K
Event: 13.178 GC heap after
Heap after GC invocations=7 (full 1):
 PSYoungGen      total 266752K, used 12440K [0x000000076ab00000, 0x000000077c300000, 0x00000007c0000000)
  eden space 249856K, 0% used [0x000000076ab00000,0x000000076ab00000,0x0000000779f00000)
  from space 16896K, 73% used [0x000000077b280000,0x000000077bea6258,0x000000077c300000)
  to   space 18432K, 0% used [0x0000000779f00000,0x0000000779f00000,0x000000077b100000)
 ParOldGen       total 84480K, used 20977K [0x00000006c0000000, 0x00000006c5280000, 0x000000076ab00000)
  object space 84480K, 24% used [0x00000006c0000000,0x00000006c147c4b8,0x00000006c5280000)
 Metaspace       used 31238K, capacity 31682K, committed 32000K, reserved 1077248K
  class space    used 3881K, capacity 4004K, committed 4096K, reserved 1048576K
}
Event: 13.818 GC heap before
{Heap before GC invocations=8 (full 1):
 PSYoungGen      total 266752K, used 152088K [0x000000076ab00000, 0x000000077c300000, 0x00000007c0000000)
  eden space 249856K, 55% used [0x000000076ab00000,0x000000077335fe50,0x0000000779f00000)
  from space 16896K, 73% used [0x000000077b280000,0x000000077bea6258,0x000000077c300000)
  to   space 18432K, 0% used [0x0000000779f00000,0x0000000779f00000,0x000000077b100000)
 ParOldGen       total 84480K, used 20977K [0x00000006c0000000, 0x00000006c5280000, 0x000000076ab00000)
  object space 84480K, 24% used [0x00000006c0000000,0x00000006c147c4b8,0x00000006c5280000)
 Metaspace       used 34872K, capacity 35296K, committed 35496K, reserved 1081344K
  class space    used 4410K, capacity 4521K, committed 4608K, reserved 1048576K
Event: 13.833 GC heap after
Heap after GC invocations=8 (full 1):
 PSYoungGen      total 268288K, used 17570K [0x000000076ab00000, 0x000000078a200000, 0x00000007c0000000)
  eden space 249856K, 0% used [0x000000076ab00000,0x000000076ab00000,0x0000000779f00000)
  from space 18432K, 95% used [0x0000000779f00000,0x000000077b028818,0x000000077b100000)
  to   space 19968K, 0% used [0x0000000788e80000,0x0000000788e80000,0x000000078a200000)
 ParOldGen       total 84480K, used 20985K [0x00000006c0000000, 0x00000006c5280000, 0x000000076ab00000)
  object space 84480K, 24% used [0x00000006c0000000,0x00000006c147e4b8,0x00000006c5280000)
 Metaspace       used 34872K, capacity 35296K, committed 35496K, reserved 1081344K
  class space    used 4410K, capacity 4521K, committed 4608K, reserved 1048576K
}
Event: 13.833 GC heap before
{Heap before GC invocations=9 (full 2):
 PSYoungGen      total 268288K, used 17570K [0x000000076ab00000, 0x000000078a200000, 0x00000007c0000000)
  eden space 249856K, 0% used [0x000000076ab00000,0x000000076ab00000,0x0000000779f00000)
  from space 18432K, 95% used [0x0000000779f00000,0x000000077b028818,0x000000077b100000)
  to   space 19968K, 0% used [0x0000000788e80000,0x0000000788e80000,0x000000078a200000)
 ParOldGen       total 84480K, used 20985K [0x00000006c0000000, 0x00000006c5280000, 0x000000076ab00000)
  object space 84480K, 24% used [0x00000006c0000000,0x00000006c147e4b8,0x00000006c5280000)
 Metaspace       used 34872K, capacity 35296K, committed 35496K, reserved 1081344K
  class space    used 4410K, capacity 4521K, committed 4608K, reserved 1048576K
Event: 13.890 GC heap after
Heap after GC invocations=9 (full 2):
 PSYoungGen      total 268288K, used 0K [0x000000076ab00000, 0x000000078a200000, 0x00000007c0000000)
  eden space 249856K, 0% used [0x000000076ab00000,0x000000076ab00000,0x0000000779f00000)
  from space 18432K, 0% used [0x0000000779f00000,0x0000000779f00000,0x000000077b100000)
  to   space 19968K, 0% used [0x0000000788e80000,0x0000000788e80000,0x000000078a200000)
 ParOldGen       total 131584K, used 27806K [0x00000006c0000000, 0x00000006c8080000, 0x000000076ab00000)
  object space 131584K, 21% used [0x00000006c0000000,0x00000006c1b27bf8,0x00000006c8080000)
 Metaspace       used 34872K, capacity 35296K, committed 35496K, reserved 1081344K
  class space    used 4410K, capacity 4521K, committed 4608K, reserved 1048576K
}

Deoptimization events (10 events):
Event: 20.854 Thread 0x00007f9b34002000 Uncommon trap: reason=null_check action=make_not_entrant pc=0x000000011935b01c method=org.springframework.core.annotation.AnnotatedElementUtils.searchWithFindSemantics(Ljava/lang/reflect/AnnotatedElement;Ljava/lang/Class;Ljava/lang/String;Ljava/lang/Class
Event: 20.890 Thread 0x00007f9b34002000 Uncommon trap: reason=unstable_if action=reinterpret pc=0x000000011891a334 method=java.util.Properties$LineReader.readLine()I @ 174
Event: 20.890 Thread 0x00007f9b34002000 Uncommon trap: reason=unstable_if action=reinterpret pc=0x0000000118797b8c method=java.net.URI.match(CJJ)Z @ 45
Event: 20.922 Thread 0x00007f9b34002000 Uncommon trap: reason=unstable_if action=reinterpret pc=0x0000000118728120 method=java.lang.CharacterDataLatin1.isWhitespace(I)Z @ 14
Event: 20.973 Thread 0x00007f9b34002000 Uncommon trap: reason=class_check action=maybe_recompile pc=0x0000000118d93d18 method=java.util.AbstractList$Itr.hasNext()Z @ 8
Event: 20.973 Thread 0x00007f9b34002000 Uncommon trap: reason=class_check action=maybe_recompile pc=0x0000000118e18660 method=java.util.AbstractList$Itr.next()Ljava/lang/Object; @ 14
Event: 20.974 Thread 0x00007f9b34002000 Uncommon trap: reason=class_check action=maybe_recompile pc=0x0000000118d93d18 method=java.util.AbstractList$Itr.hasNext()Z @ 8
Event: 20.974 Thread 0x00007f9b34002000 Uncommon trap: reason=class_check action=maybe_recompile pc=0x0000000118e18660 method=java.util.AbstractList$Itr.next()Ljava/lang/Object; @ 14
Event: 90.572 Thread 0x00007f9b2f05f800 Uncommon trap: reason=bimorphic action=maybe_recompile pc=0x00000001185cd5bc method=java.util.Hashtable.get(Ljava/lang/Object;)Ljava/lang/Object; @ 45
Event: 90.572 Thread 0x00007f9b2f05f800 Uncommon trap: reason=bimorphic action=maybe_recompile pc=0x00000001185cd5bc method=java.util.Hashtable.get(Ljava/lang/Object;)Ljava/lang/Object; @ 45

Internal exceptions (10 events):
Event: 20.830 Thread 0x00007f9b34002000 Exception <a 'java/lang/ClassNotFoundException': java/lang/ObjectCustomizer> (0x000000076e41da90) thrown at [/Users/java_re/workspace/8-2-build-macosx-x86_64/jdk8u65/4987/hotspot/src/share/vm/classfile/systemDictionary.cpp, line 210]
Event: 20.830 Thread 0x00007f9b34002000 Exception <a 'java/lang/ClassNotFoundException': org/springframework/web/servlet/view/DefaultRequestToViewNameTranslatorCustomizer> (0x000000076e440ca0) thrown at [/Users/java_re/workspace/8-2-build-macosx-x86_64/jdk8u65/4987/hotspot/src/share/vm/classfil
Event: 20.831 Thread 0x00007f9b34002000 Exception <a 'java/lang/ClassNotFoundException': org/springframework/web/servlet/RequestToViewNameTranslatorCustomizer> (0x000000076e46f060) thrown at [/Users/java_re/workspace/8-2-build-macosx-x86_64/jdk8u65/4987/hotspot/src/share/vm/classfile/systemDict
Event: 20.834 Thread 0x00007f9b34002000 Exception <a 'java/lang/ClassNotFoundException': java/lang/ObjectCustomizer> (0x000000076e49fe20) thrown at [/Users/java_re/workspace/8-2-build-macosx-x86_64/jdk8u65/4987/hotspot/src/share/vm/classfile/systemDictionary.cpp, line 210]
Event: 20.834 Thread 0x00007f9b34002000 Exception <a 'java/lang/ClassNotFoundException': org/springframework/web/servlet/support/AbstractFlashMapManagerCustomizer> (0x000000076e4c0df0) thrown at [/Users/java_re/workspace/8-2-build-macosx-x86_64/jdk8u65/4987/hotspot/src/share/vm/classfile/system
Event: 20.835 Thread 0x00007f9b34002000 Exception <a 'java/lang/ClassNotFoundException': org/springframework/web/servlet/support/SessionFlashMapManagerCustomizer> (0x000000076e4e5c48) thrown at [/Users/java_re/workspace/8-2-build-macosx-x86_64/jdk8u65/4987/hotspot/src/share/vm/classfile/systemD
Event: 20.835 Thread 0x00007f9b34002000 Exception <a 'java/lang/ClassNotFoundException': org/springframework/web/servlet/FlashMapManagerCustomizer> (0x000000076e501d28) thrown at [/Users/java_re/workspace/8-2-build-macosx-x86_64/jdk8u65/4987/hotspot/src/share/vm/classfile/systemDictionary.cpp, 
Event: 20.854 Thread 0x00007f9b34002000 Implicit null exception at 0x0000000119351f2c to 0x000000011935aff1
Event: 20.962 Thread 0x00007f9b34002000 Exception <a 'java/lang/NullPointerException'> (0x000000076ef493b0) thrown at [/Users/java_re/workspace/8-2-build-macosx-x86_64/jdk8u65/4987/hotspot/src/share/vm/interpreter/linkResolver.cpp, line 1178]
Event: 20.962 Thread 0x00007f9b34002000 Exception <a 'java/lang/reflect/InvocationTargetException'> (0x000000076ef49988) thrown at [/Users/java_re/workspace/8-2-build-macosx-x86_64/jdk8u65/4987/hotspot/src/share/vm/runtime/reflection.cpp, line 1092]

Events (10 events):
Event: 90.575 Executing VM operation: RevokeBias
Event: 90.575 Executing VM operation: RevokeBias done
Event: 90.576 Thread 0x00007f9b2e001800 flushing nmethod 0x0000000118fb6510
Event: 90.576 Thread 0x00007f9b2e001800 flushing nmethod 0x0000000118fdc410
Event: 90.576 Thread 0x00007f9b2e001800 flushing nmethod 0x000000011902b290
Event: 90.576 Thread 0x00007f9b2e001800 flushing nmethod 0x0000000119057310
Event: 90.577 Thread 0x00007f9b2e001800 flushing nmethod 0x000000011909de50
Event: 90.577 Executing VM operation: RevokeBias
Event: 90.577 Executing VM operation: RevokeBias done
Event: 90.577 Thread 0x00007f9b2e001800 flushing nmethod 0x00000001190eb150


Dynamic libraries:
0x00000000414c9000 	/System/Library/Frameworks/Cocoa.framework/Versions/A/Cocoa
0x00000000414c9000 	/System/Library/Frameworks/Security.framework/Versions/A/Security
0x00000000414c9000 	/System/Library/Frameworks/ApplicationServices.framework/Versions/A/ApplicationServices
0x00000000414c9000 	/usr/lib/libz.1.dylib
0x00000000414c9000 	/usr/lib/libSystem.B.dylib
0x00000000414c9000 	/usr/lib/libobjc.A.dylib
0x00000000414c9000 	/System/Library/Frameworks/CoreFoundation.framework/Versions/A/CoreFoundation
0x00000000414c9000 	/System/Library/Frameworks/Foundation.framework/Versions/C/Foundation
0x00000000414c9000 	/System/Library/Frameworks/AppKit.framework/Versions/C/AppKit
0x00000000414c9000 	/System/Library/Frameworks/CoreData.framework/Versions/A/CoreData
0x00000000414c9000 	/System/Library/PrivateFrameworks/RemoteViewServices.framework/Versions/A/RemoteViewServices
0x00000000414c9000 	/System/Library/PrivateFrameworks/UIFoundation.framework/Versions/A/UIFoundation
0x00000000414c9000 	/System/Library/PrivateFrameworks/DFRFoundation.framework/Versions/A/DFRFoundation
0x00000000414c9000 	/usr/lib/libenergytrace.dylib
0x00000000414c9000 	/System/Library/PrivateFrameworks/SkyLight.framework/Versions/A/SkyLight
0x00000000414c9000 	/System/Library/Frameworks/CoreGraphics.framework/Versions/A/CoreGraphics
0x00000000414c9000 	/usr/lib/libScreenReader.dylib
0x00000000414c9000 	/System/Library/Frameworks/Accelerate.framework/Versions/A/Accelerate
0x00000000414c9000 	/System/Library/Frameworks/IOSurface.framework/Versions/A/IOSurface
0x00000000414c9000 	/System/Library/Frameworks/AudioToolbox.framework/Versions/A/AudioToolbox
0x00000000414c9000 	/System/Library/Frameworks/AudioUnit.framework/Versions/A/AudioUnit
0x00000000414c9000 	/System/Library/PrivateFrameworks/DataDetectorsCore.framework/Versions/A/DataDetectorsCore
0x00000000414c9000 	/System/Library/PrivateFrameworks/DesktopServicesPriv.framework/Versions/A/DesktopServicesPriv
0x00000000414c9000 	/System/Library/Frameworks/Carbon.framework/Versions/A/Frameworks/HIToolbox.framework/Versions/A/HIToolbox
0x00000000414c9000 	/usr/lib/libicucore.A.dylib
0x00000000414c9000 	/System/Library/Frameworks/QuartzCore.framework/Versions/A/QuartzCore
0x00000000414c9000 	/System/Library/Frameworks/Carbon.framework/Versions/A/Frameworks/SpeechRecognition.framework/Versions/A/SpeechRecognition
0x00000000414c9000 	/usr/lib/libauto.dylib
0x00000000414c9000 	/usr/lib/libxml2.2.dylib
0x00000000414c9000 	/System/Library/PrivateFrameworks/CoreUI.framework/Versions/A/CoreUI
0x00000000414c9000 	/System/Library/Frameworks/CoreAudio.framework/Versions/A/CoreAudio
0x00000000414c9000 	/System/Library/Frameworks/DiskArbitration.framework/Versions/A/DiskArbitration
0x00000000414c9000 	/usr/lib/liblangid.dylib
0x00000000414c9000 	/System/Library/PrivateFrameworks/MultitouchSupport.framework/Versions/A/MultitouchSupport
0x00000000414c9000 	/System/Library/Frameworks/IOKit.framework/Versions/A/IOKit
0x00000000414c9000 	/usr/lib/libDiagnosticMessagesClient.dylib
0x00000000414c9000 	/System/Library/Frameworks/CoreServices.framework/Versions/A/CoreServices
0x00000000414c9000 	/System/Library/PrivateFrameworks/PerformanceAnalysis.framework/Versions/A/PerformanceAnalysis
0x00000000414c9000 	/System/Library/PrivateFrameworks/GenerationalStorage.framework/Versions/A/GenerationalStorage
0x00000000414c9000 	/System/Library/Frameworks/OpenGL.framework/Versions/A/OpenGL
0x00000000414c9000 	/System/Library/Frameworks/CoreImage.framework/Versions/A/CoreImage
0x00000000414c9000 	/System/Library/Frameworks/CoreText.framework/Versions/A/CoreText
0x00000000414c9000 	/System/Library/Frameworks/ImageIO.framework/Versions/A/ImageIO
0x00000000414c9000 	/System/Library/PrivateFrameworks/Backup.framework/Versions/A/Backup
0x00000000414c9000 	/usr/lib/libarchive.2.dylib
0x00000000414c9000 	/System/Library/Frameworks/CFNetwork.framework/Versions/A/CFNetwork
0x00000000414c9000 	/System/Library/Frameworks/SystemConfiguration.framework/Versions/A/SystemConfiguration
0x00000000414c9000 	/usr/lib/libCRFSuite.dylib
0x00000000414c9000 	/usr/lib/libc++.1.dylib
0x00000000414c9000 	/usr/lib/libc++abi.dylib
0x00000000414c9000 	/usr/lib/system/libcache.dylib
0x00000000414c9000 	/usr/lib/system/libcommonCrypto.dylib
0x00000000414c9000 	/usr/lib/system/libcompiler_rt.dylib
0x00000000414c9000 	/usr/lib/system/libcopyfile.dylib
0x00000000414c9000 	/usr/lib/system/libcorecrypto.dylib
0x00000000414c9000 	/usr/lib/system/libdispatch.dylib
0x00000000414c9000 	/usr/lib/system/libdyld.dylib
0x00000000414c9000 	/usr/lib/system/libkeymgr.dylib
0x00000000414c9000 	/usr/lib/system/liblaunch.dylib
0x00000000414c9000 	/usr/lib/system/libmacho.dylib
0x00000000414c9000 	/usr/lib/system/libquarantine.dylib
0x00000000414c9000 	/usr/lib/system/libremovefile.dylib
0x00000000414c9000 	/usr/lib/system/libsystem_asl.dylib
0x00000000414c9000 	/usr/lib/system/libsystem_blocks.dylib
0x00000000414c9000 	/usr/lib/system/libsystem_c.dylib
0x00000000414c9000 	/usr/lib/system/libsystem_configuration.dylib
0x00000000414c9000 	/usr/lib/system/libsystem_coreservices.dylib
0x00000000414c9000 	/usr/lib/system/libsystem_coretls.dylib
0x00000000414c9000 	/usr/lib/system/libsystem_dnssd.dylib
0x00000000414c9000 	/usr/lib/system/libsystem_info.dylib
0x00000000414c9000 	/usr/lib/system/libsystem_kernel.dylib
0x00000000414c9000 	/usr/lib/system/libsystem_m.dylib
0x00000000414c9000 	/usr/lib/system/libsystem_malloc.dylib
0x00000000414c9000 	/usr/lib/system/libsystem_network.dylib
0x00000000414c9000 	/usr/lib/system/libsystem_networkextension.dylib
0x00000000414c9000 	/usr/lib/system/libsystem_notify.dylib
0x00000000414c9000 	/usr/lib/system/libsystem_platform.dylib
0x00000000414c9000 	/usr/lib/system/libsystem_pthread.dylib
0x00000000414c9000 	/usr/lib/system/libsystem_sandbox.dylib
0x00000000414c9000 	/usr/lib/system/libsystem_secinit.dylib
0x00000000414c9000 	/usr/lib/system/libsystem_symptoms.dylib
0x00000000414c9000 	/usr/lib/system/libsystem_trace.dylib
0x00000000414c9000 	/usr/lib/system/libunwind.dylib
0x00000000414c9000 	/usr/lib/system/libxpc.dylib
0x00000000414c9000 	/usr/lib/libbsm.0.dylib
0x00000000414c9000 	/usr/lib/system/libkxld.dylib
0x00000000414c9000 	/usr/lib/libcoretls.dylib
0x00000000414c9000 	/usr/lib/libcoretls_cfhelpers.dylib
0x00000000414c9000 	/usr/lib/libxar.1.dylib
0x00000000414c9000 	/usr/lib/libsqlite3.dylib
0x00000000414c9000 	/usr/lib/libpam.2.dylib
0x00000000414c9000 	/usr/lib/libOpenScriptingUtil.dylib
0x00000000414c9000 	/usr/lib/libbz2.1.0.dylib
0x00000000414c9000 	/usr/lib/liblzma.5.dylib
0x00000000414c9000 	/usr/lib/libnetwork.dylib
0x00000000414c9000 	/usr/lib/libpcap.A.dylib
0x00000000414c9000 	/System/Library/Frameworks/CoreServices.framework/Versions/A/Frameworks/FSEvents.framework/Versions/A/FSEvents
0x00000000414c9000 	/System/Library/Frameworks/CoreServices.framework/Versions/A/Frameworks/CarbonCore.framework/Versions/A/CarbonCore
0x00000000414c9000 	/System/Library/Frameworks/CoreServices.framework/Versions/A/Frameworks/Metadata.framework/Versions/A/Metadata
0x00000000414c9000 	/System/Library/Frameworks/CoreServices.framework/Versions/A/Frameworks/OSServices.framework/Versions/A/OSServices
0x00000000414c9000 	/System/Library/Frameworks/CoreServices.framework/Versions/A/Frameworks/SearchKit.framework/Versions/A/SearchKit
0x00000000414c9000 	/System/Library/Frameworks/CoreServices.framework/Versions/A/Frameworks/AE.framework/Versions/A/AE
0x00000000414c9000 	/System/Library/Frameworks/CoreServices.framework/Versions/A/Frameworks/LaunchServices.framework/Versions/A/LaunchServices
0x00000000414c9000 	/System/Library/Frameworks/CoreServices.framework/Versions/A/Frameworks/DictionaryServices.framework/Versions/A/DictionaryServices
0x00000000414c9000 	/System/Library/Frameworks/CoreServices.framework/Versions/A/Frameworks/SharedFileList.framework/Versions/A/SharedFileList
0x00000000414c9000 	/System/Library/Frameworks/NetFS.framework/Versions/A/NetFS
0x00000000414c9000 	/System/Library/PrivateFrameworks/NetAuth.framework/Versions/A/NetAuth
0x00000000414c9000 	/System/Library/PrivateFrameworks/login.framework/Versions/A/Frameworks/loginsupport.framework/Versions/A/loginsupport
0x00000000414c9000 	/System/Library/PrivateFrameworks/TCC.framework/Versions/A/TCC
0x00000000414c9000 	/usr/lib/libmecabra.dylib
0x00000000414c9000 	/System/Library/Frameworks/ApplicationServices.framework/Versions/A/Frameworks/ATS.framework/Versions/A/ATS
0x00000000414c9000 	/System/Library/Frameworks/ApplicationServices.framework/Versions/A/Frameworks/ColorSync.framework/Versions/A/ColorSync
0x00000000414c9000 	/System/Library/Frameworks/ApplicationServices.framework/Versions/A/Frameworks/HIServices.framework/Versions/A/HIServices
0x00000000414c9000 	/System/Library/Frameworks/ApplicationServices.framework/Versions/A/Frameworks/LangAnalysis.framework/Versions/A/LangAnalysis
0x00000000414c9000 	/System/Library/Frameworks/ApplicationServices.framework/Versions/A/Frameworks/PrintCore.framework/Versions/A/PrintCore
0x00000000414c9000 	/System/Library/Frameworks/ApplicationServices.framework/Versions/A/Frameworks/QD.framework/Versions/A/QD
0x00000000414c9000 	/System/Library/Frameworks/ApplicationServices.framework/Versions/A/Frameworks/SpeechSynthesis.framework/Versions/A/SpeechSynthesis
0x00000000414c9000 	/System/Library/Frameworks/Accelerate.framework/Versions/A/Frameworks/vImage.framework/Versions/A/vImage
0x00000000414c9000 	/System/Library/Frameworks/Accelerate.framework/Versions/A/Frameworks/vecLib.framework/Versions/A/vecLib
0x00000000414c9000 	/System/Library/Frameworks/Accelerate.framework/Versions/A/Frameworks/vecLib.framework/Versions/A/libvDSP.dylib
0x00000000414c9000 	/System/Library/Frameworks/Accelerate.framework/Versions/A/Frameworks/vecLib.framework/Versions/A/libBNNS.dylib
0x00000000414c9000 	/System/Library/Frameworks/Accelerate.framework/Versions/A/Frameworks/vecLib.framework/Versions/A/libQuadrature.dylib
0x00000000414c9000 	/System/Library/Frameworks/Accelerate.framework/Versions/A/Frameworks/vecLib.framework/Versions/A/libvMisc.dylib
0x00000000414c9000 	/System/Library/Frameworks/Accelerate.framework/Versions/A/Frameworks/vecLib.framework/Versions/A/libLAPACK.dylib
0x00000000414c9000 	/System/Library/Frameworks/Accelerate.framework/Versions/A/Frameworks/vecLib.framework/Versions/A/libBLAS.dylib
0x00000000414c9000 	/System/Library/Frameworks/Accelerate.framework/Versions/A/Frameworks/vecLib.framework/Versions/A/libLinearAlgebra.dylib
0x00000000414c9000 	/System/Library/Frameworks/Accelerate.framework/Versions/A/Frameworks/vecLib.framework/Versions/A/libSparseBLAS.dylib
0x00000000414c9000 	/System/Library/Frameworks/ApplicationServices.framework/Versions/A/Frameworks/ATS.framework/Versions/A/Resources/libFontParser.dylib
0x00000000414c9000 	/System/Library/Frameworks/ApplicationServices.framework/Versions/A/Frameworks/ATS.framework/Versions/A/Resources/libFontRegistry.dylib
0x00000000414c9000 	/System/Library/Frameworks/ImageIO.framework/Versions/A/Resources/libJPEG.dylib
0x00000000414c9000 	/System/Library/Frameworks/ImageIO.framework/Versions/A/Resources/libTIFF.dylib
0x00000000414c9000 	/System/Library/Frameworks/ImageIO.framework/Versions/A/Resources/libPng.dylib
0x00000000414c9000 	/System/Library/Frameworks/ImageIO.framework/Versions/A/Resources/libGIF.dylib
0x00000000414c9000 	/System/Library/Frameworks/ImageIO.framework/Versions/A/Resources/libJP2.dylib
0x00000000414c9000 	/System/Library/Frameworks/ImageIO.framework/Versions/A/Resources/libRadiance.dylib
0x00000000414c9000 	/usr/lib/libcompression.dylib
0x00000000414c9000 	/System/Library/PrivateFrameworks/AppleJPEG.framework/Versions/A/AppleJPEG
0x00000000414c9000 	/usr/lib/libcups.2.dylib
0x00000000414c9000 	/System/Library/Frameworks/Kerberos.framework/Versions/A/Kerberos
0x00000000414c9000 	/System/Library/Frameworks/GSS.framework/Versions/A/GSS
0x00000000414c9000 	/usr/lib/libresolv.9.dylib
0x00000000414c9000 	/usr/lib/libiconv.2.dylib
0x00000000414c9000 	/System/Library/PrivateFrameworks/Heimdal.framework/Versions/A/Heimdal
0x00000000414c9000 	/usr/lib/libheimdal-asn1.dylib
0x00000000414c9000 	/System/Library/Frameworks/OpenDirectory.framework/Versions/A/OpenDirectory
0x00000000414c9000 	/System/Library/PrivateFrameworks/CommonAuth.framework/Versions/A/CommonAuth
0x00000000414c9000 	/System/Library/Frameworks/OpenDirectory.framework/Versions/A/Frameworks/CFOpenDirectory.framework/Versions/A/CFOpenDirectory
0x00000000414c9000 	/System/Library/Frameworks/SecurityFoundation.framework/Versions/A/SecurityFoundation
0x00000000414c9000 	/System/Library/PrivateFrameworks/LanguageModeling.framework/Versions/A/LanguageModeling
0x00000000414c9000 	/usr/lib/libmarisa.dylib
0x00000000414c9000 	/usr/lib/libChineseTokenizer.dylib
0x00000000414c9000 	/usr/lib/libcmph.dylib
0x00000000414c9000 	/System/Library/PrivateFrameworks/CoreEmoji.framework/Versions/A/CoreEmoji
0x00000000414c9000 	/System/Library/Frameworks/ServiceManagement.framework/Versions/A/ServiceManagement
0x00000000414c9000 	/usr/lib/libxslt.1.dylib
0x00000000414c9000 	/System/Library/Frameworks/Carbon.framework/Versions/A/Frameworks/Ink.framework/Versions/A/Ink
0x00000000414c9000 	/System/Library/PrivateFrameworks/TextureIO.framework/Versions/A/TextureIO
0x00000000414c9000 	/System/Library/Frameworks/Metal.framework/Versions/A/Metal
0x00000000414c9000 	/usr/lib/libate.dylib
0x00000000414c9000 	/System/Library/PrivateFrameworks/GPUCompiler.framework/libmetal_timestamp.dylib
0x00000000414c9000 	/System/Library/Frameworks/OpenGL.framework/Versions/A/Libraries/libCoreFSCache.dylib
0x00000000414c9000 	/System/Library/PrivateFrameworks/IOAccelerator.framework/Versions/A/IOAccelerator
0x00000000414c9000 	/System/Library/Frameworks/CoreVideo.framework/Versions/A/CoreVideo
0x00000000414c9000 	/usr/lib/libFosl_dynamic.dylib
0x00000000414c9000 	/System/Library/PrivateFrameworks/MetalPerformanceShaders.framework/Versions/A/MetalPerformanceShaders
0x00000000414c9000 	/System/Library/PrivateFrameworks/FaceCore.framework/Versions/A/FaceCore
0x00000000414c9000 	/System/Library/Frameworks/OpenCL.framework/Versions/A/OpenCL
0x00000000414c9000 	/System/Library/Frameworks/OpenGL.framework/Versions/A/Libraries/libGLU.dylib
0x00000000414c9000 	/System/Library/Frameworks/OpenGL.framework/Versions/A/Libraries/libGFXShared.dylib
0x00000000414c9000 	/System/Library/Frameworks/OpenGL.framework/Versions/A/Libraries/libGL.dylib
0x00000000414c9000 	/System/Library/Frameworks/OpenGL.framework/Versions/A/Libraries/libGLImage.dylib
0x00000000414c9000 	/System/Library/Frameworks/OpenGL.framework/Versions/A/Libraries/libCVMSPluginSupport.dylib
0x00000000414c9000 	/System/Library/Frameworks/OpenGL.framework/Versions/A/Libraries/libCoreVMClient.dylib
0x00000000414c9000 	/System/Library/PrivateFrameworks/CrashReporterSupport.framework/Versions/A/CrashReporterSupport
0x00000000414c9000 	/System/Library/PrivateFrameworks/Sharing.framework/Versions/A/Sharing
0x00000000414c9000 	/System/Library/PrivateFrameworks/IconServices.framework/Versions/A/IconServices
0x00000000414c9000 	/System/Library/PrivateFrameworks/ProtocolBuffer.framework/Versions/A/ProtocolBuffer
0x00000000414c9000 	/System/Library/PrivateFrameworks/Apple80211.framework/Versions/A/Apple80211
0x00000000414c9000 	/System/Library/Frameworks/CoreWLAN.framework/Versions/A/CoreWLAN
0x00000000414c9000 	/System/Library/PrivateFrameworks/CoreUtils.framework/Versions/A/CoreUtils
0x00000000414c9000 	/System/Library/Frameworks/IOBluetooth.framework/Versions/A/IOBluetooth
0x00000000414c9000 	/System/Library/PrivateFrameworks/CoreWiFi.framework/Versions/A/CoreWiFi
0x00000000414c9000 	/System/Library/Frameworks/CoreBluetooth.framework/Versions/A/CoreBluetooth
0x00000000414c9000 	/System/Library/Frameworks/CoreDisplay.framework/Versions/A/CoreDisplay
0x00000000414c9000 	/System/Library/PrivateFrameworks/IOPresentment.framework/Versions/A/IOPresentment
0x00000000414c9000 	/System/Library/PrivateFrameworks/DebugSymbols.framework/Versions/A/DebugSymbols
0x00000000414c9000 	/System/Library/PrivateFrameworks/CoreSymbolication.framework/Versions/A/CoreSymbolication
0x00000000414c9000 	/System/Library/PrivateFrameworks/Symbolication.framework/Versions/A/Symbolication
0x00000000414c9000 	/System/Library/PrivateFrameworks/AppleFSCompression.framework/Versions/A/AppleFSCompression
0x00000000414c9000 	/System/Library/PrivateFrameworks/SpeechRecognitionCore.framework/Versions/A/SpeechRecognitionCore
0x00000000414c9000 	/System/Library/PrivateFrameworks/ChunkingLibrary.framework/Versions/A/ChunkingLibrary
0x000000010f800000 	/Library/Java/JavaVirtualMachines/jdk1.8.0_65.jdk/Contents/Home/jre/lib/server/libjvm.dylib
0x00000000414c9000 	/usr/lib/libstdc++.6.dylib
0x000000010e6c2000 	/Library/Java/JavaVirtualMachines/jdk1.8.0_65.jdk/Contents/Home/jre/lib/libverify.dylib
0x000000010e6d0000 	/Library/Java/JavaVirtualMachines/jdk1.8.0_65.jdk/Contents/Home/jre/lib/libjava.dylib
0x000000010e70f000 	/Library/Java/JavaVirtualMachines/jdk1.8.0_65.jdk/Contents/Home/jre/lib/libzip.dylib
0x000000011476b000 	/System/Library/Frameworks/JavaVM.framework/Frameworks/JavaRuntimeSupport.framework/JavaRuntimeSupport
0x0000000114785000 	/System/Library/Frameworks/JavaVM.framework/Versions/A/Frameworks/JavaNativeFoundation.framework/Versions/A/JavaNativeFoundation
0x000000010e7ec000 	/System/Library/Frameworks/JavaVM.framework/Versions/A/JavaVM
0x00000000414c9000 	/System/Library/Frameworks/Carbon.framework/Versions/A/Carbon
0x000000011479a000 	/System/Library/PrivateFrameworks/JavaLaunching.framework/Versions/A/JavaLaunching
0x00000000414c9000 	/System/Library/Frameworks/Carbon.framework/Versions/A/Frameworks/CommonPanels.framework/Versions/A/CommonPanels
0x00000000414c9000 	/System/Library/Frameworks/Carbon.framework/Versions/A/Frameworks/Help.framework/Versions/A/Help
0x00000000414c9000 	/System/Library/Frameworks/Carbon.framework/Versions/A/Frameworks/ImageCapture.framework/Versions/A/ImageCapture
0x00000000414c9000 	/System/Library/Frameworks/Carbon.framework/Versions/A/Frameworks/OpenScripting.framework/Versions/A/OpenScripting
0x00000000414c9000 	/System/Library/Frameworks/Carbon.framework/Versions/A/Frameworks/Print.framework/Versions/A/Print
0x00000000414c9000 	/System/Library/Frameworks/Carbon.framework/Versions/A/Frameworks/SecurityHI.framework/Versions/A/SecurityHI
0x0000000114b20000 	/Applications/IntelliJ IDEA.app/Contents/bin/libbreakgen64.jnilib
0x0000000114b23000 	/Library/Java/JavaVirtualMachines/jdk1.8.0_65.jdk/Contents/Home/jre/lib/libnet.dylib
0x00000001151fa000 	/Library/Java/JavaVirtualMachines/jdk1.8.0_65.jdk/Contents/Home/jre/lib/libmanagement.dylib
0x0000000114cfe000 	/Library/Java/JavaVirtualMachines/jdk1.8.0_65.jdk/Contents/Home/jre/lib/libnio.dylib
0x0000000114bc4000 	/Users/sophatvathana/Desktop/Project/ipcam/IPCAM-VIDEO-STREAMING-API/native/mac/x86_64/strmrecv.dylib
0x0000000114d74000 	/Users/sophatvathana/Desktop/Project/ipcam/IPCAM-VIDEO-STREAMING-API/native/mac/x86_64/libavutil.55.dylib
0x00000000414c9000 	/System/Library/Frameworks/AVFoundation.framework/Versions/A/AVFoundation
0x00000000414c9000 	/System/Library/Frameworks/CoreMedia.framework/Versions/A/CoreMedia
0x00000000414c9000 	/System/Library/Frameworks/VideoToolbox.framework/Versions/A/VideoToolbox
0x0000000114c21000 	/System/Library/Frameworks/VideoDecodeAcceleration.framework/Versions/A/VideoDecodeAcceleration
0x00000000414c9000 	/System/Library/Frameworks/AVFoundation.framework/Versions/A/Frameworks/AVFAudio.framework/Versions/A/AVFAudio
0x00000000414c9000 	/System/Library/Frameworks/MediaToolbox.framework/Versions/A/MediaToolbox
0x00000000414c9000 	/System/Library/PrivateFrameworks/IntlPreferences.framework/Versions/A/IntlPreferences
0x00000000414c9000 	/System/Library/Frameworks/CoreMediaIO.framework/Versions/A/CoreMediaIO
0x00000000414c9000 	/usr/lib/libspindump.dylib
0x00000000414c9000 	/usr/lib/libdscsym.dylib
0x00000000414c9000 	/System/Library/PrivateFrameworks/CoreAVCHD.framework/Versions/A/CoreAVCHD
0x00000000414c9000 	/System/Library/Frameworks/MediaAccessibility.framework/Versions/A/MediaAccessibility
0x00000000414c9000 	/System/Library/PrivateFrameworks/Mangrove.framework/Versions/A/Mangrove
0x00000000414c9000 	/System/Library/PrivateFrameworks/CoreAUC.framework/Versions/A/CoreAUC
0x00000000414c9000 	/System/Library/PrivateFrameworks/AppleVA.framework/Versions/A/AppleVA
0x00000000414c9000 	/System/Library/PrivateFrameworks/XPCService.framework/Versions/A/XPCService
0x00000000414c9000 	/System/Library/PrivateFrameworks/AppSandbox.framework/Versions/A/AppSandbox
0x00000000414c9000 	/usr/lib/libsandbox.1.dylib
0x00000000414c9000 	/System/Library/PrivateFrameworks/AppContainer.framework/Versions/A/AppContainer
0x00000000414c9000 	/System/Library/PrivateFrameworks/SecCodeWrapper.framework/Versions/A/SecCodeWrapper
0x00000000414c9000 	/usr/lib/libMatch.1.dylib
0x0000000114c27000 	/Users/sophatvathana/Desktop/Project/ipcam/IPCAM-VIDEO-STREAMING-API/native/mac/x86_64/libswresample.2.dylib
0x000000012f4bf000 	/Users/sophatvathana/Desktop/Project/ipcam/IPCAM-VIDEO-STREAMING-API/native/mac/x86_64/libavcodec.57.dylib
0x00000001170e3000 	/Users/sophatvathana/Desktop/Project/ipcam/IPCAM-VIDEO-STREAMING-API/native/mac/x86_64/libavformat.57.dylib

VM Arguments:
jvm_args: -Dspring.output.ansi.enabled=always -Didea.launcher.port=7539 -Didea.launcher.bin.path=/Applications/IntelliJ IDEA.app/Contents/bin -Dfile.encoding=UTF-8 
java_command: com.intellij.rt.execution.application.AppMain kh.com.kshrd.ipcam.IpcamVideoStreamingApiApplication
java_class_path (initial): /Library/Java/JavaVirtualMachines/jdk1.8.0_65.jdk/Contents/Home/jre/lib/charsets.jar:/Library/Java/JavaVirtualMachines/jdk1.8.0_65.jdk/Contents/Home/jre/lib/deploy.jar:/Library/Java/JavaVirtualMachines/jdk1.8.0_65.jdk/Contents/Home/jre/lib/ext/cldrdata.jar:/Library/Java/JavaVirtualMachines/jdk1.8.0_65.jdk/Contents/Home/jre/lib/ext/dnsns.jar:/Library/Java/JavaVirtualMachines/jdk1.8.0_65.jdk/Contents/Home/jre/lib/ext/jaccess.jar:/Library/Java/JavaVirtualMachines/jdk1.8.0_65.jdk/Contents/Home/jre/lib/ext/jfxrt.jar:/Library/Java/JavaVirtualMachines/jdk1.8.0_65.jdk/Contents/Home/jre/lib/ext/localedata.jar:/Library/Java/JavaVirtualMachines/jdk1.8.0_65.jdk/Contents/Home/jre/lib/ext/nashorn.jar:/Library/Java/JavaVirtualMachines/jdk1.8.0_65.jdk/Contents/Home/jre/lib/ext/sunec.jar:/Library/Java/JavaVirtualMachines/jdk1.8.0_65.jdk/Contents/Home/jre/lib/ext/sunjce_provider.jar:/Library/Java/JavaVirtualMachines/jdk1.8.0_65.jdk/Contents/Home/jre/lib/ext/sunpkcs11.jar:/Library/Java/JavaVirtualMachines/jdk1.8.0_65.jdk/Contents/Home/jre/lib/ext/zipfs.jar:/Library/Java/JavaVirtualMachines/jdk1.8.0_65.jdk/Contents/Home/jre/lib/javaws.jar:/Library/Java/JavaVirtualMachines/jdk1.8.0_65.jdk/Contents/Home/jre/lib/jce.jar:/Library/Java/JavaVirtualMachines/jdk1.8.0_65.jdk/Contents/Home/jre/lib/jfr.jar:/Library/Java/JavaVirtualMachines/jdk1.8.0_65.jdk/Contents/Home/jre/lib/jfxswt.jar:/Library/Java/JavaVirtualMachines/jdk1.8.0_65.jdk/Contents/Home/jre/lib/jsse.jar:/Library/Java/JavaVirtualMachines/jdk1.8.0_65.jdk/Contents/Home/jre/lib/management-agent.jar:/Library/Java/JavaVirtualMachines/jdk1.8.0_65.jdk/Contents/Home/jre/lib/plugin.jar:/Library/Java/JavaVirtualMachines/jdk1.8.0_65.jdk/Contents/Home/jre/lib/resources.jar:/Library/Java/JavaVirtualMachines/jdk1.8.0_65.jdk/Contents/Home/jre/lib/rt.jar:/Library/Java/JavaVirtualMachines/jdk1.8.0_65.jdk/Contents/Home/lib/dt.jar:/Library/Java/JavaVirtualMachines/jdk1.8.0_65.jdk/Contents/Home/lib/javafx-mx.jar:/Library/Jav
Launcher Type: SUN_STANDARD

Environment Variables:
PATH=/Library/Frameworks/Python.framework/Versions/3.5/bin:/usr/local/bin:/usr/bin:/bin:/usr/sbin:/sbin
SHELL=/bin/zsh

Signal Handlers:
SIGSEGV: [libjvm.dylib+0x5a6d31], sa_mask[0]=11111111011111110111111111111111, sa_flags=SA_ONSTACK|SA_RESTART|SA_SIGINFO
SIGBUS: [libjvm.dylib+0x5a6d31], sa_mask[0]=11111111011111110111111111111111, sa_flags=SA_RESTART|SA_SIGINFO
SIGFPE: [libjvm.dylib+0x480a40], sa_mask[0]=11111111011111110111111111111111, sa_flags=SA_RESTART|SA_SIGINFO
SIGPIPE: [libjvm.dylib+0x480a40], sa_mask[0]=11111111011111110111111111111111, sa_flags=SA_RESTART|SA_SIGINFO
SIGXFSZ: [libjvm.dylib+0x480a40], sa_mask[0]=11111111011111110111111111111111, sa_flags=SA_RESTART|SA_SIGINFO
SIGILL: [libjvm.dylib+0x480a40], sa_mask[0]=11111111011111110111111111111111, sa_flags=SA_RESTART|SA_SIGINFO
SIGUSR1: SIG_DFL, sa_mask[0]=00000000000000000000000000000000, sa_flags=none
SIGUSR2: [libjvm.dylib+0x48055e], sa_mask[0]=00100000000000000000000000000000, sa_flags=SA_RESTART|SA_SIGINFO
SIGHUP: [libjvm.dylib+0x47eb35], sa_mask[0]=11111111011111110111111111111111, sa_flags=SA_RESTART|SA_SIGINFO
SIGINT: [libjvm.dylib+0x47eb35], sa_mask[0]=11111111011111110111111111111111, sa_flags=SA_RESTART|SA_SIGINFO
SIGTERM: [libjvm.dylib+0x47eb35], sa_mask[0]=11111111011111110111111111111111, sa_flags=SA_RESTART|SA_SIGINFO
SIGQUIT: [libjvm.dylib+0x47eb35], sa_mask[0]=11111111011111110111111111111111, sa_flags=SA_RESTART|SA_SIGINFO


---------------  S Y S T E M  ---------------

OS:Bsduname:Darwin 16.3.0 Darwin Kernel Version 16.3.0: Thu Nov 17 20:23:58 PST 2016; root:xnu-3789.31.2~1/RELEASE_X86_64 x86_64
rlimit: STACK 8192k, CORE 0k, NPROC 709, NOFILE 10240, AS infinity
load average:2.80 2.48 2.27

CPU:total 8 (4 cores per cpu, 2 threads per core) family 6 model 70 stepping 1, cmov, cx8, fxsr, mmx, sse, sse2, sse3, ssse3, sse4.1, sse4.2, popcnt, avx, avx2, aes, clmul, erms, lzcnt, ht, tsc, tscinvbit, bmi1, bmi2

Memory: 4k page, physical 16777216k(3793944k free)

/proc/meminfo:


vm_info: Java HotSpot(TM) 64-Bit Server VM (25.65-b01) for bsd-amd64 JRE (1.8.0_65-b17), built on Oct  6 2015 15:36:46 by "java_re" with gcc 4.2.1 (Based on Apple Inc. build 5658) (LLVM build 2336.11.00)

time: Mon Dec 26 13:15:12 2016
elapsed time: 90 seconds (0d 0h 1m 30s)

