#
# A fatal error has been detected by the Java Runtime Environment:
#
#  SIGSEGV (0xb) at pc=0x000000010ff9f751, pid=13469, tid=25347
#
# JRE version: Java(TM) SE Runtime Environment (8.0_65-b17) (build 1.8.0_65-b17)
# Java VM: Java HotSpot(TM) 64-Bit Server VM (25.65-b01 mixed mode bsd-amd64 compressed oops)
# Problematic frame:
# C  [libavutil.55.dylib+0x19751]  av_freep+0x1
#
# Failed to write core dump. Core dumps have been disabled. To enable core dumping, try "ulimit -c unlimited" before starting Java again
#
# If you would like to submit a bug report, please visit:
#   http://bugreport.java.com/bugreport/crash.jsp
# The crash happened outside the Java Virtual Machine in native code.
# See problematic frame for where to report the bug.
#

---------------  T H R E A D  ---------------

Current thread (0x00007fe63f878800):  JavaThread "Thread-2" [_thread_in_native, id=25347, stack(0x00007000091fb000,0x00007000092fb000)]

siginfo: si_signo: 11 (SIGSEGV), si_code: 0 (unknown), si_addr: 0x0000000000000000

Registers:
RAX=0x000000010f543500, RBX=0x0000000000000000, RCX=0x0000000000000000, RDX=0x00007fe63be00740
RSP=0x00007000092fa700, RBP=0x00007000092fa750, RSI=0x00007000092fa7e8, RDI=0x2f656d6f482f7374
R8 =0x0000000000000004, R9 =0x00000000000006d6, R10=0x0000000111dde100, R11=0x000000010ff9f750
R12=0x0000000000000000, R13=0x000000012901f6b8, R14=0x00007fe63be00778, R15=0x00007fe63be00748
RIP=0x000000010ff9f751, EFLAGS=0x0000000000010202, ERR=0x0000000000000000
  TRAPNO=0x000000000000000d

Top of Stack: (sp=0x00007000092fa700)
0x00007000092fa700:   000000010f543500 0000000129a6670c
0x00007000092fa710:   000000010f543500 00007fe63be00740
0x00007000092fa720:   0000000000000000 00007000092fa7e8
0x00007000092fa730:   00007fe63f878800 000000010f542f32
0x00007000092fa740:   000000012901f6b8 00007000092fa7e8
0x00007000092fa750:   00007000092fa7b8 0000000111e3f954
0x00007000092fa760:   00007000092fa7b8 0000000111e3f6e7
0x00007000092fa770:   0000000111e3f6a2 00007000092fa778
0x00007000092fa780:   000000012901f6b8 00007000092fa7e8
0x00007000092fa790:   0000000129021758 0000000000000000
0x00007000092fa7a0:   000000012901f6b8 0000000000000000
0x00007000092fa7b0:   00007000092fa7d8 00007000092fa830
0x00007000092fa7c0:   0000000111e31c4d 0000000000000000
0x00007000092fa7d0:   0000000111e39578 00007fe63be00740
0x00007000092fa7e0:   000000076f259630 000000076f259630
0x00007000092fa7f0:   00007000092fa7f0 000000012901f9c6
0x00007000092fa800:   00007000092fa840 0000000129021758
0x00007000092fa810:   0000000000000000 000000012901f9e8
0x00007000092fa820:   00007000092fa7d8 00007000092fa840
0x00007000092fa830:   00007000092fa888 0000000111e31c4d
0x00007000092fa840:   000000076f259630 00007000092fa848
0x00007000092fa850:   000000012901f901 00007000092fa898
0x00007000092fa860:   0000000129021758 0000000000000000
0x00007000092fa870:   000000012901f930 00007000092fa840
0x00007000092fa880:   00007000092fa898 00007000092fa8e0
0x00007000092fa890:   0000000111e31c4d 000000076f259630
0x00007000092fa8a0:   00007000092fa8a0 00000001119cf8ed
0x00007000092fa8b0:   00007000092fa910 000000012901d280
0x00007000092fa8c0:   0000000000000000 00000001119cfa60
0x00007000092fa8d0:   00007000092fa898 00007000092fa910
0x00007000092fa8e0:   00007000092fa958 0000000111e31c92
0x00007000092fa8f0:   0000000000000000 0000000000000000 

Instructions: (pc=0x000000010ff9f751)
0x000000010ff9f731:   00 00 00 e8 6f a9 01 00 b8 f4 ff ff ff 48 83 c4
0x000000010ff9f741:   10 5b c3 66 66 66 2e 0f 1f 84 00 00 00 00 00 50
0x000000010ff9f751:   48 8b 07 48 c7 04 24 00 00 00 00 48 c7 07 00 00
0x000000010ff9f761:   00 00 48 89 c7 e8 3d a9 01 00 58 c3 0f 1f 00 48 

Register to memory mapping:

RAX=0x000000010f543500: Java_kh_com_kshrd_core_RtspStream_openRtspInternal+0x90 in /Users/sophatvathana/Desktop/ipcam/IPCAM-VIDEO-STREAMING-API/native/mac/x86_64/strmrecv.dylib at 0x000000010f541000
RBX=0x0000000000000000 is an unknown value
RCX=0x0000000000000000 is an unknown value
RDX=0x00007fe63be00740 is an unknown value
RSP=0x00007000092fa700 is pointing into the stack for thread: 0x00007fe63f878800
RBP=0x00007000092fa750 is pointing into the stack for thread: 0x00007fe63f878800
RSI=0x00007000092fa7e8 is pointing into the stack for thread: 0x00007fe63f878800
RDI=0x2f656d6f482f7374 is an unknown value
R8 =0x0000000000000004 is an unknown value
R9 =0x00000000000006d6 is an unknown value
R10=0x0000000111dde100 is an unknown value
R11=0x000000010ff9f750: av_freep+0 in /Users/sophatvathana/Desktop/ipcam/IPCAM-VIDEO-STREAMING-API/native/mac/x86_64/libavutil.55.dylib at 0x000000010ff86000
R12=0x0000000000000000 is an unknown value
R13={method} {0x000000012901f6b8} 'releaseContextInternal' '(J)V' in 'kh/com/kshrd/core/RtspStream'
R14=0x00007fe63be00778 is an unknown value
R15=0x00007fe63be00748 is an unknown value


Stack: [0x00007000091fb000,0x00007000092fb000],  sp=0x00007000092fa700,  free space=1021k
Native frames: (J=compiled Java code, j=interpreted, Vv=VM code, C=native code)
C  [libavutil.55.dylib+0x19751]  av_freep+0x1
j  kh.com.kshrd.core.RtspStream.releaseContextInternal(J)V+0
j  kh.com.kshrd.core.RtspStream.release()V+14
j  kh.com.kshrd.core.RtspStream.initialize()V+1
j  kh.com.kshrd.core.RtspCamera.run()V+269
j  java.lang.Thread.run()V+11
v  ~StubRoutines::call_stub
V  [libjvm.dylib+0x2eab02]  JavaCalls::call_helper(JavaValue*, methodHandle*, JavaCallArguments*, Thread*)+0x6ae
V  [libjvm.dylib+0x2eb290]  JavaCalls::call_virtual(JavaValue*, KlassHandle, Symbol*, Symbol*, JavaCallArguments*, Thread*)+0x164
V  [libjvm.dylib+0x2eb43c]  JavaCalls::call_virtual(JavaValue*, Handle, KlassHandle, Symbol*, Symbol*, Thread*)+0x4a
V  [libjvm.dylib+0x345959]  thread_entry(JavaThread*, Thread*)+0x7c
V  [libjvm.dylib+0x5612d3]  JavaThread::thread_main_inner()+0x9b
V  [libjvm.dylib+0x5629ce]  JavaThread::run()+0x1c2
V  [libjvm.dylib+0x48342e]  java_start(Thread*)+0xf6
C  [libsystem_pthread.dylib+0x3aab]  _pthread_body+0xb4
C  [libsystem_pthread.dylib+0x39f7]  _pthread_body+0x0
C  [libsystem_pthread.dylib+0x31fd]  thread_start+0xd
C  0x0000000000000000

Java frames: (J=compiled Java code, j=interpreted, Vv=VM code)
j  kh.com.kshrd.core.RtspStream.releaseContextInternal(J)V+0
j  kh.com.kshrd.core.RtspStream.release()V+14
j  kh.com.kshrd.core.RtspStream.initialize()V+1
j  kh.com.kshrd.core.RtspCamera.run()V+269
j  java.lang.Thread.run()V+11
v  ~StubRoutines::call_stub

---------------  P R O C E S S  ---------------

Java Threads: ( => current thread )
=>0x00007fe63f878800 JavaThread "Thread-2" [_thread_in_native, id=25347, stack(0x00007000091fb000,0x00007000092fb000)]
  0x00007fe63b304000 JavaThread "Thread-1" [_thread_in_native, id=24835, stack(0x00007000090f8000,0x00007000091f8000)]
  0x00007fe63c7f6000 JavaThread "container-0" [_thread_blocked, id=24323, stack(0x0000700008ff5000,0x00007000090f5000)]
  0x00007fe63aff6000 JavaThread "ContainerBackgroundProcessor[StandardEngine[Tomcat]]" daemon [_thread_blocked, id=23811, stack(0x0000700008ef2000,0x0000700008ff2000)]
  0x00007fe63d335800 JavaThread "localhost-startStop-1" daemon [_thread_blocked, id=23299, stack(0x0000700008def000,0x0000700008eef000)]
  0x00007fe63f084000 JavaThread "Tomcat-startStop-1" daemon [_thread_blocked, id=22791, stack(0x0000700008cec000,0x0000700008dec000)]
  0x00007fe63a0a8800 JavaThread "Monitor Ctrl-Break" daemon [_thread_in_native, id=22275, stack(0x0000700008be9000,0x0000700008ce9000)]
  0x00007fe63a058000 JavaThread "Service Thread" daemon [_thread_blocked, id=21251, stack(0x00007000089e3000,0x0000700008ae3000)]
  0x00007fe63a045000 JavaThread "C1 CompilerThread3" daemon [_thread_blocked, id=20739, stack(0x00007000088e0000,0x00007000089e0000)]
  0x00007fe63c052800 JavaThread "C2 CompilerThread2" daemon [_thread_in_native, id=20227, stack(0x00007000087dd000,0x00007000088dd000)]
  0x00007fe63a044000 JavaThread "C2 CompilerThread1" daemon [_thread_in_native, id=19715, stack(0x00007000086da000,0x00007000087da000)]
  0x00007fe63a02a800 JavaThread "C2 CompilerThread0" daemon [_thread_in_native, id=19203, stack(0x00007000085d7000,0x00007000086d7000)]
  0x00007fe63a029800 JavaThread "Signal Dispatcher" daemon [_thread_blocked, id=18691, stack(0x00007000084d4000,0x00007000085d4000)]
  0x00007fe63a01b000 JavaThread "Finalizer" daemon [_thread_blocked, id=14595, stack(0x00007000083d1000,0x00007000084d1000)]
  0x00007fe63a01a000 JavaThread "Reference Handler" daemon [_thread_blocked, id=14083, stack(0x00007000082ce000,0x00007000083ce000)]
  0x00007fe63a802000 JavaThread "main" [_thread_in_Java, id=7171, stack(0x00007000078b0000,0x00007000079b0000)]

Other Threads:
  0x00007fe63d003000 VMThread [stack: 0x00007000081cb000,0x00007000082cb000] [id=13571]
  0x00007fe63c07d800 WatcherThread [stack: 0x0000700008ae6000,0x0000700008be6000] [id=21763]

VM state:not at safepoint (normal execution)

VM Mutex/Monitor currently owned by a thread: None

Heap:
 PSYoungGen      total 205312K, used 145746K [0x000000076ab00000, 0x000000077c000000, 0x00000007c0000000)
  eden space 194560K, 69% used [0x000000076ab00000,0x0000000772eda168,0x0000000776900000)
  from space 10752K, 99% used [0x000000077b580000,0x000000077bffa798,0x000000077c000000)
  to   space 10752K, 0% used [0x000000077ab00000,0x000000077ab00000,0x000000077b580000)
 ParOldGen       total 114176K, used 22722K [0x00000006c0000000, 0x00000006c6f80000, 0x000000076ab00000)
  object space 114176K, 19% used [0x00000006c0000000,0x00000006c1630bf8,0x00000006c6f80000)
 Metaspace       used 32649K, capacity 33064K, committed 33152K, reserved 1079296K
  class space    used 4074K, capacity 4196K, committed 4224K, reserved 1048576K

Card table byte_map: [0x000000010b549000,0x000000010bd4a000] byte_map_base: 0x0000000107f49000

Marking Bits: (ParMarkBitMap*) 0x000000010aadee20
 Begin Bits: [0x0000000120e2a000, 0x0000000124e2a000)
 End Bits:   [0x0000000124e2a000, 0x0000000128e2a000)

Polling page: 0x00000001090c4000

CodeCache: size=245760Kb used=13703Kb max_used=13703Kb free=232056Kb
 bounds [0x0000000111e2a000, 0x0000000112b9a000, 0x0000000120e2a000]
 total_blobs=4037 nmethods=3630 adapters=320
 compilation: enabled

Compilation events (10 events):
Event: 4.438 Thread 0x00007fe63a045000 3718       3       sun.misc.ProxyGenerator::computeUniqueCatchList (163 bytes)
Event: 4.441 Thread 0x00007fe63a045000 nmethod 3718 0x0000000112b8a510 code [0x0000000112b8a860, 0x0000000112b8c548]
Event: 4.441 Thread 0x00007fe63a045000 3717       3       org.springframework.util.ReflectionUtils::isHashCodeMethod (30 bytes)
Event: 4.441 Thread 0x00007fe63a045000 nmethod 3717 0x0000000112b8d550 code [0x0000000112b8d700, 0x0000000112b8dcf8]
Event: 4.442 Thread 0x00007fe63a045000 3719       3       sun.misc.ProxyGenerator$FieldInfo::write (50 bytes)
Event: 4.443 Thread 0x00007fe63a045000 nmethod 3719 0x0000000112b8de90 code [0x0000000112b8e140, 0x0000000112b8f2d8]
Event: 4.443 Thread 0x00007fe63a045000 3716       3       sun.reflect.ClassFileAssembler::emitInt (46 bytes)
Event: 4.444 Thread 0x00007fe63a045000 nmethod 3716 0x0000000112b8fa90 code [0x0000000112b8fc60, 0x0000000112b90158]
Event: 4.444 Thread 0x00007fe63a045000 3715       3       sun.reflect.ClassFileAssembler::<init> (8 bytes)
Event: 4.445 Thread 0x00007fe63a045000 nmethod 3715 0x0000000112b904d0 code [0x0000000112b90660, 0x0000000112b90b10]

GC Heap History (10 events):
Event: 0.885 GC heap before
{Heap before GC invocations=1 (full 0):
 PSYoungGen      total 76288K, used 65536K [0x000000076ab00000, 0x0000000770000000, 0x00000007c0000000)
  eden space 65536K, 100% used [0x000000076ab00000,0x000000076eb00000,0x000000076eb00000)
  from space 10752K, 0% used [0x000000076f580000,0x000000076f580000,0x0000000770000000)
  to   space 10752K, 0% used [0x000000076eb00000,0x000000076eb00000,0x000000076f580000)
 ParOldGen       total 175104K, used 0K [0x00000006c0000000, 0x00000006cab00000, 0x000000076ab00000)
  object space 175104K, 0% used [0x00000006c0000000,0x00000006c0000000,0x00000006cab00000)
 Metaspace       used 12287K, capacity 12446K, committed 12544K, reserved 1060864K
  class space    used 1497K, capacity 1523K, committed 1536K, reserved 1048576K
Event: 0.900 GC heap after
Heap after GC invocations=1 (full 0):
 PSYoungGen      total 76288K, used 10747K [0x000000076ab00000, 0x0000000774000000, 0x00000007c0000000)
  eden space 65536K, 0% used [0x000000076ab00000,0x000000076ab00000,0x000000076eb00000)
  from space 10752K, 99% used [0x000000076eb00000,0x000000076f57efe8,0x000000076f580000)
  to   space 10752K, 0% used [0x0000000773580000,0x0000000773580000,0x0000000774000000)
 ParOldGen       total 175104K, used 423K [0x00000006c0000000, 0x00000006cab00000, 0x000000076ab00000)
  object space 175104K, 0% used [0x00000006c0000000,0x00000006c0069d68,0x00000006cab00000)
 Metaspace       used 12287K, capacity 12446K, committed 12544K, reserved 1060864K
  class space    used 1497K, capacity 1523K, committed 1536K, reserved 1048576K
}
Event: 1.615 GC heap before
{Heap before GC invocations=2 (full 0):
 PSYoungGen      total 76288K, used 76283K [0x000000076ab00000, 0x0000000774000000, 0x00000007c0000000)
  eden space 65536K, 100% used [0x000000076ab00000,0x000000076eb00000,0x000000076eb00000)
  from space 10752K, 99% used [0x000000076eb00000,0x000000076f57efe8,0x000000076f580000)
  to   space 10752K, 0% used [0x0000000773580000,0x0000000773580000,0x0000000774000000)
 ParOldGen       total 175104K, used 423K [0x00000006c0000000, 0x00000006cab00000, 0x000000076ab00000)
  object space 175104K, 0% used [0x00000006c0000000,0x00000006c0069d68,0x00000006cab00000)
 Metaspace       used 19582K, capacity 19850K, committed 19968K, reserved 1067008K
  class space    used 2390K, capacity 2480K, committed 2560K, reserved 1048576K
Event: 1.626 GC heap after
Heap after GC invocations=2 (full 0):
 PSYoungGen      total 141824K, used 10732K [0x000000076ab00000, 0x0000000774000000, 0x00000007c0000000)
  eden space 131072K, 0% used [0x000000076ab00000,0x000000076ab00000,0x0000000772b00000)
  from space 10752K, 99% used [0x0000000773580000,0x0000000773ffb268,0x0000000774000000)
  to   space 10752K, 0% used [0x0000000772b00000,0x0000000772b00000,0x0000000773580000)
 ParOldGen       total 175104K, used 2583K [0x00000006c0000000, 0x00000006cab00000, 0x000000076ab00000)
  object space 175104K, 1% used [0x00000006c0000000,0x00000006c0285c68,0x00000006cab00000)
 Metaspace       used 19582K, capacity 19850K, committed 19968K, reserved 1067008K
  class space    used 2390K, capacity 2480K, committed 2560K, reserved 1048576K
}
Event: 2.015 GC heap before
{Heap before GC invocations=3 (full 0):
 PSYoungGen      total 141824K, used 114517K [0x000000076ab00000, 0x0000000774000000, 0x00000007c0000000)
  eden space 131072K, 79% used [0x000000076ab00000,0x000000077105a238,0x0000000772b00000)
  from space 10752K, 99% used [0x0000000773580000,0x0000000773ffb268,0x0000000774000000)
  to   space 10752K, 0% used [0x0000000772b00000,0x0000000772b00000,0x0000000773580000)
 ParOldGen       total 175104K, used 2583K [0x00000006c0000000, 0x00000006cab00000, 0x000000076ab00000)
  object space 175104K, 1% used [0x00000006c0000000,0x00000006c0285c68,0x00000006cab00000)
 Metaspace       used 20943K, capacity 21230K, committed 21296K, reserved 1069056K
  class space    used 2571K, capacity 2678K, committed 2688K, reserved 1048576K
Event: 2.030 GC heap after
Heap after GC invocations=3 (full 0):
 PSYoungGen      total 141824K, used 10726K [0x000000076ab00000, 0x000000077c000000, 0x00000007c0000000)
  eden space 131072K, 0% used [0x000000076ab00000,0x000000076ab00000,0x0000000772b00000)
  from space 10752K, 99% used [0x0000000772b00000,0x0000000773579970,0x0000000773580000)
  to   space 10752K, 0% used [0x000000077b580000,0x000000077b580000,0x000000077c000000)
 ParOldGen       total 175104K, used 4458K [0x00000006c0000000, 0x00000006cab00000, 0x000000076ab00000)
  object space 175104K, 2% used [0x00000006c0000000,0x00000006c045a9a8,0x00000006cab00000)
 Metaspace       used 20943K, capacity 21230K, committed 21296K, reserved 1069056K
  class space    used 2571K, capacity 2678K, committed 2688K, reserved 1048576K
}
Event: 2.030 GC heap before
{Heap before GC invocations=4 (full 1):
 PSYoungGen      total 141824K, used 10726K [0x000000076ab00000, 0x000000077c000000, 0x00000007c0000000)
  eden space 131072K, 0% used [0x000000076ab00000,0x000000076ab00000,0x0000000772b00000)
  from space 10752K, 99% used [0x0000000772b00000,0x0000000773579970,0x0000000773580000)
  to   space 10752K, 0% used [0x000000077b580000,0x000000077b580000,0x000000077c000000)
 ParOldGen       total 175104K, used 4458K [0x00000006c0000000, 0x00000006cab00000, 0x000000076ab00000)
  object space 175104K, 2% used [0x00000006c0000000,0x00000006c045a9a8,0x00000006cab00000)
 Metaspace       used 20943K, capacity 21230K, committed 21296K, reserved 1069056K
  class space    used 2571K, capacity 2678K, committed 2688K, reserved 1048576K
Event: 2.075 GC heap after
Heap after GC invocations=4 (full 1):
 PSYoungGen      total 141824K, used 0K [0x000000076ab00000, 0x000000077c000000, 0x00000007c0000000)
  eden space 131072K, 0% used [0x000000076ab00000,0x000000076ab00000,0x0000000772b00000)
  from space 10752K, 0% used [0x0000000772b00000,0x0000000772b00000,0x0000000773580000)
  to   space 10752K, 0% used [0x000000077b580000,0x000000077b580000,0x000000077c000000)
 ParOldGen       total 114176K, used 12228K [0x00000006c0000000, 0x00000006c6f80000, 0x000000076ab00000)
  object space 114176K, 10% used [0x00000006c0000000,0x00000006c0bf1010,0x00000006c6f80000)
 Metaspace       used 20943K, capacity 21230K, committed 21296K, reserved 1069056K
  class space    used 2571K, capacity 2678K, committed 2688K, reserved 1048576K
}
Event: 3.190 GC heap before
{Heap before GC invocations=5 (full 1):
 PSYoungGen      total 141824K, used 131072K [0x000000076ab00000, 0x000000077c000000, 0x00000007c0000000)
  eden space 131072K, 100% used [0x000000076ab00000,0x0000000772b00000,0x0000000772b00000)
  from space 10752K, 0% used [0x0000000772b00000,0x0000000772b00000,0x0000000773580000)
  to   space 10752K, 0% used [0x000000077b580000,0x000000077b580000,0x000000077c000000)
 ParOldGen       total 114176K, used 12228K [0x00000006c0000000, 0x00000006c6f80000, 0x000000076ab00000)
  object space 114176K, 10% used [0x00000006c0000000,0x00000006c0bf1010,0x00000006c6f80000)
 Metaspace       used 27668K, capacity 28050K, committed 28416K, reserved 1075200K
  class space    used 3413K, capacity 3516K, committed 3584K, reserved 1048576K
Event: 3.210 GC heap after
Heap after GC invocations=5 (full 1):
 PSYoungGen      total 205312K, used 10729K [0x000000076ab00000, 0x000000077c000000, 0x00000007c0000000)
  eden space 194560K, 0% used [0x000000076ab00000,0x000000076ab00000,0x0000000776900000)
  from space 10752K, 99% used [0x000000077b580000,0x000000077bffa798,0x000000077c000000)
  to   space 10752K, 0% used [0x000000077ab00000,0x000000077ab00000,0x000000077b580000)
 ParOldGen       total 114176K, used 22722K [0x00000006c0000000, 0x00000006c6f80000, 0x000000076ab00000)
  object space 114176K, 19% used [0x00000006c0000000,0x00000006c1630bf8,0x00000006c6f80000)
 Metaspace       used 27668K, capacity 28050K, committed 28416K, reserved 1075200K
  class space    used 3413K, capacity 3516K, committed 3584K, reserved 1048576K
}

Deoptimization events (10 events):
Event: 3.750 Thread 0x00007fe63a802000 Uncommon trap: reason=bimorphic action=maybe_recompile pc=0x00000001122cb43c method=java.util.regex.Matcher.match(II)Z @ 86
Event: 3.751 Thread 0x00007fe63a802000 Uncommon trap: reason=bimorphic action=maybe_recompile pc=0x00000001122cb43c method=java.util.regex.Matcher.match(II)Z @ 86
Event: 3.757 Thread 0x00007fe63a802000 Uncommon trap: reason=unstable_if action=reinterpret pc=0x0000000111f5f40c method=java.net.URI.match(CJJ)Z @ 45
Event: 3.800 Thread 0x00007fe63a802000 Uncommon trap: reason=class_check action=maybe_recompile pc=0x00000001127d7b18 method=java.util.AbstractList$Itr.hasNext()Z @ 8
Event: 3.897 Thread 0x00007fe63a802000 Uncommon trap: reason=unstable_if action=reinterpret pc=0x0000000112a34e1c method=org.springframework.beans.factory.support.AbstractBeanFactory.isTypeMatch(Ljava/lang/String;Lorg/springframework/core/ResolvableType;)Z @ 313
Event: 4.051 Thread 0x00007fe63a802000 Uncommon trap: reason=class_check action=maybe_recompile pc=0x0000000112846458 method=java.lang.reflect.Array.newInstance(Ljava/lang/Class;I)Ljava/lang/Object; @ 2
Event: 4.052 Thread 0x00007fe63a802000 Uncommon trap: reason=class_check action=maybe_recompile pc=0x0000000112846458 method=java.lang.reflect.Array.newInstance(Ljava/lang/Class;I)Ljava/lang/Object; @ 2
Event: 4.075 Thread 0x00007fe63a802000 Uncommon trap: reason=unstable_if action=reinterpret pc=0x000000011274e614 method=java.util.concurrent.ConcurrentHashMap.putVal(Ljava/lang/Object;Ljava/lang/Object;Z)Ljava/lang/Object; @ 331
Event: 4.204 Thread 0x00007fe63a802000 Uncommon trap: reason=unstable_if action=reinterpret pc=0x0000000112a455a0 method=java.util.concurrent.ConcurrentHashMap.transfer([Ljava/util/concurrent/ConcurrentHashMap$Node;[Ljava/util/concurrent/ConcurrentHashMap$Node;)V @ 356
Event: 4.204 Thread 0x00007fe63a802000 Uncommon trap: reason=unstable_if action=reinterpret pc=0x00000001127534ac method=java.util.concurrent.ConcurrentHashMap.transfer([Ljava/util/concurrent/ConcurrentHashMap$Node;[Ljava/util/concurrent/ConcurrentHashMap$Node;)V @ 356

Internal exceptions (10 events):
Event: 4.394 Thread 0x00007fe63a802000 Exception <a 'java/lang/ClassNotFoundException': org/springframework/security/config/annotation/authentication/builders/AuthenticationManagerBuilderCustomizer> (0x000000077265a4b0) thrown at [/Users/java_re/workspace/8-2-build-macosx-x86_64/jdk8u65/4987/h
Event: 4.396 Thread 0x00007fe63a802000 Exception <a 'java/lang/ClassNotFoundException': org/springframework/security/config/annotation/authentication/ProviderManagerBuilderCustomizer> (0x00000007726a9d38) thrown at [/Users/java_re/workspace/8-2-build-macosx-x86_64/jdk8u65/4987/hotspot/src/shar
Event: 4.396 Thread 0x00007fe63a802000 Exception <a 'java/lang/ClassNotFoundException': org/springframework/security/config/annotation/SecurityBuilderCustomizer> (0x00000007726c6700) thrown at [/Users/java_re/workspace/8-2-build-macosx-x86_64/jdk8u65/4987/hotspot/src/share/vm/classfile/systemD
Event: 4.428 Thread 0x00007fe63a802000 Exception <a 'java/lang/ClassNotFoundException': java/lang/ObjectCustomizer> (0x000000077286ef90) thrown at [/Users/java_re/workspace/8-2-build-macosx-x86_64/jdk8u65/4987/hotspot/src/share/vm/classfile/systemDictionary.cpp, line 210]
Event: 4.428 Thread 0x00007fe63a802000 Exception <a 'java/lang/ClassNotFoundException': kh/com/kshrd/ipcam/controller/PluginControllerCustomizer> (0x0000000772889670) thrown at [/Users/java_re/workspace/8-2-build-macosx-x86_64/jdk8u65/4987/hotspot/src/share/vm/classfile/systemDictionary.cpp, l
Event: 4.430 Thread 0x00007fe63a802000 Exception <a 'java/lang/ClassNotFoundException': java/lang/ObjectCustomizer> (0x00000007728a59f0) thrown at [/Users/java_re/workspace/8-2-build-macosx-x86_64/jdk8u65/4987/hotspot/src/share/vm/classfile/systemDictionary.cpp, line 210]
Event: 4.431 Thread 0x00007fe63a802000 Exception <a 'java/lang/ClassNotFoundException': kh/com/kshrd/ipcam/service/impl/PluginServiceImplCustomizer> (0x00000007728c1150) thrown at [/Users/java_re/workspace/8-2-build-macosx-x86_64/jdk8u65/4987/hotspot/src/share/vm/classfile/systemDictionary.cpp
Event: 4.431 Thread 0x00007fe63a802000 Exception <a 'java/lang/ClassNotFoundException': kh/com/kshrd/ipcam/service/PluginServiceCustomizer> (0x00000007728dcbc8) thrown at [/Users/java_re/workspace/8-2-build-macosx-x86_64/jdk8u65/4987/hotspot/src/share/vm/classfile/systemDictionary.cpp, line 21
Event: 4.445 Thread 0x00007fe63a802000 Exception <a 'java/lang/ClassNotFoundException': java/lang/ObjectCustomizer> (0x00000007729cb0d0) thrown at [/Users/java_re/workspace/8-2-build-macosx-x86_64/jdk8u65/4987/hotspot/src/share/vm/classfile/systemDictionary.cpp, line 210]
Event: 4.445 Thread 0x00007fe63a802000 Exception <a 'java/lang/ClassNotFoundException': kh/com/kshrd/ipcam/controller/camera/IPCamCommandControllerCustomizer> (0x00000007729e8ff8) thrown at [/Users/java_re/workspace/8-2-build-macosx-x86_64/jdk8u65/4987/hotspot/src/share/vm/classfile/systemDict

Events (10 events):
Event: 4.444 loading class java/lang/ObjectCustomizer done
Event: 4.445 loading class kh/com/kshrd/ipcam/controller/camera/IPCamCommandControllerCustomizer
Event: 4.445 loading class kh/com/kshrd/ipcam/controller/camera/IPCamCommandControllerCustomizer done
Event: 4.445 loading class kh/com/kshrd/ipcam/controller/camera/IPCamCommandControllerCustomizer
Event: 4.445 loading class kh/com/kshrd/ipcam/controller/camera/IPCamCommandControllerCustomizer done
Event: 4.445 loading class kh/com/kshrd/ipcam/controller/camera/IPCamCommandControllerCustomizer
Event: 4.445 loading class kh/com/kshrd/ipcam/controller/camera/IPCamCommandControllerCustomizer done
Event: 4.448 Thread 0x00007fe63f878800 Thread added: 0x00007fe63f878800
Event: 4.450 loading class kh/com/kshrd/ipcam/respone/ResponseList
Event: 4.450 loading class kh/com/kshrd/ipcam/respone/ResponseList done


Dynamic libraries:
0x0000000000dda000 	/System/Library/Frameworks/Cocoa.framework/Versions/A/Cocoa
0x0000000000dda000 	/System/Library/Frameworks/Security.framework/Versions/A/Security
0x0000000000dda000 	/System/Library/Frameworks/ApplicationServices.framework/Versions/A/ApplicationServices
0x0000000000dda000 	/usr/lib/libz.1.dylib
0x0000000000dda000 	/usr/lib/libSystem.B.dylib
0x0000000000dda000 	/usr/lib/libobjc.A.dylib
0x0000000000dda000 	/System/Library/Frameworks/CoreFoundation.framework/Versions/A/CoreFoundation
0x0000000000dda000 	/System/Library/Frameworks/Foundation.framework/Versions/C/Foundation
0x0000000000dda000 	/System/Library/Frameworks/AppKit.framework/Versions/C/AppKit
0x0000000000dda000 	/System/Library/Frameworks/CoreData.framework/Versions/A/CoreData
0x0000000000dda000 	/System/Library/PrivateFrameworks/RemoteViewServices.framework/Versions/A/RemoteViewServices
0x0000000000dda000 	/System/Library/PrivateFrameworks/UIFoundation.framework/Versions/A/UIFoundation
0x0000000000dda000 	/System/Library/PrivateFrameworks/DFRFoundation.framework/Versions/A/DFRFoundation
0x0000000000dda000 	/usr/lib/libenergytrace.dylib
0x0000000000dda000 	/System/Library/PrivateFrameworks/SkyLight.framework/Versions/A/SkyLight
0x0000000000dda000 	/System/Library/Frameworks/CoreGraphics.framework/Versions/A/CoreGraphics
0x0000000000dda000 	/usr/lib/libScreenReader.dylib
0x0000000000dda000 	/System/Library/Frameworks/Accelerate.framework/Versions/A/Accelerate
0x0000000000dda000 	/System/Library/Frameworks/IOSurface.framework/Versions/A/IOSurface
0x0000000000dda000 	/System/Library/Frameworks/AudioToolbox.framework/Versions/A/AudioToolbox
0x0000000000dda000 	/System/Library/Frameworks/AudioUnit.framework/Versions/A/AudioUnit
0x0000000000dda000 	/System/Library/PrivateFrameworks/DataDetectorsCore.framework/Versions/A/DataDetectorsCore
0x0000000000dda000 	/System/Library/PrivateFrameworks/DesktopServicesPriv.framework/Versions/A/DesktopServicesPriv
0x0000000000dda000 	/System/Library/Frameworks/Carbon.framework/Versions/A/Frameworks/HIToolbox.framework/Versions/A/HIToolbox
0x0000000000dda000 	/usr/lib/libicucore.A.dylib
0x0000000000dda000 	/System/Library/Frameworks/QuartzCore.framework/Versions/A/QuartzCore
0x0000000000dda000 	/System/Library/Frameworks/Carbon.framework/Versions/A/Frameworks/SpeechRecognition.framework/Versions/A/SpeechRecognition
0x0000000000dda000 	/usr/lib/libauto.dylib
0x0000000000dda000 	/usr/lib/libxml2.2.dylib
0x0000000000dda000 	/System/Library/PrivateFrameworks/CoreUI.framework/Versions/A/CoreUI
0x0000000000dda000 	/System/Library/Frameworks/CoreAudio.framework/Versions/A/CoreAudio
0x0000000000dda000 	/System/Library/Frameworks/DiskArbitration.framework/Versions/A/DiskArbitration
0x0000000000dda000 	/usr/lib/liblangid.dylib
0x0000000000dda000 	/System/Library/PrivateFrameworks/MultitouchSupport.framework/Versions/A/MultitouchSupport
0x0000000000dda000 	/System/Library/Frameworks/IOKit.framework/Versions/A/IOKit
0x0000000000dda000 	/usr/lib/libDiagnosticMessagesClient.dylib
0x0000000000dda000 	/System/Library/Frameworks/CoreServices.framework/Versions/A/CoreServices
0x0000000000dda000 	/System/Library/PrivateFrameworks/PerformanceAnalysis.framework/Versions/A/PerformanceAnalysis
0x0000000000dda000 	/System/Library/PrivateFrameworks/GenerationalStorage.framework/Versions/A/GenerationalStorage
0x0000000000dda000 	/System/Library/Frameworks/OpenGL.framework/Versions/A/OpenGL
0x0000000000dda000 	/System/Library/Frameworks/CoreImage.framework/Versions/A/CoreImage
0x0000000000dda000 	/System/Library/Frameworks/CoreText.framework/Versions/A/CoreText
0x0000000000dda000 	/System/Library/Frameworks/ImageIO.framework/Versions/A/ImageIO
0x0000000000dda000 	/System/Library/PrivateFrameworks/Backup.framework/Versions/A/Backup
0x0000000000dda000 	/usr/lib/libarchive.2.dylib
0x0000000000dda000 	/System/Library/Frameworks/CFNetwork.framework/Versions/A/CFNetwork
0x0000000000dda000 	/System/Library/Frameworks/SystemConfiguration.framework/Versions/A/SystemConfiguration
0x0000000000dda000 	/usr/lib/libCRFSuite.dylib
0x0000000000dda000 	/usr/lib/libc++.1.dylib
0x0000000000dda000 	/usr/lib/libc++abi.dylib
0x0000000000dda000 	/usr/lib/system/libcache.dylib
0x0000000000dda000 	/usr/lib/system/libcommonCrypto.dylib
0x0000000000dda000 	/usr/lib/system/libcompiler_rt.dylib
0x0000000000dda000 	/usr/lib/system/libcopyfile.dylib
0x0000000000dda000 	/usr/lib/system/libcorecrypto.dylib
0x0000000000dda000 	/usr/lib/system/libdispatch.dylib
0x0000000000dda000 	/usr/lib/system/libdyld.dylib
0x0000000000dda000 	/usr/lib/system/libkeymgr.dylib
0x0000000000dda000 	/usr/lib/system/liblaunch.dylib
0x0000000000dda000 	/usr/lib/system/libmacho.dylib
0x0000000000dda000 	/usr/lib/system/libquarantine.dylib
0x0000000000dda000 	/usr/lib/system/libremovefile.dylib
0x0000000000dda000 	/usr/lib/system/libsystem_asl.dylib
0x0000000000dda000 	/usr/lib/system/libsystem_blocks.dylib
0x0000000000dda000 	/usr/lib/system/libsystem_c.dylib
0x0000000000dda000 	/usr/lib/system/libsystem_configuration.dylib
0x0000000000dda000 	/usr/lib/system/libsystem_coreservices.dylib
0x0000000000dda000 	/usr/lib/system/libsystem_coretls.dylib
0x0000000000dda000 	/usr/lib/system/libsystem_dnssd.dylib
0x0000000000dda000 	/usr/lib/system/libsystem_info.dylib
0x0000000000dda000 	/usr/lib/system/libsystem_kernel.dylib
0x0000000000dda000 	/usr/lib/system/libsystem_m.dylib
0x0000000000dda000 	/usr/lib/system/libsystem_malloc.dylib
0x0000000000dda000 	/usr/lib/system/libsystem_network.dylib
0x0000000000dda000 	/usr/lib/system/libsystem_networkextension.dylib
0x0000000000dda000 	/usr/lib/system/libsystem_notify.dylib
0x0000000000dda000 	/usr/lib/system/libsystem_platform.dylib
0x0000000000dda000 	/usr/lib/system/libsystem_pthread.dylib
0x0000000000dda000 	/usr/lib/system/libsystem_sandbox.dylib
0x0000000000dda000 	/usr/lib/system/libsystem_secinit.dylib
0x0000000000dda000 	/usr/lib/system/libsystem_symptoms.dylib
0x0000000000dda000 	/usr/lib/system/libsystem_trace.dylib
0x0000000000dda000 	/usr/lib/system/libunwind.dylib
0x0000000000dda000 	/usr/lib/system/libxpc.dylib
0x0000000000dda000 	/usr/lib/libbsm.0.dylib
0x0000000000dda000 	/usr/lib/system/libkxld.dylib
0x0000000000dda000 	/usr/lib/libcoretls.dylib
0x0000000000dda000 	/usr/lib/libcoretls_cfhelpers.dylib
0x0000000000dda000 	/usr/lib/libxar.1.dylib
0x0000000000dda000 	/usr/lib/libsqlite3.dylib
0x0000000000dda000 	/usr/lib/libpam.2.dylib
0x0000000000dda000 	/usr/lib/libOpenScriptingUtil.dylib
0x0000000000dda000 	/usr/lib/libbz2.1.0.dylib
0x0000000000dda000 	/usr/lib/liblzma.5.dylib
0x0000000000dda000 	/usr/lib/libnetwork.dylib
0x0000000000dda000 	/usr/lib/libpcap.A.dylib
0x0000000000dda000 	/System/Library/Frameworks/CoreServices.framework/Versions/A/Frameworks/FSEvents.framework/Versions/A/FSEvents
0x0000000000dda000 	/System/Library/Frameworks/CoreServices.framework/Versions/A/Frameworks/CarbonCore.framework/Versions/A/CarbonCore
0x0000000000dda000 	/System/Library/Frameworks/CoreServices.framework/Versions/A/Frameworks/Metadata.framework/Versions/A/Metadata
0x0000000000dda000 	/System/Library/Frameworks/CoreServices.framework/Versions/A/Frameworks/OSServices.framework/Versions/A/OSServices
0x0000000000dda000 	/System/Library/Frameworks/CoreServices.framework/Versions/A/Frameworks/SearchKit.framework/Versions/A/SearchKit
0x0000000000dda000 	/System/Library/Frameworks/CoreServices.framework/Versions/A/Frameworks/AE.framework/Versions/A/AE
0x0000000000dda000 	/System/Library/Frameworks/CoreServices.framework/Versions/A/Frameworks/LaunchServices.framework/Versions/A/LaunchServices
0x0000000000dda000 	/System/Library/Frameworks/CoreServices.framework/Versions/A/Frameworks/DictionaryServices.framework/Versions/A/DictionaryServices
0x0000000000dda000 	/System/Library/Frameworks/CoreServices.framework/Versions/A/Frameworks/SharedFileList.framework/Versions/A/SharedFileList
0x0000000000dda000 	/System/Library/Frameworks/NetFS.framework/Versions/A/NetFS
0x0000000000dda000 	/System/Library/PrivateFrameworks/NetAuth.framework/Versions/A/NetAuth
0x0000000000dda000 	/System/Library/PrivateFrameworks/login.framework/Versions/A/Frameworks/loginsupport.framework/Versions/A/loginsupport
0x0000000000dda000 	/System/Library/PrivateFrameworks/TCC.framework/Versions/A/TCC
0x0000000000dda000 	/usr/lib/libmecabra.dylib
0x0000000000dda000 	/System/Library/Frameworks/ApplicationServices.framework/Versions/A/Frameworks/ATS.framework/Versions/A/ATS
0x0000000000dda000 	/System/Library/Frameworks/ApplicationServices.framework/Versions/A/Frameworks/ColorSync.framework/Versions/A/ColorSync
0x0000000000dda000 	/System/Library/Frameworks/ApplicationServices.framework/Versions/A/Frameworks/HIServices.framework/Versions/A/HIServices
0x0000000000dda000 	/System/Library/Frameworks/ApplicationServices.framework/Versions/A/Frameworks/LangAnalysis.framework/Versions/A/LangAnalysis
0x0000000000dda000 	/System/Library/Frameworks/ApplicationServices.framework/Versions/A/Frameworks/PrintCore.framework/Versions/A/PrintCore
0x0000000000dda000 	/System/Library/Frameworks/ApplicationServices.framework/Versions/A/Frameworks/QD.framework/Versions/A/QD
0x0000000000dda000 	/System/Library/Frameworks/ApplicationServices.framework/Versions/A/Frameworks/SpeechSynthesis.framework/Versions/A/SpeechSynthesis
0x0000000000dda000 	/System/Library/Frameworks/Accelerate.framework/Versions/A/Frameworks/vImage.framework/Versions/A/vImage
0x0000000000dda000 	/System/Library/Frameworks/Accelerate.framework/Versions/A/Frameworks/vecLib.framework/Versions/A/vecLib
0x0000000000dda000 	/System/Library/Frameworks/Accelerate.framework/Versions/A/Frameworks/vecLib.framework/Versions/A/libvDSP.dylib
0x0000000000dda000 	/System/Library/Frameworks/Accelerate.framework/Versions/A/Frameworks/vecLib.framework/Versions/A/libBNNS.dylib
0x0000000000dda000 	/System/Library/Frameworks/Accelerate.framework/Versions/A/Frameworks/vecLib.framework/Versions/A/libQuadrature.dylib
0x0000000000dda000 	/System/Library/Frameworks/Accelerate.framework/Versions/A/Frameworks/vecLib.framework/Versions/A/libvMisc.dylib
0x0000000000dda000 	/System/Library/Frameworks/Accelerate.framework/Versions/A/Frameworks/vecLib.framework/Versions/A/libLAPACK.dylib
0x0000000000dda000 	/System/Library/Frameworks/Accelerate.framework/Versions/A/Frameworks/vecLib.framework/Versions/A/libBLAS.dylib
0x0000000000dda000 	/System/Library/Frameworks/Accelerate.framework/Versions/A/Frameworks/vecLib.framework/Versions/A/libLinearAlgebra.dylib
0x0000000000dda000 	/System/Library/Frameworks/Accelerate.framework/Versions/A/Frameworks/vecLib.framework/Versions/A/libSparseBLAS.dylib
0x0000000000dda000 	/System/Library/Frameworks/ApplicationServices.framework/Versions/A/Frameworks/ATS.framework/Versions/A/Resources/libFontParser.dylib
0x0000000000dda000 	/System/Library/Frameworks/ApplicationServices.framework/Versions/A/Frameworks/ATS.framework/Versions/A/Resources/libFontRegistry.dylib
0x0000000000dda000 	/System/Library/Frameworks/ImageIO.framework/Versions/A/Resources/libJPEG.dylib
0x0000000000dda000 	/System/Library/Frameworks/ImageIO.framework/Versions/A/Resources/libTIFF.dylib
0x0000000000dda000 	/System/Library/Frameworks/ImageIO.framework/Versions/A/Resources/libPng.dylib
0x0000000000dda000 	/System/Library/Frameworks/ImageIO.framework/Versions/A/Resources/libGIF.dylib
0x0000000000dda000 	/System/Library/Frameworks/ImageIO.framework/Versions/A/Resources/libJP2.dylib
0x0000000000dda000 	/System/Library/Frameworks/ImageIO.framework/Versions/A/Resources/libRadiance.dylib
0x0000000000dda000 	/usr/lib/libcompression.dylib
0x0000000000dda000 	/System/Library/PrivateFrameworks/AppleJPEG.framework/Versions/A/AppleJPEG
0x0000000000dda000 	/usr/lib/libcups.2.dylib
0x0000000000dda000 	/System/Library/Frameworks/Kerberos.framework/Versions/A/Kerberos
0x0000000000dda000 	/System/Library/Frameworks/GSS.framework/Versions/A/GSS
0x0000000000dda000 	/usr/lib/libresolv.9.dylib
0x0000000000dda000 	/usr/lib/libiconv.2.dylib
0x0000000000dda000 	/System/Library/PrivateFrameworks/Heimdal.framework/Versions/A/Heimdal
0x0000000000dda000 	/usr/lib/libheimdal-asn1.dylib
0x0000000000dda000 	/System/Library/Frameworks/OpenDirectory.framework/Versions/A/OpenDirectory
0x0000000000dda000 	/System/Library/PrivateFrameworks/CommonAuth.framework/Versions/A/CommonAuth
0x0000000000dda000 	/System/Library/Frameworks/OpenDirectory.framework/Versions/A/Frameworks/CFOpenDirectory.framework/Versions/A/CFOpenDirectory
0x0000000000dda000 	/System/Library/Frameworks/SecurityFoundation.framework/Versions/A/SecurityFoundation
0x0000000000dda000 	/System/Library/PrivateFrameworks/LanguageModeling.framework/Versions/A/LanguageModeling
0x0000000000dda000 	/usr/lib/libmarisa.dylib
0x0000000000dda000 	/usr/lib/libChineseTokenizer.dylib
0x0000000000dda000 	/usr/lib/libcmph.dylib
0x0000000000dda000 	/System/Library/PrivateFrameworks/CoreEmoji.framework/Versions/A/CoreEmoji
0x0000000000dda000 	/System/Library/Frameworks/ServiceManagement.framework/Versions/A/ServiceManagement
0x0000000000dda000 	/usr/lib/libxslt.1.dylib
0x0000000000dda000 	/System/Library/Frameworks/Carbon.framework/Versions/A/Frameworks/Ink.framework/Versions/A/Ink
0x0000000000dda000 	/System/Library/PrivateFrameworks/TextureIO.framework/Versions/A/TextureIO
0x0000000000dda000 	/System/Library/Frameworks/Metal.framework/Versions/A/Metal
0x0000000000dda000 	/usr/lib/libate.dylib
0x0000000000dda000 	/System/Library/PrivateFrameworks/GPUCompiler.framework/libmetal_timestamp.dylib
0x0000000000dda000 	/System/Library/Frameworks/OpenGL.framework/Versions/A/Libraries/libCoreFSCache.dylib
0x0000000000dda000 	/System/Library/PrivateFrameworks/IOAccelerator.framework/Versions/A/IOAccelerator
0x0000000000dda000 	/System/Library/Frameworks/CoreVideo.framework/Versions/A/CoreVideo
0x0000000000dda000 	/usr/lib/libFosl_dynamic.dylib
0x0000000000dda000 	/System/Library/PrivateFrameworks/MetalPerformanceShaders.framework/Versions/A/MetalPerformanceShaders
0x0000000000dda000 	/System/Library/PrivateFrameworks/FaceCore.framework/Versions/A/FaceCore
0x0000000000dda000 	/System/Library/Frameworks/OpenCL.framework/Versions/A/OpenCL
0x0000000000dda000 	/System/Library/Frameworks/OpenGL.framework/Versions/A/Libraries/libGLU.dylib
0x0000000000dda000 	/System/Library/Frameworks/OpenGL.framework/Versions/A/Libraries/libGFXShared.dylib
0x0000000000dda000 	/System/Library/Frameworks/OpenGL.framework/Versions/A/Libraries/libGL.dylib
0x0000000000dda000 	/System/Library/Frameworks/OpenGL.framework/Versions/A/Libraries/libGLImage.dylib
0x0000000000dda000 	/System/Library/Frameworks/OpenGL.framework/Versions/A/Libraries/libCVMSPluginSupport.dylib
0x0000000000dda000 	/System/Library/Frameworks/OpenGL.framework/Versions/A/Libraries/libCoreVMClient.dylib
0x0000000000dda000 	/System/Library/PrivateFrameworks/CrashReporterSupport.framework/Versions/A/CrashReporterSupport
0x0000000000dda000 	/System/Library/PrivateFrameworks/Sharing.framework/Versions/A/Sharing
0x0000000000dda000 	/System/Library/PrivateFrameworks/IconServices.framework/Versions/A/IconServices
0x0000000000dda000 	/System/Library/PrivateFrameworks/ProtocolBuffer.framework/Versions/A/ProtocolBuffer
0x0000000000dda000 	/System/Library/PrivateFrameworks/Apple80211.framework/Versions/A/Apple80211
0x0000000000dda000 	/System/Library/Frameworks/CoreWLAN.framework/Versions/A/CoreWLAN
0x0000000000dda000 	/System/Library/PrivateFrameworks/CoreUtils.framework/Versions/A/CoreUtils
0x0000000000dda000 	/System/Library/Frameworks/IOBluetooth.framework/Versions/A/IOBluetooth
0x0000000000dda000 	/System/Library/PrivateFrameworks/CoreWiFi.framework/Versions/A/CoreWiFi
0x0000000000dda000 	/System/Library/Frameworks/CoreBluetooth.framework/Versions/A/CoreBluetooth
0x0000000000dda000 	/System/Library/Frameworks/CoreDisplay.framework/Versions/A/CoreDisplay
0x0000000000dda000 	/System/Library/PrivateFrameworks/IOPresentment.framework/Versions/A/IOPresentment
0x0000000000dda000 	/System/Library/PrivateFrameworks/DebugSymbols.framework/Versions/A/DebugSymbols
0x0000000000dda000 	/System/Library/PrivateFrameworks/CoreSymbolication.framework/Versions/A/CoreSymbolication
0x0000000000dda000 	/System/Library/PrivateFrameworks/Symbolication.framework/Versions/A/Symbolication
0x0000000000dda000 	/System/Library/PrivateFrameworks/AppleFSCompression.framework/Versions/A/AppleFSCompression
0x0000000000dda000 	/System/Library/PrivateFrameworks/SpeechRecognitionCore.framework/Versions/A/SpeechRecognitionCore
0x0000000000dda000 	/System/Library/PrivateFrameworks/ChunkingLibrary.framework/Versions/A/ChunkingLibrary
0x000000010a200000 	/Library/Java/JavaVirtualMachines/jdk1.8.0_65.jdk/Contents/Home/jre/lib/server/libjvm.dylib
0x0000000000dda000 	/usr/lib/libstdc++.6.dylib
0x0000000109081000 	/Library/Java/JavaVirtualMachines/jdk1.8.0_65.jdk/Contents/Home/jre/lib/libverify.dylib
0x000000010908f000 	/Library/Java/JavaVirtualMachines/jdk1.8.0_65.jdk/Contents/Home/jre/lib/libjava.dylib
0x00000001090ce000 	/Library/Java/JavaVirtualMachines/jdk1.8.0_65.jdk/Contents/Home/jre/lib/libzip.dylib
0x000000010f11a000 	/System/Library/Frameworks/JavaVM.framework/Frameworks/JavaRuntimeSupport.framework/JavaRuntimeSupport
0x000000010f134000 	/System/Library/Frameworks/JavaVM.framework/Versions/A/Frameworks/JavaNativeFoundation.framework/Versions/A/JavaNativeFoundation
0x000000010f149000 	/System/Library/Frameworks/JavaVM.framework/Versions/A/JavaVM
0x0000000000dda000 	/System/Library/Frameworks/Carbon.framework/Versions/A/Carbon
0x000000010f156000 	/System/Library/PrivateFrameworks/JavaLaunching.framework/Versions/A/JavaLaunching
0x0000000000dda000 	/System/Library/Frameworks/Carbon.framework/Versions/A/Frameworks/CommonPanels.framework/Versions/A/CommonPanels
0x0000000000dda000 	/System/Library/Frameworks/Carbon.framework/Versions/A/Frameworks/Help.framework/Versions/A/Help
0x0000000000dda000 	/System/Library/Frameworks/Carbon.framework/Versions/A/Frameworks/ImageCapture.framework/Versions/A/ImageCapture
0x0000000000dda000 	/System/Library/Frameworks/Carbon.framework/Versions/A/Frameworks/OpenScripting.framework/Versions/A/OpenScripting
0x0000000000dda000 	/System/Library/Frameworks/Carbon.framework/Versions/A/Frameworks/Print.framework/Versions/A/Print
0x0000000000dda000 	/System/Library/Frameworks/Carbon.framework/Versions/A/Frameworks/SecurityHI.framework/Versions/A/SecurityHI
0x000000010f4df000 	/Applications/IntelliJ IDEA.app/Contents/bin/libbreakgen64.jnilib
0x000000010f4e2000 	/Library/Java/JavaVirtualMachines/jdk1.8.0_65.jdk/Contents/Home/jre/lib/libnet.dylib
0x000000010fbdb000 	/Library/Java/JavaVirtualMachines/jdk1.8.0_65.jdk/Contents/Home/jre/lib/libmanagement.dylib
0x000000010f6ff000 	/Library/Java/JavaVirtualMachines/jdk1.8.0_65.jdk/Contents/Home/jre/lib/libnio.dylib
0x000000010f541000 	/Users/sophatvathana/Desktop/ipcam/IPCAM-VIDEO-STREAMING-API/native/mac/x86_64/strmrecv.dylib
0x000000010f70f000 	/Library/Java/JavaVirtualMachines/jdk1.8.0_65.jdk/Contents/Home/jre/lib/libsunec.dylib
0x000000010ff86000 	/Users/sophatvathana/Desktop/ipcam/IPCAM-VIDEO-STREAMING-API/native/mac/x86_64/libavutil.55.dylib
0x0000000000dda000 	/System/Library/Frameworks/AVFoundation.framework/Versions/A/AVFoundation
0x0000000000dda000 	/System/Library/Frameworks/CoreMedia.framework/Versions/A/CoreMedia
0x0000000000dda000 	/System/Library/Frameworks/VideoToolbox.framework/Versions/A/VideoToolbox
0x000000010f54b000 	/System/Library/Frameworks/VideoDecodeAcceleration.framework/Versions/A/VideoDecodeAcceleration
0x0000000000dda000 	/System/Library/Frameworks/AVFoundation.framework/Versions/A/Frameworks/AVFAudio.framework/Versions/A/AVFAudio
0x0000000000dda000 	/System/Library/Frameworks/MediaToolbox.framework/Versions/A/MediaToolbox
0x0000000000dda000 	/System/Library/PrivateFrameworks/IntlPreferences.framework/Versions/A/IntlPreferences
0x0000000000dda000 	/System/Library/Frameworks/CoreMediaIO.framework/Versions/A/CoreMediaIO
0x0000000000dda000 	/usr/lib/libspindump.dylib
0x0000000000dda000 	/usr/lib/libdscsym.dylib
0x0000000000dda000 	/System/Library/PrivateFrameworks/CoreAVCHD.framework/Versions/A/CoreAVCHD
0x0000000000dda000 	/System/Library/Frameworks/MediaAccessibility.framework/Versions/A/MediaAccessibility
0x0000000000dda000 	/System/Library/PrivateFrameworks/Mangrove.framework/Versions/A/Mangrove
0x0000000000dda000 	/System/Library/PrivateFrameworks/CoreAUC.framework/Versions/A/CoreAUC
0x0000000000dda000 	/System/Library/PrivateFrameworks/AppleVA.framework/Versions/A/AppleVA
0x0000000000dda000 	/System/Library/PrivateFrameworks/XPCService.framework/Versions/A/XPCService
0x0000000000dda000 	/System/Library/PrivateFrameworks/AppSandbox.framework/Versions/A/AppSandbox
0x0000000000dda000 	/usr/lib/libsandbox.1.dylib
0x0000000000dda000 	/System/Library/PrivateFrameworks/AppContainer.framework/Versions/A/AppContainer
0x0000000000dda000 	/System/Library/PrivateFrameworks/SecCodeWrapper.framework/Versions/A/SecCodeWrapper
0x0000000000dda000 	/usr/lib/libMatch.1.dylib
0x000000010f551000 	/Users/sophatvathana/Desktop/ipcam/IPCAM-VIDEO-STREAMING-API/native/mac/x86_64/libswresample.2.dylib
0x00000001299ab000 	/Users/sophatvathana/Desktop/ipcam/IPCAM-VIDEO-STREAMING-API/native/mac/x86_64/libavcodec.57.dylib
0x0000000129115000 	/Users/sophatvathana/Desktop/ipcam/IPCAM-VIDEO-STREAMING-API/native/mac/x86_64/libavformat.57.dylib

VM Arguments:
jvm_args: -Dspring.output.ansi.enabled=always -Didea.launcher.port=7542 -Didea.launcher.bin.path=/Applications/IntelliJ IDEA.app/Contents/bin -Dfile.encoding=UTF-8 
java_command: com.intellij.rt.execution.application.AppMain kh.com.kshrd.ipcam.IpcamVideoStreamingApiApplication
java_class_path (initial): /Library/Java/JavaVirtualMachines/jdk1.8.0_65.jdk/Contents/Home/jre/lib/charsets.jar:/Library/Java/JavaVirtualMachines/jdk1.8.0_65.jdk/Contents/Home/jre/lib/deploy.jar:/Library/Java/JavaVirtualMachines/jdk1.8.0_65.jdk/Contents/Home/jre/lib/ext/cldrdata.jar:/Library/Java/JavaVirtualMachines/jdk1.8.0_65.jdk/Contents/Home/jre/lib/ext/dnsns.jar:/Library/Java/JavaVirtualMachines/jdk1.8.0_65.jdk/Contents/Home/jre/lib/ext/jaccess.jar:/Library/Java/JavaVirtualMachines/jdk1.8.0_65.jdk/Contents/Home/jre/lib/ext/jfxrt.jar:/Library/Java/JavaVirtualMachines/jdk1.8.0_65.jdk/Contents/Home/jre/lib/ext/localedata.jar:/Library/Java/JavaVirtualMachines/jdk1.8.0_65.jdk/Contents/Home/jre/lib/ext/nashorn.jar:/Library/Java/JavaVirtualMachines/jdk1.8.0_65.jdk/Contents/Home/jre/lib/ext/sunec.jar:/Library/Java/JavaVirtualMachines/jdk1.8.0_65.jdk/Contents/Home/jre/lib/ext/sunjce_provider.jar:/Library/Java/JavaVirtualMachines/jdk1.8.0_65.jdk/Contents/Home/jre/lib/ext/sunpkcs11.jar:/Library/Java/JavaVirtualMachines/jdk1.8.0_65.jdk/Contents/Home/jre/lib/ext/zipfs.jar:/Library/Java/JavaVirtualMachines/jdk1.8.0_65.jdk/Contents/Home/jre/lib/javaws.jar:/Library/Java/JavaVirtualMachines/jdk1.8.0_65.jdk/Contents/Home/jre/lib/jce.jar:/Library/Java/JavaVirtualMachines/jdk1.8.0_65.jdk/Contents/Home/jre/lib/jfr.jar:/Library/Java/JavaVirtualMachines/jdk1.8.0_65.jdk/Contents/Home/jre/lib/jfxswt.jar:/Library/Java/JavaVirtualMachines/jdk1.8.0_65.jdk/Contents/Home/jre/lib/jsse.jar:/Library/Java/JavaVirtualMachines/jdk1.8.0_65.jdk/Contents/Home/jre/lib/management-agent.jar:/Library/Java/JavaVirtualMachines/jdk1.8.0_65.jdk/Contents/Home/jre/lib/plugin.jar:/Library/Java/JavaVirtualMachines/jdk1.8.0_65.jdk/Contents/Home/jre/lib/resources.jar:/Library/Java/JavaVirtualMachines/jdk1.8.0_65.jdk/Contents/Home/jre/lib/rt.jar:/Library/Java/JavaVirtualMachines/jdk1.8.0_65.jdk/Contents/Home/lib/dt.jar:/Library/Java/JavaVirtualMachines/jdk1.8.0_65.jdk/Contents/Home/lib/javafx-mx.jar:/Library/Jav
Launcher Type: SUN_STANDARD

Environment Variables:
PATH=/Library/Frameworks/Python.framework/Versions/3.5/bin:/usr/local/bin:/usr/bin:/bin:/usr/sbin:/sbin
SHELL=/bin/zsh

Signal Handlers:
SIGSEGV: [libjvm.dylib+0x5a6d31], sa_mask[0]=11111111011111110111111111111111, sa_flags=SA_ONSTACK|SA_RESTART|SA_SIGINFO
SIGBUS: [libjvm.dylib+0x5a6d31], sa_mask[0]=11111111011111110111111111111111, sa_flags=SA_RESTART|SA_SIGINFO
SIGFPE: [libjvm.dylib+0x480a40], sa_mask[0]=11111111011111110111111111111111, sa_flags=SA_RESTART|SA_SIGINFO
SIGPIPE: [libjvm.dylib+0x480a40], sa_mask[0]=11111111011111110111111111111111, sa_flags=SA_RESTART|SA_SIGINFO
SIGXFSZ: [libjvm.dylib+0x480a40], sa_mask[0]=11111111011111110111111111111111, sa_flags=SA_RESTART|SA_SIGINFO
SIGILL: [libjvm.dylib+0x480a40], sa_mask[0]=11111111011111110111111111111111, sa_flags=SA_RESTART|SA_SIGINFO
SIGUSR1: SIG_DFL, sa_mask[0]=00000000000000000000000000000000, sa_flags=none
SIGUSR2: [libjvm.dylib+0x48055e], sa_mask[0]=00100000000000000000000000000000, sa_flags=SA_RESTART|SA_SIGINFO
SIGHUP: [libjvm.dylib+0x47eb35], sa_mask[0]=11111111011111110111111111111111, sa_flags=SA_RESTART|SA_SIGINFO
SIGINT: [libjvm.dylib+0x47eb35], sa_mask[0]=11111111011111110111111111111111, sa_flags=SA_RESTART|SA_SIGINFO
SIGTERM: [libjvm.dylib+0x47eb35], sa_mask[0]=11111111011111110111111111111111, sa_flags=SA_RESTART|SA_SIGINFO
SIGQUIT: [libjvm.dylib+0x47eb35], sa_mask[0]=11111111011111110111111111111111, sa_flags=SA_RESTART|SA_SIGINFO


---------------  S Y S T E M  ---------------

OS:Bsduname:Darwin 16.3.0 Darwin Kernel Version 16.3.0: Thu Nov 17 20:23:58 PST 2016; root:xnu-3789.31.2~1/RELEASE_X86_64 x86_64
rlimit: STACK 8192k, CORE 0k, NPROC 709, NOFILE 10240, AS infinity
load average:4.00 3.04 2.82

CPU:total 8 (4 cores per cpu, 2 threads per core) family 6 model 70 stepping 1, cmov, cx8, fxsr, mmx, sse, sse2, sse3, ssse3, sse4.1, sse4.2, popcnt, avx, avx2, aes, clmul, erms, lzcnt, ht, tsc, tscinvbit, bmi1, bmi2

Memory: 4k page, physical 16777216k(3893760k free)

/proc/meminfo:


vm_info: Java HotSpot(TM) 64-Bit Server VM (25.65-b01) for bsd-amd64 JRE (1.8.0_65-b17), built on Oct  6 2015 15:36:46 by "java_re" with gcc 4.2.1 (Based on Apple Inc. build 5658) (LLVM build 2336.11.00)

time: Fri Dec 23 13:36:25 2016
elapsed time: 4 seconds (0d 0h 0m 4s)

