#
# A fatal error has been detected by the Java Runtime Environment:
#
#  SIGSEGV (0xb) at pc=0x000000012c466751, pid=5694, tid=4879
#
# JRE version: Java(TM) SE Runtime Environment (8.0_65-b17) (build 1.8.0_65-b17)
# Java VM: Java HotSpot(TM) 64-Bit Server VM (25.65-b01 mixed mode bsd-amd64 compressed oops)
# Problematic frame:
# C  [libavutil.55.dylib+0x19751]  av_freep+0x1
#
# Failed to write core dump. Core dumps have been disabled. To enable core dumping, try "ulimit -c unlimited" before starting Java again
#
# If you would like to submit a bug report, please visit:
#   http://bugreport.java.com/bugreport/crash.jsp
# The crash happened outside the Java Virtual Machine in native code.
# See problematic frame for where to report the bug.
#

---------------  T H R E A D  ---------------

Current thread (0x00007fcae34b3800):  JavaThread "Thread-3" daemon [_thread_in_native, id=4879, stack(0x000070000b1f3000,0x000070000b2f3000)]

siginfo: si_signo: 11 (SIGSEGV), si_code: 0 (unknown), si_addr: 0x0000000000000000

Registers:
RAX=0x000000011144f500, RBX=0x0000000000000000, RCX=0x0000000000000000, RDX=0x00007fcadd682330
RSP=0x000070000b2f2700, RBP=0x000070000b2f2750, RSI=0x000070000b2f27e8, RDI=0x2f656d6f482f7374
R8 =0x0000000000000004, R9 =0x00000000000001ea, R10=0x00000001129e7928, R11=0x000000010c4dc4cf
R12=0x0000000000000000, R13=0x000000012a0b1188, R14=0x00007fcadd682368, R15=0x00007fcadd682338
RIP=0x000000012c466751, EFLAGS=0x0000000000010206, ERR=0x0000000000000000
  TRAPNO=0x000000000000000d

Top of Stack: (sp=0x000070000b2f2700)
0x000070000b2f2700:   000000011144f500 000000012c58770c
0x000070000b2f2710:   000000011144f500 00007fcadd682330
0x000070000b2f2720:   0000000000000000 000070000b2f27e8
0x000070000b2f2730:   00007fcae34b3800 000000011144ef32
0x000070000b2f2740:   000000012a0b1188 000070000b2f27e8
0x000070000b2f2750:   000070000b2f27b8 00000001129e7954
0x000070000b2f2760:   000070000b2f27b8 00000001129e76e7
0x000070000b2f2770:   00000001129e76a2 000070000b2f2778
0x000070000b2f2780:   000000012a0b1188 000070000b2f27e8
0x000070000b2f2790:   000000012a0b3228 0000000000000000
0x000070000b2f27a0:   000000012a0b1188 0000000000000000
0x000070000b2f27b0:   000070000b2f27d8 000070000b2f2830
0x000070000b2f27c0:   00000001129d9c4d 0000000000000000
0x000070000b2f27d0:   00000001129e1578 00007fcadd682330
0x000070000b2f27e0:   00000007700b00d0 00000007700b00d0
0x000070000b2f27f0:   000070000b2f27f0 000000012a0b1496
0x000070000b2f2800:   000070000b2f2840 000000012a0b3228
0x000070000b2f2810:   0000000000000000 000000012a0b14b8
0x000070000b2f2820:   000070000b2f27d8 000070000b2f2840
0x000070000b2f2830:   000070000b2f2888 00000001129d9c4d
0x000070000b2f2840:   00000007700b00d0 000070000b2f2848
0x000070000b2f2850:   000000012a0b13d1 000070000b2f2898
0x000070000b2f2860:   000000012a0b3228 0000000000000000
0x000070000b2f2870:   000000012a0b1400 000070000b2f2840
0x000070000b2f2880:   000070000b2f2898 000070000b2f28e0
0x000070000b2f2890:   00000001129d9c4d 00000007700b00d0
0x000070000b2f28a0:   000070000b2f28a0 0000000129bb8585
0x000070000b2f28b0:   000070000b2f2910 000000012a0af7b0
0x000070000b2f28c0:   0000000000000000 0000000129bb86f8
0x000070000b2f28d0:   000070000b2f2898 000070000b2f2910
0x000070000b2f28e0:   000070000b2f2958 00000001129d9c92
0x000070000b2f28f0:   000000000000012c 0000000000000000 

Instructions: (pc=0x000000012c466751)
0x000000012c466731:   00 00 00 e8 6f a9 01 00 b8 f4 ff ff ff 48 83 c4
0x000000012c466741:   10 5b c3 66 66 66 2e 0f 1f 84 00 00 00 00 00 50
0x000000012c466751:   48 8b 07 48 c7 04 24 00 00 00 00 48 c7 07 00 00
0x000000012c466761:   00 00 48 89 c7 e8 3d a9 01 00 58 c3 0f 1f 00 48 

Register to memory mapping:

RAX=0x000000011144f500: Java_kh_com_kshrd_core_RtspStream_openRtspInternal+0x90 in /Users/sophatvathana/Desktop/Project/ipcam/IPCAM-VIDEO-STREAMING-API/native/mac/x86_64/strmrecv.dylib at 0x000000011144d000
RBX=0x0000000000000000 is an unknown value
RCX=0x0000000000000000 is an unknown value
RDX=0x00007fcadd682330 is an unknown value
RSP=0x000070000b2f2700 is pointing into the stack for thread: 0x00007fcae34b3800
RBP=0x000070000b2f2750 is pointing into the stack for thread: 0x00007fcae34b3800
RSI=0x000070000b2f27e8 is pointing into the stack for thread: 0x00007fcae34b3800
RDI=0x2f656d6f482f7374 is an unknown value
R8 =0x0000000000000004 is an unknown value
R9 =0x00000000000001ea is an unknown value
R10=0x00000001129e7928 is at code_begin+808 in an Interpreter codelet
method entry point (kind = native)  [0x00000001129e7600, 0x00000001129e7f00]  2304 bytes
R11=0x000000010c4dc4cf: throw_unsatisfied_link_error+0 in /Library/Java/JavaVirtualMachines/jdk1.8.0_65.jdk/Contents/Home/jre/lib/server/libjvm.dylib at 0x000000010c000000
R12=0x0000000000000000 is an unknown value
R13={method} {0x000000012a0b1188} 'releaseContextInternal' '(J)V' in 'kh/com/kshrd/core/RtspStream'
R14=0x00007fcadd682368 is an unknown value
R15=0x00007fcadd682338 is an unknown value


Stack: [0x000070000b1f3000,0x000070000b2f3000],  sp=0x000070000b2f2700,  free space=1021k
Native frames: (J=compiled Java code, j=interpreted, Vv=VM code, C=native code)
C  [libavutil.55.dylib+0x19751]  av_freep+0x1
j  kh.com.kshrd.core.RtspStream.releaseContextInternal(J)V+0
j  kh.com.kshrd.core.RtspStream.release()V+14
j  kh.com.kshrd.core.RtspStream.initialize()V+1
j  kh.com.kshrd.core.RtspCamera.run()V+269
j  java.lang.Thread.run()V+11
v  ~StubRoutines::call_stub
V  [libjvm.dylib+0x2eab02]  JavaCalls::call_helper(JavaValue*, methodHandle*, JavaCallArguments*, Thread*)+0x6ae
V  [libjvm.dylib+0x2eb290]  JavaCalls::call_virtual(JavaValue*, KlassHandle, Symbol*, Symbol*, JavaCallArguments*, Thread*)+0x164
V  [libjvm.dylib+0x2eb43c]  JavaCalls::call_virtual(JavaValue*, Handle, KlassHandle, Symbol*, Symbol*, Thread*)+0x4a
V  [libjvm.dylib+0x345959]  thread_entry(JavaThread*, Thread*)+0x7c
V  [libjvm.dylib+0x5612d3]  JavaThread::thread_main_inner()+0x9b
V  [libjvm.dylib+0x5629ce]  JavaThread::run()+0x1c2
V  [libjvm.dylib+0x48342e]  java_start(Thread*)+0xf6
C  [libsystem_pthread.dylib+0x3aab]  _pthread_body+0xb4
C  [libsystem_pthread.dylib+0x39f7]  _pthread_body+0x0
C  [libsystem_pthread.dylib+0x31fd]  thread_start+0xd
C  0x0000000000000000

Java frames: (J=compiled Java code, j=interpreted, Vv=VM code)
j  kh.com.kshrd.core.RtspStream.releaseContextInternal(J)V+0
j  kh.com.kshrd.core.RtspStream.release()V+14
j  kh.com.kshrd.core.RtspStream.initialize()V+1
j  kh.com.kshrd.core.RtspCamera.run()V+269
j  java.lang.Thread.run()V+11
v  ~StubRoutines::call_stub

---------------  P R O C E S S  ---------------

Java Threads: ( => current thread )
  0x00007fcae44d4800 JavaThread "Thread-5" daemon [_thread_in_native, id=27907, stack(0x000070000bd14000,0x000070000be14000)]
  0x00007fcae3be4000 JavaThread "http-nio-9999-exec-3" daemon [_thread_blocked, id=27399, stack(0x000070000bc11000,0x000070000bd11000)]
  0x00007fcae3b51800 JavaThread "Thread-4" daemon [_thread_blocked, id=26883, stack(0x000070000bb0e000,0x000070000bc0e000)]
  0x00007fcae45fe000 JavaThread "http-nio-9999-exec-2" daemon [_thread_blocked, id=26371, stack(0x000070000ba0b000,0x000070000bb0b000)]
=>0x00007fcae34b3800 JavaThread "Thread-3" daemon [_thread_in_native, id=4879, stack(0x000070000b1f3000,0x000070000b2f3000)]
  0x00007fcae3819000 JavaThread "http-nio-9999-exec-1" daemon [_thread_blocked, id=17679, stack(0x000070000b0f0000,0x000070000b1f0000)]
  0x00007fcae27f3000 JavaThread "DestroyJavaVM" [_thread_blocked, id=7171, stack(0x0000700009c31000,0x0000700009d31000)]
  0x00007fcae0d43000 JavaThread "http-nio-9999-AsyncTimeout" daemon [_thread_blocked, id=25859, stack(0x000070000b908000,0x000070000ba08000)]
  0x00007fcae0d42800 JavaThread "http-nio-9999-Acceptor-0" daemon [_thread_in_native, id=25347, stack(0x000070000b805000,0x000070000b905000)]
  0x00007fcae0d41800 JavaThread "http-nio-9999-ClientPoller-1" daemon [_thread_in_native, id=24835, stack(0x000070000b702000,0x000070000b802000)]
  0x00007fcadeeb3000 JavaThread "http-nio-9999-ClientPoller-0" daemon [_thread_in_native, id=24323, stack(0x000070000b5ff000,0x000070000b6ff000)]
  0x00007fcadeeb2000 JavaThread "NioBlockingSelector.BlockPoller-1" daemon [_thread_in_native, id=23811, stack(0x000070000b4fc000,0x000070000b5fc000)]
  0x00007fcadf2d2000 JavaThread "container-0" [_thread_blocked, id=23299, stack(0x000070000b3f9000,0x000070000b4f9000)]
  0x00007fcadece9800 JavaThread "ContainerBackgroundProcessor[StandardEngine[Tomcat]]" daemon [_thread_blocked, id=4615, stack(0x000070000b2f6000,0x000070000b3f6000)]
  0x00007fcadc0ba000 JavaThread "Monitor Ctrl-Break" daemon [_thread_in_native, id=22531, stack(0x000070000afed000,0x000070000b0ed000)]
  0x00007fcadf80f000 JavaThread "Service Thread" daemon [_thread_blocked, id=21507, stack(0x000070000ade7000,0x000070000aee7000)]
  0x00007fcade82e000 JavaThread "C1 CompilerThread3" daemon [_thread_blocked, id=20995, stack(0x000070000ace4000,0x000070000ade4000)]
  0x00007fcadf80d000 JavaThread "C2 CompilerThread2" daemon [_thread_blocked, id=20483, stack(0x000070000abe1000,0x000070000ace1000)]
  0x00007fcadc857800 JavaThread "C2 CompilerThread1" daemon [_thread_blocked, id=19971, stack(0x000070000aade000,0x000070000abde000)]
  0x00007fcadc014000 JavaThread "C2 CompilerThread0" daemon [_thread_blocked, id=19459, stack(0x000070000a9db000,0x000070000aadb000)]
  0x00007fcadc035800 JavaThread "Signal Dispatcher" daemon [_thread_blocked, id=18947, stack(0x000070000a8d8000,0x000070000a9d8000)]
  0x00007fcadc83d000 JavaThread "Finalizer" daemon [_thread_blocked, id=14595, stack(0x000070000a752000,0x000070000a852000)]
  0x00007fcadc83c000 JavaThread "Reference Handler" daemon [_thread_blocked, id=14083, stack(0x000070000a64f000,0x000070000a74f000)]

Other Threads:
  0x00007fcadc83b800 VMThread [stack: 0x000070000a54c000,0x000070000a64c000] [id=13571]
  0x00007fcadc036000 WatcherThread [stack: 0x000070000aeea000,0x000070000afea000] [id=22019]

VM state:not at safepoint (normal execution)

VM Mutex/Monitor currently owned by a thread: None

Heap:
 PSYoungGen      total 266240K, used 96621K [0x000000076ab00000, 0x0000000789c00000, 0x00000007c0000000)
  eden space 247808K, 38% used [0x000000076ab00000,0x000000077095b428,0x0000000779d00000)
  from space 18432K, 0% used [0x0000000779d00000,0x0000000779d00000,0x000000077af00000)
  to   space 19968K, 0% used [0x0000000788880000,0x0000000788880000,0x0000000789c00000)
 ParOldGen       total 134144K, used 27888K [0x00000006c0000000, 0x00000006c8300000, 0x000000076ab00000)
  object space 134144K, 20% used [0x00000006c0000000,0x00000006c1b3c138,0x00000006c8300000)
 Metaspace       used 41047K, capacity 41574K, committed 41728K, reserved 1085440K
  class space    used 5155K, capacity 5290K, committed 5376K, reserved 1048576K

Card table byte_map: [0x000000010d349000,0x000000010db4a000] byte_map_base: 0x0000000109d49000

Marking Bits: (ParMarkBitMap*) 0x000000010c8dee20
 Begin Bits: [0x00000001219d2000, 0x00000001259d2000)
 End Bits:   [0x00000001259d2000, 0x00000001299d2000)

Polling page: 0x000000010afad000

CodeCache: size=245760Kb used=15166Kb max_used=15618Kb free=230593Kb
 bounds [0x00000001129d2000, 0x0000000113932000, 0x00000001219d2000]
 total_blobs=4745 nmethods=4307 adapters=350
 compilation: enabled

Compilation events (10 events):
Event: 171.887 Thread 0x00007fcade82e000 5118       3       java.util.Formatter::parse (151 bytes)
Event: 171.889 Thread 0x00007fcade82e000 nmethod 5118 0x00000001132dfd90 code [0x00000001132e01a0, 0x00000001132e2ab8]
Event: 172.200 Thread 0x00007fcade82e000 5119       3       java.util.Formatter$FormatSpecifier::conversion (94 bytes)
Event: 172.202 Thread 0x00007fcade82e000 nmethod 5119 0x00000001133675d0 code [0x0000000113367860, 0x0000000113368648]
Event: 172.202 Thread 0x00007fcade82e000 5120       3       java.util.Formatter$Conversion::isText (32 bytes)
Event: 172.202 Thread 0x00007fcade82e000 nmethod 5120 0x0000000113650410 code [0x0000000113650560, 0x00000001136506b0]
Event: 174.534 Thread 0x00007fcade82e000 5121       3       org.apache.catalina.connector.CoyoteOutputStream::checkNonBlockingWrite (48 bytes)
Event: 174.535 Thread 0x00007fcade82e000 nmethod 5121 0x00000001136be210 code [0x00000001136be3e0, 0x00000001136be9c8]
Event: 174.535 Thread 0x00007fcade82e000 5122       3       org.apache.catalina.connector.OutputBuffer::isBlocking (16 bytes)
Event: 174.535 Thread 0x00007fcade82e000 nmethod 5122 0x000000011364ff90 code [0x0000000113650100, 0x0000000113650350]

GC Heap History (10 events):
Event: 11.301 GC heap before
{Heap before GC invocations=5 (full 1):
 PSYoungGen      total 141824K, used 10726K [0x000000076ab00000, 0x0000000774000000, 0x00000007c0000000)
  eden space 131072K, 0% used [0x000000076ab00000,0x000000076ab00000,0x0000000772b00000)
  from space 10752K, 99% used [0x0000000773580000,0x0000000773ff9970,0x0000000774000000)
  to   space 10752K, 0% used [0x0000000772b00000,0x0000000772b00000,0x0000000773580000)
 ParOldGen       total 175104K, used 2959K [0x00000006c0000000, 0x00000006cab00000, 0x000000076ab00000)
  object space 175104K, 1% used [0x00000006c0000000,0x00000006c02e3c50,0x00000006cab00000)
 Metaspace       used 20902K, capacity 21198K, committed 21296K, reserved 1069056K
  class space    used 2554K, capacity 2646K, committed 2688K, reserved 1048576K
Event: 11.333 GC heap after
Heap after GC invocations=5 (full 1):
 PSYoungGen      total 141824K, used 0K [0x000000076ab00000, 0x0000000774000000, 0x00000007c0000000)
  eden space 131072K, 0% used [0x000000076ab00000,0x000000076ab00000,0x0000000772b00000)
  from space 10752K, 0% used [0x0000000773580000,0x0000000773580000,0x0000000774000000)
  to   space 10752K, 0% used [0x0000000772b00000,0x0000000772b00000,0x0000000773580000)
 ParOldGen       total 84992K, used 11039K [0x00000006c0000000, 0x00000006c5300000, 0x000000076ab00000)
  object space 84992K, 12% used [0x00000006c0000000,0x00000006c0ac7f58,0x00000006c5300000)
 Metaspace       used 20902K, capacity 21198K, committed 21296K, reserved 1069056K
  class space    used 2554K, capacity 2646K, committed 2688K, reserved 1048576K
}
Event: 12.186 GC heap before
{Heap before GC invocations=6 (full 1):
 PSYoungGen      total 141824K, used 131072K [0x000000076ab00000, 0x0000000774000000, 0x00000007c0000000)
  eden space 131072K, 100% used [0x000000076ab00000,0x0000000772b00000,0x0000000772b00000)
  from space 10752K, 0% used [0x0000000773580000,0x0000000773580000,0x0000000774000000)
  to   space 10752K, 0% used [0x0000000772b00000,0x0000000772b00000,0x0000000773580000)
 ParOldGen       total 84992K, used 11039K [0x00000006c0000000, 0x00000006c5300000, 0x000000076ab00000)
  object space 84992K, 12% used [0x00000006c0000000,0x00000006c0ac7f58,0x00000006c5300000)
 Metaspace       used 27696K, capacity 28050K, committed 28416K, reserved 1075200K
  class space    used 3415K, capacity 3516K, committed 3584K, reserved 1048576K
Event: 12.200 GC heap after
Heap after GC invocations=6 (full 1):
 PSYoungGen      total 141824K, used 10729K [0x000000076ab00000, 0x000000077c380000, 0x00000007c0000000)
  eden space 131072K, 0% used [0x000000076ab00000,0x000000076ab00000,0x0000000772b00000)
  from space 10752K, 99% used [0x0000000772b00000,0x000000077357a7a8,0x0000000773580000)
  to   space 18944K, 0% used [0x000000077b100000,0x000000077b100000,0x000000077c380000)
 ParOldGen       total 84992K, used 21084K [0x00000006c0000000, 0x00000006c5300000, 0x000000076ab00000)
  object space 84992K, 24% used [0x00000006c0000000,0x00000006c1497320,0x00000006c5300000)
 Metaspace       used 27696K, capacity 28050K, committed 28416K, reserved 1075200K
  class space    used 3415K, capacity 3516K, committed 3584K, reserved 1048576K
}
Event: 12.910 GC heap before
{Heap before GC invocations=7 (full 1):
 PSYoungGen      total 141824K, used 141801K [0x000000076ab00000, 0x000000077c380000, 0x00000007c0000000)
  eden space 131072K, 100% used [0x000000076ab00000,0x0000000772b00000,0x0000000772b00000)
  from space 10752K, 99% used [0x0000000772b00000,0x000000077357a7a8,0x0000000773580000)
  to   space 18944K, 0% used [0x000000077b100000,0x000000077b100000,0x000000077c380000)
 ParOldGen       total 84992K, used 21084K [0x00000006c0000000, 0x00000006c5300000, 0x000000076ab00000)
  object space 84992K, 24% used [0x00000006c0000000,0x00000006c1497320,0x00000006c5300000)
 Metaspace       used 31195K, capacity 31618K, committed 31744K, reserved 1077248K
  class space    used 3881K, capacity 4004K, committed 4096K, reserved 1048576K
Event: 12.921 GC heap after
Heap after GC invocations=7 (full 1):
 PSYoungGen      total 264192K, used 12508K [0x000000076ab00000, 0x000000077c100000, 0x00000007c0000000)
  eden space 247808K, 0% used [0x000000076ab00000,0x000000076ab00000,0x0000000779d00000)
  from space 16384K, 76% used [0x000000077b100000,0x000000077bd37270,0x000000077c100000)
  to   space 18432K, 0% used [0x0000000779d00000,0x0000000779d00000,0x000000077af00000)
 ParOldGen       total 84992K, used 21092K [0x00000006c0000000, 0x00000006c5300000, 0x000000076ab00000)
  object space 84992K, 24% used [0x00000006c0000000,0x00000006c1499320,0x00000006c5300000)
 Metaspace       used 31195K, capacity 31618K, committed 31744K, reserved 1077248K
  class space    used 3881K, capacity 4004K, committed 4096K, reserved 1048576K
}
Event: 13.550 GC heap before
{Heap before GC invocations=8 (full 1):
 PSYoungGen      total 264192K, used 151174K [0x000000076ab00000, 0x000000077c100000, 0x00000007c0000000)
  eden space 247808K, 55% used [0x000000076ab00000,0x000000077326a6c0,0x0000000779d00000)
  from space 16384K, 76% used [0x000000077b100000,0x000000077bd37270,0x000000077c100000)
  to   space 18432K, 0% used [0x0000000779d00000,0x0000000779d00000,0x000000077af00000)
 ParOldGen       total 84992K, used 21092K [0x00000006c0000000, 0x00000006c5300000, 0x000000076ab00000)
  object space 84992K, 24% used [0x00000006c0000000,0x00000006c1499320,0x00000006c5300000)
 Metaspace       used 34856K, capacity 35296K, committed 35496K, reserved 1081344K
  class space    used 4414K, capacity 4521K, committed 4608K, reserved 1048576K
Event: 13.566 GC heap after
Heap after GC invocations=8 (full 1):
 PSYoungGen      total 266240K, used 17558K [0x000000076ab00000, 0x0000000789c00000, 0x00000007c0000000)
  eden space 247808K, 0% used [0x000000076ab00000,0x000000076ab00000,0x0000000779d00000)
  from space 18432K, 95% used [0x0000000779d00000,0x000000077ae25958,0x000000077af00000)
  to   space 19968K, 0% used [0x0000000788880000,0x0000000788880000,0x0000000789c00000)
 ParOldGen       total 84992K, used 21100K [0x00000006c0000000, 0x00000006c5300000, 0x000000076ab00000)
  object space 84992K, 24% used [0x00000006c0000000,0x00000006c149b320,0x00000006c5300000)
 Metaspace       used 34856K, capacity 35296K, committed 35496K, reserved 1081344K
  class space    used 4414K, capacity 4521K, committed 4608K, reserved 1048576K
}
Event: 13.566 GC heap before
{Heap before GC invocations=9 (full 2):
 PSYoungGen      total 266240K, used 17558K [0x000000076ab00000, 0x0000000789c00000, 0x00000007c0000000)
  eden space 247808K, 0% used [0x000000076ab00000,0x000000076ab00000,0x0000000779d00000)
  from space 18432K, 95% used [0x0000000779d00000,0x000000077ae25958,0x000000077af00000)
  to   space 19968K, 0% used [0x0000000788880000,0x0000000788880000,0x0000000789c00000)
 ParOldGen       total 84992K, used 21100K [0x00000006c0000000, 0x00000006c5300000, 0x000000076ab00000)
  object space 84992K, 24% used [0x00000006c0000000,0x00000006c149b320,0x00000006c5300000)
 Metaspace       used 34856K, capacity 35296K, committed 35496K, reserved 1081344K
  class space    used 4414K, capacity 4521K, committed 4608K, reserved 1048576K
Event: 13.621 GC heap after
Heap after GC invocations=9 (full 2):
 PSYoungGen      total 266240K, used 0K [0x000000076ab00000, 0x0000000789c00000, 0x00000007c0000000)
  eden space 247808K, 0% used [0x000000076ab00000,0x000000076ab00000,0x0000000779d00000)
  from space 18432K, 0% used [0x0000000779d00000,0x0000000779d00000,0x000000077af00000)
  to   space 19968K, 0% used [0x0000000788880000,0x0000000788880000,0x0000000789c00000)
 ParOldGen       total 134144K, used 27888K [0x00000006c0000000, 0x00000006c8300000, 0x000000076ab00000)
  object space 134144K, 20% used [0x00000006c0000000,0x00000006c1b3c138,0x00000006c8300000)
 Metaspace       used 34856K, capacity 35296K, committed 35496K, reserved 1081344K
  class space    used 4414K, capacity 4521K, committed 4608K, reserved 1048576K
}

Deoptimization events (10 events):
Event: 96.584 Thread 0x00007fcae3819000 Uncommon trap: reason=class_check action=maybe_recompile pc=0x000000011335cf30 method=java.lang.StringCoding$StringDecoder.decode([BII)[C @ 30
Event: 96.604 Thread 0x00007fcae3819000 Uncommon trap: reason=bimorphic action=maybe_recompile pc=0x000000011330f11c method=java.lang.ClassLoader.loadClass(Ljava/lang/String;Z)Ljava/lang/Class; @ 2
Event: 96.604 Thread 0x00007fcae3819000 Uncommon trap: reason=bimorphic action=maybe_recompile pc=0x000000011330f11c method=java.lang.ClassLoader.loadClass(Ljava/lang/String;Z)Ljava/lang/Class; @ 2
Event: 96.604 Thread 0x00007fcae3819000 Uncommon trap: reason=bimorphic action=maybe_recompile pc=0x000000011330f11c method=java.lang.ClassLoader.loadClass(Ljava/lang/String;Z)Ljava/lang/Class; @ 2
Event: 96.604 Thread 0x00007fcae3819000 Uncommon trap: reason=bimorphic action=maybe_recompile pc=0x000000011330f11c method=java.lang.ClassLoader.loadClass(Ljava/lang/String;Z)Ljava/lang/Class; @ 2
Event: 96.649 Thread 0x00007fcae3819000 Uncommon trap: reason=class_check action=maybe_recompile pc=0x000000011333ddb8 method=java.lang.StringCoding$StringDecoder.charsetName()Ljava/lang/String; @ 4
Event: 96.661 Thread 0x00007fcae3819000 Uncommon trap: reason=unstable_if action=reinterpret pc=0x0000000112c03010 method=java.security.CodeSource.getCertificates()[Ljava/security/cert/Certificate; @ 22
Event: 99.619 Thread 0x00007fcae45fe000 Uncommon trap: reason=unstable_if action=reinterpret pc=0x0000000113884268 method=org.springframework.core.annotation.AnnotationUtils.synthesizeAnnotation(Ljava/lang/annotation/Annotation;Ljava/lang/Object;)Ljava/lang/annotation/Annotation; @ 10
Event: 99.620 Thread 0x00007fcae45fe000 Uncommon trap: reason=unstable_if action=reinterpret pc=0x00000001138b24e0 method=java.lang.CharacterDataLatin1.digit(II)I @ 82
Event: 99.624 Thread 0x00007fcae45fe000 Uncommon trap: reason=unstable_if action=reinterpret pc=0x00000001138b0678 method=java.lang.CharacterDataLatin1.digit(II)I @ 60

Internal exceptions (10 events):
Event: 96.453 Thread 0x00007fcae3819000 Exception <a 'java/lang/ClassNotFoundException': org/springframework/web/servlet/theme/FixedThemeResolverCustomizer> (0x000000076e5705e8) thrown at [/Users/java_re/workspace/8-2-build-macosx-x86_64/jdk8u65/4987/hotspot/src/share/vm/classfile/systemDiction
Event: 96.454 Thread 0x00007fcae3819000 Exception <a 'java/lang/ClassNotFoundException': org/springframework/web/servlet/ThemeResolverCustomizer> (0x000000076e58c778) thrown at [/Users/java_re/workspace/8-2-build-macosx-x86_64/jdk8u65/4987/hotspot/src/share/vm/classfile/systemDictionary.cpp, li
Event: 96.456 Thread 0x00007fcae3819000 Exception <a 'java/lang/ClassNotFoundException': java/lang/ObjectCustomizer> (0x000000076e5abba0) thrown at [/Users/java_re/workspace/8-2-build-macosx-x86_64/jdk8u65/4987/hotspot/src/share/vm/classfile/systemDictionary.cpp, line 210]
Event: 96.456 Thread 0x00007fcae3819000 Exception <a 'java/lang/ClassNotFoundException': org/springframework/web/servlet/view/DefaultRequestToViewNameTranslatorCustomizer> (0x000000076e5cedb0) thrown at [/Users/java_re/workspace/8-2-build-macosx-x86_64/jdk8u65/4987/hotspot/src/share/vm/classfil
Event: 96.457 Thread 0x00007fcae3819000 Exception <a 'java/lang/ClassNotFoundException': org/springframework/web/servlet/RequestToViewNameTranslatorCustomizer> (0x000000076e5fd170) thrown at [/Users/java_re/workspace/8-2-build-macosx-x86_64/jdk8u65/4987/hotspot/src/share/vm/classfile/systemDict
Event: 96.459 Thread 0x00007fcae3819000 Exception <a 'java/lang/ClassNotFoundException': java/lang/ObjectCustomizer> (0x000000076e62caa8) thrown at [/Users/java_re/workspace/8-2-build-macosx-x86_64/jdk8u65/4987/hotspot/src/share/vm/classfile/systemDictionary.cpp, line 210]
Event: 96.460 Thread 0x00007fcae3819000 Exception <a 'java/lang/ClassNotFoundException': org/springframework/web/servlet/support/AbstractFlashMapManagerCustomizer> (0x000000076e64da78) thrown at [/Users/java_re/workspace/8-2-build-macosx-x86_64/jdk8u65/4987/hotspot/src/share/vm/classfile/system
Event: 96.460 Thread 0x00007fcae3819000 Exception <a 'java/lang/ClassNotFoundException': org/springframework/web/servlet/support/SessionFlashMapManagerCustomizer> (0x000000076e6728d0) thrown at [/Users/java_re/workspace/8-2-build-macosx-x86_64/jdk8u65/4987/hotspot/src/share/vm/classfile/systemD
Event: 96.460 Thread 0x00007fcae3819000 Exception <a 'java/lang/ClassNotFoundException': org/springframework/web/servlet/FlashMapManagerCustomizer> (0x000000076e68e9b0) thrown at [/Users/java_re/workspace/8-2-build-macosx-x86_64/jdk8u65/4987/hotspot/src/share/vm/classfile/systemDictionary.cpp, 
Event: 96.481 Thread 0x00007fcae3819000 Implicit null exception at 0x000000011382b236 to 0x000000011383425d

Events (10 events):
Event: 163.775 Thread 0x00007fcade82e000 flushing nmethod 0x00000001131e0f10
Event: 163.775 Thread 0x00007fcade82e000 flushing nmethod 0x0000000113299250
Event: 163.775 Thread 0x00007fcade82e000 flushing nmethod 0x0000000113299610
Event: 163.875 Thread 0x00007fcade82e000 flushing nmethod 0x0000000113304ed0
Event: 163.875 Thread 0x00007fcade82e000 flushing nmethod 0x000000011330d910
Event: 163.875 Thread 0x00007fcade82e000 flushing nmethod 0x000000011335c710
Event: 163.875 Thread 0x00007fcade82e000 flushing nmethod 0x00000001133675d0
Event: 164.816 Thread 0x00007fcadc857800 flushing nmethod 0x00000001137c8ad0
Event: 164.816 Thread 0x00007fcadc857800 flushing nmethod 0x00000001137c9a90
Event: 164.816 Thread 0x00007fcadc857800 flushing nmethod 0x0000000113829990


Dynamic libraries:
0x00000000414c9000 	/System/Library/Frameworks/Cocoa.framework/Versions/A/Cocoa
0x00000000414c9000 	/System/Library/Frameworks/Security.framework/Versions/A/Security
0x00000000414c9000 	/System/Library/Frameworks/ApplicationServices.framework/Versions/A/ApplicationServices
0x00000000414c9000 	/usr/lib/libz.1.dylib
0x00000000414c9000 	/usr/lib/libSystem.B.dylib
0x00000000414c9000 	/usr/lib/libobjc.A.dylib
0x00000000414c9000 	/System/Library/Frameworks/CoreFoundation.framework/Versions/A/CoreFoundation
0x00000000414c9000 	/System/Library/Frameworks/Foundation.framework/Versions/C/Foundation
0x00000000414c9000 	/System/Library/Frameworks/AppKit.framework/Versions/C/AppKit
0x00000000414c9000 	/System/Library/Frameworks/CoreData.framework/Versions/A/CoreData
0x00000000414c9000 	/System/Library/PrivateFrameworks/RemoteViewServices.framework/Versions/A/RemoteViewServices
0x00000000414c9000 	/System/Library/PrivateFrameworks/UIFoundation.framework/Versions/A/UIFoundation
0x00000000414c9000 	/System/Library/PrivateFrameworks/DFRFoundation.framework/Versions/A/DFRFoundation
0x00000000414c9000 	/usr/lib/libenergytrace.dylib
0x00000000414c9000 	/System/Library/PrivateFrameworks/SkyLight.framework/Versions/A/SkyLight
0x00000000414c9000 	/System/Library/Frameworks/CoreGraphics.framework/Versions/A/CoreGraphics
0x00000000414c9000 	/usr/lib/libScreenReader.dylib
0x00000000414c9000 	/System/Library/Frameworks/Accelerate.framework/Versions/A/Accelerate
0x00000000414c9000 	/System/Library/Frameworks/IOSurface.framework/Versions/A/IOSurface
0x00000000414c9000 	/System/Library/Frameworks/AudioToolbox.framework/Versions/A/AudioToolbox
0x00000000414c9000 	/System/Library/Frameworks/AudioUnit.framework/Versions/A/AudioUnit
0x00000000414c9000 	/System/Library/PrivateFrameworks/DataDetectorsCore.framework/Versions/A/DataDetectorsCore
0x00000000414c9000 	/System/Library/PrivateFrameworks/DesktopServicesPriv.framework/Versions/A/DesktopServicesPriv
0x00000000414c9000 	/System/Library/Frameworks/Carbon.framework/Versions/A/Frameworks/HIToolbox.framework/Versions/A/HIToolbox
0x00000000414c9000 	/usr/lib/libicucore.A.dylib
0x00000000414c9000 	/System/Library/Frameworks/QuartzCore.framework/Versions/A/QuartzCore
0x00000000414c9000 	/System/Library/Frameworks/Carbon.framework/Versions/A/Frameworks/SpeechRecognition.framework/Versions/A/SpeechRecognition
0x00000000414c9000 	/usr/lib/libauto.dylib
0x00000000414c9000 	/usr/lib/libxml2.2.dylib
0x00000000414c9000 	/System/Library/PrivateFrameworks/CoreUI.framework/Versions/A/CoreUI
0x00000000414c9000 	/System/Library/Frameworks/CoreAudio.framework/Versions/A/CoreAudio
0x00000000414c9000 	/System/Library/Frameworks/DiskArbitration.framework/Versions/A/DiskArbitration
0x00000000414c9000 	/usr/lib/liblangid.dylib
0x00000000414c9000 	/System/Library/PrivateFrameworks/MultitouchSupport.framework/Versions/A/MultitouchSupport
0x00000000414c9000 	/System/Library/Frameworks/IOKit.framework/Versions/A/IOKit
0x00000000414c9000 	/usr/lib/libDiagnosticMessagesClient.dylib
0x00000000414c9000 	/System/Library/Frameworks/CoreServices.framework/Versions/A/CoreServices
0x00000000414c9000 	/System/Library/PrivateFrameworks/PerformanceAnalysis.framework/Versions/A/PerformanceAnalysis
0x00000000414c9000 	/System/Library/PrivateFrameworks/GenerationalStorage.framework/Versions/A/GenerationalStorage
0x00000000414c9000 	/System/Library/Frameworks/OpenGL.framework/Versions/A/OpenGL
0x00000000414c9000 	/System/Library/Frameworks/CoreImage.framework/Versions/A/CoreImage
0x00000000414c9000 	/System/Library/Frameworks/CoreText.framework/Versions/A/CoreText
0x00000000414c9000 	/System/Library/Frameworks/ImageIO.framework/Versions/A/ImageIO
0x00000000414c9000 	/System/Library/PrivateFrameworks/Backup.framework/Versions/A/Backup
0x00000000414c9000 	/usr/lib/libarchive.2.dylib
0x00000000414c9000 	/System/Library/Frameworks/CFNetwork.framework/Versions/A/CFNetwork
0x00000000414c9000 	/System/Library/Frameworks/SystemConfiguration.framework/Versions/A/SystemConfiguration
0x00000000414c9000 	/usr/lib/libCRFSuite.dylib
0x00000000414c9000 	/usr/lib/libc++.1.dylib
0x00000000414c9000 	/usr/lib/libc++abi.dylib
0x00000000414c9000 	/usr/lib/system/libcache.dylib
0x00000000414c9000 	/usr/lib/system/libcommonCrypto.dylib
0x00000000414c9000 	/usr/lib/system/libcompiler_rt.dylib
0x00000000414c9000 	/usr/lib/system/libcopyfile.dylib
0x00000000414c9000 	/usr/lib/system/libcorecrypto.dylib
0x00000000414c9000 	/usr/lib/system/libdispatch.dylib
0x00000000414c9000 	/usr/lib/system/libdyld.dylib
0x00000000414c9000 	/usr/lib/system/libkeymgr.dylib
0x00000000414c9000 	/usr/lib/system/liblaunch.dylib
0x00000000414c9000 	/usr/lib/system/libmacho.dylib
0x00000000414c9000 	/usr/lib/system/libquarantine.dylib
0x00000000414c9000 	/usr/lib/system/libremovefile.dylib
0x00000000414c9000 	/usr/lib/system/libsystem_asl.dylib
0x00000000414c9000 	/usr/lib/system/libsystem_blocks.dylib
0x00000000414c9000 	/usr/lib/system/libsystem_c.dylib
0x00000000414c9000 	/usr/lib/system/libsystem_configuration.dylib
0x00000000414c9000 	/usr/lib/system/libsystem_coreservices.dylib
0x00000000414c9000 	/usr/lib/system/libsystem_coretls.dylib
0x00000000414c9000 	/usr/lib/system/libsystem_dnssd.dylib
0x00000000414c9000 	/usr/lib/system/libsystem_info.dylib
0x00000000414c9000 	/usr/lib/system/libsystem_kernel.dylib
0x00000000414c9000 	/usr/lib/system/libsystem_m.dylib
0x00000000414c9000 	/usr/lib/system/libsystem_malloc.dylib
0x00000000414c9000 	/usr/lib/system/libsystem_network.dylib
0x00000000414c9000 	/usr/lib/system/libsystem_networkextension.dylib
0x00000000414c9000 	/usr/lib/system/libsystem_notify.dylib
0x00000000414c9000 	/usr/lib/system/libsystem_platform.dylib
0x00000000414c9000 	/usr/lib/system/libsystem_pthread.dylib
0x00000000414c9000 	/usr/lib/system/libsystem_sandbox.dylib
0x00000000414c9000 	/usr/lib/system/libsystem_secinit.dylib
0x00000000414c9000 	/usr/lib/system/libsystem_symptoms.dylib
0x00000000414c9000 	/usr/lib/system/libsystem_trace.dylib
0x00000000414c9000 	/usr/lib/system/libunwind.dylib
0x00000000414c9000 	/usr/lib/system/libxpc.dylib
0x00000000414c9000 	/usr/lib/libbsm.0.dylib
0x00000000414c9000 	/usr/lib/system/libkxld.dylib
0x00000000414c9000 	/usr/lib/libcoretls.dylib
0x00000000414c9000 	/usr/lib/libcoretls_cfhelpers.dylib
0x00000000414c9000 	/usr/lib/libxar.1.dylib
0x00000000414c9000 	/usr/lib/libsqlite3.dylib
0x00000000414c9000 	/usr/lib/libpam.2.dylib
0x00000000414c9000 	/usr/lib/libOpenScriptingUtil.dylib
0x00000000414c9000 	/usr/lib/libbz2.1.0.dylib
0x00000000414c9000 	/usr/lib/liblzma.5.dylib
0x00000000414c9000 	/usr/lib/libnetwork.dylib
0x00000000414c9000 	/usr/lib/libpcap.A.dylib
0x00000000414c9000 	/System/Library/Frameworks/CoreServices.framework/Versions/A/Frameworks/FSEvents.framework/Versions/A/FSEvents
0x00000000414c9000 	/System/Library/Frameworks/CoreServices.framework/Versions/A/Frameworks/CarbonCore.framework/Versions/A/CarbonCore
0x00000000414c9000 	/System/Library/Frameworks/CoreServices.framework/Versions/A/Frameworks/Metadata.framework/Versions/A/Metadata
0x00000000414c9000 	/System/Library/Frameworks/CoreServices.framework/Versions/A/Frameworks/OSServices.framework/Versions/A/OSServices
0x00000000414c9000 	/System/Library/Frameworks/CoreServices.framework/Versions/A/Frameworks/SearchKit.framework/Versions/A/SearchKit
0x00000000414c9000 	/System/Library/Frameworks/CoreServices.framework/Versions/A/Frameworks/AE.framework/Versions/A/AE
0x00000000414c9000 	/System/Library/Frameworks/CoreServices.framework/Versions/A/Frameworks/LaunchServices.framework/Versions/A/LaunchServices
0x00000000414c9000 	/System/Library/Frameworks/CoreServices.framework/Versions/A/Frameworks/DictionaryServices.framework/Versions/A/DictionaryServices
0x00000000414c9000 	/System/Library/Frameworks/CoreServices.framework/Versions/A/Frameworks/SharedFileList.framework/Versions/A/SharedFileList
0x00000000414c9000 	/System/Library/Frameworks/NetFS.framework/Versions/A/NetFS
0x00000000414c9000 	/System/Library/PrivateFrameworks/NetAuth.framework/Versions/A/NetAuth
0x00000000414c9000 	/System/Library/PrivateFrameworks/login.framework/Versions/A/Frameworks/loginsupport.framework/Versions/A/loginsupport
0x00000000414c9000 	/System/Library/PrivateFrameworks/TCC.framework/Versions/A/TCC
0x00000000414c9000 	/usr/lib/libmecabra.dylib
0x00000000414c9000 	/System/Library/Frameworks/ApplicationServices.framework/Versions/A/Frameworks/ATS.framework/Versions/A/ATS
0x00000000414c9000 	/System/Library/Frameworks/ApplicationServices.framework/Versions/A/Frameworks/ColorSync.framework/Versions/A/ColorSync
0x00000000414c9000 	/System/Library/Frameworks/ApplicationServices.framework/Versions/A/Frameworks/HIServices.framework/Versions/A/HIServices
0x00000000414c9000 	/System/Library/Frameworks/ApplicationServices.framework/Versions/A/Frameworks/LangAnalysis.framework/Versions/A/LangAnalysis
0x00000000414c9000 	/System/Library/Frameworks/ApplicationServices.framework/Versions/A/Frameworks/PrintCore.framework/Versions/A/PrintCore
0x00000000414c9000 	/System/Library/Frameworks/ApplicationServices.framework/Versions/A/Frameworks/QD.framework/Versions/A/QD
0x00000000414c9000 	/System/Library/Frameworks/ApplicationServices.framework/Versions/A/Frameworks/SpeechSynthesis.framework/Versions/A/SpeechSynthesis
0x00000000414c9000 	/System/Library/Frameworks/Accelerate.framework/Versions/A/Frameworks/vImage.framework/Versions/A/vImage
0x00000000414c9000 	/System/Library/Frameworks/Accelerate.framework/Versions/A/Frameworks/vecLib.framework/Versions/A/vecLib
0x00000000414c9000 	/System/Library/Frameworks/Accelerate.framework/Versions/A/Frameworks/vecLib.framework/Versions/A/libvDSP.dylib
0x00000000414c9000 	/System/Library/Frameworks/Accelerate.framework/Versions/A/Frameworks/vecLib.framework/Versions/A/libBNNS.dylib
0x00000000414c9000 	/System/Library/Frameworks/Accelerate.framework/Versions/A/Frameworks/vecLib.framework/Versions/A/libQuadrature.dylib
0x00000000414c9000 	/System/Library/Frameworks/Accelerate.framework/Versions/A/Frameworks/vecLib.framework/Versions/A/libvMisc.dylib
0x00000000414c9000 	/System/Library/Frameworks/Accelerate.framework/Versions/A/Frameworks/vecLib.framework/Versions/A/libLAPACK.dylib
0x00000000414c9000 	/System/Library/Frameworks/Accelerate.framework/Versions/A/Frameworks/vecLib.framework/Versions/A/libBLAS.dylib
0x00000000414c9000 	/System/Library/Frameworks/Accelerate.framework/Versions/A/Frameworks/vecLib.framework/Versions/A/libLinearAlgebra.dylib
0x00000000414c9000 	/System/Library/Frameworks/Accelerate.framework/Versions/A/Frameworks/vecLib.framework/Versions/A/libSparseBLAS.dylib
0x00000000414c9000 	/System/Library/Frameworks/ApplicationServices.framework/Versions/A/Frameworks/ATS.framework/Versions/A/Resources/libFontParser.dylib
0x00000000414c9000 	/System/Library/Frameworks/ApplicationServices.framework/Versions/A/Frameworks/ATS.framework/Versions/A/Resources/libFontRegistry.dylib
0x00000000414c9000 	/System/Library/Frameworks/ImageIO.framework/Versions/A/Resources/libJPEG.dylib
0x00000000414c9000 	/System/Library/Frameworks/ImageIO.framework/Versions/A/Resources/libTIFF.dylib
0x00000000414c9000 	/System/Library/Frameworks/ImageIO.framework/Versions/A/Resources/libPng.dylib
0x00000000414c9000 	/System/Library/Frameworks/ImageIO.framework/Versions/A/Resources/libGIF.dylib
0x00000000414c9000 	/System/Library/Frameworks/ImageIO.framework/Versions/A/Resources/libJP2.dylib
0x00000000414c9000 	/System/Library/Frameworks/ImageIO.framework/Versions/A/Resources/libRadiance.dylib
0x00000000414c9000 	/usr/lib/libcompression.dylib
0x00000000414c9000 	/System/Library/PrivateFrameworks/AppleJPEG.framework/Versions/A/AppleJPEG
0x00000000414c9000 	/usr/lib/libcups.2.dylib
0x00000000414c9000 	/System/Library/Frameworks/Kerberos.framework/Versions/A/Kerberos
0x00000000414c9000 	/System/Library/Frameworks/GSS.framework/Versions/A/GSS
0x00000000414c9000 	/usr/lib/libresolv.9.dylib
0x00000000414c9000 	/usr/lib/libiconv.2.dylib
0x00000000414c9000 	/System/Library/PrivateFrameworks/Heimdal.framework/Versions/A/Heimdal
0x00000000414c9000 	/usr/lib/libheimdal-asn1.dylib
0x00000000414c9000 	/System/Library/Frameworks/OpenDirectory.framework/Versions/A/OpenDirectory
0x00000000414c9000 	/System/Library/PrivateFrameworks/CommonAuth.framework/Versions/A/CommonAuth
0x00000000414c9000 	/System/Library/Frameworks/OpenDirectory.framework/Versions/A/Frameworks/CFOpenDirectory.framework/Versions/A/CFOpenDirectory
0x00000000414c9000 	/System/Library/Frameworks/SecurityFoundation.framework/Versions/A/SecurityFoundation
0x00000000414c9000 	/System/Library/PrivateFrameworks/LanguageModeling.framework/Versions/A/LanguageModeling
0x00000000414c9000 	/usr/lib/libmarisa.dylib
0x00000000414c9000 	/usr/lib/libChineseTokenizer.dylib
0x00000000414c9000 	/usr/lib/libcmph.dylib
0x00000000414c9000 	/System/Library/PrivateFrameworks/CoreEmoji.framework/Versions/A/CoreEmoji
0x00000000414c9000 	/System/Library/Frameworks/ServiceManagement.framework/Versions/A/ServiceManagement
0x00000000414c9000 	/usr/lib/libxslt.1.dylib
0x00000000414c9000 	/System/Library/Frameworks/Carbon.framework/Versions/A/Frameworks/Ink.framework/Versions/A/Ink
0x00000000414c9000 	/System/Library/PrivateFrameworks/TextureIO.framework/Versions/A/TextureIO
0x00000000414c9000 	/System/Library/Frameworks/Metal.framework/Versions/A/Metal
0x00000000414c9000 	/usr/lib/libate.dylib
0x00000000414c9000 	/System/Library/PrivateFrameworks/GPUCompiler.framework/libmetal_timestamp.dylib
0x00000000414c9000 	/System/Library/Frameworks/OpenGL.framework/Versions/A/Libraries/libCoreFSCache.dylib
0x00000000414c9000 	/System/Library/PrivateFrameworks/IOAccelerator.framework/Versions/A/IOAccelerator
0x00000000414c9000 	/System/Library/Frameworks/CoreVideo.framework/Versions/A/CoreVideo
0x00000000414c9000 	/usr/lib/libFosl_dynamic.dylib
0x00000000414c9000 	/System/Library/PrivateFrameworks/MetalPerformanceShaders.framework/Versions/A/MetalPerformanceShaders
0x00000000414c9000 	/System/Library/PrivateFrameworks/FaceCore.framework/Versions/A/FaceCore
0x00000000414c9000 	/System/Library/Frameworks/OpenCL.framework/Versions/A/OpenCL
0x00000000414c9000 	/System/Library/Frameworks/OpenGL.framework/Versions/A/Libraries/libGLU.dylib
0x00000000414c9000 	/System/Library/Frameworks/OpenGL.framework/Versions/A/Libraries/libGFXShared.dylib
0x00000000414c9000 	/System/Library/Frameworks/OpenGL.framework/Versions/A/Libraries/libGL.dylib
0x00000000414c9000 	/System/Library/Frameworks/OpenGL.framework/Versions/A/Libraries/libGLImage.dylib
0x00000000414c9000 	/System/Library/Frameworks/OpenGL.framework/Versions/A/Libraries/libCVMSPluginSupport.dylib
0x00000000414c9000 	/System/Library/Frameworks/OpenGL.framework/Versions/A/Libraries/libCoreVMClient.dylib
0x00000000414c9000 	/System/Library/PrivateFrameworks/CrashReporterSupport.framework/Versions/A/CrashReporterSupport
0x00000000414c9000 	/System/Library/PrivateFrameworks/Sharing.framework/Versions/A/Sharing
0x00000000414c9000 	/System/Library/PrivateFrameworks/IconServices.framework/Versions/A/IconServices
0x00000000414c9000 	/System/Library/PrivateFrameworks/ProtocolBuffer.framework/Versions/A/ProtocolBuffer
0x00000000414c9000 	/System/Library/PrivateFrameworks/Apple80211.framework/Versions/A/Apple80211
0x00000000414c9000 	/System/Library/Frameworks/CoreWLAN.framework/Versions/A/CoreWLAN
0x00000000414c9000 	/System/Library/PrivateFrameworks/CoreUtils.framework/Versions/A/CoreUtils
0x00000000414c9000 	/System/Library/Frameworks/IOBluetooth.framework/Versions/A/IOBluetooth
0x00000000414c9000 	/System/Library/PrivateFrameworks/CoreWiFi.framework/Versions/A/CoreWiFi
0x00000000414c9000 	/System/Library/Frameworks/CoreBluetooth.framework/Versions/A/CoreBluetooth
0x00000000414c9000 	/System/Library/Frameworks/CoreDisplay.framework/Versions/A/CoreDisplay
0x00000000414c9000 	/System/Library/PrivateFrameworks/IOPresentment.framework/Versions/A/IOPresentment
0x00000000414c9000 	/System/Library/PrivateFrameworks/DebugSymbols.framework/Versions/A/DebugSymbols
0x00000000414c9000 	/System/Library/PrivateFrameworks/CoreSymbolication.framework/Versions/A/CoreSymbolication
0x00000000414c9000 	/System/Library/PrivateFrameworks/Symbolication.framework/Versions/A/Symbolication
0x00000000414c9000 	/System/Library/PrivateFrameworks/AppleFSCompression.framework/Versions/A/AppleFSCompression
0x00000000414c9000 	/System/Library/PrivateFrameworks/SpeechRecognitionCore.framework/Versions/A/SpeechRecognitionCore
0x00000000414c9000 	/System/Library/PrivateFrameworks/ChunkingLibrary.framework/Versions/A/ChunkingLibrary
0x000000010c000000 	/Library/Java/JavaVirtualMachines/jdk1.8.0_65.jdk/Contents/Home/jre/lib/server/libjvm.dylib
0x00000000414c9000 	/usr/lib/libstdc++.6.dylib
0x000000010af6a000 	/Library/Java/JavaVirtualMachines/jdk1.8.0_65.jdk/Contents/Home/jre/lib/libverify.dylib
0x000000010af78000 	/Library/Java/JavaVirtualMachines/jdk1.8.0_65.jdk/Contents/Home/jre/lib/libjava.dylib
0x000000010afb7000 	/Library/Java/JavaVirtualMachines/jdk1.8.0_65.jdk/Contents/Home/jre/lib/libzip.dylib
0x0000000111016000 	/System/Library/Frameworks/JavaVM.framework/Frameworks/JavaRuntimeSupport.framework/JavaRuntimeSupport
0x000000010afe9000 	/System/Library/Frameworks/JavaVM.framework/Versions/A/Frameworks/JavaNativeFoundation.framework/Versions/A/JavaNativeFoundation
0x0000000111030000 	/System/Library/Frameworks/JavaVM.framework/Versions/A/JavaVM
0x00000000414c9000 	/System/Library/Frameworks/Carbon.framework/Versions/A/Carbon
0x000000011103d000 	/System/Library/PrivateFrameworks/JavaLaunching.framework/Versions/A/JavaLaunching
0x00000000414c9000 	/System/Library/Frameworks/Carbon.framework/Versions/A/Frameworks/CommonPanels.framework/Versions/A/CommonPanels
0x00000000414c9000 	/System/Library/Frameworks/Carbon.framework/Versions/A/Frameworks/Help.framework/Versions/A/Help
0x00000000414c9000 	/System/Library/Frameworks/Carbon.framework/Versions/A/Frameworks/ImageCapture.framework/Versions/A/ImageCapture
0x00000000414c9000 	/System/Library/Frameworks/Carbon.framework/Versions/A/Frameworks/OpenScripting.framework/Versions/A/OpenScripting
0x00000000414c9000 	/System/Library/Frameworks/Carbon.framework/Versions/A/Frameworks/Print.framework/Versions/A/Print
0x00000000414c9000 	/System/Library/Frameworks/Carbon.framework/Versions/A/Frameworks/SecurityHI.framework/Versions/A/SecurityHI
0x00000001113c8000 	/Applications/IntelliJ IDEA.app/Contents/bin/libbreakgen64.jnilib
0x00000001113cb000 	/Library/Java/JavaVirtualMachines/jdk1.8.0_65.jdk/Contents/Home/jre/lib/libnet.dylib
0x0000000111522000 	/Library/Java/JavaVirtualMachines/jdk1.8.0_65.jdk/Contents/Home/jre/lib/libmanagement.dylib
0x000000011157f000 	/Library/Java/JavaVirtualMachines/jdk1.8.0_65.jdk/Contents/Home/jre/lib/libnio.dylib
0x000000011144d000 	/Users/sophatvathana/Desktop/Project/ipcam/IPCAM-VIDEO-STREAMING-API/native/mac/x86_64/strmrecv.dylib
0x000000012acf5000 	/Library/Java/JavaVirtualMachines/jdk1.8.0_65.jdk/Contents/Home/jre/lib/libsunec.dylib
0x000000012c44d000 	/Users/sophatvathana/Desktop/Project/ipcam/IPCAM-VIDEO-STREAMING-API/native/mac/x86_64/libavutil.55.dylib
0x00000000414c9000 	/System/Library/Frameworks/AVFoundation.framework/Versions/A/AVFoundation
0x00000000414c9000 	/System/Library/Frameworks/CoreMedia.framework/Versions/A/CoreMedia
0x00000000414c9000 	/System/Library/Frameworks/VideoToolbox.framework/Versions/A/VideoToolbox
0x00000001114a4000 	/System/Library/Frameworks/VideoDecodeAcceleration.framework/Versions/A/VideoDecodeAcceleration
0x00000000414c9000 	/System/Library/Frameworks/AVFoundation.framework/Versions/A/Frameworks/AVFAudio.framework/Versions/A/AVFAudio
0x00000000414c9000 	/System/Library/Frameworks/MediaToolbox.framework/Versions/A/MediaToolbox
0x00000000414c9000 	/System/Library/PrivateFrameworks/IntlPreferences.framework/Versions/A/IntlPreferences
0x00000000414c9000 	/System/Library/Frameworks/CoreMediaIO.framework/Versions/A/CoreMediaIO
0x00000000414c9000 	/usr/lib/libspindump.dylib
0x00000000414c9000 	/usr/lib/libdscsym.dylib
0x00000000414c9000 	/System/Library/PrivateFrameworks/CoreAVCHD.framework/Versions/A/CoreAVCHD
0x00000000414c9000 	/System/Library/Frameworks/MediaAccessibility.framework/Versions/A/MediaAccessibility
0x00000000414c9000 	/System/Library/PrivateFrameworks/Mangrove.framework/Versions/A/Mangrove
0x00000000414c9000 	/System/Library/PrivateFrameworks/CoreAUC.framework/Versions/A/CoreAUC
0x00000000414c9000 	/System/Library/PrivateFrameworks/AppleVA.framework/Versions/A/AppleVA
0x00000000414c9000 	/System/Library/PrivateFrameworks/XPCService.framework/Versions/A/XPCService
0x00000000414c9000 	/System/Library/PrivateFrameworks/AppSandbox.framework/Versions/A/AppSandbox
0x00000000414c9000 	/usr/lib/libsandbox.1.dylib
0x00000000414c9000 	/System/Library/PrivateFrameworks/AppContainer.framework/Versions/A/AppContainer
0x00000000414c9000 	/System/Library/PrivateFrameworks/SecCodeWrapper.framework/Versions/A/SecCodeWrapper
0x00000000414c9000 	/usr/lib/libMatch.1.dylib
0x0000000111611000 	/Users/sophatvathana/Desktop/Project/ipcam/IPCAM-VIDEO-STREAMING-API/native/mac/x86_64/libswresample.2.dylib
0x000000012c4cc000 	/Users/sophatvathana/Desktop/Project/ipcam/IPCAM-VIDEO-STREAMING-API/native/mac/x86_64/libavcodec.57.dylib
0x000000012d9c4000 	/Users/sophatvathana/Desktop/Project/ipcam/IPCAM-VIDEO-STREAMING-API/native/mac/x86_64/libavformat.57.dylib

VM Arguments:
jvm_args: -Dspring.output.ansi.enabled=always -Didea.launcher.port=7536 -Didea.launcher.bin.path=/Applications/IntelliJ IDEA.app/Contents/bin -Dfile.encoding=UTF-8 
java_command: com.intellij.rt.execution.application.AppMain kh.com.kshrd.ipcam.IpcamVideoStreamingApiApplication
java_class_path (initial): /Library/Java/JavaVirtualMachines/jdk1.8.0_65.jdk/Contents/Home/jre/lib/charsets.jar:/Library/Java/JavaVirtualMachines/jdk1.8.0_65.jdk/Contents/Home/jre/lib/deploy.jar:/Library/Java/JavaVirtualMachines/jdk1.8.0_65.jdk/Contents/Home/jre/lib/ext/cldrdata.jar:/Library/Java/JavaVirtualMachines/jdk1.8.0_65.jdk/Contents/Home/jre/lib/ext/dnsns.jar:/Library/Java/JavaVirtualMachines/jdk1.8.0_65.jdk/Contents/Home/jre/lib/ext/jaccess.jar:/Library/Java/JavaVirtualMachines/jdk1.8.0_65.jdk/Contents/Home/jre/lib/ext/jfxrt.jar:/Library/Java/JavaVirtualMachines/jdk1.8.0_65.jdk/Contents/Home/jre/lib/ext/localedata.jar:/Library/Java/JavaVirtualMachines/jdk1.8.0_65.jdk/Contents/Home/jre/lib/ext/nashorn.jar:/Library/Java/JavaVirtualMachines/jdk1.8.0_65.jdk/Contents/Home/jre/lib/ext/sunec.jar:/Library/Java/JavaVirtualMachines/jdk1.8.0_65.jdk/Contents/Home/jre/lib/ext/sunjce_provider.jar:/Library/Java/JavaVirtualMachines/jdk1.8.0_65.jdk/Contents/Home/jre/lib/ext/sunpkcs11.jar:/Library/Java/JavaVirtualMachines/jdk1.8.0_65.jdk/Contents/Home/jre/lib/ext/zipfs.jar:/Library/Java/JavaVirtualMachines/jdk1.8.0_65.jdk/Contents/Home/jre/lib/javaws.jar:/Library/Java/JavaVirtualMachines/jdk1.8.0_65.jdk/Contents/Home/jre/lib/jce.jar:/Library/Java/JavaVirtualMachines/jdk1.8.0_65.jdk/Contents/Home/jre/lib/jfr.jar:/Library/Java/JavaVirtualMachines/jdk1.8.0_65.jdk/Contents/Home/jre/lib/jfxswt.jar:/Library/Java/JavaVirtualMachines/jdk1.8.0_65.jdk/Contents/Home/jre/lib/jsse.jar:/Library/Java/JavaVirtualMachines/jdk1.8.0_65.jdk/Contents/Home/jre/lib/management-agent.jar:/Library/Java/JavaVirtualMachines/jdk1.8.0_65.jdk/Contents/Home/jre/lib/plugin.jar:/Library/Java/JavaVirtualMachines/jdk1.8.0_65.jdk/Contents/Home/jre/lib/resources.jar:/Library/Java/JavaVirtualMachines/jdk1.8.0_65.jdk/Contents/Home/jre/lib/rt.jar:/Library/Java/JavaVirtualMachines/jdk1.8.0_65.jdk/Contents/Home/lib/dt.jar:/Library/Java/JavaVirtualMachines/jdk1.8.0_65.jdk/Contents/Home/lib/javafx-mx.jar:/Library/Jav
Launcher Type: SUN_STANDARD

Environment Variables:
PATH=/Library/Frameworks/Python.framework/Versions/3.5/bin:/usr/local/bin:/usr/bin:/bin:/usr/sbin:/sbin
SHELL=/bin/zsh

Signal Handlers:
SIGSEGV: [libjvm.dylib+0x5a6d31], sa_mask[0]=11111111011111110111111111111111, sa_flags=SA_ONSTACK|SA_RESTART|SA_SIGINFO
SIGBUS: [libjvm.dylib+0x5a6d31], sa_mask[0]=11111111011111110111111111111111, sa_flags=SA_RESTART|SA_SIGINFO
SIGFPE: [libjvm.dylib+0x480a40], sa_mask[0]=11111111011111110111111111111111, sa_flags=SA_RESTART|SA_SIGINFO
SIGPIPE: [libjvm.dylib+0x480a40], sa_mask[0]=11111111011111110111111111111111, sa_flags=SA_RESTART|SA_SIGINFO
SIGXFSZ: [libjvm.dylib+0x480a40], sa_mask[0]=11111111011111110111111111111111, sa_flags=SA_RESTART|SA_SIGINFO
SIGILL: [libjvm.dylib+0x480a40], sa_mask[0]=11111111011111110111111111111111, sa_flags=SA_RESTART|SA_SIGINFO
SIGUSR1: SIG_DFL, sa_mask[0]=00000000000000000000000000000000, sa_flags=none
SIGUSR2: [libjvm.dylib+0x48055e], sa_mask[0]=00100000000000000000000000000000, sa_flags=SA_RESTART|SA_SIGINFO
SIGHUP: [libjvm.dylib+0x47eb35], sa_mask[0]=11111111011111110111111111111111, sa_flags=SA_RESTART|SA_SIGINFO
SIGINT: [libjvm.dylib+0x47eb35], sa_mask[0]=11111111011111110111111111111111, sa_flags=SA_RESTART|SA_SIGINFO
SIGTERM: [libjvm.dylib+0x47eb35], sa_mask[0]=11111111011111110111111111111111, sa_flags=SA_RESTART|SA_SIGINFO
SIGQUIT: [libjvm.dylib+0x47eb35], sa_mask[0]=11111111011111110111111111111111, sa_flags=SA_RESTART|SA_SIGINFO


---------------  S Y S T E M  ---------------

OS:Bsduname:Darwin 16.3.0 Darwin Kernel Version 16.3.0: Thu Nov 17 20:23:58 PST 2016; root:xnu-3789.31.2~1/RELEASE_X86_64 x86_64
rlimit: STACK 8192k, CORE 0k, NPROC 709, NOFILE 10240, AS infinity
load average:1.79 1.69 1.60

CPU:total 8 (4 cores per cpu, 2 threads per core) family 6 model 70 stepping 1, cmov, cx8, fxsr, mmx, sse, sse2, sse3, ssse3, sse4.1, sse4.2, popcnt, avx, avx2, aes, clmul, erms, lzcnt, ht, tsc, tscinvbit, bmi1, bmi2

Memory: 4k page, physical 16777216k(432900k free)

/proc/meminfo:


vm_info: Java HotSpot(TM) 64-Bit Server VM (25.65-b01) for bsd-amd64 JRE (1.8.0_65-b17), built on Oct  6 2015 15:36:46 by "java_re" with gcc 4.2.1 (Based on Apple Inc. build 5658) (LLVM build 2336.11.00)

time: Mon Dec 26 18:07:43 2016
elapsed time: 175 seconds (0d 0h 2m 55s)

