#
# A fatal error has been detected by the Java Runtime Environment:
#
#  SIGSEGV (0xb) at pc=0x0000000111513751, pid=3569, tid=4875
#
# JRE version: Java(TM) SE Runtime Environment (8.0_65-b17) (build 1.8.0_65-b17)
# Java VM: Java HotSpot(TM) 64-Bit Server VM (25.65-b01 mixed mode bsd-amd64 compressed oops)
# Problematic frame:
# C  [libavutil.55.dylib+0x19751]  av_freep+0x1
#
# Failed to write core dump. Core dumps have been disabled. To enable core dumping, try "ulimit -c unlimited" before starting Java again
#
# If you would like to submit a bug report, please visit:
#   http://bugreport.java.com/bugreport/crash.jsp
# The crash happened outside the Java Virtual Machine in native code.
# See problematic frame for where to report the bug.
#

---------------  T H R E A D  ---------------

Current thread (0x00007f914e3a3000):  JavaThread "Thread-3" daemon [_thread_in_native, id=4875, stack(0x000070000b555000,0x000070000b655000)]

siginfo: si_signo: 11 (SIGSEGV), si_code: 0 (unknown), si_addr: 0x0000000000000000

Registers:
RAX=0x0000000110af3500, RBX=0x0000000000000000, RCX=0x0000000000000000, RDX=0x00007f91494b2ff0
RSP=0x000070000b654700, RBP=0x000070000b654750, RSI=0x000070000b6547e8, RDI=0x474e494d41455254
R8 =0x0000000000000004, R9 =0x0000000000000488, R10=0x0000000113810100, R11=0x0000000111513750
R12=0x0000000000000000, R13=0x000000012aabdf88, R14=0x00007f91494b3028, R15=0x00007f91494b2ff8
RIP=0x0000000111513751, EFLAGS=0x0000000000010202, ERR=0x0000000000000000
  TRAPNO=0x000000000000000d

Top of Stack: (sp=0x000070000b654700)
0x000070000b654700:   0000000110af3500 000000012b06570c
0x000070000b654710:   0000000110af3500 00007f91494b2ff0
0x000070000b654720:   0000000000000000 000070000b6547e8
0x000070000b654730:   00007f914e3a3000 0000000110af2f32
0x000070000b654740:   000000012aabdf88 000070000b6547e8
0x000070000b654750:   000070000b6547b8 0000000113871954
0x000070000b654760:   000070000b6547b8 00000001138716e7
0x000070000b654770:   00000001138716a2 000070000b654778
0x000070000b654780:   000000012aabdf88 000070000b6547e8
0x000070000b654790:   000000012aac0028 0000000000000000
0x000070000b6547a0:   000000012aabdf88 0000000000000000
0x000070000b6547b0:   000070000b6547d8 000070000b654830
0x000070000b6547c0:   0000000113863c4d 0000000000000000
0x000070000b6547d0:   000000011386b578 00007f91494b2ff0
0x000070000b6547e0:   00000007703f6070 00000007703f6070
0x000070000b6547f0:   000070000b6547f0 000000012aabe296
0x000070000b654800:   000070000b654840 000000012aac0028
0x000070000b654810:   0000000000000000 000000012aabe2b8
0x000070000b654820:   000070000b6547d8 000070000b654840
0x000070000b654830:   000070000b654888 0000000113863c4d
0x000070000b654840:   00000007703f6070 000070000b654848
0x000070000b654850:   000000012aabe1d1 000070000b654898
0x000070000b654860:   000000012aac0028 0000000000000000
0x000070000b654870:   000000012aabe200 000070000b654840
0x000070000b654880:   000070000b654898 000070000b6548e0
0x000070000b654890:   0000000113863c4d 00000007703f6070
0x000070000b6548a0:   000070000b6548a0 00000001130c879d
0x000070000b6548b0:   000070000b654910 000000012aabc5b0
0x000070000b6548c0:   0000000000000000 00000001130c8910
0x000070000b6548d0:   000070000b654898 000070000b654910
0x000070000b6548e0:   000070000b654958 0000000113863c92
0x000070000b6548f0:   000000000000012c 0000000000000000 

Instructions: (pc=0x0000000111513751)
0x0000000111513731:   00 00 00 e8 6f a9 01 00 b8 f4 ff ff ff 48 83 c4
0x0000000111513741:   10 5b c3 66 66 66 2e 0f 1f 84 00 00 00 00 00 50
0x0000000111513751:   48 8b 07 48 c7 04 24 00 00 00 00 48 c7 07 00 00
0x0000000111513761:   00 00 48 89 c7 e8 3d a9 01 00 58 c3 0f 1f 00 48 

Register to memory mapping:

RAX=0x0000000110af3500: Java_kh_com_kshrd_core_RtspStream_openRtspInternal+0x90 in /Users/sophatvathana/Desktop/Project/ipcam/IPCAM-VIDEO-STREAMING-API/native/mac/x86_64/strmrecv.dylib at 0x0000000110af1000
RBX=0x0000000000000000 is an unknown value
RCX=0x0000000000000000 is an unknown value
RDX=0x00007f91494b2ff0 is an unknown value
RSP=0x000070000b654700 is pointing into the stack for thread: 0x00007f914e3a3000
RBP=0x000070000b654750 is pointing into the stack for thread: 0x00007f914e3a3000
RSI=0x000070000b6547e8 is pointing into the stack for thread: 0x00007f914e3a3000
RDI=0x474e494d41455254 is an unknown value
R8 =0x0000000000000004 is an unknown value
R9 =0x0000000000000488 is an unknown value
R10=0x0000000113810100 is an unknown value
R11=0x0000000111513750: av_freep+0 in /Users/sophatvathana/Desktop/Project/ipcam/IPCAM-VIDEO-STREAMING-API/native/mac/x86_64/libavutil.55.dylib at 0x00000001114fa000
R12=0x0000000000000000 is an unknown value
R13={method} {0x000000012aabdf88} 'releaseContextInternal' '(J)V' in 'kh/com/kshrd/core/RtspStream'
R14=0x00007f91494b3028 is an unknown value
R15=0x00007f91494b2ff8 is an unknown value


Stack: [0x000070000b555000,0x000070000b655000],  sp=0x000070000b654700,  free space=1021k
Native frames: (J=compiled Java code, j=interpreted, Vv=VM code, C=native code)
C  [libavutil.55.dylib+0x19751]  av_freep+0x1
j  kh.com.kshrd.core.RtspStream.releaseContextInternal(J)V+0
j  kh.com.kshrd.core.RtspStream.release()V+14
j  kh.com.kshrd.core.RtspStream.initialize()V+1
j  kh.com.kshrd.core.RtspCamera.run()V+269
j  java.lang.Thread.run()V+11
v  ~StubRoutines::call_stub
V  [libjvm.dylib+0x2eab02]
V  [libjvm.dylib+0x2eb290]
V  [libjvm.dylib+0x2eb43c]
V  [libjvm.dylib+0x345959]
V  [libjvm.dylib+0x5612d3]
V  [libjvm.dylib+0x5629ce]
V  [libjvm.dylib+0x48342e]
C  [libsystem_pthread.dylib+0x3aab]  _pthread_body+0xb4
C  [libsystem_pthread.dylib+0x39f7]  _pthread_body+0x0
C  [libsystem_pthread.dylib+0x31fd]  thread_start+0xd
C  0x0000000000000000

Java frames: (J=compiled Java code, j=interpreted, Vv=VM code)
j  kh.com.kshrd.core.RtspStream.releaseContextInternal(J)V+0
j  kh.com.kshrd.core.RtspStream.release()V+14
j  kh.com.kshrd.core.RtspStream.initialize()V+1
j  kh.com.kshrd.core.RtspCamera.run()V+269
j  java.lang.Thread.run()V+11
v  ~StubRoutines::call_stub

---------------  P R O C E S S  ---------------

Java Threads: ( => current thread )
  0x00007f914e2d9800 JavaThread "Thread-6" daemon [_thread_in_native, id=28931, stack(0x000070000c27c000,0x000070000c37c000)]
  0x00007f914d480000 JavaThread "http-nio-9999-exec-4" daemon [_thread_blocked, id=28419, stack(0x000070000c179000,0x000070000c279000)]
  0x00007f914f102800 JavaThread "Thread-5" daemon [_thread_in_native, id=27907, stack(0x000070000c076000,0x000070000c176000)]
  0x00007f914d170000 JavaThread "http-nio-9999-exec-3" daemon [_thread_blocked, id=27395, stack(0x000070000bf73000,0x000070000c073000)]
  0x00007f914d477000 JavaThread "Thread-4" daemon [_thread_in_native, id=26883, stack(0x000070000be70000,0x000070000bf70000)]
  0x00007f914d63d800 JavaThread "http-nio-9999-exec-2" daemon [_thread_blocked, id=26371, stack(0x000070000bd6d000,0x000070000be6d000)]
=>0x00007f914e3a3000 JavaThread "Thread-3" daemon [_thread_in_native, id=4875, stack(0x000070000b555000,0x000070000b655000)]
  0x00007f914e800800 JavaThread "http-nio-9999-exec-1" daemon [_thread_blocked, id=4107, stack(0x000070000b452000,0x000070000b552000)]
  0x00007f9148f72000 JavaThread "DestroyJavaVM" [_thread_blocked, id=7171, stack(0x000070000a016000,0x000070000a116000)]
  0x00007f914e0a7000 JavaThread "http-nio-9999-AsyncTimeout" daemon [_thread_blocked, id=25859, stack(0x000070000bc6a000,0x000070000bd6a000)]
  0x00007f914e0a6800 JavaThread "http-nio-9999-Acceptor-0" daemon [_thread_in_native, id=25347, stack(0x000070000bb67000,0x000070000bc67000)]
  0x00007f914cb8a800 JavaThread "http-nio-9999-ClientPoller-1" daemon [_thread_in_native, id=24835, stack(0x000070000ba64000,0x000070000bb64000)]
  0x00007f914cb89800 JavaThread "http-nio-9999-ClientPoller-0" daemon [_thread_in_native, id=24323, stack(0x000070000b961000,0x000070000ba61000)]
  0x00007f914cc61800 JavaThread "NioBlockingSelector.BlockPoller-1" daemon [_thread_in_native, id=23811, stack(0x000070000b85e000,0x000070000b95e000)]
  0x00007f914b175000 JavaThread "container-0" [_thread_blocked, id=23299, stack(0x000070000b75b000,0x000070000b85b000)]
  0x00007f9147c4f000 JavaThread "ContainerBackgroundProcessor[StandardEngine[Tomcat]]" daemon [_thread_blocked, id=22787, stack(0x000070000b658000,0x000070000b758000)]
  0x00007f9149881000 JavaThread "Monitor Ctrl-Break" daemon [_thread_in_native, id=22275, stack(0x000070000b34f000,0x000070000b44f000)]
  0x00007f9149801000 JavaThread "Service Thread" daemon [_thread_blocked, id=21251, stack(0x000070000b149000,0x000070000b249000)]
  0x00007f914883d000 JavaThread "C1 CompilerThread3" daemon [_thread_blocked, id=20739, stack(0x000070000b046000,0x000070000b146000)]
  0x00007f914b800000 JavaThread "C2 CompilerThread2" daemon [_thread_blocked, id=20227, stack(0x000070000af43000,0x000070000b043000)]
  0x00007f9148015000 JavaThread "C2 CompilerThread1" daemon [_thread_blocked, id=19715, stack(0x000070000ae40000,0x000070000af40000)]
  0x00007f9148013800 JavaThread "C2 CompilerThread0" daemon [_thread_blocked, id=19203, stack(0x000070000ad3d000,0x000070000ae3d000)]
  0x00007f914802b800 JavaThread "Signal Dispatcher" daemon [_thread_blocked, id=18691, stack(0x000070000ac3a000,0x000070000ad3a000)]
  0x00007f914b000000 JavaThread "Finalizer" daemon [_thread_blocked, id=14595, stack(0x000070000ab37000,0x000070000ac37000)]
  0x00007f9148008800 JavaThread "Reference Handler" daemon [_thread_blocked, id=14083, stack(0x000070000aa34000,0x000070000ab34000)]

Other Threads:
  0x00007f9147826800 VMThread [stack: 0x000070000a931000,0x000070000aa31000] [id=13571]
  0x00007f914a802800 WatcherThread [stack: 0x000070000b24c000,0x000070000b34c000] [id=21763]

VM state:not at safepoint (normal execution)

VM Mutex/Monitor currently owned by a thread: None

Heap:
 PSYoungGen      total 265728K, used 106366K [0x000000076ab00000, 0x0000000789a00000, 0x00000007c0000000)
  eden space 247808K, 42% used [0x000000076ab00000,0x00000007712dfbc0,0x0000000779d00000)
  from space 17920K, 0% used [0x0000000779d00000,0x0000000779d00000,0x000000077ae80000)
  to   space 19456K, 0% used [0x0000000788700000,0x0000000788700000,0x0000000789a00000)
 ParOldGen       total 137216K, used 27869K [0x00000006c0000000, 0x00000006c8600000, 0x000000076ab00000)
  object space 137216K, 20% used [0x00000006c0000000,0x00000006c1b37570,0x00000006c8600000)
 Metaspace       used 41004K, capacity 41588K, committed 41728K, reserved 1085440K
  class space    used 5153K, capacity 5292K, committed 5376K, reserved 1048576K

Card table byte_map: [0x000000010cb49000,0x000000010d34a000] byte_map_base: 0x0000000109549000

Marking Bits: (ParMarkBitMap*) 0x000000010c0dee20
 Begin Bits: [0x000000012285c000, 0x000000012685c000)
 End Bits:   [0x000000012685c000, 0x000000012a85c000)

Polling page: 0x000000010a649000

CodeCache: size=245760Kb used=14865Kb max_used=15356Kb free=230894Kb
 bounds [0x000000011385c000, 0x000000011477c000, 0x000000012285c000]
 total_blobs=4737 nmethods=4299 adapters=350
 compilation: enabled

Compilation events (10 events):
Event: 97.376 Thread 0x00007f914883d000 5028       3       sun.nio.ch.SelectorImpl::select (34 bytes)
Event: 97.377 Thread 0x00007f914883d000 nmethod 5028 0x0000000113be1850 code [0x0000000113be19e0, 0x0000000113be1cd8]
Event: 97.377 Thread 0x00007f914883d000 5029   !   3       sun.nio.ch.SelectorImpl::lockAndDoSelect (72 bytes)
Event: 97.377 Thread 0x00007f914883d000 nmethod 5029 0x0000000114075b10 code [0x0000000114075ce0, 0x00000001140766d8]
Event: 98.376 Thread 0x00007f914883d000 5030   !   3       sun.nio.ch.KQueueArrayWrapper::updateRegistrations (87 bytes)
Event: 98.377 Thread 0x00007f914883d000 nmethod 5030 0x0000000113a9dd90 code [0x0000000113a9df80, 0x0000000113a9e7b8]
Event: 101.389 Thread 0x00007f914883d000 5032   !   3       sun.nio.ch.KQueueSelectorImpl::updateSelectedKeys (265 bytes)
Event: 101.390 Thread 0x00007f914883d000 nmethod 5032 0x000000011405b890 code [0x000000011405bb00, 0x000000011405cbc8]
Event: 102.247 Thread 0x00007f914883d000 5033       3       java.nio.channels.spi.AbstractSelector::end (5 bytes)
Event: 102.248 Thread 0x00007f914883d000 nmethod 5033 0x0000000113be0e90 code [0x0000000113be1020, 0x0000000113be15b0]

GC Heap History (10 events):
Event: 11.433 GC heap before
{Heap before GC invocations=5 (full 1):
 PSYoungGen      total 141824K, used 10723K [0x000000076ab00000, 0x0000000774000000, 0x00000007c0000000)
  eden space 131072K, 0% used [0x000000076ab00000,0x000000076ab00000,0x0000000772b00000)
  from space 10752K, 99% used [0x0000000773580000,0x0000000773ff8f28,0x0000000774000000)
  to   space 10752K, 0% used [0x0000000772b00000,0x0000000772b00000,0x0000000773580000)
 ParOldGen       total 175104K, used 2798K [0x00000006c0000000, 0x00000006cab00000, 0x000000076ab00000)
  object space 175104K, 1% used [0x00000006c0000000,0x00000006c02bb888,0x00000006cab00000)
 Metaspace       used 20906K, capacity 21198K, committed 21296K, reserved 1069056K
  class space    used 2553K, capacity 2646K, committed 2688K, reserved 1048576K
Event: 11.466 GC heap after
Heap after GC invocations=5 (full 1):
 PSYoungGen      total 141824K, used 0K [0x000000076ab00000, 0x0000000774000000, 0x00000007c0000000)
  eden space 131072K, 0% used [0x000000076ab00000,0x000000076ab00000,0x0000000772b00000)
  from space 10752K, 0% used [0x0000000773580000,0x0000000773580000,0x0000000774000000)
  to   space 10752K, 0% used [0x0000000772b00000,0x0000000772b00000,0x0000000773580000)
 ParOldGen       total 84992K, used 11042K [0x00000006c0000000, 0x00000006c5300000, 0x000000076ab00000)
  object space 84992K, 12% used [0x00000006c0000000,0x00000006c0ac8a50,0x00000006c5300000)
 Metaspace       used 20906K, capacity 21198K, committed 21296K, reserved 1069056K
  class space    used 2553K, capacity 2646K, committed 2688K, reserved 1048576K
}
Event: 12.294 GC heap before
{Heap before GC invocations=6 (full 1):
 PSYoungGen      total 141824K, used 131072K [0x000000076ab00000, 0x0000000774000000, 0x00000007c0000000)
  eden space 131072K, 100% used [0x000000076ab00000,0x0000000772b00000,0x0000000772b00000)
  from space 10752K, 0% used [0x0000000773580000,0x0000000773580000,0x0000000774000000)
  to   space 10752K, 0% used [0x0000000772b00000,0x0000000772b00000,0x0000000773580000)
 ParOldGen       total 84992K, used 11042K [0x00000006c0000000, 0x00000006c5300000, 0x000000076ab00000)
  object space 84992K, 12% used [0x00000006c0000000,0x00000006c0ac8a50,0x00000006c5300000)
 Metaspace       used 27704K, capacity 28050K, committed 28416K, reserved 1075200K
  class space    used 3412K, capacity 3516K, committed 3584K, reserved 1048576K
Event: 12.308 GC heap after
Heap after GC invocations=6 (full 1):
 PSYoungGen      total 141824K, used 10729K [0x000000076ab00000, 0x000000077c300000, 0x00000007c0000000)
  eden space 131072K, 0% used [0x000000076ab00000,0x000000076ab00000,0x0000000772b00000)
  from space 10752K, 99% used [0x0000000772b00000,0x000000077357a7a8,0x0000000773580000)
  to   space 18944K, 0% used [0x000000077b080000,0x000000077b080000,0x000000077c300000)
 ParOldGen       total 84992K, used 20602K [0x00000006c0000000, 0x00000006c5300000, 0x000000076ab00000)
  object space 84992K, 24% used [0x00000006c0000000,0x00000006c141ea60,0x00000006c5300000)
 Metaspace       used 27704K, capacity 28050K, committed 28416K, reserved 1075200K
  class space    used 3412K, capacity 3516K, committed 3584K, reserved 1048576K
}
Event: 13.018 GC heap before
{Heap before GC invocations=7 (full 1):
 PSYoungGen      total 141824K, used 141801K [0x000000076ab00000, 0x000000077c300000, 0x00000007c0000000)
  eden space 131072K, 100% used [0x000000076ab00000,0x0000000772b00000,0x0000000772b00000)
  from space 10752K, 99% used [0x0000000772b00000,0x000000077357a7a8,0x0000000773580000)
  to   space 18944K, 0% used [0x000000077b080000,0x000000077b080000,0x000000077c300000)
 ParOldGen       total 84992K, used 20602K [0x00000006c0000000, 0x00000006c5300000, 0x000000076ab00000)
  object space 84992K, 24% used [0x00000006c0000000,0x00000006c141ea60,0x00000006c5300000)
 Metaspace       used 31198K, capacity 31618K, committed 31744K, reserved 1077248K
  class space    used 3879K, capacity 4004K, committed 4096K, reserved 1048576K
Event: 13.031 GC heap after
Heap after GC invocations=7 (full 1):
 PSYoungGen      total 263680K, used 12474K [0x000000076ab00000, 0x000000077c000000, 0x00000007c0000000)
  eden space 247808K, 0% used [0x000000076ab00000,0x000000076ab00000,0x0000000779d00000)
  from space 15872K, 78% used [0x000000077b080000,0x000000077bcaea38,0x000000077c000000)
  to   space 17920K, 0% used [0x0000000779d00000,0x0000000779d00000,0x000000077ae80000)
 ParOldGen       total 84992K, used 20610K [0x00000006c0000000, 0x00000006c5300000, 0x000000076ab00000)
  object space 84992K, 24% used [0x00000006c0000000,0x00000006c1420a60,0x00000006c5300000)
 Metaspace       used 31198K, capacity 31618K, committed 31744K, reserved 1077248K
  class space    used 3879K, capacity 4004K, committed 4096K, reserved 1048576K
}
Event: 13.677 GC heap before
{Heap before GC invocations=8 (full 1):
 PSYoungGen      total 263680K, used 154731K [0x000000076ab00000, 0x000000077c000000, 0x00000007c0000000)
  eden space 247808K, 57% used [0x000000076ab00000,0x00000007735ec2b0,0x0000000779d00000)
  from space 15872K, 78% used [0x000000077b080000,0x000000077bcaea38,0x000000077c000000)
  to   space 17920K, 0% used [0x0000000779d00000,0x0000000779d00000,0x000000077ae80000)
 ParOldGen       total 84992K, used 20610K [0x00000006c0000000, 0x00000006c5300000, 0x000000076ab00000)
  object space 84992K, 24% used [0x00000006c0000000,0x00000006c1420a60,0x00000006c5300000)
 Metaspace       used 34882K, capacity 35296K, committed 35496K, reserved 1081344K
  class space    used 4414K, capacity 4521K, committed 4608K, reserved 1048576K
Event: 13.692 GC heap after
Heap after GC invocations=8 (full 1):
 PSYoungGen      total 265728K, used 17578K [0x000000076ab00000, 0x0000000789a00000, 0x00000007c0000000)
  eden space 247808K, 0% used [0x000000076ab00000,0x000000076ab00000,0x0000000779d00000)
  from space 17920K, 98% used [0x0000000779d00000,0x000000077ae2aa08,0x000000077ae80000)
  to   space 19456K, 0% used [0x0000000788700000,0x0000000788700000,0x0000000789a00000)
 ParOldGen       total 84992K, used 20618K [0x00000006c0000000, 0x00000006c5300000, 0x000000076ab00000)
  object space 84992K, 24% used [0x00000006c0000000,0x00000006c1422a60,0x00000006c5300000)
 Metaspace       used 34882K, capacity 35296K, committed 35496K, reserved 1081344K
  class space    used 4414K, capacity 4521K, committed 4608K, reserved 1048576K
}
Event: 13.692 GC heap before
{Heap before GC invocations=9 (full 2):
 PSYoungGen      total 265728K, used 17578K [0x000000076ab00000, 0x0000000789a00000, 0x00000007c0000000)
  eden space 247808K, 0% used [0x000000076ab00000,0x000000076ab00000,0x0000000779d00000)
  from space 17920K, 98% used [0x0000000779d00000,0x000000077ae2aa08,0x000000077ae80000)
  to   space 19456K, 0% used [0x0000000788700000,0x0000000788700000,0x0000000789a00000)
 ParOldGen       total 84992K, used 20618K [0x00000006c0000000, 0x00000006c5300000, 0x000000076ab00000)
  object space 84992K, 24% used [0x00000006c0000000,0x00000006c1422a60,0x00000006c5300000)
 Metaspace       used 34882K, capacity 35296K, committed 35496K, reserved 1081344K
  class space    used 4414K, capacity 4521K, committed 4608K, reserved 1048576K
Event: 13.761 GC heap after
Heap after GC invocations=9 (full 2):
 PSYoungGen      total 265728K, used 0K [0x000000076ab00000, 0x0000000789a00000, 0x00000007c0000000)
  eden space 247808K, 0% used [0x000000076ab00000,0x000000076ab00000,0x0000000779d00000)
  from space 17920K, 0% used [0x0000000779d00000,0x0000000779d00000,0x000000077ae80000)
  to   space 19456K, 0% used [0x0000000788700000,0x0000000788700000,0x0000000789a00000)
 ParOldGen       total 137216K, used 27869K [0x00000006c0000000, 0x00000006c8600000, 0x000000076ab00000)
  object space 137216K, 20% used [0x00000006c0000000,0x00000006c1b37570,0x00000006c8600000)
 Metaspace       used 34882K, capacity 35296K, committed 35496K, reserved 1081344K
  class space    used 4414K, capacity 4521K, committed 4608K, reserved 1048576K
}

Deoptimization events (10 events):
Event: 30.550 Thread 0x00007f914e800800 Uncommon trap: reason=bimorphic action=maybe_recompile pc=0x0000000114354ec0 method=java.lang.ClassLoader.loadClass(Ljava/lang/String;Z)Ljava/lang/Class; @ 2
Event: 30.551 Thread 0x00007f914e800800 Uncommon trap: reason=bimorphic action=maybe_recompile pc=0x0000000114354ec0 method=java.lang.ClassLoader.loadClass(Ljava/lang/String;Z)Ljava/lang/Class; @ 2
Event: 30.600 Thread 0x00007f914e800800 Uncommon trap: reason=class_check action=maybe_recompile pc=0x0000000114220a10 method=java.lang.StringCoding$StringDecoder.charsetName()Ljava/lang/String; @ 4
Event: 30.612 Thread 0x00007f914e800800 Uncommon trap: reason=unstable_if action=reinterpret pc=0x0000000114116390 method=java.security.CodeSource.getCertificates()[Ljava/security/cert/Certificate; @ 22
Event: 30.679 Thread 0x00007f914e800800 Uncommon trap: reason=class_check action=maybe_recompile pc=0x00000001141c0718 method=java.util.AbstractList$Itr.hasNext()Z @ 8
Event: 30.679 Thread 0x00007f914e800800 Uncommon trap: reason=class_check action=maybe_recompile pc=0x00000001141bb2a0 method=java.util.AbstractList$Itr.next()Ljava/lang/Object; @ 14
Event: 55.781 Thread 0x00007f914d63d800 Uncommon trap: reason=unstable_if action=reinterpret pc=0x000000011473b4e0 method=java.lang.CharacterDataLatin1.digit(II)I @ 82
Event: 55.786 Thread 0x00007f914d63d800 Uncommon trap: reason=unstable_if action=reinterpret pc=0x000000011473b9b8 method=java.lang.CharacterDataLatin1.digit(II)I @ 60
Event: 55.805 Thread 0x00007f914d63d800 Uncommon trap: reason=class_check action=maybe_recompile pc=0x00000001141c0718 method=java.util.AbstractList$Itr.hasNext()Z @ 8
Event: 55.805 Thread 0x00007f914d63d800 Uncommon trap: reason=class_check action=maybe_recompile pc=0x00000001141bb2a0 method=java.util.AbstractList$Itr.next()Ljava/lang/Object; @ 14

Internal exceptions (10 events):
Event: 30.397 Thread 0x00007f914e800800 Exception <a 'java/lang/ClassNotFoundException': org/springframework/web/servlet/theme/AbstractThemeResolverCustomizer> (0x000000076e36c188) thrown at [/Users/java_re/workspace/8-2-build-macosx-x86_64/jdk8u65/4987/hotspot/src/share/vm/classfile/systemDict
Event: 30.397 Thread 0x00007f914e800800 Exception <a 'java/lang/ClassNotFoundException': org/springframework/web/servlet/theme/FixedThemeResolverCustomizer> (0x000000076e38ad98) thrown at [/Users/java_re/workspace/8-2-build-macosx-x86_64/jdk8u65/4987/hotspot/src/share/vm/classfile/systemDiction
Event: 30.398 Thread 0x00007f914e800800 Exception <a 'java/lang/ClassNotFoundException': org/springframework/web/servlet/ThemeResolverCustomizer> (0x000000076e3a6cc0) thrown at [/Users/java_re/workspace/8-2-build-macosx-x86_64/jdk8u65/4987/hotspot/src/share/vm/classfile/systemDictionary.cpp, li
Event: 30.400 Thread 0x00007f914e800800 Exception <a 'java/lang/ClassNotFoundException': java/lang/ObjectCustomizer> (0x000000076e3c61e0) thrown at [/Users/java_re/workspace/8-2-build-macosx-x86_64/jdk8u65/4987/hotspot/src/share/vm/classfile/systemDictionary.cpp, line 210]
Event: 30.401 Thread 0x00007f914e800800 Exception <a 'java/lang/ClassNotFoundException': org/springframework/web/servlet/view/DefaultRequestToViewNameTranslatorCustomizer> (0x000000076e3e9168) thrown at [/Users/java_re/workspace/8-2-build-macosx-x86_64/jdk8u65/4987/hotspot/src/share/vm/classfil
Event: 30.402 Thread 0x00007f914e800800 Exception <a 'java/lang/ClassNotFoundException': org/springframework/web/servlet/RequestToViewNameTranslatorCustomizer> (0x000000076e4172f0) thrown at [/Users/java_re/workspace/8-2-build-macosx-x86_64/jdk8u65/4987/hotspot/src/share/vm/classfile/systemDict
Event: 30.405 Thread 0x00007f914e800800 Exception <a 'java/lang/ClassNotFoundException': java/lang/ObjectCustomizer> (0x000000076e447370) thrown at [/Users/java_re/workspace/8-2-build-macosx-x86_64/jdk8u65/4987/hotspot/src/share/vm/classfile/systemDictionary.cpp, line 210]
Event: 30.405 Thread 0x00007f914e800800 Exception <a 'java/lang/ClassNotFoundException': org/springframework/web/servlet/support/AbstractFlashMapManagerCustomizer> (0x000000076e4680c8) thrown at [/Users/java_re/workspace/8-2-build-macosx-x86_64/jdk8u65/4987/hotspot/src/share/vm/classfile/system
Event: 30.406 Thread 0x00007f914e800800 Exception <a 'java/lang/ClassNotFoundException': org/springframework/web/servlet/support/SessionFlashMapManagerCustomizer> (0x000000076e48cca8) thrown at [/Users/java_re/workspace/8-2-build-macosx-x86_64/jdk8u65/4987/hotspot/src/share/vm/classfile/systemD
Event: 30.407 Thread 0x00007f914e800800 Exception <a 'java/lang/ClassNotFoundException': org/springframework/web/servlet/FlashMapManagerCustomizer> (0x000000076e4a8b20) thrown at [/Users/java_re/workspace/8-2-build-macosx-x86_64/jdk8u65/4987/hotspot/src/share/vm/classfile/systemDictionary.cpp, 

Events (10 events):
Event: 65.233 Executing VM operation: RevokeBias done
Event: 65.233 Executing VM operation: RevokeBias
Event: 65.233 Executing VM operation: RevokeBias done
Event: 65.233 loading class kh/com/kshrd/hikvision/ServiceProvider
Event: 65.233 loading class kh/com/kshrd/hikvision/ServiceProvider done
Event: 65.236 Thread 0x00007f914f102800 Thread added: 0x00007f914f102800
Event: 90.201 Thread 0x00007f914d480000 Thread added: 0x00007f914d480000
Event: 90.223 loading class kh/com/kshrd/hikvision/ServiceProvider
Event: 90.223 loading class kh/com/kshrd/hikvision/ServiceProvider done
Event: 90.227 Thread 0x00007f914e2d9800 Thread added: 0x00007f914e2d9800


Dynamic libraries:
0x00000000414c9000 	/System/Library/Frameworks/Cocoa.framework/Versions/A/Cocoa
0x00000000414c9000 	/System/Library/Frameworks/Security.framework/Versions/A/Security
0x00000000414c9000 	/System/Library/Frameworks/ApplicationServices.framework/Versions/A/ApplicationServices
0x00000000414c9000 	/usr/lib/libz.1.dylib
0x00000000414c9000 	/usr/lib/libSystem.B.dylib
0x00000000414c9000 	/usr/lib/libobjc.A.dylib
0x00000000414c9000 	/System/Library/Frameworks/CoreFoundation.framework/Versions/A/CoreFoundation
0x00000000414c9000 	/System/Library/Frameworks/Foundation.framework/Versions/C/Foundation
0x00000000414c9000 	/System/Library/Frameworks/AppKit.framework/Versions/C/AppKit
0x00000000414c9000 	/System/Library/Frameworks/CoreData.framework/Versions/A/CoreData
0x00000000414c9000 	/System/Library/PrivateFrameworks/RemoteViewServices.framework/Versions/A/RemoteViewServices
0x00000000414c9000 	/System/Library/PrivateFrameworks/UIFoundation.framework/Versions/A/UIFoundation
0x00000000414c9000 	/System/Library/PrivateFrameworks/DFRFoundation.framework/Versions/A/DFRFoundation
0x00000000414c9000 	/usr/lib/libenergytrace.dylib
0x00000000414c9000 	/System/Library/PrivateFrameworks/SkyLight.framework/Versions/A/SkyLight
0x00000000414c9000 	/System/Library/Frameworks/CoreGraphics.framework/Versions/A/CoreGraphics
0x00000000414c9000 	/usr/lib/libScreenReader.dylib
0x00000000414c9000 	/System/Library/Frameworks/Accelerate.framework/Versions/A/Accelerate
0x00000000414c9000 	/System/Library/Frameworks/IOSurface.framework/Versions/A/IOSurface
0x00000000414c9000 	/System/Library/Frameworks/AudioToolbox.framework/Versions/A/AudioToolbox
0x00000000414c9000 	/System/Library/Frameworks/AudioUnit.framework/Versions/A/AudioUnit
0x00000000414c9000 	/System/Library/PrivateFrameworks/DataDetectorsCore.framework/Versions/A/DataDetectorsCore
0x00000000414c9000 	/System/Library/PrivateFrameworks/DesktopServicesPriv.framework/Versions/A/DesktopServicesPriv
0x00000000414c9000 	/System/Library/Frameworks/Carbon.framework/Versions/A/Frameworks/HIToolbox.framework/Versions/A/HIToolbox
0x00000000414c9000 	/usr/lib/libicucore.A.dylib
0x00000000414c9000 	/System/Library/Frameworks/QuartzCore.framework/Versions/A/QuartzCore
0x00000000414c9000 	/System/Library/Frameworks/Carbon.framework/Versions/A/Frameworks/SpeechRecognition.framework/Versions/A/SpeechRecognition
0x00000000414c9000 	/usr/lib/libauto.dylib
0x00000000414c9000 	/usr/lib/libxml2.2.dylib
0x00000000414c9000 	/System/Library/PrivateFrameworks/CoreUI.framework/Versions/A/CoreUI
0x00000000414c9000 	/System/Library/Frameworks/CoreAudio.framework/Versions/A/CoreAudio
0x00000000414c9000 	/System/Library/Frameworks/DiskArbitration.framework/Versions/A/DiskArbitration
0x00000000414c9000 	/usr/lib/liblangid.dylib
0x00000000414c9000 	/System/Library/PrivateFrameworks/MultitouchSupport.framework/Versions/A/MultitouchSupport
0x00000000414c9000 	/System/Library/Frameworks/IOKit.framework/Versions/A/IOKit
0x00000000414c9000 	/usr/lib/libDiagnosticMessagesClient.dylib
0x00000000414c9000 	/System/Library/Frameworks/CoreServices.framework/Versions/A/CoreServices
0x00000000414c9000 	/System/Library/PrivateFrameworks/PerformanceAnalysis.framework/Versions/A/PerformanceAnalysis
0x00000000414c9000 	/System/Library/PrivateFrameworks/GenerationalStorage.framework/Versions/A/GenerationalStorage
0x00000000414c9000 	/System/Library/Frameworks/OpenGL.framework/Versions/A/OpenGL
0x00000000414c9000 	/System/Library/Frameworks/CoreImage.framework/Versions/A/CoreImage
0x00000000414c9000 	/System/Library/Frameworks/CoreText.framework/Versions/A/CoreText
0x00000000414c9000 	/System/Library/Frameworks/ImageIO.framework/Versions/A/ImageIO
0x00000000414c9000 	/System/Library/PrivateFrameworks/Backup.framework/Versions/A/Backup
0x00000000414c9000 	/usr/lib/libarchive.2.dylib
0x00000000414c9000 	/System/Library/Frameworks/CFNetwork.framework/Versions/A/CFNetwork
0x00000000414c9000 	/System/Library/Frameworks/SystemConfiguration.framework/Versions/A/SystemConfiguration
0x00000000414c9000 	/usr/lib/libCRFSuite.dylib
0x00000000414c9000 	/usr/lib/libc++.1.dylib
0x00000000414c9000 	/usr/lib/libc++abi.dylib
0x00000000414c9000 	/usr/lib/system/libcache.dylib
0x00000000414c9000 	/usr/lib/system/libcommonCrypto.dylib
0x00000000414c9000 	/usr/lib/system/libcompiler_rt.dylib
0x00000000414c9000 	/usr/lib/system/libcopyfile.dylib
0x00000000414c9000 	/usr/lib/system/libcorecrypto.dylib
0x00000000414c9000 	/usr/lib/system/libdispatch.dylib
0x00000000414c9000 	/usr/lib/system/libdyld.dylib
0x00000000414c9000 	/usr/lib/system/libkeymgr.dylib
0x00000000414c9000 	/usr/lib/system/liblaunch.dylib
0x00000000414c9000 	/usr/lib/system/libmacho.dylib
0x00000000414c9000 	/usr/lib/system/libquarantine.dylib
0x00000000414c9000 	/usr/lib/system/libremovefile.dylib
0x00000000414c9000 	/usr/lib/system/libsystem_asl.dylib
0x00000000414c9000 	/usr/lib/system/libsystem_blocks.dylib
0x00000000414c9000 	/usr/lib/system/libsystem_c.dylib
0x00000000414c9000 	/usr/lib/system/libsystem_configuration.dylib
0x00000000414c9000 	/usr/lib/system/libsystem_coreservices.dylib
0x00000000414c9000 	/usr/lib/system/libsystem_coretls.dylib
0x00000000414c9000 	/usr/lib/system/libsystem_dnssd.dylib
0x00000000414c9000 	/usr/lib/system/libsystem_info.dylib
0x00000000414c9000 	/usr/lib/system/libsystem_kernel.dylib
0x00000000414c9000 	/usr/lib/system/libsystem_m.dylib
0x00000000414c9000 	/usr/lib/system/libsystem_malloc.dylib
0x00000000414c9000 	/usr/lib/system/libsystem_network.dylib
0x00000000414c9000 	/usr/lib/system/libsystem_networkextension.dylib
0x00000000414c9000 	/usr/lib/system/libsystem_notify.dylib
0x00000000414c9000 	/usr/lib/system/libsystem_platform.dylib
0x00000000414c9000 	/usr/lib/system/libsystem_pthread.dylib
0x00000000414c9000 	/usr/lib/system/libsystem_sandbox.dylib
0x00000000414c9000 	/usr/lib/system/libsystem_secinit.dylib
0x00000000414c9000 	/usr/lib/system/libsystem_symptoms.dylib
0x00000000414c9000 	/usr/lib/system/libsystem_trace.dylib
0x00000000414c9000 	/usr/lib/system/libunwind.dylib
0x00000000414c9000 	/usr/lib/system/libxpc.dylib
0x00000000414c9000 	/usr/lib/libbsm.0.dylib
0x00000000414c9000 	/usr/lib/system/libkxld.dylib
0x00000000414c9000 	/usr/lib/libcoretls.dylib
0x00000000414c9000 	/usr/lib/libcoretls_cfhelpers.dylib
0x00000000414c9000 	/usr/lib/libxar.1.dylib
0x00000000414c9000 	/usr/lib/libsqlite3.dylib
0x00000000414c9000 	/usr/lib/libpam.2.dylib
0x00000000414c9000 	/usr/lib/libOpenScriptingUtil.dylib
0x00000000414c9000 	/usr/lib/libbz2.1.0.dylib
0x00000000414c9000 	/usr/lib/liblzma.5.dylib
0x00000000414c9000 	/usr/lib/libnetwork.dylib
0x00000000414c9000 	/usr/lib/libpcap.A.dylib
0x00000000414c9000 	/System/Library/Frameworks/CoreServices.framework/Versions/A/Frameworks/FSEvents.framework/Versions/A/FSEvents
0x00000000414c9000 	/System/Library/Frameworks/CoreServices.framework/Versions/A/Frameworks/CarbonCore.framework/Versions/A/CarbonCore
0x00000000414c9000 	/System/Library/Frameworks/CoreServices.framework/Versions/A/Frameworks/Metadata.framework/Versions/A/Metadata
0x00000000414c9000 	/System/Library/Frameworks/CoreServices.framework/Versions/A/Frameworks/OSServices.framework/Versions/A/OSServices
0x00000000414c9000 	/System/Library/Frameworks/CoreServices.framework/Versions/A/Frameworks/SearchKit.framework/Versions/A/SearchKit
0x00000000414c9000 	/System/Library/Frameworks/CoreServices.framework/Versions/A/Frameworks/AE.framework/Versions/A/AE
0x00000000414c9000 	/System/Library/Frameworks/CoreServices.framework/Versions/A/Frameworks/LaunchServices.framework/Versions/A/LaunchServices
0x00000000414c9000 	/System/Library/Frameworks/CoreServices.framework/Versions/A/Frameworks/DictionaryServices.framework/Versions/A/DictionaryServices
0x00000000414c9000 	/System/Library/Frameworks/CoreServices.framework/Versions/A/Frameworks/SharedFileList.framework/Versions/A/SharedFileList
0x00000000414c9000 	/System/Library/Frameworks/NetFS.framework/Versions/A/NetFS
0x00000000414c9000 	/System/Library/PrivateFrameworks/NetAuth.framework/Versions/A/NetAuth
0x00000000414c9000 	/System/Library/PrivateFrameworks/login.framework/Versions/A/Frameworks/loginsupport.framework/Versions/A/loginsupport
0x00000000414c9000 	/System/Library/PrivateFrameworks/TCC.framework/Versions/A/TCC
0x00000000414c9000 	/usr/lib/libmecabra.dylib
0x00000000414c9000 	/System/Library/Frameworks/ApplicationServices.framework/Versions/A/Frameworks/ATS.framework/Versions/A/ATS
0x00000000414c9000 	/System/Library/Frameworks/ApplicationServices.framework/Versions/A/Frameworks/ColorSync.framework/Versions/A/ColorSync
0x00000000414c9000 	/System/Library/Frameworks/ApplicationServices.framework/Versions/A/Frameworks/HIServices.framework/Versions/A/HIServices
0x00000000414c9000 	/System/Library/Frameworks/ApplicationServices.framework/Versions/A/Frameworks/LangAnalysis.framework/Versions/A/LangAnalysis
0x00000000414c9000 	/System/Library/Frameworks/ApplicationServices.framework/Versions/A/Frameworks/PrintCore.framework/Versions/A/PrintCore
0x00000000414c9000 	/System/Library/Frameworks/ApplicationServices.framework/Versions/A/Frameworks/QD.framework/Versions/A/QD
0x00000000414c9000 	/System/Library/Frameworks/ApplicationServices.framework/Versions/A/Frameworks/SpeechSynthesis.framework/Versions/A/SpeechSynthesis
0x00000000414c9000 	/System/Library/Frameworks/Accelerate.framework/Versions/A/Frameworks/vImage.framework/Versions/A/vImage
0x00000000414c9000 	/System/Library/Frameworks/Accelerate.framework/Versions/A/Frameworks/vecLib.framework/Versions/A/vecLib
0x00000000414c9000 	/System/Library/Frameworks/Accelerate.framework/Versions/A/Frameworks/vecLib.framework/Versions/A/libvDSP.dylib
0x00000000414c9000 	/System/Library/Frameworks/Accelerate.framework/Versions/A/Frameworks/vecLib.framework/Versions/A/libBNNS.dylib
0x00000000414c9000 	/System/Library/Frameworks/Accelerate.framework/Versions/A/Frameworks/vecLib.framework/Versions/A/libQuadrature.dylib
0x00000000414c9000 	/System/Library/Frameworks/Accelerate.framework/Versions/A/Frameworks/vecLib.framework/Versions/A/libvMisc.dylib
0x00000000414c9000 	/System/Library/Frameworks/Accelerate.framework/Versions/A/Frameworks/vecLib.framework/Versions/A/libLAPACK.dylib
0x00000000414c9000 	/System/Library/Frameworks/Accelerate.framework/Versions/A/Frameworks/vecLib.framework/Versions/A/libBLAS.dylib
0x00000000414c9000 	/System/Library/Frameworks/Accelerate.framework/Versions/A/Frameworks/vecLib.framework/Versions/A/libLinearAlgebra.dylib
0x00000000414c9000 	/System/Library/Frameworks/Accelerate.framework/Versions/A/Frameworks/vecLib.framework/Versions/A/libSparseBLAS.dylib
0x00000000414c9000 	/System/Library/Frameworks/ApplicationServices.framework/Versions/A/Frameworks/ATS.framework/Versions/A/Resources/libFontParser.dylib
0x00000000414c9000 	/System/Library/Frameworks/ApplicationServices.framework/Versions/A/Frameworks/ATS.framework/Versions/A/Resources/libFontRegistry.dylib
0x00000000414c9000 	/System/Library/Frameworks/ImageIO.framework/Versions/A/Resources/libJPEG.dylib
0x00000000414c9000 	/System/Library/Frameworks/ImageIO.framework/Versions/A/Resources/libTIFF.dylib
0x00000000414c9000 	/System/Library/Frameworks/ImageIO.framework/Versions/A/Resources/libPng.dylib
0x00000000414c9000 	/System/Library/Frameworks/ImageIO.framework/Versions/A/Resources/libGIF.dylib
0x00000000414c9000 	/System/Library/Frameworks/ImageIO.framework/Versions/A/Resources/libJP2.dylib
0x00000000414c9000 	/System/Library/Frameworks/ImageIO.framework/Versions/A/Resources/libRadiance.dylib
0x00000000414c9000 	/usr/lib/libcompression.dylib
0x00000000414c9000 	/System/Library/PrivateFrameworks/AppleJPEG.framework/Versions/A/AppleJPEG
0x00000000414c9000 	/usr/lib/libcups.2.dylib
0x00000000414c9000 	/System/Library/Frameworks/Kerberos.framework/Versions/A/Kerberos
0x00000000414c9000 	/System/Library/Frameworks/GSS.framework/Versions/A/GSS
0x00000000414c9000 	/usr/lib/libresolv.9.dylib
0x00000000414c9000 	/usr/lib/libiconv.2.dylib
0x00000000414c9000 	/System/Library/PrivateFrameworks/Heimdal.framework/Versions/A/Heimdal
0x00000000414c9000 	/usr/lib/libheimdal-asn1.dylib
0x00000000414c9000 	/System/Library/Frameworks/OpenDirectory.framework/Versions/A/OpenDirectory
0x00000000414c9000 	/System/Library/PrivateFrameworks/CommonAuth.framework/Versions/A/CommonAuth
0x00000000414c9000 	/System/Library/Frameworks/OpenDirectory.framework/Versions/A/Frameworks/CFOpenDirectory.framework/Versions/A/CFOpenDirectory
0x00000000414c9000 	/System/Library/Frameworks/SecurityFoundation.framework/Versions/A/SecurityFoundation
0x00000000414c9000 	/System/Library/PrivateFrameworks/LanguageModeling.framework/Versions/A/LanguageModeling
0x00000000414c9000 	/usr/lib/libmarisa.dylib
0x00000000414c9000 	/usr/lib/libChineseTokenizer.dylib
0x00000000414c9000 	/usr/lib/libcmph.dylib
0x00000000414c9000 	/System/Library/PrivateFrameworks/CoreEmoji.framework/Versions/A/CoreEmoji
0x00000000414c9000 	/System/Library/Frameworks/ServiceManagement.framework/Versions/A/ServiceManagement
0x00000000414c9000 	/usr/lib/libxslt.1.dylib
0x00000000414c9000 	/System/Library/Frameworks/Carbon.framework/Versions/A/Frameworks/Ink.framework/Versions/A/Ink
0x00000000414c9000 	/System/Library/PrivateFrameworks/TextureIO.framework/Versions/A/TextureIO
0x00000000414c9000 	/System/Library/Frameworks/Metal.framework/Versions/A/Metal
0x00000000414c9000 	/usr/lib/libate.dylib
0x00000000414c9000 	/System/Library/PrivateFrameworks/GPUCompiler.framework/libmetal_timestamp.dylib
0x00000000414c9000 	/System/Library/Frameworks/OpenGL.framework/Versions/A/Libraries/libCoreFSCache.dylib
0x00000000414c9000 	/System/Library/PrivateFrameworks/IOAccelerator.framework/Versions/A/IOAccelerator
0x00000000414c9000 	/System/Library/Frameworks/CoreVideo.framework/Versions/A/CoreVideo
0x00000000414c9000 	/usr/lib/libFosl_dynamic.dylib
0x00000000414c9000 	/System/Library/PrivateFrameworks/MetalPerformanceShaders.framework/Versions/A/MetalPerformanceShaders
0x00000000414c9000 	/System/Library/PrivateFrameworks/FaceCore.framework/Versions/A/FaceCore
0x00000000414c9000 	/System/Library/Frameworks/OpenCL.framework/Versions/A/OpenCL
0x00000000414c9000 	/System/Library/Frameworks/OpenGL.framework/Versions/A/Libraries/libGLU.dylib
0x00000000414c9000 	/System/Library/Frameworks/OpenGL.framework/Versions/A/Libraries/libGFXShared.dylib
0x00000000414c9000 	/System/Library/Frameworks/OpenGL.framework/Versions/A/Libraries/libGL.dylib
0x00000000414c9000 	/System/Library/Frameworks/OpenGL.framework/Versions/A/Libraries/libGLImage.dylib
0x00000000414c9000 	/System/Library/Frameworks/OpenGL.framework/Versions/A/Libraries/libCVMSPluginSupport.dylib
0x00000000414c9000 	/System/Library/Frameworks/OpenGL.framework/Versions/A/Libraries/libCoreVMClient.dylib
0x00000000414c9000 	/System/Library/PrivateFrameworks/CrashReporterSupport.framework/Versions/A/CrashReporterSupport
0x00000000414c9000 	/System/Library/PrivateFrameworks/Sharing.framework/Versions/A/Sharing
0x00000000414c9000 	/System/Library/PrivateFrameworks/IconServices.framework/Versions/A/IconServices
0x00000000414c9000 	/System/Library/PrivateFrameworks/ProtocolBuffer.framework/Versions/A/ProtocolBuffer
0x00000000414c9000 	/System/Library/PrivateFrameworks/Apple80211.framework/Versions/A/Apple80211
0x00000000414c9000 	/System/Library/Frameworks/CoreWLAN.framework/Versions/A/CoreWLAN
0x00000000414c9000 	/System/Library/PrivateFrameworks/CoreUtils.framework/Versions/A/CoreUtils
0x00000000414c9000 	/System/Library/Frameworks/IOBluetooth.framework/Versions/A/IOBluetooth
0x00000000414c9000 	/System/Library/PrivateFrameworks/CoreWiFi.framework/Versions/A/CoreWiFi
0x00000000414c9000 	/System/Library/Frameworks/CoreBluetooth.framework/Versions/A/CoreBluetooth
0x00000000414c9000 	/System/Library/Frameworks/CoreDisplay.framework/Versions/A/CoreDisplay
0x00000000414c9000 	/System/Library/PrivateFrameworks/IOPresentment.framework/Versions/A/IOPresentment
0x00000000414c9000 	/System/Library/PrivateFrameworks/DebugSymbols.framework/Versions/A/DebugSymbols
0x00000000414c9000 	/System/Library/PrivateFrameworks/CoreSymbolication.framework/Versions/A/CoreSymbolication
0x00000000414c9000 	/System/Library/PrivateFrameworks/Symbolication.framework/Versions/A/Symbolication
0x00000000414c9000 	/System/Library/PrivateFrameworks/AppleFSCompression.framework/Versions/A/AppleFSCompression
0x00000000414c9000 	/System/Library/PrivateFrameworks/SpeechRecognitionCore.framework/Versions/A/SpeechRecognitionCore
0x00000000414c9000 	/System/Library/PrivateFrameworks/ChunkingLibrary.framework/Versions/A/ChunkingLibrary
0x000000010b800000 	/Library/Java/JavaVirtualMachines/jdk1.8.0_65.jdk/Contents/Home/jre/lib/server/libjvm.dylib
0x00000000414c9000 	/usr/lib/libstdc++.6.dylib
0x000000010a606000 	/Library/Java/JavaVirtualMachines/jdk1.8.0_65.jdk/Contents/Home/jre/lib/libverify.dylib
0x000000010a614000 	/Library/Java/JavaVirtualMachines/jdk1.8.0_65.jdk/Contents/Home/jre/lib/libjava.dylib
0x000000010a653000 	/Library/Java/JavaVirtualMachines/jdk1.8.0_65.jdk/Contents/Home/jre/lib/libzip.dylib
0x00000001106a4000 	/System/Library/Frameworks/JavaVM.framework/Frameworks/JavaRuntimeSupport.framework/JavaRuntimeSupport
0x00000001106be000 	/System/Library/Frameworks/JavaVM.framework/Versions/A/Frameworks/JavaNativeFoundation.framework/Versions/A/JavaNativeFoundation
0x00000001106d3000 	/System/Library/Frameworks/JavaVM.framework/Versions/A/JavaVM
0x00000000414c9000 	/System/Library/Frameworks/Carbon.framework/Versions/A/Carbon
0x00000001106e0000 	/System/Library/PrivateFrameworks/JavaLaunching.framework/Versions/A/JavaLaunching
0x00000000414c9000 	/System/Library/Frameworks/Carbon.framework/Versions/A/Frameworks/CommonPanels.framework/Versions/A/CommonPanels
0x00000000414c9000 	/System/Library/Frameworks/Carbon.framework/Versions/A/Frameworks/Help.framework/Versions/A/Help
0x00000000414c9000 	/System/Library/Frameworks/Carbon.framework/Versions/A/Frameworks/ImageCapture.framework/Versions/A/ImageCapture
0x00000000414c9000 	/System/Library/Frameworks/Carbon.framework/Versions/A/Frameworks/OpenScripting.framework/Versions/A/OpenScripting
0x00000000414c9000 	/System/Library/Frameworks/Carbon.framework/Versions/A/Frameworks/Print.framework/Versions/A/Print
0x00000000414c9000 	/System/Library/Frameworks/Carbon.framework/Versions/A/Frameworks/SecurityHI.framework/Versions/A/SecurityHI
0x0000000110a64000 	/Applications/IntelliJ IDEA.app/Contents/bin/libbreakgen64.jnilib
0x0000000110a67000 	/Library/Java/JavaVirtualMachines/jdk1.8.0_65.jdk/Contents/Home/jre/lib/libnet.dylib
0x0000000110f1e000 	/Library/Java/JavaVirtualMachines/jdk1.8.0_65.jdk/Contents/Home/jre/lib/libmanagement.dylib
0x0000000110ca2000 	/Library/Java/JavaVirtualMachines/jdk1.8.0_65.jdk/Contents/Home/jre/lib/libnio.dylib
0x0000000110af1000 	/Users/sophatvathana/Desktop/Project/ipcam/IPCAM-VIDEO-STREAMING-API/native/mac/x86_64/strmrecv.dylib
0x000000011218a000 	/Library/Java/JavaVirtualMachines/jdk1.8.0_65.jdk/Contents/Home/jre/lib/libsunec.dylib
0x00000001114fa000 	/Users/sophatvathana/Desktop/Project/ipcam/IPCAM-VIDEO-STREAMING-API/native/mac/x86_64/libavutil.55.dylib
0x00000000414c9000 	/System/Library/Frameworks/AVFoundation.framework/Versions/A/AVFoundation
0x00000000414c9000 	/System/Library/Frameworks/CoreMedia.framework/Versions/A/CoreMedia
0x00000000414c9000 	/System/Library/Frameworks/VideoToolbox.framework/Versions/A/VideoToolbox
0x0000000110b85000 	/System/Library/Frameworks/VideoDecodeAcceleration.framework/Versions/A/VideoDecodeAcceleration
0x00000000414c9000 	/System/Library/Frameworks/AVFoundation.framework/Versions/A/Frameworks/AVFAudio.framework/Versions/A/AVFAudio
0x00000000414c9000 	/System/Library/Frameworks/MediaToolbox.framework/Versions/A/MediaToolbox
0x00000000414c9000 	/System/Library/PrivateFrameworks/IntlPreferences.framework/Versions/A/IntlPreferences
0x00000000414c9000 	/System/Library/Frameworks/CoreMediaIO.framework/Versions/A/CoreMediaIO
0x00000000414c9000 	/usr/lib/libspindump.dylib
0x00000000414c9000 	/usr/lib/libdscsym.dylib
0x00000000414c9000 	/System/Library/PrivateFrameworks/CoreAVCHD.framework/Versions/A/CoreAVCHD
0x00000000414c9000 	/System/Library/Frameworks/MediaAccessibility.framework/Versions/A/MediaAccessibility
0x00000000414c9000 	/System/Library/PrivateFrameworks/Mangrove.framework/Versions/A/Mangrove
0x00000000414c9000 	/System/Library/PrivateFrameworks/CoreAUC.framework/Versions/A/CoreAUC
0x00000000414c9000 	/System/Library/PrivateFrameworks/AppleVA.framework/Versions/A/AppleVA
0x00000000414c9000 	/System/Library/PrivateFrameworks/XPCService.framework/Versions/A/XPCService
0x00000000414c9000 	/System/Library/PrivateFrameworks/AppSandbox.framework/Versions/A/AppSandbox
0x00000000414c9000 	/usr/lib/libsandbox.1.dylib
0x00000000414c9000 	/System/Library/PrivateFrameworks/AppContainer.framework/Versions/A/AppContainer
0x00000000414c9000 	/System/Library/PrivateFrameworks/SecCodeWrapper.framework/Versions/A/SecCodeWrapper
0x00000000414c9000 	/usr/lib/libMatch.1.dylib
0x0000000110b8b000 	/Users/sophatvathana/Desktop/Project/ipcam/IPCAM-VIDEO-STREAMING-API/native/mac/x86_64/libswresample.2.dylib
0x000000012afaa000 	/Users/sophatvathana/Desktop/Project/ipcam/IPCAM-VIDEO-STREAMING-API/native/mac/x86_64/libavcodec.57.dylib
0x000000012c29d000 	/Users/sophatvathana/Desktop/Project/ipcam/IPCAM-VIDEO-STREAMING-API/native/mac/x86_64/libavformat.57.dylib

VM Arguments:
jvm_args: -Dspring.output.ansi.enabled=always -Didea.launcher.port=7535 -Didea.launcher.bin.path=/Applications/IntelliJ IDEA.app/Contents/bin -Dfile.encoding=UTF-8 
java_command: com.intellij.rt.execution.application.AppMain kh.com.kshrd.ipcam.IpcamVideoStreamingApiApplication
java_class_path (initial): /Library/Java/JavaVirtualMachines/jdk1.8.0_65.jdk/Contents/Home/jre/lib/charsets.jar:/Library/Java/JavaVirtualMachines/jdk1.8.0_65.jdk/Contents/Home/jre/lib/deploy.jar:/Library/Java/JavaVirtualMachines/jdk1.8.0_65.jdk/Contents/Home/jre/lib/ext/cldrdata.jar:/Library/Java/JavaVirtualMachines/jdk1.8.0_65.jdk/Contents/Home/jre/lib/ext/dnsns.jar:/Library/Java/JavaVirtualMachines/jdk1.8.0_65.jdk/Contents/Home/jre/lib/ext/jaccess.jar:/Library/Java/JavaVirtualMachines/jdk1.8.0_65.jdk/Contents/Home/jre/lib/ext/jfxrt.jar:/Library/Java/JavaVirtualMachines/jdk1.8.0_65.jdk/Contents/Home/jre/lib/ext/localedata.jar:/Library/Java/JavaVirtualMachines/jdk1.8.0_65.jdk/Contents/Home/jre/lib/ext/nashorn.jar:/Library/Java/JavaVirtualMachines/jdk1.8.0_65.jdk/Contents/Home/jre/lib/ext/sunec.jar:/Library/Java/JavaVirtualMachines/jdk1.8.0_65.jdk/Contents/Home/jre/lib/ext/sunjce_provider.jar:/Library/Java/JavaVirtualMachines/jdk1.8.0_65.jdk/Contents/Home/jre/lib/ext/sunpkcs11.jar:/Library/Java/JavaVirtualMachines/jdk1.8.0_65.jdk/Contents/Home/jre/lib/ext/zipfs.jar:/Library/Java/JavaVirtualMachines/jdk1.8.0_65.jdk/Contents/Home/jre/lib/javaws.jar:/Library/Java/JavaVirtualMachines/jdk1.8.0_65.jdk/Contents/Home/jre/lib/jce.jar:/Library/Java/JavaVirtualMachines/jdk1.8.0_65.jdk/Contents/Home/jre/lib/jfr.jar:/Library/Java/JavaVirtualMachines/jdk1.8.0_65.jdk/Contents/Home/jre/lib/jfxswt.jar:/Library/Java/JavaVirtualMachines/jdk1.8.0_65.jdk/Contents/Home/jre/lib/jsse.jar:/Library/Java/JavaVirtualMachines/jdk1.8.0_65.jdk/Contents/Home/jre/lib/management-agent.jar:/Library/Java/JavaVirtualMachines/jdk1.8.0_65.jdk/Contents/Home/jre/lib/plugin.jar:/Library/Java/JavaVirtualMachines/jdk1.8.0_65.jdk/Contents/Home/jre/lib/resources.jar:/Library/Java/JavaVirtualMachines/jdk1.8.0_65.jdk/Contents/Home/jre/lib/rt.jar:/Library/Java/JavaVirtualMachines/jdk1.8.0_65.jdk/Contents/Home/lib/dt.jar:/Library/Java/JavaVirtualMachines/jdk1.8.0_65.jdk/Contents/Home/lib/javafx-mx.jar:/Library/Jav
Launcher Type: SUN_STANDARD

Environment Variables:
PATH=/Library/Frameworks/Python.framework/Versions/3.5/bin:/usr/local/bin:/usr/bin:/bin:/usr/sbin:/sbin
SHELL=/bin/zsh

Signal Handlers:
SIGSEGV: [libjvm.dylib+0x5a6d31], sa_mask[0]=11111111011111110111111111111111, sa_flags=SA_ONSTACK|SA_RESTART|SA_SIGINFO
SIGBUS: [libjvm.dylib+0x5a6d31], sa_mask[0]=11111111011111110111111111111111, sa_flags=SA_RESTART|SA_SIGINFO
SIGFPE: [libjvm.dylib+0x480a40], sa_mask[0]=11111111011111110111111111111111, sa_flags=SA_RESTART|SA_SIGINFO
SIGPIPE: [libjvm.dylib+0x480a40], sa_mask[0]=11111111011111110111111111111111, sa_flags=SA_RESTART|SA_SIGINFO
SIGXFSZ: [libjvm.dylib+0x480a40], sa_mask[0]=11111111011111110111111111111111, sa_flags=SA_RESTART|SA_SIGINFO
SIGILL: [libjvm.dylib+0x480a40], sa_mask[0]=11111111011111110111111111111111, sa_flags=SA_RESTART|SA_SIGINFO
SIGUSR1: SIG_DFL, sa_mask[0]=00000000000000000000000000000000, sa_flags=none
SIGUSR2: [libjvm.dylib+0x48055e], sa_mask[0]=00100000000000000000000000000000, sa_flags=SA_RESTART|SA_SIGINFO
SIGHUP: [libjvm.dylib+0x47eb35], sa_mask[0]=11111111011111110111111111111111, sa_flags=SA_RESTART|SA_SIGINFO
SIGINT: [libjvm.dylib+0x47eb35], sa_mask[0]=11111111011111110111111111111111, sa_flags=SA_RESTART|SA_SIGINFO
SIGTERM: [libjvm.dylib+0x47eb35], sa_mask[0]=11111111011111110111111111111111, sa_flags=SA_RESTART|SA_SIGINFO
SIGQUIT: [libjvm.dylib+0x47eb35], sa_mask[0]=11111111011111110111111111111111, sa_flags=SA_RESTART|SA_SIGINFO


---------------  S Y S T E M  ---------------

OS:Bsduname:Darwin 16.3.0 Darwin Kernel Version 16.3.0: Thu Nov 17 20:23:58 PST 2016; root:xnu-3789.31.2~1/RELEASE_X86_64 x86_64
rlimit: STACK 8192k, CORE 0k, NPROC 709, NOFILE 10240, AS infinity
load average:3.41 2.72 2.12

CPU:total 8 (4 cores per cpu, 2 threads per core) family 6 model 70 stepping 1, cmov, cx8, fxsr, mmx, sse, sse2, sse3, ssse3, sse4.1, sse4.2, popcnt, avx, avx2, aes, clmul, erms, lzcnt, ht, tsc, tscinvbit, bmi1, bmi2

Memory: 4k page, physical 16777216k(4190932k free)

/proc/meminfo:


vm_info: Java HotSpot(TM) 64-Bit Server VM (25.65-b01) for bsd-amd64 JRE (1.8.0_65-b17), built on Oct  6 2015 15:36:46 by "java_re" with gcc 4.2.1 (Based on Apple Inc. build 5658) (LLVM build 2336.11.00)

time: Mon Dec 26 16:05:44 2016
elapsed time: 109 seconds (0d 0h 1m 49s)

