#
# A fatal error has been detected by the Java Runtime Environment:
#
#  SIGSEGV (0xb) at pc=0x000000010dcc8751, pid=1585, tid=23811
#
# JRE version: Java(TM) SE Runtime Environment (8.0_65-b17) (build 1.8.0_65-b17)
# Java VM: Java HotSpot(TM) 64-Bit Server VM (25.65-b01 mixed mode bsd-amd64 compressed oops)
# Problematic frame:
# C  [libavutil.55.dylib+0x19751]  av_freep+0x1
#
# Failed to write core dump. Core dumps have been disabled. To enable core dumping, try "ulimit -c unlimited" before starting Java again
#
# If you would like to submit a bug report, please visit:
#   http://bugreport.java.com/bugreport/crash.jsp
# The crash happened outside the Java Virtual Machine in native code.
# See problematic frame for where to report the bug.
#

---------------  T H R E A D  ---------------

Current thread (0x00007fc6161df000):  JavaThread "Thread-1" [_thread_in_native, id=23811, stack(0x0000700007dee000,0x0000700007eee000)]

siginfo: si_signo: 11 (SIGSEGV), si_code: 0 (unknown), si_addr: 0x0000000000000000

Registers:
RAX=0x000000010c5cc500, RBX=0x0000000000000000, RCX=0x0000000000000000, RDX=0x00007fc616e0b990
RSP=0x0000700007eed700, RBP=0x0000700007eed750, RSI=0x0000700007eed7e8, RDI=0x474e494d41455254
R8 =0x0000000000000002, R9 =0x0000000000000000, R10=0x000000010f136928, R11=0x00000001076dc4cf
R12=0x0000000000000000, R13=0x000000010ec1a228, R14=0x00007fc616e0b9c8, R15=0x00007fc616e0b998
RIP=0x000000010dcc8751, EFLAGS=0x0000000000010202, ERR=0x0000000000000000
  TRAPNO=0x000000000000000d

Top of Stack: (sp=0x0000700007eed700)
0x0000700007eed700:   000000010c5cc500 00000001263dc70c
0x0000700007eed710:   000000010c5cc500 00007fc616e0b990
0x0000700007eed720:   0000000000000000 0000700007eed7e8
0x0000700007eed730:   00007fc6161df000 000000010c5cbf32
0x0000700007eed740:   000000010ec1a228 0000700007eed7e8
0x0000700007eed750:   0000700007eed7b8 000000010f136954
0x0000700007eed760:   0000700007eed780 00007fc616d21400
0x0000700007eed770:   00007fc6161df000 0000700007eed778
0x0000700007eed780:   0000000000000000 0000700007eed7e8
0x0000700007eed790:   000000010ec1c2c8 0000000000000000
0x0000700007eed7a0:   000000010ec1a228 0000000000000000
0x0000700007eed7b0:   0000700007eed7d8 0000700007eed830
0x0000700007eed7c0:   000000010f128c4d 0000000000000000
0x0000700007eed7d0:   000000010f130578 00007fc616e0b990
0x0000700007eed7e0:   00007fc616e0b990 00000006c0e05990
0x0000700007eed7f0:   0000700007eed7f0 000000010ec1a536
0x0000700007eed800:   0000700007eed840 000000010ec1c2c8
0x0000700007eed810:   0000000000000000 000000010ec1a558
0x0000700007eed820:   0000700007eed7d8 0000700007eed840
0x0000700007eed830:   0000700007eed888 000000010f128c4d
0x0000700007eed840:   00000006c0e05990 0000700007eed848
0x0000700007eed850:   000000010ec1a471 0000700007eed898
0x0000700007eed860:   000000010ec1c2c8 0000000000000000
0x0000700007eed870:   000000010ec1a4a0 0000700007eed840
0x0000700007eed880:   0000700007eed898 0000700007eed8e0
0x0000700007eed890:   000000010f128c4d 00000006c0e05990
0x0000700007eed8a0:   0000700007eed8a0 000000010de2eb9d
0x0000700007eed8b0:   0000700007eed910 000000010ec180c0
0x0000700007eed8c0:   0000000000000000 000000010de2ed10
0x0000700007eed8d0:   0000700007eed898 0000700007eed910
0x0000700007eed8e0:   0000700007eed958 000000010f128c92
0x0000700007eed8f0:   000000000000012c 0000000000000000 

Instructions: (pc=0x000000010dcc8751)
0x000000010dcc8731:   00 00 00 e8 6f a9 01 00 b8 f4 ff ff ff 48 83 c4
0x000000010dcc8741:   10 5b c3 66 66 66 2e 0f 1f 84 00 00 00 00 00 50
0x000000010dcc8751:   48 8b 07 48 c7 04 24 00 00 00 00 48 c7 07 00 00
0x000000010dcc8761:   00 00 48 89 c7 e8 3d a9 01 00 58 c3 0f 1f 00 48 

Register to memory mapping:

RAX=0x000000010c5cc500: Java_kh_com_kshrd_core_RtspStream_openRtspInternal+0x90 in /Users/sophatvathana/Desktop/Project/ipcam/IPCAM-VIDEO-STREAMING-API/native/mac/x86_64/strmrecv.dylib at 0x000000010c5ca000
RBX=0x0000000000000000 is an unknown value
RCX=0x0000000000000000 is an unknown value
RDX=0x00007fc616e0b990 is an unknown value
RSP=0x0000700007eed700 is pointing into the stack for thread: 0x00007fc6161df000
RBP=0x0000700007eed750 is pointing into the stack for thread: 0x00007fc6161df000
RSI=0x0000700007eed7e8 is pointing into the stack for thread: 0x00007fc6161df000
RDI=0x474e494d41455254 is an unknown value
R8 =0x0000000000000002 is an unknown value
R9 =0x0000000000000000 is an unknown value
R10=0x000000010f136928 is at code_begin+808 in an Interpreter codelet
method entry point (kind = native)  [0x000000010f136600, 0x000000010f136f00]  2304 bytes
R11=0x00000001076dc4cf: throw_unsatisfied_link_error+0 in /Library/Java/JavaVirtualMachines/jdk1.8.0_65.jdk/Contents/Home/jre/lib/server/libjvm.dylib at 0x0000000107200000
R12=0x0000000000000000 is an unknown value
R13={method} {0x000000010ec1a228} 'releaseContextInternal' '(J)V' in 'kh/com/kshrd/core/RtspStream'
R14=0x00007fc616e0b9c8 is an unknown value
R15=0x00007fc616e0b998 is an unknown value


Stack: [0x0000700007dee000,0x0000700007eee000],  sp=0x0000700007eed700,  free space=1021k
Native frames: (J=compiled Java code, j=interpreted, Vv=VM code, C=native code)
C  [libavutil.55.dylib+0x19751]  av_freep+0x1
j  kh.com.kshrd.core.RtspStream.releaseContextInternal(J)V+0
j  kh.com.kshrd.core.RtspStream.release()V+14
j  kh.com.kshrd.core.RtspStream.initialize()V+1
j  kh.com.kshrd.core.RtspCamera.run()V+269
j  java.lang.Thread.run()V+11
v  ~StubRoutines::call_stub
V  [libjvm.dylib+0x2eab02]
V  [libjvm.dylib+0x2eb290]
V  [libjvm.dylib+0x2eb43c]
V  [libjvm.dylib+0x345959]
V  [libjvm.dylib+0x5612d3]
V  [libjvm.dylib+0x5629ce]
V  [libjvm.dylib+0x48342e]
C  [libsystem_pthread.dylib+0x3aab]  _pthread_body+0xb4
C  [libsystem_pthread.dylib+0x39f7]  _pthread_body+0x0
C  [libsystem_pthread.dylib+0x31fd]  thread_start+0xd
C  0x0000000000000000

Java frames: (J=compiled Java code, j=interpreted, Vv=VM code)
j  kh.com.kshrd.core.RtspStream.releaseContextInternal(J)V+0
j  kh.com.kshrd.core.RtspStream.release()V+14
j  kh.com.kshrd.core.RtspStream.initialize()V+1
j  kh.com.kshrd.core.RtspCamera.run()V+269
j  java.lang.Thread.run()V+11
v  ~StubRoutines::call_stub

---------------  P R O C E S S  ---------------

Java Threads: ( => current thread )
  0x00007fc61b008800 JavaThread "http-nio-9999-exec-8" daemon [_thread_blocked, id=29447, stack(0x000070000890f000,0x0000700008a0f000)]
  0x00007fc61a713800 JavaThread "http-nio-9999-exec-7" daemon [_thread_blocked, id=28931, stack(0x000070000880c000,0x000070000890c000)]
  0x00007fc61c646800 JavaThread "http-nio-9999-exec-6" daemon [_thread_blocked, id=28419, stack(0x0000700008709000,0x0000700008809000)]
  0x00007fc61a013000 JavaThread "http-nio-9999-exec-5" daemon [_thread_blocked, id=27907, stack(0x0000700008606000,0x0000700008706000)]
  0x00007fc6179b7800 JavaThread "http-nio-9999-exec-4" daemon [_thread_blocked, id=27395, stack(0x0000700008503000,0x0000700008603000)]
  0x00007fc61a71c000 JavaThread "http-nio-9999-exec-3" daemon [_thread_blocked, id=26883, stack(0x0000700008400000,0x0000700008500000)]
  0x00007fc618016800 JavaThread "http-nio-9999-exec-2" daemon [_thread_blocked, id=4623, stack(0x0000700007ae5000,0x0000700007be5000)]
  0x00007fc61b000800 JavaThread "http-nio-9999-exec-1" daemon [_thread_blocked, id=4875, stack(0x00007000079e2000,0x0000700007ae2000)]
  0x00007fc615fee800 JavaThread "DestroyJavaVM" [_thread_blocked, id=7171, stack(0x00007000065a6000,0x00007000066a6000)]
  0x00007fc6180d5800 JavaThread "http-nio-9999-AsyncTimeout" daemon [_thread_blocked, id=26371, stack(0x00007000082fd000,0x00007000083fd000)]
  0x00007fc614f14000 JavaThread "http-nio-9999-Acceptor-0" daemon [_thread_in_native, id=25859, stack(0x00007000081fa000,0x00007000082fa000)]
  0x00007fc614f13000 JavaThread "http-nio-9999-ClientPoller-1" daemon [_thread_in_native, id=25347, stack(0x00007000080f7000,0x00007000081f7000)]
  0x00007fc614f10800 JavaThread "http-nio-9999-ClientPoller-0" daemon [_thread_in_native, id=24835, stack(0x0000700007ff4000,0x00007000080f4000)]
  0x00007fc614da9800 JavaThread "NioBlockingSelector.BlockPoller-1" daemon [_thread_in_native, id=24323, stack(0x0000700007ef1000,0x0000700007ff1000)]
=>0x00007fc6161df000 JavaThread "Thread-1" [_thread_in_native, id=23811, stack(0x0000700007dee000,0x0000700007eee000)]
  0x00007fc6159f5800 JavaThread "container-0" [_thread_blocked, id=23299, stack(0x0000700007ceb000,0x0000700007deb000)]
  0x00007fc6176e0800 JavaThread "ContainerBackgroundProcessor[StandardEngine[Tomcat]]" daemon [_thread_blocked, id=22787, stack(0x0000700007be8000,0x0000700007ce8000)]
  0x00007fc61780f800 JavaThread "Monitor Ctrl-Break" daemon [_thread_in_native, id=22275, stack(0x00007000078df000,0x00007000079df000)]
  0x00007fc617083800 JavaThread "Service Thread" daemon [_thread_blocked, id=21251, stack(0x00007000076d9000,0x00007000077d9000)]
  0x00007fc617054800 JavaThread "C1 CompilerThread3" daemon [_thread_blocked, id=20739, stack(0x00007000075d6000,0x00007000076d6000)]
  0x00007fc615817000 JavaThread "C2 CompilerThread2" daemon [_thread_blocked, id=20227, stack(0x00007000074d3000,0x00007000075d3000)]
  0x00007fc615816000 JavaThread "C2 CompilerThread1" daemon [_thread_blocked, id=19715, stack(0x00007000073d0000,0x00007000074d0000)]
  0x00007fc614831000 JavaThread "C2 CompilerThread0" daemon [_thread_blocked, id=19203, stack(0x00007000072cd000,0x00007000073cd000)]
  0x00007fc614810800 JavaThread "Signal Dispatcher" daemon [_thread_blocked, id=18691, stack(0x00007000071ca000,0x00007000072ca000)]
  0x00007fc615810800 JavaThread "Finalizer" daemon [_thread_blocked, id=14595, stack(0x00007000070c7000,0x00007000071c7000)]
  0x00007fc615810000 JavaThread "Reference Handler" daemon [_thread_blocked, id=14083, stack(0x0000700006fc4000,0x00007000070c4000)]

Other Threads:
  0x00007fc61580d000 VMThread [stack: 0x0000700006ec1000,0x0000700006fc1000] [id=13571]
  0x00007fc617051800 WatcherThread [stack: 0x00007000077dc000,0x00007000078dc000] [id=21763]

VM state:not at safepoint (normal execution)

VM Mutex/Monitor currently owned by a thread: None

Heap:
 PSYoungGen      total 265728K, used 116878K [0x000000076ab00000, 0x0000000789a80000, 0x00000007c0000000)
  eden space 247808K, 47% used [0x000000076ab00000,0x0000000771d238a8,0x0000000779d00000)
  from space 17920K, 0% used [0x0000000779d00000,0x0000000779d00000,0x000000077ae80000)
  to   space 19456K, 0% used [0x0000000788780000,0x0000000788780000,0x0000000789a80000)
 ParOldGen       total 135168K, used 27818K [0x00000006c0000000, 0x00000006c8400000, 0x000000076ab00000)
  object space 135168K, 20% used [0x00000006c0000000,0x00000006c1b2a8f8,0x00000006c8400000)
 Metaspace       used 42064K, capacity 42588K, committed 42880K, reserved 1087488K
  class space    used 5279K, capacity 5403K, committed 5504K, reserved 1048576K

Card table byte_map: [0x0000000108549000,0x0000000108d4a000] byte_map_base: 0x0000000104f49000

Marking Bits: (ParMarkBitMap*) 0x0000000107adee20
 Begin Bits: [0x000000011e121000, 0x0000000122121000)
 End Bits:   [0x0000000122121000, 0x0000000126121000)

Polling page: 0x00000001060f7000

CodeCache: size=245760Kb used=16016Kb max_used=16335Kb free=229743Kb
 bounds [0x000000010f121000, 0x0000000110141000, 0x000000011e121000]
 total_blobs=4894 nmethods=4449 adapters=358
 compilation: enabled

Compilation events (10 events):
Event: 67.881 Thread 0x00007fc617054800 5217       1       org.apache.tomcat.util.net.NioEndpoint$NioSocketWrapper::interestOps (5 bytes)
Event: 67.881 Thread 0x00007fc617054800 nmethod 5217 0x000000010f814090 code [0x000000010f8141e0, 0x000000010f8142f0]
Event: 72.811 Thread 0x00007fc617054800 5218   !   3       org.apache.catalina.webresources.AbstractArchiveResourceSet::gc (55 bytes)
Event: 72.812 Thread 0x00007fc617054800 nmethod 5218 0x000000010fe3b010 code [0x000000010fe3b1a0, 0x000000010fe3b648]
Event: 75.908 Thread 0x00007fc617054800 5219   !   3       org.apache.tomcat.util.net.NioEndpoint$Poller::events (81 bytes)
Event: 75.909 Thread 0x00007fc617054800 nmethod 5219 0x000000010fcc5d90 code [0x000000010fcc5fa0, 0x000000010fcc6878]
Event: 79.742 Thread 0x00007fc615816000 5220       4       kh.com.kshrd.core.StreamConsumer::exist (23 bytes)
Event: 79.744 Thread 0x00007fc615816000 nmethod 5220 0x000000010f813d90 code [0x000000010f813ee0, 0x000000010f813f98]
Event: 88.081 Thread 0x00007fc617054800 5221       1       java.text.DontCareFieldPosition::getFieldDelegate (5 bytes)
Event: 88.081 Thread 0x00007fc617054800 nmethod 5221 0x000000010f813ad0 code [0x000000010f813c20, 0x000000010f813d30]

GC Heap History (10 events):
Event: 11.617 GC heap before
{Heap before GC invocations=5 (full 1):
 PSYoungGen      total 141824K, used 10738K [0x000000076ab00000, 0x0000000774000000, 0x00000007c0000000)
  eden space 131072K, 0% used [0x000000076ab00000,0x000000076ab00000,0x0000000772b00000)
  from space 10752K, 99% used [0x0000000773580000,0x0000000773ffc828,0x0000000774000000)
  to   space 10752K, 0% used [0x0000000772b00000,0x0000000772b00000,0x0000000773580000)
 ParOldGen       total 175104K, used 2777K [0x00000006c0000000, 0x00000006cab00000, 0x000000076ab00000)
  object space 175104K, 1% used [0x00000006c0000000,0x00000006c02b6588,0x00000006cab00000)
 Metaspace       used 20912K, capacity 21230K, committed 21296K, reserved 1069056K
  class space    used 2555K, capacity 2678K, committed 2688K, reserved 1048576K
Event: 11.651 GC heap after
Heap after GC invocations=5 (full 1):
 PSYoungGen      total 141824K, used 0K [0x000000076ab00000, 0x0000000774000000, 0x00000007c0000000)
  eden space 131072K, 0% used [0x000000076ab00000,0x000000076ab00000,0x0000000772b00000)
  from space 10752K, 0% used [0x0000000773580000,0x0000000773580000,0x0000000774000000)
  to   space 10752K, 0% used [0x0000000772b00000,0x0000000772b00000,0x0000000773580000)
 ParOldGen       total 85504K, used 11048K [0x00000006c0000000, 0x00000006c5380000, 0x000000076ab00000)
  object space 85504K, 12% used [0x00000006c0000000,0x00000006c0aca2d0,0x00000006c5380000)
 Metaspace       used 20912K, capacity 21230K, committed 21296K, reserved 1069056K
  class space    used 2555K, capacity 2678K, committed 2688K, reserved 1048576K
}
Event: 12.468 GC heap before
{Heap before GC invocations=6 (full 1):
 PSYoungGen      total 141824K, used 131072K [0x000000076ab00000, 0x0000000774000000, 0x00000007c0000000)
  eden space 131072K, 100% used [0x000000076ab00000,0x0000000772b00000,0x0000000772b00000)
  from space 10752K, 0% used [0x0000000773580000,0x0000000773580000,0x0000000774000000)
  to   space 10752K, 0% used [0x0000000772b00000,0x0000000772b00000,0x0000000773580000)
 ParOldGen       total 85504K, used 11048K [0x00000006c0000000, 0x00000006c5380000, 0x000000076ab00000)
  object space 85504K, 12% used [0x00000006c0000000,0x00000006c0aca2d0,0x00000006c5380000)
 Metaspace       used 27700K, capacity 28050K, committed 28416K, reserved 1075200K
  class space    used 3415K, capacity 3516K, committed 3584K, reserved 1048576K
Event: 12.482 GC heap after
Heap after GC invocations=6 (full 1):
 PSYoungGen      total 141824K, used 10722K [0x000000076ab00000, 0x000000077c300000, 0x00000007c0000000)
  eden space 131072K, 0% used [0x000000076ab00000,0x000000076ab00000,0x0000000772b00000)
  from space 10752K, 99% used [0x0000000772b00000,0x0000000773578928,0x0000000773580000)
  to   space 18944K, 0% used [0x000000077b080000,0x000000077b080000,0x000000077c300000)
 ParOldGen       total 85504K, used 20655K [0x00000006c0000000, 0x00000006c5380000, 0x000000076ab00000)
  object space 85504K, 24% used [0x00000006c0000000,0x00000006c142bd38,0x00000006c5380000)
 Metaspace       used 27700K, capacity 28050K, committed 28416K, reserved 1075200K
  class space    used 3415K, capacity 3516K, committed 3584K, reserved 1048576K
}
Event: 13.176 GC heap before
{Heap before GC invocations=7 (full 1):
 PSYoungGen      total 141824K, used 141794K [0x000000076ab00000, 0x000000077c300000, 0x00000007c0000000)
  eden space 131072K, 100% used [0x000000076ab00000,0x0000000772b00000,0x0000000772b00000)
  from space 10752K, 99% used [0x0000000772b00000,0x0000000773578928,0x0000000773580000)
  to   space 18944K, 0% used [0x000000077b080000,0x000000077b080000,0x000000077c300000)
 ParOldGen       total 85504K, used 20655K [0x00000006c0000000, 0x00000006c5380000, 0x000000076ab00000)
  object space 85504K, 24% used [0x00000006c0000000,0x00000006c142bd38,0x00000006c5380000)
 Metaspace       used 31198K, capacity 31682K, committed 32000K, reserved 1077248K
  class space    used 3884K, capacity 4004K, committed 4096K, reserved 1048576K
Event: 13.189 GC heap after
Heap after GC invocations=7 (full 1):
 PSYoungGen      total 263680K, used 12288K [0x000000076ab00000, 0x000000077c000000, 0x00000007c0000000)
  eden space 247808K, 0% used [0x000000076ab00000,0x000000076ab00000,0x0000000779d00000)
  from space 15872K, 77% used [0x000000077b080000,0x000000077bc800f8,0x000000077c000000)
  to   space 17920K, 0% used [0x0000000779d00000,0x0000000779d00000,0x000000077ae80000)
 ParOldGen       total 85504K, used 20663K [0x00000006c0000000, 0x00000006c5380000, 0x000000076ab00000)
  object space 85504K, 24% used [0x00000006c0000000,0x00000006c142dd38,0x00000006c5380000)
 Metaspace       used 31198K, capacity 31682K, committed 32000K, reserved 1077248K
  class space    used 3884K, capacity 4004K, committed 4096K, reserved 1048576K
}
Event: 13.881 GC heap before
{Heap before GC invocations=8 (full 1):
 PSYoungGen      total 263680K, used 153322K [0x000000076ab00000, 0x000000077c000000, 0x00000007c0000000)
  eden space 247808K, 56% used [0x000000076ab00000,0x00000007734ba870,0x0000000779d00000)
  from space 15872K, 77% used [0x000000077b080000,0x000000077bc800f8,0x000000077c000000)
  to   space 17920K, 0% used [0x0000000779d00000,0x0000000779d00000,0x000000077ae80000)
 ParOldGen       total 85504K, used 20663K [0x00000006c0000000, 0x00000006c5380000, 0x000000076ab00000)
  object space 85504K, 24% used [0x00000006c0000000,0x00000006c142dd38,0x00000006c5380000)
 Metaspace       used 34864K, capacity 35296K, committed 35496K, reserved 1081344K
  class space    used 4413K, capacity 4521K, committed 4608K, reserved 1048576K
Event: 13.899 GC heap after
Heap after GC invocations=8 (full 1):
 PSYoungGen      total 265728K, used 17531K [0x000000076ab00000, 0x0000000789a80000, 0x00000007c0000000)
  eden space 247808K, 0% used [0x000000076ab00000,0x000000076ab00000,0x0000000779d00000)
  from space 17920K, 97% used [0x0000000779d00000,0x000000077ae1edd0,0x000000077ae80000)
  to   space 19456K, 0% used [0x0000000788780000,0x0000000788780000,0x0000000789a80000)
 ParOldGen       total 85504K, used 20671K [0x00000006c0000000, 0x00000006c5380000, 0x000000076ab00000)
  object space 85504K, 24% used [0x00000006c0000000,0x00000006c142fd38,0x00000006c5380000)
 Metaspace       used 34864K, capacity 35296K, committed 35496K, reserved 1081344K
  class space    used 4413K, capacity 4521K, committed 4608K, reserved 1048576K
}
Event: 13.899 GC heap before
{Heap before GC invocations=9 (full 2):
 PSYoungGen      total 265728K, used 17531K [0x000000076ab00000, 0x0000000789a80000, 0x00000007c0000000)
  eden space 247808K, 0% used [0x000000076ab00000,0x000000076ab00000,0x0000000779d00000)
  from space 17920K, 97% used [0x0000000779d00000,0x000000077ae1edd0,0x000000077ae80000)
  to   space 19456K, 0% used [0x0000000788780000,0x0000000788780000,0x0000000789a80000)
 ParOldGen       total 85504K, used 20671K [0x00000006c0000000, 0x00000006c5380000, 0x000000076ab00000)
  object space 85504K, 24% used [0x00000006c0000000,0x00000006c142fd38,0x00000006c5380000)
 Metaspace       used 34864K, capacity 35296K, committed 35496K, reserved 1081344K
  class space    used 4413K, capacity 4521K, committed 4608K, reserved 1048576K
Event: 13.961 GC heap after
Heap after GC invocations=9 (full 2):
 PSYoungGen      total 265728K, used 0K [0x000000076ab00000, 0x0000000789a80000, 0x00000007c0000000)
  eden space 247808K, 0% used [0x000000076ab00000,0x000000076ab00000,0x0000000779d00000)
  from space 17920K, 0% used [0x0000000779d00000,0x0000000779d00000,0x000000077ae80000)
  to   space 19456K, 0% used [0x0000000788780000,0x0000000788780000,0x0000000789a80000)
 ParOldGen       total 135168K, used 27818K [0x00000006c0000000, 0x00000006c8400000, 0x000000076ab00000)
  object space 135168K, 20% used [0x00000006c0000000,0x00000006c1b2a8f8,0x00000006c8400000)
 Metaspace       used 34864K, capacity 35296K, committed 35496K, reserved 1081344K
  class space    used 4413K, capacity 4521K, committed 4608K, reserved 1048576K
}

Deoptimization events (10 events):
Event: 37.584 Thread 0x00007fc618016800 Uncommon trap: reason=bimorphic action=maybe_recompile pc=0x000000010f4530d0 method=java.util.AbstractList$Itr.next()Ljava/lang/Object; @ 14
Event: 37.585 Thread 0x00007fc618016800 Uncommon trap: reason=unstable_if action=reinterpret pc=0x000000011005cab4 method=org.springframework.core.annotation.AnnotationUtils.synthesizeAnnotation(Ljava/lang/annotation/Annotation;Ljava/lang/Object;)Ljava/lang/annotation/Annotation; @ 10
Event: 37.586 Thread 0x00007fc618016800 Uncommon trap: reason=unstable_if action=reinterpret pc=0x000000011009f8a0 method=java.lang.CharacterDataLatin1.digit(II)I @ 82
Event: 37.591 Thread 0x00007fc618016800 Uncommon trap: reason=unstable_if action=reinterpret pc=0x000000011009f4f8 method=java.lang.CharacterDataLatin1.digit(II)I @ 60
Event: 37.645 Thread 0x00007fc618016800 Uncommon trap: reason=class_check action=maybe_recompile pc=0x000000010f9e4d88 method=java.lang.StringCoding$StringEncoder.encode([CII)[B @ 30
Event: 37.686 Thread 0x00007fc618016800 Uncommon trap: reason=bimorphic action=maybe_recompile pc=0x000000010f4530d0 method=java.util.AbstractList$Itr.next()Ljava/lang/Object; @ 14
Event: 39.013 Thread 0x00007fc61a71c000 Uncommon trap: reason=class_check action=maybe_recompile pc=0x000000010f9e4d88 method=java.lang.StringCoding$StringEncoder.encode([CII)[B @ 30
Event: 40.920 Thread 0x00007fc6179b7800 Uncommon trap: reason=class_check action=maybe_recompile pc=0x000000010f9e4d88 method=java.lang.StringCoding$StringEncoder.encode([CII)[B @ 30
Event: 59.883 Thread 0x00007fc61a713800 Uncommon trap: reason=bimorphic action=maybe_recompile pc=0x000000010f9760d4 method=java.util.HashMap.removeNode(ILjava/lang/Object;Ljava/lang/Object;ZZ)Ljava/util/HashMap$Node; @ 283
Event: 59.885 Thread 0x00007fc61a713800 Uncommon trap: reason=bimorphic action=maybe_recompile pc=0x000000010f9760d4 method=java.util.HashMap.removeNode(ILjava/lang/Object;Ljava/lang/Object;ZZ)Ljava/util/HashMap$Node; @ 283

Internal exceptions (10 events):
Event: 27.240 Thread 0x00007fc61b000800 Exception <a 'java/lang/ClassNotFoundException': org/springframework/web/servlet/theme/FixedThemeResolverCustomizer> (0x000000076e343c20) thrown at [/Users/java_re/workspace/8-2-build-macosx-x86_64/jdk8u65/4987/hotspot/src/share/vm/classfile/systemDiction
Event: 27.241 Thread 0x00007fc61b000800 Exception <a 'java/lang/ClassNotFoundException': org/springframework/web/servlet/ThemeResolverCustomizer> (0x000000076e360640) thrown at [/Users/java_re/workspace/8-2-build-macosx-x86_64/jdk8u65/4987/hotspot/src/share/vm/classfile/systemDictionary.cpp, li
Event: 27.242 Thread 0x00007fc61b000800 Exception <a 'java/lang/ClassNotFoundException': java/lang/ObjectCustomizer> (0x000000076e380110) thrown at [/Users/java_re/workspace/8-2-build-macosx-x86_64/jdk8u65/4987/hotspot/src/share/vm/classfile/systemDictionary.cpp, line 210]
Event: 27.243 Thread 0x00007fc61b000800 Exception <a 'java/lang/ClassNotFoundException': org/springframework/web/servlet/view/DefaultRequestToViewNameTranslatorCustomizer> (0x000000076e3a4540) thrown at [/Users/java_re/workspace/8-2-build-macosx-x86_64/jdk8u65/4987/hotspot/src/share/vm/classfil
Event: 27.243 Thread 0x00007fc61b000800 Exception <a 'java/lang/ClassNotFoundException': org/springframework/web/servlet/RequestToViewNameTranslatorCustomizer> (0x000000076e3d35b0) thrown at [/Users/java_re/workspace/8-2-build-macosx-x86_64/jdk8u65/4987/hotspot/src/share/vm/classfile/systemDict
Event: 27.245 Thread 0x00007fc61b000800 Exception <a 'java/lang/ClassNotFoundException': java/lang/ObjectCustomizer> (0x000000076e403a08) thrown at [/Users/java_re/workspace/8-2-build-macosx-x86_64/jdk8u65/4987/hotspot/src/share/vm/classfile/systemDictionary.cpp, line 210]
Event: 27.246 Thread 0x00007fc61b000800 Exception <a 'java/lang/ClassNotFoundException': org/springframework/web/servlet/support/AbstractFlashMapManagerCustomizer> (0x000000076e425688) thrown at [/Users/java_re/workspace/8-2-build-macosx-x86_64/jdk8u65/4987/hotspot/src/share/vm/classfile/system
Event: 27.246 Thread 0x00007fc61b000800 Exception <a 'java/lang/ClassNotFoundException': org/springframework/web/servlet/support/SessionFlashMapManagerCustomizer> (0x000000076e44b190) thrown at [/Users/java_re/workspace/8-2-build-macosx-x86_64/jdk8u65/4987/hotspot/src/share/vm/classfile/systemD
Event: 27.247 Thread 0x00007fc61b000800 Exception <a 'java/lang/ClassNotFoundException': org/springframework/web/servlet/FlashMapManagerCustomizer> (0x000000076e467b00) thrown at [/Users/java_re/workspace/8-2-build-macosx-x86_64/jdk8u65/4987/hotspot/src/share/vm/classfile/systemDictionary.cpp, 
Event: 27.267 Thread 0x00007fc61b000800 Implicit null exception at 0x000000010fff5a78 to 0x0000000110002111

Events (10 events):
Event: 61.195 Thread 0x00007fc61bff6800 Thread exited: 0x00007fc61bff6800
Event: 87.185 Thread 0x00007fc61b008800 Thread added: 0x00007fc61b008800
Event: 87.185 Executing VM operation: RevokeBias
Event: 87.185 Executing VM operation: RevokeBias done
Event: 87.186 Executing VM operation: RevokeBias
Event: 87.186 Executing VM operation: RevokeBias done
Event: 87.186 Executing VM operation: RevokeBias
Event: 87.186 Executing VM operation: RevokeBias done
Event: 87.187 Executing VM operation: RevokeBias
Event: 87.187 Executing VM operation: RevokeBias done


Dynamic libraries:
0x00000000414c9000 	/System/Library/Frameworks/Cocoa.framework/Versions/A/Cocoa
0x00000000414c9000 	/System/Library/Frameworks/Security.framework/Versions/A/Security
0x00000000414c9000 	/System/Library/Frameworks/ApplicationServices.framework/Versions/A/ApplicationServices
0x00000000414c9000 	/usr/lib/libz.1.dylib
0x00000000414c9000 	/usr/lib/libSystem.B.dylib
0x00000000414c9000 	/usr/lib/libobjc.A.dylib
0x00000000414c9000 	/System/Library/Frameworks/CoreFoundation.framework/Versions/A/CoreFoundation
0x00000000414c9000 	/System/Library/Frameworks/Foundation.framework/Versions/C/Foundation
0x00000000414c9000 	/System/Library/Frameworks/AppKit.framework/Versions/C/AppKit
0x00000000414c9000 	/System/Library/Frameworks/CoreData.framework/Versions/A/CoreData
0x00000000414c9000 	/System/Library/PrivateFrameworks/RemoteViewServices.framework/Versions/A/RemoteViewServices
0x00000000414c9000 	/System/Library/PrivateFrameworks/UIFoundation.framework/Versions/A/UIFoundation
0x00000000414c9000 	/System/Library/PrivateFrameworks/DFRFoundation.framework/Versions/A/DFRFoundation
0x00000000414c9000 	/usr/lib/libenergytrace.dylib
0x00000000414c9000 	/System/Library/PrivateFrameworks/SkyLight.framework/Versions/A/SkyLight
0x00000000414c9000 	/System/Library/Frameworks/CoreGraphics.framework/Versions/A/CoreGraphics
0x00000000414c9000 	/usr/lib/libScreenReader.dylib
0x00000000414c9000 	/System/Library/Frameworks/Accelerate.framework/Versions/A/Accelerate
0x00000000414c9000 	/System/Library/Frameworks/IOSurface.framework/Versions/A/IOSurface
0x00000000414c9000 	/System/Library/Frameworks/AudioToolbox.framework/Versions/A/AudioToolbox
0x00000000414c9000 	/System/Library/Frameworks/AudioUnit.framework/Versions/A/AudioUnit
0x00000000414c9000 	/System/Library/PrivateFrameworks/DataDetectorsCore.framework/Versions/A/DataDetectorsCore
0x00000000414c9000 	/System/Library/PrivateFrameworks/DesktopServicesPriv.framework/Versions/A/DesktopServicesPriv
0x00000000414c9000 	/System/Library/Frameworks/Carbon.framework/Versions/A/Frameworks/HIToolbox.framework/Versions/A/HIToolbox
0x00000000414c9000 	/usr/lib/libicucore.A.dylib
0x00000000414c9000 	/System/Library/Frameworks/QuartzCore.framework/Versions/A/QuartzCore
0x00000000414c9000 	/System/Library/Frameworks/Carbon.framework/Versions/A/Frameworks/SpeechRecognition.framework/Versions/A/SpeechRecognition
0x00000000414c9000 	/usr/lib/libauto.dylib
0x00000000414c9000 	/usr/lib/libxml2.2.dylib
0x00000000414c9000 	/System/Library/PrivateFrameworks/CoreUI.framework/Versions/A/CoreUI
0x00000000414c9000 	/System/Library/Frameworks/CoreAudio.framework/Versions/A/CoreAudio
0x00000000414c9000 	/System/Library/Frameworks/DiskArbitration.framework/Versions/A/DiskArbitration
0x00000000414c9000 	/usr/lib/liblangid.dylib
0x00000000414c9000 	/System/Library/PrivateFrameworks/MultitouchSupport.framework/Versions/A/MultitouchSupport
0x00000000414c9000 	/System/Library/Frameworks/IOKit.framework/Versions/A/IOKit
0x00000000414c9000 	/usr/lib/libDiagnosticMessagesClient.dylib
0x00000000414c9000 	/System/Library/Frameworks/CoreServices.framework/Versions/A/CoreServices
0x00000000414c9000 	/System/Library/PrivateFrameworks/PerformanceAnalysis.framework/Versions/A/PerformanceAnalysis
0x00000000414c9000 	/System/Library/PrivateFrameworks/GenerationalStorage.framework/Versions/A/GenerationalStorage
0x00000000414c9000 	/System/Library/Frameworks/OpenGL.framework/Versions/A/OpenGL
0x00000000414c9000 	/System/Library/Frameworks/CoreImage.framework/Versions/A/CoreImage
0x00000000414c9000 	/System/Library/Frameworks/CoreText.framework/Versions/A/CoreText
0x00000000414c9000 	/System/Library/Frameworks/ImageIO.framework/Versions/A/ImageIO
0x00000000414c9000 	/System/Library/PrivateFrameworks/Backup.framework/Versions/A/Backup
0x00000000414c9000 	/usr/lib/libarchive.2.dylib
0x00000000414c9000 	/System/Library/Frameworks/CFNetwork.framework/Versions/A/CFNetwork
0x00000000414c9000 	/System/Library/Frameworks/SystemConfiguration.framework/Versions/A/SystemConfiguration
0x00000000414c9000 	/usr/lib/libCRFSuite.dylib
0x00000000414c9000 	/usr/lib/libc++.1.dylib
0x00000000414c9000 	/usr/lib/libc++abi.dylib
0x00000000414c9000 	/usr/lib/system/libcache.dylib
0x00000000414c9000 	/usr/lib/system/libcommonCrypto.dylib
0x00000000414c9000 	/usr/lib/system/libcompiler_rt.dylib
0x00000000414c9000 	/usr/lib/system/libcopyfile.dylib
0x00000000414c9000 	/usr/lib/system/libcorecrypto.dylib
0x00000000414c9000 	/usr/lib/system/libdispatch.dylib
0x00000000414c9000 	/usr/lib/system/libdyld.dylib
0x00000000414c9000 	/usr/lib/system/libkeymgr.dylib
0x00000000414c9000 	/usr/lib/system/liblaunch.dylib
0x00000000414c9000 	/usr/lib/system/libmacho.dylib
0x00000000414c9000 	/usr/lib/system/libquarantine.dylib
0x00000000414c9000 	/usr/lib/system/libremovefile.dylib
0x00000000414c9000 	/usr/lib/system/libsystem_asl.dylib
0x00000000414c9000 	/usr/lib/system/libsystem_blocks.dylib
0x00000000414c9000 	/usr/lib/system/libsystem_c.dylib
0x00000000414c9000 	/usr/lib/system/libsystem_configuration.dylib
0x00000000414c9000 	/usr/lib/system/libsystem_coreservices.dylib
0x00000000414c9000 	/usr/lib/system/libsystem_coretls.dylib
0x00000000414c9000 	/usr/lib/system/libsystem_dnssd.dylib
0x00000000414c9000 	/usr/lib/system/libsystem_info.dylib
0x00000000414c9000 	/usr/lib/system/libsystem_kernel.dylib
0x00000000414c9000 	/usr/lib/system/libsystem_m.dylib
0x00000000414c9000 	/usr/lib/system/libsystem_malloc.dylib
0x00000000414c9000 	/usr/lib/system/libsystem_network.dylib
0x00000000414c9000 	/usr/lib/system/libsystem_networkextension.dylib
0x00000000414c9000 	/usr/lib/system/libsystem_notify.dylib
0x00000000414c9000 	/usr/lib/system/libsystem_platform.dylib
0x00000000414c9000 	/usr/lib/system/libsystem_pthread.dylib
0x00000000414c9000 	/usr/lib/system/libsystem_sandbox.dylib
0x00000000414c9000 	/usr/lib/system/libsystem_secinit.dylib
0x00000000414c9000 	/usr/lib/system/libsystem_symptoms.dylib
0x00000000414c9000 	/usr/lib/system/libsystem_trace.dylib
0x00000000414c9000 	/usr/lib/system/libunwind.dylib
0x00000000414c9000 	/usr/lib/system/libxpc.dylib
0x00000000414c9000 	/usr/lib/libbsm.0.dylib
0x00000000414c9000 	/usr/lib/system/libkxld.dylib
0x00000000414c9000 	/usr/lib/libcoretls.dylib
0x00000000414c9000 	/usr/lib/libcoretls_cfhelpers.dylib
0x00000000414c9000 	/usr/lib/libxar.1.dylib
0x00000000414c9000 	/usr/lib/libsqlite3.dylib
0x00000000414c9000 	/usr/lib/libpam.2.dylib
0x00000000414c9000 	/usr/lib/libOpenScriptingUtil.dylib
0x00000000414c9000 	/usr/lib/libbz2.1.0.dylib
0x00000000414c9000 	/usr/lib/liblzma.5.dylib
0x00000000414c9000 	/usr/lib/libnetwork.dylib
0x00000000414c9000 	/usr/lib/libpcap.A.dylib
0x00000000414c9000 	/System/Library/Frameworks/CoreServices.framework/Versions/A/Frameworks/FSEvents.framework/Versions/A/FSEvents
0x00000000414c9000 	/System/Library/Frameworks/CoreServices.framework/Versions/A/Frameworks/CarbonCore.framework/Versions/A/CarbonCore
0x00000000414c9000 	/System/Library/Frameworks/CoreServices.framework/Versions/A/Frameworks/Metadata.framework/Versions/A/Metadata
0x00000000414c9000 	/System/Library/Frameworks/CoreServices.framework/Versions/A/Frameworks/OSServices.framework/Versions/A/OSServices
0x00000000414c9000 	/System/Library/Frameworks/CoreServices.framework/Versions/A/Frameworks/SearchKit.framework/Versions/A/SearchKit
0x00000000414c9000 	/System/Library/Frameworks/CoreServices.framework/Versions/A/Frameworks/AE.framework/Versions/A/AE
0x00000000414c9000 	/System/Library/Frameworks/CoreServices.framework/Versions/A/Frameworks/LaunchServices.framework/Versions/A/LaunchServices
0x00000000414c9000 	/System/Library/Frameworks/CoreServices.framework/Versions/A/Frameworks/DictionaryServices.framework/Versions/A/DictionaryServices
0x00000000414c9000 	/System/Library/Frameworks/CoreServices.framework/Versions/A/Frameworks/SharedFileList.framework/Versions/A/SharedFileList
0x00000000414c9000 	/System/Library/Frameworks/NetFS.framework/Versions/A/NetFS
0x00000000414c9000 	/System/Library/PrivateFrameworks/NetAuth.framework/Versions/A/NetAuth
0x00000000414c9000 	/System/Library/PrivateFrameworks/login.framework/Versions/A/Frameworks/loginsupport.framework/Versions/A/loginsupport
0x00000000414c9000 	/System/Library/PrivateFrameworks/TCC.framework/Versions/A/TCC
0x00000000414c9000 	/usr/lib/libmecabra.dylib
0x00000000414c9000 	/System/Library/Frameworks/ApplicationServices.framework/Versions/A/Frameworks/ATS.framework/Versions/A/ATS
0x00000000414c9000 	/System/Library/Frameworks/ApplicationServices.framework/Versions/A/Frameworks/ColorSync.framework/Versions/A/ColorSync
0x00000000414c9000 	/System/Library/Frameworks/ApplicationServices.framework/Versions/A/Frameworks/HIServices.framework/Versions/A/HIServices
0x00000000414c9000 	/System/Library/Frameworks/ApplicationServices.framework/Versions/A/Frameworks/LangAnalysis.framework/Versions/A/LangAnalysis
0x00000000414c9000 	/System/Library/Frameworks/ApplicationServices.framework/Versions/A/Frameworks/PrintCore.framework/Versions/A/PrintCore
0x00000000414c9000 	/System/Library/Frameworks/ApplicationServices.framework/Versions/A/Frameworks/QD.framework/Versions/A/QD
0x00000000414c9000 	/System/Library/Frameworks/ApplicationServices.framework/Versions/A/Frameworks/SpeechSynthesis.framework/Versions/A/SpeechSynthesis
0x00000000414c9000 	/System/Library/Frameworks/Accelerate.framework/Versions/A/Frameworks/vImage.framework/Versions/A/vImage
0x00000000414c9000 	/System/Library/Frameworks/Accelerate.framework/Versions/A/Frameworks/vecLib.framework/Versions/A/vecLib
0x00000000414c9000 	/System/Library/Frameworks/Accelerate.framework/Versions/A/Frameworks/vecLib.framework/Versions/A/libvDSP.dylib
0x00000000414c9000 	/System/Library/Frameworks/Accelerate.framework/Versions/A/Frameworks/vecLib.framework/Versions/A/libBNNS.dylib
0x00000000414c9000 	/System/Library/Frameworks/Accelerate.framework/Versions/A/Frameworks/vecLib.framework/Versions/A/libQuadrature.dylib
0x00000000414c9000 	/System/Library/Frameworks/Accelerate.framework/Versions/A/Frameworks/vecLib.framework/Versions/A/libvMisc.dylib
0x00000000414c9000 	/System/Library/Frameworks/Accelerate.framework/Versions/A/Frameworks/vecLib.framework/Versions/A/libLAPACK.dylib
0x00000000414c9000 	/System/Library/Frameworks/Accelerate.framework/Versions/A/Frameworks/vecLib.framework/Versions/A/libBLAS.dylib
0x00000000414c9000 	/System/Library/Frameworks/Accelerate.framework/Versions/A/Frameworks/vecLib.framework/Versions/A/libLinearAlgebra.dylib
0x00000000414c9000 	/System/Library/Frameworks/Accelerate.framework/Versions/A/Frameworks/vecLib.framework/Versions/A/libSparseBLAS.dylib
0x00000000414c9000 	/System/Library/Frameworks/ApplicationServices.framework/Versions/A/Frameworks/ATS.framework/Versions/A/Resources/libFontParser.dylib
0x00000000414c9000 	/System/Library/Frameworks/ApplicationServices.framework/Versions/A/Frameworks/ATS.framework/Versions/A/Resources/libFontRegistry.dylib
0x00000000414c9000 	/System/Library/Frameworks/ImageIO.framework/Versions/A/Resources/libJPEG.dylib
0x00000000414c9000 	/System/Library/Frameworks/ImageIO.framework/Versions/A/Resources/libTIFF.dylib
0x00000000414c9000 	/System/Library/Frameworks/ImageIO.framework/Versions/A/Resources/libPng.dylib
0x00000000414c9000 	/System/Library/Frameworks/ImageIO.framework/Versions/A/Resources/libGIF.dylib
0x00000000414c9000 	/System/Library/Frameworks/ImageIO.framework/Versions/A/Resources/libJP2.dylib
0x00000000414c9000 	/System/Library/Frameworks/ImageIO.framework/Versions/A/Resources/libRadiance.dylib
0x00000000414c9000 	/usr/lib/libcompression.dylib
0x00000000414c9000 	/System/Library/PrivateFrameworks/AppleJPEG.framework/Versions/A/AppleJPEG
0x00000000414c9000 	/usr/lib/libcups.2.dylib
0x00000000414c9000 	/System/Library/Frameworks/Kerberos.framework/Versions/A/Kerberos
0x00000000414c9000 	/System/Library/Frameworks/GSS.framework/Versions/A/GSS
0x00000000414c9000 	/usr/lib/libresolv.9.dylib
0x00000000414c9000 	/usr/lib/libiconv.2.dylib
0x00000000414c9000 	/System/Library/PrivateFrameworks/Heimdal.framework/Versions/A/Heimdal
0x00000000414c9000 	/usr/lib/libheimdal-asn1.dylib
0x00000000414c9000 	/System/Library/Frameworks/OpenDirectory.framework/Versions/A/OpenDirectory
0x00000000414c9000 	/System/Library/PrivateFrameworks/CommonAuth.framework/Versions/A/CommonAuth
0x00000000414c9000 	/System/Library/Frameworks/OpenDirectory.framework/Versions/A/Frameworks/CFOpenDirectory.framework/Versions/A/CFOpenDirectory
0x00000000414c9000 	/System/Library/Frameworks/SecurityFoundation.framework/Versions/A/SecurityFoundation
0x00000000414c9000 	/System/Library/PrivateFrameworks/LanguageModeling.framework/Versions/A/LanguageModeling
0x00000000414c9000 	/usr/lib/libmarisa.dylib
0x00000000414c9000 	/usr/lib/libChineseTokenizer.dylib
0x00000000414c9000 	/usr/lib/libcmph.dylib
0x00000000414c9000 	/System/Library/PrivateFrameworks/CoreEmoji.framework/Versions/A/CoreEmoji
0x00000000414c9000 	/System/Library/Frameworks/ServiceManagement.framework/Versions/A/ServiceManagement
0x00000000414c9000 	/usr/lib/libxslt.1.dylib
0x00000000414c9000 	/System/Library/Frameworks/Carbon.framework/Versions/A/Frameworks/Ink.framework/Versions/A/Ink
0x00000000414c9000 	/System/Library/PrivateFrameworks/TextureIO.framework/Versions/A/TextureIO
0x00000000414c9000 	/System/Library/Frameworks/Metal.framework/Versions/A/Metal
0x00000000414c9000 	/usr/lib/libate.dylib
0x00000000414c9000 	/System/Library/PrivateFrameworks/GPUCompiler.framework/libmetal_timestamp.dylib
0x00000000414c9000 	/System/Library/Frameworks/OpenGL.framework/Versions/A/Libraries/libCoreFSCache.dylib
0x00000000414c9000 	/System/Library/PrivateFrameworks/IOAccelerator.framework/Versions/A/IOAccelerator
0x00000000414c9000 	/System/Library/Frameworks/CoreVideo.framework/Versions/A/CoreVideo
0x00000000414c9000 	/usr/lib/libFosl_dynamic.dylib
0x00000000414c9000 	/System/Library/PrivateFrameworks/MetalPerformanceShaders.framework/Versions/A/MetalPerformanceShaders
0x00000000414c9000 	/System/Library/PrivateFrameworks/FaceCore.framework/Versions/A/FaceCore
0x00000000414c9000 	/System/Library/Frameworks/OpenCL.framework/Versions/A/OpenCL
0x00000000414c9000 	/System/Library/Frameworks/OpenGL.framework/Versions/A/Libraries/libGLU.dylib
0x00000000414c9000 	/System/Library/Frameworks/OpenGL.framework/Versions/A/Libraries/libGFXShared.dylib
0x00000000414c9000 	/System/Library/Frameworks/OpenGL.framework/Versions/A/Libraries/libGL.dylib
0x00000000414c9000 	/System/Library/Frameworks/OpenGL.framework/Versions/A/Libraries/libGLImage.dylib
0x00000000414c9000 	/System/Library/Frameworks/OpenGL.framework/Versions/A/Libraries/libCVMSPluginSupport.dylib
0x00000000414c9000 	/System/Library/Frameworks/OpenGL.framework/Versions/A/Libraries/libCoreVMClient.dylib
0x00000000414c9000 	/System/Library/PrivateFrameworks/CrashReporterSupport.framework/Versions/A/CrashReporterSupport
0x00000000414c9000 	/System/Library/PrivateFrameworks/Sharing.framework/Versions/A/Sharing
0x00000000414c9000 	/System/Library/PrivateFrameworks/IconServices.framework/Versions/A/IconServices
0x00000000414c9000 	/System/Library/PrivateFrameworks/ProtocolBuffer.framework/Versions/A/ProtocolBuffer
0x00000000414c9000 	/System/Library/PrivateFrameworks/Apple80211.framework/Versions/A/Apple80211
0x00000000414c9000 	/System/Library/Frameworks/CoreWLAN.framework/Versions/A/CoreWLAN
0x00000000414c9000 	/System/Library/PrivateFrameworks/CoreUtils.framework/Versions/A/CoreUtils
0x00000000414c9000 	/System/Library/Frameworks/IOBluetooth.framework/Versions/A/IOBluetooth
0x00000000414c9000 	/System/Library/PrivateFrameworks/CoreWiFi.framework/Versions/A/CoreWiFi
0x00000000414c9000 	/System/Library/Frameworks/CoreBluetooth.framework/Versions/A/CoreBluetooth
0x00000000414c9000 	/System/Library/Frameworks/CoreDisplay.framework/Versions/A/CoreDisplay
0x00000000414c9000 	/System/Library/PrivateFrameworks/IOPresentment.framework/Versions/A/IOPresentment
0x00000000414c9000 	/System/Library/PrivateFrameworks/DebugSymbols.framework/Versions/A/DebugSymbols
0x00000000414c9000 	/System/Library/PrivateFrameworks/CoreSymbolication.framework/Versions/A/CoreSymbolication
0x00000000414c9000 	/System/Library/PrivateFrameworks/Symbolication.framework/Versions/A/Symbolication
0x00000000414c9000 	/System/Library/PrivateFrameworks/AppleFSCompression.framework/Versions/A/AppleFSCompression
0x00000000414c9000 	/System/Library/PrivateFrameworks/SpeechRecognitionCore.framework/Versions/A/SpeechRecognitionCore
0x00000000414c9000 	/System/Library/PrivateFrameworks/ChunkingLibrary.framework/Versions/A/ChunkingLibrary
0x0000000107200000 	/Library/Java/JavaVirtualMachines/jdk1.8.0_65.jdk/Contents/Home/jre/lib/server/libjvm.dylib
0x00000000414c9000 	/usr/lib/libstdc++.6.dylib
0x00000001060b4000 	/Library/Java/JavaVirtualMachines/jdk1.8.0_65.jdk/Contents/Home/jre/lib/libverify.dylib
0x00000001060c2000 	/Library/Java/JavaVirtualMachines/jdk1.8.0_65.jdk/Contents/Home/jre/lib/libjava.dylib
0x0000000106101000 	/Library/Java/JavaVirtualMachines/jdk1.8.0_65.jdk/Contents/Home/jre/lib/libzip.dylib
0x000000010c14b000 	/System/Library/Frameworks/JavaVM.framework/Frameworks/JavaRuntimeSupport.framework/JavaRuntimeSupport
0x000000010c165000 	/System/Library/Frameworks/JavaVM.framework/Versions/A/Frameworks/JavaNativeFoundation.framework/Versions/A/JavaNativeFoundation
0x000000010c17a000 	/System/Library/Frameworks/JavaVM.framework/Versions/A/JavaVM
0x00000000414c9000 	/System/Library/Frameworks/Carbon.framework/Versions/A/Carbon
0x000000010c187000 	/System/Library/PrivateFrameworks/JavaLaunching.framework/Versions/A/JavaLaunching
0x00000000414c9000 	/System/Library/Frameworks/Carbon.framework/Versions/A/Frameworks/CommonPanels.framework/Versions/A/CommonPanels
0x00000000414c9000 	/System/Library/Frameworks/Carbon.framework/Versions/A/Frameworks/Help.framework/Versions/A/Help
0x00000000414c9000 	/System/Library/Frameworks/Carbon.framework/Versions/A/Frameworks/ImageCapture.framework/Versions/A/ImageCapture
0x00000000414c9000 	/System/Library/Frameworks/Carbon.framework/Versions/A/Frameworks/OpenScripting.framework/Versions/A/OpenScripting
0x00000000414c9000 	/System/Library/Frameworks/Carbon.framework/Versions/A/Frameworks/Print.framework/Versions/A/Print
0x00000000414c9000 	/System/Library/Frameworks/Carbon.framework/Versions/A/Frameworks/SecurityHI.framework/Versions/A/SecurityHI
0x000000010c512000 	/Applications/IntelliJ IDEA.app/Contents/bin/libbreakgen64.jnilib
0x000000010c515000 	/Library/Java/JavaVirtualMachines/jdk1.8.0_65.jdk/Contents/Home/jre/lib/libnet.dylib
0x000000010caaa000 	/Library/Java/JavaVirtualMachines/jdk1.8.0_65.jdk/Contents/Home/jre/lib/libmanagement.dylib
0x000000010c574000 	/Library/Java/JavaVirtualMachines/jdk1.8.0_65.jdk/Contents/Home/jre/lib/libnio.dylib
0x000000010c5ca000 	/Users/sophatvathana/Desktop/Project/ipcam/IPCAM-VIDEO-STREAMING-API/native/mac/x86_64/strmrecv.dylib
0x000000010dcaf000 	/Users/sophatvathana/Desktop/Project/ipcam/IPCAM-VIDEO-STREAMING-API/native/mac/x86_64/libavutil.55.dylib
0x00000000414c9000 	/System/Library/Frameworks/AVFoundation.framework/Versions/A/AVFoundation
0x00000000414c9000 	/System/Library/Frameworks/CoreMedia.framework/Versions/A/CoreMedia
0x00000000414c9000 	/System/Library/Frameworks/VideoToolbox.framework/Versions/A/VideoToolbox
0x000000010c64c000 	/System/Library/Frameworks/VideoDecodeAcceleration.framework/Versions/A/VideoDecodeAcceleration
0x00000000414c9000 	/System/Library/Frameworks/AVFoundation.framework/Versions/A/Frameworks/AVFAudio.framework/Versions/A/AVFAudio
0x00000000414c9000 	/System/Library/Frameworks/MediaToolbox.framework/Versions/A/MediaToolbox
0x00000000414c9000 	/System/Library/PrivateFrameworks/IntlPreferences.framework/Versions/A/IntlPreferences
0x00000000414c9000 	/System/Library/Frameworks/CoreMediaIO.framework/Versions/A/CoreMediaIO
0x00000000414c9000 	/usr/lib/libspindump.dylib
0x00000000414c9000 	/usr/lib/libdscsym.dylib
0x00000000414c9000 	/System/Library/PrivateFrameworks/CoreAVCHD.framework/Versions/A/CoreAVCHD
0x00000000414c9000 	/System/Library/Frameworks/MediaAccessibility.framework/Versions/A/MediaAccessibility
0x00000000414c9000 	/System/Library/PrivateFrameworks/Mangrove.framework/Versions/A/Mangrove
0x00000000414c9000 	/System/Library/PrivateFrameworks/CoreAUC.framework/Versions/A/CoreAUC
0x00000000414c9000 	/System/Library/PrivateFrameworks/AppleVA.framework/Versions/A/AppleVA
0x00000000414c9000 	/System/Library/PrivateFrameworks/XPCService.framework/Versions/A/XPCService
0x00000000414c9000 	/System/Library/PrivateFrameworks/AppSandbox.framework/Versions/A/AppSandbox
0x00000000414c9000 	/usr/lib/libsandbox.1.dylib
0x00000000414c9000 	/System/Library/PrivateFrameworks/AppContainer.framework/Versions/A/AppContainer
0x00000000414c9000 	/System/Library/PrivateFrameworks/SecCodeWrapper.framework/Versions/A/SecCodeWrapper
0x00000000414c9000 	/usr/lib/libMatch.1.dylib
0x000000010c588000 	/Users/sophatvathana/Desktop/Project/ipcam/IPCAM-VIDEO-STREAMING-API/native/mac/x86_64/libswresample.2.dylib
0x0000000126321000 	/Users/sophatvathana/Desktop/Project/ipcam/IPCAM-VIDEO-STREAMING-API/native/mac/x86_64/libavcodec.57.dylib
0x000000010e271000 	/Users/sophatvathana/Desktop/Project/ipcam/IPCAM-VIDEO-STREAMING-API/native/mac/x86_64/libavformat.57.dylib
0x000000010c70f000 	/Library/Java/JavaVirtualMachines/jdk1.8.0_65.jdk/Contents/Home/jre/lib/libsunec.dylib

VM Arguments:
jvm_args: -Dspring.output.ansi.enabled=always -Didea.launcher.port=7536 -Didea.launcher.bin.path=/Applications/IntelliJ IDEA.app/Contents/bin -Dfile.encoding=UTF-8 
java_command: com.intellij.rt.execution.application.AppMain kh.com.kshrd.ipcam.IpcamVideoStreamingApiApplication
java_class_path (initial): /Library/Java/JavaVirtualMachines/jdk1.8.0_65.jdk/Contents/Home/jre/lib/charsets.jar:/Library/Java/JavaVirtualMachines/jdk1.8.0_65.jdk/Contents/Home/jre/lib/deploy.jar:/Library/Java/JavaVirtualMachines/jdk1.8.0_65.jdk/Contents/Home/jre/lib/ext/cldrdata.jar:/Library/Java/JavaVirtualMachines/jdk1.8.0_65.jdk/Contents/Home/jre/lib/ext/dnsns.jar:/Library/Java/JavaVirtualMachines/jdk1.8.0_65.jdk/Contents/Home/jre/lib/ext/jaccess.jar:/Library/Java/JavaVirtualMachines/jdk1.8.0_65.jdk/Contents/Home/jre/lib/ext/jfxrt.jar:/Library/Java/JavaVirtualMachines/jdk1.8.0_65.jdk/Contents/Home/jre/lib/ext/localedata.jar:/Library/Java/JavaVirtualMachines/jdk1.8.0_65.jdk/Contents/Home/jre/lib/ext/nashorn.jar:/Library/Java/JavaVirtualMachines/jdk1.8.0_65.jdk/Contents/Home/jre/lib/ext/sunec.jar:/Library/Java/JavaVirtualMachines/jdk1.8.0_65.jdk/Contents/Home/jre/lib/ext/sunjce_provider.jar:/Library/Java/JavaVirtualMachines/jdk1.8.0_65.jdk/Contents/Home/jre/lib/ext/sunpkcs11.jar:/Library/Java/JavaVirtualMachines/jdk1.8.0_65.jdk/Contents/Home/jre/lib/ext/zipfs.jar:/Library/Java/JavaVirtualMachines/jdk1.8.0_65.jdk/Contents/Home/jre/lib/javaws.jar:/Library/Java/JavaVirtualMachines/jdk1.8.0_65.jdk/Contents/Home/jre/lib/jce.jar:/Library/Java/JavaVirtualMachines/jdk1.8.0_65.jdk/Contents/Home/jre/lib/jfr.jar:/Library/Java/JavaVirtualMachines/jdk1.8.0_65.jdk/Contents/Home/jre/lib/jfxswt.jar:/Library/Java/JavaVirtualMachines/jdk1.8.0_65.jdk/Contents/Home/jre/lib/jsse.jar:/Library/Java/JavaVirtualMachines/jdk1.8.0_65.jdk/Contents/Home/jre/lib/management-agent.jar:/Library/Java/JavaVirtualMachines/jdk1.8.0_65.jdk/Contents/Home/jre/lib/plugin.jar:/Library/Java/JavaVirtualMachines/jdk1.8.0_65.jdk/Contents/Home/jre/lib/resources.jar:/Library/Java/JavaVirtualMachines/jdk1.8.0_65.jdk/Contents/Home/jre/lib/rt.jar:/Library/Java/JavaVirtualMachines/jdk1.8.0_65.jdk/Contents/Home/lib/dt.jar:/Library/Java/JavaVirtualMachines/jdk1.8.0_65.jdk/Contents/Home/lib/javafx-mx.jar:/Library/Jav
Launcher Type: SUN_STANDARD

Environment Variables:
PATH=/Library/Frameworks/Python.framework/Versions/3.5/bin:/usr/local/bin:/usr/bin:/bin:/usr/sbin:/sbin
SHELL=/bin/zsh

Signal Handlers:
SIGSEGV: [libjvm.dylib+0x5a6d31], sa_mask[0]=11111111011111110111111111111111, sa_flags=SA_ONSTACK|SA_RESTART|SA_SIGINFO
SIGBUS: [libjvm.dylib+0x5a6d31], sa_mask[0]=11111111011111110111111111111111, sa_flags=SA_RESTART|SA_SIGINFO
SIGFPE: [libjvm.dylib+0x480a40], sa_mask[0]=11111111011111110111111111111111, sa_flags=SA_RESTART|SA_SIGINFO
SIGPIPE: [libjvm.dylib+0x480a40], sa_mask[0]=11111111011111110111111111111111, sa_flags=SA_RESTART|SA_SIGINFO
SIGXFSZ: [libjvm.dylib+0x480a40], sa_mask[0]=11111111011111110111111111111111, sa_flags=SA_RESTART|SA_SIGINFO
SIGILL: [libjvm.dylib+0x480a40], sa_mask[0]=11111111011111110111111111111111, sa_flags=SA_RESTART|SA_SIGINFO
SIGUSR1: SIG_DFL, sa_mask[0]=00000000000000000000000000000000, sa_flags=none
SIGUSR2: [libjvm.dylib+0x48055e], sa_mask[0]=00100000000000000000000000000000, sa_flags=SA_RESTART|SA_SIGINFO
SIGHUP: [libjvm.dylib+0x47eb35], sa_mask[0]=11111111011111110111111111111111, sa_flags=SA_RESTART|SA_SIGINFO
SIGINT: [libjvm.dylib+0x47eb35], sa_mask[0]=11111111011111110111111111111111, sa_flags=SA_RESTART|SA_SIGINFO
SIGTERM: [libjvm.dylib+0x47eb35], sa_mask[0]=11111111011111110111111111111111, sa_flags=SA_RESTART|SA_SIGINFO
SIGQUIT: [libjvm.dylib+0x47eb35], sa_mask[0]=11111111011111110111111111111111, sa_flags=SA_RESTART|SA_SIGINFO


---------------  S Y S T E M  ---------------

OS:Bsduname:Darwin 16.3.0 Darwin Kernel Version 16.3.0: Thu Nov 17 20:23:58 PST 2016; root:xnu-3789.31.2~1/RELEASE_X86_64 x86_64
rlimit: STACK 8192k, CORE 0k, NPROC 709, NOFILE 10240, AS infinity
load average:3.08 3.04 2.70

CPU:total 8 (4 cores per cpu, 2 threads per core) family 6 model 70 stepping 1, cmov, cx8, fxsr, mmx, sse, sse2, sse3, ssse3, sse4.1, sse4.2, popcnt, avx, avx2, aes, clmul, erms, lzcnt, ht, tsc, tscinvbit, bmi1, bmi2

Memory: 4k page, physical 16777216k(211964k free)

/proc/meminfo:


vm_info: Java HotSpot(TM) 64-Bit Server VM (25.65-b01) for bsd-amd64 JRE (1.8.0_65-b17), built on Oct  6 2015 15:36:46 by "java_re" with gcc 4.2.1 (Based on Apple Inc. build 5658) (LLVM build 2336.11.00)

time: Mon Dec 26 13:24:37 2016
elapsed time: 91 seconds (0d 0h 1m 31s)

