#
# A fatal error has been detected by the Java Runtime Environment:
#
#  SIGSEGV (0xb) at pc=0x0000000120797751, pid=818, tid=23811
#
# JRE version: Java(TM) SE Runtime Environment (8.0_65-b17) (build 1.8.0_65-b17)
# Java VM: Java HotSpot(TM) 64-Bit Server VM (25.65-b01 mixed mode bsd-amd64 compressed oops)
# Problematic frame:
# C  [libavutil.55.dylib+0x19751]  av_freep+0x1
#
# Failed to write core dump. Core dumps have been disabled. To enable core dumping, try "ulimit -c unlimited" before starting Java again
#
# If you would like to submit a bug report, please visit:
#   http://bugreport.java.com/bugreport/crash.jsp
# The crash happened outside the Java Virtual Machine in native code.
# See problematic frame for where to report the bug.
#

---------------  T H R E A D  ---------------

Current thread (0x00007fcf69d56000):  JavaThread "Thread-1" [_thread_in_native, id=23811, stack(0x000070000c1af000,0x000070000c2af000)]

siginfo: si_signo: 11 (SIGSEGV), si_code: 0 (unknown), si_addr: 0x0000000000000000

Registers:
RAX=0x000000011fe7f500, RBX=0x0000000000000000, RCX=0x0000000000000000, RDX=0x00007fcf6b02adb0
RSP=0x000070000c2ae700, RBP=0x000070000c2ae750, RSI=0x000070000c2ae7e8, RDI=0x474e494d41455254
R8 =0x0000000000000004, R9 =0x0000000000000280, R10=0x0000000107ea9100, R11=0x0000000120797750
R12=0x0000000000000000, R13=0x00000001212431c0, R14=0x00007fcf6b02ade8, R15=0x00007fcf6b02adb8
RIP=0x0000000120797751, EFLAGS=0x0000000000010202, ERR=0x0000000000000000
  TRAPNO=0x000000000000000d

Top of Stack: (sp=0x000070000c2ae700)
0x000070000c2ae700:   000000011fe7f500 00000001229bb70c
0x000070000c2ae710:   000000011fe7f500 00007fcf6b02adb0
0x000070000c2ae720:   0000000000000000 000070000c2ae7e8
0x000070000c2ae730:   00007fcf69d56000 000000011fe7ef32
0x000070000c2ae740:   00000001212431c0 000070000c2ae7e8
0x000070000c2ae750:   000070000c2ae7b8 0000000107f0a954
0x000070000c2ae760:   000070000c2ae7b8 0000000107f0a6e7
0x000070000c2ae770:   0000000107f0a6a2 000070000c2ae778
0x000070000c2ae780:   00000001212431c0 000070000c2ae7e8
0x000070000c2ae790:   0000000121245260 0000000000000000
0x000070000c2ae7a0:   00000001212431c0 0000000000000000
0x000070000c2ae7b0:   000070000c2ae7d8 000070000c2ae830
0x000070000c2ae7c0:   0000000107efcc4d 0000000000000000
0x000070000c2ae7d0:   0000000107f04578 00007fcf6b02adb0
0x000070000c2ae7e0:   00000006c0fd1118 00000006c0fd1118
0x000070000c2ae7f0:   000070000c2ae7f0 00000001212434ce
0x000070000c2ae800:   000070000c2ae840 0000000121245260
0x000070000c2ae810:   0000000000000000 00000001212434f0
0x000070000c2ae820:   000070000c2ae7d8 000070000c2ae840
0x000070000c2ae830:   000070000c2ae888 0000000107efcc4d
0x000070000c2ae840:   00000006c0fd1118 000070000c2ae848
0x000070000c2ae850:   0000000121243409 000070000c2ae898
0x000070000c2ae860:   0000000121245260 0000000000000000
0x000070000c2ae870:   0000000121243438 000070000c2ae840
0x000070000c2ae880:   000070000c2ae898 000070000c2ae8e0
0x000070000c2ae890:   0000000107efcc4d 00000006c0fd1118
0x000070000c2ae8a0:   000070000c2ae8a0 000000012271b7b5
0x000070000c2ae8b0:   000070000c2ae910 0000000121241058
0x000070000c2ae8c0:   0000000000000000 000000012271b928
0x000070000c2ae8d0:   000070000c2ae898 000070000c2ae910
0x000070000c2ae8e0:   000070000c2ae958 0000000107efcc92
0x000070000c2ae8f0:   000000000000012c 0000000000000000 

Instructions: (pc=0x0000000120797751)
0x0000000120797731:   00 00 00 e8 6f a9 01 00 b8 f4 ff ff ff 48 83 c4
0x0000000120797741:   10 5b c3 66 66 66 2e 0f 1f 84 00 00 00 00 00 50
0x0000000120797751:   48 8b 07 48 c7 04 24 00 00 00 00 48 c7 07 00 00
0x0000000120797761:   00 00 48 89 c7 e8 3d a9 01 00 58 c3 0f 1f 00 48 

Register to memory mapping:

RAX=0x000000011fe7f500: Java_kh_com_kshrd_core_RtspStream_openRtspInternal+0x90 in /Users/sophatvathana/Desktop/Project/ipcam/IPCAM-VIDEO-STREAMING-API/native/mac/x86_64/strmrecv.dylib at 0x000000011fe7d000
RBX=0x0000000000000000 is an unknown value
RCX=0x0000000000000000 is an unknown value
RDX=0x00007fcf6b02adb0 is an unknown value
RSP=0x000070000c2ae700 is pointing into the stack for thread: 0x00007fcf69d56000
RBP=0x000070000c2ae750 is pointing into the stack for thread: 0x00007fcf69d56000
RSI=0x000070000c2ae7e8 is pointing into the stack for thread: 0x00007fcf69d56000
RDI=0x474e494d41455254 is an unknown value
R8 =0x0000000000000004 is an unknown value
R9 =0x0000000000000280 is an unknown value
R10=0x0000000107ea9100 is an unknown value
R11=0x0000000120797750: av_freep+0 in /Users/sophatvathana/Desktop/Project/ipcam/IPCAM-VIDEO-STREAMING-API/native/mac/x86_64/libavutil.55.dylib at 0x000000012077e000
R12=0x0000000000000000 is an unknown value
R13={method} {0x00000001212431c0} 'releaseContextInternal' '(J)V' in 'kh/com/kshrd/core/RtspStream'
R14=0x00007fcf6b02ade8 is an unknown value
R15=0x00007fcf6b02adb8 is an unknown value


Stack: [0x000070000c1af000,0x000070000c2af000],  sp=0x000070000c2ae700,  free space=1021k
Native frames: (J=compiled Java code, j=interpreted, Vv=VM code, C=native code)
C  [libavutil.55.dylib+0x19751]  av_freep+0x1
j  kh.com.kshrd.core.RtspStream.releaseContextInternal(J)V+0
j  kh.com.kshrd.core.RtspStream.release()V+14
j  kh.com.kshrd.core.RtspStream.initialize()V+1
j  kh.com.kshrd.core.RtspCamera.run()V+269
j  java.lang.Thread.run()V+11
v  ~StubRoutines::call_stub
V  [libjvm.dylib+0x2eab02]  JavaCalls::call_helper(JavaValue*, methodHandle*, JavaCallArguments*, Thread*)+0x6ae
V  [libjvm.dylib+0x2eb290]  JavaCalls::call_virtual(JavaValue*, KlassHandle, Symbol*, Symbol*, JavaCallArguments*, Thread*)+0x164
V  [libjvm.dylib+0x2eb43c]  JavaCalls::call_virtual(JavaValue*, Handle, KlassHandle, Symbol*, Symbol*, Thread*)+0x4a
V  [libjvm.dylib+0x345959]  thread_entry(JavaThread*, Thread*)+0x7c
V  [libjvm.dylib+0x5612d3]  JavaThread::thread_main_inner()+0x9b
V  [libjvm.dylib+0x5629ce]  JavaThread::run()+0x1c2
V  [libjvm.dylib+0x48342e]  java_start(Thread*)+0xf6
C  [libsystem_pthread.dylib+0x3aab]  _pthread_body+0xb4
C  [libsystem_pthread.dylib+0x39f7]  _pthread_body+0x0
C  [libsystem_pthread.dylib+0x31fd]  thread_start+0xd
C  0x0000000000000000

Java frames: (J=compiled Java code, j=interpreted, Vv=VM code)
j  kh.com.kshrd.core.RtspStream.releaseContextInternal(J)V+0
j  kh.com.kshrd.core.RtspStream.release()V+14
j  kh.com.kshrd.core.RtspStream.initialize()V+1
j  kh.com.kshrd.core.RtspCamera.run()V+269
j  java.lang.Thread.run()V+11
v  ~StubRoutines::call_stub

---------------  P R O C E S S  ---------------

Java Threads: ( => current thread )
  0x00007fcf6c124000 JavaThread "http-nio-9999-exec-4" daemon [_thread_blocked, id=27395, stack(0x000070000c8c4000,0x000070000c9c4000)]
  0x00007fcf71800000 JavaThread "http-nio-9999-exec-3" daemon [_thread_blocked, id=5387, stack(0x000070000bea6000,0x000070000bfa6000)]
  0x00007fcf7034e000 JavaThread "http-nio-9999-exec-2" daemon [_thread_blocked, id=5131, stack(0x000070000bda3000,0x000070000bea3000)]
  0x00007fcf70228000 JavaThread "http-nio-9999-exec-1" daemon [_thread_blocked, id=26883, stack(0x000070000c7c1000,0x000070000c8c1000)]
  0x00007fcf6cfee800 JavaThread "DestroyJavaVM" [_thread_blocked, id=7171, stack(0x000070000a967000,0x000070000aa67000)]
  0x00007fcf6fb68000 JavaThread "http-nio-9999-AsyncTimeout" daemon [_thread_blocked, id=26371, stack(0x000070000c6be000,0x000070000c7be000)]
  0x00007fcf6afd6800 JavaThread "http-nio-9999-Acceptor-0" daemon [_thread_in_native, id=25859, stack(0x000070000c5bb000,0x000070000c6bb000)]
  0x00007fcf6f5f2000 JavaThread "http-nio-9999-ClientPoller-1" daemon [_thread_in_native, id=25347, stack(0x000070000c4b8000,0x000070000c5b8000)]
  0x00007fcf6fb31000 JavaThread "http-nio-9999-ClientPoller-0" daemon [_thread_in_native, id=24835, stack(0x000070000c3b5000,0x000070000c4b5000)]
  0x00007fcf70066800 JavaThread "NioBlockingSelector.BlockPoller-1" daemon [_thread_in_native, id=24323, stack(0x000070000c2b2000,0x000070000c3b2000)]
=>0x00007fcf69d56000 JavaThread "Thread-1" [_thread_in_native, id=23811, stack(0x000070000c1af000,0x000070000c2af000)]
  0x00007fcf6d87a800 JavaThread "container-0" [_thread_blocked, id=23299, stack(0x000070000c0ac000,0x000070000c1ac000)]
  0x00007fcf6bb60800 JavaThread "ContainerBackgroundProcessor[StandardEngine[Tomcat]]" daemon [_thread_blocked, id=22787, stack(0x000070000bfa9000,0x000070000c0a9000)]
  0x00007fcf69a7a000 JavaThread "Monitor Ctrl-Break" daemon [_thread_in_native, id=22275, stack(0x000070000bca0000,0x000070000bda0000)]
  0x00007fcf6d006000 JavaThread "Service Thread" daemon [_thread_blocked, id=21251, stack(0x000070000ba9a000,0x000070000bb9a000)]
  0x00007fcf6a818000 JavaThread "C1 CompilerThread3" daemon [_thread_blocked, id=20739, stack(0x000070000b997000,0x000070000ba97000)]
  0x00007fcf6c82f000 JavaThread "C2 CompilerThread2" daemon [_thread_blocked, id=20227, stack(0x000070000b894000,0x000070000b994000)]
  0x00007fcf6c82e000 JavaThread "C2 CompilerThread1" daemon [_thread_blocked, id=19715, stack(0x000070000b791000,0x000070000b891000)]
  0x00007fcf6c82c800 JavaThread "C2 CompilerThread0" daemon [_thread_blocked, id=19203, stack(0x000070000b68e000,0x000070000b78e000)]
  0x00007fcf6c82c000 JavaThread "Signal Dispatcher" daemon [_thread_blocked, id=18691, stack(0x000070000b58b000,0x000070000b68b000)]
  0x00007fcf6a000800 JavaThread "Finalizer" daemon [_thread_blocked, id=14595, stack(0x000070000b488000,0x000070000b588000)]
  0x00007fcf6a811800 JavaThread "Reference Handler" daemon [_thread_blocked, id=14083, stack(0x000070000b385000,0x000070000b485000)]

Other Threads:
  0x00007fcf6c803800 VMThread [stack: 0x000070000b282000,0x000070000b382000] [id=13571]
  0x00007fcf6d801800 WatcherThread [stack: 0x000070000bb9d000,0x000070000bc9d000] [id=21763]

VM state:not at safepoint (normal execution)

VM Mutex/Monitor currently owned by a thread: None

Heap:
 PSYoungGen      total 260096K, used 101011K [0x000000076ab00000, 0x0000000788200000, 0x00000007c0000000)
  eden space 241664K, 41% used [0x000000076ab00000,0x0000000770da4ce8,0x0000000779700000)
  from space 18432K, 0% used [0x0000000779700000,0x0000000779700000,0x000000077a900000)
  to   space 19968K, 0% used [0x0000000786e80000,0x0000000786e80000,0x0000000788200000)
 ParOldGen       total 136704K, used 27827K [0x00000006c0000000, 0x00000006c8580000, 0x000000076ab00000)
  object space 136704K, 20% used [0x00000006c0000000,0x00000006c1b2ce08,0x00000006c8580000)
 Metaspace       used 41005K, capacity 41592K, committed 41728K, reserved 1085440K
  class space    used 5153K, capacity 5292K, committed 5376K, reserved 1048576K

Card table byte_map: [0x0000000104d49000,0x000000010554a000] byte_map_base: 0x0000000101749000

Marking Bits: (ParMarkBitMap*) 0x00000001042dee20
 Begin Bits: [0x0000000116ef5000, 0x000000011aef5000)
 End Bits:   [0x000000011aef5000, 0x000000011eef5000)

Polling page: 0x000000010290d000

CodeCache: size=245760Kb used=15085Kb max_used=15179Kb free=230674Kb
 bounds [0x0000000107ef5000, 0x0000000108de5000, 0x0000000116ef5000]
 total_blobs=4742 nmethods=4305 adapters=350
 compilation: enabled

Compilation events (10 events):
Event: 71.409 Thread 0x00007fcf6a818000 5030       3       java.util.concurrent.ConcurrentHashMap$KeySetView::iterator (34 bytes)
Event: 71.409 Thread 0x00007fcf6a818000 nmethod 5030 0x0000000108205ed0 code [0x0000000108206060, 0x0000000108206478]
Event: 71.410 Thread 0x00007fcf6a818000 5031       3       java.util.concurrent.ConcurrentHashMap$KeyIterator::<init> (12 bytes)
Event: 71.410 Thread 0x00007fcf6a818000 nmethod 5031 0x000000010817d4d0 code [0x000000010817d660, 0x000000010817d938]
Event: 72.622 Thread 0x00007fcf6c82e000 5032       4       java.util.ArrayDeque::pollFirst (42 bytes)
Event: 72.622 Thread 0x00007fcf6a818000 5033   !   3       org.apache.catalina.webresources.AbstractArchiveResourceSet::gc (55 bytes)
Event: 72.623 Thread 0x00007fcf6a818000 nmethod 5033 0x00000001082852d0 code [0x0000000108285460, 0x0000000108285908]
Event: 72.623 Thread 0x00007fcf6c82e000 nmethod 5032 0x0000000108328bd0 code [0x0000000108328d20, 0x0000000108328df8]
Event: 75.580 Thread 0x00007fcf6a818000 5034   !   3       org.apache.tomcat.util.net.NioEndpoint$Poller::events (81 bytes)
Event: 75.581 Thread 0x00007fcf6a818000 nmethod 5034 0x000000010844b590 code [0x000000010844b7a0, 0x000000010844c078]

GC Heap History (10 events):
Event: 11.407 GC heap before
{Heap before GC invocations=5 (full 1):
 PSYoungGen      total 141824K, used 10725K [0x000000076ab00000, 0x0000000774000000, 0x00000007c0000000)
  eden space 131072K, 0% used [0x000000076ab00000,0x000000076ab00000,0x0000000772b00000)
  from space 10752K, 99% used [0x0000000773580000,0x0000000773ff9770,0x0000000774000000)
  to   space 10752K, 0% used [0x0000000772b00000,0x0000000772b00000,0x0000000773580000)
 ParOldGen       total 175104K, used 2845K [0x00000006c0000000, 0x00000006cab00000, 0x000000076ab00000)
  object space 175104K, 1% used [0x00000006c0000000,0x00000006c02c7580,0x00000006cab00000)
 Metaspace       used 20914K, capacity 21230K, committed 21296K, reserved 1069056K
  class space    used 2556K, capacity 2678K, committed 2688K, reserved 1048576K
Event: 11.464 GC heap after
Heap after GC invocations=5 (full 1):
 PSYoungGen      total 141824K, used 0K [0x000000076ab00000, 0x0000000774000000, 0x00000007c0000000)
  eden space 131072K, 0% used [0x000000076ab00000,0x000000076ab00000,0x0000000772b00000)
  from space 10752K, 0% used [0x0000000773580000,0x0000000773580000,0x0000000774000000)
  to   space 10752K, 0% used [0x0000000772b00000,0x0000000772b00000,0x0000000773580000)
 ParOldGen       total 87552K, used 11040K [0x00000006c0000000, 0x00000006c5580000, 0x000000076ab00000)
  object space 87552K, 12% used [0x00000006c0000000,0x00000006c0ac8210,0x00000006c5580000)
 Metaspace       used 20914K, capacity 21230K, committed 21296K, reserved 1069056K
  class space    used 2556K, capacity 2678K, committed 2688K, reserved 1048576K
}
Event: 12.286 GC heap before
{Heap before GC invocations=6 (full 1):
 PSYoungGen      total 141824K, used 131072K [0x000000076ab00000, 0x0000000774000000, 0x00000007c0000000)
  eden space 131072K, 100% used [0x000000076ab00000,0x0000000772b00000,0x0000000772b00000)
  from space 10752K, 0% used [0x0000000773580000,0x0000000773580000,0x0000000774000000)
  to   space 10752K, 0% used [0x0000000772b00000,0x0000000772b00000,0x0000000773580000)
 ParOldGen       total 87552K, used 11040K [0x00000006c0000000, 0x00000006c5580000, 0x000000076ab00000)
  object space 87552K, 12% used [0x00000006c0000000,0x00000006c0ac8210,0x00000006c5580000)
 Metaspace       used 27709K, capacity 28050K, committed 28416K, reserved 1075200K
  class space    used 3416K, capacity 3516K, committed 3584K, reserved 1048576K
Event: 12.299 GC heap after
Heap after GC invocations=6 (full 1):
 PSYoungGen      total 141824K, used 10745K [0x000000076ab00000, 0x000000077bd80000, 0x00000007c0000000)
  eden space 131072K, 0% used [0x000000076ab00000,0x000000076ab00000,0x0000000772b00000)
  from space 10752K, 99% used [0x0000000772b00000,0x000000077357e798,0x0000000773580000)
  to   space 18944K, 0% used [0x000000077ab00000,0x000000077ab00000,0x000000077bd80000)
 ParOldGen       total 87552K, used 21135K [0x00000006c0000000, 0x00000006c5580000, 0x000000076ab00000)
  object space 87552K, 24% used [0x00000006c0000000,0x00000006c14a3fa8,0x00000006c5580000)
 Metaspace       used 27709K, capacity 28050K, committed 28416K, reserved 1075200K
  class space    used 3416K, capacity 3516K, committed 3584K, reserved 1048576K
}
Event: 13.040 GC heap before
{Heap before GC invocations=7 (full 1):
 PSYoungGen      total 141824K, used 141817K [0x000000076ab00000, 0x000000077bd80000, 0x00000007c0000000)
  eden space 131072K, 100% used [0x000000076ab00000,0x0000000772b00000,0x0000000772b00000)
  from space 10752K, 99% used [0x0000000772b00000,0x000000077357e798,0x0000000773580000)
  to   space 18944K, 0% used [0x000000077ab00000,0x000000077ab00000,0x000000077bd80000)
 ParOldGen       total 87552K, used 21135K [0x00000006c0000000, 0x00000006c5580000, 0x000000076ab00000)
  object space 87552K, 24% used [0x00000006c0000000,0x00000006c14a3fa8,0x00000006c5580000)
 Metaspace       used 31223K, capacity 31682K, committed 32000K, reserved 1077248K
  class space    used 3885K, capacity 4004K, committed 4096K, reserved 1048576K
Event: 13.054 GC heap after
Heap after GC invocations=7 (full 1):
 PSYoungGen      total 258048K, used 12474K [0x000000076ab00000, 0x000000077bb00000, 0x00000007c0000000)
  eden space 241664K, 0% used [0x000000076ab00000,0x000000076ab00000,0x0000000779700000)
  from space 16384K, 76% used [0x000000077ab00000,0x000000077b72e908,0x000000077bb00000)
  to   space 18432K, 0% used [0x0000000779700000,0x0000000779700000,0x000000077a900000)
 ParOldGen       total 87552K, used 21143K [0x00000006c0000000, 0x00000006c5580000, 0x000000076ab00000)
  object space 87552K, 24% used [0x00000006c0000000,0x00000006c14a5fa8,0x00000006c5580000)
 Metaspace       used 31223K, capacity 31682K, committed 32000K, reserved 1077248K
  class space    used 3885K, capacity 4004K, committed 4096K, reserved 1048576K
}
Event: 13.744 GC heap before
{Heap before GC invocations=8 (full 1):
 PSYoungGen      total 258048K, used 151112K [0x000000076ab00000, 0x000000077bb00000, 0x00000007c0000000)
  eden space 241664K, 57% used [0x000000076ab00000,0x0000000773263770,0x0000000779700000)
  from space 16384K, 76% used [0x000000077ab00000,0x000000077b72e908,0x000000077bb00000)
  to   space 18432K, 0% used [0x0000000779700000,0x0000000779700000,0x000000077a900000)
 ParOldGen       total 87552K, used 21143K [0x00000006c0000000, 0x00000006c5580000, 0x000000076ab00000)
  object space 87552K, 24% used [0x00000006c0000000,0x00000006c14a5fa8,0x00000006c5580000)
 Metaspace       used 34870K, capacity 35296K, committed 35496K, reserved 1081344K
  class space    used 4414K, capacity 4521K, committed 4608K, reserved 1048576K
Event: 13.757 GC heap after
Heap after GC invocations=8 (full 1):
 PSYoungGen      total 260096K, used 17570K [0x000000076ab00000, 0x0000000788200000, 0x00000007c0000000)
  eden space 241664K, 0% used [0x000000076ab00000,0x000000076ab00000,0x0000000779700000)
  from space 18432K, 95% used [0x0000000779700000,0x000000077a8289a0,0x000000077a900000)
  to   space 19968K, 0% used [0x0000000786e80000,0x0000000786e80000,0x0000000788200000)
 ParOldGen       total 87552K, used 21151K [0x00000006c0000000, 0x00000006c5580000, 0x000000076ab00000)
  object space 87552K, 24% used [0x00000006c0000000,0x00000006c14a7fa8,0x00000006c5580000)
 Metaspace       used 34870K, capacity 35296K, committed 35496K, reserved 1081344K
  class space    used 4414K, capacity 4521K, committed 4608K, reserved 1048576K
}
Event: 13.757 GC heap before
{Heap before GC invocations=9 (full 2):
 PSYoungGen      total 260096K, used 17570K [0x000000076ab00000, 0x0000000788200000, 0x00000007c0000000)
  eden space 241664K, 0% used [0x000000076ab00000,0x000000076ab00000,0x0000000779700000)
  from space 18432K, 95% used [0x0000000779700000,0x000000077a8289a0,0x000000077a900000)
  to   space 19968K, 0% used [0x0000000786e80000,0x0000000786e80000,0x0000000788200000)
 ParOldGen       total 87552K, used 21151K [0x00000006c0000000, 0x00000006c5580000, 0x000000076ab00000)
  object space 87552K, 24% used [0x00000006c0000000,0x00000006c14a7fa8,0x00000006c5580000)
 Metaspace       used 34870K, capacity 35296K, committed 35496K, reserved 1081344K
  class space    used 4414K, capacity 4521K, committed 4608K, reserved 1048576K
Event: 13.810 GC heap after
Heap after GC invocations=9 (full 2):
 PSYoungGen      total 260096K, used 0K [0x000000076ab00000, 0x0000000788200000, 0x00000007c0000000)
  eden space 241664K, 0% used [0x000000076ab00000,0x000000076ab00000,0x0000000779700000)
  from space 18432K, 0% used [0x0000000779700000,0x0000000779700000,0x000000077a900000)
  to   space 19968K, 0% used [0x0000000786e80000,0x0000000786e80000,0x0000000788200000)
 ParOldGen       total 136704K, used 27827K [0x00000006c0000000, 0x00000006c8580000, 0x000000076ab00000)
  object space 136704K, 20% used [0x00000006c0000000,0x00000006c1b2ce08,0x00000006c8580000)
 Metaspace       used 34870K, capacity 35296K, committed 35496K, reserved 1081344K
  class space    used 4414K, capacity 4521K, committed 4608K, reserved 1048576K
}

Deoptimization events (10 events):
Event: 21.845 Thread 0x00007fcf70228000 Uncommon trap: reason=unstable_if action=reinterpret pc=0x0000000108c6f210 method=java.lang.Character.isSurrogate(C)Z @ 3
Event: 21.871 Thread 0x00007fcf70228000 Uncommon trap: reason=class_check action=maybe_recompile pc=0x00000001088da594 method=java.lang.StringCoding$StringDecoder.charsetName()Ljava/lang/String; @ 4
Event: 21.883 Thread 0x00007fcf70228000 Uncommon trap: reason=unstable_if action=reinterpret pc=0x00000001084b7f10 method=java.security.CodeSource.getCertificates()[Ljava/security/cert/Certificate; @ 22
Event: 21.950 Thread 0x00007fcf70228000 Uncommon trap: reason=class_check action=maybe_recompile pc=0x0000000108878dd8 method=java.util.AbstractList$Itr.hasNext()Z @ 8
Event: 21.950 Thread 0x00007fcf70228000 Uncommon trap: reason=class_check action=maybe_recompile pc=0x0000000108879120 method=java.util.AbstractList$Itr.next()Ljava/lang/Object; @ 14
Event: 45.202 Thread 0x00007fcf7034e000 Uncommon trap: reason=unstable_if action=reinterpret pc=0x0000000108d1ad88 method=org.springframework.core.annotation.AnnotationUtils.synthesizeAnnotation(Ljava/lang/annotation/Annotation;Ljava/lang/Object;)Ljava/lang/annotation/Annotation; @ 10
Event: 45.203 Thread 0x00007fcf7034e000 Uncommon trap: reason=unstable_if action=reinterpret pc=0x0000000108d428e0 method=java.lang.CharacterDataLatin1.digit(II)I @ 82
Event: 45.207 Thread 0x00007fcf7034e000 Uncommon trap: reason=unstable_if action=reinterpret pc=0x0000000108d42db8 method=java.lang.CharacterDataLatin1.digit(II)I @ 60
Event: 45.227 Thread 0x00007fcf7034e000 Uncommon trap: reason=class_check action=maybe_recompile pc=0x0000000108878dd8 method=java.util.AbstractList$Itr.hasNext()Z @ 8
Event: 45.227 Thread 0x00007fcf7034e000 Uncommon trap: reason=class_check action=maybe_recompile pc=0x0000000108879120 method=java.util.AbstractList$Itr.next()Ljava/lang/Object; @ 14

Internal exceptions (10 events):
Event: 21.671 Thread 0x00007fcf70228000 Exception <a 'java/lang/ClassNotFoundException': org/springframework/web/servlet/theme/FixedThemeResolverCustomizer> (0x000000076e23a978) thrown at [/Users/java_re/workspace/8-2-build-macosx-x86_64/jdk8u65/4987/hotspot/src/share/vm/classfile/systemDiction
Event: 21.672 Thread 0x00007fcf70228000 Exception <a 'java/lang/ClassNotFoundException': org/springframework/web/servlet/ThemeResolverCustomizer> (0x000000076e256b08) thrown at [/Users/java_re/workspace/8-2-build-macosx-x86_64/jdk8u65/4987/hotspot/src/share/vm/classfile/systemDictionary.cpp, li
Event: 21.674 Thread 0x00007fcf70228000 Exception <a 'java/lang/ClassNotFoundException': java/lang/ObjectCustomizer> (0x000000076e276290) thrown at [/Users/java_re/workspace/8-2-build-macosx-x86_64/jdk8u65/4987/hotspot/src/share/vm/classfile/systemDictionary.cpp, line 210]
Event: 21.675 Thread 0x00007fcf70228000 Exception <a 'java/lang/ClassNotFoundException': org/springframework/web/servlet/view/DefaultRequestToViewNameTranslatorCustomizer> (0x000000076e2994a0) thrown at [/Users/java_re/workspace/8-2-build-macosx-x86_64/jdk8u65/4987/hotspot/src/share/vm/classfil
Event: 21.676 Thread 0x00007fcf70228000 Exception <a 'java/lang/ClassNotFoundException': org/springframework/web/servlet/RequestToViewNameTranslatorCustomizer> (0x000000076e2c7878) thrown at [/Users/java_re/workspace/8-2-build-macosx-x86_64/jdk8u65/4987/hotspot/src/share/vm/classfile/systemDict
Event: 21.678 Thread 0x00007fcf70228000 Exception <a 'java/lang/ClassNotFoundException': java/lang/ObjectCustomizer> (0x000000076e2f7b60) thrown at [/Users/java_re/workspace/8-2-build-macosx-x86_64/jdk8u65/4987/hotspot/src/share/vm/classfile/systemDictionary.cpp, line 210]
Event: 21.678 Thread 0x00007fcf70228000 Exception <a 'java/lang/ClassNotFoundException': org/springframework/web/servlet/support/AbstractFlashMapManagerCustomizer> (0x000000076e318b30) thrown at [/Users/java_re/workspace/8-2-build-macosx-x86_64/jdk8u65/4987/hotspot/src/share/vm/classfile/system
Event: 21.679 Thread 0x00007fcf70228000 Exception <a 'java/lang/ClassNotFoundException': org/springframework/web/servlet/support/SessionFlashMapManagerCustomizer> (0x000000076e33d988) thrown at [/Users/java_re/workspace/8-2-build-macosx-x86_64/jdk8u65/4987/hotspot/src/share/vm/classfile/systemD
Event: 21.679 Thread 0x00007fcf70228000 Exception <a 'java/lang/ClassNotFoundException': org/springframework/web/servlet/FlashMapManagerCustomizer> (0x000000076e359a68) thrown at [/Users/java_re/workspace/8-2-build-macosx-x86_64/jdk8u65/4987/hotspot/src/share/vm/classfile/systemDictionary.cpp, 
Event: 21.699 Thread 0x00007fcf70228000 Implicit null exception at 0x0000000108cb7a86 to 0x0000000108cc3365

Events (10 events):
Event: 71.409 Thread 0x00007fcf6a818000 flushing nmethod 0x00000001082852d0
Event: 71.410 Thread 0x00007fcf6a818000 flushing nmethod 0x0000000108328bd0
Event: 71.410 Thread 0x00007fcf6a818000 flushing nmethod 0x0000000108329250
Event: 71.410 Thread 0x00007fcf6a818000 flushing nmethod 0x0000000108343490
Event: 71.410 Thread 0x00007fcf6a818000 flushing nmethod 0x000000010834ca50
Event: 71.410 Thread 0x00007fcf6a818000 flushing nmethod 0x00000001083c7d90
Event: 72.623 Thread 0x00007fcf6a818000 flushing nmethod 0x0000000108415210
Event: 72.623 Thread 0x00007fcf6a818000 flushing nmethod 0x000000010842ff50
Event: 72.623 Thread 0x00007fcf6a818000 flushing nmethod 0x0000000108431110
Event: 72.623 Thread 0x00007fcf6a818000 flushing nmethod 0x000000010844b590


Dynamic libraries:
0x00000000414c9000 	/System/Library/Frameworks/Cocoa.framework/Versions/A/Cocoa
0x00000000414c9000 	/System/Library/Frameworks/Security.framework/Versions/A/Security
0x00000000414c9000 	/System/Library/Frameworks/ApplicationServices.framework/Versions/A/ApplicationServices
0x00000000414c9000 	/usr/lib/libz.1.dylib
0x00000000414c9000 	/usr/lib/libSystem.B.dylib
0x00000000414c9000 	/usr/lib/libobjc.A.dylib
0x00000000414c9000 	/System/Library/Frameworks/CoreFoundation.framework/Versions/A/CoreFoundation
0x00000000414c9000 	/System/Library/Frameworks/Foundation.framework/Versions/C/Foundation
0x00000000414c9000 	/System/Library/Frameworks/AppKit.framework/Versions/C/AppKit
0x00000000414c9000 	/System/Library/Frameworks/CoreData.framework/Versions/A/CoreData
0x00000000414c9000 	/System/Library/PrivateFrameworks/RemoteViewServices.framework/Versions/A/RemoteViewServices
0x00000000414c9000 	/System/Library/PrivateFrameworks/UIFoundation.framework/Versions/A/UIFoundation
0x00000000414c9000 	/System/Library/PrivateFrameworks/DFRFoundation.framework/Versions/A/DFRFoundation
0x00000000414c9000 	/usr/lib/libenergytrace.dylib
0x00000000414c9000 	/System/Library/PrivateFrameworks/SkyLight.framework/Versions/A/SkyLight
0x00000000414c9000 	/System/Library/Frameworks/CoreGraphics.framework/Versions/A/CoreGraphics
0x00000000414c9000 	/usr/lib/libScreenReader.dylib
0x00000000414c9000 	/System/Library/Frameworks/Accelerate.framework/Versions/A/Accelerate
0x00000000414c9000 	/System/Library/Frameworks/IOSurface.framework/Versions/A/IOSurface
0x00000000414c9000 	/System/Library/Frameworks/AudioToolbox.framework/Versions/A/AudioToolbox
0x00000000414c9000 	/System/Library/Frameworks/AudioUnit.framework/Versions/A/AudioUnit
0x00000000414c9000 	/System/Library/PrivateFrameworks/DataDetectorsCore.framework/Versions/A/DataDetectorsCore
0x00000000414c9000 	/System/Library/PrivateFrameworks/DesktopServicesPriv.framework/Versions/A/DesktopServicesPriv
0x00000000414c9000 	/System/Library/Frameworks/Carbon.framework/Versions/A/Frameworks/HIToolbox.framework/Versions/A/HIToolbox
0x00000000414c9000 	/usr/lib/libicucore.A.dylib
0x00000000414c9000 	/System/Library/Frameworks/QuartzCore.framework/Versions/A/QuartzCore
0x00000000414c9000 	/System/Library/Frameworks/Carbon.framework/Versions/A/Frameworks/SpeechRecognition.framework/Versions/A/SpeechRecognition
0x00000000414c9000 	/usr/lib/libauto.dylib
0x00000000414c9000 	/usr/lib/libxml2.2.dylib
0x00000000414c9000 	/System/Library/PrivateFrameworks/CoreUI.framework/Versions/A/CoreUI
0x00000000414c9000 	/System/Library/Frameworks/CoreAudio.framework/Versions/A/CoreAudio
0x00000000414c9000 	/System/Library/Frameworks/DiskArbitration.framework/Versions/A/DiskArbitration
0x00000000414c9000 	/usr/lib/liblangid.dylib
0x00000000414c9000 	/System/Library/PrivateFrameworks/MultitouchSupport.framework/Versions/A/MultitouchSupport
0x00000000414c9000 	/System/Library/Frameworks/IOKit.framework/Versions/A/IOKit
0x00000000414c9000 	/usr/lib/libDiagnosticMessagesClient.dylib
0x00000000414c9000 	/System/Library/Frameworks/CoreServices.framework/Versions/A/CoreServices
0x00000000414c9000 	/System/Library/PrivateFrameworks/PerformanceAnalysis.framework/Versions/A/PerformanceAnalysis
0x00000000414c9000 	/System/Library/PrivateFrameworks/GenerationalStorage.framework/Versions/A/GenerationalStorage
0x00000000414c9000 	/System/Library/Frameworks/OpenGL.framework/Versions/A/OpenGL
0x00000000414c9000 	/System/Library/Frameworks/CoreImage.framework/Versions/A/CoreImage
0x00000000414c9000 	/System/Library/Frameworks/CoreText.framework/Versions/A/CoreText
0x00000000414c9000 	/System/Library/Frameworks/ImageIO.framework/Versions/A/ImageIO
0x00000000414c9000 	/System/Library/PrivateFrameworks/Backup.framework/Versions/A/Backup
0x00000000414c9000 	/usr/lib/libarchive.2.dylib
0x00000000414c9000 	/System/Library/Frameworks/CFNetwork.framework/Versions/A/CFNetwork
0x00000000414c9000 	/System/Library/Frameworks/SystemConfiguration.framework/Versions/A/SystemConfiguration
0x00000000414c9000 	/usr/lib/libCRFSuite.dylib
0x00000000414c9000 	/usr/lib/libc++.1.dylib
0x00000000414c9000 	/usr/lib/libc++abi.dylib
0x00000000414c9000 	/usr/lib/system/libcache.dylib
0x00000000414c9000 	/usr/lib/system/libcommonCrypto.dylib
0x00000000414c9000 	/usr/lib/system/libcompiler_rt.dylib
0x00000000414c9000 	/usr/lib/system/libcopyfile.dylib
0x00000000414c9000 	/usr/lib/system/libcorecrypto.dylib
0x00000000414c9000 	/usr/lib/system/libdispatch.dylib
0x00000000414c9000 	/usr/lib/system/libdyld.dylib
0x00000000414c9000 	/usr/lib/system/libkeymgr.dylib
0x00000000414c9000 	/usr/lib/system/liblaunch.dylib
0x00000000414c9000 	/usr/lib/system/libmacho.dylib
0x00000000414c9000 	/usr/lib/system/libquarantine.dylib
0x00000000414c9000 	/usr/lib/system/libremovefile.dylib
0x00000000414c9000 	/usr/lib/system/libsystem_asl.dylib
0x00000000414c9000 	/usr/lib/system/libsystem_blocks.dylib
0x00000000414c9000 	/usr/lib/system/libsystem_c.dylib
0x00000000414c9000 	/usr/lib/system/libsystem_configuration.dylib
0x00000000414c9000 	/usr/lib/system/libsystem_coreservices.dylib
0x00000000414c9000 	/usr/lib/system/libsystem_coretls.dylib
0x00000000414c9000 	/usr/lib/system/libsystem_dnssd.dylib
0x00000000414c9000 	/usr/lib/system/libsystem_info.dylib
0x00000000414c9000 	/usr/lib/system/libsystem_kernel.dylib
0x00000000414c9000 	/usr/lib/system/libsystem_m.dylib
0x00000000414c9000 	/usr/lib/system/libsystem_malloc.dylib
0x00000000414c9000 	/usr/lib/system/libsystem_network.dylib
0x00000000414c9000 	/usr/lib/system/libsystem_networkextension.dylib
0x00000000414c9000 	/usr/lib/system/libsystem_notify.dylib
0x00000000414c9000 	/usr/lib/system/libsystem_platform.dylib
0x00000000414c9000 	/usr/lib/system/libsystem_pthread.dylib
0x00000000414c9000 	/usr/lib/system/libsystem_sandbox.dylib
0x00000000414c9000 	/usr/lib/system/libsystem_secinit.dylib
0x00000000414c9000 	/usr/lib/system/libsystem_symptoms.dylib
0x00000000414c9000 	/usr/lib/system/libsystem_trace.dylib
0x00000000414c9000 	/usr/lib/system/libunwind.dylib
0x00000000414c9000 	/usr/lib/system/libxpc.dylib
0x00000000414c9000 	/usr/lib/libbsm.0.dylib
0x00000000414c9000 	/usr/lib/system/libkxld.dylib
0x00000000414c9000 	/usr/lib/libcoretls.dylib
0x00000000414c9000 	/usr/lib/libcoretls_cfhelpers.dylib
0x00000000414c9000 	/usr/lib/libxar.1.dylib
0x00000000414c9000 	/usr/lib/libsqlite3.dylib
0x00000000414c9000 	/usr/lib/libpam.2.dylib
0x00000000414c9000 	/usr/lib/libOpenScriptingUtil.dylib
0x00000000414c9000 	/usr/lib/libbz2.1.0.dylib
0x00000000414c9000 	/usr/lib/liblzma.5.dylib
0x00000000414c9000 	/usr/lib/libnetwork.dylib
0x00000000414c9000 	/usr/lib/libpcap.A.dylib
0x00000000414c9000 	/System/Library/Frameworks/CoreServices.framework/Versions/A/Frameworks/FSEvents.framework/Versions/A/FSEvents
0x00000000414c9000 	/System/Library/Frameworks/CoreServices.framework/Versions/A/Frameworks/CarbonCore.framework/Versions/A/CarbonCore
0x00000000414c9000 	/System/Library/Frameworks/CoreServices.framework/Versions/A/Frameworks/Metadata.framework/Versions/A/Metadata
0x00000000414c9000 	/System/Library/Frameworks/CoreServices.framework/Versions/A/Frameworks/OSServices.framework/Versions/A/OSServices
0x00000000414c9000 	/System/Library/Frameworks/CoreServices.framework/Versions/A/Frameworks/SearchKit.framework/Versions/A/SearchKit
0x00000000414c9000 	/System/Library/Frameworks/CoreServices.framework/Versions/A/Frameworks/AE.framework/Versions/A/AE
0x00000000414c9000 	/System/Library/Frameworks/CoreServices.framework/Versions/A/Frameworks/LaunchServices.framework/Versions/A/LaunchServices
0x00000000414c9000 	/System/Library/Frameworks/CoreServices.framework/Versions/A/Frameworks/DictionaryServices.framework/Versions/A/DictionaryServices
0x00000000414c9000 	/System/Library/Frameworks/CoreServices.framework/Versions/A/Frameworks/SharedFileList.framework/Versions/A/SharedFileList
0x00000000414c9000 	/System/Library/Frameworks/NetFS.framework/Versions/A/NetFS
0x00000000414c9000 	/System/Library/PrivateFrameworks/NetAuth.framework/Versions/A/NetAuth
0x00000000414c9000 	/System/Library/PrivateFrameworks/login.framework/Versions/A/Frameworks/loginsupport.framework/Versions/A/loginsupport
0x00000000414c9000 	/System/Library/PrivateFrameworks/TCC.framework/Versions/A/TCC
0x00000000414c9000 	/usr/lib/libmecabra.dylib
0x00000000414c9000 	/System/Library/Frameworks/ApplicationServices.framework/Versions/A/Frameworks/ATS.framework/Versions/A/ATS
0x00000000414c9000 	/System/Library/Frameworks/ApplicationServices.framework/Versions/A/Frameworks/ColorSync.framework/Versions/A/ColorSync
0x00000000414c9000 	/System/Library/Frameworks/ApplicationServices.framework/Versions/A/Frameworks/HIServices.framework/Versions/A/HIServices
0x00000000414c9000 	/System/Library/Frameworks/ApplicationServices.framework/Versions/A/Frameworks/LangAnalysis.framework/Versions/A/LangAnalysis
0x00000000414c9000 	/System/Library/Frameworks/ApplicationServices.framework/Versions/A/Frameworks/PrintCore.framework/Versions/A/PrintCore
0x00000000414c9000 	/System/Library/Frameworks/ApplicationServices.framework/Versions/A/Frameworks/QD.framework/Versions/A/QD
0x00000000414c9000 	/System/Library/Frameworks/ApplicationServices.framework/Versions/A/Frameworks/SpeechSynthesis.framework/Versions/A/SpeechSynthesis
0x00000000414c9000 	/System/Library/Frameworks/Accelerate.framework/Versions/A/Frameworks/vImage.framework/Versions/A/vImage
0x00000000414c9000 	/System/Library/Frameworks/Accelerate.framework/Versions/A/Frameworks/vecLib.framework/Versions/A/vecLib
0x00000000414c9000 	/System/Library/Frameworks/Accelerate.framework/Versions/A/Frameworks/vecLib.framework/Versions/A/libvDSP.dylib
0x00000000414c9000 	/System/Library/Frameworks/Accelerate.framework/Versions/A/Frameworks/vecLib.framework/Versions/A/libBNNS.dylib
0x00000000414c9000 	/System/Library/Frameworks/Accelerate.framework/Versions/A/Frameworks/vecLib.framework/Versions/A/libQuadrature.dylib
0x00000000414c9000 	/System/Library/Frameworks/Accelerate.framework/Versions/A/Frameworks/vecLib.framework/Versions/A/libvMisc.dylib
0x00000000414c9000 	/System/Library/Frameworks/Accelerate.framework/Versions/A/Frameworks/vecLib.framework/Versions/A/libLAPACK.dylib
0x00000000414c9000 	/System/Library/Frameworks/Accelerate.framework/Versions/A/Frameworks/vecLib.framework/Versions/A/libBLAS.dylib
0x00000000414c9000 	/System/Library/Frameworks/Accelerate.framework/Versions/A/Frameworks/vecLib.framework/Versions/A/libLinearAlgebra.dylib
0x00000000414c9000 	/System/Library/Frameworks/Accelerate.framework/Versions/A/Frameworks/vecLib.framework/Versions/A/libSparseBLAS.dylib
0x00000000414c9000 	/System/Library/Frameworks/ApplicationServices.framework/Versions/A/Frameworks/ATS.framework/Versions/A/Resources/libFontParser.dylib
0x00000000414c9000 	/System/Library/Frameworks/ApplicationServices.framework/Versions/A/Frameworks/ATS.framework/Versions/A/Resources/libFontRegistry.dylib
0x00000000414c9000 	/System/Library/Frameworks/ImageIO.framework/Versions/A/Resources/libJPEG.dylib
0x00000000414c9000 	/System/Library/Frameworks/ImageIO.framework/Versions/A/Resources/libTIFF.dylib
0x00000000414c9000 	/System/Library/Frameworks/ImageIO.framework/Versions/A/Resources/libPng.dylib
0x00000000414c9000 	/System/Library/Frameworks/ImageIO.framework/Versions/A/Resources/libGIF.dylib
0x00000000414c9000 	/System/Library/Frameworks/ImageIO.framework/Versions/A/Resources/libJP2.dylib
0x00000000414c9000 	/System/Library/Frameworks/ImageIO.framework/Versions/A/Resources/libRadiance.dylib
0x00000000414c9000 	/usr/lib/libcompression.dylib
0x00000000414c9000 	/System/Library/PrivateFrameworks/AppleJPEG.framework/Versions/A/AppleJPEG
0x00000000414c9000 	/usr/lib/libcups.2.dylib
0x00000000414c9000 	/System/Library/Frameworks/Kerberos.framework/Versions/A/Kerberos
0x00000000414c9000 	/System/Library/Frameworks/GSS.framework/Versions/A/GSS
0x00000000414c9000 	/usr/lib/libresolv.9.dylib
0x00000000414c9000 	/usr/lib/libiconv.2.dylib
0x00000000414c9000 	/System/Library/PrivateFrameworks/Heimdal.framework/Versions/A/Heimdal
0x00000000414c9000 	/usr/lib/libheimdal-asn1.dylib
0x00000000414c9000 	/System/Library/Frameworks/OpenDirectory.framework/Versions/A/OpenDirectory
0x00000000414c9000 	/System/Library/PrivateFrameworks/CommonAuth.framework/Versions/A/CommonAuth
0x00000000414c9000 	/System/Library/Frameworks/OpenDirectory.framework/Versions/A/Frameworks/CFOpenDirectory.framework/Versions/A/CFOpenDirectory
0x00000000414c9000 	/System/Library/Frameworks/SecurityFoundation.framework/Versions/A/SecurityFoundation
0x00000000414c9000 	/System/Library/PrivateFrameworks/LanguageModeling.framework/Versions/A/LanguageModeling
0x00000000414c9000 	/usr/lib/libmarisa.dylib
0x00000000414c9000 	/usr/lib/libChineseTokenizer.dylib
0x00000000414c9000 	/usr/lib/libcmph.dylib
0x00000000414c9000 	/System/Library/PrivateFrameworks/CoreEmoji.framework/Versions/A/CoreEmoji
0x00000000414c9000 	/System/Library/Frameworks/ServiceManagement.framework/Versions/A/ServiceManagement
0x00000000414c9000 	/usr/lib/libxslt.1.dylib
0x00000000414c9000 	/System/Library/Frameworks/Carbon.framework/Versions/A/Frameworks/Ink.framework/Versions/A/Ink
0x00000000414c9000 	/System/Library/PrivateFrameworks/TextureIO.framework/Versions/A/TextureIO
0x00000000414c9000 	/System/Library/Frameworks/Metal.framework/Versions/A/Metal
0x00000000414c9000 	/usr/lib/libate.dylib
0x00000000414c9000 	/System/Library/PrivateFrameworks/GPUCompiler.framework/libmetal_timestamp.dylib
0x00000000414c9000 	/System/Library/Frameworks/OpenGL.framework/Versions/A/Libraries/libCoreFSCache.dylib
0x00000000414c9000 	/System/Library/PrivateFrameworks/IOAccelerator.framework/Versions/A/IOAccelerator
0x00000000414c9000 	/System/Library/Frameworks/CoreVideo.framework/Versions/A/CoreVideo
0x00000000414c9000 	/usr/lib/libFosl_dynamic.dylib
0x00000000414c9000 	/System/Library/PrivateFrameworks/MetalPerformanceShaders.framework/Versions/A/MetalPerformanceShaders
0x00000000414c9000 	/System/Library/PrivateFrameworks/FaceCore.framework/Versions/A/FaceCore
0x00000000414c9000 	/System/Library/Frameworks/OpenCL.framework/Versions/A/OpenCL
0x00000000414c9000 	/System/Library/Frameworks/OpenGL.framework/Versions/A/Libraries/libGLU.dylib
0x00000000414c9000 	/System/Library/Frameworks/OpenGL.framework/Versions/A/Libraries/libGFXShared.dylib
0x00000000414c9000 	/System/Library/Frameworks/OpenGL.framework/Versions/A/Libraries/libGL.dylib
0x00000000414c9000 	/System/Library/Frameworks/OpenGL.framework/Versions/A/Libraries/libGLImage.dylib
0x00000000414c9000 	/System/Library/Frameworks/OpenGL.framework/Versions/A/Libraries/libCVMSPluginSupport.dylib
0x00000000414c9000 	/System/Library/Frameworks/OpenGL.framework/Versions/A/Libraries/libCoreVMClient.dylib
0x00000000414c9000 	/System/Library/PrivateFrameworks/CrashReporterSupport.framework/Versions/A/CrashReporterSupport
0x00000000414c9000 	/System/Library/PrivateFrameworks/Sharing.framework/Versions/A/Sharing
0x00000000414c9000 	/System/Library/PrivateFrameworks/IconServices.framework/Versions/A/IconServices
0x00000000414c9000 	/System/Library/PrivateFrameworks/ProtocolBuffer.framework/Versions/A/ProtocolBuffer
0x00000000414c9000 	/System/Library/PrivateFrameworks/Apple80211.framework/Versions/A/Apple80211
0x00000000414c9000 	/System/Library/Frameworks/CoreWLAN.framework/Versions/A/CoreWLAN
0x00000000414c9000 	/System/Library/PrivateFrameworks/CoreUtils.framework/Versions/A/CoreUtils
0x00000000414c9000 	/System/Library/Frameworks/IOBluetooth.framework/Versions/A/IOBluetooth
0x00000000414c9000 	/System/Library/PrivateFrameworks/CoreWiFi.framework/Versions/A/CoreWiFi
0x00000000414c9000 	/System/Library/Frameworks/CoreBluetooth.framework/Versions/A/CoreBluetooth
0x00000000414c9000 	/System/Library/Frameworks/CoreDisplay.framework/Versions/A/CoreDisplay
0x00000000414c9000 	/System/Library/PrivateFrameworks/IOPresentment.framework/Versions/A/IOPresentment
0x00000000414c9000 	/System/Library/PrivateFrameworks/DebugSymbols.framework/Versions/A/DebugSymbols
0x00000000414c9000 	/System/Library/PrivateFrameworks/CoreSymbolication.framework/Versions/A/CoreSymbolication
0x00000000414c9000 	/System/Library/PrivateFrameworks/Symbolication.framework/Versions/A/Symbolication
0x00000000414c9000 	/System/Library/PrivateFrameworks/AppleFSCompression.framework/Versions/A/AppleFSCompression
0x00000000414c9000 	/System/Library/PrivateFrameworks/SpeechRecognitionCore.framework/Versions/A/SpeechRecognitionCore
0x00000000414c9000 	/System/Library/PrivateFrameworks/ChunkingLibrary.framework/Versions/A/ChunkingLibrary
0x0000000103a00000 	/Library/Java/JavaVirtualMachines/jdk1.8.0_65.jdk/Contents/Home/jre/lib/server/libjvm.dylib
0x00000000414c9000 	/usr/lib/libstdc++.6.dylib
0x00000001028ca000 	/Library/Java/JavaVirtualMachines/jdk1.8.0_65.jdk/Contents/Home/jre/lib/libverify.dylib
0x00000001028d8000 	/Library/Java/JavaVirtualMachines/jdk1.8.0_65.jdk/Contents/Home/jre/lib/libjava.dylib
0x0000000102917000 	/Library/Java/JavaVirtualMachines/jdk1.8.0_65.jdk/Contents/Home/jre/lib/libzip.dylib
0x0000000107e4b000 	/System/Library/Frameworks/JavaVM.framework/Frameworks/JavaRuntimeSupport.framework/JavaRuntimeSupport
0x000000011fa15000 	/System/Library/Frameworks/JavaVM.framework/Versions/A/Frameworks/JavaNativeFoundation.framework/Versions/A/JavaNativeFoundation
0x000000011fa2a000 	/System/Library/Frameworks/JavaVM.framework/Versions/A/JavaVM
0x00000000414c9000 	/System/Library/Frameworks/Carbon.framework/Versions/A/Carbon
0x00000001029f4000 	/System/Library/PrivateFrameworks/JavaLaunching.framework/Versions/A/JavaLaunching
0x00000000414c9000 	/System/Library/Frameworks/Carbon.framework/Versions/A/Frameworks/CommonPanels.framework/Versions/A/CommonPanels
0x00000000414c9000 	/System/Library/Frameworks/Carbon.framework/Versions/A/Frameworks/Help.framework/Versions/A/Help
0x00000000414c9000 	/System/Library/Frameworks/Carbon.framework/Versions/A/Frameworks/ImageCapture.framework/Versions/A/ImageCapture
0x00000000414c9000 	/System/Library/Frameworks/Carbon.framework/Versions/A/Frameworks/OpenScripting.framework/Versions/A/OpenScripting
0x00000000414c9000 	/System/Library/Frameworks/Carbon.framework/Versions/A/Frameworks/Print.framework/Versions/A/Print
0x00000000414c9000 	/System/Library/Frameworks/Carbon.framework/Versions/A/Frameworks/SecurityHI.framework/Versions/A/SecurityHI
0x000000011fdb3000 	/Applications/IntelliJ IDEA.app/Contents/bin/libbreakgen64.jnilib
0x000000011fdb6000 	/Library/Java/JavaVirtualMachines/jdk1.8.0_65.jdk/Contents/Home/jre/lib/libnet.dylib
0x00000001204af000 	/Library/Java/JavaVirtualMachines/jdk1.8.0_65.jdk/Contents/Home/jre/lib/libmanagement.dylib
0x000000011ffb9000 	/Library/Java/JavaVirtualMachines/jdk1.8.0_65.jdk/Contents/Home/jre/lib/libnio.dylib
0x000000011fe7d000 	/Users/sophatvathana/Desktop/Project/ipcam/IPCAM-VIDEO-STREAMING-API/native/mac/x86_64/strmrecv.dylib
0x000000012077e000 	/Users/sophatvathana/Desktop/Project/ipcam/IPCAM-VIDEO-STREAMING-API/native/mac/x86_64/libavutil.55.dylib
0x00000000414c9000 	/System/Library/Frameworks/AVFoundation.framework/Versions/A/AVFoundation
0x00000000414c9000 	/System/Library/Frameworks/CoreMedia.framework/Versions/A/CoreMedia
0x00000000414c9000 	/System/Library/Frameworks/VideoToolbox.framework/Versions/A/VideoToolbox
0x000000011fe15000 	/System/Library/Frameworks/VideoDecodeAcceleration.framework/Versions/A/VideoDecodeAcceleration
0x00000000414c9000 	/System/Library/Frameworks/AVFoundation.framework/Versions/A/Frameworks/AVFAudio.framework/Versions/A/AVFAudio
0x00000000414c9000 	/System/Library/Frameworks/MediaToolbox.framework/Versions/A/MediaToolbox
0x00000000414c9000 	/System/Library/PrivateFrameworks/IntlPreferences.framework/Versions/A/IntlPreferences
0x00000000414c9000 	/System/Library/Frameworks/CoreMediaIO.framework/Versions/A/CoreMediaIO
0x00000000414c9000 	/usr/lib/libspindump.dylib
0x00000000414c9000 	/usr/lib/libdscsym.dylib
0x00000000414c9000 	/System/Library/PrivateFrameworks/CoreAVCHD.framework/Versions/A/CoreAVCHD
0x00000000414c9000 	/System/Library/Frameworks/MediaAccessibility.framework/Versions/A/MediaAccessibility
0x00000000414c9000 	/System/Library/PrivateFrameworks/Mangrove.framework/Versions/A/Mangrove
0x00000000414c9000 	/System/Library/PrivateFrameworks/CoreAUC.framework/Versions/A/CoreAUC
0x00000000414c9000 	/System/Library/PrivateFrameworks/AppleVA.framework/Versions/A/AppleVA
0x00000000414c9000 	/System/Library/PrivateFrameworks/XPCService.framework/Versions/A/XPCService
0x00000000414c9000 	/System/Library/PrivateFrameworks/AppSandbox.framework/Versions/A/AppSandbox
0x00000000414c9000 	/usr/lib/libsandbox.1.dylib
0x00000000414c9000 	/System/Library/PrivateFrameworks/AppContainer.framework/Versions/A/AppContainer
0x00000000414c9000 	/System/Library/PrivateFrameworks/SecCodeWrapper.framework/Versions/A/SecCodeWrapper
0x00000000414c9000 	/usr/lib/libMatch.1.dylib
0x000000011fe1b000 	/Users/sophatvathana/Desktop/Project/ipcam/IPCAM-VIDEO-STREAMING-API/native/mac/x86_64/libswresample.2.dylib
0x0000000122900000 	/Users/sophatvathana/Desktop/Project/ipcam/IPCAM-VIDEO-STREAMING-API/native/mac/x86_64/libavcodec.57.dylib
0x000000012246a000 	/Users/sophatvathana/Desktop/Project/ipcam/IPCAM-VIDEO-STREAMING-API/native/mac/x86_64/libavformat.57.dylib
0x00000001201bf000 	/Library/Java/JavaVirtualMachines/jdk1.8.0_65.jdk/Contents/Home/jre/lib/libsunec.dylib

VM Arguments:
jvm_args: -Dspring.output.ansi.enabled=always -Didea.launcher.port=7533 -Didea.launcher.bin.path=/Applications/IntelliJ IDEA.app/Contents/bin -Dfile.encoding=UTF-8 
java_command: com.intellij.rt.execution.application.AppMain kh.com.kshrd.ipcam.IpcamVideoStreamingApiApplication
java_class_path (initial): /Library/Java/JavaVirtualMachines/jdk1.8.0_65.jdk/Contents/Home/jre/lib/charsets.jar:/Library/Java/JavaVirtualMachines/jdk1.8.0_65.jdk/Contents/Home/jre/lib/deploy.jar:/Library/Java/JavaVirtualMachines/jdk1.8.0_65.jdk/Contents/Home/jre/lib/ext/cldrdata.jar:/Library/Java/JavaVirtualMachines/jdk1.8.0_65.jdk/Contents/Home/jre/lib/ext/dnsns.jar:/Library/Java/JavaVirtualMachines/jdk1.8.0_65.jdk/Contents/Home/jre/lib/ext/jaccess.jar:/Library/Java/JavaVirtualMachines/jdk1.8.0_65.jdk/Contents/Home/jre/lib/ext/jfxrt.jar:/Library/Java/JavaVirtualMachines/jdk1.8.0_65.jdk/Contents/Home/jre/lib/ext/localedata.jar:/Library/Java/JavaVirtualMachines/jdk1.8.0_65.jdk/Contents/Home/jre/lib/ext/nashorn.jar:/Library/Java/JavaVirtualMachines/jdk1.8.0_65.jdk/Contents/Home/jre/lib/ext/sunec.jar:/Library/Java/JavaVirtualMachines/jdk1.8.0_65.jdk/Contents/Home/jre/lib/ext/sunjce_provider.jar:/Library/Java/JavaVirtualMachines/jdk1.8.0_65.jdk/Contents/Home/jre/lib/ext/sunpkcs11.jar:/Library/Java/JavaVirtualMachines/jdk1.8.0_65.jdk/Contents/Home/jre/lib/ext/zipfs.jar:/Library/Java/JavaVirtualMachines/jdk1.8.0_65.jdk/Contents/Home/jre/lib/javaws.jar:/Library/Java/JavaVirtualMachines/jdk1.8.0_65.jdk/Contents/Home/jre/lib/jce.jar:/Library/Java/JavaVirtualMachines/jdk1.8.0_65.jdk/Contents/Home/jre/lib/jfr.jar:/Library/Java/JavaVirtualMachines/jdk1.8.0_65.jdk/Contents/Home/jre/lib/jfxswt.jar:/Library/Java/JavaVirtualMachines/jdk1.8.0_65.jdk/Contents/Home/jre/lib/jsse.jar:/Library/Java/JavaVirtualMachines/jdk1.8.0_65.jdk/Contents/Home/jre/lib/management-agent.jar:/Library/Java/JavaVirtualMachines/jdk1.8.0_65.jdk/Contents/Home/jre/lib/plugin.jar:/Library/Java/JavaVirtualMachines/jdk1.8.0_65.jdk/Contents/Home/jre/lib/resources.jar:/Library/Java/JavaVirtualMachines/jdk1.8.0_65.jdk/Contents/Home/jre/lib/rt.jar:/Library/Java/JavaVirtualMachines/jdk1.8.0_65.jdk/Contents/Home/lib/dt.jar:/Library/Java/JavaVirtualMachines/jdk1.8.0_65.jdk/Contents/Home/lib/javafx-mx.jar:/Library/Jav
Launcher Type: SUN_STANDARD

Environment Variables:
PATH=/Library/Frameworks/Python.framework/Versions/3.5/bin:/usr/local/bin:/usr/bin:/bin:/usr/sbin:/sbin
SHELL=/bin/zsh

Signal Handlers:
SIGSEGV: [libjvm.dylib+0x5a6d31], sa_mask[0]=11111111011111110111111111111111, sa_flags=SA_ONSTACK|SA_RESTART|SA_SIGINFO
SIGBUS: [libjvm.dylib+0x5a6d31], sa_mask[0]=11111111011111110111111111111111, sa_flags=SA_RESTART|SA_SIGINFO
SIGFPE: [libjvm.dylib+0x480a40], sa_mask[0]=11111111011111110111111111111111, sa_flags=SA_RESTART|SA_SIGINFO
SIGPIPE: [libjvm.dylib+0x480a40], sa_mask[0]=11111111011111110111111111111111, sa_flags=SA_RESTART|SA_SIGINFO
SIGXFSZ: [libjvm.dylib+0x480a40], sa_mask[0]=11111111011111110111111111111111, sa_flags=SA_RESTART|SA_SIGINFO
SIGILL: [libjvm.dylib+0x480a40], sa_mask[0]=11111111011111110111111111111111, sa_flags=SA_RESTART|SA_SIGINFO
SIGUSR1: SIG_DFL, sa_mask[0]=00000000000000000000000000000000, sa_flags=none
SIGUSR2: [libjvm.dylib+0x48055e], sa_mask[0]=00100000000000000000000000000000, sa_flags=SA_RESTART|SA_SIGINFO
SIGHUP: [libjvm.dylib+0x47eb35], sa_mask[0]=11111111011111110111111111111111, sa_flags=SA_RESTART|SA_SIGINFO
SIGINT: [libjvm.dylib+0x47eb35], sa_mask[0]=11111111011111110111111111111111, sa_flags=SA_RESTART|SA_SIGINFO
SIGTERM: [libjvm.dylib+0x47eb35], sa_mask[0]=11111111011111110111111111111111, sa_flags=SA_RESTART|SA_SIGINFO
SIGQUIT: [libjvm.dylib+0x47eb35], sa_mask[0]=11111111011111110111111111111111, sa_flags=SA_RESTART|SA_SIGINFO


---------------  S Y S T E M  ---------------

OS:Bsduname:Darwin 16.3.0 Darwin Kernel Version 16.3.0: Thu Nov 17 20:23:58 PST 2016; root:xnu-3789.31.2~1/RELEASE_X86_64 x86_64
rlimit: STACK 8192k, CORE 0k, NPROC 709, NOFILE 10240, AS infinity
load average:2.80 2.58 1.68

CPU:total 8 (4 cores per cpu, 2 threads per core) family 6 model 70 stepping 1, cmov, cx8, fxsr, mmx, sse, sse2, sse3, ssse3, sse4.1, sse4.2, popcnt, avx, avx2, aes, clmul, erms, lzcnt, ht, tsc, tscinvbit, bmi1, bmi2

Memory: 4k page, physical 16777216k(1969784k free)

/proc/meminfo:


vm_info: Java HotSpot(TM) 64-Bit Server VM (25.65-b01) for bsd-amd64 JRE (1.8.0_65-b17), built on Oct  6 2015 15:36:46 by "java_re" with gcc 4.2.1 (Based on Apple Inc. build 5658) (LLVM build 2336.11.00)

time: Mon Dec 26 12:58:13 2016
elapsed time: 91 seconds (0d 0h 1m 31s)

