#
# A fatal error has been detected by the Java Runtime Environment:
#
#  SIGSEGV (0xb) at pc=0x000000012d9f6751, pid=13818, tid=25347
#
# JRE version: Java(TM) SE Runtime Environment (8.0_65-b17) (build 1.8.0_65-b17)
# Java VM: Java HotSpot(TM) 64-Bit Server VM (25.65-b01 mixed mode bsd-amd64 compressed oops)
# Problematic frame:
# C  [libavutil.55.dylib+0x19751]  av_freep+0x1
#
# Failed to write core dump. Core dumps have been disabled. To enable core dumping, try "ulimit -c unlimited" before starting Java again
#
# If you would like to submit a bug report, please visit:
#   http://bugreport.java.com/bugreport/crash.jsp
# The crash happened outside the Java Virtual Machine in native code.
# See problematic frame for where to report the bug.
#

---------------  T H R E A D  ---------------

Current thread (0x00007f82d481b000):  JavaThread "Thread-2" [_thread_in_native, id=25347, stack(0x000070000d919000,0x000070000da19000)]

siginfo: si_signo: 11 (SIGSEGV), si_code: 0 (unknown), si_addr: 0x0000000000000000

Registers:
RAX=0xcbd3ffd59d310089, RBX=0x0000000000000000, RCX=0x0000000000000000, RDX=0x00000000000e17d0
RSP=0x000070000da18700, RBP=0x000070000da18750, RSI=0x00007f82cee00000, RDI=0x2f656d6f482f7374
R8 =0x0000000000000003, R9 =0x00007f82cee18fe0, R10=0x0000000000000001, R11=0x0000000000000004
R12=0x0000000000000000, R13=0x000000012f3c0e70, R14=0x00007f82cec1e478, R15=0x00007f82cec1e448
RIP=0x000000012d9f6751, EFLAGS=0x0000000000010206, ERR=0x0000000000000000
  TRAPNO=0x000000000000000d

Top of Stack: (sp=0x000070000da18700)
0x000070000da18700:   cbd3ffd59d310089 000000012f56f70c
0x000070000da18710:   cbd3ffd59d310089 00007f82cec1e440
0x000070000da18720:   0000000000000000 000070000da187e8
0x000070000da18730:   00007f82d481b000 000000012c5a8f32
0x000070000da18740:   000000012f3c0e70 000070000da187e8
0x000070000da18750:   000070000da187b8 00000001114f7954
0x000070000da18760:   000070000da187b8 00000001114f76e7
0x000070000da18770:   00000001114f76a2 000070000da18778
0x000070000da18780:   000000012f3c0e70 000070000da187e8
0x000070000da18790:   000000012f3c2f10 0000000000000000
0x000070000da187a0:   000000012f3c0e70 0000000000000000
0x000070000da187b0:   000070000da187d8 000070000da18830
0x000070000da187c0:   00000001114e9c4d 0000000000000000
0x000070000da187d0:   00000001114f1578 00007f82cec1e440
0x000070000da187e0:   000000076efdbcf0 000000076efdbcf0
0x000070000da187f0:   000070000da187f0 000000012f3c117e
0x000070000da18800:   000070000da18840 000000012f3c2f10
0x000070000da18810:   0000000000000000 000000012f3c11a0
0x000070000da18820:   000070000da187d8 000070000da18840
0x000070000da18830:   000070000da18888 00000001114e9c4d
0x000070000da18840:   000000076efdbcf0 000070000da18848
0x000070000da18850:   000000012f3c10b9 000070000da18898
0x000070000da18860:   000000012f3c2f10 0000000000000000
0x000070000da18870:   000000012f3c10e8 000070000da18840
0x000070000da18880:   000070000da18898 000070000da188e0
0x000070000da18890:   00000001114e9c4d 000000076efdbcf0
0x000070000da188a0:   000070000da188a0 000000012e43a0dd
0x000070000da188b0:   000070000da18910 000000012f3bec90
0x000070000da188c0:   0000000000000000 000000012e43a250
0x000070000da188d0:   000070000da18898 000070000da18910
0x000070000da188e0:   000070000da18958 00000001114e9c92
0x000070000da188f0:   0000000000000000 0000000000000000 

Instructions: (pc=0x000000012d9f6751)
0x000000012d9f6731:   00 00 00 e8 6f a9 01 00 b8 f4 ff ff ff 48 83 c4
0x000000012d9f6741:   10 5b c3 66 66 66 2e 0f 1f 84 00 00 00 00 00 50
0x000000012d9f6751:   48 8b 07 48 c7 04 24 00 00 00 00 48 c7 07 00 00
0x000000012d9f6761:   00 00 48 89 c7 e8 3d a9 01 00 58 c3 0f 1f 00 48 

Register to memory mapping:

RAX=0xcbd3ffd59d310089 is an unknown value
RBX=0x0000000000000000 is an unknown value
RCX=0x0000000000000000 is an unknown value
RDX=0x00000000000e17d0 is an unknown value
RSP=0x000070000da18700 is pointing into the stack for thread: 0x00007f82d481b000
RBP=0x000070000da18750 is pointing into the stack for thread: 0x00007f82d481b000
RSI=0x00007f82cee00000 is an unknown value
RDI=0x2f656d6f482f7374 is an unknown value
R8 =0x0000000000000003 is an unknown value
R9 =0x00007f82cee18fe0 is an unknown value
R10=0x0000000000000001 is an unknown value
R11=0x0000000000000004 is an unknown value
R12=0x0000000000000000 is an unknown value
R13={method} {0x000000012f3c0e70} 'releaseContextInternal' '(J)V' in 'kh/com/kshrd/core/RtspStream'
R14=0x00007f82cec1e478 is an unknown value
R15=0x00007f82cec1e448 is an unknown value


Stack: [0x000070000d919000,0x000070000da19000],  sp=0x000070000da18700,  free space=1021k
Native frames: (J=compiled Java code, j=interpreted, Vv=VM code, C=native code)
C  [libavutil.55.dylib+0x19751]  av_freep+0x1
j  kh.com.kshrd.core.RtspStream.releaseContextInternal(J)V+0
j  kh.com.kshrd.core.RtspStream.release()V+14
j  kh.com.kshrd.core.RtspStream.initialize()V+1
j  kh.com.kshrd.core.RtspCamera.run()V+269
j  java.lang.Thread.run()V+11
v  ~StubRoutines::call_stub
V  [libjvm.dylib+0x2eab02]
V  [libjvm.dylib+0x2eb290]
V  [libjvm.dylib+0x2eb43c]
V  [libjvm.dylib+0x345959]
V  [libjvm.dylib+0x5612d3]
V  [libjvm.dylib+0x5629ce]
V  [libjvm.dylib+0x48342e]
C  [libsystem_pthread.dylib+0x3aab]  _pthread_body+0xb4
C  [libsystem_pthread.dylib+0x39f7]  _pthread_body+0x0
C  [libsystem_pthread.dylib+0x31fd]  thread_start+0xd
C  0x0000000000000000

Java frames: (J=compiled Java code, j=interpreted, Vv=VM code)
j  kh.com.kshrd.core.RtspStream.releaseContextInternal(J)V+0
j  kh.com.kshrd.core.RtspStream.release()V+14
j  kh.com.kshrd.core.RtspStream.initialize()V+1
j  kh.com.kshrd.core.RtspCamera.run()V+269
j  java.lang.Thread.run()V+11
v  ~StubRoutines::call_stub

---------------  P R O C E S S  ---------------

Java Threads: ( => current thread )
=>0x00007f82d481b000 JavaThread "Thread-2" [_thread_in_native, id=25347, stack(0x000070000d919000,0x000070000da19000)]
  0x00007f82d3900000 JavaThread "Thread-1" [_thread_in_native, id=24835, stack(0x000070000d816000,0x000070000d916000)]
  0x00007f82cffae000 JavaThread "container-0" [_thread_blocked, id=24323, stack(0x000070000d713000,0x000070000d813000)]
  0x00007f82d0566000 JavaThread "ContainerBackgroundProcessor[StandardEngine[Tomcat]]" daemon [_thread_blocked, id=23811, stack(0x000070000d610000,0x000070000d710000)]
  0x00007f82d060b000 JavaThread "localhost-startStop-1" daemon [_thread_blocked, id=23299, stack(0x000070000d50d000,0x000070000d60d000)]
  0x00007f82d0b79000 JavaThread "Tomcat-startStop-1" daemon [_thread_blocked, id=22791, stack(0x000070000d40a000,0x000070000d50a000)]
  0x00007f82ce0d6000 JavaThread "Monitor Ctrl-Break" daemon [_thread_in_native, id=22275, stack(0x000070000d307000,0x000070000d407000)]
  0x00007f82ce018000 JavaThread "Service Thread" daemon [_thread_blocked, id=21251, stack(0x000070000d101000,0x000070000d201000)]
  0x00007f82d0014800 JavaThread "C1 CompilerThread3" daemon [_thread_blocked, id=20739, stack(0x000070000cffe000,0x000070000d0fe000)]
  0x00007f82d2000000 JavaThread "C2 CompilerThread2" daemon [_thread_in_native, id=20227, stack(0x000070000cefb000,0x000070000cffb000)]
  0x00007f82d0013800 JavaThread "C2 CompilerThread1" daemon [_thread_in_vm, id=19715, stack(0x000070000cdf8000,0x000070000cef8000)]
  0x00007f82d0012000 JavaThread "C2 CompilerThread0" daemon [_thread_in_native, id=19203, stack(0x000070000ccf5000,0x000070000cdf5000)]
  0x00007f82d0010800 JavaThread "Signal Dispatcher" daemon [_thread_blocked, id=18691, stack(0x000070000cbf2000,0x000070000ccf2000)]
  0x00007f82d1800000 JavaThread "Finalizer" daemon [_thread_blocked, id=14595, stack(0x000070000caef000,0x000070000cbef000)]
  0x00007f82d0802000 JavaThread "Reference Handler" daemon [_thread_blocked, id=14083, stack(0x000070000c9ec000,0x000070000caec000)]
  0x00007f82cf80c800 JavaThread "main" [_thread_in_vm, id=7171, stack(0x000070000bfce000,0x000070000c0ce000)]

Other Threads:
  0x00007f82d1000000 VMThread [stack: 0x000070000c8e9000,0x000070000c9e9000] [id=13571]
  0x00007f82ce00b000 WatcherThread [stack: 0x000070000d204000,0x000070000d304000] [id=21763]

VM state:not at safepoint (normal execution)

VM Mutex/Monitor currently owned by a thread: None

Heap:
 PSYoungGen      total 212992K, used 126653K [0x000000076ab00000, 0x000000077c000000, 0x00000007c0000000)
  eden space 202240K, 57% used [0x000000076ab00000,0x0000000771c31cf0,0x0000000777080000)
  from space 10752K, 99% used [0x000000077b580000,0x000000077bffd778,0x000000077c000000)
  to   space 10752K, 0% used [0x000000077ab00000,0x000000077ab00000,0x000000077b580000)
 ParOldGen       total 113152K, used 22617K [0x00000006c0000000, 0x00000006c6e80000, 0x000000076ab00000)
  object space 113152K, 19% used [0x00000006c0000000,0x00000006c1616758,0x00000006c6e80000)
 Metaspace       used 30639K, capacity 31022K, committed 31360K, reserved 1077248K
  class space    used 3812K, capacity 3926K, committed 3968K, reserved 1048576K

Card table byte_map: [0x00000001204e2000,0x0000000120ce3000] byte_map_base: 0x000000011cee2000

Marking Bits: (ParMarkBitMap*) 0x00000001108dee20
 Begin Bits: [0x0000000121239000, 0x0000000125239000)
 End Bits:   [0x0000000125239000, 0x0000000129239000)

Polling page: 0x000000010eff8000

CodeCache: size=245760Kb used=13115Kb max_used=13127Kb free=232645Kb
 bounds [0x00000001114e2000, 0x00000001121c2000, 0x00000001204e2000]
 total_blobs=3854 nmethods=3456 adapters=311
 compilation: enabled

Compilation events (10 events):
Event: 4.312 Thread 0x00007f82d0013800 nmethod 3529 0x00000001121b6290 code [0x00000001121b6400, 0x00000001121b6938]
Event: 4.313 Thread 0x00007f82d0013800 3539   !   4       com.sun.proxy.$Proxy0::annotationType (29 bytes)
Event: 4.313 Thread 0x00007f82d0014800 3540   !   3       com.sun.proxy.$Proxy77::annotationType (29 bytes)
Event: 4.313 Thread 0x00007f82d0014800 nmethod 3540 0x00000001121b5b10 code [0x00000001121b5ca0, 0x00000001121b60d8]
Event: 4.314 Thread 0x00007f82d0013800 nmethod 3539 0x00000001121b56d0 code [0x00000001121b5840, 0x00000001121b59a8]
Event: 4.314 Thread 0x00007f82d0013800 3541       4       java.lang.Class$MethodArray::<init> (38 bytes)
Event: 4.314 Thread 0x00007f82d0014800 3542       3       java.lang.StringBuilder::append (6 bytes)
Event: 4.314 Thread 0x00007f82d0014800 nmethod 3542 0x00000001121b0c50 code [0x00000001121b0dc0, 0x00000001121b1028]
Event: 4.314 Thread 0x00007f82d0014800 3543       3       java.lang.StringBuilder::append (8 bytes)
Event: 4.314 Thread 0x00007f82d0014800 nmethod 3543 0x00000001121b08d0 code [0x00000001121b0a40, 0x00000001121b0bc8]

GC Heap History (10 events):
Event: 1.156 GC heap before
{Heap before GC invocations=1 (full 0):
 PSYoungGen      total 76288K, used 65536K [0x000000076ab00000, 0x0000000770000000, 0x00000007c0000000)
  eden space 65536K, 100% used [0x000000076ab00000,0x000000076eb00000,0x000000076eb00000)
  from space 10752K, 0% used [0x000000076f580000,0x000000076f580000,0x0000000770000000)
  to   space 10752K, 0% used [0x000000076eb00000,0x000000076eb00000,0x000000076f580000)
 ParOldGen       total 175104K, used 0K [0x00000006c0000000, 0x00000006cab00000, 0x000000076ab00000)
  object space 175104K, 0% used [0x00000006c0000000,0x00000006c0000000,0x00000006cab00000)
 Metaspace       used 12240K, capacity 12318K, committed 12544K, reserved 1060864K
  class space    used 1490K, capacity 1523K, committed 1536K, reserved 1048576K
Event: 1.169 GC heap after
Heap after GC invocations=1 (full 0):
 PSYoungGen      total 76288K, used 10733K [0x000000076ab00000, 0x0000000774000000, 0x00000007c0000000)
  eden space 65536K, 0% used [0x000000076ab00000,0x000000076ab00000,0x000000076eb00000)
  from space 10752K, 99% used [0x000000076eb00000,0x000000076f57b6c0,0x000000076f580000)
  to   space 10752K, 0% used [0x0000000773580000,0x0000000773580000,0x0000000774000000)
 ParOldGen       total 175104K, used 149K [0x00000006c0000000, 0x00000006cab00000, 0x000000076ab00000)
  object space 175104K, 0% used [0x00000006c0000000,0x00000006c0025620,0x00000006cab00000)
 Metaspace       used 12240K, capacity 12318K, committed 12544K, reserved 1060864K
  class space    used 1490K, capacity 1523K, committed 1536K, reserved 1048576K
}
Event: 1.847 GC heap before
{Heap before GC invocations=2 (full 0):
 PSYoungGen      total 76288K, used 76269K [0x000000076ab00000, 0x0000000774000000, 0x00000007c0000000)
  eden space 65536K, 100% used [0x000000076ab00000,0x000000076eb00000,0x000000076eb00000)
  from space 10752K, 99% used [0x000000076eb00000,0x000000076f57b6c0,0x000000076f580000)
  to   space 10752K, 0% used [0x0000000773580000,0x0000000773580000,0x0000000774000000)
 ParOldGen       total 175104K, used 149K [0x00000006c0000000, 0x00000006cab00000, 0x000000076ab00000)
  object space 175104K, 0% used [0x00000006c0000000,0x00000006c0025620,0x00000006cab00000)
 Metaspace       used 18819K, capacity 19096K, committed 19328K, reserved 1067008K
  class space    used 2302K, capacity 2397K, committed 2432K, reserved 1048576K
Event: 1.857 GC heap after
Heap after GC invocations=2 (full 0):
 PSYoungGen      total 141824K, used 10728K [0x000000076ab00000, 0x0000000774000000, 0x00000007c0000000)
  eden space 131072K, 0% used [0x000000076ab00000,0x000000076ab00000,0x0000000772b00000)
  from space 10752K, 99% used [0x0000000773580000,0x0000000773ffa2b8,0x0000000774000000)
  to   space 10752K, 0% used [0x0000000772b00000,0x0000000772b00000,0x0000000773580000)
 ParOldGen       total 175104K, used 1979K [0x00000006c0000000, 0x00000006cab00000, 0x000000076ab00000)
  object space 175104K, 1% used [0x00000006c0000000,0x00000006c01eef40,0x00000006cab00000)
 Metaspace       used 18819K, capacity 19096K, committed 19328K, reserved 1067008K
  class space    used 2302K, capacity 2397K, committed 2432K, reserved 1048576K
}
Event: 2.497 GC heap before
{Heap before GC invocations=3 (full 0):
 PSYoungGen      total 141824K, used 114564K [0x000000076ab00000, 0x0000000774000000, 0x00000007c0000000)
  eden space 131072K, 79% used [0x000000076ab00000,0x0000000771066f70,0x0000000772b00000)
  from space 10752K, 99% used [0x0000000773580000,0x0000000773ffa2b8,0x0000000774000000)
  to   space 10752K, 0% used [0x0000000772b00000,0x0000000772b00000,0x0000000773580000)
 ParOldGen       total 175104K, used 1979K [0x00000006c0000000, 0x00000006cab00000, 0x000000076ab00000)
  object space 175104K, 1% used [0x00000006c0000000,0x00000006c01eef40,0x00000006cab00000)
 Metaspace       used 20957K, capacity 21230K, committed 21296K, reserved 1069056K
  class space    used 2573K, capacity 2678K, committed 2688K, reserved 1048576K
Event: 2.508 GC heap after
Heap after GC invocations=3 (full 0):
 PSYoungGen      total 141824K, used 10724K [0x000000076ab00000, 0x000000077c000000, 0x00000007c0000000)
  eden space 131072K, 0% used [0x000000076ab00000,0x000000076ab00000,0x0000000772b00000)
  from space 10752K, 99% used [0x0000000772b00000,0x0000000773579280,0x0000000773580000)
  to   space 10752K, 0% used [0x000000077b580000,0x000000077b580000,0x000000077c000000)
 ParOldGen       total 175104K, used 4020K [0x00000006c0000000, 0x00000006cab00000, 0x000000076ab00000)
  object space 175104K, 2% used [0x00000006c0000000,0x00000006c03ed3a8,0x00000006cab00000)
 Metaspace       used 20957K, capacity 21230K, committed 21296K, reserved 1069056K
  class space    used 2573K, capacity 2678K, committed 2688K, reserved 1048576K
}
Event: 2.508 GC heap before
{Heap before GC invocations=4 (full 1):
 PSYoungGen      total 141824K, used 10724K [0x000000076ab00000, 0x000000077c000000, 0x00000007c0000000)
  eden space 131072K, 0% used [0x000000076ab00000,0x000000076ab00000,0x0000000772b00000)
  from space 10752K, 99% used [0x0000000772b00000,0x0000000773579280,0x0000000773580000)
  to   space 10752K, 0% used [0x000000077b580000,0x000000077b580000,0x000000077c000000)
 ParOldGen       total 175104K, used 4020K [0x00000006c0000000, 0x00000006cab00000, 0x000000076ab00000)
  object space 175104K, 2% used [0x00000006c0000000,0x00000006c03ed3a8,0x00000006cab00000)
 Metaspace       used 20957K, capacity 21230K, committed 21296K, reserved 1069056K
  class space    used 2573K, capacity 2678K, committed 2688K, reserved 1048576K
Event: 2.541 GC heap after
Heap after GC invocations=4 (full 1):
 PSYoungGen      total 141824K, used 0K [0x000000076ab00000, 0x000000077c000000, 0x00000007c0000000)
  eden space 131072K, 0% used [0x000000076ab00000,0x000000076ab00000,0x0000000772b00000)
  from space 10752K, 0% used [0x0000000772b00000,0x0000000772b00000,0x0000000773580000)
  to   space 10752K, 0% used [0x000000077b580000,0x000000077b580000,0x000000077c000000)
 ParOldGen       total 113152K, used 12402K [0x00000006c0000000, 0x00000006c6e80000, 0x000000076ab00000)
  object space 113152K, 10% used [0x00000006c0000000,0x00000006c0c1cbb0,0x00000006c6e80000)
 Metaspace       used 20957K, capacity 21230K, committed 21296K, reserved 1069056K
  class space    used 2573K, capacity 2678K, committed 2688K, reserved 1048576K
}
Event: 3.709 GC heap before
{Heap before GC invocations=5 (full 1):
 PSYoungGen      total 141824K, used 131072K [0x000000076ab00000, 0x000000077c000000, 0x00000007c0000000)
  eden space 131072K, 100% used [0x000000076ab00000,0x0000000772b00000,0x0000000772b00000)
  from space 10752K, 0% used [0x0000000772b00000,0x0000000772b00000,0x0000000773580000)
  to   space 10752K, 0% used [0x000000077b580000,0x000000077b580000,0x000000077c000000)
 ParOldGen       total 113152K, used 12402K [0x00000006c0000000, 0x00000006c6e80000, 0x000000076ab00000)
  object space 113152K, 10% used [0x00000006c0000000,0x00000006c0c1cbb0,0x00000006c6e80000)
 Metaspace       used 27702K, capacity 28050K, committed 28416K, reserved 1075200K
  class space    used 3416K, capacity 3516K, committed 3584K, reserved 1048576K
Event: 3.733 GC heap after
Heap after GC invocations=5 (full 1):
 PSYoungGen      total 212992K, used 10741K [0x000000076ab00000, 0x000000077c000000, 0x00000007c0000000)
  eden space 202240K, 0% used [0x000000076ab00000,0x000000076ab00000,0x0000000777080000)
  from space 10752K, 99% used [0x000000077b580000,0x000000077bffd778,0x000000077c000000)
  to   space 10752K, 0% used [0x000000077ab00000,0x000000077ab00000,0x000000077b580000)
 ParOldGen       total 113152K, used 22617K [0x00000006c0000000, 0x00000006c6e80000, 0x000000076ab00000)
  object space 113152K, 19% used [0x00000006c0000000,0x00000006c1616758,0x00000006c6e80000)
 Metaspace       used 27702K, capacity 28050K, committed 28416K, reserved 1075200K
  class space    used 3416K, capacity 3516K, committed 3584K, reserved 1048576K
}

Deoptimization events (10 events):
Event: 3.859 Thread 0x00007f82d060b000 Uncommon trap: reason=unstable_if action=reinterpret pc=0x0000000111902388 method=com.sun.org.apache.xerces.internal.impl.XMLEntityScanner.peekChar()I @ 14
Event: 3.927 Thread 0x00007f82d060b000 Uncommon trap: reason=unstable_if action=reinterpret pc=0x0000000111f176f4 method=org.springframework.boot.bind.DefaultPropertyNamePatternsMatcher.matches(Ljava/lang/String;)Z @ 112
Event: 3.967 Thread 0x00007f82d060b000 Uncommon trap: reason=unstable_if action=reinterpret pc=0x0000000111f316c0 method=java.lang.Class.searchMethods([Ljava/lang/reflect/Method;Ljava/lang/String;[Ljava/lang/Class;)Ljava/lang/reflect/Method; @ 47
Event: 3.973 Thread 0x00007f82d060b000 Uncommon trap: reason=unstable_if action=reinterpret pc=0x0000000111b5df9c method=org.springframework.util.ConcurrentReferenceHashMap$Segment.findInChain(Lorg/springframework/util/ConcurrentReferenceHashMap$Reference;Ljava/lang/Object;I)Lorg/springframewo
Event: 3.999 Thread 0x00007f82d060b000 Uncommon trap: reason=class_check action=maybe_recompile pc=0x0000000111e84e18 method=java.util.AbstractList$Itr.hasNext()Z @ 8
Event: 4.055 Thread 0x00007f82cf80c800 Uncommon trap: reason=bimorphic action=maybe_recompile pc=0x0000000111aa1040 method=java.util.Hashtable.get(Ljava/lang/Object;)Ljava/lang/Object; @ 6
Event: 4.056 Thread 0x00007f82cf80c800 Uncommon trap: reason=bimorphic action=maybe_recompile pc=0x0000000111aa1040 method=java.util.Hashtable.get(Ljava/lang/Object;)Ljava/lang/Object; @ 6
Event: 4.219 Thread 0x00007f82cf80c800 Uncommon trap: reason=unstable_if action=reinterpret pc=0x000000011212f550 method=org.springframework.beans.factory.support.AbstractBeanFactory.isTypeMatch(Ljava/lang/String;Lorg/springframework/core/ResolvableType;)Z @ 313
Event: 4.228 Thread 0x00007f82cf80c800 Uncommon trap: reason=unstable_if action=reinterpret pc=0x0000000111b6b764 method=org.springframework.util.ConcurrentReferenceHashMap$Segment.findInChain(Lorg/springframework/util/ConcurrentReferenceHashMap$Reference;Ljava/lang/Object;I)Lorg/springframewo
Event: 4.255 Thread 0x00007f82cf80c800 Uncommon trap: reason=null_check action=make_not_entrant pc=0x0000000111f14aa4 method=org.springframework.util.ClassUtils.isAssignable(Ljava/lang/Class;Ljava/lang/Class;)Z @ 14

Internal exceptions (10 events):
Event: 4.229 Thread 0x00007f82cf80c800 Exception <a 'java/lang/ClassNotFoundException': org/springframework/context/ApplicationListenerCustomizer> (0x0000000770e88f40) thrown at [/Users/java_re/workspace/8-2-build-macosx-x86_64/jdk8u65/4987/hotspot/src/share/vm/classfile/systemDictionary.cpp, 
Event: 4.290 Thread 0x00007f82cf80c800 Exception <a 'java/lang/ClassNotFoundException': java/lang/ObjectCustomizer> (0x0000000771604458) thrown at [/Users/java_re/workspace/8-2-build-macosx-x86_64/jdk8u65/4987/hotspot/src/share/vm/classfile/systemDictionary.cpp, line 210]
Event: 4.290 Thread 0x00007f82cf80c800 Exception <a 'java/lang/ClassNotFoundException': kh/com/kshrd/ipcam/controller/camera/IPCamCommandControllerCustomizer> (0x0000000771622380) thrown at [/Users/java_re/workspace/8-2-build-macosx-x86_64/jdk8u65/4987/hotspot/src/share/vm/classfile/systemDict
Event: 4.291 Thread 0x00007f82cf80c800 Exception <a 'java/lang/ClassNotFoundException': java/lang/ObjectCustomizer> (0x000000077163cd78) thrown at [/Users/java_re/workspace/8-2-build-macosx-x86_64/jdk8u65/4987/hotspot/src/share/vm/classfile/systemDictionary.cpp, line 210]
Event: 4.292 Thread 0x00007f82cf80c800 Exception <a 'java/lang/ClassNotFoundException': kh/com/kshrd/ipcam/service/LoadClassServiceCustomizer> (0x0000000771656900) thrown at [/Users/java_re/workspace/8-2-build-macosx-x86_64/jdk8u65/4987/hotspot/src/share/vm/classfile/systemDictionary.cpp, line
Event: 4.294 Thread 0x00007f82cf80c800 Exception <a 'java/lang/ClassNotFoundException': java/lang/ObjectCustomizer> (0x000000077167c2c8) thrown at [/Users/java_re/workspace/8-2-build-macosx-x86_64/jdk8u65/4987/hotspot/src/share/vm/classfile/systemDictionary.cpp, line 210]
Event: 4.294 Thread 0x00007f82cf80c800 Exception <a 'java/lang/ClassNotFoundException': kh/com/kshrd/ipcam/service/UserServiceCustomizer> (0x0000000771695160) thrown at [/Users/java_re/workspace/8-2-build-macosx-x86_64/jdk8u65/4987/hotspot/src/share/vm/classfile/systemDictionary.cpp, line 210]
Event: 4.305 Thread 0x00007f82cf80c800 Exception <a 'java/lang/ClassNotFoundException': java/lang/ObjectCustomizer> (0x000000077180e628) thrown at [/Users/java_re/workspace/8-2-build-macosx-x86_64/jdk8u65/4987/hotspot/src/share/vm/classfile/systemDictionary.cpp, line 210]
Event: 4.305 Thread 0x00007f82cf80c800 Exception <a 'java/lang/ClassNotFoundException': kh/com/kshrd/ipcam/service/impl/IPCamServiceImplCustomizer> (0x0000000771829748) thrown at [/Users/java_re/workspace/8-2-build-macosx-x86_64/jdk8u65/4987/hotspot/src/share/vm/classfile/systemDictionary.cpp,
Event: 4.306 Thread 0x00007f82cf80c800 Exception <a 'java/lang/ClassNotFoundException': kh/com/kshrd/ipcam/service/extend/IPCamServiceCustomizer> (0x00000007718461a8) thrown at [/Users/java_re/workspace/8-2-build-macosx-x86_64/jdk8u65/4987/hotspot/src/share/vm/classfile/systemDictionary.cpp, l

Events (10 events):
Event: 4.306 loading class kh/com/kshrd/ipcam/service/extend/IPCamServiceCustomizer done
Event: 4.306 Thread 0x00007f82cf80c800 DEOPT PACKING pc=0x0000000112023cb0 sp=0x000070000c0ca280
Event: 4.306 Thread 0x00007f82cf80c800 DEOPT UNPACKING pc=0x0000000111529633 sp=0x000070000c0c9ff8 mode 0
Event: 4.308 loading class kh/com/kshrd/ipcam/entity/camera/Model
Event: 4.308 loading class kh/com/kshrd/ipcam/entity/camera/Model done
Event: 4.308 loading class kh/com/kshrd/ipcam/entity/camera/base/BaseEntity
Event: 4.308 loading class kh/com/kshrd/ipcam/entity/camera/base/BaseEntity done
Event: 4.314 Thread 0x00007f82d481b000 Thread added: 0x00007f82d481b000
Event: 4.314 loading class kh/com/kshrd/ipcam/respone/ResponseList
Event: 4.314 loading class kh/com/kshrd/ipcam/respone/ResponseList done


Dynamic libraries:
0x0000000000dda000 	/System/Library/Frameworks/Cocoa.framework/Versions/A/Cocoa
0x0000000000dda000 	/System/Library/Frameworks/Security.framework/Versions/A/Security
0x0000000000dda000 	/System/Library/Frameworks/ApplicationServices.framework/Versions/A/ApplicationServices
0x0000000000dda000 	/usr/lib/libz.1.dylib
0x0000000000dda000 	/usr/lib/libSystem.B.dylib
0x0000000000dda000 	/usr/lib/libobjc.A.dylib
0x0000000000dda000 	/System/Library/Frameworks/CoreFoundation.framework/Versions/A/CoreFoundation
0x0000000000dda000 	/System/Library/Frameworks/Foundation.framework/Versions/C/Foundation
0x0000000000dda000 	/System/Library/Frameworks/AppKit.framework/Versions/C/AppKit
0x0000000000dda000 	/System/Library/Frameworks/CoreData.framework/Versions/A/CoreData
0x0000000000dda000 	/System/Library/PrivateFrameworks/RemoteViewServices.framework/Versions/A/RemoteViewServices
0x0000000000dda000 	/System/Library/PrivateFrameworks/UIFoundation.framework/Versions/A/UIFoundation
0x0000000000dda000 	/System/Library/PrivateFrameworks/DFRFoundation.framework/Versions/A/DFRFoundation
0x0000000000dda000 	/usr/lib/libenergytrace.dylib
0x0000000000dda000 	/System/Library/PrivateFrameworks/SkyLight.framework/Versions/A/SkyLight
0x0000000000dda000 	/System/Library/Frameworks/CoreGraphics.framework/Versions/A/CoreGraphics
0x0000000000dda000 	/usr/lib/libScreenReader.dylib
0x0000000000dda000 	/System/Library/Frameworks/Accelerate.framework/Versions/A/Accelerate
0x0000000000dda000 	/System/Library/Frameworks/IOSurface.framework/Versions/A/IOSurface
0x0000000000dda000 	/System/Library/Frameworks/AudioToolbox.framework/Versions/A/AudioToolbox
0x0000000000dda000 	/System/Library/Frameworks/AudioUnit.framework/Versions/A/AudioUnit
0x0000000000dda000 	/System/Library/PrivateFrameworks/DataDetectorsCore.framework/Versions/A/DataDetectorsCore
0x0000000000dda000 	/System/Library/PrivateFrameworks/DesktopServicesPriv.framework/Versions/A/DesktopServicesPriv
0x0000000000dda000 	/System/Library/Frameworks/Carbon.framework/Versions/A/Frameworks/HIToolbox.framework/Versions/A/HIToolbox
0x0000000000dda000 	/usr/lib/libicucore.A.dylib
0x0000000000dda000 	/System/Library/Frameworks/QuartzCore.framework/Versions/A/QuartzCore
0x0000000000dda000 	/System/Library/Frameworks/Carbon.framework/Versions/A/Frameworks/SpeechRecognition.framework/Versions/A/SpeechRecognition
0x0000000000dda000 	/usr/lib/libauto.dylib
0x0000000000dda000 	/usr/lib/libxml2.2.dylib
0x0000000000dda000 	/System/Library/PrivateFrameworks/CoreUI.framework/Versions/A/CoreUI
0x0000000000dda000 	/System/Library/Frameworks/CoreAudio.framework/Versions/A/CoreAudio
0x0000000000dda000 	/System/Library/Frameworks/DiskArbitration.framework/Versions/A/DiskArbitration
0x0000000000dda000 	/usr/lib/liblangid.dylib
0x0000000000dda000 	/System/Library/PrivateFrameworks/MultitouchSupport.framework/Versions/A/MultitouchSupport
0x0000000000dda000 	/System/Library/Frameworks/IOKit.framework/Versions/A/IOKit
0x0000000000dda000 	/usr/lib/libDiagnosticMessagesClient.dylib
0x0000000000dda000 	/System/Library/Frameworks/CoreServices.framework/Versions/A/CoreServices
0x0000000000dda000 	/System/Library/PrivateFrameworks/PerformanceAnalysis.framework/Versions/A/PerformanceAnalysis
0x0000000000dda000 	/System/Library/PrivateFrameworks/GenerationalStorage.framework/Versions/A/GenerationalStorage
0x0000000000dda000 	/System/Library/Frameworks/OpenGL.framework/Versions/A/OpenGL
0x0000000000dda000 	/System/Library/Frameworks/CoreImage.framework/Versions/A/CoreImage
0x0000000000dda000 	/System/Library/Frameworks/CoreText.framework/Versions/A/CoreText
0x0000000000dda000 	/System/Library/Frameworks/ImageIO.framework/Versions/A/ImageIO
0x0000000000dda000 	/System/Library/PrivateFrameworks/Backup.framework/Versions/A/Backup
0x0000000000dda000 	/usr/lib/libarchive.2.dylib
0x0000000000dda000 	/System/Library/Frameworks/CFNetwork.framework/Versions/A/CFNetwork
0x0000000000dda000 	/System/Library/Frameworks/SystemConfiguration.framework/Versions/A/SystemConfiguration
0x0000000000dda000 	/usr/lib/libCRFSuite.dylib
0x0000000000dda000 	/usr/lib/libc++.1.dylib
0x0000000000dda000 	/usr/lib/libc++abi.dylib
0x0000000000dda000 	/usr/lib/system/libcache.dylib
0x0000000000dda000 	/usr/lib/system/libcommonCrypto.dylib
0x0000000000dda000 	/usr/lib/system/libcompiler_rt.dylib
0x0000000000dda000 	/usr/lib/system/libcopyfile.dylib
0x0000000000dda000 	/usr/lib/system/libcorecrypto.dylib
0x0000000000dda000 	/usr/lib/system/libdispatch.dylib
0x0000000000dda000 	/usr/lib/system/libdyld.dylib
0x0000000000dda000 	/usr/lib/system/libkeymgr.dylib
0x0000000000dda000 	/usr/lib/system/liblaunch.dylib
0x0000000000dda000 	/usr/lib/system/libmacho.dylib
0x0000000000dda000 	/usr/lib/system/libquarantine.dylib
0x0000000000dda000 	/usr/lib/system/libremovefile.dylib
0x0000000000dda000 	/usr/lib/system/libsystem_asl.dylib
0x0000000000dda000 	/usr/lib/system/libsystem_blocks.dylib
0x0000000000dda000 	/usr/lib/system/libsystem_c.dylib
0x0000000000dda000 	/usr/lib/system/libsystem_configuration.dylib
0x0000000000dda000 	/usr/lib/system/libsystem_coreservices.dylib
0x0000000000dda000 	/usr/lib/system/libsystem_coretls.dylib
0x0000000000dda000 	/usr/lib/system/libsystem_dnssd.dylib
0x0000000000dda000 	/usr/lib/system/libsystem_info.dylib
0x0000000000dda000 	/usr/lib/system/libsystem_kernel.dylib
0x0000000000dda000 	/usr/lib/system/libsystem_m.dylib
0x0000000000dda000 	/usr/lib/system/libsystem_malloc.dylib
0x0000000000dda000 	/usr/lib/system/libsystem_network.dylib
0x0000000000dda000 	/usr/lib/system/libsystem_networkextension.dylib
0x0000000000dda000 	/usr/lib/system/libsystem_notify.dylib
0x0000000000dda000 	/usr/lib/system/libsystem_platform.dylib
0x0000000000dda000 	/usr/lib/system/libsystem_pthread.dylib
0x0000000000dda000 	/usr/lib/system/libsystem_sandbox.dylib
0x0000000000dda000 	/usr/lib/system/libsystem_secinit.dylib
0x0000000000dda000 	/usr/lib/system/libsystem_symptoms.dylib
0x0000000000dda000 	/usr/lib/system/libsystem_trace.dylib
0x0000000000dda000 	/usr/lib/system/libunwind.dylib
0x0000000000dda000 	/usr/lib/system/libxpc.dylib
0x0000000000dda000 	/usr/lib/libbsm.0.dylib
0x0000000000dda000 	/usr/lib/system/libkxld.dylib
0x0000000000dda000 	/usr/lib/libcoretls.dylib
0x0000000000dda000 	/usr/lib/libcoretls_cfhelpers.dylib
0x0000000000dda000 	/usr/lib/libxar.1.dylib
0x0000000000dda000 	/usr/lib/libsqlite3.dylib
0x0000000000dda000 	/usr/lib/libpam.2.dylib
0x0000000000dda000 	/usr/lib/libOpenScriptingUtil.dylib
0x0000000000dda000 	/usr/lib/libbz2.1.0.dylib
0x0000000000dda000 	/usr/lib/liblzma.5.dylib
0x0000000000dda000 	/usr/lib/libnetwork.dylib
0x0000000000dda000 	/usr/lib/libpcap.A.dylib
0x0000000000dda000 	/System/Library/Frameworks/CoreServices.framework/Versions/A/Frameworks/FSEvents.framework/Versions/A/FSEvents
0x0000000000dda000 	/System/Library/Frameworks/CoreServices.framework/Versions/A/Frameworks/CarbonCore.framework/Versions/A/CarbonCore
0x0000000000dda000 	/System/Library/Frameworks/CoreServices.framework/Versions/A/Frameworks/Metadata.framework/Versions/A/Metadata
0x0000000000dda000 	/System/Library/Frameworks/CoreServices.framework/Versions/A/Frameworks/OSServices.framework/Versions/A/OSServices
0x0000000000dda000 	/System/Library/Frameworks/CoreServices.framework/Versions/A/Frameworks/SearchKit.framework/Versions/A/SearchKit
0x0000000000dda000 	/System/Library/Frameworks/CoreServices.framework/Versions/A/Frameworks/AE.framework/Versions/A/AE
0x0000000000dda000 	/System/Library/Frameworks/CoreServices.framework/Versions/A/Frameworks/LaunchServices.framework/Versions/A/LaunchServices
0x0000000000dda000 	/System/Library/Frameworks/CoreServices.framework/Versions/A/Frameworks/DictionaryServices.framework/Versions/A/DictionaryServices
0x0000000000dda000 	/System/Library/Frameworks/CoreServices.framework/Versions/A/Frameworks/SharedFileList.framework/Versions/A/SharedFileList
0x0000000000dda000 	/System/Library/Frameworks/NetFS.framework/Versions/A/NetFS
0x0000000000dda000 	/System/Library/PrivateFrameworks/NetAuth.framework/Versions/A/NetAuth
0x0000000000dda000 	/System/Library/PrivateFrameworks/login.framework/Versions/A/Frameworks/loginsupport.framework/Versions/A/loginsupport
0x0000000000dda000 	/System/Library/PrivateFrameworks/TCC.framework/Versions/A/TCC
0x0000000000dda000 	/usr/lib/libmecabra.dylib
0x0000000000dda000 	/System/Library/Frameworks/ApplicationServices.framework/Versions/A/Frameworks/ATS.framework/Versions/A/ATS
0x0000000000dda000 	/System/Library/Frameworks/ApplicationServices.framework/Versions/A/Frameworks/ColorSync.framework/Versions/A/ColorSync
0x0000000000dda000 	/System/Library/Frameworks/ApplicationServices.framework/Versions/A/Frameworks/HIServices.framework/Versions/A/HIServices
0x0000000000dda000 	/System/Library/Frameworks/ApplicationServices.framework/Versions/A/Frameworks/LangAnalysis.framework/Versions/A/LangAnalysis
0x0000000000dda000 	/System/Library/Frameworks/ApplicationServices.framework/Versions/A/Frameworks/PrintCore.framework/Versions/A/PrintCore
0x0000000000dda000 	/System/Library/Frameworks/ApplicationServices.framework/Versions/A/Frameworks/QD.framework/Versions/A/QD
0x0000000000dda000 	/System/Library/Frameworks/ApplicationServices.framework/Versions/A/Frameworks/SpeechSynthesis.framework/Versions/A/SpeechSynthesis
0x0000000000dda000 	/System/Library/Frameworks/Accelerate.framework/Versions/A/Frameworks/vImage.framework/Versions/A/vImage
0x0000000000dda000 	/System/Library/Frameworks/Accelerate.framework/Versions/A/Frameworks/vecLib.framework/Versions/A/vecLib
0x0000000000dda000 	/System/Library/Frameworks/Accelerate.framework/Versions/A/Frameworks/vecLib.framework/Versions/A/libvDSP.dylib
0x0000000000dda000 	/System/Library/Frameworks/Accelerate.framework/Versions/A/Frameworks/vecLib.framework/Versions/A/libBNNS.dylib
0x0000000000dda000 	/System/Library/Frameworks/Accelerate.framework/Versions/A/Frameworks/vecLib.framework/Versions/A/libQuadrature.dylib
0x0000000000dda000 	/System/Library/Frameworks/Accelerate.framework/Versions/A/Frameworks/vecLib.framework/Versions/A/libvMisc.dylib
0x0000000000dda000 	/System/Library/Frameworks/Accelerate.framework/Versions/A/Frameworks/vecLib.framework/Versions/A/libLAPACK.dylib
0x0000000000dda000 	/System/Library/Frameworks/Accelerate.framework/Versions/A/Frameworks/vecLib.framework/Versions/A/libBLAS.dylib
0x0000000000dda000 	/System/Library/Frameworks/Accelerate.framework/Versions/A/Frameworks/vecLib.framework/Versions/A/libLinearAlgebra.dylib
0x0000000000dda000 	/System/Library/Frameworks/Accelerate.framework/Versions/A/Frameworks/vecLib.framework/Versions/A/libSparseBLAS.dylib
0x0000000000dda000 	/System/Library/Frameworks/ApplicationServices.framework/Versions/A/Frameworks/ATS.framework/Versions/A/Resources/libFontParser.dylib
0x0000000000dda000 	/System/Library/Frameworks/ApplicationServices.framework/Versions/A/Frameworks/ATS.framework/Versions/A/Resources/libFontRegistry.dylib
0x0000000000dda000 	/System/Library/Frameworks/ImageIO.framework/Versions/A/Resources/libJPEG.dylib
0x0000000000dda000 	/System/Library/Frameworks/ImageIO.framework/Versions/A/Resources/libTIFF.dylib
0x0000000000dda000 	/System/Library/Frameworks/ImageIO.framework/Versions/A/Resources/libPng.dylib
0x0000000000dda000 	/System/Library/Frameworks/ImageIO.framework/Versions/A/Resources/libGIF.dylib
0x0000000000dda000 	/System/Library/Frameworks/ImageIO.framework/Versions/A/Resources/libJP2.dylib
0x0000000000dda000 	/System/Library/Frameworks/ImageIO.framework/Versions/A/Resources/libRadiance.dylib
0x0000000000dda000 	/usr/lib/libcompression.dylib
0x0000000000dda000 	/System/Library/PrivateFrameworks/AppleJPEG.framework/Versions/A/AppleJPEG
0x0000000000dda000 	/usr/lib/libcups.2.dylib
0x0000000000dda000 	/System/Library/Frameworks/Kerberos.framework/Versions/A/Kerberos
0x0000000000dda000 	/System/Library/Frameworks/GSS.framework/Versions/A/GSS
0x0000000000dda000 	/usr/lib/libresolv.9.dylib
0x0000000000dda000 	/usr/lib/libiconv.2.dylib
0x0000000000dda000 	/System/Library/PrivateFrameworks/Heimdal.framework/Versions/A/Heimdal
0x0000000000dda000 	/usr/lib/libheimdal-asn1.dylib
0x0000000000dda000 	/System/Library/Frameworks/OpenDirectory.framework/Versions/A/OpenDirectory
0x0000000000dda000 	/System/Library/PrivateFrameworks/CommonAuth.framework/Versions/A/CommonAuth
0x0000000000dda000 	/System/Library/Frameworks/OpenDirectory.framework/Versions/A/Frameworks/CFOpenDirectory.framework/Versions/A/CFOpenDirectory
0x0000000000dda000 	/System/Library/Frameworks/SecurityFoundation.framework/Versions/A/SecurityFoundation
0x0000000000dda000 	/System/Library/PrivateFrameworks/LanguageModeling.framework/Versions/A/LanguageModeling
0x0000000000dda000 	/usr/lib/libmarisa.dylib
0x0000000000dda000 	/usr/lib/libChineseTokenizer.dylib
0x0000000000dda000 	/usr/lib/libcmph.dylib
0x0000000000dda000 	/System/Library/PrivateFrameworks/CoreEmoji.framework/Versions/A/CoreEmoji
0x0000000000dda000 	/System/Library/Frameworks/ServiceManagement.framework/Versions/A/ServiceManagement
0x0000000000dda000 	/usr/lib/libxslt.1.dylib
0x0000000000dda000 	/System/Library/Frameworks/Carbon.framework/Versions/A/Frameworks/Ink.framework/Versions/A/Ink
0x0000000000dda000 	/System/Library/PrivateFrameworks/TextureIO.framework/Versions/A/TextureIO
0x0000000000dda000 	/System/Library/Frameworks/Metal.framework/Versions/A/Metal
0x0000000000dda000 	/usr/lib/libate.dylib
0x0000000000dda000 	/System/Library/PrivateFrameworks/GPUCompiler.framework/libmetal_timestamp.dylib
0x0000000000dda000 	/System/Library/Frameworks/OpenGL.framework/Versions/A/Libraries/libCoreFSCache.dylib
0x0000000000dda000 	/System/Library/PrivateFrameworks/IOAccelerator.framework/Versions/A/IOAccelerator
0x0000000000dda000 	/System/Library/Frameworks/CoreVideo.framework/Versions/A/CoreVideo
0x0000000000dda000 	/usr/lib/libFosl_dynamic.dylib
0x0000000000dda000 	/System/Library/PrivateFrameworks/MetalPerformanceShaders.framework/Versions/A/MetalPerformanceShaders
0x0000000000dda000 	/System/Library/PrivateFrameworks/FaceCore.framework/Versions/A/FaceCore
0x0000000000dda000 	/System/Library/Frameworks/OpenCL.framework/Versions/A/OpenCL
0x0000000000dda000 	/System/Library/Frameworks/OpenGL.framework/Versions/A/Libraries/libGLU.dylib
0x0000000000dda000 	/System/Library/Frameworks/OpenGL.framework/Versions/A/Libraries/libGFXShared.dylib
0x0000000000dda000 	/System/Library/Frameworks/OpenGL.framework/Versions/A/Libraries/libGL.dylib
0x0000000000dda000 	/System/Library/Frameworks/OpenGL.framework/Versions/A/Libraries/libGLImage.dylib
0x0000000000dda000 	/System/Library/Frameworks/OpenGL.framework/Versions/A/Libraries/libCVMSPluginSupport.dylib
0x0000000000dda000 	/System/Library/Frameworks/OpenGL.framework/Versions/A/Libraries/libCoreVMClient.dylib
0x0000000000dda000 	/System/Library/PrivateFrameworks/CrashReporterSupport.framework/Versions/A/CrashReporterSupport
0x0000000000dda000 	/System/Library/PrivateFrameworks/Sharing.framework/Versions/A/Sharing
0x0000000000dda000 	/System/Library/PrivateFrameworks/IconServices.framework/Versions/A/IconServices
0x0000000000dda000 	/System/Library/PrivateFrameworks/ProtocolBuffer.framework/Versions/A/ProtocolBuffer
0x0000000000dda000 	/System/Library/PrivateFrameworks/Apple80211.framework/Versions/A/Apple80211
0x0000000000dda000 	/System/Library/Frameworks/CoreWLAN.framework/Versions/A/CoreWLAN
0x0000000000dda000 	/System/Library/PrivateFrameworks/CoreUtils.framework/Versions/A/CoreUtils
0x0000000000dda000 	/System/Library/Frameworks/IOBluetooth.framework/Versions/A/IOBluetooth
0x0000000000dda000 	/System/Library/PrivateFrameworks/CoreWiFi.framework/Versions/A/CoreWiFi
0x0000000000dda000 	/System/Library/Frameworks/CoreBluetooth.framework/Versions/A/CoreBluetooth
0x0000000000dda000 	/System/Library/Frameworks/CoreDisplay.framework/Versions/A/CoreDisplay
0x0000000000dda000 	/System/Library/PrivateFrameworks/IOPresentment.framework/Versions/A/IOPresentment
0x0000000000dda000 	/System/Library/PrivateFrameworks/DebugSymbols.framework/Versions/A/DebugSymbols
0x0000000000dda000 	/System/Library/PrivateFrameworks/CoreSymbolication.framework/Versions/A/CoreSymbolication
0x0000000000dda000 	/System/Library/PrivateFrameworks/Symbolication.framework/Versions/A/Symbolication
0x0000000000dda000 	/System/Library/PrivateFrameworks/AppleFSCompression.framework/Versions/A/AppleFSCompression
0x0000000000dda000 	/System/Library/PrivateFrameworks/SpeechRecognitionCore.framework/Versions/A/SpeechRecognitionCore
0x0000000000dda000 	/System/Library/PrivateFrameworks/ChunkingLibrary.framework/Versions/A/ChunkingLibrary
0x0000000110000000 	/Library/Java/JavaVirtualMachines/jdk1.8.0_65.jdk/Contents/Home/jre/lib/server/libjvm.dylib
0x0000000000dda000 	/usr/lib/libstdc++.6.dylib
0x000000010efea000 	/Library/Java/JavaVirtualMachines/jdk1.8.0_65.jdk/Contents/Home/jre/lib/libverify.dylib
0x0000000110f89000 	/Library/Java/JavaVirtualMachines/jdk1.8.0_65.jdk/Contents/Home/jre/lib/libjava.dylib
0x0000000110fc6000 	/Library/Java/JavaVirtualMachines/jdk1.8.0_65.jdk/Contents/Home/jre/lib/libzip.dylib
0x000000012c11f000 	/System/Library/Frameworks/JavaVM.framework/Frameworks/JavaRuntimeSupport.framework/JavaRuntimeSupport
0x000000012c139000 	/System/Library/Frameworks/JavaVM.framework/Versions/A/Frameworks/JavaNativeFoundation.framework/Versions/A/JavaNativeFoundation
0x0000000111447000 	/System/Library/Frameworks/JavaVM.framework/Versions/A/JavaVM
0x0000000000dda000 	/System/Library/Frameworks/Carbon.framework/Versions/A/Carbon
0x000000012c14e000 	/System/Library/PrivateFrameworks/JavaLaunching.framework/Versions/A/JavaLaunching
0x0000000000dda000 	/System/Library/Frameworks/Carbon.framework/Versions/A/Frameworks/CommonPanels.framework/Versions/A/CommonPanels
0x0000000000dda000 	/System/Library/Frameworks/Carbon.framework/Versions/A/Frameworks/Help.framework/Versions/A/Help
0x0000000000dda000 	/System/Library/Frameworks/Carbon.framework/Versions/A/Frameworks/ImageCapture.framework/Versions/A/ImageCapture
0x0000000000dda000 	/System/Library/Frameworks/Carbon.framework/Versions/A/Frameworks/OpenScripting.framework/Versions/A/OpenScripting
0x0000000000dda000 	/System/Library/Frameworks/Carbon.framework/Versions/A/Frameworks/Print.framework/Versions/A/Print
0x0000000000dda000 	/System/Library/Frameworks/Carbon.framework/Versions/A/Frameworks/SecurityHI.framework/Versions/A/SecurityHI
0x000000012c4d3000 	/Applications/IntelliJ IDEA.app/Contents/bin/libbreakgen64.jnilib
0x000000012c4d6000 	/Library/Java/JavaVirtualMachines/jdk1.8.0_65.jdk/Contents/Home/jre/lib/libnet.dylib
0x000000012cbcf000 	/Library/Java/JavaVirtualMachines/jdk1.8.0_65.jdk/Contents/Home/jre/lib/libmanagement.dylib
0x000000012c6b2000 	/Library/Java/JavaVirtualMachines/jdk1.8.0_65.jdk/Contents/Home/jre/lib/libnio.dylib
0x000000012c5a7000 	/Users/sophatvathana/Desktop/ipcam/IPCAM-VIDEO-STREAMING-API/native/mac/x86_64/strmrecv.dylib
0x000000012d9dd000 	/Users/sophatvathana/Desktop/ipcam/IPCAM-VIDEO-STREAMING-API/native/mac/x86_64/libavutil.55.dylib
0x0000000000dda000 	/System/Library/Frameworks/AVFoundation.framework/Versions/A/AVFoundation
0x0000000000dda000 	/System/Library/Frameworks/CoreMedia.framework/Versions/A/CoreMedia
0x0000000000dda000 	/System/Library/Frameworks/VideoToolbox.framework/Versions/A/VideoToolbox
0x000000012c5ae000 	/System/Library/Frameworks/VideoDecodeAcceleration.framework/Versions/A/VideoDecodeAcceleration
0x0000000000dda000 	/System/Library/Frameworks/AVFoundation.framework/Versions/A/Frameworks/AVFAudio.framework/Versions/A/AVFAudio
0x0000000000dda000 	/System/Library/Frameworks/MediaToolbox.framework/Versions/A/MediaToolbox
0x0000000000dda000 	/System/Library/PrivateFrameworks/IntlPreferences.framework/Versions/A/IntlPreferences
0x0000000000dda000 	/System/Library/Frameworks/CoreMediaIO.framework/Versions/A/CoreMediaIO
0x0000000000dda000 	/usr/lib/libspindump.dylib
0x0000000000dda000 	/usr/lib/libdscsym.dylib
0x0000000000dda000 	/System/Library/PrivateFrameworks/CoreAVCHD.framework/Versions/A/CoreAVCHD
0x0000000000dda000 	/System/Library/Frameworks/MediaAccessibility.framework/Versions/A/MediaAccessibility
0x0000000000dda000 	/System/Library/PrivateFrameworks/Mangrove.framework/Versions/A/Mangrove
0x0000000000dda000 	/System/Library/PrivateFrameworks/CoreAUC.framework/Versions/A/CoreAUC
0x0000000000dda000 	/System/Library/PrivateFrameworks/AppleVA.framework/Versions/A/AppleVA
0x0000000000dda000 	/System/Library/PrivateFrameworks/XPCService.framework/Versions/A/XPCService
0x0000000000dda000 	/System/Library/PrivateFrameworks/AppSandbox.framework/Versions/A/AppSandbox
0x0000000000dda000 	/usr/lib/libsandbox.1.dylib
0x0000000000dda000 	/System/Library/PrivateFrameworks/AppContainer.framework/Versions/A/AppContainer
0x0000000000dda000 	/System/Library/PrivateFrameworks/SecCodeWrapper.framework/Versions/A/SecCodeWrapper
0x0000000000dda000 	/usr/lib/libMatch.1.dylib
0x000000012c64b000 	/Users/sophatvathana/Desktop/ipcam/IPCAM-VIDEO-STREAMING-API/native/mac/x86_64/libswresample.2.dylib
0x000000012f4b4000 	/Users/sophatvathana/Desktop/ipcam/IPCAM-VIDEO-STREAMING-API/native/mac/x86_64/libavcodec.57.dylib
0x000000012dcb2000 	/Users/sophatvathana/Desktop/ipcam/IPCAM-VIDEO-STREAMING-API/native/mac/x86_64/libavformat.57.dylib

VM Arguments:
jvm_args: -Dspring.output.ansi.enabled=always -Didea.launcher.port=7536 -Didea.launcher.bin.path=/Applications/IntelliJ IDEA.app/Contents/bin -Dfile.encoding=UTF-8 
java_command: com.intellij.rt.execution.application.AppMain kh.com.kshrd.ipcam.IpcamVideoStreamingApiApplication
java_class_path (initial): /Library/Java/JavaVirtualMachines/jdk1.8.0_65.jdk/Contents/Home/jre/lib/charsets.jar:/Library/Java/JavaVirtualMachines/jdk1.8.0_65.jdk/Contents/Home/jre/lib/deploy.jar:/Library/Java/JavaVirtualMachines/jdk1.8.0_65.jdk/Contents/Home/jre/lib/ext/cldrdata.jar:/Library/Java/JavaVirtualMachines/jdk1.8.0_65.jdk/Contents/Home/jre/lib/ext/dnsns.jar:/Library/Java/JavaVirtualMachines/jdk1.8.0_65.jdk/Contents/Home/jre/lib/ext/jaccess.jar:/Library/Java/JavaVirtualMachines/jdk1.8.0_65.jdk/Contents/Home/jre/lib/ext/jfxrt.jar:/Library/Java/JavaVirtualMachines/jdk1.8.0_65.jdk/Contents/Home/jre/lib/ext/localedata.jar:/Library/Java/JavaVirtualMachines/jdk1.8.0_65.jdk/Contents/Home/jre/lib/ext/nashorn.jar:/Library/Java/JavaVirtualMachines/jdk1.8.0_65.jdk/Contents/Home/jre/lib/ext/sunec.jar:/Library/Java/JavaVirtualMachines/jdk1.8.0_65.jdk/Contents/Home/jre/lib/ext/sunjce_provider.jar:/Library/Java/JavaVirtualMachines/jdk1.8.0_65.jdk/Contents/Home/jre/lib/ext/sunpkcs11.jar:/Library/Java/JavaVirtualMachines/jdk1.8.0_65.jdk/Contents/Home/jre/lib/ext/zipfs.jar:/Library/Java/JavaVirtualMachines/jdk1.8.0_65.jdk/Contents/Home/jre/lib/javaws.jar:/Library/Java/JavaVirtualMachines/jdk1.8.0_65.jdk/Contents/Home/jre/lib/jce.jar:/Library/Java/JavaVirtualMachines/jdk1.8.0_65.jdk/Contents/Home/jre/lib/jfr.jar:/Library/Java/JavaVirtualMachines/jdk1.8.0_65.jdk/Contents/Home/jre/lib/jfxswt.jar:/Library/Java/JavaVirtualMachines/jdk1.8.0_65.jdk/Contents/Home/jre/lib/jsse.jar:/Library/Java/JavaVirtualMachines/jdk1.8.0_65.jdk/Contents/Home/jre/lib/management-agent.jar:/Library/Java/JavaVirtualMachines/jdk1.8.0_65.jdk/Contents/Home/jre/lib/plugin.jar:/Library/Java/JavaVirtualMachines/jdk1.8.0_65.jdk/Contents/Home/jre/lib/resources.jar:/Library/Java/JavaVirtualMachines/jdk1.8.0_65.jdk/Contents/Home/jre/lib/rt.jar:/Library/Java/JavaVirtualMachines/jdk1.8.0_65.jdk/Contents/Home/lib/dt.jar:/Library/Java/JavaVirtualMachines/jdk1.8.0_65.jdk/Contents/Home/lib/javafx-mx.jar:/Library/Jav
Launcher Type: SUN_STANDARD

Environment Variables:
PATH=/Library/Frameworks/Python.framework/Versions/3.5/bin:/usr/local/bin:/usr/bin:/bin:/usr/sbin:/sbin
SHELL=/bin/zsh

Signal Handlers:
SIGSEGV: [libjvm.dylib+0x5a6d31], sa_mask[0]=11111111011111110111111111111111, sa_flags=SA_ONSTACK|SA_RESTART|SA_SIGINFO
SIGBUS: [libjvm.dylib+0x5a6d31], sa_mask[0]=11111111011111110111111111111111, sa_flags=SA_RESTART|SA_SIGINFO
SIGFPE: [libjvm.dylib+0x480a40], sa_mask[0]=11111111011111110111111111111111, sa_flags=SA_RESTART|SA_SIGINFO
SIGPIPE: [libjvm.dylib+0x480a40], sa_mask[0]=11111111011111110111111111111111, sa_flags=SA_RESTART|SA_SIGINFO
SIGXFSZ: [libjvm.dylib+0x480a40], sa_mask[0]=11111111011111110111111111111111, sa_flags=SA_RESTART|SA_SIGINFO
SIGILL: [libjvm.dylib+0x480a40], sa_mask[0]=11111111011111110111111111111111, sa_flags=SA_RESTART|SA_SIGINFO
SIGUSR1: SIG_DFL, sa_mask[0]=00000000000000000000000000000000, sa_flags=none
SIGUSR2: [libjvm.dylib+0x48055e], sa_mask[0]=00100000000000000000000000000000, sa_flags=SA_RESTART|SA_SIGINFO
SIGHUP: [libjvm.dylib+0x47eb35], sa_mask[0]=11111111011111110111111111111111, sa_flags=SA_RESTART|SA_SIGINFO
SIGINT: [libjvm.dylib+0x47eb35], sa_mask[0]=11111111011111110111111111111111, sa_flags=SA_RESTART|SA_SIGINFO
SIGTERM: [libjvm.dylib+0x47eb35], sa_mask[0]=11111111011111110111111111111111, sa_flags=SA_RESTART|SA_SIGINFO
SIGQUIT: [libjvm.dylib+0x47eb35], sa_mask[0]=11111111011111110111111111111111, sa_flags=SA_RESTART|SA_SIGINFO


---------------  S Y S T E M  ---------------

OS:Bsduname:Darwin 16.3.0 Darwin Kernel Version 16.3.0: Thu Nov 17 20:23:58 PST 2016; root:xnu-3789.31.2~1/RELEASE_X86_64 x86_64
rlimit: STACK 8192k, CORE 0k, NPROC 709, NOFILE 10240, AS infinity
load average:4.17 3.12 2.78

CPU:total 8 (4 cores per cpu, 2 threads per core) family 6 model 70 stepping 1, cmov, cx8, fxsr, mmx, sse, sse2, sse3, ssse3, sse4.1, sse4.2, popcnt, avx, avx2, aes, clmul, erms, lzcnt, ht, tsc, tscinvbit, bmi1, bmi2

Memory: 4k page, physical 16777216k(3383944k free)

/proc/meminfo:


vm_info: Java HotSpot(TM) 64-Bit Server VM (25.65-b01) for bsd-amd64 JRE (1.8.0_65-b17), built on Oct  6 2015 15:36:46 by "java_re" with gcc 4.2.1 (Based on Apple Inc. build 5658) (LLVM build 2336.11.00)

time: Fri Dec 23 13:57:16 2016
elapsed time: 4 seconds (0d 0h 0m 4s)

