#
# A fatal error has been detected by the Java Runtime Environment:
#
#  SIGSEGV (0xb) at pc=0x000000010d902751, pid=999, tid=23811
#
# JRE version: Java(TM) SE Runtime Environment (8.0_65-b17) (build 1.8.0_65-b17)
# Java VM: Java HotSpot(TM) 64-Bit Server VM (25.65-b01 mixed mode bsd-amd64 compressed oops)
# Problematic frame:
# C  [libavutil.55.dylib+0x19751]  av_freep+0x1
#
# Failed to write core dump. Core dumps have been disabled. To enable core dumping, try "ulimit -c unlimited" before starting Java again
#
# If you would like to submit a bug report, please visit:
#   http://bugreport.java.com/bugreport/crash.jsp
# The crash happened outside the Java Virtual Machine in native code.
# See problematic frame for where to report the bug.
#

---------------  T H R E A D  ---------------

Current thread (0x00007f92a43c8800):  JavaThread "Thread-1" [_thread_in_native, id=23811, stack(0x000070000f13a000,0x000070000f23a000)]

siginfo: si_signo: 11 (SIGSEGV), si_code: 0 (unknown), si_addr: 0x0000000000000000

Registers:
RAX=0x000000010b930500, RBX=0x0000000000000000, RCX=0x0000000000000000, RDX=0x00007f92a351cfd0
RSP=0x000070000f239700, RBP=0x000070000f239750, RSI=0x000070000f2397e8, RDI=0x474e494d41455254
R8 =0x0000000000000004, R9 =0x00000000000001d6, R10=0x000000010e0ca928, R11=0x0000000106adc4cf
R12=0x0000000000000000, R13=0x000000010d37f878, R14=0x00007f92a351d008, R15=0x00007f92a351cfd8
RIP=0x000000010d902751, EFLAGS=0x0000000000010202, ERR=0x0000000000000000
  TRAPNO=0x000000000000000d

Top of Stack: (sp=0x000070000f239700)
0x000070000f239700:   000000010b930500 000000012589170c
0x000070000f239710:   000000010b930500 00007f92a351cfd0
0x000070000f239720:   0000000000000000 000070000f2397e8
0x000070000f239730:   00007f92a43c8800 000000010b92ff32
0x000070000f239740:   000000010d37f878 000070000f2397e8
0x000070000f239750:   000070000f2397b8 000000010e0ca954
0x000070000f239760:   000070000f2397b8 000000010e0ca6e7
0x000070000f239770:   000000010e0ca6a2 000070000f239778
0x000070000f239780:   000000010d37f878 000070000f2397e8
0x000070000f239790:   000000010d381918 0000000000000000
0x000070000f2397a0:   000000010d37f878 0000000000000000
0x000070000f2397b0:   000070000f2397d8 000070000f239830
0x000070000f2397c0:   000000010e0bcc4d 0000000000000000
0x000070000f2397d0:   000000010e0c4578 00007f92a351cfd0
0x000070000f2397e0:   00000006c11ec318 00000006c11ec318
0x000070000f2397f0:   000070000f2397f0 000000010d37fb86
0x000070000f239800:   000070000f239840 000000010d381918
0x000070000f239810:   0000000000000000 000000010d37fba8
0x000070000f239820:   000070000f2397d8 000070000f239840
0x000070000f239830:   000070000f239888 000000010e0bcc4d
0x000070000f239840:   00000006c11ec318 000070000f239848
0x000070000f239850:   000000010d37fac1 000070000f239898
0x000070000f239860:   000000010d381918 0000000000000000
0x000070000f239870:   000000010d37faf0 000070000f239840
0x000070000f239880:   000070000f239898 000070000f2398e0
0x000070000f239890:   000000010e0bcc4d 00000006c11ec318
0x000070000f2398a0:   000070000f2398a0 000000010da98a75
0x000070000f2398b0:   000070000f239910 000000010d37d710
0x000070000f2398c0:   0000000000000000 000000010da98be8
0x000070000f2398d0:   000070000f239898 000070000f239910
0x000070000f2398e0:   000070000f239958 000000010e0bcc92
0x000070000f2398f0:   000000000000012c 0000000000000000 

Instructions: (pc=0x000000010d902751)
0x000000010d902731:   00 00 00 e8 6f a9 01 00 b8 f4 ff ff ff 48 83 c4
0x000000010d902741:   10 5b c3 66 66 66 2e 0f 1f 84 00 00 00 00 00 50
0x000000010d902751:   48 8b 07 48 c7 04 24 00 00 00 00 48 c7 07 00 00
0x000000010d902761:   00 00 48 89 c7 e8 3d a9 01 00 58 c3 0f 1f 00 48 

Register to memory mapping:

RAX=0x000000010b930500: Java_kh_com_kshrd_core_RtspStream_openRtspInternal+0x90 in /Users/sophatvathana/Desktop/Project/ipcam/IPCAM-VIDEO-STREAMING-API/native/mac/x86_64/strmrecv.dylib at 0x000000010b92e000
RBX=0x0000000000000000 is an unknown value
RCX=0x0000000000000000 is an unknown value
RDX=0x00007f92a351cfd0 is an unknown value
RSP=0x000070000f239700 is pointing into the stack for thread: 0x00007f92a43c8800
RBP=0x000070000f239750 is pointing into the stack for thread: 0x00007f92a43c8800
RSI=0x000070000f2397e8 is pointing into the stack for thread: 0x00007f92a43c8800
RDI=0x474e494d41455254 is an unknown value
R8 =0x0000000000000004 is an unknown value
R9 =0x00000000000001d6 is an unknown value
R10=0x000000010e0ca928 is at code_begin+808 in an Interpreter codelet
method entry point (kind = native)  [0x000000010e0ca600, 0x000000010e0caf00]  2304 bytes
R11=0x0000000106adc4cf: throw_unsatisfied_link_error+0 in /Library/Java/JavaVirtualMachines/jdk1.8.0_65.jdk/Contents/Home/jre/lib/server/libjvm.dylib at 0x0000000106600000
R12=0x0000000000000000 is an unknown value
R13={method} {0x000000010d37f878} 'releaseContextInternal' '(J)V' in 'kh/com/kshrd/core/RtspStream'
R14=0x00007f92a351d008 is an unknown value
R15=0x00007f92a351cfd8 is an unknown value


Stack: [0x000070000f13a000,0x000070000f23a000],  sp=0x000070000f239700,  free space=1021k
Native frames: (J=compiled Java code, j=interpreted, Vv=VM code, C=native code)
C  [libavutil.55.dylib+0x19751]  av_freep+0x1
j  kh.com.kshrd.core.RtspStream.releaseContextInternal(J)V+0
j  kh.com.kshrd.core.RtspStream.release()V+14
j  kh.com.kshrd.core.RtspStream.initialize()V+1
j  kh.com.kshrd.core.RtspCamera.run()V+269
j  java.lang.Thread.run()V+11
v  ~StubRoutines::call_stub
V  [libjvm.dylib+0x2eab02]
V  [libjvm.dylib+0x2eb290]
V  [libjvm.dylib+0x2eb43c]
V  [libjvm.dylib+0x345959]
V  [libjvm.dylib+0x5612d3]
V  [libjvm.dylib+0x5629ce]
V  [libjvm.dylib+0x48342e]
C  [libsystem_pthread.dylib+0x3aab]  _pthread_body+0xb4
C  [libsystem_pthread.dylib+0x39f7]  _pthread_body+0x0
C  [libsystem_pthread.dylib+0x31fd]  thread_start+0xd
C  0x0000000000000000

Java frames: (J=compiled Java code, j=interpreted, Vv=VM code)
j  kh.com.kshrd.core.RtspStream.releaseContextInternal(J)V+0
j  kh.com.kshrd.core.RtspStream.release()V+14
j  kh.com.kshrd.core.RtspStream.initialize()V+1
j  kh.com.kshrd.core.RtspCamera.run()V+269
j  java.lang.Thread.run()V+11
v  ~StubRoutines::call_stub

---------------  P R O C E S S  ---------------

Java Threads: ( => current thread )
  0x00007f92a7639000 JavaThread "http-nio-9999-exec-7" daemon [_thread_blocked, id=29443, stack(0x000070000fc5b000,0x000070000fd5b000)]
  0x00007f92a9005800 JavaThread "http-nio-9999-exec-6" daemon [_thread_blocked, id=28931, stack(0x000070000fb58000,0x000070000fc58000)]
  0x00007f92a882d000 JavaThread "http-nio-9999-exec-5" daemon [_thread_blocked, id=28419, stack(0x000070000fa55000,0x000070000fb55000)]
  0x00007f92a7632000 JavaThread "http-nio-9999-exec-4" daemon [_thread_blocked, id=27907, stack(0x000070000f952000,0x000070000fa52000)]
  0x00007f92a8500000 JavaThread "http-nio-9999-exec-3" daemon [_thread_blocked, id=4879, stack(0x000070000ee31000,0x000070000ef31000)]
  0x00007f92a770a800 JavaThread "http-nio-9999-exec-2" daemon [_thread_blocked, id=3855, stack(0x000070000ed2e000,0x000070000ee2e000)]
  0x00007f92a7292800 JavaThread "Thread-4" daemon [_thread_in_native, id=27395, stack(0x000070000f84f000,0x000070000f94f000)]
  0x00007f92a9002800 JavaThread "http-nio-9999-exec-1" daemon [_thread_blocked, id=26883, stack(0x000070000f74c000,0x000070000f84c000)]
  0x00007f92a821b800 JavaThread "DestroyJavaVM" [_thread_blocked, id=7171, stack(0x000070000d8f2000,0x000070000d9f2000)]
  0x00007f92a6ec2000 JavaThread "http-nio-9999-AsyncTimeout" daemon [_thread_blocked, id=26371, stack(0x000070000f649000,0x000070000f749000)]
  0x00007f92a4ddf000 JavaThread "http-nio-9999-Acceptor-0" daemon [_thread_in_native, id=25859, stack(0x000070000f546000,0x000070000f646000)]
  0x00007f92a6ec1000 JavaThread "http-nio-9999-ClientPoller-1" daemon [_thread_in_native, id=25347, stack(0x000070000f443000,0x000070000f543000)]
  0x00007f92a5fa5800 JavaThread "http-nio-9999-ClientPoller-0" daemon [_thread_in_native, id=24835, stack(0x000070000f340000,0x000070000f440000)]
  0x00007f92a68d9000 JavaThread "NioBlockingSelector.BlockPoller-1" daemon [_thread_in_native, id=24323, stack(0x000070000f23d000,0x000070000f33d000)]
=>0x00007f92a43c8800 JavaThread "Thread-1" [_thread_in_native, id=23811, stack(0x000070000f13a000,0x000070000f23a000)]
  0x00007f92a53bd000 JavaThread "container-0" [_thread_blocked, id=23299, stack(0x000070000f037000,0x000070000f137000)]
  0x00007f92a6888800 JavaThread "ContainerBackgroundProcessor[StandardEngine[Tomcat]]" daemon [_thread_blocked, id=22787, stack(0x000070000ef34000,0x000070000f034000)]
  0x00007f92a381a800 JavaThread "Monitor Ctrl-Break" daemon [_thread_in_native, id=22275, stack(0x000070000ec2b000,0x000070000ed2b000)]
  0x00007f92a2016000 JavaThread "Service Thread" daemon [_thread_blocked, id=21251, stack(0x000070000ea25000,0x000070000eb25000)]
  0x00007f92a402d000 JavaThread "C1 CompilerThread3" daemon [_thread_blocked, id=20739, stack(0x000070000e922000,0x000070000ea22000)]
  0x00007f92a2016800 JavaThread "C2 CompilerThread2" daemon [_thread_blocked, id=20227, stack(0x000070000e81f000,0x000070000e91f000)]
  0x00007f92a5006000 JavaThread "C2 CompilerThread1" daemon [_thread_blocked, id=19715, stack(0x000070000e71c000,0x000070000e81c000)]
  0x00007f92a5004800 JavaThread "C2 CompilerThread0" daemon [_thread_blocked, id=19203, stack(0x000070000e619000,0x000070000e719000)]
  0x00007f92a4800800 JavaThread "Signal Dispatcher" daemon [_thread_blocked, id=18691, stack(0x000070000e516000,0x000070000e616000)]
  0x00007f92a5811000 JavaThread "Finalizer" daemon [_thread_blocked, id=14595, stack(0x000070000e413000,0x000070000e513000)]
  0x00007f92a5810000 JavaThread "Reference Handler" daemon [_thread_blocked, id=14083, stack(0x000070000e310000,0x000070000e410000)]

Other Threads:
  0x00007f92a3811000 VMThread [stack: 0x000070000e20d000,0x000070000e30d000] [id=13571]
  0x00007f92a2050800 WatcherThread [stack: 0x000070000eb28000,0x000070000ec28000] [id=21763]

VM state:not at safepoint (normal execution)

VM Mutex/Monitor currently owned by a thread: None

Heap:
 PSYoungGen      total 268288K, used 120673K [0x000000076ab00000, 0x000000078a080000, 0x00000007c0000000)
  eden space 249344K, 48% used [0x000000076ab00000,0x00000007720d85e0,0x0000000779e80000)
  from space 18944K, 0% used [0x0000000779e80000,0x0000000779e80000,0x000000077b100000)
  to   space 19968K, 0% used [0x0000000788d00000,0x0000000788d00000,0x000000078a080000)
 ParOldGen       total 135168K, used 27827K [0x00000006c0000000, 0x00000006c8400000, 0x000000076ab00000)
  object space 135168K, 20% used [0x00000006c0000000,0x00000006c1b2cc28,0x00000006c8400000)
 Metaspace       used 42175K, capacity 42742K, committed 42880K, reserved 1087488K
  class space    used 5278K, capacity 5430K, committed 5504K, reserved 1048576K

Card table byte_map: [0x0000000107949000,0x000000010814a000] byte_map_base: 0x0000000104349000

Marking Bits: (ParMarkBitMap*) 0x0000000106edee20
 Begin Bits: [0x000000011d0b5000, 0x00000001210b5000)
 End Bits:   [0x00000001210b5000, 0x00000001250b5000)

Polling page: 0x000000010547c000

CodeCache: size=245760Kb used=15748Kb max_used=15758Kb free=230011Kb
 bounds [0x000000010e0b5000, 0x000000010f035000, 0x000000011d0b5000]
 total_blobs=4953 nmethods=4508 adapters=358
 compilation: enabled

Compilation events (10 events):
Event: 82.478 Thread 0x00007f92a402d000 5283       3       java.util.concurrent.LinkedBlockingQueue::enqueue (14 bytes)
Event: 82.478 Thread 0x00007f92a402d000 nmethod 5283 0x000000010f028090 code [0x000000010f028200, 0x000000010f028390]
Event: 86.311 Thread 0x00007f92a402d000 5284       3       java.lang.StringBuilder::append (6 bytes)
Event: 86.311 Thread 0x00007f92a402d000 nmethod 5284 0x000000010f028450 code [0x000000010f0285c0, 0x000000010f028828]
Event: 86.311 Thread 0x00007f92a402d000 5285       1       java.util.concurrent.atomic.AtomicInteger::set (6 bytes)
Event: 86.311 Thread 0x00007f92a402d000 nmethod 5285 0x000000010f028910 code [0x000000010f028a60, 0x000000010f028b70]
Event: 86.472 Thread 0x00007f92a2016800 5286       4       java.util.Formatter::checkText (58 bytes)
Event: 86.475 Thread 0x00007f92a2016800 nmethod 5286 0x000000010f02b990 code [0x000000010f02bae0, 0x000000010f02bcb8]
Event: 90.166 Thread 0x00007f92a402d000 5287       3       java.util.regex.Pattern$5::isSatisfiedBy (28 bytes)
Event: 90.166 Thread 0x00007f92a402d000 nmethod 5287 0x000000010f02b350 code [0x000000010f02b4e0, 0x000000010f02b878]

GC Heap History (10 events):
Event: 11.531 GC heap before
{Heap before GC invocations=5 (full 1):
 PSYoungGen      total 141824K, used 10740K [0x000000076ab00000, 0x0000000774000000, 0x00000007c0000000)
  eden space 131072K, 0% used [0x000000076ab00000,0x000000076ab00000,0x0000000772b00000)
  from space 10752K, 99% used [0x0000000773580000,0x0000000773ffd138,0x0000000774000000)
  to   space 10752K, 0% used [0x0000000772b00000,0x0000000772b00000,0x0000000773580000)
 ParOldGen       total 175104K, used 2824K [0x00000006c0000000, 0x00000006cab00000, 0x000000076ab00000)
  object space 175104K, 1% used [0x00000006c0000000,0x00000006c02c22d0,0x00000006cab00000)
 Metaspace       used 20902K, capacity 21198K, committed 21296K, reserved 1069056K
  class space    used 2554K, capacity 2646K, committed 2688K, reserved 1048576K
Event: 11.562 GC heap after
Heap after GC invocations=5 (full 1):
 PSYoungGen      total 141824K, used 0K [0x000000076ab00000, 0x0000000774000000, 0x00000007c0000000)
  eden space 131072K, 0% used [0x000000076ab00000,0x000000076ab00000,0x0000000772b00000)
  from space 10752K, 0% used [0x0000000773580000,0x0000000773580000,0x0000000774000000)
  to   space 10752K, 0% used [0x0000000772b00000,0x0000000772b00000,0x0000000773580000)
 ParOldGen       total 84480K, used 11042K [0x00000006c0000000, 0x00000006c5280000, 0x000000076ab00000)
  object space 84480K, 13% used [0x00000006c0000000,0x00000006c0ac8818,0x00000006c5280000)
 Metaspace       used 20902K, capacity 21198K, committed 21296K, reserved 1069056K
  class space    used 2554K, capacity 2646K, committed 2688K, reserved 1048576K
}
Event: 12.365 GC heap before
{Heap before GC invocations=6 (full 1):
 PSYoungGen      total 141824K, used 131072K [0x000000076ab00000, 0x0000000774000000, 0x00000007c0000000)
  eden space 131072K, 100% used [0x000000076ab00000,0x0000000772b00000,0x0000000772b00000)
  from space 10752K, 0% used [0x0000000773580000,0x0000000773580000,0x0000000774000000)
  to   space 10752K, 0% used [0x0000000772b00000,0x0000000772b00000,0x0000000773580000)
 ParOldGen       total 84480K, used 11042K [0x00000006c0000000, 0x00000006c5280000, 0x000000076ab00000)
  object space 84480K, 13% used [0x00000006c0000000,0x00000006c0ac8818,0x00000006c5280000)
 Metaspace       used 27700K, capacity 28050K, committed 28416K, reserved 1075200K
  class space    used 3415K, capacity 3516K, committed 3584K, reserved 1048576K
Event: 12.378 GC heap after
Heap after GC invocations=6 (full 1):
 PSYoungGen      total 141824K, used 10738K [0x000000076ab00000, 0x000000077c580000, 0x00000007c0000000)
  eden space 131072K, 0% used [0x000000076ab00000,0x000000076ab00000,0x0000000772b00000)
  from space 10752K, 99% used [0x0000000772b00000,0x000000077357c948,0x0000000773580000)
  to   space 19456K, 0% used [0x000000077b280000,0x000000077b280000,0x000000077c580000)
 ParOldGen       total 84480K, used 21748K [0x00000006c0000000, 0x00000006c5280000, 0x000000076ab00000)
  object space 84480K, 25% used [0x00000006c0000000,0x00000006c153d120,0x00000006c5280000)
 Metaspace       used 27700K, capacity 28050K, committed 28416K, reserved 1075200K
  class space    used 3415K, capacity 3516K, committed 3584K, reserved 1048576K
}
Event: 13.096 GC heap before
{Heap before GC invocations=7 (full 1):
 PSYoungGen      total 141824K, used 141810K [0x000000076ab00000, 0x000000077c580000, 0x00000007c0000000)
  eden space 131072K, 100% used [0x000000076ab00000,0x0000000772b00000,0x0000000772b00000)
  from space 10752K, 99% used [0x0000000772b00000,0x000000077357c948,0x0000000773580000)
  to   space 19456K, 0% used [0x000000077b280000,0x000000077b280000,0x000000077c580000)
 ParOldGen       total 84480K, used 21748K [0x00000006c0000000, 0x00000006c5280000, 0x000000076ab00000)
  object space 84480K, 25% used [0x00000006c0000000,0x00000006c153d120,0x00000006c5280000)
 Metaspace       used 31257K, capacity 31682K, committed 32000K, reserved 1077248K
  class space    used 3884K, capacity 4004K, committed 4096K, reserved 1048576K
Event: 13.108 GC heap after
Heap after GC invocations=7 (full 1):
 PSYoungGen      total 266752K, used 12552K [0x000000076ab00000, 0x000000077c380000, 0x00000007c0000000)
  eden space 249344K, 0% used [0x000000076ab00000,0x000000076ab00000,0x0000000779e80000)
  from space 17408K, 72% used [0x000000077b280000,0x000000077bec2210,0x000000077c380000)
  to   space 18944K, 0% used [0x0000000779e80000,0x0000000779e80000,0x000000077b100000)
 ParOldGen       total 84480K, used 21756K [0x00000006c0000000, 0x00000006c5280000, 0x000000076ab00000)
  object space 84480K, 25% used [0x00000006c0000000,0x00000006c153f120,0x00000006c5280000)
 Metaspace       used 31257K, capacity 31682K, committed 32000K, reserved 1077248K
  class space    used 3884K, capacity 4004K, committed 4096K, reserved 1048576K
}
Event: 13.732 GC heap before
{Heap before GC invocations=8 (full 1):
 PSYoungGen      total 266752K, used 149814K [0x000000076ab00000, 0x000000077c380000, 0x00000007c0000000)
  eden space 249344K, 55% used [0x000000076ab00000,0x000000077310b750,0x0000000779e80000)
  from space 17408K, 72% used [0x000000077b280000,0x000000077bec2210,0x000000077c380000)
  to   space 18944K, 0% used [0x0000000779e80000,0x0000000779e80000,0x000000077b100000)
 ParOldGen       total 84480K, used 21756K [0x00000006c0000000, 0x00000006c5280000, 0x000000076ab00000)
  object space 84480K, 25% used [0x00000006c0000000,0x00000006c153f120,0x00000006c5280000)
 Metaspace       used 34875K, capacity 35296K, committed 35496K, reserved 1081344K
  class space    used 4412K, capacity 4521K, committed 4608K, reserved 1048576K
Event: 13.747 GC heap after
Heap after GC invocations=8 (full 1):
 PSYoungGen      total 268288K, used 17512K [0x000000076ab00000, 0x000000078a080000, 0x00000007c0000000)
  eden space 249344K, 0% used [0x000000076ab00000,0x000000076ab00000,0x0000000779e80000)
  from space 18944K, 92% used [0x0000000779e80000,0x000000077af9a168,0x000000077b100000)
  to   space 19968K, 0% used [0x0000000788d00000,0x0000000788d00000,0x000000078a080000)
 ParOldGen       total 84480K, used 21764K [0x00000006c0000000, 0x00000006c5280000, 0x000000076ab00000)
  object space 84480K, 25% used [0x00000006c0000000,0x00000006c1541120,0x00000006c5280000)
 Metaspace       used 34875K, capacity 35296K, committed 35496K, reserved 1081344K
  class space    used 4412K, capacity 4521K, committed 4608K, reserved 1048576K
}
Event: 13.747 GC heap before
{Heap before GC invocations=9 (full 2):
 PSYoungGen      total 268288K, used 17512K [0x000000076ab00000, 0x000000078a080000, 0x00000007c0000000)
  eden space 249344K, 0% used [0x000000076ab00000,0x000000076ab00000,0x0000000779e80000)
  from space 18944K, 92% used [0x0000000779e80000,0x000000077af9a168,0x000000077b100000)
  to   space 19968K, 0% used [0x0000000788d00000,0x0000000788d00000,0x000000078a080000)
 ParOldGen       total 84480K, used 21764K [0x00000006c0000000, 0x00000006c5280000, 0x000000076ab00000)
  object space 84480K, 25% used [0x00000006c0000000,0x00000006c1541120,0x00000006c5280000)
 Metaspace       used 34875K, capacity 35296K, committed 35496K, reserved 1081344K
  class space    used 4412K, capacity 4521K, committed 4608K, reserved 1048576K
Event: 13.812 GC heap after
Heap after GC invocations=9 (full 2):
 PSYoungGen      total 268288K, used 0K [0x000000076ab00000, 0x000000078a080000, 0x00000007c0000000)
  eden space 249344K, 0% used [0x000000076ab00000,0x000000076ab00000,0x0000000779e80000)
  from space 18944K, 0% used [0x0000000779e80000,0x0000000779e80000,0x000000077b100000)
  to   space 19968K, 0% used [0x0000000788d00000,0x0000000788d00000,0x000000078a080000)
 ParOldGen       total 135168K, used 27827K [0x00000006c0000000, 0x00000006c8400000, 0x000000076ab00000)
  object space 135168K, 20% used [0x00000006c0000000,0x00000006c1b2cc28,0x00000006c8400000)
 Metaspace       used 34875K, capacity 35296K, committed 35496K, reserved 1081344K
  class space    used 4412K, capacity 4521K, committed 4608K, reserved 1048576K
}

Deoptimization events (10 events):
Event: 48.384 Thread 0x00007f92a770a800 Uncommon trap: reason=class_check action=maybe_recompile pc=0x000000010ea20958 method=java.util.AbstractList$Itr.hasNext()Z @ 8
Event: 48.384 Thread 0x00007f92a770a800 Uncommon trap: reason=class_check action=maybe_recompile pc=0x000000010ea16e20 method=java.util.AbstractList$Itr.next()Ljava/lang/Object; @ 14
Event: 48.384 Thread 0x00007f92a770a800 Uncommon trap: reason=unstable_if action=reinterpret pc=0x000000010ef13f00 method=org.springframework.core.annotation.AnnotationUtils.synthesizeAnnotation(Ljava/lang/annotation/Annotation;Ljava/lang/Object;)Ljava/lang/annotation/Annotation; @ 10
Event: 48.386 Thread 0x00007f92a770a800 Uncommon trap: reason=unstable_if action=reinterpret pc=0x000000010ef427a0 method=java.lang.CharacterDataLatin1.digit(II)I @ 82
Event: 48.390 Thread 0x00007f92a770a800 Uncommon trap: reason=unstable_if action=reinterpret pc=0x000000010ef4fdb8 method=java.lang.CharacterDataLatin1.digit(II)I @ 60
Event: 48.525 Thread 0x00007f92a770a800 Uncommon trap: reason=unstable_if action=reinterpret pc=0x000000010ea3bd68 method=java.lang.StringCoding.encode(Ljava/lang/String;[CII)[B @ 38
Event: 48.525 Thread 0x00007f92a770a800 Uncommon trap: reason=class_check action=maybe_recompile pc=0x000000010e36e9c8 method=java.lang.StringCoding$StringEncoder.encode([CII)[B @ 30
Event: 56.979 Thread 0x00007f92a8500000 Uncommon trap: reason=class_check action=maybe_recompile pc=0x000000010e36e9c8 method=java.lang.StringCoding$StringEncoder.encode([CII)[B @ 30
Event: 57.055 Thread 0x00007f92a8500000 Uncommon trap: reason=class_check action=maybe_recompile pc=0x000000010e36e9c8 method=java.lang.StringCoding$StringEncoder.encode([CII)[B @ 30
Event: 72.156 Thread 0x00007f92a7632000 Uncommon trap: reason=class_check action=maybe_recompile pc=0x000000010e36e9c8 method=java.lang.StringCoding$StringEncoder.encode([CII)[B @ 30

Internal exceptions (10 events):
Event: 16.966 Thread 0x00007f92a9002800 Exception <a 'java/lang/ClassNotFoundException': org/springframework/web/servlet/theme/AbstractThemeResolverCustomizer> (0x000000076e3ea9f0) thrown at [/Users/java_re/workspace/8-2-build-macosx-x86_64/jdk8u65/4987/hotspot/src/share/vm/classfile/systemDict
Event: 16.966 Thread 0x00007f92a9002800 Exception <a 'java/lang/ClassNotFoundException': org/springframework/web/servlet/theme/FixedThemeResolverCustomizer> (0x000000076e409870) thrown at [/Users/java_re/workspace/8-2-build-macosx-x86_64/jdk8u65/4987/hotspot/src/share/vm/classfile/systemDiction
Event: 16.967 Thread 0x00007f92a9002800 Exception <a 'java/lang/ClassNotFoundException': org/springframework/web/servlet/ThemeResolverCustomizer> (0x000000076e425a00) thrown at [/Users/java_re/workspace/8-2-build-macosx-x86_64/jdk8u65/4987/hotspot/src/share/vm/classfile/systemDictionary.cpp, li
Event: 16.969 Thread 0x00007f92a9002800 Exception <a 'java/lang/ClassNotFoundException': java/lang/ObjectCustomizer> (0x000000076e445188) thrown at [/Users/java_re/workspace/8-2-build-macosx-x86_64/jdk8u65/4987/hotspot/src/share/vm/classfile/systemDictionary.cpp, line 210]
Event: 16.970 Thread 0x00007f92a9002800 Exception <a 'java/lang/ClassNotFoundException': org/springframework/web/servlet/view/DefaultRequestToViewNameTranslatorCustomizer> (0x000000076e468398) thrown at [/Users/java_re/workspace/8-2-build-macosx-x86_64/jdk8u65/4987/hotspot/src/share/vm/classfil
Event: 16.970 Thread 0x00007f92a9002800 Exception <a 'java/lang/ClassNotFoundException': org/springframework/web/servlet/RequestToViewNameTranslatorCustomizer> (0x000000076e496758) thrown at [/Users/java_re/workspace/8-2-build-macosx-x86_64/jdk8u65/4987/hotspot/src/share/vm/classfile/systemDict
Event: 16.972 Thread 0x00007f92a9002800 Exception <a 'java/lang/ClassNotFoundException': java/lang/ObjectCustomizer> (0x000000076e4c6a60) thrown at [/Users/java_re/workspace/8-2-build-macosx-x86_64/jdk8u65/4987/hotspot/src/share/vm/classfile/systemDictionary.cpp, line 210]
Event: 16.972 Thread 0x00007f92a9002800 Exception <a 'java/lang/ClassNotFoundException': org/springframework/web/servlet/support/AbstractFlashMapManagerCustomizer> (0x000000076e4e7a30) thrown at [/Users/java_re/workspace/8-2-build-macosx-x86_64/jdk8u65/4987/hotspot/src/share/vm/classfile/system
Event: 16.973 Thread 0x00007f92a9002800 Exception <a 'java/lang/ClassNotFoundException': org/springframework/web/servlet/support/SessionFlashMapManagerCustomizer> (0x000000076e50c888) thrown at [/Users/java_re/workspace/8-2-build-macosx-x86_64/jdk8u65/4987/hotspot/src/share/vm/classfile/systemD
Event: 16.973 Thread 0x00007f92a9002800 Exception <a 'java/lang/ClassNotFoundException': org/springframework/web/servlet/FlashMapManagerCustomizer> (0x000000076e528968) thrown at [/Users/java_re/workspace/8-2-build-macosx-x86_64/jdk8u65/4987/hotspot/src/share/vm/classfile/systemDictionary.cpp, 

Events (10 events):
Event: 77.111 Executing VM operation: RevokeBias
Event: 77.111 Executing VM operation: RevokeBias done
Event: 77.113 Executing VM operation: RevokeBias
Event: 77.113 Executing VM operation: RevokeBias done
Event: 77.279 Thread 0x00007f92a9005800 Thread added: 0x00007f92a9005800
Event: 77.279 Executing VM operation: RevokeBias
Event: 77.279 Executing VM operation: RevokeBias done
Event: 77.703 Thread 0x00007f92a7639000 Thread added: 0x00007f92a7639000
Event: 77.729 loading class kh/com/kshrd/hikvision/ServiceProvider
Event: 77.729 loading class kh/com/kshrd/hikvision/ServiceProvider done


Dynamic libraries:
0x00000000414c9000 	/System/Library/Frameworks/Cocoa.framework/Versions/A/Cocoa
0x00000000414c9000 	/System/Library/Frameworks/Security.framework/Versions/A/Security
0x00000000414c9000 	/System/Library/Frameworks/ApplicationServices.framework/Versions/A/ApplicationServices
0x00000000414c9000 	/usr/lib/libz.1.dylib
0x00000000414c9000 	/usr/lib/libSystem.B.dylib
0x00000000414c9000 	/usr/lib/libobjc.A.dylib
0x00000000414c9000 	/System/Library/Frameworks/CoreFoundation.framework/Versions/A/CoreFoundation
0x00000000414c9000 	/System/Library/Frameworks/Foundation.framework/Versions/C/Foundation
0x00000000414c9000 	/System/Library/Frameworks/AppKit.framework/Versions/C/AppKit
0x00000000414c9000 	/System/Library/Frameworks/CoreData.framework/Versions/A/CoreData
0x00000000414c9000 	/System/Library/PrivateFrameworks/RemoteViewServices.framework/Versions/A/RemoteViewServices
0x00000000414c9000 	/System/Library/PrivateFrameworks/UIFoundation.framework/Versions/A/UIFoundation
0x00000000414c9000 	/System/Library/PrivateFrameworks/DFRFoundation.framework/Versions/A/DFRFoundation
0x00000000414c9000 	/usr/lib/libenergytrace.dylib
0x00000000414c9000 	/System/Library/PrivateFrameworks/SkyLight.framework/Versions/A/SkyLight
0x00000000414c9000 	/System/Library/Frameworks/CoreGraphics.framework/Versions/A/CoreGraphics
0x00000000414c9000 	/usr/lib/libScreenReader.dylib
0x00000000414c9000 	/System/Library/Frameworks/Accelerate.framework/Versions/A/Accelerate
0x00000000414c9000 	/System/Library/Frameworks/IOSurface.framework/Versions/A/IOSurface
0x00000000414c9000 	/System/Library/Frameworks/AudioToolbox.framework/Versions/A/AudioToolbox
0x00000000414c9000 	/System/Library/Frameworks/AudioUnit.framework/Versions/A/AudioUnit
0x00000000414c9000 	/System/Library/PrivateFrameworks/DataDetectorsCore.framework/Versions/A/DataDetectorsCore
0x00000000414c9000 	/System/Library/PrivateFrameworks/DesktopServicesPriv.framework/Versions/A/DesktopServicesPriv
0x00000000414c9000 	/System/Library/Frameworks/Carbon.framework/Versions/A/Frameworks/HIToolbox.framework/Versions/A/HIToolbox
0x00000000414c9000 	/usr/lib/libicucore.A.dylib
0x00000000414c9000 	/System/Library/Frameworks/QuartzCore.framework/Versions/A/QuartzCore
0x00000000414c9000 	/System/Library/Frameworks/Carbon.framework/Versions/A/Frameworks/SpeechRecognition.framework/Versions/A/SpeechRecognition
0x00000000414c9000 	/usr/lib/libauto.dylib
0x00000000414c9000 	/usr/lib/libxml2.2.dylib
0x00000000414c9000 	/System/Library/PrivateFrameworks/CoreUI.framework/Versions/A/CoreUI
0x00000000414c9000 	/System/Library/Frameworks/CoreAudio.framework/Versions/A/CoreAudio
0x00000000414c9000 	/System/Library/Frameworks/DiskArbitration.framework/Versions/A/DiskArbitration
0x00000000414c9000 	/usr/lib/liblangid.dylib
0x00000000414c9000 	/System/Library/PrivateFrameworks/MultitouchSupport.framework/Versions/A/MultitouchSupport
0x00000000414c9000 	/System/Library/Frameworks/IOKit.framework/Versions/A/IOKit
0x00000000414c9000 	/usr/lib/libDiagnosticMessagesClient.dylib
0x00000000414c9000 	/System/Library/Frameworks/CoreServices.framework/Versions/A/CoreServices
0x00000000414c9000 	/System/Library/PrivateFrameworks/PerformanceAnalysis.framework/Versions/A/PerformanceAnalysis
0x00000000414c9000 	/System/Library/PrivateFrameworks/GenerationalStorage.framework/Versions/A/GenerationalStorage
0x00000000414c9000 	/System/Library/Frameworks/OpenGL.framework/Versions/A/OpenGL
0x00000000414c9000 	/System/Library/Frameworks/CoreImage.framework/Versions/A/CoreImage
0x00000000414c9000 	/System/Library/Frameworks/CoreText.framework/Versions/A/CoreText
0x00000000414c9000 	/System/Library/Frameworks/ImageIO.framework/Versions/A/ImageIO
0x00000000414c9000 	/System/Library/PrivateFrameworks/Backup.framework/Versions/A/Backup
0x00000000414c9000 	/usr/lib/libarchive.2.dylib
0x00000000414c9000 	/System/Library/Frameworks/CFNetwork.framework/Versions/A/CFNetwork
0x00000000414c9000 	/System/Library/Frameworks/SystemConfiguration.framework/Versions/A/SystemConfiguration
0x00000000414c9000 	/usr/lib/libCRFSuite.dylib
0x00000000414c9000 	/usr/lib/libc++.1.dylib
0x00000000414c9000 	/usr/lib/libc++abi.dylib
0x00000000414c9000 	/usr/lib/system/libcache.dylib
0x00000000414c9000 	/usr/lib/system/libcommonCrypto.dylib
0x00000000414c9000 	/usr/lib/system/libcompiler_rt.dylib
0x00000000414c9000 	/usr/lib/system/libcopyfile.dylib
0x00000000414c9000 	/usr/lib/system/libcorecrypto.dylib
0x00000000414c9000 	/usr/lib/system/libdispatch.dylib
0x00000000414c9000 	/usr/lib/system/libdyld.dylib
0x00000000414c9000 	/usr/lib/system/libkeymgr.dylib
0x00000000414c9000 	/usr/lib/system/liblaunch.dylib
0x00000000414c9000 	/usr/lib/system/libmacho.dylib
0x00000000414c9000 	/usr/lib/system/libquarantine.dylib
0x00000000414c9000 	/usr/lib/system/libremovefile.dylib
0x00000000414c9000 	/usr/lib/system/libsystem_asl.dylib
0x00000000414c9000 	/usr/lib/system/libsystem_blocks.dylib
0x00000000414c9000 	/usr/lib/system/libsystem_c.dylib
0x00000000414c9000 	/usr/lib/system/libsystem_configuration.dylib
0x00000000414c9000 	/usr/lib/system/libsystem_coreservices.dylib
0x00000000414c9000 	/usr/lib/system/libsystem_coretls.dylib
0x00000000414c9000 	/usr/lib/system/libsystem_dnssd.dylib
0x00000000414c9000 	/usr/lib/system/libsystem_info.dylib
0x00000000414c9000 	/usr/lib/system/libsystem_kernel.dylib
0x00000000414c9000 	/usr/lib/system/libsystem_m.dylib
0x00000000414c9000 	/usr/lib/system/libsystem_malloc.dylib
0x00000000414c9000 	/usr/lib/system/libsystem_network.dylib
0x00000000414c9000 	/usr/lib/system/libsystem_networkextension.dylib
0x00000000414c9000 	/usr/lib/system/libsystem_notify.dylib
0x00000000414c9000 	/usr/lib/system/libsystem_platform.dylib
0x00000000414c9000 	/usr/lib/system/libsystem_pthread.dylib
0x00000000414c9000 	/usr/lib/system/libsystem_sandbox.dylib
0x00000000414c9000 	/usr/lib/system/libsystem_secinit.dylib
0x00000000414c9000 	/usr/lib/system/libsystem_symptoms.dylib
0x00000000414c9000 	/usr/lib/system/libsystem_trace.dylib
0x00000000414c9000 	/usr/lib/system/libunwind.dylib
0x00000000414c9000 	/usr/lib/system/libxpc.dylib
0x00000000414c9000 	/usr/lib/libbsm.0.dylib
0x00000000414c9000 	/usr/lib/system/libkxld.dylib
0x00000000414c9000 	/usr/lib/libcoretls.dylib
0x00000000414c9000 	/usr/lib/libcoretls_cfhelpers.dylib
0x00000000414c9000 	/usr/lib/libxar.1.dylib
0x00000000414c9000 	/usr/lib/libsqlite3.dylib
0x00000000414c9000 	/usr/lib/libpam.2.dylib
0x00000000414c9000 	/usr/lib/libOpenScriptingUtil.dylib
0x00000000414c9000 	/usr/lib/libbz2.1.0.dylib
0x00000000414c9000 	/usr/lib/liblzma.5.dylib
0x00000000414c9000 	/usr/lib/libnetwork.dylib
0x00000000414c9000 	/usr/lib/libpcap.A.dylib
0x00000000414c9000 	/System/Library/Frameworks/CoreServices.framework/Versions/A/Frameworks/FSEvents.framework/Versions/A/FSEvents
0x00000000414c9000 	/System/Library/Frameworks/CoreServices.framework/Versions/A/Frameworks/CarbonCore.framework/Versions/A/CarbonCore
0x00000000414c9000 	/System/Library/Frameworks/CoreServices.framework/Versions/A/Frameworks/Metadata.framework/Versions/A/Metadata
0x00000000414c9000 	/System/Library/Frameworks/CoreServices.framework/Versions/A/Frameworks/OSServices.framework/Versions/A/OSServices
0x00000000414c9000 	/System/Library/Frameworks/CoreServices.framework/Versions/A/Frameworks/SearchKit.framework/Versions/A/SearchKit
0x00000000414c9000 	/System/Library/Frameworks/CoreServices.framework/Versions/A/Frameworks/AE.framework/Versions/A/AE
0x00000000414c9000 	/System/Library/Frameworks/CoreServices.framework/Versions/A/Frameworks/LaunchServices.framework/Versions/A/LaunchServices
0x00000000414c9000 	/System/Library/Frameworks/CoreServices.framework/Versions/A/Frameworks/DictionaryServices.framework/Versions/A/DictionaryServices
0x00000000414c9000 	/System/Library/Frameworks/CoreServices.framework/Versions/A/Frameworks/SharedFileList.framework/Versions/A/SharedFileList
0x00000000414c9000 	/System/Library/Frameworks/NetFS.framework/Versions/A/NetFS
0x00000000414c9000 	/System/Library/PrivateFrameworks/NetAuth.framework/Versions/A/NetAuth
0x00000000414c9000 	/System/Library/PrivateFrameworks/login.framework/Versions/A/Frameworks/loginsupport.framework/Versions/A/loginsupport
0x00000000414c9000 	/System/Library/PrivateFrameworks/TCC.framework/Versions/A/TCC
0x00000000414c9000 	/usr/lib/libmecabra.dylib
0x00000000414c9000 	/System/Library/Frameworks/ApplicationServices.framework/Versions/A/Frameworks/ATS.framework/Versions/A/ATS
0x00000000414c9000 	/System/Library/Frameworks/ApplicationServices.framework/Versions/A/Frameworks/ColorSync.framework/Versions/A/ColorSync
0x00000000414c9000 	/System/Library/Frameworks/ApplicationServices.framework/Versions/A/Frameworks/HIServices.framework/Versions/A/HIServices
0x00000000414c9000 	/System/Library/Frameworks/ApplicationServices.framework/Versions/A/Frameworks/LangAnalysis.framework/Versions/A/LangAnalysis
0x00000000414c9000 	/System/Library/Frameworks/ApplicationServices.framework/Versions/A/Frameworks/PrintCore.framework/Versions/A/PrintCore
0x00000000414c9000 	/System/Library/Frameworks/ApplicationServices.framework/Versions/A/Frameworks/QD.framework/Versions/A/QD
0x00000000414c9000 	/System/Library/Frameworks/ApplicationServices.framework/Versions/A/Frameworks/SpeechSynthesis.framework/Versions/A/SpeechSynthesis
0x00000000414c9000 	/System/Library/Frameworks/Accelerate.framework/Versions/A/Frameworks/vImage.framework/Versions/A/vImage
0x00000000414c9000 	/System/Library/Frameworks/Accelerate.framework/Versions/A/Frameworks/vecLib.framework/Versions/A/vecLib
0x00000000414c9000 	/System/Library/Frameworks/Accelerate.framework/Versions/A/Frameworks/vecLib.framework/Versions/A/libvDSP.dylib
0x00000000414c9000 	/System/Library/Frameworks/Accelerate.framework/Versions/A/Frameworks/vecLib.framework/Versions/A/libBNNS.dylib
0x00000000414c9000 	/System/Library/Frameworks/Accelerate.framework/Versions/A/Frameworks/vecLib.framework/Versions/A/libQuadrature.dylib
0x00000000414c9000 	/System/Library/Frameworks/Accelerate.framework/Versions/A/Frameworks/vecLib.framework/Versions/A/libvMisc.dylib
0x00000000414c9000 	/System/Library/Frameworks/Accelerate.framework/Versions/A/Frameworks/vecLib.framework/Versions/A/libLAPACK.dylib
0x00000000414c9000 	/System/Library/Frameworks/Accelerate.framework/Versions/A/Frameworks/vecLib.framework/Versions/A/libBLAS.dylib
0x00000000414c9000 	/System/Library/Frameworks/Accelerate.framework/Versions/A/Frameworks/vecLib.framework/Versions/A/libLinearAlgebra.dylib
0x00000000414c9000 	/System/Library/Frameworks/Accelerate.framework/Versions/A/Frameworks/vecLib.framework/Versions/A/libSparseBLAS.dylib
0x00000000414c9000 	/System/Library/Frameworks/ApplicationServices.framework/Versions/A/Frameworks/ATS.framework/Versions/A/Resources/libFontParser.dylib
0x00000000414c9000 	/System/Library/Frameworks/ApplicationServices.framework/Versions/A/Frameworks/ATS.framework/Versions/A/Resources/libFontRegistry.dylib
0x00000000414c9000 	/System/Library/Frameworks/ImageIO.framework/Versions/A/Resources/libJPEG.dylib
0x00000000414c9000 	/System/Library/Frameworks/ImageIO.framework/Versions/A/Resources/libTIFF.dylib
0x00000000414c9000 	/System/Library/Frameworks/ImageIO.framework/Versions/A/Resources/libPng.dylib
0x00000000414c9000 	/System/Library/Frameworks/ImageIO.framework/Versions/A/Resources/libGIF.dylib
0x00000000414c9000 	/System/Library/Frameworks/ImageIO.framework/Versions/A/Resources/libJP2.dylib
0x00000000414c9000 	/System/Library/Frameworks/ImageIO.framework/Versions/A/Resources/libRadiance.dylib
0x00000000414c9000 	/usr/lib/libcompression.dylib
0x00000000414c9000 	/System/Library/PrivateFrameworks/AppleJPEG.framework/Versions/A/AppleJPEG
0x00000000414c9000 	/usr/lib/libcups.2.dylib
0x00000000414c9000 	/System/Library/Frameworks/Kerberos.framework/Versions/A/Kerberos
0x00000000414c9000 	/System/Library/Frameworks/GSS.framework/Versions/A/GSS
0x00000000414c9000 	/usr/lib/libresolv.9.dylib
0x00000000414c9000 	/usr/lib/libiconv.2.dylib
0x00000000414c9000 	/System/Library/PrivateFrameworks/Heimdal.framework/Versions/A/Heimdal
0x00000000414c9000 	/usr/lib/libheimdal-asn1.dylib
0x00000000414c9000 	/System/Library/Frameworks/OpenDirectory.framework/Versions/A/OpenDirectory
0x00000000414c9000 	/System/Library/PrivateFrameworks/CommonAuth.framework/Versions/A/CommonAuth
0x00000000414c9000 	/System/Library/Frameworks/OpenDirectory.framework/Versions/A/Frameworks/CFOpenDirectory.framework/Versions/A/CFOpenDirectory
0x00000000414c9000 	/System/Library/Frameworks/SecurityFoundation.framework/Versions/A/SecurityFoundation
0x00000000414c9000 	/System/Library/PrivateFrameworks/LanguageModeling.framework/Versions/A/LanguageModeling
0x00000000414c9000 	/usr/lib/libmarisa.dylib
0x00000000414c9000 	/usr/lib/libChineseTokenizer.dylib
0x00000000414c9000 	/usr/lib/libcmph.dylib
0x00000000414c9000 	/System/Library/PrivateFrameworks/CoreEmoji.framework/Versions/A/CoreEmoji
0x00000000414c9000 	/System/Library/Frameworks/ServiceManagement.framework/Versions/A/ServiceManagement
0x00000000414c9000 	/usr/lib/libxslt.1.dylib
0x00000000414c9000 	/System/Library/Frameworks/Carbon.framework/Versions/A/Frameworks/Ink.framework/Versions/A/Ink
0x00000000414c9000 	/System/Library/PrivateFrameworks/TextureIO.framework/Versions/A/TextureIO
0x00000000414c9000 	/System/Library/Frameworks/Metal.framework/Versions/A/Metal
0x00000000414c9000 	/usr/lib/libate.dylib
0x00000000414c9000 	/System/Library/PrivateFrameworks/GPUCompiler.framework/libmetal_timestamp.dylib
0x00000000414c9000 	/System/Library/Frameworks/OpenGL.framework/Versions/A/Libraries/libCoreFSCache.dylib
0x00000000414c9000 	/System/Library/PrivateFrameworks/IOAccelerator.framework/Versions/A/IOAccelerator
0x00000000414c9000 	/System/Library/Frameworks/CoreVideo.framework/Versions/A/CoreVideo
0x00000000414c9000 	/usr/lib/libFosl_dynamic.dylib
0x00000000414c9000 	/System/Library/PrivateFrameworks/MetalPerformanceShaders.framework/Versions/A/MetalPerformanceShaders
0x00000000414c9000 	/System/Library/PrivateFrameworks/FaceCore.framework/Versions/A/FaceCore
0x00000000414c9000 	/System/Library/Frameworks/OpenCL.framework/Versions/A/OpenCL
0x00000000414c9000 	/System/Library/Frameworks/OpenGL.framework/Versions/A/Libraries/libGLU.dylib
0x00000000414c9000 	/System/Library/Frameworks/OpenGL.framework/Versions/A/Libraries/libGFXShared.dylib
0x00000000414c9000 	/System/Library/Frameworks/OpenGL.framework/Versions/A/Libraries/libGL.dylib
0x00000000414c9000 	/System/Library/Frameworks/OpenGL.framework/Versions/A/Libraries/libGLImage.dylib
0x00000000414c9000 	/System/Library/Frameworks/OpenGL.framework/Versions/A/Libraries/libCVMSPluginSupport.dylib
0x00000000414c9000 	/System/Library/Frameworks/OpenGL.framework/Versions/A/Libraries/libCoreVMClient.dylib
0x00000000414c9000 	/System/Library/PrivateFrameworks/CrashReporterSupport.framework/Versions/A/CrashReporterSupport
0x00000000414c9000 	/System/Library/PrivateFrameworks/Sharing.framework/Versions/A/Sharing
0x00000000414c9000 	/System/Library/PrivateFrameworks/IconServices.framework/Versions/A/IconServices
0x00000000414c9000 	/System/Library/PrivateFrameworks/ProtocolBuffer.framework/Versions/A/ProtocolBuffer
0x00000000414c9000 	/System/Library/PrivateFrameworks/Apple80211.framework/Versions/A/Apple80211
0x00000000414c9000 	/System/Library/Frameworks/CoreWLAN.framework/Versions/A/CoreWLAN
0x00000000414c9000 	/System/Library/PrivateFrameworks/CoreUtils.framework/Versions/A/CoreUtils
0x00000000414c9000 	/System/Library/Frameworks/IOBluetooth.framework/Versions/A/IOBluetooth
0x00000000414c9000 	/System/Library/PrivateFrameworks/CoreWiFi.framework/Versions/A/CoreWiFi
0x00000000414c9000 	/System/Library/Frameworks/CoreBluetooth.framework/Versions/A/CoreBluetooth
0x00000000414c9000 	/System/Library/Frameworks/CoreDisplay.framework/Versions/A/CoreDisplay
0x00000000414c9000 	/System/Library/PrivateFrameworks/IOPresentment.framework/Versions/A/IOPresentment
0x00000000414c9000 	/System/Library/PrivateFrameworks/DebugSymbols.framework/Versions/A/DebugSymbols
0x00000000414c9000 	/System/Library/PrivateFrameworks/CoreSymbolication.framework/Versions/A/CoreSymbolication
0x00000000414c9000 	/System/Library/PrivateFrameworks/Symbolication.framework/Versions/A/Symbolication
0x00000000414c9000 	/System/Library/PrivateFrameworks/AppleFSCompression.framework/Versions/A/AppleFSCompression
0x00000000414c9000 	/System/Library/PrivateFrameworks/SpeechRecognitionCore.framework/Versions/A/SpeechRecognitionCore
0x00000000414c9000 	/System/Library/PrivateFrameworks/ChunkingLibrary.framework/Versions/A/ChunkingLibrary
0x0000000106600000 	/Library/Java/JavaVirtualMachines/jdk1.8.0_65.jdk/Contents/Home/jre/lib/server/libjvm.dylib
0x00000000414c9000 	/usr/lib/libstdc++.6.dylib
0x0000000105439000 	/Library/Java/JavaVirtualMachines/jdk1.8.0_65.jdk/Contents/Home/jre/lib/libverify.dylib
0x0000000105447000 	/Library/Java/JavaVirtualMachines/jdk1.8.0_65.jdk/Contents/Home/jre/lib/libjava.dylib
0x0000000105486000 	/Library/Java/JavaVirtualMachines/jdk1.8.0_65.jdk/Contents/Home/jre/lib/libzip.dylib
0x000000010b4d5000 	/System/Library/Frameworks/JavaVM.framework/Frameworks/JavaRuntimeSupport.framework/JavaRuntimeSupport
0x000000010b4ef000 	/System/Library/Frameworks/JavaVM.framework/Versions/A/Frameworks/JavaNativeFoundation.framework/Versions/A/JavaNativeFoundation
0x000000010b504000 	/System/Library/Frameworks/JavaVM.framework/Versions/A/JavaVM
0x00000000414c9000 	/System/Library/Frameworks/Carbon.framework/Versions/A/Carbon
0x000000010b511000 	/System/Library/PrivateFrameworks/JavaLaunching.framework/Versions/A/JavaLaunching
0x00000000414c9000 	/System/Library/Frameworks/Carbon.framework/Versions/A/Frameworks/CommonPanels.framework/Versions/A/CommonPanels
0x00000000414c9000 	/System/Library/Frameworks/Carbon.framework/Versions/A/Frameworks/Help.framework/Versions/A/Help
0x00000000414c9000 	/System/Library/Frameworks/Carbon.framework/Versions/A/Frameworks/ImageCapture.framework/Versions/A/ImageCapture
0x00000000414c9000 	/System/Library/Frameworks/Carbon.framework/Versions/A/Frameworks/OpenScripting.framework/Versions/A/OpenScripting
0x00000000414c9000 	/System/Library/Frameworks/Carbon.framework/Versions/A/Frameworks/Print.framework/Versions/A/Print
0x00000000414c9000 	/System/Library/Frameworks/Carbon.framework/Versions/A/Frameworks/SecurityHI.framework/Versions/A/SecurityHI
0x000000010b897000 	/Applications/IntelliJ IDEA.app/Contents/bin/libbreakgen64.jnilib
0x000000010b89a000 	/Library/Java/JavaVirtualMachines/jdk1.8.0_65.jdk/Contents/Home/jre/lib/libnet.dylib
0x000000010b8f9000 	/Library/Java/JavaVirtualMachines/jdk1.8.0_65.jdk/Contents/Home/jre/lib/libmanagement.dylib
0x000000010b9f1000 	/Library/Java/JavaVirtualMachines/jdk1.8.0_65.jdk/Contents/Home/jre/lib/libnio.dylib
0x000000010b92e000 	/Users/sophatvathana/Desktop/Project/ipcam/IPCAM-VIDEO-STREAMING-API/native/mac/x86_64/strmrecv.dylib
0x000000010d8e9000 	/Users/sophatvathana/Desktop/Project/ipcam/IPCAM-VIDEO-STREAMING-API/native/mac/x86_64/libavutil.55.dylib
0x00000000414c9000 	/System/Library/Frameworks/AVFoundation.framework/Versions/A/AVFoundation
0x00000000414c9000 	/System/Library/Frameworks/CoreMedia.framework/Versions/A/CoreMedia
0x00000000414c9000 	/System/Library/Frameworks/VideoToolbox.framework/Versions/A/VideoToolbox
0x000000010b935000 	/System/Library/Frameworks/VideoDecodeAcceleration.framework/Versions/A/VideoDecodeAcceleration
0x00000000414c9000 	/System/Library/Frameworks/AVFoundation.framework/Versions/A/Frameworks/AVFAudio.framework/Versions/A/AVFAudio
0x00000000414c9000 	/System/Library/Frameworks/MediaToolbox.framework/Versions/A/MediaToolbox
0x00000000414c9000 	/System/Library/PrivateFrameworks/IntlPreferences.framework/Versions/A/IntlPreferences
0x00000000414c9000 	/System/Library/Frameworks/CoreMediaIO.framework/Versions/A/CoreMediaIO
0x00000000414c9000 	/usr/lib/libspindump.dylib
0x00000000414c9000 	/usr/lib/libdscsym.dylib
0x00000000414c9000 	/System/Library/PrivateFrameworks/CoreAVCHD.framework/Versions/A/CoreAVCHD
0x00000000414c9000 	/System/Library/Frameworks/MediaAccessibility.framework/Versions/A/MediaAccessibility
0x00000000414c9000 	/System/Library/PrivateFrameworks/Mangrove.framework/Versions/A/Mangrove
0x00000000414c9000 	/System/Library/PrivateFrameworks/CoreAUC.framework/Versions/A/CoreAUC
0x00000000414c9000 	/System/Library/PrivateFrameworks/AppleVA.framework/Versions/A/AppleVA
0x00000000414c9000 	/System/Library/PrivateFrameworks/XPCService.framework/Versions/A/XPCService
0x00000000414c9000 	/System/Library/PrivateFrameworks/AppSandbox.framework/Versions/A/AppSandbox
0x00000000414c9000 	/usr/lib/libsandbox.1.dylib
0x00000000414c9000 	/System/Library/PrivateFrameworks/AppContainer.framework/Versions/A/AppContainer
0x00000000414c9000 	/System/Library/PrivateFrameworks/SecCodeWrapper.framework/Versions/A/SecCodeWrapper
0x00000000414c9000 	/usr/lib/libMatch.1.dylib
0x000000010b93b000 	/Users/sophatvathana/Desktop/Project/ipcam/IPCAM-VIDEO-STREAMING-API/native/mac/x86_64/libswresample.2.dylib
0x00000001257d6000 	/Users/sophatvathana/Desktop/Project/ipcam/IPCAM-VIDEO-STREAMING-API/native/mac/x86_64/libavcodec.57.dylib
0x00000001250b5000 	/Users/sophatvathana/Desktop/Project/ipcam/IPCAM-VIDEO-STREAMING-API/native/mac/x86_64/libavformat.57.dylib
0x000000010c471000 	/Library/Java/JavaVirtualMachines/jdk1.8.0_65.jdk/Contents/Home/jre/lib/libsunec.dylib

VM Arguments:
jvm_args: -Dspring.output.ansi.enabled=always -Didea.launcher.port=7535 -Didea.launcher.bin.path=/Applications/IntelliJ IDEA.app/Contents/bin -Dfile.encoding=UTF-8 
java_command: com.intellij.rt.execution.application.AppMain kh.com.kshrd.ipcam.IpcamVideoStreamingApiApplication
java_class_path (initial): /Library/Java/JavaVirtualMachines/jdk1.8.0_65.jdk/Contents/Home/jre/lib/charsets.jar:/Library/Java/JavaVirtualMachines/jdk1.8.0_65.jdk/Contents/Home/jre/lib/deploy.jar:/Library/Java/JavaVirtualMachines/jdk1.8.0_65.jdk/Contents/Home/jre/lib/ext/cldrdata.jar:/Library/Java/JavaVirtualMachines/jdk1.8.0_65.jdk/Contents/Home/jre/lib/ext/dnsns.jar:/Library/Java/JavaVirtualMachines/jdk1.8.0_65.jdk/Contents/Home/jre/lib/ext/jaccess.jar:/Library/Java/JavaVirtualMachines/jdk1.8.0_65.jdk/Contents/Home/jre/lib/ext/jfxrt.jar:/Library/Java/JavaVirtualMachines/jdk1.8.0_65.jdk/Contents/Home/jre/lib/ext/localedata.jar:/Library/Java/JavaVirtualMachines/jdk1.8.0_65.jdk/Contents/Home/jre/lib/ext/nashorn.jar:/Library/Java/JavaVirtualMachines/jdk1.8.0_65.jdk/Contents/Home/jre/lib/ext/sunec.jar:/Library/Java/JavaVirtualMachines/jdk1.8.0_65.jdk/Contents/Home/jre/lib/ext/sunjce_provider.jar:/Library/Java/JavaVirtualMachines/jdk1.8.0_65.jdk/Contents/Home/jre/lib/ext/sunpkcs11.jar:/Library/Java/JavaVirtualMachines/jdk1.8.0_65.jdk/Contents/Home/jre/lib/ext/zipfs.jar:/Library/Java/JavaVirtualMachines/jdk1.8.0_65.jdk/Contents/Home/jre/lib/javaws.jar:/Library/Java/JavaVirtualMachines/jdk1.8.0_65.jdk/Contents/Home/jre/lib/jce.jar:/Library/Java/JavaVirtualMachines/jdk1.8.0_65.jdk/Contents/Home/jre/lib/jfr.jar:/Library/Java/JavaVirtualMachines/jdk1.8.0_65.jdk/Contents/Home/jre/lib/jfxswt.jar:/Library/Java/JavaVirtualMachines/jdk1.8.0_65.jdk/Contents/Home/jre/lib/jsse.jar:/Library/Java/JavaVirtualMachines/jdk1.8.0_65.jdk/Contents/Home/jre/lib/management-agent.jar:/Library/Java/JavaVirtualMachines/jdk1.8.0_65.jdk/Contents/Home/jre/lib/plugin.jar:/Library/Java/JavaVirtualMachines/jdk1.8.0_65.jdk/Contents/Home/jre/lib/resources.jar:/Library/Java/JavaVirtualMachines/jdk1.8.0_65.jdk/Contents/Home/jre/lib/rt.jar:/Library/Java/JavaVirtualMachines/jdk1.8.0_65.jdk/Contents/Home/lib/dt.jar:/Library/Java/JavaVirtualMachines/jdk1.8.0_65.jdk/Contents/Home/lib/javafx-mx.jar:/Library/Jav
Launcher Type: SUN_STANDARD

Environment Variables:
PATH=/Library/Frameworks/Python.framework/Versions/3.5/bin:/usr/local/bin:/usr/bin:/bin:/usr/sbin:/sbin
SHELL=/bin/zsh

Signal Handlers:
SIGSEGV: [libjvm.dylib+0x5a6d31], sa_mask[0]=11111111011111110111111111111111, sa_flags=SA_ONSTACK|SA_RESTART|SA_SIGINFO
SIGBUS: [libjvm.dylib+0x5a6d31], sa_mask[0]=11111111011111110111111111111111, sa_flags=SA_RESTART|SA_SIGINFO
SIGFPE: [libjvm.dylib+0x480a40], sa_mask[0]=11111111011111110111111111111111, sa_flags=SA_RESTART|SA_SIGINFO
SIGPIPE: [libjvm.dylib+0x480a40], sa_mask[0]=11111111011111110111111111111111, sa_flags=SA_RESTART|SA_SIGINFO
SIGXFSZ: [libjvm.dylib+0x480a40], sa_mask[0]=11111111011111110111111111111111, sa_flags=SA_RESTART|SA_SIGINFO
SIGILL: [libjvm.dylib+0x480a40], sa_mask[0]=11111111011111110111111111111111, sa_flags=SA_RESTART|SA_SIGINFO
SIGUSR1: SIG_DFL, sa_mask[0]=00000000000000000000000000000000, sa_flags=none
SIGUSR2: [libjvm.dylib+0x48055e], sa_mask[0]=00100000000000000000000000000000, sa_flags=SA_RESTART|SA_SIGINFO
SIGHUP: [libjvm.dylib+0x47eb35], sa_mask[0]=11111111011111110111111111111111, sa_flags=SA_RESTART|SA_SIGINFO
SIGINT: [libjvm.dylib+0x47eb35], sa_mask[0]=11111111011111110111111111111111, sa_flags=SA_RESTART|SA_SIGINFO
SIGTERM: [libjvm.dylib+0x47eb35], sa_mask[0]=11111111011111110111111111111111, sa_flags=SA_RESTART|SA_SIGINFO
SIGQUIT: [libjvm.dylib+0x47eb35], sa_mask[0]=11111111011111110111111111111111, sa_flags=SA_RESTART|SA_SIGINFO


---------------  S Y S T E M  ---------------

OS:Bsduname:Darwin 16.3.0 Darwin Kernel Version 16.3.0: Thu Nov 17 20:23:58 PST 2016; root:xnu-3789.31.2~1/RELEASE_X86_64 x86_64
rlimit: STACK 8192k, CORE 0k, NPROC 709, NOFILE 10240, AS infinity
load average:2.54 2.77 2.08

CPU:total 8 (4 cores per cpu, 2 threads per core) family 6 model 70 stepping 1, cmov, cx8, fxsr, mmx, sse, sse2, sse3, ssse3, sse4.1, sse4.2, popcnt, avx, avx2, aes, clmul, erms, lzcnt, ht, tsc, tscinvbit, bmi1, bmi2

Memory: 4k page, physical 16777216k(848656k free)

/proc/meminfo:


vm_info: Java HotSpot(TM) 64-Bit Server VM (25.65-b01) for bsd-amd64 JRE (1.8.0_65-b17), built on Oct  6 2015 15:36:46 by "java_re" with gcc 4.2.1 (Based on Apple Inc. build 5658) (LLVM build 2336.11.00)

time: Mon Dec 26 13:04:00 2016
elapsed time: 92 seconds (0d 0h 1m 32s)

