#
# A fatal error has been detected by the Java Runtime Environment:
#
#  SIGSEGV (0xb) at pc=0x000000012f07b751, pid=1135, tid=23811
#
# JRE version: Java(TM) SE Runtime Environment (8.0_65-b17) (build 1.8.0_65-b17)
# Java VM: Java HotSpot(TM) 64-Bit Server VM (25.65-b01 mixed mode bsd-amd64 compressed oops)
# Problematic frame:
# C  [libavutil.55.dylib+0x19751]  av_freep+0x1
#
# Failed to write core dump. Core dumps have been disabled. To enable core dumping, try "ulimit -c unlimited" before starting Java again
#
# If you would like to submit a bug report, please visit:
#   http://bugreport.java.com/bugreport/crash.jsp
# The crash happened outside the Java Virtual Machine in native code.
# See problematic frame for where to report the bug.
#

---------------  T H R E A D  ---------------

Current thread (0x00007f8fd4156000):  JavaThread "Thread-1" [_thread_in_native, id=23811, stack(0x0000700003114000,0x0000700003214000)]

siginfo: si_signo: 11 (SIGSEGV), si_code: 0 (unknown), si_addr: 0x0000000000000000

Registers:
RAX=0x000000012ed48500, RBX=0x0000000000000000, RCX=0x0000000000000000, RDX=0x00007f8fd0d36ad0
RSP=0x0000700003213700, RBP=0x0000700003213750, RSI=0x00007000032137e8, RDI=0x474e494d41455254
R8 =0x0000000000000004, R9 =0x00000000000009d8, R10=0x000000011d838100, R11=0x000000012f07b750
R12=0x0000000000000000, R13=0x00000001311c0cd8, R14=0x00007f8fd0d36b08, R15=0x00007f8fd0d36ad8
RIP=0x000000012f07b751, EFLAGS=0x0000000000010202, ERR=0x0000000000000000
  TRAPNO=0x000000000000000d

Top of Stack: (sp=0x0000700003213700)
0x0000700003213700:   000000012ed48500 000000013136170c
0x0000700003213710:   000000012ed48500 00007f8fd0d36ad0
0x0000700003213720:   0000000000000000 00007000032137e8
0x0000700003213730:   00007f8fd4156000 000000012ed47f32
0x0000700003213740:   00000001311c0cd8 00007000032137e8
0x0000700003213750:   00007000032137b8 000000011d899954
0x0000700003213760:   00007000032137b8 000000011d8996e7
0x0000700003213770:   000000011d8996a2 0000700003213778
0x0000700003213780:   00000001311c0cd8 00007000032137e8
0x0000700003213790:   00000001311c2d78 0000000000000000
0x00007000032137a0:   00000001311c0cd8 0000000000000000
0x00007000032137b0:   00007000032137d8 0000700003213830
0x00007000032137c0:   000000011d88bc4d 0000000000000000
0x00007000032137d0:   000000011d893578 00007f8fd0d36ad0
0x00007000032137e0:   00000006c0fc3b60 00000006c0fc3b60
0x00007000032137f0:   00007000032137f0 00000001311c0fe6
0x0000700003213800:   0000700003213840 00000001311c2d78
0x0000700003213810:   0000000000000000 00000001311c1008
0x0000700003213820:   00007000032137d8 0000700003213840
0x0000700003213830:   0000700003213888 000000011d88bc4d
0x0000700003213840:   00000006c0fc3b60 0000700003213848
0x0000700003213850:   00000001311c0f21 0000700003213898
0x0000700003213860:   00000001311c2d78 0000000000000000
0x0000700003213870:   00000001311c0f50 0000700003213840
0x0000700003213880:   0000700003213898 00007000032138e0
0x0000700003213890:   000000011d88bc4d 00000006c0fc3b60
0x00007000032138a0:   00007000032138a0 0000000130ccf295
0x00007000032138b0:   0000700003213910 00000001311be848
0x00007000032138c0:   0000000000000000 0000000130ccf408
0x00007000032138d0:   0000700003213898 0000700003213910
0x00007000032138e0:   0000700003213958 000000011d88bc92
0x00007000032138f0:   000000000000012c 0000000000000000 

Instructions: (pc=0x000000012f07b751)
0x000000012f07b731:   00 00 00 e8 6f a9 01 00 b8 f4 ff ff ff 48 83 c4
0x000000012f07b741:   10 5b c3 66 66 66 2e 0f 1f 84 00 00 00 00 00 50
0x000000012f07b751:   48 8b 07 48 c7 04 24 00 00 00 00 48 c7 07 00 00
0x000000012f07b761:   00 00 48 89 c7 e8 3d a9 01 00 58 c3 0f 1f 00 48 

Register to memory mapping:

RAX=0x000000012ed48500: Java_kh_com_kshrd_core_RtspStream_openRtspInternal+0x90 in /Users/sophatvathana/Desktop/Project/ipcam/IPCAM-VIDEO-STREAMING-API/native/mac/x86_64/strmrecv.dylib at 0x000000012ed46000
RBX=0x0000000000000000 is an unknown value
RCX=0x0000000000000000 is an unknown value
RDX=0x00007f8fd0d36ad0 is an unknown value
RSP=0x0000700003213700 is pointing into the stack for thread: 0x00007f8fd4156000
RBP=0x0000700003213750 is pointing into the stack for thread: 0x00007f8fd4156000
RSI=0x00007000032137e8 is pointing into the stack for thread: 0x00007f8fd4156000
RDI=0x474e494d41455254 is an unknown value
R8 =0x0000000000000004 is an unknown value
R9 =0x00000000000009d8 is an unknown value
R10=0x000000011d838100 is an unknown value
R11=0x000000012f07b750: av_freep+0 in /Users/sophatvathana/Desktop/Project/ipcam/IPCAM-VIDEO-STREAMING-API/native/mac/x86_64/libavutil.55.dylib at 0x000000012f062000
R12=0x0000000000000000 is an unknown value
R13={method} {0x00000001311c0cd8} 'releaseContextInternal' '(J)V' in 'kh/com/kshrd/core/RtspStream'
R14=0x00007f8fd0d36b08 is an unknown value
R15=0x00007f8fd0d36ad8 is an unknown value


Stack: [0x0000700003114000,0x0000700003214000],  sp=0x0000700003213700,  free space=1021k
Native frames: (J=compiled Java code, j=interpreted, Vv=VM code, C=native code)
C  [libavutil.55.dylib+0x19751]  av_freep+0x1
j  kh.com.kshrd.core.RtspStream.releaseContextInternal(J)V+0
j  kh.com.kshrd.core.RtspStream.release()V+14
j  kh.com.kshrd.core.RtspStream.initialize()V+1
j  kh.com.kshrd.core.RtspCamera.run()V+269
j  java.lang.Thread.run()V+11
v  ~StubRoutines::call_stub
V  [libjvm.dylib+0x2eab02]  JavaCalls::call_helper(JavaValue*, methodHandle*, JavaCallArguments*, Thread*)+0x6ae
V  [libjvm.dylib+0x2eb290]  JavaCalls::call_virtual(JavaValue*, KlassHandle, Symbol*, Symbol*, JavaCallArguments*, Thread*)+0x164
V  [libjvm.dylib+0x2eb43c]  JavaCalls::call_virtual(JavaValue*, Handle, KlassHandle, Symbol*, Symbol*, Thread*)+0x4a
V  [libjvm.dylib+0x345959]  thread_entry(JavaThread*, Thread*)+0x7c
V  [libjvm.dylib+0x5612d3]  JavaThread::thread_main_inner()+0x9b
V  [libjvm.dylib+0x5629ce]  JavaThread::run()+0x1c2
V  [libjvm.dylib+0x48342e]  java_start(Thread*)+0xf6
C  [libsystem_pthread.dylib+0x3aab]  _pthread_body+0xb4
C  [libsystem_pthread.dylib+0x39f7]  _pthread_body+0x0
C  [libsystem_pthread.dylib+0x31fd]  thread_start+0xd
C  0x0000000000000000

Java frames: (J=compiled Java code, j=interpreted, Vv=VM code)
j  kh.com.kshrd.core.RtspStream.releaseContextInternal(J)V+0
j  kh.com.kshrd.core.RtspStream.release()V+14
j  kh.com.kshrd.core.RtspStream.initialize()V+1
j  kh.com.kshrd.core.RtspCamera.run()V+269
j  java.lang.Thread.run()V+11
v  ~StubRoutines::call_stub

---------------  P R O C E S S  ---------------

Java Threads: ( => current thread )
  0x00007f8fd6000800 JavaThread "http-nio-9999-exec-1" daemon [_thread_blocked, id=26883, stack(0x0000700003726000,0x0000700003826000)]
  0x00007f8fd5157000 JavaThread "DestroyJavaVM" [_thread_blocked, id=7171, stack(0x00007000019cf000,0x0000700001acf000)]
  0x00007f8fd4829800 JavaThread "http-nio-9999-AsyncTimeout" daemon [_thread_blocked, id=26371, stack(0x0000700003623000,0x0000700003723000)]
  0x00007f8fd417f800 JavaThread "http-nio-9999-Acceptor-0" daemon [_thread_in_native, id=25859, stack(0x0000700003520000,0x0000700003620000)]
  0x00007f8fd51a0800 JavaThread "http-nio-9999-ClientPoller-1" daemon [_thread_in_native, id=25347, stack(0x000070000341d000,0x000070000351d000)]
  0x00007f8fd3d57800 JavaThread "http-nio-9999-ClientPoller-0" daemon [_thread_in_native, id=24835, stack(0x000070000331a000,0x000070000341a000)]
  0x00007f8fd180a000 JavaThread "NioBlockingSelector.BlockPoller-1" daemon [_thread_in_native, id=24323, stack(0x0000700003217000,0x0000700003317000)]
=>0x00007f8fd4156000 JavaThread "Thread-1" [_thread_in_native, id=23811, stack(0x0000700003114000,0x0000700003214000)]
  0x00007f8fd3179800 JavaThread "container-0" [_thread_blocked, id=23299, stack(0x0000700003011000,0x0000700003111000)]
  0x00007f8fd372a000 JavaThread "ContainerBackgroundProcessor[StandardEngine[Tomcat]]" daemon [_thread_blocked, id=22787, stack(0x0000700002f0e000,0x000070000300e000)]
  0x00007f8fd2ae4000 JavaThread "Monitor Ctrl-Break" daemon [_thread_in_native, id=22019, stack(0x0000700002d08000,0x0000700002e08000)]
  0x00007f8fd3044000 JavaThread "Service Thread" daemon [_thread_blocked, id=20995, stack(0x0000700002b02000,0x0000700002c02000)]
  0x00007f8fd2811000 JavaThread "C1 CompilerThread3" daemon [_thread_blocked, id=20483, stack(0x00007000029ff000,0x0000700002aff000)]
  0x00007f8fcf03b000 JavaThread "C2 CompilerThread2" daemon [_thread_blocked, id=19971, stack(0x00007000028fc000,0x00007000029fc000)]
  0x00007f8fcf037000 JavaThread "C2 CompilerThread1" daemon [_thread_blocked, id=19459, stack(0x00007000027f9000,0x00007000028f9000)]
  0x00007f8fcf036000 JavaThread "C2 CompilerThread0" daemon [_thread_blocked, id=18947, stack(0x00007000026f6000,0x00007000027f6000)]
  0x00007f8fd2809000 JavaThread "Signal Dispatcher" daemon [_thread_blocked, id=18435, stack(0x00007000025f3000,0x00007000026f3000)]
  0x00007f8fcf801800 JavaThread "Finalizer" daemon [_thread_blocked, id=14595, stack(0x00007000024f0000,0x00007000025f0000)]
  0x00007f8fd200a000 JavaThread "Reference Handler" daemon [_thread_blocked, id=14083, stack(0x00007000023ed000,0x00007000024ed000)]

Other Threads:
  0x00007f8fd2007800 VMThread [stack: 0x00007000022ea000,0x00007000023ea000] [id=13571]
  0x00007f8fd281a800 WatcherThread [stack: 0x0000700002c05000,0x0000700002d05000] [id=21507]

VM state:not at safepoint (normal execution)

VM Mutex/Monitor currently owned by a thread: None

Heap:
 PSYoungGen      total 265728K, used 77245K [0x000000076ab00000, 0x0000000789880000, 0x00000007c0000000)
  eden space 247296K, 31% used [0x000000076ab00000,0x000000076f66f5c8,0x0000000779c80000)
  from space 18432K, 0% used [0x0000000779c80000,0x0000000779c80000,0x000000077ae80000)
  to   space 19968K, 0% used [0x0000000788500000,0x0000000788500000,0x0000000789880000)
 ParOldGen       total 134656K, used 27802K [0x00000006c0000000, 0x00000006c8380000, 0x000000076ab00000)
  object space 134656K, 20% used [0x00000006c0000000,0x00000006c1b26b00,0x00000006c8380000)
 Metaspace       used 39023K, capacity 39488K, committed 39680K, reserved 1083392K
  class space    used 4892K, capacity 5013K, committed 5120K, reserved 1048576K

Card table byte_map: [0x0000000113b49000,0x000000011434a000] byte_map_base: 0x0000000110549000

Marking Bits: (ParMarkBitMap*) 0x00000001130dee20
 Begin Bits: [0x00000001148a0000, 0x00000001188a0000)
 End Bits:   [0x00000001188a0000, 0x000000011c8a0000)

Polling page: 0x00000001117c4000

CodeCache: size=245760Kb used=14908Kb max_used=14964Kb free=230851Kb
 bounds [0x000000011d884000, 0x000000011e784000, 0x000000012c884000]
 total_blobs=4497 nmethods=4065 adapters=344
 compilation: enabled

Compilation events (10 events):
Event: 65.286 Thread 0x00007f8fd2811000 4753       3       java.nio.channels.spi.AbstractSelector::isOpen (8 bytes)
Event: 65.286 Thread 0x00007f8fd2811000 nmethod 4753 0x000000011dadb9d0 code [0x000000011dadbb40, 0x000000011dadbdd0]
Event: 68.181 Thread 0x00007f8fcf03b000 4754       4       java.util.HashSet::isEmpty (8 bytes)
Event: 68.182 Thread 0x00007f8fcf03b000 nmethod 4754 0x000000011dce4e90 code [0x000000011dce4fe0, 0x000000011dce5058]
Event: 72.728 Thread 0x00007f8fd2811000 4757   !   3       org.apache.catalina.webresources.AbstractArchiveResourceSet::gc (55 bytes)
Event: 72.728 Thread 0x00007f8fd2811000 nmethod 4757 0x000000011db325d0 code [0x000000011db32760, 0x000000011db32c08]
Event: 72.729 Thread 0x00007f8fd2811000 4756       3       java.util.TreeSet::add (22 bytes)
Event: 72.729 Thread 0x00007f8fd2811000 nmethod 4756 0x000000011db53ad0 code [0x000000011db53c40, 0x000000011db53ec8]
Event: 78.324 Thread 0x00007f8fd2811000 4758   !   3       org.apache.tomcat.util.net.NioEndpoint$Poller::events (81 bytes)
Event: 78.325 Thread 0x00007f8fd2811000 nmethod 4758 0x000000011dbdaa10 code [0x000000011dbdac20, 0x000000011dbdb4f8]

GC Heap History (10 events):
Event: 11.495 GC heap before
{Heap before GC invocations=5 (full 1):
 PSYoungGen      total 141824K, used 10725K [0x000000076ab00000, 0x0000000774000000, 0x00000007c0000000)
  eden space 131072K, 0% used [0x000000076ab00000,0x000000076ab00000,0x0000000772b00000)
  from space 10752K, 99% used [0x0000000773580000,0x0000000773ff9770,0x0000000774000000)
  to   space 10752K, 0% used [0x0000000772b00000,0x0000000772b00000,0x0000000773580000)
 ParOldGen       total 175104K, used 2918K [0x00000006c0000000, 0x00000006cab00000, 0x000000076ab00000)
  object space 175104K, 1% used [0x00000006c0000000,0x00000006c02d98b0,0x00000006cab00000)
 Metaspace       used 20916K, capacity 21230K, committed 21296K, reserved 1069056K
  class space    used 2555K, capacity 2678K, committed 2688K, reserved 1048576K
Event: 11.531 GC heap after
Heap after GC invocations=5 (full 1):
 PSYoungGen      total 141824K, used 0K [0x000000076ab00000, 0x0000000774000000, 0x00000007c0000000)
  eden space 131072K, 0% used [0x000000076ab00000,0x000000076ab00000,0x0000000772b00000)
  from space 10752K, 0% used [0x0000000773580000,0x0000000773580000,0x0000000774000000)
  to   space 10752K, 0% used [0x0000000772b00000,0x0000000772b00000,0x0000000773580000)
 ParOldGen       total 85504K, used 11039K [0x00000006c0000000, 0x00000006c5380000, 0x000000076ab00000)
  object space 85504K, 12% used [0x00000006c0000000,0x00000006c0ac7d08,0x00000006c5380000)
 Metaspace       used 20916K, capacity 21230K, committed 21296K, reserved 1069056K
  class space    used 2555K, capacity 2678K, committed 2688K, reserved 1048576K
}
Event: 12.399 GC heap before
{Heap before GC invocations=6 (full 1):
 PSYoungGen      total 141824K, used 131072K [0x000000076ab00000, 0x0000000774000000, 0x00000007c0000000)
  eden space 131072K, 100% used [0x000000076ab00000,0x0000000772b00000,0x0000000772b00000)
  from space 10752K, 0% used [0x0000000773580000,0x0000000773580000,0x0000000774000000)
  to   space 10752K, 0% used [0x0000000772b00000,0x0000000772b00000,0x0000000773580000)
 ParOldGen       total 85504K, used 11039K [0x00000006c0000000, 0x00000006c5380000, 0x000000076ab00000)
  object space 85504K, 12% used [0x00000006c0000000,0x00000006c0ac7d08,0x00000006c5380000)
 Metaspace       used 27720K, capacity 28050K, committed 28416K, reserved 1075200K
  class space    used 3416K, capacity 3516K, committed 3584K, reserved 1048576K
Event: 12.414 GC heap after
Heap after GC invocations=6 (full 1):
 PSYoungGen      total 141824K, used 10741K [0x000000076ab00000, 0x000000077c280000, 0x00000007c0000000)
  eden space 131072K, 0% used [0x000000076ab00000,0x000000076ab00000,0x0000000772b00000)
  from space 10752K, 99% used [0x0000000772b00000,0x000000077357d798,0x0000000773580000)
  to   space 18944K, 0% used [0x000000077b000000,0x000000077b000000,0x000000077c280000)
 ParOldGen       total 85504K, used 21027K [0x00000006c0000000, 0x00000006c5380000, 0x000000076ab00000)
  object space 85504K, 24% used [0x00000006c0000000,0x00000006c1488e00,0x00000006c5380000)
 Metaspace       used 27720K, capacity 28050K, committed 28416K, reserved 1075200K
  class space    used 3416K, capacity 3516K, committed 3584K, reserved 1048576K
}
Event: 13.082 GC heap before
{Heap before GC invocations=7 (full 1):
 PSYoungGen      total 141824K, used 141813K [0x000000076ab00000, 0x000000077c280000, 0x00000007c0000000)
  eden space 131072K, 100% used [0x000000076ab00000,0x0000000772b00000,0x0000000772b00000)
  from space 10752K, 99% used [0x0000000772b00000,0x000000077357d798,0x0000000773580000)
  to   space 18944K, 0% used [0x000000077b000000,0x000000077b000000,0x000000077c280000)
 ParOldGen       total 85504K, used 21027K [0x00000006c0000000, 0x00000006c5380000, 0x000000076ab00000)
  object space 85504K, 24% used [0x00000006c0000000,0x00000006c1488e00,0x00000006c5380000)
 Metaspace       used 31243K, capacity 31682K, committed 32000K, reserved 1077248K
  class space    used 3885K, capacity 4004K, committed 4096K, reserved 1048576K
Event: 13.093 GC heap after
Heap after GC invocations=7 (full 1):
 PSYoungGen      total 264192K, used 12358K [0x000000076ab00000, 0x000000077c080000, 0x00000007c0000000)
  eden space 247296K, 0% used [0x000000076ab00000,0x000000076ab00000,0x0000000779c80000)
  from space 16896K, 73% used [0x000000077b000000,0x000000077bc11a90,0x000000077c080000)
  to   space 18432K, 0% used [0x0000000779c80000,0x0000000779c80000,0x000000077ae80000)
 ParOldGen       total 85504K, used 21035K [0x00000006c0000000, 0x00000006c5380000, 0x000000076ab00000)
  object space 85504K, 24% used [0x00000006c0000000,0x00000006c148ae00,0x00000006c5380000)
 Metaspace       used 31243K, capacity 31682K, committed 32000K, reserved 1077248K
  class space    used 3885K, capacity 4004K, committed 4096K, reserved 1048576K
}
Event: 13.750 GC heap before
{Heap before GC invocations=8 (full 1):
 PSYoungGen      total 264192K, used 150365K [0x000000076ab00000, 0x000000077c080000, 0x00000007c0000000)
  eden space 247296K, 55% used [0x000000076ab00000,0x00000007731c5c30,0x0000000779c80000)
  from space 16896K, 73% used [0x000000077b000000,0x000000077bc11a90,0x000000077c080000)
  to   space 18432K, 0% used [0x0000000779c80000,0x0000000779c80000,0x000000077ae80000)
 ParOldGen       total 85504K, used 21035K [0x00000006c0000000, 0x00000006c5380000, 0x000000076ab00000)
  object space 85504K, 24% used [0x00000006c0000000,0x00000006c148ae00,0x00000006c5380000)
 Metaspace       used 34858K, capacity 35296K, committed 35496K, reserved 1081344K
  class space    used 4414K, capacity 4521K, committed 4608K, reserved 1048576K
Event: 13.765 GC heap after
Heap after GC invocations=8 (full 1):
 PSYoungGen      total 265728K, used 17579K [0x000000076ab00000, 0x0000000789880000, 0x00000007c0000000)
  eden space 247296K, 0% used [0x000000076ab00000,0x000000076ab00000,0x0000000779c80000)
  from space 18432K, 95% used [0x0000000779c80000,0x000000077adaad68,0x000000077ae80000)
  to   space 19968K, 0% used [0x0000000788500000,0x0000000788500000,0x0000000789880000)
 ParOldGen       total 85504K, used 21043K [0x00000006c0000000, 0x00000006c5380000, 0x000000076ab00000)
  object space 85504K, 24% used [0x00000006c0000000,0x00000006c148ce00,0x00000006c5380000)
 Metaspace       used 34858K, capacity 35296K, committed 35496K, reserved 1081344K
  class space    used 4414K, capacity 4521K, committed 4608K, reserved 1048576K
}
Event: 13.765 GC heap before
{Heap before GC invocations=9 (full 2):
 PSYoungGen      total 265728K, used 17579K [0x000000076ab00000, 0x0000000789880000, 0x00000007c0000000)
  eden space 247296K, 0% used [0x000000076ab00000,0x000000076ab00000,0x0000000779c80000)
  from space 18432K, 95% used [0x0000000779c80000,0x000000077adaad68,0x000000077ae80000)
  to   space 19968K, 0% used [0x0000000788500000,0x0000000788500000,0x0000000789880000)
 ParOldGen       total 85504K, used 21043K [0x00000006c0000000, 0x00000006c5380000, 0x000000076ab00000)
  object space 85504K, 24% used [0x00000006c0000000,0x00000006c148ce00,0x00000006c5380000)
 Metaspace       used 34858K, capacity 35296K, committed 35496K, reserved 1081344K
  class space    used 4414K, capacity 4521K, committed 4608K, reserved 1048576K
Event: 13.817 GC heap after
Heap after GC invocations=9 (full 2):
 PSYoungGen      total 265728K, used 0K [0x000000076ab00000, 0x0000000789880000, 0x00000007c0000000)
  eden space 247296K, 0% used [0x000000076ab00000,0x000000076ab00000,0x0000000779c80000)
  from space 18432K, 0% used [0x0000000779c80000,0x0000000779c80000,0x000000077ae80000)
  to   space 19968K, 0% used [0x0000000788500000,0x0000000788500000,0x0000000789880000)
 ParOldGen       total 134656K, used 27802K [0x00000006c0000000, 0x00000006c8380000, 0x000000076ab00000)
  object space 134656K, 20% used [0x00000006c0000000,0x00000006c1b26b00,0x00000006c8380000)
 Metaspace       used 34858K, capacity 35296K, committed 35496K, reserved 1081344K
  class space    used 4414K, capacity 4521K, committed 4608K, reserved 1048576K
}

Deoptimization events (10 events):
Event: 21.179 Thread 0x00007f8fd6000800 Uncommon trap: reason=class_check action=maybe_recompile pc=0x000000011df893b0 method=java.lang.StringCoding$StringDecoder.decode([BII)[C @ 30
Event: 21.203 Thread 0x00007f8fd6000800 Uncommon trap: reason=class_check action=maybe_recompile pc=0x000000011df893b0 method=java.lang.StringCoding$StringDecoder.decode([BII)[C @ 30
Event: 21.204 Thread 0x00007f8fd6000800 Uncommon trap: reason=class_check action=maybe_recompile pc=0x000000011df893dc method=java.lang.StringCoding$StringDecoder.charsetName()Ljava/lang/String; @ 4
Event: 21.205 Thread 0x00007f8fd6000800 Uncommon trap: reason=unstable_if action=reinterpret pc=0x000000011dafbe20 method=java.lang.CharacterDataLatin1.isWhitespace(I)Z @ 14
Event: 21.244 Thread 0x00007f8fd6000800 Uncommon trap: reason=class_check action=maybe_recompile pc=0x000000011df893b0 method=java.lang.StringCoding$StringDecoder.decode([BII)[C @ 30
Event: 21.267 Thread 0x00007f8fd6000800 Uncommon trap: reason=class_check action=maybe_recompile pc=0x000000011e187358 method=java.util.AbstractList$Itr.hasNext()Z @ 8
Event: 21.267 Thread 0x00007f8fd6000800 Uncommon trap: reason=bimorphic action=maybe_recompile pc=0x000000011e2af810 method=java.util.AbstractList$Itr.next()Ljava/lang/Object; @ 14
Event: 21.268 Thread 0x00007f8fd6000800 Uncommon trap: reason=class_check action=maybe_recompile pc=0x000000011e187358 method=java.util.AbstractList$Itr.hasNext()Z @ 8
Event: 21.268 Thread 0x00007f8fd6000800 Uncommon trap: reason=bimorphic action=maybe_recompile pc=0x000000011e2af810 method=java.util.AbstractList$Itr.next()Ljava/lang/Object; @ 14
Event: 21.268 Thread 0x00007f8fd6000800 Uncommon trap: reason=bimorphic action=maybe_recompile pc=0x000000011e2af810 method=java.util.AbstractList$Itr.next()Ljava/lang/Object; @ 14

Internal exceptions (10 events):
Event: 21.111 Thread 0x00007f8fd6000800 Exception <a 'java/lang/ClassNotFoundException': java/lang/ObjectCustomizer> (0x000000076e38aa60) thrown at [/Users/java_re/workspace/8-2-build-macosx-x86_64/jdk8u65/4987/hotspot/src/share/vm/classfile/systemDictionary.cpp, line 210]
Event: 21.111 Thread 0x00007f8fd6000800 Exception <a 'java/lang/ClassNotFoundException': org/springframework/web/servlet/view/DefaultRequestToViewNameTranslatorCustomizer> (0x000000076e3adc70) thrown at [/Users/java_re/workspace/8-2-build-macosx-x86_64/jdk8u65/4987/hotspot/src/share/vm/classfil
Event: 21.112 Thread 0x00007f8fd6000800 Exception <a 'java/lang/ClassNotFoundException': org/springframework/web/servlet/RequestToViewNameTranslatorCustomizer> (0x000000076e3dc0c8) thrown at [/Users/java_re/workspace/8-2-build-macosx-x86_64/jdk8u65/4987/hotspot/src/share/vm/classfile/systemDict
Event: 21.114 Thread 0x00007f8fd6000800 Exception <a 'java/lang/ClassNotFoundException': java/lang/ObjectCustomizer> (0x000000076e40cdb8) thrown at [/Users/java_re/workspace/8-2-build-macosx-x86_64/jdk8u65/4987/hotspot/src/share/vm/classfile/systemDictionary.cpp, line 210]
Event: 21.115 Thread 0x00007f8fd6000800 Exception <a 'java/lang/ClassNotFoundException': org/springframework/web/servlet/support/AbstractFlashMapManagerCustomizer> (0x000000076e42dd88) thrown at [/Users/java_re/workspace/8-2-build-macosx-x86_64/jdk8u65/4987/hotspot/src/share/vm/classfile/system
Event: 21.115 Thread 0x00007f8fd6000800 Exception <a 'java/lang/ClassNotFoundException': org/springframework/web/servlet/support/SessionFlashMapManagerCustomizer> (0x000000076e452be0) thrown at [/Users/java_re/workspace/8-2-build-macosx-x86_64/jdk8u65/4987/hotspot/src/share/vm/classfile/systemD
Event: 21.115 Thread 0x00007f8fd6000800 Exception <a 'java/lang/ClassNotFoundException': org/springframework/web/servlet/FlashMapManagerCustomizer> (0x000000076e46ecc0) thrown at [/Users/java_re/workspace/8-2-build-macosx-x86_64/jdk8u65/4987/hotspot/src/share/vm/classfile/systemDictionary.cpp, 
Event: 21.137 Thread 0x00007f8fd6000800 Implicit null exception at 0x000000011e68e7aa to 0x000000011e699d6d
Event: 21.251 Thread 0x00007f8fd6000800 Exception <a 'java/lang/NullPointerException'> (0x000000076eec4f58) thrown at [/Users/java_re/workspace/8-2-build-macosx-x86_64/jdk8u65/4987/hotspot/src/share/vm/interpreter/linkResolver.cpp, line 1178]
Event: 21.251 Thread 0x00007f8fd6000800 Exception <a 'java/lang/reflect/InvocationTargetException'> (0x000000076eec5530) thrown at [/Users/java_re/workspace/8-2-build-macosx-x86_64/jdk8u65/4987/hotspot/src/share/vm/runtime/reflection.cpp, line 1092]

Events (10 events):
Event: 42.722 Executing VM operation: RevokeBias done
Event: 42.722 Executing VM operation: RevokeBias
Event: 42.722 Executing VM operation: RevokeBias done
Event: 42.722 Executing VM operation: BulkRevokeBias
Event: 42.722 Executing VM operation: BulkRevokeBias done
Event: 65.285 Thread 0x00007f8fd2811000 flushing nmethod 0x000000011dadb5d0
Event: 65.286 Thread 0x00007f8fd2811000 flushing nmethod 0x000000011db32210
Event: 65.286 Thread 0x00007f8fd2811000 flushing nmethod 0x000000011db53910
Event: 68.182 Thread 0x00007f8fcf03b000 flushing nmethod 0x000000011dbe3250
Event: 72.729 Thread 0x00007f8fd2811000 flushing nmethod 0x000000011ddd5a50


Dynamic libraries:
0x00000000414c9000 	/System/Library/Frameworks/Cocoa.framework/Versions/A/Cocoa
0x00000000414c9000 	/System/Library/Frameworks/Security.framework/Versions/A/Security
0x00000000414c9000 	/System/Library/Frameworks/ApplicationServices.framework/Versions/A/ApplicationServices
0x00000000414c9000 	/usr/lib/libz.1.dylib
0x00000000414c9000 	/usr/lib/libSystem.B.dylib
0x00000000414c9000 	/usr/lib/libobjc.A.dylib
0x00000000414c9000 	/System/Library/Frameworks/CoreFoundation.framework/Versions/A/CoreFoundation
0x00000000414c9000 	/System/Library/Frameworks/Foundation.framework/Versions/C/Foundation
0x00000000414c9000 	/System/Library/Frameworks/AppKit.framework/Versions/C/AppKit
0x00000000414c9000 	/System/Library/Frameworks/CoreData.framework/Versions/A/CoreData
0x00000000414c9000 	/System/Library/PrivateFrameworks/RemoteViewServices.framework/Versions/A/RemoteViewServices
0x00000000414c9000 	/System/Library/PrivateFrameworks/UIFoundation.framework/Versions/A/UIFoundation
0x00000000414c9000 	/System/Library/PrivateFrameworks/DFRFoundation.framework/Versions/A/DFRFoundation
0x00000000414c9000 	/usr/lib/libenergytrace.dylib
0x00000000414c9000 	/System/Library/PrivateFrameworks/SkyLight.framework/Versions/A/SkyLight
0x00000000414c9000 	/System/Library/Frameworks/CoreGraphics.framework/Versions/A/CoreGraphics
0x00000000414c9000 	/usr/lib/libScreenReader.dylib
0x00000000414c9000 	/System/Library/Frameworks/Accelerate.framework/Versions/A/Accelerate
0x00000000414c9000 	/System/Library/Frameworks/IOSurface.framework/Versions/A/IOSurface
0x00000000414c9000 	/System/Library/Frameworks/AudioToolbox.framework/Versions/A/AudioToolbox
0x00000000414c9000 	/System/Library/Frameworks/AudioUnit.framework/Versions/A/AudioUnit
0x00000000414c9000 	/System/Library/PrivateFrameworks/DataDetectorsCore.framework/Versions/A/DataDetectorsCore
0x00000000414c9000 	/System/Library/PrivateFrameworks/DesktopServicesPriv.framework/Versions/A/DesktopServicesPriv
0x00000000414c9000 	/System/Library/Frameworks/Carbon.framework/Versions/A/Frameworks/HIToolbox.framework/Versions/A/HIToolbox
0x00000000414c9000 	/usr/lib/libicucore.A.dylib
0x00000000414c9000 	/System/Library/Frameworks/QuartzCore.framework/Versions/A/QuartzCore
0x00000000414c9000 	/System/Library/Frameworks/Carbon.framework/Versions/A/Frameworks/SpeechRecognition.framework/Versions/A/SpeechRecognition
0x00000000414c9000 	/usr/lib/libauto.dylib
0x00000000414c9000 	/usr/lib/libxml2.2.dylib
0x00000000414c9000 	/System/Library/PrivateFrameworks/CoreUI.framework/Versions/A/CoreUI
0x00000000414c9000 	/System/Library/Frameworks/CoreAudio.framework/Versions/A/CoreAudio
0x00000000414c9000 	/System/Library/Frameworks/DiskArbitration.framework/Versions/A/DiskArbitration
0x00000000414c9000 	/usr/lib/liblangid.dylib
0x00000000414c9000 	/System/Library/PrivateFrameworks/MultitouchSupport.framework/Versions/A/MultitouchSupport
0x00000000414c9000 	/System/Library/Frameworks/IOKit.framework/Versions/A/IOKit
0x00000000414c9000 	/usr/lib/libDiagnosticMessagesClient.dylib
0x00000000414c9000 	/System/Library/Frameworks/CoreServices.framework/Versions/A/CoreServices
0x00000000414c9000 	/System/Library/PrivateFrameworks/PerformanceAnalysis.framework/Versions/A/PerformanceAnalysis
0x00000000414c9000 	/System/Library/PrivateFrameworks/GenerationalStorage.framework/Versions/A/GenerationalStorage
0x00000000414c9000 	/System/Library/Frameworks/OpenGL.framework/Versions/A/OpenGL
0x00000000414c9000 	/System/Library/Frameworks/CoreImage.framework/Versions/A/CoreImage
0x00000000414c9000 	/System/Library/Frameworks/CoreText.framework/Versions/A/CoreText
0x00000000414c9000 	/System/Library/Frameworks/ImageIO.framework/Versions/A/ImageIO
0x00000000414c9000 	/System/Library/PrivateFrameworks/Backup.framework/Versions/A/Backup
0x00000000414c9000 	/usr/lib/libarchive.2.dylib
0x00000000414c9000 	/System/Library/Frameworks/CFNetwork.framework/Versions/A/CFNetwork
0x00000000414c9000 	/System/Library/Frameworks/SystemConfiguration.framework/Versions/A/SystemConfiguration
0x00000000414c9000 	/usr/lib/libCRFSuite.dylib
0x00000000414c9000 	/usr/lib/libc++.1.dylib
0x00000000414c9000 	/usr/lib/libc++abi.dylib
0x00000000414c9000 	/usr/lib/system/libcache.dylib
0x00000000414c9000 	/usr/lib/system/libcommonCrypto.dylib
0x00000000414c9000 	/usr/lib/system/libcompiler_rt.dylib
0x00000000414c9000 	/usr/lib/system/libcopyfile.dylib
0x00000000414c9000 	/usr/lib/system/libcorecrypto.dylib
0x00000000414c9000 	/usr/lib/system/libdispatch.dylib
0x00000000414c9000 	/usr/lib/system/libdyld.dylib
0x00000000414c9000 	/usr/lib/system/libkeymgr.dylib
0x00000000414c9000 	/usr/lib/system/liblaunch.dylib
0x00000000414c9000 	/usr/lib/system/libmacho.dylib
0x00000000414c9000 	/usr/lib/system/libquarantine.dylib
0x00000000414c9000 	/usr/lib/system/libremovefile.dylib
0x00000000414c9000 	/usr/lib/system/libsystem_asl.dylib
0x00000000414c9000 	/usr/lib/system/libsystem_blocks.dylib
0x00000000414c9000 	/usr/lib/system/libsystem_c.dylib
0x00000000414c9000 	/usr/lib/system/libsystem_configuration.dylib
0x00000000414c9000 	/usr/lib/system/libsystem_coreservices.dylib
0x00000000414c9000 	/usr/lib/system/libsystem_coretls.dylib
0x00000000414c9000 	/usr/lib/system/libsystem_dnssd.dylib
0x00000000414c9000 	/usr/lib/system/libsystem_info.dylib
0x00000000414c9000 	/usr/lib/system/libsystem_kernel.dylib
0x00000000414c9000 	/usr/lib/system/libsystem_m.dylib
0x00000000414c9000 	/usr/lib/system/libsystem_malloc.dylib
0x00000000414c9000 	/usr/lib/system/libsystem_network.dylib
0x00000000414c9000 	/usr/lib/system/libsystem_networkextension.dylib
0x00000000414c9000 	/usr/lib/system/libsystem_notify.dylib
0x00000000414c9000 	/usr/lib/system/libsystem_platform.dylib
0x00000000414c9000 	/usr/lib/system/libsystem_pthread.dylib
0x00000000414c9000 	/usr/lib/system/libsystem_sandbox.dylib
0x00000000414c9000 	/usr/lib/system/libsystem_secinit.dylib
0x00000000414c9000 	/usr/lib/system/libsystem_symptoms.dylib
0x00000000414c9000 	/usr/lib/system/libsystem_trace.dylib
0x00000000414c9000 	/usr/lib/system/libunwind.dylib
0x00000000414c9000 	/usr/lib/system/libxpc.dylib
0x00000000414c9000 	/usr/lib/libbsm.0.dylib
0x00000000414c9000 	/usr/lib/system/libkxld.dylib
0x00000000414c9000 	/usr/lib/libcoretls.dylib
0x00000000414c9000 	/usr/lib/libcoretls_cfhelpers.dylib
0x00000000414c9000 	/usr/lib/libxar.1.dylib
0x00000000414c9000 	/usr/lib/libsqlite3.dylib
0x00000000414c9000 	/usr/lib/libpam.2.dylib
0x00000000414c9000 	/usr/lib/libOpenScriptingUtil.dylib
0x00000000414c9000 	/usr/lib/libbz2.1.0.dylib
0x00000000414c9000 	/usr/lib/liblzma.5.dylib
0x00000000414c9000 	/usr/lib/libnetwork.dylib
0x00000000414c9000 	/usr/lib/libpcap.A.dylib
0x00000000414c9000 	/System/Library/Frameworks/CoreServices.framework/Versions/A/Frameworks/FSEvents.framework/Versions/A/FSEvents
0x00000000414c9000 	/System/Library/Frameworks/CoreServices.framework/Versions/A/Frameworks/CarbonCore.framework/Versions/A/CarbonCore
0x00000000414c9000 	/System/Library/Frameworks/CoreServices.framework/Versions/A/Frameworks/Metadata.framework/Versions/A/Metadata
0x00000000414c9000 	/System/Library/Frameworks/CoreServices.framework/Versions/A/Frameworks/OSServices.framework/Versions/A/OSServices
0x00000000414c9000 	/System/Library/Frameworks/CoreServices.framework/Versions/A/Frameworks/SearchKit.framework/Versions/A/SearchKit
0x00000000414c9000 	/System/Library/Frameworks/CoreServices.framework/Versions/A/Frameworks/AE.framework/Versions/A/AE
0x00000000414c9000 	/System/Library/Frameworks/CoreServices.framework/Versions/A/Frameworks/LaunchServices.framework/Versions/A/LaunchServices
0x00000000414c9000 	/System/Library/Frameworks/CoreServices.framework/Versions/A/Frameworks/DictionaryServices.framework/Versions/A/DictionaryServices
0x00000000414c9000 	/System/Library/Frameworks/CoreServices.framework/Versions/A/Frameworks/SharedFileList.framework/Versions/A/SharedFileList
0x00000000414c9000 	/System/Library/Frameworks/NetFS.framework/Versions/A/NetFS
0x00000000414c9000 	/System/Library/PrivateFrameworks/NetAuth.framework/Versions/A/NetAuth
0x00000000414c9000 	/System/Library/PrivateFrameworks/login.framework/Versions/A/Frameworks/loginsupport.framework/Versions/A/loginsupport
0x00000000414c9000 	/System/Library/PrivateFrameworks/TCC.framework/Versions/A/TCC
0x00000000414c9000 	/usr/lib/libmecabra.dylib
0x00000000414c9000 	/System/Library/Frameworks/ApplicationServices.framework/Versions/A/Frameworks/ATS.framework/Versions/A/ATS
0x00000000414c9000 	/System/Library/Frameworks/ApplicationServices.framework/Versions/A/Frameworks/ColorSync.framework/Versions/A/ColorSync
0x00000000414c9000 	/System/Library/Frameworks/ApplicationServices.framework/Versions/A/Frameworks/HIServices.framework/Versions/A/HIServices
0x00000000414c9000 	/System/Library/Frameworks/ApplicationServices.framework/Versions/A/Frameworks/LangAnalysis.framework/Versions/A/LangAnalysis
0x00000000414c9000 	/System/Library/Frameworks/ApplicationServices.framework/Versions/A/Frameworks/PrintCore.framework/Versions/A/PrintCore
0x00000000414c9000 	/System/Library/Frameworks/ApplicationServices.framework/Versions/A/Frameworks/QD.framework/Versions/A/QD
0x00000000414c9000 	/System/Library/Frameworks/ApplicationServices.framework/Versions/A/Frameworks/SpeechSynthesis.framework/Versions/A/SpeechSynthesis
0x00000000414c9000 	/System/Library/Frameworks/Accelerate.framework/Versions/A/Frameworks/vImage.framework/Versions/A/vImage
0x00000000414c9000 	/System/Library/Frameworks/Accelerate.framework/Versions/A/Frameworks/vecLib.framework/Versions/A/vecLib
0x00000000414c9000 	/System/Library/Frameworks/Accelerate.framework/Versions/A/Frameworks/vecLib.framework/Versions/A/libvDSP.dylib
0x00000000414c9000 	/System/Library/Frameworks/Accelerate.framework/Versions/A/Frameworks/vecLib.framework/Versions/A/libBNNS.dylib
0x00000000414c9000 	/System/Library/Frameworks/Accelerate.framework/Versions/A/Frameworks/vecLib.framework/Versions/A/libQuadrature.dylib
0x00000000414c9000 	/System/Library/Frameworks/Accelerate.framework/Versions/A/Frameworks/vecLib.framework/Versions/A/libvMisc.dylib
0x00000000414c9000 	/System/Library/Frameworks/Accelerate.framework/Versions/A/Frameworks/vecLib.framework/Versions/A/libLAPACK.dylib
0x00000000414c9000 	/System/Library/Frameworks/Accelerate.framework/Versions/A/Frameworks/vecLib.framework/Versions/A/libBLAS.dylib
0x00000000414c9000 	/System/Library/Frameworks/Accelerate.framework/Versions/A/Frameworks/vecLib.framework/Versions/A/libLinearAlgebra.dylib
0x00000000414c9000 	/System/Library/Frameworks/Accelerate.framework/Versions/A/Frameworks/vecLib.framework/Versions/A/libSparseBLAS.dylib
0x00000000414c9000 	/System/Library/Frameworks/ApplicationServices.framework/Versions/A/Frameworks/ATS.framework/Versions/A/Resources/libFontParser.dylib
0x00000000414c9000 	/System/Library/Frameworks/ApplicationServices.framework/Versions/A/Frameworks/ATS.framework/Versions/A/Resources/libFontRegistry.dylib
0x00000000414c9000 	/System/Library/Frameworks/ImageIO.framework/Versions/A/Resources/libJPEG.dylib
0x00000000414c9000 	/System/Library/Frameworks/ImageIO.framework/Versions/A/Resources/libTIFF.dylib
0x00000000414c9000 	/System/Library/Frameworks/ImageIO.framework/Versions/A/Resources/libPng.dylib
0x00000000414c9000 	/System/Library/Frameworks/ImageIO.framework/Versions/A/Resources/libGIF.dylib
0x00000000414c9000 	/System/Library/Frameworks/ImageIO.framework/Versions/A/Resources/libJP2.dylib
0x00000000414c9000 	/System/Library/Frameworks/ImageIO.framework/Versions/A/Resources/libRadiance.dylib
0x00000000414c9000 	/usr/lib/libcompression.dylib
0x00000000414c9000 	/System/Library/PrivateFrameworks/AppleJPEG.framework/Versions/A/AppleJPEG
0x00000000414c9000 	/usr/lib/libcups.2.dylib
0x00000000414c9000 	/System/Library/Frameworks/Kerberos.framework/Versions/A/Kerberos
0x00000000414c9000 	/System/Library/Frameworks/GSS.framework/Versions/A/GSS
0x00000000414c9000 	/usr/lib/libresolv.9.dylib
0x00000000414c9000 	/usr/lib/libiconv.2.dylib
0x00000000414c9000 	/System/Library/PrivateFrameworks/Heimdal.framework/Versions/A/Heimdal
0x00000000414c9000 	/usr/lib/libheimdal-asn1.dylib
0x00000000414c9000 	/System/Library/Frameworks/OpenDirectory.framework/Versions/A/OpenDirectory
0x00000000414c9000 	/System/Library/PrivateFrameworks/CommonAuth.framework/Versions/A/CommonAuth
0x00000000414c9000 	/System/Library/Frameworks/OpenDirectory.framework/Versions/A/Frameworks/CFOpenDirectory.framework/Versions/A/CFOpenDirectory
0x00000000414c9000 	/System/Library/Frameworks/SecurityFoundation.framework/Versions/A/SecurityFoundation
0x00000000414c9000 	/System/Library/PrivateFrameworks/LanguageModeling.framework/Versions/A/LanguageModeling
0x00000000414c9000 	/usr/lib/libmarisa.dylib
0x00000000414c9000 	/usr/lib/libChineseTokenizer.dylib
0x00000000414c9000 	/usr/lib/libcmph.dylib
0x00000000414c9000 	/System/Library/PrivateFrameworks/CoreEmoji.framework/Versions/A/CoreEmoji
0x00000000414c9000 	/System/Library/Frameworks/ServiceManagement.framework/Versions/A/ServiceManagement
0x00000000414c9000 	/usr/lib/libxslt.1.dylib
0x00000000414c9000 	/System/Library/Frameworks/Carbon.framework/Versions/A/Frameworks/Ink.framework/Versions/A/Ink
0x00000000414c9000 	/System/Library/PrivateFrameworks/TextureIO.framework/Versions/A/TextureIO
0x00000000414c9000 	/System/Library/Frameworks/Metal.framework/Versions/A/Metal
0x00000000414c9000 	/usr/lib/libate.dylib
0x00000000414c9000 	/System/Library/PrivateFrameworks/GPUCompiler.framework/libmetal_timestamp.dylib
0x00000000414c9000 	/System/Library/Frameworks/OpenGL.framework/Versions/A/Libraries/libCoreFSCache.dylib
0x00000000414c9000 	/System/Library/PrivateFrameworks/IOAccelerator.framework/Versions/A/IOAccelerator
0x00000000414c9000 	/System/Library/Frameworks/CoreVideo.framework/Versions/A/CoreVideo
0x00000000414c9000 	/usr/lib/libFosl_dynamic.dylib
0x00000000414c9000 	/System/Library/PrivateFrameworks/MetalPerformanceShaders.framework/Versions/A/MetalPerformanceShaders
0x00000000414c9000 	/System/Library/PrivateFrameworks/FaceCore.framework/Versions/A/FaceCore
0x00000000414c9000 	/System/Library/Frameworks/OpenCL.framework/Versions/A/OpenCL
0x00000000414c9000 	/System/Library/Frameworks/OpenGL.framework/Versions/A/Libraries/libGLU.dylib
0x00000000414c9000 	/System/Library/Frameworks/OpenGL.framework/Versions/A/Libraries/libGFXShared.dylib
0x00000000414c9000 	/System/Library/Frameworks/OpenGL.framework/Versions/A/Libraries/libGL.dylib
0x00000000414c9000 	/System/Library/Frameworks/OpenGL.framework/Versions/A/Libraries/libGLImage.dylib
0x00000000414c9000 	/System/Library/Frameworks/OpenGL.framework/Versions/A/Libraries/libCVMSPluginSupport.dylib
0x00000000414c9000 	/System/Library/Frameworks/OpenGL.framework/Versions/A/Libraries/libCoreVMClient.dylib
0x00000000414c9000 	/System/Library/PrivateFrameworks/CrashReporterSupport.framework/Versions/A/CrashReporterSupport
0x00000000414c9000 	/System/Library/PrivateFrameworks/Sharing.framework/Versions/A/Sharing
0x00000000414c9000 	/System/Library/PrivateFrameworks/IconServices.framework/Versions/A/IconServices
0x00000000414c9000 	/System/Library/PrivateFrameworks/ProtocolBuffer.framework/Versions/A/ProtocolBuffer
0x00000000414c9000 	/System/Library/PrivateFrameworks/Apple80211.framework/Versions/A/Apple80211
0x00000000414c9000 	/System/Library/Frameworks/CoreWLAN.framework/Versions/A/CoreWLAN
0x00000000414c9000 	/System/Library/PrivateFrameworks/CoreUtils.framework/Versions/A/CoreUtils
0x00000000414c9000 	/System/Library/Frameworks/IOBluetooth.framework/Versions/A/IOBluetooth
0x00000000414c9000 	/System/Library/PrivateFrameworks/CoreWiFi.framework/Versions/A/CoreWiFi
0x00000000414c9000 	/System/Library/Frameworks/CoreBluetooth.framework/Versions/A/CoreBluetooth
0x00000000414c9000 	/System/Library/Frameworks/CoreDisplay.framework/Versions/A/CoreDisplay
0x00000000414c9000 	/System/Library/PrivateFrameworks/IOPresentment.framework/Versions/A/IOPresentment
0x00000000414c9000 	/System/Library/PrivateFrameworks/DebugSymbols.framework/Versions/A/DebugSymbols
0x00000000414c9000 	/System/Library/PrivateFrameworks/CoreSymbolication.framework/Versions/A/CoreSymbolication
0x00000000414c9000 	/System/Library/PrivateFrameworks/Symbolication.framework/Versions/A/Symbolication
0x00000000414c9000 	/System/Library/PrivateFrameworks/AppleFSCompression.framework/Versions/A/AppleFSCompression
0x00000000414c9000 	/System/Library/PrivateFrameworks/SpeechRecognitionCore.framework/Versions/A/SpeechRecognitionCore
0x00000000414c9000 	/System/Library/PrivateFrameworks/ChunkingLibrary.framework/Versions/A/ChunkingLibrary
0x0000000112800000 	/Library/Java/JavaVirtualMachines/jdk1.8.0_65.jdk/Contents/Home/jre/lib/server/libjvm.dylib
0x00000000414c9000 	/usr/lib/libstdc++.6.dylib
0x0000000111781000 	/Library/Java/JavaVirtualMachines/jdk1.8.0_65.jdk/Contents/Home/jre/lib/libverify.dylib
0x000000011178f000 	/Library/Java/JavaVirtualMachines/jdk1.8.0_65.jdk/Contents/Home/jre/lib/libjava.dylib
0x00000001117ce000 	/Library/Java/JavaVirtualMachines/jdk1.8.0_65.jdk/Contents/Home/jre/lib/libzip.dylib
0x000000012e8a4000 	/System/Library/Frameworks/JavaVM.framework/Frameworks/JavaRuntimeSupport.framework/JavaRuntimeSupport
0x000000012e8be000 	/System/Library/Frameworks/JavaVM.framework/Versions/A/Frameworks/JavaNativeFoundation.framework/Versions/A/JavaNativeFoundation
0x000000012e8d3000 	/System/Library/Frameworks/JavaVM.framework/Versions/A/JavaVM
0x00000000414c9000 	/System/Library/Frameworks/Carbon.framework/Versions/A/Carbon
0x000000012e8e0000 	/System/Library/PrivateFrameworks/JavaLaunching.framework/Versions/A/JavaLaunching
0x00000000414c9000 	/System/Library/Frameworks/Carbon.framework/Versions/A/Frameworks/CommonPanels.framework/Versions/A/CommonPanels
0x00000000414c9000 	/System/Library/Frameworks/Carbon.framework/Versions/A/Frameworks/Help.framework/Versions/A/Help
0x00000000414c9000 	/System/Library/Frameworks/Carbon.framework/Versions/A/Frameworks/ImageCapture.framework/Versions/A/ImageCapture
0x00000000414c9000 	/System/Library/Frameworks/Carbon.framework/Versions/A/Frameworks/OpenScripting.framework/Versions/A/OpenScripting
0x00000000414c9000 	/System/Library/Frameworks/Carbon.framework/Versions/A/Frameworks/Print.framework/Versions/A/Print
0x00000000414c9000 	/System/Library/Frameworks/Carbon.framework/Versions/A/Frameworks/SecurityHI.framework/Versions/A/SecurityHI
0x000000012ec6a000 	/Applications/IntelliJ IDEA.app/Contents/bin/libbreakgen64.jnilib
0x000000012ec6d000 	/Library/Java/JavaVirtualMachines/jdk1.8.0_65.jdk/Contents/Home/jre/lib/libnet.dylib
0x000000012eda2000 	/Library/Java/JavaVirtualMachines/jdk1.8.0_65.jdk/Contents/Home/jre/lib/libmanagement.dylib
0x000000012edb6000 	/Library/Java/JavaVirtualMachines/jdk1.8.0_65.jdk/Contents/Home/jre/lib/libnio.dylib
0x000000012ed46000 	/Users/sophatvathana/Desktop/Project/ipcam/IPCAM-VIDEO-STREAMING-API/native/mac/x86_64/strmrecv.dylib
0x000000012f062000 	/Users/sophatvathana/Desktop/Project/ipcam/IPCAM-VIDEO-STREAMING-API/native/mac/x86_64/libavutil.55.dylib
0x00000000414c9000 	/System/Library/Frameworks/AVFoundation.framework/Versions/A/AVFoundation
0x00000000414c9000 	/System/Library/Frameworks/CoreMedia.framework/Versions/A/CoreMedia
0x00000000414c9000 	/System/Library/Frameworks/VideoToolbox.framework/Versions/A/VideoToolbox
0x000000012ed4d000 	/System/Library/Frameworks/VideoDecodeAcceleration.framework/Versions/A/VideoDecodeAcceleration
0x00000000414c9000 	/System/Library/Frameworks/AVFoundation.framework/Versions/A/Frameworks/AVFAudio.framework/Versions/A/AVFAudio
0x00000000414c9000 	/System/Library/Frameworks/MediaToolbox.framework/Versions/A/MediaToolbox
0x00000000414c9000 	/System/Library/PrivateFrameworks/IntlPreferences.framework/Versions/A/IntlPreferences
0x00000000414c9000 	/System/Library/Frameworks/CoreMediaIO.framework/Versions/A/CoreMediaIO
0x00000000414c9000 	/usr/lib/libspindump.dylib
0x00000000414c9000 	/usr/lib/libdscsym.dylib
0x00000000414c9000 	/System/Library/PrivateFrameworks/CoreAVCHD.framework/Versions/A/CoreAVCHD
0x00000000414c9000 	/System/Library/Frameworks/MediaAccessibility.framework/Versions/A/MediaAccessibility
0x00000000414c9000 	/System/Library/PrivateFrameworks/Mangrove.framework/Versions/A/Mangrove
0x00000000414c9000 	/System/Library/PrivateFrameworks/CoreAUC.framework/Versions/A/CoreAUC
0x00000000414c9000 	/System/Library/PrivateFrameworks/AppleVA.framework/Versions/A/AppleVA
0x00000000414c9000 	/System/Library/PrivateFrameworks/XPCService.framework/Versions/A/XPCService
0x00000000414c9000 	/System/Library/PrivateFrameworks/AppSandbox.framework/Versions/A/AppSandbox
0x00000000414c9000 	/usr/lib/libsandbox.1.dylib
0x00000000414c9000 	/System/Library/PrivateFrameworks/AppContainer.framework/Versions/A/AppContainer
0x00000000414c9000 	/System/Library/PrivateFrameworks/SecCodeWrapper.framework/Versions/A/SecCodeWrapper
0x00000000414c9000 	/usr/lib/libMatch.1.dylib
0x000000012ed53000 	/Users/sophatvathana/Desktop/Project/ipcam/IPCAM-VIDEO-STREAMING-API/native/mac/x86_64/libswresample.2.dylib
0x00000001312a6000 	/Users/sophatvathana/Desktop/Project/ipcam/IPCAM-VIDEO-STREAMING-API/native/mac/x86_64/libavcodec.57.dylib
0x0000000132599000 	/Users/sophatvathana/Desktop/Project/ipcam/IPCAM-VIDEO-STREAMING-API/native/mac/x86_64/libavformat.57.dylib

VM Arguments:
jvm_args: -Dspring.output.ansi.enabled=always -Didea.launcher.port=7538 -Didea.launcher.bin.path=/Applications/IntelliJ IDEA.app/Contents/bin -Dfile.encoding=UTF-8 
java_command: com.intellij.rt.execution.application.AppMain kh.com.kshrd.ipcam.IpcamVideoStreamingApiApplication
java_class_path (initial): /Library/Java/JavaVirtualMachines/jdk1.8.0_65.jdk/Contents/Home/jre/lib/charsets.jar:/Library/Java/JavaVirtualMachines/jdk1.8.0_65.jdk/Contents/Home/jre/lib/deploy.jar:/Library/Java/JavaVirtualMachines/jdk1.8.0_65.jdk/Contents/Home/jre/lib/ext/cldrdata.jar:/Library/Java/JavaVirtualMachines/jdk1.8.0_65.jdk/Contents/Home/jre/lib/ext/dnsns.jar:/Library/Java/JavaVirtualMachines/jdk1.8.0_65.jdk/Contents/Home/jre/lib/ext/jaccess.jar:/Library/Java/JavaVirtualMachines/jdk1.8.0_65.jdk/Contents/Home/jre/lib/ext/jfxrt.jar:/Library/Java/JavaVirtualMachines/jdk1.8.0_65.jdk/Contents/Home/jre/lib/ext/localedata.jar:/Library/Java/JavaVirtualMachines/jdk1.8.0_65.jdk/Contents/Home/jre/lib/ext/nashorn.jar:/Library/Java/JavaVirtualMachines/jdk1.8.0_65.jdk/Contents/Home/jre/lib/ext/sunec.jar:/Library/Java/JavaVirtualMachines/jdk1.8.0_65.jdk/Contents/Home/jre/lib/ext/sunjce_provider.jar:/Library/Java/JavaVirtualMachines/jdk1.8.0_65.jdk/Contents/Home/jre/lib/ext/sunpkcs11.jar:/Library/Java/JavaVirtualMachines/jdk1.8.0_65.jdk/Contents/Home/jre/lib/ext/zipfs.jar:/Library/Java/JavaVirtualMachines/jdk1.8.0_65.jdk/Contents/Home/jre/lib/javaws.jar:/Library/Java/JavaVirtualMachines/jdk1.8.0_65.jdk/Contents/Home/jre/lib/jce.jar:/Library/Java/JavaVirtualMachines/jdk1.8.0_65.jdk/Contents/Home/jre/lib/jfr.jar:/Library/Java/JavaVirtualMachines/jdk1.8.0_65.jdk/Contents/Home/jre/lib/jfxswt.jar:/Library/Java/JavaVirtualMachines/jdk1.8.0_65.jdk/Contents/Home/jre/lib/jsse.jar:/Library/Java/JavaVirtualMachines/jdk1.8.0_65.jdk/Contents/Home/jre/lib/management-agent.jar:/Library/Java/JavaVirtualMachines/jdk1.8.0_65.jdk/Contents/Home/jre/lib/plugin.jar:/Library/Java/JavaVirtualMachines/jdk1.8.0_65.jdk/Contents/Home/jre/lib/resources.jar:/Library/Java/JavaVirtualMachines/jdk1.8.0_65.jdk/Contents/Home/jre/lib/rt.jar:/Library/Java/JavaVirtualMachines/jdk1.8.0_65.jdk/Contents/Home/lib/dt.jar:/Library/Java/JavaVirtualMachines/jdk1.8.0_65.jdk/Contents/Home/lib/javafx-mx.jar:/Library/Jav
Launcher Type: SUN_STANDARD

Environment Variables:
PATH=/Library/Frameworks/Python.framework/Versions/3.5/bin:/usr/local/bin:/usr/bin:/bin:/usr/sbin:/sbin
SHELL=/bin/zsh

Signal Handlers:
SIGSEGV: [libjvm.dylib+0x5a6d31], sa_mask[0]=11111111011111110111111111111111, sa_flags=SA_ONSTACK|SA_RESTART|SA_SIGINFO
SIGBUS: [libjvm.dylib+0x5a6d31], sa_mask[0]=11111111011111110111111111111111, sa_flags=SA_RESTART|SA_SIGINFO
SIGFPE: [libjvm.dylib+0x480a40], sa_mask[0]=11111111011111110111111111111111, sa_flags=SA_RESTART|SA_SIGINFO
SIGPIPE: [libjvm.dylib+0x480a40], sa_mask[0]=11111111011111110111111111111111, sa_flags=SA_RESTART|SA_SIGINFO
SIGXFSZ: [libjvm.dylib+0x480a40], sa_mask[0]=11111111011111110111111111111111, sa_flags=SA_RESTART|SA_SIGINFO
SIGILL: [libjvm.dylib+0x480a40], sa_mask[0]=11111111011111110111111111111111, sa_flags=SA_RESTART|SA_SIGINFO
SIGUSR1: SIG_DFL, sa_mask[0]=00000000000000000000000000000000, sa_flags=none
SIGUSR2: [libjvm.dylib+0x48055e], sa_mask[0]=00100000000000000000000000000000, sa_flags=SA_RESTART|SA_SIGINFO
SIGHUP: [libjvm.dylib+0x47eb35], sa_mask[0]=11111111011111110111111111111111, sa_flags=SA_RESTART|SA_SIGINFO
SIGINT: [libjvm.dylib+0x47eb35], sa_mask[0]=11111111011111110111111111111111, sa_flags=SA_RESTART|SA_SIGINFO
SIGTERM: [libjvm.dylib+0x47eb35], sa_mask[0]=11111111011111110111111111111111, sa_flags=SA_RESTART|SA_SIGINFO
SIGQUIT: [libjvm.dylib+0x47eb35], sa_mask[0]=11111111011111110111111111111111, sa_flags=SA_RESTART|SA_SIGINFO


---------------  S Y S T E M  ---------------

OS:Bsduname:Darwin 16.3.0 Darwin Kernel Version 16.3.0: Thu Nov 17 20:23:58 PST 2016; root:xnu-3789.31.2~1/RELEASE_X86_64 x86_64
rlimit: STACK 8192k, CORE 0k, NPROC 709, NOFILE 10240, AS infinity
load average:2.54 2.67 2.30

CPU:total 8 (4 cores per cpu, 2 threads per core) family 6 model 70 stepping 1, cmov, cx8, fxsr, mmx, sse, sse2, sse3, ssse3, sse4.1, sse4.2, popcnt, avx, avx2, aes, clmul, erms, lzcnt, ht, tsc, tscinvbit, bmi1, bmi2

Memory: 4k page, physical 16777216k(727988k free)

/proc/meminfo:


vm_info: Java HotSpot(TM) 64-Bit Server VM (25.65-b01) for bsd-amd64 JRE (1.8.0_65-b17), built on Oct  6 2015 15:36:46 by "java_re" with gcc 4.2.1 (Based on Apple Inc. build 5658) (LLVM build 2336.11.00)

time: Mon Dec 26 13:10:59 2016
elapsed time: 91 seconds (0d 0h 1m 31s)

