#
# A fatal error has been detected by the Java Runtime Environment:
#
#  SIGSEGV (0xb) at pc=0x0000000121127751, pid=10205, tid=27907
#
# JRE version: Java(TM) SE Runtime Environment (8.0_65-b17) (build 1.8.0_65-b17)
# Java VM: Java HotSpot(TM) 64-Bit Server VM (25.65-b01 mixed mode bsd-amd64 compressed oops)
# Problematic frame:
# C  [libavutil.55.dylib+0x19751]  av_freep+0x1
#
# Failed to write core dump. Core dumps have been disabled. To enable core dumping, try "ulimit -c unlimited" before starting Java again
#
# If you would like to submit a bug report, please visit:
#   http://bugreport.java.com/bugreport/crash.jsp
# The crash happened outside the Java Virtual Machine in native code.
# See problematic frame for where to report the bug.
#

---------------  T H R E A D  ---------------

Current thread (0x00007ff3678f4800):  JavaThread "Thread-4" daemon [_thread_in_native, id=27907, stack(0x000070000d210000,0x000070000d310000)]

siginfo: si_signo: 11 (SIGSEGV), si_code: 0 (unknown), si_addr: 0x0000000000000000

Registers:
RAX=0x0000000120e3d500, RBX=0x0000000000000000, RCX=0x0000000000000000, RDX=0x00007ff364fa1220
RSP=0x000070000d30f700, RBP=0x000070000d30f750, RSI=0x000070000d30f7e8, RDI=0x6c68686a6d726c6b
R8 =0x0000000000000008, R9 =0x0000000000000000, R10=0x000000011126f928, R11=0x0000000104edc4cf
R12=0x0000000000000000, R13=0x0000000123c58eb0, R14=0x00007ff364fa1258, R15=0x00007ff364fa1228
RIP=0x0000000121127751, EFLAGS=0x0000000000010202, ERR=0x0000000000000000
  TRAPNO=0x000000000000000d

Top of Stack: (sp=0x000070000d30f700)
0x000070000d30f700:   0000000120e3d500 00000001246a870c
0x000070000d30f710:   0000000120e3d500 00007ff364fa1220
0x000070000d30f720:   0000000000000000 000070000d30f7e8
0x000070000d30f730:   00007ff3678f4800 0000000120e3cf32
0x000070000d30f740:   0000000123c58eb0 000070000d30f7e8
0x000070000d30f750:   000070000d30f7b8 000000011126f954
0x000070000d30f760:   000070000d30f780 00007ff364965900
0x000070000d30f770:   00007ff3678f4800 000070000d30f778
0x000070000d30f780:   0000000000000000 000070000d30f7e8
0x000070000d30f790:   0000000123c5af50 0000000000000000
0x000070000d30f7a0:   0000000123c58eb0 0000000000000000
0x000070000d30f7b0:   000070000d30f7d8 000070000d30f830
0x000070000d30f7c0:   0000000111261c4d 0000000000000000
0x000070000d30f7d0:   0000000111269578 00007ff364fa1220
0x000070000d30f7e0:   00007ff364fa1220 00000007707d7ec8
0x000070000d30f7f0:   000070000d30f7f0 0000000123c591be
0x000070000d30f800:   000070000d30f840 0000000123c5af50
0x000070000d30f810:   0000000000000000 0000000123c591e0
0x000070000d30f820:   000070000d30f7d8 000070000d30f840
0x000070000d30f830:   000070000d30f888 0000000111261c4d
0x000070000d30f840:   00000007707d7ec8 000070000d30f848
0x000070000d30f850:   0000000123c590f9 000070000d30f898
0x000070000d30f860:   0000000123c5af50 0000000000000000
0x000070000d30f870:   0000000123c59128 000070000d30f840
0x000070000d30f880:   000070000d30f898 000070000d30f8e0
0x000070000d30f890:   0000000111261c4d 00000007707d7ec8
0x000070000d30f8a0:   000070000d30f8a0 000000012309fa15
0x000070000d30f8b0:   000070000d30f910 0000000123c574d8
0x000070000d30f8c0:   0000000000000000 000000012309fb88
0x000070000d30f8d0:   000070000d30f898 000070000d30f910
0x000070000d30f8e0:   000070000d30f958 0000000111261c92
0x000070000d30f8f0:   000000000000012c 0000000000000000 

Instructions: (pc=0x0000000121127751)
0x0000000121127731:   00 00 00 e8 6f a9 01 00 b8 f4 ff ff ff 48 83 c4
0x0000000121127741:   10 5b c3 66 66 66 2e 0f 1f 84 00 00 00 00 00 50
0x0000000121127751:   48 8b 07 48 c7 04 24 00 00 00 00 48 c7 07 00 00
0x0000000121127761:   00 00 48 89 c7 e8 3d a9 01 00 58 c3 0f 1f 00 48 

Register to memory mapping:

RAX=0x0000000120e3d500: Java_kh_com_kshrd_core_RtspStream_openRtspInternal+0x90 in /Users/sophatvathana/Desktop/Project/ipcam/IPCAM-VIDEO-STREAMING-API/native/mac/x86_64/strmrecv.dylib at 0x0000000120e3b000
RBX=0x0000000000000000 is an unknown value
RCX=0x0000000000000000 is an unknown value
RDX=0x00007ff364fa1220 is an unknown value
RSP=0x000070000d30f700 is pointing into the stack for thread: 0x00007ff3678f4800
RBP=0x000070000d30f750 is pointing into the stack for thread: 0x00007ff3678f4800
RSI=0x000070000d30f7e8 is pointing into the stack for thread: 0x00007ff3678f4800
RDI=0x6c68686a6d726c6b is an unknown value
R8 =0x0000000000000008 is an unknown value
R9 =0x0000000000000000 is an unknown value
R10=0x000000011126f928 is at code_begin+808 in an Interpreter codelet
method entry point (kind = native)  [0x000000011126f600, 0x000000011126ff00]  2304 bytes
R11=0x0000000104edc4cf: throw_unsatisfied_link_error+0 in /Library/Java/JavaVirtualMachines/jdk1.8.0_65.jdk/Contents/Home/jre/lib/server/libjvm.dylib at 0x0000000104a00000
R12=0x0000000000000000 is an unknown value
R13={method} {0x0000000123c58eb0} 'releaseContextInternal' '(J)V' in 'kh/com/kshrd/core/RtspStream'
R14=0x00007ff364fa1258 is an unknown value
R15=0x00007ff364fa1228 is an unknown value


Stack: [0x000070000d210000,0x000070000d310000],  sp=0x000070000d30f700,  free space=1021k
Native frames: (J=compiled Java code, j=interpreted, Vv=VM code, C=native code)
C  [libavutil.55.dylib+0x19751]  av_freep+0x1
j  kh.com.kshrd.core.RtspStream.releaseContextInternal(J)V+0
j  kh.com.kshrd.core.RtspStream.release()V+14
j  kh.com.kshrd.core.RtspStream.initialize()V+1
j  kh.com.kshrd.core.RtspCamera.run()V+269
j  java.lang.Thread.run()V+11
v  ~StubRoutines::call_stub
V  [libjvm.dylib+0x2eab02]
V  [libjvm.dylib+0x2eb290]
V  [libjvm.dylib+0x2eb43c]
V  [libjvm.dylib+0x345959]
V  [libjvm.dylib+0x5612d3]
V  [libjvm.dylib+0x5629ce]
V  [libjvm.dylib+0x48342e]
C  [libsystem_pthread.dylib+0x3aab]  _pthread_body+0xb4
C  [libsystem_pthread.dylib+0x39f7]  _pthread_body+0x0
C  [libsystem_pthread.dylib+0x31fd]  thread_start+0xd
C  0x0000000000000000

Java frames: (J=compiled Java code, j=interpreted, Vv=VM code)
j  kh.com.kshrd.core.RtspStream.releaseContextInternal(J)V+0
j  kh.com.kshrd.core.RtspStream.release()V+14
j  kh.com.kshrd.core.RtspStream.initialize()V+1
j  kh.com.kshrd.core.RtspCamera.run()V+269
j  java.lang.Thread.run()V+11
v  ~StubRoutines::call_stub

---------------  P R O C E S S  ---------------

Java Threads: ( => current thread )
  0x00007ff36a2de000 JavaThread "http-nio-9999-exec-10" daemon [_thread_blocked, id=31491, stack(0x000070000d925000,0x000070000da25000)]
  0x00007ff36a2dd800 JavaThread "http-nio-9999-exec-9" daemon [_thread_blocked, id=30979, stack(0x000070000d822000,0x000070000d922000)]
  0x00007ff36b46b800 JavaThread "http-nio-9999-exec-8" daemon [_thread_blocked, id=30467, stack(0x000070000d71f000,0x000070000d81f000)]
  0x00007ff36a09f800 JavaThread "http-nio-9999-exec-7" daemon [_thread_blocked, id=29955, stack(0x000070000d61c000,0x000070000d71c000)]
  0x00007ff36b538800 JavaThread "http-nio-9999-exec-6" daemon [_thread_blocked, id=29443, stack(0x000070000d519000,0x000070000d619000)]
  0x00007ff36aab1800 JavaThread "http-nio-9999-exec-5" daemon [_thread_blocked, id=28931, stack(0x000070000d416000,0x000070000d516000)]
  0x00007ff36aa77000 JavaThread "http-nio-9999-exec-4" daemon [_thread_blocked, id=28419, stack(0x000070000d313000,0x000070000d413000)]
  0x00007ff36aa75000 JavaThread "Thread-5" daemon [_thread_in_native, id=23559, stack(0x000070000c6ef000,0x000070000c7ef000)]
  0x00007ff36aa73800 JavaThread "http-nio-9999-exec-3" daemon [_thread_blocked, id=23303, stack(0x000070000c5ec000,0x000070000c6ec000)]
=>0x00007ff3678f4800 JavaThread "Thread-4" daemon [_thread_in_native, id=27907, stack(0x000070000d210000,0x000070000d310000)]
  0x00007ff369423000 JavaThread "http-nio-9999-exec-2" daemon [_thread_blocked, id=27395, stack(0x000070000d10d000,0x000070000d20d000)]
  0x00007ff369908000 JavaThread "Thread-3" daemon [_thread_in_native, id=4103, stack(0x000070000d00a000,0x000070000d10a000)]
  0x00007ff3681e0800 JavaThread "http-nio-9999-exec-1" daemon [_thread_blocked, id=5127, stack(0x000070000cf07000,0x000070000d007000)]
  0x00007ff366004000 JavaThread "DestroyJavaVM" [_thread_blocked, id=7171, stack(0x000070000b1b0000,0x000070000b2b0000)]
  0x00007ff36870c000 JavaThread "http-nio-9999-AsyncTimeout" daemon [_thread_blocked, id=26883, stack(0x000070000ce04000,0x000070000cf04000)]
  0x00007ff368389800 JavaThread "http-nio-9999-Acceptor-0" daemon [_thread_in_native, id=26371, stack(0x000070000cd01000,0x000070000ce01000)]
  0x00007ff368389000 JavaThread "http-nio-9999-ClientPoller-1" daemon [_thread_in_native, id=25859, stack(0x000070000cbfe000,0x000070000ccfe000)]
  0x00007ff36838f800 JavaThread "http-nio-9999-ClientPoller-0" daemon [_thread_in_native, id=25347, stack(0x000070000cafb000,0x000070000cbfb000)]
  0x00007ff3690e0800 JavaThread "NioBlockingSelector.BlockPoller-1" daemon [_thread_in_native, id=24835, stack(0x000070000c9f8000,0x000070000caf8000)]
  0x00007ff36438b000 JavaThread "container-0" [_thread_blocked, id=24323, stack(0x000070000c8f5000,0x000070000c9f5000)]
  0x00007ff3659ba000 JavaThread "ContainerBackgroundProcessor[StandardEngine[Tomcat]]" daemon [_thread_blocked, id=23811, stack(0x000070000c7f2000,0x000070000c8f2000)]
  0x00007ff36590d000 JavaThread "Monitor Ctrl-Break" daemon [_thread_in_native, id=22275, stack(0x000070000c4e9000,0x000070000c5e9000)]
  0x00007ff365807800 JavaThread "Service Thread" daemon [_thread_blocked, id=21251, stack(0x000070000c2e3000,0x000070000c3e3000)]
  0x00007ff366089000 JavaThread "C1 CompilerThread3" daemon [_thread_blocked, id=20739, stack(0x000070000c1e0000,0x000070000c2e0000)]
  0x00007ff366814000 JavaThread "C2 CompilerThread2" daemon [_thread_blocked, id=20227, stack(0x000070000c0dd000,0x000070000c1dd000)]
  0x00007ff366088800 JavaThread "C2 CompilerThread1" daemon [_thread_blocked, id=19715, stack(0x000070000bfda000,0x000070000c0da000)]
  0x00007ff366086800 JavaThread "C2 CompilerThread0" daemon [_thread_blocked, id=19203, stack(0x000070000bed7000,0x000070000bfd7000)]
  0x00007ff36606b800 JavaThread "Signal Dispatcher" daemon [_thread_blocked, id=18691, stack(0x000070000bdd4000,0x000070000bed4000)]
  0x00007ff367009000 JavaThread "Finalizer" daemon [_thread_blocked, id=14595, stack(0x000070000bcd1000,0x000070000bdd1000)]
  0x00007ff36603b000 JavaThread "Reference Handler" daemon [_thread_blocked, id=14083, stack(0x000070000bbce000,0x000070000bcce000)]

Other Threads:
  0x00007ff367003000 VMThread [stack: 0x000070000bacb000,0x000070000bbcb000] [id=13571]
  0x00007ff367017000 WatcherThread [stack: 0x000070000c3e6000,0x000070000c4e6000] [id=21763]

VM state:not at safepoint (normal execution)

VM Mutex/Monitor currently owned by a thread: None

Heap:
 PSYoungGen      total 335872K, used 193578K [0x000000076ab00000, 0x0000000786d00000, 0x00000007c0000000)
  eden space 314368K, 61% used [0x000000076ab00000,0x000000077680aae8,0x000000077de00000)
  from space 21504K, 0% used [0x000000077f280000,0x000000077f280000,0x0000000780780000)
  to   space 20992K, 0% used [0x000000077de00000,0x000000077de00000,0x000000077f280000)
 ParOldGen       total 178688K, used 26993K [0x00000006c0000000, 0x00000006cae80000, 0x000000076ab00000)
  object space 178688K, 15% used [0x00000006c0000000,0x00000006c1a5c678,0x00000006cae80000)
 Metaspace       used 49592K, capacity 50290K, committed 50432K, reserved 1093632K
  class space    used 5947K, capacity 6112K, committed 6144K, reserved 1048576K

Card table byte_map: [0x0000000105d49000,0x000000010654a000] byte_map_base: 0x0000000102749000

Marking Bits: (ParMarkBitMap*) 0x00000001052dee20
 Begin Bits: [0x0000000106aa0000, 0x000000010aaa0000)
 End Bits:   [0x000000010aaa0000, 0x000000010eaa0000)

Polling page: 0x0000000103878000

CodeCache: size=245760Kb used=17684Kb max_used=17695Kb free=228075Kb
 bounds [0x000000011125a000, 0x00000001123ba000, 0x000000012025a000]
 total_blobs=5483 nmethods=5005 adapters=390
 compilation: enabled

Compilation events (10 events):
Event: 95.736 Thread 0x00007ff366089000 5915       3       com.fasterxml.jackson.databind.ser.impl.ReadOnlyClassToSerializerMap$Bucket::<init> (39 bytes)
Event: 95.736 Thread 0x00007ff366089000 nmethod 5915 0x00000001123ae650 code [0x00000001123ae7c0, 0x00000001123aea70]
Event: 95.736 Thread 0x00007ff366089000 5916       3       org.apache.coyote.http11.Http11OutputBuffer::checkLengthBeforeWrite (33 bytes)
Event: 95.736 Thread 0x00007ff366086800 5917       4       java.nio.charset.CharsetEncoder::reset (11 bytes)
Event: 95.736 Thread 0x00007ff366814000 5918       4       java.nio.HeapByteBuffer::put (16 bytes)
Event: 95.736 Thread 0x00007ff366089000 nmethod 5916 0x00000001123aeb50 code [0x00000001123aece0, 0x00000001123aefb8]
Event: 95.737 Thread 0x00007ff366086800 nmethod 5917 0x000000011154b0d0 code [0x000000011154b220, 0x000000011154b278]
Event: 95.737 Thread 0x00007ff366089000 5919       3       org.apache.coyote.http11.Http11InputBuffer$HeaderParseData::recycle (21 bytes)
Event: 95.737 Thread 0x00007ff366089000 nmethod 5919 0x00000001123b19d0 code [0x00000001123b1b20, 0x00000001123b1cb0]
Event: 95.737 Thread 0x00007ff366814000 nmethod 5918 0x00000001123b0190 code [0x00000001123b02e0, 0x00000001123b03d8]

GC Heap History (10 events):
Event: 2.076 GC heap before
{Heap before GC invocations=4 (full 1):
 PSYoungGen      total 141824K, used 10724K [0x000000076ab00000, 0x000000077c000000, 0x00000007c0000000)
  eden space 131072K, 0% used [0x000000076ab00000,0x000000076ab00000,0x0000000772b00000)
  from space 10752K, 99% used [0x0000000772b00000,0x0000000773579280,0x0000000773580000)
  to   space 10752K, 0% used [0x000000077b580000,0x000000077b580000,0x000000077c000000)
 ParOldGen       total 175104K, used 4074K [0x00000006c0000000, 0x00000006cab00000, 0x000000076ab00000)
  object space 175104K, 2% used [0x00000006c0000000,0x00000006c03fa8e0,0x00000006cab00000)
 Metaspace       used 20947K, capacity 21230K, committed 21296K, reserved 1069056K
  class space    used 2573K, capacity 2678K, committed 2688K, reserved 1048576K
Event: 2.110 GC heap after
Heap after GC invocations=4 (full 1):
 PSYoungGen      total 141824K, used 0K [0x000000076ab00000, 0x000000077c000000, 0x00000007c0000000)
  eden space 131072K, 0% used [0x000000076ab00000,0x000000076ab00000,0x0000000772b00000)
  from space 10752K, 0% used [0x0000000772b00000,0x0000000772b00000,0x0000000773580000)
  to   space 10752K, 0% used [0x000000077b580000,0x000000077b580000,0x000000077c000000)
 ParOldGen       total 110592K, used 12200K [0x00000006c0000000, 0x00000006c6c00000, 0x000000076ab00000)
  object space 110592K, 11% used [0x00000006c0000000,0x00000006c0bea3b8,0x00000006c6c00000)
 Metaspace       used 20947K, capacity 21230K, committed 21296K, reserved 1069056K
  class space    used 2573K, capacity 2678K, committed 2688K, reserved 1048576K
}
Event: 2.996 GC heap before
{Heap before GC invocations=5 (full 1):
 PSYoungGen      total 141824K, used 131072K [0x000000076ab00000, 0x000000077c000000, 0x00000007c0000000)
  eden space 131072K, 100% used [0x000000076ab00000,0x0000000772b00000,0x0000000772b00000)
  from space 10752K, 0% used [0x0000000772b00000,0x0000000772b00000,0x0000000773580000)
  to   space 10752K, 0% used [0x000000077b580000,0x000000077b580000,0x000000077c000000)
 ParOldGen       total 110592K, used 12200K [0x00000006c0000000, 0x00000006c6c00000, 0x000000076ab00000)
  object space 110592K, 11% used [0x00000006c0000000,0x00000006c0bea3b8,0x00000006c6c00000)
 Metaspace       used 27675K, capacity 27986K, committed 28160K, reserved 1073152K
  class space    used 3415K, capacity 3516K, committed 3584K, reserved 1048576K
Event: 3.015 GC heap after
Heap after GC invocations=5 (full 1):
 PSYoungGen      total 214016K, used 10745K [0x000000076ab00000, 0x000000077c000000, 0x00000007c0000000)
  eden space 203264K, 0% used [0x000000076ab00000,0x000000076ab00000,0x0000000777180000)
  from space 10752K, 99% used [0x000000077b580000,0x000000077bffe7c8,0x000000077c000000)
  to   space 10752K, 0% used [0x000000077ab00000,0x000000077ab00000,0x000000077b580000)
 ParOldGen       total 110592K, used 22743K [0x00000006c0000000, 0x00000006c6c00000, 0x000000076ab00000)
  object space 110592K, 20% used [0x00000006c0000000,0x00000006c1635d50,0x00000006c6c00000)
 Metaspace       used 27675K, capacity 27986K, committed 28160K, reserved 1073152K
  class space    used 3415K, capacity 3516K, committed 3584K, reserved 1048576K
}
Event: 4.144 GC heap before
{Heap before GC invocations=6 (full 1):
 PSYoungGen      total 214016K, used 214009K [0x000000076ab00000, 0x000000077c000000, 0x00000007c0000000)
  eden space 203264K, 100% used [0x000000076ab00000,0x0000000777180000,0x0000000777180000)
  from space 10752K, 99% used [0x000000077b580000,0x000000077bffe7c8,0x000000077c000000)
  to   space 10752K, 0% used [0x000000077ab00000,0x000000077ab00000,0x000000077b580000)
 ParOldGen       total 110592K, used 22743K [0x00000006c0000000, 0x00000006c6c00000, 0x000000076ab00000)
  object space 110592K, 20% used [0x00000006c0000000,0x00000006c1635d50,0x00000006c6c00000)
 Metaspace       used 33552K, capacity 33972K, committed 34176K, reserved 1079296K
  class space    used 4245K, capacity 4359K, committed 4480K, reserved 1048576K
Event: 4.165 GC heap after
Heap after GC invocations=6 (full 1):
 PSYoungGen      total 272896K, used 10725K [0x000000076ab00000, 0x0000000780780000, 0x00000007c0000000)
  eden space 262144K, 0% used [0x000000076ab00000,0x000000076ab00000,0x000000077ab00000)
  from space 10752K, 99% used [0x000000077ab00000,0x000000077b579778,0x000000077b580000)
  to   space 21504K, 0% used [0x000000077f280000,0x000000077f280000,0x0000000780780000)
 ParOldGen       total 110592K, used 29362K [0x00000006c0000000, 0x00000006c6c00000, 0x000000076ab00000)
  object space 110592K, 26% used [0x00000006c0000000,0x00000006c1caca90,0x00000006c6c00000)
 Metaspace       used 33552K, capacity 33972K, committed 34176K, reserved 1079296K
  class space    used 4245K, capacity 4359K, committed 4480K, reserved 1048576K
}
Event: 4.465 GC heap before
{Heap before GC invocations=7 (full 1):
 PSYoungGen      total 272896K, used 80931K [0x000000076ab00000, 0x0000000780780000, 0x00000007c0000000)
  eden space 262144K, 26% used [0x000000076ab00000,0x000000076ef8f778,0x000000077ab00000)
  from space 10752K, 99% used [0x000000077ab00000,0x000000077b579778,0x000000077b580000)
  to   space 21504K, 0% used [0x000000077f280000,0x000000077f280000,0x0000000780780000)
 ParOldGen       total 110592K, used 29362K [0x00000006c0000000, 0x00000006c6c00000, 0x000000076ab00000)
  object space 110592K, 26% used [0x00000006c0000000,0x00000006c1caca90,0x00000006c6c00000)
 Metaspace       used 34928K, capacity 35328K, committed 35496K, reserved 1081344K
  class space    used 4430K, capacity 4553K, committed 4608K, reserved 1048576K
Event: 4.477 GC heap after
Heap after GC invocations=7 (full 1):
 PSYoungGen      total 335872K, used 14003K [0x000000076ab00000, 0x0000000786d00000, 0x00000007c0000000)
  eden space 314368K, 0% used [0x000000076ab00000,0x000000076ab00000,0x000000077de00000)
  from space 21504K, 65% used [0x000000077f280000,0x000000078002cf48,0x0000000780780000)
  to   space 20992K, 0% used [0x000000077de00000,0x000000077de00000,0x000000077f280000)
 ParOldGen       total 110592K, used 29370K [0x00000006c0000000, 0x00000006c6c00000, 0x000000076ab00000)
  object space 110592K, 26% used [0x00000006c0000000,0x00000006c1caea90,0x00000006c6c00000)
 Metaspace       used 34928K, capacity 35328K, committed 35496K, reserved 1081344K
  class space    used 4430K, capacity 4553K, committed 4608K, reserved 1048576K
}
Event: 4.477 GC heap before
{Heap before GC invocations=8 (full 2):
 PSYoungGen      total 335872K, used 14003K [0x000000076ab00000, 0x0000000786d00000, 0x00000007c0000000)
  eden space 314368K, 0% used [0x000000076ab00000,0x000000076ab00000,0x000000077de00000)
  from space 21504K, 65% used [0x000000077f280000,0x000000078002cf48,0x0000000780780000)
  to   space 20992K, 0% used [0x000000077de00000,0x000000077de00000,0x000000077f280000)
 ParOldGen       total 110592K, used 29370K [0x00000006c0000000, 0x00000006c6c00000, 0x000000076ab00000)
  object space 110592K, 26% used [0x00000006c0000000,0x00000006c1caea90,0x00000006c6c00000)
 Metaspace       used 34928K, capacity 35328K, committed 35496K, reserved 1081344K
  class space    used 4430K, capacity 4553K, committed 4608K, reserved 1048576K
Event: 4.543 GC heap after
Heap after GC invocations=8 (full 2):
 PSYoungGen      total 335872K, used 0K [0x000000076ab00000, 0x0000000786d00000, 0x00000007c0000000)
  eden space 314368K, 0% used [0x000000076ab00000,0x000000076ab00000,0x000000077de00000)
  from space 21504K, 0% used [0x000000077f280000,0x000000077f280000,0x0000000780780000)
  to   space 20992K, 0% used [0x000000077de00000,0x000000077de00000,0x000000077f280000)
 ParOldGen       total 178688K, used 26993K [0x00000006c0000000, 0x00000006cae80000, 0x000000076ab00000)
  object space 178688K, 15% used [0x00000006c0000000,0x00000006c1a5c678,0x00000006cae80000)
 Metaspace       used 34928K, capacity 35328K, committed 35496K, reserved 1081344K
  class space    used 4430K, capacity 4553K, committed 4608K, reserved 1048576K
}

Deoptimization events (10 events):
Event: 79.440 Thread 0x00007ff36b46b800 Uncommon trap: reason=unstable_if action=reinterpret pc=0x0000000111bea630 method=java.lang.Class.annotationData()Ljava/lang/Class$AnnotationData; @ 36
Event: 79.440 Thread 0x00007ff36b46b800 Uncommon trap: reason=unstable_if action=reinterpret pc=0x0000000111bea630 method=java.lang.Class.annotationData()Ljava/lang/Class$AnnotationData; @ 36
Event: 79.440 Thread 0x00007ff36a09f800 Uncommon trap: reason=unstable_if action=reinterpret pc=0x0000000111bea630 method=java.lang.Class.annotationData()Ljava/lang/Class$AnnotationData; @ 36
Event: 79.440 Thread 0x00007ff36a09f800 Uncommon trap: reason=unstable_if action=reinterpret pc=0x0000000111bea630 method=java.lang.Class.annotationData()Ljava/lang/Class$AnnotationData; @ 36
Event: 79.440 Thread 0x00007ff36a09f800 Uncommon trap: reason=unstable_if action=reinterpret pc=0x0000000111bea630 method=java.lang.Class.annotationData()Ljava/lang/Class$AnnotationData; @ 36
Event: 79.441 Thread 0x00007ff36a2de000 Uncommon trap: reason=unstable_if action=reinterpret pc=0x0000000111bea630 method=java.lang.Class.annotationData()Ljava/lang/Class$AnnotationData; @ 36
Event: 90.127 Thread 0x00007ff36a2dd800 Uncommon trap: reason=class_check action=maybe_recompile pc=0x0000000111a162c8 method=java.lang.StringCoding$StringEncoder.encode([CII)[B @ 30
Event: 90.159 Thread 0x00007ff36a2dd800 Uncommon trap: reason=unstable_if action=reinterpret pc=0x000000011169bd6c method=java.lang.Class.arrayContentsEq([Ljava/lang/Object;[Ljava/lang/Object;)Z @ 10
Event: 90.189 Thread 0x00007ff36a2dd800 Uncommon trap: reason=class_check action=maybe_recompile pc=0x0000000111a162c8 method=java.lang.StringCoding$StringEncoder.encode([CII)[B @ 30
Event: 95.715 Thread 0x00007ff36b46b800 Uncommon trap: reason=class_check action=maybe_recompile pc=0x0000000111a162c8 method=java.lang.StringCoding$StringEncoder.encode([CII)[B @ 30

Internal exceptions (10 events):
Event: 74.697 Thread 0x00007ff36aab1800 Exception <a 'java/lang/ClassNotFoundException': javax/servlet/http/HttpServletRequestWrapperCustomizer> (0x0000000773f7b8f0) thrown at [/Users/java_re/workspace/8-2-build-macosx-x86_64/jdk8u65/4987/hotspot/src/share/vm/classfile/systemDictionary.cpp, lin
Event: 74.697 Thread 0x00007ff36a09f800 Exception <a 'java/lang/ClassNotFoundException': javax/servlet/http/HttpServletRequestWrapperCustomizer> (0x0000000774089a90) thrown at [/Users/java_re/workspace/8-2-build-macosx-x86_64/jdk8u65/4987/hotspot/src/share/vm/classfile/systemDictionary.cpp, lin
Event: 74.698 Thread 0x00007ff36a09f800 Exception <a 'java/lang/ClassNotFoundException': org/springframework/security/web/servletapi/SecurityContextHolderAwareRequestWrapperCustomizer> (0x00000007740cd260) thrown at [/Users/java_re/workspace/8-2-build-macosx-x86_64/jdk8u65/4987/hotspot/src/shar
Event: 74.699 Thread 0x00007ff36aab1800 Exception <a 'java/lang/ClassNotFoundException': org/springframework/security/web/servletapi/SecurityContextHolderAwareRequestWrapperCustomizer> (0x0000000773fc48f8) thrown at [/Users/java_re/workspace/8-2-build-macosx-x86_64/jdk8u65/4987/hotspot/src/shar
Event: 74.699 Thread 0x00007ff36a09f800 Exception <a 'java/lang/ClassNotFoundException': org/springframework/security/web/servletapi/HttpServlet3RequestFactory$Servlet3SecurityContextHolderAwareRequestWrapperCustomizer> (0x000000077410ed28) thrown at [/Users/java_re/workspace/8-2-build-macosx-x
Event: 74.699 Thread 0x00007ff36aab1800 Exception <a 'java/lang/ClassNotFoundException': org/springframework/security/web/servletapi/HttpServlet3RequestFactory$Servlet3SecurityContextHolderAwareRequestWrapperCustomizer> (0x0000000774002d50) thrown at [/Users/java_re/workspace/8-2-build-macosx-x
Event: 74.704 Thread 0x00007ff36aab1800 Exception <a 'java/io/IOException'> (0x00000007740117d0) thrown at [/Users/java_re/workspace/8-2-build-macosx-x86_64/jdk8u65/4987/hotspot/src/share/vm/prims/jni.cpp, line 709]
Event: 79.040 Thread 0x00007ff36a2de000 Exception <a 'java/lang/ArrayIndexOutOfBoundsException'> (0x000000077477b0d0) thrown at [/Users/java_re/workspace/8-2-build-macosx-x86_64/jdk8u65/4987/hotspot/src/share/vm/runtime/sharedRuntime.cpp, line 605]
Event: 79.364 Thread 0x00007ff36aab1800 Exception <a 'java/io/FileNotFoundException'> (0x0000000775457788) thrown at [/Users/java_re/workspace/8-2-build-macosx-x86_64/jdk8u65/4987/hotspot/src/share/vm/prims/jni.cpp, line 709]
Event: 79.364 Thread 0x00007ff36aab1800 Exception <a 'java/io/FileNotFoundException'> (0x00000007754586f0) thrown at [/Users/java_re/workspace/8-2-build-macosx-x86_64/jdk8u65/4987/hotspot/src/share/vm/prims/jni.cpp, line 709]

Events (10 events):
Event: 90.215 Executing VM operation: RevokeBias done
Event: 90.215 Executing VM operation: RevokeBias
Event: 90.215 Executing VM operation: RevokeBias done
Event: 90.215 Executing VM operation: RevokeBias
Event: 90.215 Executing VM operation: RevokeBias done
Event: 95.697 loading class kh/com/kshrd/hikvision/ServiceProvider
Event: 95.697 loading class kh/com/kshrd/hikvision/ServiceProvider done
Event: 95.715 Thread 0x00007ff36b46b800 Uncommon trap: trap_request=0xffffffde fr.pc=0x0000000111a162c8
Event: 95.715 Thread 0x00007ff36b46b800 DEOPT PACKING pc=0x0000000111a162c8 sp=0x000070000d81a4c0
Event: 95.715 Thread 0x00007ff36b46b800 DEOPT UNPACKING pc=0x000000011125f229 sp=0x000070000d81a460 mode 2


Dynamic libraries:
0x00000000414c9000 	/System/Library/Frameworks/Cocoa.framework/Versions/A/Cocoa
0x00000000414c9000 	/System/Library/Frameworks/Security.framework/Versions/A/Security
0x00000000414c9000 	/System/Library/Frameworks/ApplicationServices.framework/Versions/A/ApplicationServices
0x00000000414c9000 	/usr/lib/libz.1.dylib
0x00000000414c9000 	/usr/lib/libSystem.B.dylib
0x00000000414c9000 	/usr/lib/libobjc.A.dylib
0x00000000414c9000 	/System/Library/Frameworks/CoreFoundation.framework/Versions/A/CoreFoundation
0x00000000414c9000 	/System/Library/Frameworks/Foundation.framework/Versions/C/Foundation
0x00000000414c9000 	/System/Library/Frameworks/AppKit.framework/Versions/C/AppKit
0x00000000414c9000 	/System/Library/Frameworks/CoreData.framework/Versions/A/CoreData
0x00000000414c9000 	/System/Library/PrivateFrameworks/RemoteViewServices.framework/Versions/A/RemoteViewServices
0x00000000414c9000 	/System/Library/PrivateFrameworks/UIFoundation.framework/Versions/A/UIFoundation
0x00000000414c9000 	/System/Library/PrivateFrameworks/DFRFoundation.framework/Versions/A/DFRFoundation
0x00000000414c9000 	/usr/lib/libenergytrace.dylib
0x00000000414c9000 	/System/Library/PrivateFrameworks/SkyLight.framework/Versions/A/SkyLight
0x00000000414c9000 	/System/Library/Frameworks/CoreGraphics.framework/Versions/A/CoreGraphics
0x00000000414c9000 	/usr/lib/libScreenReader.dylib
0x00000000414c9000 	/System/Library/Frameworks/Accelerate.framework/Versions/A/Accelerate
0x00000000414c9000 	/System/Library/Frameworks/IOSurface.framework/Versions/A/IOSurface
0x00000000414c9000 	/System/Library/Frameworks/AudioToolbox.framework/Versions/A/AudioToolbox
0x00000000414c9000 	/System/Library/Frameworks/AudioUnit.framework/Versions/A/AudioUnit
0x00000000414c9000 	/System/Library/PrivateFrameworks/DataDetectorsCore.framework/Versions/A/DataDetectorsCore
0x00000000414c9000 	/System/Library/PrivateFrameworks/DesktopServicesPriv.framework/Versions/A/DesktopServicesPriv
0x00000000414c9000 	/System/Library/Frameworks/Carbon.framework/Versions/A/Frameworks/HIToolbox.framework/Versions/A/HIToolbox
0x00000000414c9000 	/usr/lib/libicucore.A.dylib
0x00000000414c9000 	/System/Library/Frameworks/QuartzCore.framework/Versions/A/QuartzCore
0x00000000414c9000 	/System/Library/Frameworks/Carbon.framework/Versions/A/Frameworks/SpeechRecognition.framework/Versions/A/SpeechRecognition
0x00000000414c9000 	/usr/lib/libauto.dylib
0x00000000414c9000 	/usr/lib/libxml2.2.dylib
0x00000000414c9000 	/System/Library/PrivateFrameworks/CoreUI.framework/Versions/A/CoreUI
0x00000000414c9000 	/System/Library/Frameworks/CoreAudio.framework/Versions/A/CoreAudio
0x00000000414c9000 	/System/Library/Frameworks/DiskArbitration.framework/Versions/A/DiskArbitration
0x00000000414c9000 	/usr/lib/liblangid.dylib
0x00000000414c9000 	/System/Library/PrivateFrameworks/MultitouchSupport.framework/Versions/A/MultitouchSupport
0x00000000414c9000 	/System/Library/Frameworks/IOKit.framework/Versions/A/IOKit
0x00000000414c9000 	/usr/lib/libDiagnosticMessagesClient.dylib
0x00000000414c9000 	/System/Library/Frameworks/CoreServices.framework/Versions/A/CoreServices
0x00000000414c9000 	/System/Library/PrivateFrameworks/PerformanceAnalysis.framework/Versions/A/PerformanceAnalysis
0x00000000414c9000 	/System/Library/PrivateFrameworks/GenerationalStorage.framework/Versions/A/GenerationalStorage
0x00000000414c9000 	/System/Library/Frameworks/OpenGL.framework/Versions/A/OpenGL
0x00000000414c9000 	/System/Library/Frameworks/CoreImage.framework/Versions/A/CoreImage
0x00000000414c9000 	/System/Library/Frameworks/CoreText.framework/Versions/A/CoreText
0x00000000414c9000 	/System/Library/Frameworks/ImageIO.framework/Versions/A/ImageIO
0x00000000414c9000 	/System/Library/PrivateFrameworks/Backup.framework/Versions/A/Backup
0x00000000414c9000 	/usr/lib/libarchive.2.dylib
0x00000000414c9000 	/System/Library/Frameworks/CFNetwork.framework/Versions/A/CFNetwork
0x00000000414c9000 	/System/Library/Frameworks/SystemConfiguration.framework/Versions/A/SystemConfiguration
0x00000000414c9000 	/usr/lib/libCRFSuite.dylib
0x00000000414c9000 	/usr/lib/libc++.1.dylib
0x00000000414c9000 	/usr/lib/libc++abi.dylib
0x00000000414c9000 	/usr/lib/system/libcache.dylib
0x00000000414c9000 	/usr/lib/system/libcommonCrypto.dylib
0x00000000414c9000 	/usr/lib/system/libcompiler_rt.dylib
0x00000000414c9000 	/usr/lib/system/libcopyfile.dylib
0x00000000414c9000 	/usr/lib/system/libcorecrypto.dylib
0x00000000414c9000 	/usr/lib/system/libdispatch.dylib
0x00000000414c9000 	/usr/lib/system/libdyld.dylib
0x00000000414c9000 	/usr/lib/system/libkeymgr.dylib
0x00000000414c9000 	/usr/lib/system/liblaunch.dylib
0x00000000414c9000 	/usr/lib/system/libmacho.dylib
0x00000000414c9000 	/usr/lib/system/libquarantine.dylib
0x00000000414c9000 	/usr/lib/system/libremovefile.dylib
0x00000000414c9000 	/usr/lib/system/libsystem_asl.dylib
0x00000000414c9000 	/usr/lib/system/libsystem_blocks.dylib
0x00000000414c9000 	/usr/lib/system/libsystem_c.dylib
0x00000000414c9000 	/usr/lib/system/libsystem_configuration.dylib
0x00000000414c9000 	/usr/lib/system/libsystem_coreservices.dylib
0x00000000414c9000 	/usr/lib/system/libsystem_coretls.dylib
0x00000000414c9000 	/usr/lib/system/libsystem_dnssd.dylib
0x00000000414c9000 	/usr/lib/system/libsystem_info.dylib
0x00000000414c9000 	/usr/lib/system/libsystem_kernel.dylib
0x00000000414c9000 	/usr/lib/system/libsystem_m.dylib
0x00000000414c9000 	/usr/lib/system/libsystem_malloc.dylib
0x00000000414c9000 	/usr/lib/system/libsystem_network.dylib
0x00000000414c9000 	/usr/lib/system/libsystem_networkextension.dylib
0x00000000414c9000 	/usr/lib/system/libsystem_notify.dylib
0x00000000414c9000 	/usr/lib/system/libsystem_platform.dylib
0x00000000414c9000 	/usr/lib/system/libsystem_pthread.dylib
0x00000000414c9000 	/usr/lib/system/libsystem_sandbox.dylib
0x00000000414c9000 	/usr/lib/system/libsystem_secinit.dylib
0x00000000414c9000 	/usr/lib/system/libsystem_symptoms.dylib
0x00000000414c9000 	/usr/lib/system/libsystem_trace.dylib
0x00000000414c9000 	/usr/lib/system/libunwind.dylib
0x00000000414c9000 	/usr/lib/system/libxpc.dylib
0x00000000414c9000 	/usr/lib/libbsm.0.dylib
0x00000000414c9000 	/usr/lib/system/libkxld.dylib
0x00000000414c9000 	/usr/lib/libcoretls.dylib
0x00000000414c9000 	/usr/lib/libcoretls_cfhelpers.dylib
0x00000000414c9000 	/usr/lib/libxar.1.dylib
0x00000000414c9000 	/usr/lib/libsqlite3.dylib
0x00000000414c9000 	/usr/lib/libpam.2.dylib
0x00000000414c9000 	/usr/lib/libOpenScriptingUtil.dylib
0x00000000414c9000 	/usr/lib/libbz2.1.0.dylib
0x00000000414c9000 	/usr/lib/liblzma.5.dylib
0x00000000414c9000 	/usr/lib/libnetwork.dylib
0x00000000414c9000 	/usr/lib/libpcap.A.dylib
0x00000000414c9000 	/System/Library/Frameworks/CoreServices.framework/Versions/A/Frameworks/FSEvents.framework/Versions/A/FSEvents
0x00000000414c9000 	/System/Library/Frameworks/CoreServices.framework/Versions/A/Frameworks/CarbonCore.framework/Versions/A/CarbonCore
0x00000000414c9000 	/System/Library/Frameworks/CoreServices.framework/Versions/A/Frameworks/Metadata.framework/Versions/A/Metadata
0x00000000414c9000 	/System/Library/Frameworks/CoreServices.framework/Versions/A/Frameworks/OSServices.framework/Versions/A/OSServices
0x00000000414c9000 	/System/Library/Frameworks/CoreServices.framework/Versions/A/Frameworks/SearchKit.framework/Versions/A/SearchKit
0x00000000414c9000 	/System/Library/Frameworks/CoreServices.framework/Versions/A/Frameworks/AE.framework/Versions/A/AE
0x00000000414c9000 	/System/Library/Frameworks/CoreServices.framework/Versions/A/Frameworks/LaunchServices.framework/Versions/A/LaunchServices
0x00000000414c9000 	/System/Library/Frameworks/CoreServices.framework/Versions/A/Frameworks/DictionaryServices.framework/Versions/A/DictionaryServices
0x00000000414c9000 	/System/Library/Frameworks/CoreServices.framework/Versions/A/Frameworks/SharedFileList.framework/Versions/A/SharedFileList
0x00000000414c9000 	/System/Library/Frameworks/NetFS.framework/Versions/A/NetFS
0x00000000414c9000 	/System/Library/PrivateFrameworks/NetAuth.framework/Versions/A/NetAuth
0x00000000414c9000 	/System/Library/PrivateFrameworks/login.framework/Versions/A/Frameworks/loginsupport.framework/Versions/A/loginsupport
0x00000000414c9000 	/System/Library/PrivateFrameworks/TCC.framework/Versions/A/TCC
0x00000000414c9000 	/usr/lib/libmecabra.dylib
0x00000000414c9000 	/System/Library/Frameworks/ApplicationServices.framework/Versions/A/Frameworks/ATS.framework/Versions/A/ATS
0x00000000414c9000 	/System/Library/Frameworks/ApplicationServices.framework/Versions/A/Frameworks/ColorSync.framework/Versions/A/ColorSync
0x00000000414c9000 	/System/Library/Frameworks/ApplicationServices.framework/Versions/A/Frameworks/HIServices.framework/Versions/A/HIServices
0x00000000414c9000 	/System/Library/Frameworks/ApplicationServices.framework/Versions/A/Frameworks/LangAnalysis.framework/Versions/A/LangAnalysis
0x00000000414c9000 	/System/Library/Frameworks/ApplicationServices.framework/Versions/A/Frameworks/PrintCore.framework/Versions/A/PrintCore
0x00000000414c9000 	/System/Library/Frameworks/ApplicationServices.framework/Versions/A/Frameworks/QD.framework/Versions/A/QD
0x00000000414c9000 	/System/Library/Frameworks/ApplicationServices.framework/Versions/A/Frameworks/SpeechSynthesis.framework/Versions/A/SpeechSynthesis
0x00000000414c9000 	/System/Library/Frameworks/Accelerate.framework/Versions/A/Frameworks/vImage.framework/Versions/A/vImage
0x00000000414c9000 	/System/Library/Frameworks/Accelerate.framework/Versions/A/Frameworks/vecLib.framework/Versions/A/vecLib
0x00000000414c9000 	/System/Library/Frameworks/Accelerate.framework/Versions/A/Frameworks/vecLib.framework/Versions/A/libvDSP.dylib
0x00000000414c9000 	/System/Library/Frameworks/Accelerate.framework/Versions/A/Frameworks/vecLib.framework/Versions/A/libBNNS.dylib
0x00000000414c9000 	/System/Library/Frameworks/Accelerate.framework/Versions/A/Frameworks/vecLib.framework/Versions/A/libQuadrature.dylib
0x00000000414c9000 	/System/Library/Frameworks/Accelerate.framework/Versions/A/Frameworks/vecLib.framework/Versions/A/libvMisc.dylib
0x00000000414c9000 	/System/Library/Frameworks/Accelerate.framework/Versions/A/Frameworks/vecLib.framework/Versions/A/libLAPACK.dylib
0x00000000414c9000 	/System/Library/Frameworks/Accelerate.framework/Versions/A/Frameworks/vecLib.framework/Versions/A/libBLAS.dylib
0x00000000414c9000 	/System/Library/Frameworks/Accelerate.framework/Versions/A/Frameworks/vecLib.framework/Versions/A/libLinearAlgebra.dylib
0x00000000414c9000 	/System/Library/Frameworks/Accelerate.framework/Versions/A/Frameworks/vecLib.framework/Versions/A/libSparseBLAS.dylib
0x00000000414c9000 	/System/Library/Frameworks/ApplicationServices.framework/Versions/A/Frameworks/ATS.framework/Versions/A/Resources/libFontParser.dylib
0x00000000414c9000 	/System/Library/Frameworks/ApplicationServices.framework/Versions/A/Frameworks/ATS.framework/Versions/A/Resources/libFontRegistry.dylib
0x00000000414c9000 	/System/Library/Frameworks/ImageIO.framework/Versions/A/Resources/libJPEG.dylib
0x00000000414c9000 	/System/Library/Frameworks/ImageIO.framework/Versions/A/Resources/libTIFF.dylib
0x00000000414c9000 	/System/Library/Frameworks/ImageIO.framework/Versions/A/Resources/libPng.dylib
0x00000000414c9000 	/System/Library/Frameworks/ImageIO.framework/Versions/A/Resources/libGIF.dylib
0x00000000414c9000 	/System/Library/Frameworks/ImageIO.framework/Versions/A/Resources/libJP2.dylib
0x00000000414c9000 	/System/Library/Frameworks/ImageIO.framework/Versions/A/Resources/libRadiance.dylib
0x00000000414c9000 	/usr/lib/libcompression.dylib
0x00000000414c9000 	/System/Library/PrivateFrameworks/AppleJPEG.framework/Versions/A/AppleJPEG
0x00000000414c9000 	/usr/lib/libcups.2.dylib
0x00000000414c9000 	/System/Library/Frameworks/Kerberos.framework/Versions/A/Kerberos
0x00000000414c9000 	/System/Library/Frameworks/GSS.framework/Versions/A/GSS
0x00000000414c9000 	/usr/lib/libresolv.9.dylib
0x00000000414c9000 	/usr/lib/libiconv.2.dylib
0x00000000414c9000 	/System/Library/PrivateFrameworks/Heimdal.framework/Versions/A/Heimdal
0x00000000414c9000 	/usr/lib/libheimdal-asn1.dylib
0x00000000414c9000 	/System/Library/Frameworks/OpenDirectory.framework/Versions/A/OpenDirectory
0x00000000414c9000 	/System/Library/PrivateFrameworks/CommonAuth.framework/Versions/A/CommonAuth
0x00000000414c9000 	/System/Library/Frameworks/OpenDirectory.framework/Versions/A/Frameworks/CFOpenDirectory.framework/Versions/A/CFOpenDirectory
0x00000000414c9000 	/System/Library/Frameworks/SecurityFoundation.framework/Versions/A/SecurityFoundation
0x00000000414c9000 	/System/Library/PrivateFrameworks/LanguageModeling.framework/Versions/A/LanguageModeling
0x00000000414c9000 	/usr/lib/libmarisa.dylib
0x00000000414c9000 	/usr/lib/libChineseTokenizer.dylib
0x00000000414c9000 	/usr/lib/libcmph.dylib
0x00000000414c9000 	/System/Library/PrivateFrameworks/CoreEmoji.framework/Versions/A/CoreEmoji
0x00000000414c9000 	/System/Library/Frameworks/ServiceManagement.framework/Versions/A/ServiceManagement
0x00000000414c9000 	/usr/lib/libxslt.1.dylib
0x00000000414c9000 	/System/Library/Frameworks/Carbon.framework/Versions/A/Frameworks/Ink.framework/Versions/A/Ink
0x00000000414c9000 	/System/Library/PrivateFrameworks/TextureIO.framework/Versions/A/TextureIO
0x00000000414c9000 	/System/Library/Frameworks/Metal.framework/Versions/A/Metal
0x00000000414c9000 	/usr/lib/libate.dylib
0x00000000414c9000 	/System/Library/PrivateFrameworks/GPUCompiler.framework/libmetal_timestamp.dylib
0x00000000414c9000 	/System/Library/Frameworks/OpenGL.framework/Versions/A/Libraries/libCoreFSCache.dylib
0x00000000414c9000 	/System/Library/PrivateFrameworks/IOAccelerator.framework/Versions/A/IOAccelerator
0x00000000414c9000 	/System/Library/Frameworks/CoreVideo.framework/Versions/A/CoreVideo
0x00000000414c9000 	/usr/lib/libFosl_dynamic.dylib
0x00000000414c9000 	/System/Library/PrivateFrameworks/MetalPerformanceShaders.framework/Versions/A/MetalPerformanceShaders
0x00000000414c9000 	/System/Library/PrivateFrameworks/FaceCore.framework/Versions/A/FaceCore
0x00000000414c9000 	/System/Library/Frameworks/OpenCL.framework/Versions/A/OpenCL
0x00000000414c9000 	/System/Library/Frameworks/OpenGL.framework/Versions/A/Libraries/libGLU.dylib
0x00000000414c9000 	/System/Library/Frameworks/OpenGL.framework/Versions/A/Libraries/libGFXShared.dylib
0x00000000414c9000 	/System/Library/Frameworks/OpenGL.framework/Versions/A/Libraries/libGL.dylib
0x00000000414c9000 	/System/Library/Frameworks/OpenGL.framework/Versions/A/Libraries/libGLImage.dylib
0x00000000414c9000 	/System/Library/Frameworks/OpenGL.framework/Versions/A/Libraries/libCVMSPluginSupport.dylib
0x00000000414c9000 	/System/Library/Frameworks/OpenGL.framework/Versions/A/Libraries/libCoreVMClient.dylib
0x00000000414c9000 	/System/Library/PrivateFrameworks/CrashReporterSupport.framework/Versions/A/CrashReporterSupport
0x00000000414c9000 	/System/Library/PrivateFrameworks/Sharing.framework/Versions/A/Sharing
0x00000000414c9000 	/System/Library/PrivateFrameworks/IconServices.framework/Versions/A/IconServices
0x00000000414c9000 	/System/Library/PrivateFrameworks/ProtocolBuffer.framework/Versions/A/ProtocolBuffer
0x00000000414c9000 	/System/Library/PrivateFrameworks/Apple80211.framework/Versions/A/Apple80211
0x00000000414c9000 	/System/Library/Frameworks/CoreWLAN.framework/Versions/A/CoreWLAN
0x00000000414c9000 	/System/Library/PrivateFrameworks/CoreUtils.framework/Versions/A/CoreUtils
0x00000000414c9000 	/System/Library/Frameworks/IOBluetooth.framework/Versions/A/IOBluetooth
0x00000000414c9000 	/System/Library/PrivateFrameworks/CoreWiFi.framework/Versions/A/CoreWiFi
0x00000000414c9000 	/System/Library/Frameworks/CoreBluetooth.framework/Versions/A/CoreBluetooth
0x00000000414c9000 	/System/Library/Frameworks/CoreDisplay.framework/Versions/A/CoreDisplay
0x00000000414c9000 	/System/Library/PrivateFrameworks/IOPresentment.framework/Versions/A/IOPresentment
0x00000000414c9000 	/System/Library/PrivateFrameworks/DebugSymbols.framework/Versions/A/DebugSymbols
0x00000000414c9000 	/System/Library/PrivateFrameworks/CoreSymbolication.framework/Versions/A/CoreSymbolication
0x00000000414c9000 	/System/Library/PrivateFrameworks/Symbolication.framework/Versions/A/Symbolication
0x00000000414c9000 	/System/Library/PrivateFrameworks/AppleFSCompression.framework/Versions/A/AppleFSCompression
0x00000000414c9000 	/System/Library/PrivateFrameworks/SpeechRecognitionCore.framework/Versions/A/SpeechRecognitionCore
0x00000000414c9000 	/System/Library/PrivateFrameworks/ChunkingLibrary.framework/Versions/A/ChunkingLibrary
0x0000000104a00000 	/Library/Java/JavaVirtualMachines/jdk1.8.0_65.jdk/Contents/Home/jre/lib/server/libjvm.dylib
0x00000000414c9000 	/usr/lib/libstdc++.6.dylib
0x0000000103835000 	/Library/Java/JavaVirtualMachines/jdk1.8.0_65.jdk/Contents/Home/jre/lib/libverify.dylib
0x0000000103843000 	/Library/Java/JavaVirtualMachines/jdk1.8.0_65.jdk/Contents/Home/jre/lib/libjava.dylib
0x0000000103882000 	/Library/Java/JavaVirtualMachines/jdk1.8.0_65.jdk/Contents/Home/jre/lib/libzip.dylib
0x00000001110d5000 	/System/Library/Frameworks/JavaVM.framework/Frameworks/JavaRuntimeSupport.framework/JavaRuntimeSupport
0x00000001110ef000 	/System/Library/Frameworks/JavaVM.framework/Versions/A/Frameworks/JavaNativeFoundation.framework/Versions/A/JavaNativeFoundation
0x0000000111104000 	/System/Library/Frameworks/JavaVM.framework/Versions/A/JavaVM
0x00000000414c9000 	/System/Library/Frameworks/Carbon.framework/Versions/A/Carbon
0x0000000111111000 	/System/Library/PrivateFrameworks/JavaLaunching.framework/Versions/A/JavaLaunching
0x00000000414c9000 	/System/Library/Frameworks/Carbon.framework/Versions/A/Frameworks/CommonPanels.framework/Versions/A/CommonPanels
0x00000000414c9000 	/System/Library/Frameworks/Carbon.framework/Versions/A/Frameworks/Help.framework/Versions/A/Help
0x00000000414c9000 	/System/Library/Frameworks/Carbon.framework/Versions/A/Frameworks/ImageCapture.framework/Versions/A/ImageCapture
0x00000000414c9000 	/System/Library/Frameworks/Carbon.framework/Versions/A/Frameworks/OpenScripting.framework/Versions/A/OpenScripting
0x00000000414c9000 	/System/Library/Frameworks/Carbon.framework/Versions/A/Frameworks/Print.framework/Versions/A/Print
0x00000000414c9000 	/System/Library/Frameworks/Carbon.framework/Versions/A/Frameworks/SecurityHI.framework/Versions/A/SecurityHI
0x0000000120d1e000 	/Applications/IntelliJ IDEA.app/Contents/bin/libbreakgen64.jnilib
0x0000000120d21000 	/Library/Java/JavaVirtualMachines/jdk1.8.0_65.jdk/Contents/Home/jre/lib/libnet.dylib
0x0000000120e99000 	/Library/Java/JavaVirtualMachines/jdk1.8.0_65.jdk/Contents/Home/jre/lib/libmanagement.dylib
0x0000000120d80000 	/Library/Java/JavaVirtualMachines/jdk1.8.0_65.jdk/Contents/Home/jre/lib/libnio.dylib
0x0000000120e3b000 	/Users/sophatvathana/Desktop/Project/ipcam/IPCAM-VIDEO-STREAMING-API/native/mac/x86_64/strmrecv.dylib
0x000000012104b000 	/Library/Java/JavaVirtualMachines/jdk1.8.0_65.jdk/Contents/Home/jre/lib/libsunec.dylib
0x000000012110e000 	/Users/sophatvathana/Desktop/Project/ipcam/IPCAM-VIDEO-STREAMING-API/native/mac/x86_64/libavutil.55.dylib
0x00000000414c9000 	/System/Library/Frameworks/AVFoundation.framework/Versions/A/AVFoundation
0x00000000414c9000 	/System/Library/Frameworks/CoreMedia.framework/Versions/A/CoreMedia
0x00000000414c9000 	/System/Library/Frameworks/VideoToolbox.framework/Versions/A/VideoToolbox
0x0000000120e2e000 	/System/Library/Frameworks/VideoDecodeAcceleration.framework/Versions/A/VideoDecodeAcceleration
0x00000000414c9000 	/System/Library/Frameworks/AVFoundation.framework/Versions/A/Frameworks/AVFAudio.framework/Versions/A/AVFAudio
0x00000000414c9000 	/System/Library/Frameworks/MediaToolbox.framework/Versions/A/MediaToolbox
0x00000000414c9000 	/System/Library/PrivateFrameworks/IntlPreferences.framework/Versions/A/IntlPreferences
0x00000000414c9000 	/System/Library/Frameworks/CoreMediaIO.framework/Versions/A/CoreMediaIO
0x00000000414c9000 	/usr/lib/libspindump.dylib
0x00000000414c9000 	/usr/lib/libdscsym.dylib
0x00000000414c9000 	/System/Library/PrivateFrameworks/CoreAVCHD.framework/Versions/A/CoreAVCHD
0x00000000414c9000 	/System/Library/Frameworks/MediaAccessibility.framework/Versions/A/MediaAccessibility
0x00000000414c9000 	/System/Library/PrivateFrameworks/Mangrove.framework/Versions/A/Mangrove
0x00000000414c9000 	/System/Library/PrivateFrameworks/CoreAUC.framework/Versions/A/CoreAUC
0x00000000414c9000 	/System/Library/PrivateFrameworks/AppleVA.framework/Versions/A/AppleVA
0x00000000414c9000 	/System/Library/PrivateFrameworks/XPCService.framework/Versions/A/XPCService
0x00000000414c9000 	/System/Library/PrivateFrameworks/AppSandbox.framework/Versions/A/AppSandbox
0x00000000414c9000 	/usr/lib/libsandbox.1.dylib
0x00000000414c9000 	/System/Library/PrivateFrameworks/AppContainer.framework/Versions/A/AppContainer
0x00000000414c9000 	/System/Library/PrivateFrameworks/SecCodeWrapper.framework/Versions/A/SecCodeWrapper
0x00000000414c9000 	/usr/lib/libMatch.1.dylib
0x0000000120e42000 	/Users/sophatvathana/Desktop/Project/ipcam/IPCAM-VIDEO-STREAMING-API/native/mac/x86_64/libswresample.2.dylib
0x00000001245ed000 	/Users/sophatvathana/Desktop/Project/ipcam/IPCAM-VIDEO-STREAMING-API/native/mac/x86_64/libavcodec.57.dylib
0x0000000122c03000 	/Users/sophatvathana/Desktop/Project/ipcam/IPCAM-VIDEO-STREAMING-API/native/mac/x86_64/libavformat.57.dylib

VM Arguments:
jvm_args: -Dspring.output.ansi.enabled=always -Didea.launcher.port=7538 -Didea.launcher.bin.path=/Applications/IntelliJ IDEA.app/Contents/bin -Dfile.encoding=UTF-8 
java_command: com.intellij.rt.execution.application.AppMain kh.com.kshrd.ipcam.IpcamVideoStreamingApiApplication
java_class_path (initial): /Library/Java/JavaVirtualMachines/jdk1.8.0_65.jdk/Contents/Home/jre/lib/charsets.jar:/Library/Java/JavaVirtualMachines/jdk1.8.0_65.jdk/Contents/Home/jre/lib/deploy.jar:/Library/Java/JavaVirtualMachines/jdk1.8.0_65.jdk/Contents/Home/jre/lib/ext/cldrdata.jar:/Library/Java/JavaVirtualMachines/jdk1.8.0_65.jdk/Contents/Home/jre/lib/ext/dnsns.jar:/Library/Java/JavaVirtualMachines/jdk1.8.0_65.jdk/Contents/Home/jre/lib/ext/jaccess.jar:/Library/Java/JavaVirtualMachines/jdk1.8.0_65.jdk/Contents/Home/jre/lib/ext/jfxrt.jar:/Library/Java/JavaVirtualMachines/jdk1.8.0_65.jdk/Contents/Home/jre/lib/ext/localedata.jar:/Library/Java/JavaVirtualMachines/jdk1.8.0_65.jdk/Contents/Home/jre/lib/ext/nashorn.jar:/Library/Java/JavaVirtualMachines/jdk1.8.0_65.jdk/Contents/Home/jre/lib/ext/sunec.jar:/Library/Java/JavaVirtualMachines/jdk1.8.0_65.jdk/Contents/Home/jre/lib/ext/sunjce_provider.jar:/Library/Java/JavaVirtualMachines/jdk1.8.0_65.jdk/Contents/Home/jre/lib/ext/sunpkcs11.jar:/Library/Java/JavaVirtualMachines/jdk1.8.0_65.jdk/Contents/Home/jre/lib/ext/zipfs.jar:/Library/Java/JavaVirtualMachines/jdk1.8.0_65.jdk/Contents/Home/jre/lib/javaws.jar:/Library/Java/JavaVirtualMachines/jdk1.8.0_65.jdk/Contents/Home/jre/lib/jce.jar:/Library/Java/JavaVirtualMachines/jdk1.8.0_65.jdk/Contents/Home/jre/lib/jfr.jar:/Library/Java/JavaVirtualMachines/jdk1.8.0_65.jdk/Contents/Home/jre/lib/jfxswt.jar:/Library/Java/JavaVirtualMachines/jdk1.8.0_65.jdk/Contents/Home/jre/lib/jsse.jar:/Library/Java/JavaVirtualMachines/jdk1.8.0_65.jdk/Contents/Home/jre/lib/management-agent.jar:/Library/Java/JavaVirtualMachines/jdk1.8.0_65.jdk/Contents/Home/jre/lib/plugin.jar:/Library/Java/JavaVirtualMachines/jdk1.8.0_65.jdk/Contents/Home/jre/lib/resources.jar:/Library/Java/JavaVirtualMachines/jdk1.8.0_65.jdk/Contents/Home/jre/lib/rt.jar:/Library/Java/JavaVirtualMachines/jdk1.8.0_65.jdk/Contents/Home/lib/dt.jar:/Library/Java/JavaVirtualMachines/jdk1.8.0_65.jdk/Contents/Home/lib/javafx-mx.jar:/Library/Jav
Launcher Type: SUN_STANDARD

Environment Variables:
PATH=/Library/Frameworks/Python.framework/Versions/3.5/bin:/usr/local/bin:/usr/bin:/bin:/usr/sbin:/sbin
SHELL=/bin/zsh

Signal Handlers:
SIGSEGV: [libjvm.dylib+0x5a6d31], sa_mask[0]=11111111011111110111111111111111, sa_flags=SA_ONSTACK|SA_RESTART|SA_SIGINFO
SIGBUS: [libjvm.dylib+0x5a6d31], sa_mask[0]=11111111011111110111111111111111, sa_flags=SA_RESTART|SA_SIGINFO
SIGFPE: [libjvm.dylib+0x480a40], sa_mask[0]=11111111011111110111111111111111, sa_flags=SA_RESTART|SA_SIGINFO
SIGPIPE: [libjvm.dylib+0x480a40], sa_mask[0]=11111111011111110111111111111111, sa_flags=SA_RESTART|SA_SIGINFO
SIGXFSZ: [libjvm.dylib+0x480a40], sa_mask[0]=11111111011111110111111111111111, sa_flags=SA_RESTART|SA_SIGINFO
SIGILL: [libjvm.dylib+0x480a40], sa_mask[0]=11111111011111110111111111111111, sa_flags=SA_RESTART|SA_SIGINFO
SIGUSR1: SIG_DFL, sa_mask[0]=00000000000000000000000000000000, sa_flags=none
SIGUSR2: [libjvm.dylib+0x48055e], sa_mask[0]=00100000000000000000000000000000, sa_flags=SA_RESTART|SA_SIGINFO
SIGHUP: [libjvm.dylib+0x47eb35], sa_mask[0]=11111111011111110111111111111111, sa_flags=SA_RESTART|SA_SIGINFO
SIGINT: [libjvm.dylib+0x47eb35], sa_mask[0]=11111111011111110111111111111111, sa_flags=SA_RESTART|SA_SIGINFO
SIGTERM: [libjvm.dylib+0x47eb35], sa_mask[0]=11111111011111110111111111111111, sa_flags=SA_RESTART|SA_SIGINFO
SIGQUIT: [libjvm.dylib+0x47eb35], sa_mask[0]=11111111011111110111111111111111, sa_flags=SA_RESTART|SA_SIGINFO


---------------  S Y S T E M  ---------------

OS:Bsduname:Darwin 16.3.0 Darwin Kernel Version 16.3.0: Thu Nov 17 20:23:58 PST 2016; root:xnu-3789.31.2~1/RELEASE_X86_64 x86_64
rlimit: STACK 8192k, CORE 0k, NPROC 709, NOFILE 10240, AS infinity
load average:1.77 2.04 1.96

CPU:total 8 (4 cores per cpu, 2 threads per core) family 6 model 70 stepping 1, cmov, cx8, fxsr, mmx, sse, sse2, sse3, ssse3, sse4.1, sse4.2, popcnt, avx, avx2, aes, clmul, erms, lzcnt, ht, tsc, tscinvbit, bmi1, bmi2

Memory: 4k page, physical 16777216k(878908k free)

/proc/meminfo:


vm_info: Java HotSpot(TM) 64-Bit Server VM (25.65-b01) for bsd-amd64 JRE (1.8.0_65-b17), built on Oct  6 2015 15:36:46 by "java_re" with gcc 4.2.1 (Based on Apple Inc. build 5658) (LLVM build 2336.11.00)

time: Mon Dec 26 23:15:18 2016
elapsed time: 98 seconds (0d 0h 1m 38s)

