#
# A fatal error has been detected by the Java Runtime Environment:
#
#  SIGSEGV (0xb) at pc=0x000000012781d751, pid=9857, tid=23559
#
# JRE version: Java(TM) SE Runtime Environment (8.0_65-b17) (build 1.8.0_65-b17)
# Java VM: Java HotSpot(TM) 64-Bit Server VM (25.65-b01 mixed mode bsd-amd64 compressed oops)
# Problematic frame:
# C  [libavutil.55.dylib+0x19751]  av_freep+0x1
#
# Failed to write core dump. Core dumps have been disabled. To enable core dumping, try "ulimit -c unlimited" before starting Java again
#
# If you would like to submit a bug report, please visit:
#   http://bugreport.java.com/bugreport/crash.jsp
# The crash happened outside the Java Virtual Machine in native code.
# See problematic frame for where to report the bug.
#

---------------  T H R E A D  ---------------

Current thread (0x00007fde4088d800):  JavaThread "Thread-3" daemon [_thread_in_native, id=23559, stack(0x000070000e9e2000,0x000070000eae2000)]

siginfo: si_signo: 11 (SIGSEGV), si_code: 1 (SEGV_MAPERR), si_addr: 0x0000000000000000

Registers:
RAX=0x000000010eebb500, RBX=0x0000000000000000, RCX=0x0000000000000000, RDX=0x00007fde3bc93bf0
RSP=0x000070000eae1700, RBP=0x000070000eae1750, RSI=0x000070000eae17e8, RDI=0x0000000000000000
R8 =0x0000000000000004, R9 =0x0000000000000d18, R10=0x0000000110519100, R11=0x000000012781d750
R12=0x0000000000000000, R13=0x0000000127c640d8, R14=0x00007fde3bc93c28, R15=0x00007fde3bc93bf8
RIP=0x000000012781d751, EFLAGS=0x0000000000010202, ERR=0x0000000000000004
  TRAPNO=0x000000000000000e

Top of Stack: (sp=0x000070000eae1700)
0x000070000eae1700:   000000010eebb500 0000000129e4070c
0x000070000eae1710:   000000010eebb500 00007fde3bc93bf0
0x000070000eae1720:   0000000000000000 000070000eae17e8
0x000070000eae1730:   00007fde4088d800 000000010eebaf32
0x000070000eae1740:   0000000127c640d8 000070000eae17e8
0x000070000eae1750:   000070000eae17b8 000000011057a954
0x000070000eae1760:   000070000eae17b8 000000011057a6e7
0x000070000eae1770:   000000011057a6a2 000070000eae1778
0x000070000eae1780:   0000000127c640d8 000070000eae17e8
0x000070000eae1790:   0000000127c661b0 0000000000000000
0x000070000eae17a0:   0000000127c640d8 0000000000000000
0x000070000eae17b0:   000070000eae17d8 000070000eae1830
0x000070000eae17c0:   000000011056cc4d 0000000000000000
0x000070000eae17d0:   0000000110574578 00007fde3bc93bf0
0x000070000eae17e0:   00000007700b69a0 00000007700b69a0
0x000070000eae17f0:   000070000eae17f0 0000000127c643e6
0x000070000eae1800:   000070000eae1840 0000000127c661b0
0x000070000eae1810:   0000000000000000 0000000127c64408
0x000070000eae1820:   000070000eae17d8 000070000eae1840
0x000070000eae1830:   000070000eae1888 000000011056cc4d
0x000070000eae1840:   00000007700b69a0 000070000eae1848
0x000070000eae1850:   0000000127c64321 000070000eae1898
0x000070000eae1860:   0000000127c661b0 0000000000000000
0x000070000eae1870:   0000000127c64350 000070000eae1840
0x000070000eae1880:   000070000eae1898 000070000eae18e0
0x000070000eae1890:   000000011056cc4d 00000007700b69a0
0x000070000eae18a0:   000070000eae18a0 0000000127f4260d
0x000070000eae18b0:   000070000eae1910 0000000127c62700
0x000070000eae18c0:   0000000000000000 0000000127f42780
0x000070000eae18d0:   000070000eae1898 000070000eae1910
0x000070000eae18e0:   000070000eae1958 000000011056cc92
0x000070000eae18f0:   000000000000012c 0000000000000000 

Instructions: (pc=0x000000012781d751)
0x000000012781d731:   00 00 00 e8 6f a9 01 00 b8 f4 ff ff ff 48 83 c4
0x000000012781d741:   10 5b c3 66 66 66 2e 0f 1f 84 00 00 00 00 00 50
0x000000012781d751:   48 8b 07 48 c7 04 24 00 00 00 00 48 c7 07 00 00
0x000000012781d761:   00 00 48 89 c7 e8 3d a9 01 00 58 c3 0f 1f 00 48 

Register to memory mapping:

RAX=0x000000010eebb500: Java_kh_com_kshrd_core_RtspStream_openRtspInternal+0x90 in /Users/sophatvathana/Desktop/Project/ipcam/IPCAM-VIDEO-STREAMING-API/native/mac/x86_64/strmrecv.dylib at 0x000000010eeb9000
RBX=0x0000000000000000 is an unknown value
RCX=0x0000000000000000 is an unknown value
RDX=0x00007fde3bc93bf0 is an unknown value
RSP=0x000070000eae1700 is pointing into the stack for thread: 0x00007fde4088d800
RBP=0x000070000eae1750 is pointing into the stack for thread: 0x00007fde4088d800
RSI=0x000070000eae17e8 is pointing into the stack for thread: 0x00007fde4088d800
RDI=0x0000000000000000 is an unknown value
R8 =0x0000000000000004 is an unknown value
R9 =0x0000000000000d18 is an unknown value
R10=0x0000000110519100 is an unknown value
R11=0x000000012781d750: av_freep+0 in /Users/sophatvathana/Desktop/Project/ipcam/IPCAM-VIDEO-STREAMING-API/native/mac/x86_64/libavutil.55.dylib at 0x0000000127804000
R12=0x0000000000000000 is an unknown value
R13={method} {0x0000000127c640d8} 'releaseContextInternal' '(J)V' in 'kh/com/kshrd/core/RtspStream'
R14=0x00007fde3bc93c28 is an unknown value
R15=0x00007fde3bc93bf8 is an unknown value


Stack: [0x000070000e9e2000,0x000070000eae2000],  sp=0x000070000eae1700,  free space=1021k
Native frames: (J=compiled Java code, j=interpreted, Vv=VM code, C=native code)
C  [libavutil.55.dylib+0x19751]  av_freep+0x1
j  kh.com.kshrd.core.RtspStream.releaseContextInternal(J)V+0
j  kh.com.kshrd.core.RtspStream.release()V+14
j  kh.com.kshrd.core.RtspStream.initialize()V+1
j  kh.com.kshrd.core.RtspCamera.run()V+269
j  java.lang.Thread.run()V+11
v  ~StubRoutines::call_stub
V  [libjvm.dylib+0x2eab02]  JavaCalls::call_helper(JavaValue*, methodHandle*, JavaCallArguments*, Thread*)+0x6ae
V  [libjvm.dylib+0x2eb290]  JavaCalls::call_virtual(JavaValue*, KlassHandle, Symbol*, Symbol*, JavaCallArguments*, Thread*)+0x164
V  [libjvm.dylib+0x2eb43c]  JavaCalls::call_virtual(JavaValue*, Handle, KlassHandle, Symbol*, Symbol*, Thread*)+0x4a
V  [libjvm.dylib+0x345959]  thread_entry(JavaThread*, Thread*)+0x7c
V  [libjvm.dylib+0x5612d3]  JavaThread::thread_main_inner()+0x9b
V  [libjvm.dylib+0x5629ce]  JavaThread::run()+0x1c2
V  [libjvm.dylib+0x48342e]  java_start(Thread*)+0xf6
C  [libsystem_pthread.dylib+0x3aab]  _pthread_body+0xb4
C  [libsystem_pthread.dylib+0x39f7]  _pthread_body+0x0
C  [libsystem_pthread.dylib+0x31fd]  thread_start+0xd
C  0x0000000000000000

Java frames: (J=compiled Java code, j=interpreted, Vv=VM code)
j  kh.com.kshrd.core.RtspStream.releaseContextInternal(J)V+0
j  kh.com.kshrd.core.RtspStream.release()V+14
j  kh.com.kshrd.core.RtspStream.initialize()V+1
j  kh.com.kshrd.core.RtspCamera.run()V+269
j  java.lang.Thread.run()V+11
v  ~StubRoutines::call_stub

---------------  P R O C E S S  ---------------

Java Threads: ( => current thread )
=>0x00007fde4088d800 JavaThread "Thread-3" daemon [_thread_in_native, id=23559, stack(0x000070000e9e2000,0x000070000eae2000)]
  0x00007fde41012800 JavaThread "http-nio-9999-exec-1" daemon [_thread_blocked, id=22795, stack(0x000070000e8df000,0x000070000e9df000)]
  0x00007fde3f9bc000 JavaThread "DestroyJavaVM" [_thread_blocked, id=7171, stack(0x000070000d4a3000,0x000070000d5a3000)]
  0x00007fde3cf77800 JavaThread "http-nio-9999-AsyncTimeout" daemon [_thread_blocked, id=26883, stack(0x000070000f0f7000,0x000070000f1f7000)]
  0x00007fde40008000 JavaThread "http-nio-9999-Acceptor-0" daemon [_thread_in_native, id=26371, stack(0x000070000eff4000,0x000070000f0f4000)]
  0x00007fde3a8f6800 JavaThread "http-nio-9999-ClientPoller-1" daemon [_thread_in_native, id=25859, stack(0x000070000eef1000,0x000070000eff1000)]
  0x00007fde3f8cd000 JavaThread "http-nio-9999-ClientPoller-0" daemon [_thread_in_native, id=25347, stack(0x000070000edee000,0x000070000eeee000)]
  0x00007fde3c51c800 JavaThread "NioBlockingSelector.BlockPoller-1" daemon [_thread_in_native, id=24835, stack(0x000070000eceb000,0x000070000edeb000)]
  0x00007fde3b083000 JavaThread "container-0" [_thread_blocked, id=24323, stack(0x000070000ebe8000,0x000070000ece8000)]
  0x00007fde3b03f800 JavaThread "ContainerBackgroundProcessor[StandardEngine[Tomcat]]" daemon [_thread_blocked, id=23811, stack(0x000070000eae5000,0x000070000ebe5000)]
  0x00007fde3b040800 JavaThread "Monitor Ctrl-Break" daemon [_thread_in_native, id=22275, stack(0x000070000e7dc000,0x000070000e8dc000)]
  0x00007fde3b000000 JavaThread "Service Thread" daemon [_thread_blocked, id=21251, stack(0x000070000e5d6000,0x000070000e6d6000)]
  0x00007fde3c00b000 JavaThread "C1 CompilerThread3" daemon [_thread_blocked, id=20739, stack(0x000070000e4d3000,0x000070000e5d3000)]
  0x00007fde3e005000 JavaThread "C2 CompilerThread2" daemon [_thread_blocked, id=20227, stack(0x000070000e3d0000,0x000070000e4d0000)]
  0x00007fde3d004800 JavaThread "C2 CompilerThread1" daemon [_thread_blocked, id=19715, stack(0x000070000e2cd000,0x000070000e3cd000)]
  0x00007fde3d003000 JavaThread "C2 CompilerThread0" daemon [_thread_blocked, id=19203, stack(0x000070000e1ca000,0x000070000e2ca000)]
  0x00007fde3d002000 JavaThread "Signal Dispatcher" daemon [_thread_blocked, id=18691, stack(0x000070000e0c7000,0x000070000e1c7000)]
  0x00007fde3c002000 JavaThread "Finalizer" daemon [_thread_blocked, id=14595, stack(0x000070000dfc4000,0x000070000e0c4000)]
  0x00007fde3c842000 JavaThread "Reference Handler" daemon [_thread_blocked, id=14083, stack(0x000070000dec1000,0x000070000dfc1000)]

Other Threads:
  0x00007fde3b010000 VMThread [stack: 0x000070000ddbe000,0x000070000debe000] [id=13571]
  0x00007fde3c848800 WatcherThread [stack: 0x000070000e6d9000,0x000070000e7d9000] [id=21763]

VM state:not at safepoint (normal execution)

VM Mutex/Monitor currently owned by a thread: None

Heap:
 PSYoungGen      total 224256K, used 91243K [0x000000076ab00000, 0x0000000780c00000, 0x00000007c0000000)
  eden space 205824K, 44% used [0x000000076ab00000,0x000000077041aff0,0x0000000777400000)
  from space 18432K, 0% used [0x0000000777400000,0x0000000777400000,0x0000000778600000)
  to   space 19968K, 0% used [0x000000077f880000,0x000000077f880000,0x0000000780c00000)
 ParOldGen       total 168960K, used 27936K [0x00000006c0000000, 0x00000006ca500000, 0x000000076ab00000)
  object space 168960K, 16% used [0x00000006c0000000,0x00000006c1b480a8,0x00000006ca500000)
 Metaspace       used 40914K, capacity 41416K, committed 41728K, reserved 1085440K
  class space    used 5151K, capacity 5285K, committed 5376K, reserved 1048576K

Card table byte_map: [0x000000010ad7e000,0x000000010b57f000] byte_map_base: 0x000000010777e000

Marking Bits: (ParMarkBitMap*) 0x000000010a2dee20
 Begin Bits: [0x000000011f565000, 0x0000000123565000)
 End Bits:   [0x0000000123565000, 0x0000000127565000)

Polling page: 0x00000001089e1000

CodeCache: size=245760Kb used=14539Kb max_used=14742Kb free=231220Kb
 bounds [0x0000000110565000, 0x0000000111465000, 0x000000011f565000]
 total_blobs=4587 nmethods=4149 adapters=350
 compilation: enabled

Compilation events (10 events):
Event: 90.105 Thread 0x00007fde3c00b000 4902   !   3       sun.nio.ch.KQueueSelectorImpl::doSelect (60 bytes)
Event: 90.107 Thread 0x00007fde3c00b000 nmethod 4902 0x0000000110705050 code [0x00000001107052a0, 0x00000001107062a8]
Event: 90.567 Thread 0x00007fde3c00b000 4905   !   3       sun.nio.ch.SelectorImpl::lockAndDoSelect (72 bytes)
Event: 90.568 Thread 0x00007fde3c00b000 nmethod 4905 0x00000001107e1250 code [0x00000001107e1420, 0x00000001107e1e18]
Event: 90.568 Thread 0x00007fde3c00b000 4904       3       sun.nio.ch.SelectorImpl::select (34 bytes)
Event: 90.569 Thread 0x00007fde3c00b000 nmethod 4904 0x0000000110b70dd0 code [0x0000000110b70f60, 0x0000000110b71258]
Event: 97.389 Thread 0x00007fde3c00b000 4906       1       java.text.DecimalFormatSymbols::getGroupingSeparator (5 bytes)
Event: 97.389 Thread 0x00007fde3c00b000 nmethod 4906 0x0000000110905fd0 code [0x0000000110906120, 0x0000000110906230]
Event: 97.389 Thread 0x00007fde3c00b000 4907       1       java.text.DecimalFormatSymbols::getDecimalSeparator (5 bytes)
Event: 97.389 Thread 0x00007fde3c00b000 nmethod 4907 0x000000011083c4d0 code [0x000000011083c620, 0x000000011083c730]

GC Heap History (10 events):
Event: 2.352 GC heap before
{Heap before GC invocations=5 (full 1):
 PSYoungGen      total 141824K, used 10742K [0x000000076ab00000, 0x0000000774000000, 0x00000007c0000000)
  eden space 131072K, 0% used [0x000000076ab00000,0x000000076ab00000,0x0000000772b00000)
  from space 10752K, 99% used [0x0000000773580000,0x0000000773ffd940,0x0000000774000000)
  to   space 10752K, 0% used [0x0000000772b00000,0x0000000772b00000,0x0000000773580000)
 ParOldGen       total 175104K, used 3659K [0x00000006c0000000, 0x00000006cab00000, 0x000000076ab00000)
  object space 175104K, 2% used [0x00000006c0000000,0x00000006c0392fe8,0x00000006cab00000)
 Metaspace       used 20922K, capacity 21230K, committed 21296K, reserved 1069056K
  class space    used 2570K, capacity 2678K, committed 2688K, reserved 1048576K
Event: 2.396 GC heap after
Heap after GC invocations=5 (full 1):
 PSYoungGen      total 141824K, used 0K [0x000000076ab00000, 0x0000000774000000, 0x00000007c0000000)
  eden space 131072K, 0% used [0x000000076ab00000,0x000000076ab00000,0x0000000772b00000)
  from space 10752K, 0% used [0x0000000773580000,0x0000000773580000,0x0000000774000000)
  to   space 10752K, 0% used [0x0000000772b00000,0x0000000772b00000,0x0000000773580000)
 ParOldGen       total 104448K, used 11206K [0x00000006c0000000, 0x00000006c6600000, 0x000000076ab00000)
  object space 104448K, 10% used [0x00000006c0000000,0x00000006c0af1998,0x00000006c6600000)
 Metaspace       used 20922K, capacity 21230K, committed 21296K, reserved 1069056K
  class space    used 2570K, capacity 2678K, committed 2688K, reserved 1048576K
}
Event: 3.474 GC heap before
{Heap before GC invocations=6 (full 1):
 PSYoungGen      total 141824K, used 131072K [0x000000076ab00000, 0x0000000774000000, 0x00000007c0000000)
  eden space 131072K, 100% used [0x000000076ab00000,0x0000000772b00000,0x0000000772b00000)
  from space 10752K, 0% used [0x0000000773580000,0x0000000773580000,0x0000000774000000)
  to   space 10752K, 0% used [0x0000000772b00000,0x0000000772b00000,0x0000000773580000)
 ParOldGen       total 104448K, used 11206K [0x00000006c0000000, 0x00000006c6600000, 0x000000076ab00000)
  object space 104448K, 10% used [0x00000006c0000000,0x00000006c0af1998,0x00000006c6600000)
 Metaspace       used 27652K, capacity 27986K, committed 28160K, reserved 1073152K
  class space    used 3412K, capacity 3516K, committed 3584K, reserved 1048576K
Event: 3.492 GC heap after
Heap after GC invocations=6 (full 1):
 PSYoungGen      total 141824K, used 10725K [0x000000076ab00000, 0x0000000779c00000, 0x00000007c0000000)
  eden space 131072K, 0% used [0x000000076ab00000,0x000000076ab00000,0x0000000772b00000)
  from space 10752K, 99% used [0x0000000772b00000,0x0000000773579788,0x0000000773580000)
  to   space 18944K, 0% used [0x0000000778980000,0x0000000778980000,0x0000000779c00000)
 ParOldGen       total 104448K, used 20995K [0x00000006c0000000, 0x00000006c6600000, 0x000000076ab00000)
  object space 104448K, 20% used [0x00000006c0000000,0x00000006c1480cf0,0x00000006c6600000)
 Metaspace       used 27652K, capacity 27986K, committed 28160K, reserved 1073152K
  class space    used 3412K, capacity 3516K, committed 3584K, reserved 1048576K
}
Event: 4.234 GC heap before
{Heap before GC invocations=7 (full 1):
 PSYoungGen      total 141824K, used 141797K [0x000000076ab00000, 0x0000000779c00000, 0x00000007c0000000)
  eden space 131072K, 100% used [0x000000076ab00000,0x0000000772b00000,0x0000000772b00000)
  from space 10752K, 99% used [0x0000000772b00000,0x0000000773579788,0x0000000773580000)
  to   space 18944K, 0% used [0x0000000778980000,0x0000000778980000,0x0000000779c00000)
 ParOldGen       total 104448K, used 20995K [0x00000006c0000000, 0x00000006c6600000, 0x000000076ab00000)
  object space 104448K, 20% used [0x00000006c0000000,0x00000006c1480cf0,0x00000006c6600000)
 Metaspace       used 31284K, capacity 31682K, committed 32000K, reserved 1077248K
  class space    used 3888K, capacity 4004K, committed 4096K, reserved 1048576K
Event: 4.247 GC heap after
Heap after GC invocations=7 (full 1):
 PSYoungGen      total 220672K, used 12627K [0x000000076ab00000, 0x0000000779800000, 0x00000007c0000000)
  eden space 205824K, 0% used [0x000000076ab00000,0x000000076ab00000,0x0000000777400000)
  from space 14848K, 85% used [0x0000000778980000,0x00000007795d4cc8,0x0000000779800000)
  to   space 18432K, 0% used [0x0000000777400000,0x0000000777400000,0x0000000778600000)
 ParOldGen       total 104448K, used 21003K [0x00000006c0000000, 0x00000006c6600000, 0x000000076ab00000)
  object space 104448K, 20% used [0x00000006c0000000,0x00000006c1482cf0,0x00000006c6600000)
 Metaspace       used 31284K, capacity 31682K, committed 32000K, reserved 1077248K
  class space    used 3888K, capacity 4004K, committed 4096K, reserved 1048576K
}
Event: 4.871 GC heap before
{Heap before GC invocations=8 (full 1):
 PSYoungGen      total 220672K, used 147168K [0x000000076ab00000, 0x0000000779800000, 0x00000007c0000000)
  eden space 205824K, 65% used [0x000000076ab00000,0x0000000772e63720,0x0000000777400000)
  from space 14848K, 85% used [0x0000000778980000,0x00000007795d4cc8,0x0000000779800000)
  to   space 18432K, 0% used [0x0000000777400000,0x0000000777400000,0x0000000778600000)
 ParOldGen       total 104448K, used 21003K [0x00000006c0000000, 0x00000006c6600000, 0x000000076ab00000)
  object space 104448K, 20% used [0x00000006c0000000,0x00000006c1482cf0,0x00000006c6600000)
 Metaspace       used 34910K, capacity 35296K, committed 35496K, reserved 1081344K
  class space    used 4423K, capacity 4521K, committed 4608K, reserved 1048576K
Event: 4.885 GC heap after
Heap after GC invocations=8 (full 1):
 PSYoungGen      total 224256K, used 17562K [0x000000076ab00000, 0x0000000780c00000, 0x00000007c0000000)
  eden space 205824K, 0% used [0x000000076ab00000,0x000000076ab00000,0x0000000777400000)
  from space 18432K, 95% used [0x0000000777400000,0x0000000778526b90,0x0000000778600000)
  to   space 19968K, 0% used [0x000000077f880000,0x000000077f880000,0x0000000780c00000)
 ParOldGen       total 104448K, used 21011K [0x00000006c0000000, 0x00000006c6600000, 0x000000076ab00000)
  object space 104448K, 20% used [0x00000006c0000000,0x00000006c1484cf0,0x00000006c6600000)
 Metaspace       used 34910K, capacity 35296K, committed 35496K, reserved 1081344K
  class space    used 4423K, capacity 4521K, committed 4608K, reserved 1048576K
}
Event: 4.885 GC heap before
{Heap before GC invocations=9 (full 2):
 PSYoungGen      total 224256K, used 17562K [0x000000076ab00000, 0x0000000780c00000, 0x00000007c0000000)
  eden space 205824K, 0% used [0x000000076ab00000,0x000000076ab00000,0x0000000777400000)
  from space 18432K, 95% used [0x0000000777400000,0x0000000778526b90,0x0000000778600000)
  to   space 19968K, 0% used [0x000000077f880000,0x000000077f880000,0x0000000780c00000)
 ParOldGen       total 104448K, used 21011K [0x00000006c0000000, 0x00000006c6600000, 0x000000076ab00000)
  object space 104448K, 20% used [0x00000006c0000000,0x00000006c1484cf0,0x00000006c6600000)
 Metaspace       used 34910K, capacity 35296K, committed 35496K, reserved 1081344K
  class space    used 4423K, capacity 4521K, committed 4608K, reserved 1048576K
Event: 4.942 GC heap after
Heap after GC invocations=9 (full 2):
 PSYoungGen      total 224256K, used 0K [0x000000076ab00000, 0x0000000780c00000, 0x00000007c0000000)
  eden space 205824K, 0% used [0x000000076ab00000,0x000000076ab00000,0x0000000777400000)
  from space 18432K, 0% used [0x0000000777400000,0x0000000777400000,0x0000000778600000)
  to   space 19968K, 0% used [0x000000077f880000,0x000000077f880000,0x0000000780c00000)
 ParOldGen       total 168960K, used 27936K [0x00000006c0000000, 0x00000006ca500000, 0x000000076ab00000)
  object space 168960K, 16% used [0x00000006c0000000,0x00000006c1b480a8,0x00000006ca500000)
 Metaspace       used 34910K, capacity 35296K, committed 35496K, reserved 1081344K
  class space    used 4423K, capacity 4521K, committed 4608K, reserved 1048576K
}

Deoptimization events (10 events):
Event: 22.109 Thread 0x00007fde41012800 Uncommon trap: reason=class_check action=maybe_recompile pc=0x00000001107733f0 method=java.util.TreeMap.put(Ljava/lang/Object;Ljava/lang/Object;)Ljava/lang/Object; @ 127
Event: 22.110 Thread 0x00007fde41012800 Uncommon trap: reason=class_check action=maybe_recompile pc=0x0000000110fd9f60 method=java.lang.StringCoding$StringDecoder.decode([BII)[C @ 30
Event: 22.114 Thread 0x00007fde41012800 Uncommon trap: reason=class_check action=maybe_recompile pc=0x0000000110fd8a30 method=java.lang.StringCoding$StringDecoder.decode([BII)[C @ 30
Event: 22.143 Thread 0x00007fde41012800 Uncommon trap: reason=bimorphic action=maybe_recompile pc=0x000000011071b3ac method=java.lang.ClassLoader.loadClass(Ljava/lang/String;)Ljava/lang/Class; @ 3
Event: 22.143 Thread 0x00007fde41012800 Uncommon trap: reason=bimorphic action=maybe_recompile pc=0x000000011071b3ac method=java.lang.ClassLoader.loadClass(Ljava/lang/String;)Ljava/lang/Class; @ 3
Event: 22.143 Thread 0x00007fde41012800 Uncommon trap: reason=bimorphic action=maybe_recompile pc=0x000000011071b3ac method=java.lang.ClassLoader.loadClass(Ljava/lang/String;)Ljava/lang/Class; @ 3
Event: 22.143 Thread 0x00007fde41012800 Uncommon trap: reason=bimorphic action=maybe_recompile pc=0x000000011071b3ac method=java.lang.ClassLoader.loadClass(Ljava/lang/String;)Ljava/lang/Class; @ 3
Event: 22.168 Thread 0x00007fde41012800 Uncommon trap: reason=unstable_if action=reinterpret pc=0x0000000111272a10 method=java.lang.Character.isSurrogate(C)Z @ 3
Event: 22.196 Thread 0x00007fde41012800 Uncommon trap: reason=class_check action=maybe_recompile pc=0x0000000110fa9714 method=java.lang.StringCoding$StringDecoder.charsetName()Ljava/lang/String; @ 4
Event: 22.210 Thread 0x00007fde41012800 Uncommon trap: reason=unstable_if action=reinterpret pc=0x000000011082cc90 method=java.security.CodeSource.getCertificates()[Ljava/security/cert/Certificate; @ 22

Internal exceptions (10 events):
Event: 21.908 Thread 0x00007fde41012800 Exception <a 'java/lang/ClassNotFoundException': org/springframework/web/servlet/theme/FixedThemeResolverCustomizer> (0x000000076e170c98) thrown at [/Users/java_re/workspace/8-2-build-macosx-x86_64/jdk8u65/4987/hotspot/src/share/vm/classfile/systemDiction
Event: 21.909 Thread 0x00007fde41012800 Exception <a 'java/lang/ClassNotFoundException': org/springframework/web/servlet/ThemeResolverCustomizer> (0x000000076e18cbc0) thrown at [/Users/java_re/workspace/8-2-build-macosx-x86_64/jdk8u65/4987/hotspot/src/share/vm/classfile/systemDictionary.cpp, li
Event: 21.911 Thread 0x00007fde41012800 Exception <a 'java/lang/ClassNotFoundException': java/lang/ObjectCustomizer> (0x000000076e1abd80) thrown at [/Users/java_re/workspace/8-2-build-macosx-x86_64/jdk8u65/4987/hotspot/src/share/vm/classfile/systemDictionary.cpp, line 210]
Event: 21.912 Thread 0x00007fde41012800 Exception <a 'java/lang/ClassNotFoundException': org/springframework/web/servlet/view/DefaultRequestToViewNameTranslatorCustomizer> (0x000000076e1ced08) thrown at [/Users/java_re/workspace/8-2-build-macosx-x86_64/jdk8u65/4987/hotspot/src/share/vm/classfil
Event: 21.912 Thread 0x00007fde41012800 Exception <a 'java/lang/ClassNotFoundException': org/springframework/web/servlet/RequestToViewNameTranslatorCustomizer> (0x000000076e1fce58) thrown at [/Users/java_re/workspace/8-2-build-macosx-x86_64/jdk8u65/4987/hotspot/src/share/vm/classfile/systemDict
Event: 21.914 Thread 0x00007fde41012800 Exception <a 'java/lang/ClassNotFoundException': java/lang/ObjectCustomizer> (0x000000076e22c4b8) thrown at [/Users/java_re/workspace/8-2-build-macosx-x86_64/jdk8u65/4987/hotspot/src/share/vm/classfile/systemDictionary.cpp, line 210]
Event: 21.915 Thread 0x00007fde41012800 Exception <a 'java/lang/ClassNotFoundException': org/springframework/web/servlet/support/AbstractFlashMapManagerCustomizer> (0x000000076e24d240) thrown at [/Users/java_re/workspace/8-2-build-macosx-x86_64/jdk8u65/4987/hotspot/src/share/vm/classfile/system
Event: 21.915 Thread 0x00007fde41012800 Exception <a 'java/lang/ClassNotFoundException': org/springframework/web/servlet/support/SessionFlashMapManagerCustomizer> (0x000000076e271e20) thrown at [/Users/java_re/workspace/8-2-build-macosx-x86_64/jdk8u65/4987/hotspot/src/share/vm/classfile/systemD
Event: 21.916 Thread 0x00007fde41012800 Exception <a 'java/lang/ClassNotFoundException': org/springframework/web/servlet/FlashMapManagerCustomizer> (0x000000076e28dc98) thrown at [/Users/java_re/workspace/8-2-build-macosx-x86_64/jdk8u65/4987/hotspot/src/share/vm/classfile/systemDictionary.cpp, 
Event: 21.942 Thread 0x00007fde41012800 Implicit null exception at 0x00000001113b0435 to 0x00000001113bbf51

Events (10 events):
Event: 86.095 Thread 0x00007fde3c00b000 flushing nmethod 0x0000000110f20790
Event: 86.095 Thread 0x00007fde3c00b000 flushing nmethod 0x0000000110f20d50
Event: 88.561 Thread 0x00007fde3e005000 flushing nmethod 0x00000001110fa050
Event: 88.561 Thread 0x00007fde3e005000 flushing nmethod 0x00000001111158d0
Event: 89.105 Thread 0x00007fde3c00b000 flushing nmethod 0x00000001111d2bd0
Event: 89.105 Thread 0x00007fde3c00b000 flushing nmethod 0x00000001111d5a10
Event: 89.106 Thread 0x00007fde3c00b000 flushing nmethod 0x000000011124eb10
Event: 89.106 Thread 0x00007fde3c00b000 flushing nmethod 0x000000011128b710
Event: 89.106 Thread 0x00007fde3c00b000 flushing nmethod 0x00000001112b3190
Event: 89.106 Thread 0x00007fde3c00b000 flushing nmethod 0x00000001112b9a90


Dynamic libraries:
0x00000000414c9000 	/System/Library/Frameworks/Cocoa.framework/Versions/A/Cocoa
0x00000000414c9000 	/System/Library/Frameworks/Security.framework/Versions/A/Security
0x00000000414c9000 	/System/Library/Frameworks/ApplicationServices.framework/Versions/A/ApplicationServices
0x00000000414c9000 	/usr/lib/libz.1.dylib
0x00000000414c9000 	/usr/lib/libSystem.B.dylib
0x00000000414c9000 	/usr/lib/libobjc.A.dylib
0x00000000414c9000 	/System/Library/Frameworks/CoreFoundation.framework/Versions/A/CoreFoundation
0x00000000414c9000 	/System/Library/Frameworks/Foundation.framework/Versions/C/Foundation
0x00000000414c9000 	/System/Library/Frameworks/AppKit.framework/Versions/C/AppKit
0x00000000414c9000 	/System/Library/Frameworks/CoreData.framework/Versions/A/CoreData
0x00000000414c9000 	/System/Library/PrivateFrameworks/RemoteViewServices.framework/Versions/A/RemoteViewServices
0x00000000414c9000 	/System/Library/PrivateFrameworks/UIFoundation.framework/Versions/A/UIFoundation
0x00000000414c9000 	/System/Library/PrivateFrameworks/DFRFoundation.framework/Versions/A/DFRFoundation
0x00000000414c9000 	/usr/lib/libenergytrace.dylib
0x00000000414c9000 	/System/Library/PrivateFrameworks/SkyLight.framework/Versions/A/SkyLight
0x00000000414c9000 	/System/Library/Frameworks/CoreGraphics.framework/Versions/A/CoreGraphics
0x00000000414c9000 	/usr/lib/libScreenReader.dylib
0x00000000414c9000 	/System/Library/Frameworks/Accelerate.framework/Versions/A/Accelerate
0x00000000414c9000 	/System/Library/Frameworks/IOSurface.framework/Versions/A/IOSurface
0x00000000414c9000 	/System/Library/Frameworks/AudioToolbox.framework/Versions/A/AudioToolbox
0x00000000414c9000 	/System/Library/Frameworks/AudioUnit.framework/Versions/A/AudioUnit
0x00000000414c9000 	/System/Library/PrivateFrameworks/DataDetectorsCore.framework/Versions/A/DataDetectorsCore
0x00000000414c9000 	/System/Library/PrivateFrameworks/DesktopServicesPriv.framework/Versions/A/DesktopServicesPriv
0x00000000414c9000 	/System/Library/Frameworks/Carbon.framework/Versions/A/Frameworks/HIToolbox.framework/Versions/A/HIToolbox
0x00000000414c9000 	/usr/lib/libicucore.A.dylib
0x00000000414c9000 	/System/Library/Frameworks/QuartzCore.framework/Versions/A/QuartzCore
0x00000000414c9000 	/System/Library/Frameworks/Carbon.framework/Versions/A/Frameworks/SpeechRecognition.framework/Versions/A/SpeechRecognition
0x00000000414c9000 	/usr/lib/libauto.dylib
0x00000000414c9000 	/usr/lib/libxml2.2.dylib
0x00000000414c9000 	/System/Library/PrivateFrameworks/CoreUI.framework/Versions/A/CoreUI
0x00000000414c9000 	/System/Library/Frameworks/CoreAudio.framework/Versions/A/CoreAudio
0x00000000414c9000 	/System/Library/Frameworks/DiskArbitration.framework/Versions/A/DiskArbitration
0x00000000414c9000 	/usr/lib/liblangid.dylib
0x00000000414c9000 	/System/Library/PrivateFrameworks/MultitouchSupport.framework/Versions/A/MultitouchSupport
0x00000000414c9000 	/System/Library/Frameworks/IOKit.framework/Versions/A/IOKit
0x00000000414c9000 	/usr/lib/libDiagnosticMessagesClient.dylib
0x00000000414c9000 	/System/Library/Frameworks/CoreServices.framework/Versions/A/CoreServices
0x00000000414c9000 	/System/Library/PrivateFrameworks/PerformanceAnalysis.framework/Versions/A/PerformanceAnalysis
0x00000000414c9000 	/System/Library/PrivateFrameworks/GenerationalStorage.framework/Versions/A/GenerationalStorage
0x00000000414c9000 	/System/Library/Frameworks/OpenGL.framework/Versions/A/OpenGL
0x00000000414c9000 	/System/Library/Frameworks/CoreImage.framework/Versions/A/CoreImage
0x00000000414c9000 	/System/Library/Frameworks/CoreText.framework/Versions/A/CoreText
0x00000000414c9000 	/System/Library/Frameworks/ImageIO.framework/Versions/A/ImageIO
0x00000000414c9000 	/System/Library/PrivateFrameworks/Backup.framework/Versions/A/Backup
0x00000000414c9000 	/usr/lib/libarchive.2.dylib
0x00000000414c9000 	/System/Library/Frameworks/CFNetwork.framework/Versions/A/CFNetwork
0x00000000414c9000 	/System/Library/Frameworks/SystemConfiguration.framework/Versions/A/SystemConfiguration
0x00000000414c9000 	/usr/lib/libCRFSuite.dylib
0x00000000414c9000 	/usr/lib/libc++.1.dylib
0x00000000414c9000 	/usr/lib/libc++abi.dylib
0x00000000414c9000 	/usr/lib/system/libcache.dylib
0x00000000414c9000 	/usr/lib/system/libcommonCrypto.dylib
0x00000000414c9000 	/usr/lib/system/libcompiler_rt.dylib
0x00000000414c9000 	/usr/lib/system/libcopyfile.dylib
0x00000000414c9000 	/usr/lib/system/libcorecrypto.dylib
0x00000000414c9000 	/usr/lib/system/libdispatch.dylib
0x00000000414c9000 	/usr/lib/system/libdyld.dylib
0x00000000414c9000 	/usr/lib/system/libkeymgr.dylib
0x00000000414c9000 	/usr/lib/system/liblaunch.dylib
0x00000000414c9000 	/usr/lib/system/libmacho.dylib
0x00000000414c9000 	/usr/lib/system/libquarantine.dylib
0x00000000414c9000 	/usr/lib/system/libremovefile.dylib
0x00000000414c9000 	/usr/lib/system/libsystem_asl.dylib
0x00000000414c9000 	/usr/lib/system/libsystem_blocks.dylib
0x00000000414c9000 	/usr/lib/system/libsystem_c.dylib
0x00000000414c9000 	/usr/lib/system/libsystem_configuration.dylib
0x00000000414c9000 	/usr/lib/system/libsystem_coreservices.dylib
0x00000000414c9000 	/usr/lib/system/libsystem_coretls.dylib
0x00000000414c9000 	/usr/lib/system/libsystem_dnssd.dylib
0x00000000414c9000 	/usr/lib/system/libsystem_info.dylib
0x00000000414c9000 	/usr/lib/system/libsystem_kernel.dylib
0x00000000414c9000 	/usr/lib/system/libsystem_m.dylib
0x00000000414c9000 	/usr/lib/system/libsystem_malloc.dylib
0x00000000414c9000 	/usr/lib/system/libsystem_network.dylib
0x00000000414c9000 	/usr/lib/system/libsystem_networkextension.dylib
0x00000000414c9000 	/usr/lib/system/libsystem_notify.dylib
0x00000000414c9000 	/usr/lib/system/libsystem_platform.dylib
0x00000000414c9000 	/usr/lib/system/libsystem_pthread.dylib
0x00000000414c9000 	/usr/lib/system/libsystem_sandbox.dylib
0x00000000414c9000 	/usr/lib/system/libsystem_secinit.dylib
0x00000000414c9000 	/usr/lib/system/libsystem_symptoms.dylib
0x00000000414c9000 	/usr/lib/system/libsystem_trace.dylib
0x00000000414c9000 	/usr/lib/system/libunwind.dylib
0x00000000414c9000 	/usr/lib/system/libxpc.dylib
0x00000000414c9000 	/usr/lib/libbsm.0.dylib
0x00000000414c9000 	/usr/lib/system/libkxld.dylib
0x00000000414c9000 	/usr/lib/libcoretls.dylib
0x00000000414c9000 	/usr/lib/libcoretls_cfhelpers.dylib
0x00000000414c9000 	/usr/lib/libxar.1.dylib
0x00000000414c9000 	/usr/lib/libsqlite3.dylib
0x00000000414c9000 	/usr/lib/libpam.2.dylib
0x00000000414c9000 	/usr/lib/libOpenScriptingUtil.dylib
0x00000000414c9000 	/usr/lib/libbz2.1.0.dylib
0x00000000414c9000 	/usr/lib/liblzma.5.dylib
0x00000000414c9000 	/usr/lib/libnetwork.dylib
0x00000000414c9000 	/usr/lib/libpcap.A.dylib
0x00000000414c9000 	/System/Library/Frameworks/CoreServices.framework/Versions/A/Frameworks/FSEvents.framework/Versions/A/FSEvents
0x00000000414c9000 	/System/Library/Frameworks/CoreServices.framework/Versions/A/Frameworks/CarbonCore.framework/Versions/A/CarbonCore
0x00000000414c9000 	/System/Library/Frameworks/CoreServices.framework/Versions/A/Frameworks/Metadata.framework/Versions/A/Metadata
0x00000000414c9000 	/System/Library/Frameworks/CoreServices.framework/Versions/A/Frameworks/OSServices.framework/Versions/A/OSServices
0x00000000414c9000 	/System/Library/Frameworks/CoreServices.framework/Versions/A/Frameworks/SearchKit.framework/Versions/A/SearchKit
0x00000000414c9000 	/System/Library/Frameworks/CoreServices.framework/Versions/A/Frameworks/AE.framework/Versions/A/AE
0x00000000414c9000 	/System/Library/Frameworks/CoreServices.framework/Versions/A/Frameworks/LaunchServices.framework/Versions/A/LaunchServices
0x00000000414c9000 	/System/Library/Frameworks/CoreServices.framework/Versions/A/Frameworks/DictionaryServices.framework/Versions/A/DictionaryServices
0x00000000414c9000 	/System/Library/Frameworks/CoreServices.framework/Versions/A/Frameworks/SharedFileList.framework/Versions/A/SharedFileList
0x00000000414c9000 	/System/Library/Frameworks/NetFS.framework/Versions/A/NetFS
0x00000000414c9000 	/System/Library/PrivateFrameworks/NetAuth.framework/Versions/A/NetAuth
0x00000000414c9000 	/System/Library/PrivateFrameworks/login.framework/Versions/A/Frameworks/loginsupport.framework/Versions/A/loginsupport
0x00000000414c9000 	/System/Library/PrivateFrameworks/TCC.framework/Versions/A/TCC
0x00000000414c9000 	/usr/lib/libmecabra.dylib
0x00000000414c9000 	/System/Library/Frameworks/ApplicationServices.framework/Versions/A/Frameworks/ATS.framework/Versions/A/ATS
0x00000000414c9000 	/System/Library/Frameworks/ApplicationServices.framework/Versions/A/Frameworks/ColorSync.framework/Versions/A/ColorSync
0x00000000414c9000 	/System/Library/Frameworks/ApplicationServices.framework/Versions/A/Frameworks/HIServices.framework/Versions/A/HIServices
0x00000000414c9000 	/System/Library/Frameworks/ApplicationServices.framework/Versions/A/Frameworks/LangAnalysis.framework/Versions/A/LangAnalysis
0x00000000414c9000 	/System/Library/Frameworks/ApplicationServices.framework/Versions/A/Frameworks/PrintCore.framework/Versions/A/PrintCore
0x00000000414c9000 	/System/Library/Frameworks/ApplicationServices.framework/Versions/A/Frameworks/QD.framework/Versions/A/QD
0x00000000414c9000 	/System/Library/Frameworks/ApplicationServices.framework/Versions/A/Frameworks/SpeechSynthesis.framework/Versions/A/SpeechSynthesis
0x00000000414c9000 	/System/Library/Frameworks/Accelerate.framework/Versions/A/Frameworks/vImage.framework/Versions/A/vImage
0x00000000414c9000 	/System/Library/Frameworks/Accelerate.framework/Versions/A/Frameworks/vecLib.framework/Versions/A/vecLib
0x00000000414c9000 	/System/Library/Frameworks/Accelerate.framework/Versions/A/Frameworks/vecLib.framework/Versions/A/libvDSP.dylib
0x00000000414c9000 	/System/Library/Frameworks/Accelerate.framework/Versions/A/Frameworks/vecLib.framework/Versions/A/libBNNS.dylib
0x00000000414c9000 	/System/Library/Frameworks/Accelerate.framework/Versions/A/Frameworks/vecLib.framework/Versions/A/libQuadrature.dylib
0x00000000414c9000 	/System/Library/Frameworks/Accelerate.framework/Versions/A/Frameworks/vecLib.framework/Versions/A/libvMisc.dylib
0x00000000414c9000 	/System/Library/Frameworks/Accelerate.framework/Versions/A/Frameworks/vecLib.framework/Versions/A/libLAPACK.dylib
0x00000000414c9000 	/System/Library/Frameworks/Accelerate.framework/Versions/A/Frameworks/vecLib.framework/Versions/A/libBLAS.dylib
0x00000000414c9000 	/System/Library/Frameworks/Accelerate.framework/Versions/A/Frameworks/vecLib.framework/Versions/A/libLinearAlgebra.dylib
0x00000000414c9000 	/System/Library/Frameworks/Accelerate.framework/Versions/A/Frameworks/vecLib.framework/Versions/A/libSparseBLAS.dylib
0x00000000414c9000 	/System/Library/Frameworks/ApplicationServices.framework/Versions/A/Frameworks/ATS.framework/Versions/A/Resources/libFontParser.dylib
0x00000000414c9000 	/System/Library/Frameworks/ApplicationServices.framework/Versions/A/Frameworks/ATS.framework/Versions/A/Resources/libFontRegistry.dylib
0x00000000414c9000 	/System/Library/Frameworks/ImageIO.framework/Versions/A/Resources/libJPEG.dylib
0x00000000414c9000 	/System/Library/Frameworks/ImageIO.framework/Versions/A/Resources/libTIFF.dylib
0x00000000414c9000 	/System/Library/Frameworks/ImageIO.framework/Versions/A/Resources/libPng.dylib
0x00000000414c9000 	/System/Library/Frameworks/ImageIO.framework/Versions/A/Resources/libGIF.dylib
0x00000000414c9000 	/System/Library/Frameworks/ImageIO.framework/Versions/A/Resources/libJP2.dylib
0x00000000414c9000 	/System/Library/Frameworks/ImageIO.framework/Versions/A/Resources/libRadiance.dylib
0x00000000414c9000 	/usr/lib/libcompression.dylib
0x00000000414c9000 	/System/Library/PrivateFrameworks/AppleJPEG.framework/Versions/A/AppleJPEG
0x00000000414c9000 	/usr/lib/libcups.2.dylib
0x00000000414c9000 	/System/Library/Frameworks/Kerberos.framework/Versions/A/Kerberos
0x00000000414c9000 	/System/Library/Frameworks/GSS.framework/Versions/A/GSS
0x00000000414c9000 	/usr/lib/libresolv.9.dylib
0x00000000414c9000 	/usr/lib/libiconv.2.dylib
0x00000000414c9000 	/System/Library/PrivateFrameworks/Heimdal.framework/Versions/A/Heimdal
0x00000000414c9000 	/usr/lib/libheimdal-asn1.dylib
0x00000000414c9000 	/System/Library/Frameworks/OpenDirectory.framework/Versions/A/OpenDirectory
0x00000000414c9000 	/System/Library/PrivateFrameworks/CommonAuth.framework/Versions/A/CommonAuth
0x00000000414c9000 	/System/Library/Frameworks/OpenDirectory.framework/Versions/A/Frameworks/CFOpenDirectory.framework/Versions/A/CFOpenDirectory
0x00000000414c9000 	/System/Library/Frameworks/SecurityFoundation.framework/Versions/A/SecurityFoundation
0x00000000414c9000 	/System/Library/PrivateFrameworks/LanguageModeling.framework/Versions/A/LanguageModeling
0x00000000414c9000 	/usr/lib/libmarisa.dylib
0x00000000414c9000 	/usr/lib/libChineseTokenizer.dylib
0x00000000414c9000 	/usr/lib/libcmph.dylib
0x00000000414c9000 	/System/Library/PrivateFrameworks/CoreEmoji.framework/Versions/A/CoreEmoji
0x00000000414c9000 	/System/Library/Frameworks/ServiceManagement.framework/Versions/A/ServiceManagement
0x00000000414c9000 	/usr/lib/libxslt.1.dylib
0x00000000414c9000 	/System/Library/Frameworks/Carbon.framework/Versions/A/Frameworks/Ink.framework/Versions/A/Ink
0x00000000414c9000 	/System/Library/PrivateFrameworks/TextureIO.framework/Versions/A/TextureIO
0x00000000414c9000 	/System/Library/Frameworks/Metal.framework/Versions/A/Metal
0x00000000414c9000 	/usr/lib/libate.dylib
0x00000000414c9000 	/System/Library/PrivateFrameworks/GPUCompiler.framework/libmetal_timestamp.dylib
0x00000000414c9000 	/System/Library/Frameworks/OpenGL.framework/Versions/A/Libraries/libCoreFSCache.dylib
0x00000000414c9000 	/System/Library/PrivateFrameworks/IOAccelerator.framework/Versions/A/IOAccelerator
0x00000000414c9000 	/System/Library/Frameworks/CoreVideo.framework/Versions/A/CoreVideo
0x00000000414c9000 	/usr/lib/libFosl_dynamic.dylib
0x00000000414c9000 	/System/Library/PrivateFrameworks/MetalPerformanceShaders.framework/Versions/A/MetalPerformanceShaders
0x00000000414c9000 	/System/Library/PrivateFrameworks/FaceCore.framework/Versions/A/FaceCore
0x00000000414c9000 	/System/Library/Frameworks/OpenCL.framework/Versions/A/OpenCL
0x00000000414c9000 	/System/Library/Frameworks/OpenGL.framework/Versions/A/Libraries/libGLU.dylib
0x00000000414c9000 	/System/Library/Frameworks/OpenGL.framework/Versions/A/Libraries/libGFXShared.dylib
0x00000000414c9000 	/System/Library/Frameworks/OpenGL.framework/Versions/A/Libraries/libGL.dylib
0x00000000414c9000 	/System/Library/Frameworks/OpenGL.framework/Versions/A/Libraries/libGLImage.dylib
0x00000000414c9000 	/System/Library/Frameworks/OpenGL.framework/Versions/A/Libraries/libCVMSPluginSupport.dylib
0x00000000414c9000 	/System/Library/Frameworks/OpenGL.framework/Versions/A/Libraries/libCoreVMClient.dylib
0x00000000414c9000 	/System/Library/PrivateFrameworks/CrashReporterSupport.framework/Versions/A/CrashReporterSupport
0x00000000414c9000 	/System/Library/PrivateFrameworks/Sharing.framework/Versions/A/Sharing
0x00000000414c9000 	/System/Library/PrivateFrameworks/IconServices.framework/Versions/A/IconServices
0x00000000414c9000 	/System/Library/PrivateFrameworks/ProtocolBuffer.framework/Versions/A/ProtocolBuffer
0x00000000414c9000 	/System/Library/PrivateFrameworks/Apple80211.framework/Versions/A/Apple80211
0x00000000414c9000 	/System/Library/Frameworks/CoreWLAN.framework/Versions/A/CoreWLAN
0x00000000414c9000 	/System/Library/PrivateFrameworks/CoreUtils.framework/Versions/A/CoreUtils
0x00000000414c9000 	/System/Library/Frameworks/IOBluetooth.framework/Versions/A/IOBluetooth
0x00000000414c9000 	/System/Library/PrivateFrameworks/CoreWiFi.framework/Versions/A/CoreWiFi
0x00000000414c9000 	/System/Library/Frameworks/CoreBluetooth.framework/Versions/A/CoreBluetooth
0x00000000414c9000 	/System/Library/Frameworks/CoreDisplay.framework/Versions/A/CoreDisplay
0x00000000414c9000 	/System/Library/PrivateFrameworks/IOPresentment.framework/Versions/A/IOPresentment
0x00000000414c9000 	/System/Library/PrivateFrameworks/DebugSymbols.framework/Versions/A/DebugSymbols
0x00000000414c9000 	/System/Library/PrivateFrameworks/CoreSymbolication.framework/Versions/A/CoreSymbolication
0x00000000414c9000 	/System/Library/PrivateFrameworks/Symbolication.framework/Versions/A/Symbolication
0x00000000414c9000 	/System/Library/PrivateFrameworks/AppleFSCompression.framework/Versions/A/AppleFSCompression
0x00000000414c9000 	/System/Library/PrivateFrameworks/SpeechRecognitionCore.framework/Versions/A/SpeechRecognitionCore
0x00000000414c9000 	/System/Library/PrivateFrameworks/ChunkingLibrary.framework/Versions/A/ChunkingLibrary
0x0000000109a00000 	/Library/Java/JavaVirtualMachines/jdk1.8.0_65.jdk/Contents/Home/jre/lib/server/libjvm.dylib
0x00000000414c9000 	/usr/lib/libstdc++.6.dylib
0x00000001089d3000 	/Library/Java/JavaVirtualMachines/jdk1.8.0_65.jdk/Contents/Home/jre/lib/libverify.dylib
0x000000010a989000 	/Library/Java/JavaVirtualMachines/jdk1.8.0_65.jdk/Contents/Home/jre/lib/libjava.dylib
0x00000001089eb000 	/Library/Java/JavaVirtualMachines/jdk1.8.0_65.jdk/Contents/Home/jre/lib/libzip.dylib
0x000000010ea73000 	/System/Library/Frameworks/JavaVM.framework/Frameworks/JavaRuntimeSupport.framework/JavaRuntimeSupport
0x000000010ea8d000 	/System/Library/Frameworks/JavaVM.framework/Versions/A/Frameworks/JavaNativeFoundation.framework/Versions/A/JavaNativeFoundation
0x000000010eaa2000 	/System/Library/Frameworks/JavaVM.framework/Versions/A/JavaVM
0x00000000414c9000 	/System/Library/Frameworks/Carbon.framework/Versions/A/Carbon
0x000000010eaaf000 	/System/Library/PrivateFrameworks/JavaLaunching.framework/Versions/A/JavaLaunching
0x00000000414c9000 	/System/Library/Frameworks/Carbon.framework/Versions/A/Frameworks/CommonPanels.framework/Versions/A/CommonPanels
0x00000000414c9000 	/System/Library/Frameworks/Carbon.framework/Versions/A/Frameworks/Help.framework/Versions/A/Help
0x00000000414c9000 	/System/Library/Frameworks/Carbon.framework/Versions/A/Frameworks/ImageCapture.framework/Versions/A/ImageCapture
0x00000000414c9000 	/System/Library/Frameworks/Carbon.framework/Versions/A/Frameworks/OpenScripting.framework/Versions/A/OpenScripting
0x00000000414c9000 	/System/Library/Frameworks/Carbon.framework/Versions/A/Frameworks/Print.framework/Versions/A/Print
0x00000000414c9000 	/System/Library/Frameworks/Carbon.framework/Versions/A/Frameworks/SecurityHI.framework/Versions/A/SecurityHI
0x000000010ee31000 	/Applications/IntelliJ IDEA.app/Contents/bin/libbreakgen64.jnilib
0x000000010ee34000 	/Library/Java/JavaVirtualMachines/jdk1.8.0_65.jdk/Contents/Home/jre/lib/libnet.dylib
0x000000010f2c6000 	/Library/Java/JavaVirtualMachines/jdk1.8.0_65.jdk/Contents/Home/jre/lib/libmanagement.dylib
0x000000010efc4000 	/Library/Java/JavaVirtualMachines/jdk1.8.0_65.jdk/Contents/Home/jre/lib/libnio.dylib
0x000000010eeb9000 	/Users/sophatvathana/Desktop/Project/ipcam/IPCAM-VIDEO-STREAMING-API/native/mac/x86_64/strmrecv.dylib
0x000000010ef99000 	/Library/Java/JavaVirtualMachines/jdk1.8.0_65.jdk/Contents/Home/jre/lib/libsunec.dylib
0x0000000127804000 	/Users/sophatvathana/Desktop/Project/ipcam/IPCAM-VIDEO-STREAMING-API/native/mac/x86_64/libavutil.55.dylib
0x00000000414c9000 	/System/Library/Frameworks/AVFoundation.framework/Versions/A/AVFoundation
0x00000000414c9000 	/System/Library/Frameworks/CoreMedia.framework/Versions/A/CoreMedia
0x00000000414c9000 	/System/Library/Frameworks/VideoToolbox.framework/Versions/A/VideoToolbox
0x000000010ef37000 	/System/Library/Frameworks/VideoDecodeAcceleration.framework/Versions/A/VideoDecodeAcceleration
0x00000000414c9000 	/System/Library/Frameworks/AVFoundation.framework/Versions/A/Frameworks/AVFAudio.framework/Versions/A/AVFAudio
0x00000000414c9000 	/System/Library/Frameworks/MediaToolbox.framework/Versions/A/MediaToolbox
0x00000000414c9000 	/System/Library/PrivateFrameworks/IntlPreferences.framework/Versions/A/IntlPreferences
0x00000000414c9000 	/System/Library/Frameworks/CoreMediaIO.framework/Versions/A/CoreMediaIO
0x00000000414c9000 	/usr/lib/libspindump.dylib
0x00000000414c9000 	/usr/lib/libdscsym.dylib
0x00000000414c9000 	/System/Library/PrivateFrameworks/CoreAVCHD.framework/Versions/A/CoreAVCHD
0x00000000414c9000 	/System/Library/Frameworks/MediaAccessibility.framework/Versions/A/MediaAccessibility
0x00000000414c9000 	/System/Library/PrivateFrameworks/Mangrove.framework/Versions/A/Mangrove
0x00000000414c9000 	/System/Library/PrivateFrameworks/CoreAUC.framework/Versions/A/CoreAUC
0x00000000414c9000 	/System/Library/PrivateFrameworks/AppleVA.framework/Versions/A/AppleVA
0x00000000414c9000 	/System/Library/PrivateFrameworks/XPCService.framework/Versions/A/XPCService
0x00000000414c9000 	/System/Library/PrivateFrameworks/AppSandbox.framework/Versions/A/AppSandbox
0x00000000414c9000 	/usr/lib/libsandbox.1.dylib
0x00000000414c9000 	/System/Library/PrivateFrameworks/AppContainer.framework/Versions/A/AppContainer
0x00000000414c9000 	/System/Library/PrivateFrameworks/SecCodeWrapper.framework/Versions/A/SecCodeWrapper
0x00000000414c9000 	/usr/lib/libMatch.1.dylib
0x000000010f067000 	/Users/sophatvathana/Desktop/Project/ipcam/IPCAM-VIDEO-STREAMING-API/native/mac/x86_64/libswresample.2.dylib
0x0000000129d85000 	/Users/sophatvathana/Desktop/Project/ipcam/IPCAM-VIDEO-STREAMING-API/native/mac/x86_64/libavcodec.57.dylib
0x000000012b078000 	/Users/sophatvathana/Desktop/Project/ipcam/IPCAM-VIDEO-STREAMING-API/native/mac/x86_64/libavformat.57.dylib

VM Arguments:
jvm_args: -Dspring.output.ansi.enabled=always -Didea.launcher.port=7533 -Didea.launcher.bin.path=/Applications/IntelliJ IDEA.app/Contents/bin -Dfile.encoding=UTF-8 
java_command: com.intellij.rt.execution.application.AppMain kh.com.kshrd.ipcam.IpcamVideoStreamingApiApplication
java_class_path (initial): /Library/Java/JavaVirtualMachines/jdk1.8.0_65.jdk/Contents/Home/jre/lib/charsets.jar:/Library/Java/JavaVirtualMachines/jdk1.8.0_65.jdk/Contents/Home/jre/lib/deploy.jar:/Library/Java/JavaVirtualMachines/jdk1.8.0_65.jdk/Contents/Home/jre/lib/ext/cldrdata.jar:/Library/Java/JavaVirtualMachines/jdk1.8.0_65.jdk/Contents/Home/jre/lib/ext/dnsns.jar:/Library/Java/JavaVirtualMachines/jdk1.8.0_65.jdk/Contents/Home/jre/lib/ext/jaccess.jar:/Library/Java/JavaVirtualMachines/jdk1.8.0_65.jdk/Contents/Home/jre/lib/ext/jfxrt.jar:/Library/Java/JavaVirtualMachines/jdk1.8.0_65.jdk/Contents/Home/jre/lib/ext/localedata.jar:/Library/Java/JavaVirtualMachines/jdk1.8.0_65.jdk/Contents/Home/jre/lib/ext/nashorn.jar:/Library/Java/JavaVirtualMachines/jdk1.8.0_65.jdk/Contents/Home/jre/lib/ext/sunec.jar:/Library/Java/JavaVirtualMachines/jdk1.8.0_65.jdk/Contents/Home/jre/lib/ext/sunjce_provider.jar:/Library/Java/JavaVirtualMachines/jdk1.8.0_65.jdk/Contents/Home/jre/lib/ext/sunpkcs11.jar:/Library/Java/JavaVirtualMachines/jdk1.8.0_65.jdk/Contents/Home/jre/lib/ext/zipfs.jar:/Library/Java/JavaVirtualMachines/jdk1.8.0_65.jdk/Contents/Home/jre/lib/javaws.jar:/Library/Java/JavaVirtualMachines/jdk1.8.0_65.jdk/Contents/Home/jre/lib/jce.jar:/Library/Java/JavaVirtualMachines/jdk1.8.0_65.jdk/Contents/Home/jre/lib/jfr.jar:/Library/Java/JavaVirtualMachines/jdk1.8.0_65.jdk/Contents/Home/jre/lib/jfxswt.jar:/Library/Java/JavaVirtualMachines/jdk1.8.0_65.jdk/Contents/Home/jre/lib/jsse.jar:/Library/Java/JavaVirtualMachines/jdk1.8.0_65.jdk/Contents/Home/jre/lib/management-agent.jar:/Library/Java/JavaVirtualMachines/jdk1.8.0_65.jdk/Contents/Home/jre/lib/plugin.jar:/Library/Java/JavaVirtualMachines/jdk1.8.0_65.jdk/Contents/Home/jre/lib/resources.jar:/Library/Java/JavaVirtualMachines/jdk1.8.0_65.jdk/Contents/Home/jre/lib/rt.jar:/Library/Java/JavaVirtualMachines/jdk1.8.0_65.jdk/Contents/Home/lib/dt.jar:/Library/Java/JavaVirtualMachines/jdk1.8.0_65.jdk/Contents/Home/lib/javafx-mx.jar:/Library/Jav
Launcher Type: SUN_STANDARD

Environment Variables:
PATH=/Library/Frameworks/Python.framework/Versions/3.5/bin:/usr/local/bin:/usr/bin:/bin:/usr/sbin:/sbin
SHELL=/bin/zsh

Signal Handlers:
SIGSEGV: [libjvm.dylib+0x5a6d31], sa_mask[0]=11111111011111110111111111111111, sa_flags=SA_ONSTACK|SA_RESTART|SA_SIGINFO
SIGBUS: [libjvm.dylib+0x5a6d31], sa_mask[0]=11111111011111110111111111111111, sa_flags=SA_RESTART|SA_SIGINFO
SIGFPE: [libjvm.dylib+0x480a40], sa_mask[0]=11111111011111110111111111111111, sa_flags=SA_RESTART|SA_SIGINFO
SIGPIPE: [libjvm.dylib+0x480a40], sa_mask[0]=11111111011111110111111111111111, sa_flags=SA_RESTART|SA_SIGINFO
SIGXFSZ: [libjvm.dylib+0x480a40], sa_mask[0]=11111111011111110111111111111111, sa_flags=SA_RESTART|SA_SIGINFO
SIGILL: [libjvm.dylib+0x480a40], sa_mask[0]=11111111011111110111111111111111, sa_flags=SA_RESTART|SA_SIGINFO
SIGUSR1: SIG_DFL, sa_mask[0]=00000000000000000000000000000000, sa_flags=none
SIGUSR2: [libjvm.dylib+0x48055e], sa_mask[0]=00100000000000000000000000000000, sa_flags=SA_RESTART|SA_SIGINFO
SIGHUP: [libjvm.dylib+0x47eb35], sa_mask[0]=11111111011111110111111111111111, sa_flags=SA_RESTART|SA_SIGINFO
SIGINT: [libjvm.dylib+0x47eb35], sa_mask[0]=11111111011111110111111111111111, sa_flags=SA_RESTART|SA_SIGINFO
SIGTERM: [libjvm.dylib+0x47eb35], sa_mask[0]=11111111011111110111111111111111, sa_flags=SA_RESTART|SA_SIGINFO
SIGQUIT: [libjvm.dylib+0x47eb35], sa_mask[0]=11111111011111110111111111111111, sa_flags=SA_RESTART|SA_SIGINFO


---------------  S Y S T E M  ---------------

OS:Bsduname:Darwin 16.3.0 Darwin Kernel Version 16.3.0: Thu Nov 17 20:23:58 PST 2016; root:xnu-3789.31.2~1/RELEASE_X86_64 x86_64
rlimit: STACK 8192k, CORE 0k, NPROC 709, NOFILE 10240, AS infinity
load average:2.00 1.96 1.87

CPU:total 8 (4 cores per cpu, 2 threads per core) family 6 model 70 stepping 1, cmov, cx8, fxsr, mmx, sse, sse2, sse3, ssse3, sse4.1, sse4.2, popcnt, avx, avx2, aes, clmul, erms, lzcnt, ht, tsc, tscinvbit, bmi1, bmi2

Memory: 4k page, physical 16777216k(490884k free)

/proc/meminfo:


vm_info: Java HotSpot(TM) 64-Bit Server VM (25.65-b01) for bsd-amd64 JRE (1.8.0_65-b17), built on Oct  6 2015 15:36:46 by "java_re" with gcc 4.2.1 (Based on Apple Inc. build 5658) (LLVM build 2336.11.00)

time: Mon Dec 26 22:58:02 2016
elapsed time: 100 seconds (0d 0h 1m 40s)

