#
# A fatal error has been detected by the Java Runtime Environment:
#
#  SIGSEGV (0xb) at pc=0x00000001244b9751, pid=1978, tid=23811
#
# JRE version: Java(TM) SE Runtime Environment (8.0_65-b17) (build 1.8.0_65-b17)
# Java VM: Java HotSpot(TM) 64-Bit Server VM (25.65-b01 mixed mode bsd-amd64 compressed oops)
# Problematic frame:
# C  [libavutil.55.dylib+0x19751]  av_freep+0x1
#
# Failed to write core dump. Core dumps have been disabled. To enable core dumping, try "ulimit -c unlimited" before starting Java again
#
# If you would like to submit a bug report, please visit:
#   http://bugreport.java.com/bugreport/crash.jsp
# The crash happened outside the Java Virtual Machine in native code.
# See problematic frame for where to report the bug.
#

---------------  T H R E A D  ---------------

Current thread (0x00007fe6411a5000):  JavaThread "Thread-1" [_thread_in_native, id=23811, stack(0x000070000f9b5000,0x000070000fab5000)]

siginfo: si_signo: 11 (SIGSEGV), si_code: 0 (unknown), si_addr: 0x0000000000000000

Registers:
RAX=0x0000000122c88500, RBX=0x0000000000000000, RCX=0x0000000000000000, RDX=0x00007fe64243d730
RSP=0x000070000fab4700, RBP=0x000070000fab4750, RSI=0x000070000fab47e8, RDI=0x474e494d41455254
R8 =0x0000000000000003, R9 =0x0000000000000000, R10=0x0000000112170928, R11=0x0000000106cdc4cf
R12=0x0000000000000000, R13=0x0000000124796928, R14=0x00007fe64243d768, R15=0x00007fe64243d738
RIP=0x00000001244b9751, EFLAGS=0x0000000000010202, ERR=0x0000000000000000
  TRAPNO=0x000000000000000d

Top of Stack: (sp=0x000070000fab4700)
0x000070000fab4700:   0000000122c88500 000000012569670c
0x000070000fab4710:   0000000122c88500 00007fe64243d730
0x000070000fab4720:   0000000000000000 000070000fab47e8
0x000070000fab4730:   00007fe6411a5000 0000000122c87f32
0x000070000fab4740:   0000000124796928 000070000fab47e8
0x000070000fab4750:   000070000fab47b8 0000000112170954
0x000070000fab4760:   000070000fab4780 00007fe64255a600
0x000070000fab4770:   00007fe6411a5000 000070000fab4778
0x000070000fab4780:   0000000000000000 000070000fab47e8
0x000070000fab4790:   00000001247989c8 0000000000000000
0x000070000fab47a0:   0000000124796928 0000000000000000
0x000070000fab47b0:   000070000fab47d8 000070000fab4830
0x000070000fab47c0:   0000000112162c4d 0000000000000000
0x000070000fab47d0:   000000011216a578 00007fe64243d730
0x000070000fab47e0:   00007fe64243d730 00000006c0eb3178
0x000070000fab47f0:   000070000fab47f0 0000000124796c36
0x000070000fab4800:   000070000fab4840 00000001247989c8
0x000070000fab4810:   0000000000000000 0000000124796c58
0x000070000fab4820:   000070000fab47d8 000070000fab4840
0x000070000fab4830:   000070000fab4888 0000000112162c4d
0x000070000fab4840:   00000006c0eb3178 000070000fab4848
0x000070000fab4850:   0000000124796b71 000070000fab4898
0x000070000fab4860:   00000001247989c8 0000000000000000
0x000070000fab4870:   0000000124796ba0 000070000fab4840
0x000070000fab4880:   000070000fab4898 000070000fab48e0
0x000070000fab4890:   0000000112162c4d 00000006c0eb3178
0x000070000fab48a0:   000070000fab48a0 00000001250a5825
0x000070000fab48b0:   000070000fab4910 00000001247947c0
0x000070000fab48c0:   0000000000000000 00000001250a5998
0x000070000fab48d0:   000070000fab4898 000070000fab4910
0x000070000fab48e0:   000070000fab4958 0000000112162c92
0x000070000fab48f0:   000000000000012c 0000000000000000 

Instructions: (pc=0x00000001244b9751)
0x00000001244b9731:   00 00 00 e8 6f a9 01 00 b8 f4 ff ff ff 48 83 c4
0x00000001244b9741:   10 5b c3 66 66 66 2e 0f 1f 84 00 00 00 00 00 50
0x00000001244b9751:   48 8b 07 48 c7 04 24 00 00 00 00 48 c7 07 00 00
0x00000001244b9761:   00 00 48 89 c7 e8 3d a9 01 00 58 c3 0f 1f 00 48 

Register to memory mapping:

RAX=0x0000000122c88500: Java_kh_com_kshrd_core_RtspStream_openRtspInternal+0x90 in /Users/sophatvathana/Desktop/Project/ipcam/IPCAM-VIDEO-STREAMING-API/native/mac/x86_64/strmrecv.dylib at 0x0000000122c86000
RBX=0x0000000000000000 is an unknown value
RCX=0x0000000000000000 is an unknown value
RDX=0x00007fe64243d730 is an unknown value
RSP=0x000070000fab4700 is pointing into the stack for thread: 0x00007fe6411a5000
RBP=0x000070000fab4750 is pointing into the stack for thread: 0x00007fe6411a5000
RSI=0x000070000fab47e8 is pointing into the stack for thread: 0x00007fe6411a5000
RDI=0x474e494d41455254 is an unknown value
R8 =0x0000000000000003 is an unknown value
R9 =0x0000000000000000 is an unknown value
R10=0x0000000112170928 is at code_begin+808 in an Interpreter codelet
method entry point (kind = native)  [0x0000000112170600, 0x0000000112170f00]  2304 bytes
R11=0x0000000106cdc4cf: throw_unsatisfied_link_error+0 in /Library/Java/JavaVirtualMachines/jdk1.8.0_65.jdk/Contents/Home/jre/lib/server/libjvm.dylib at 0x0000000106800000
R12=0x0000000000000000 is an unknown value
R13={method} {0x0000000124796928} 'releaseContextInternal' '(J)V' in 'kh/com/kshrd/core/RtspStream'
R14=0x00007fe64243d768 is an unknown value
R15=0x00007fe64243d738 is an unknown value


Stack: [0x000070000f9b5000,0x000070000fab5000],  sp=0x000070000fab4700,  free space=1021k
Native frames: (J=compiled Java code, j=interpreted, Vv=VM code, C=native code)
C  [libavutil.55.dylib+0x19751]  av_freep+0x1
j  kh.com.kshrd.core.RtspStream.releaseContextInternal(J)V+0
j  kh.com.kshrd.core.RtspStream.release()V+14
j  kh.com.kshrd.core.RtspStream.initialize()V+1
j  kh.com.kshrd.core.RtspCamera.run()V+269
j  java.lang.Thread.run()V+11
v  ~StubRoutines::call_stub
V  [libjvm.dylib+0x2eab02]  JavaCalls::call_helper(JavaValue*, methodHandle*, JavaCallArguments*, Thread*)+0x6ae
V  [libjvm.dylib+0x2eb290]  JavaCalls::call_virtual(JavaValue*, KlassHandle, Symbol*, Symbol*, JavaCallArguments*, Thread*)+0x164
V  [libjvm.dylib+0x2eb43c]  JavaCalls::call_virtual(JavaValue*, Handle, KlassHandle, Symbol*, Symbol*, Thread*)+0x4a
V  [libjvm.dylib+0x345959]  thread_entry(JavaThread*, Thread*)+0x7c
V  [libjvm.dylib+0x5612d3]  JavaThread::thread_main_inner()+0x9b
V  [libjvm.dylib+0x5629ce]  JavaThread::run()+0x1c2
V  [libjvm.dylib+0x48342e]  java_start(Thread*)+0xf6
C  [libsystem_pthread.dylib+0x3aab]  _pthread_body+0xb4
C  [libsystem_pthread.dylib+0x39f7]  _pthread_body+0x0
C  [libsystem_pthread.dylib+0x31fd]  thread_start+0xd
C  0x0000000000000000

Java frames: (J=compiled Java code, j=interpreted, Vv=VM code)
j  kh.com.kshrd.core.RtspStream.releaseContextInternal(J)V+0
j  kh.com.kshrd.core.RtspStream.release()V+14
j  kh.com.kshrd.core.RtspStream.initialize()V+1
j  kh.com.kshrd.core.RtspCamera.run()V+269
j  java.lang.Thread.run()V+11
v  ~StubRoutines::call_stub

---------------  P R O C E S S  ---------------

Java Threads: ( => current thread )
  0x00007fe643801800 JavaThread "http-nio-9999-exec-1" daemon [_thread_blocked, id=5135, stack(0x000070000f5a9000,0x000070000f6a9000)]
  0x00007fe644837000 JavaThread "DestroyJavaVM" [_thread_blocked, id=7171, stack(0x000070000e16d000,0x000070000e26d000)]
  0x00007fe64681b000 JavaThread "http-nio-9999-AsyncTimeout" daemon [_thread_blocked, id=26371, stack(0x000070000fec4000,0x000070000ffc4000)]
  0x00007fe646216800 JavaThread "http-nio-9999-Acceptor-0" daemon [_thread_in_native, id=25859, stack(0x000070000fdc1000,0x000070000fec1000)]
  0x00007fe644ad7000 JavaThread "http-nio-9999-ClientPoller-1" daemon [_thread_in_native, id=25347, stack(0x000070000fcbe000,0x000070000fdbe000)]
  0x00007fe64681a000 JavaThread "http-nio-9999-ClientPoller-0" daemon [_thread_in_native, id=24835, stack(0x000070000fbbb000,0x000070000fcbb000)]
  0x00007fe646819800 JavaThread "NioBlockingSelector.BlockPoller-1" daemon [_thread_in_native, id=24323, stack(0x000070000fab8000,0x000070000fbb8000)]
=>0x00007fe6411a5000 JavaThread "Thread-1" [_thread_in_native, id=23811, stack(0x000070000f9b5000,0x000070000fab5000)]
  0x00007fe646072800 JavaThread "container-0" [_thread_blocked, id=23299, stack(0x000070000f8b2000,0x000070000f9b2000)]
  0x00007fe6451c5000 JavaThread "ContainerBackgroundProcessor[StandardEngine[Tomcat]]" daemon [_thread_blocked, id=22787, stack(0x000070000f7af000,0x000070000f8af000)]
  0x00007fe641026800 JavaThread "Monitor Ctrl-Break" daemon [_thread_in_native, id=22275, stack(0x000070000f4a6000,0x000070000f5a6000)]
  0x00007fe640832800 JavaThread "Service Thread" daemon [_thread_blocked, id=21251, stack(0x000070000f2a0000,0x000070000f3a0000)]
  0x00007fe640831800 JavaThread "C1 CompilerThread3" daemon [_thread_blocked, id=20739, stack(0x000070000f19d000,0x000070000f29d000)]
  0x00007fe641015800 JavaThread "C2 CompilerThread2" daemon [_thread_blocked, id=20227, stack(0x000070000f09a000,0x000070000f19a000)]
  0x00007fe641011800 JavaThread "C2 CompilerThread1" daemon [_thread_blocked, id=19715, stack(0x000070000ef97000,0x000070000f097000)]
  0x00007fe642853800 JavaThread "C2 CompilerThread0" daemon [_thread_blocked, id=19203, stack(0x000070000ee94000,0x000070000ef94000)]
  0x00007fe64100e800 JavaThread "Signal Dispatcher" daemon [_thread_blocked, id=18691, stack(0x000070000ed91000,0x000070000ee91000)]
  0x00007fe64381e800 JavaThread "Finalizer" daemon [_thread_blocked, id=14595, stack(0x000070000ec8e000,0x000070000ed8e000)]
  0x00007fe640814000 JavaThread "Reference Handler" daemon [_thread_blocked, id=14083, stack(0x000070000eb8b000,0x000070000ec8b000)]

Other Threads:
  0x00007fe64100c000 VMThread [stack: 0x000070000ea88000,0x000070000eb88000] [id=13571]
  0x00007fe643839000 WatcherThread [stack: 0x000070000f3a3000,0x000070000f4a3000] [id=21763]

VM state:not at safepoint (normal execution)

VM Mutex/Monitor currently owned by a thread: None

Heap:
 PSYoungGen      total 265216K, used 90878K [0x000000076ab00000, 0x0000000789800000, 0x00000007c0000000)
  eden space 247296K, 36% used [0x000000076ab00000,0x00000007703bf950,0x0000000779c80000)
  from space 17920K, 0% used [0x0000000779c80000,0x0000000779c80000,0x000000077ae00000)
  to   space 19456K, 0% used [0x0000000788500000,0x0000000788500000,0x0000000789800000)
 ParOldGen       total 134656K, used 27843K [0x00000006c0000000, 0x00000006c8380000, 0x000000076ab00000)
  object space 134656K, 20% used [0x00000006c0000000,0x00000006c1b30f98,0x00000006c8380000)
 Metaspace       used 40948K, capacity 41480K, committed 41728K, reserved 1085440K
  class space    used 5153K, capacity 5285K, committed 5376K, reserved 1048576K

Card table byte_map: [0x0000000107b49000,0x000000010834a000] byte_map_base: 0x0000000104549000

Marking Bits: (ParMarkBitMap*) 0x00000001070dee20
 Begin Bits: [0x00000001088a0000, 0x000000010c8a0000)
 End Bits:   [0x000000010c8a0000, 0x00000001108a0000)

Polling page: 0x0000000105723000

CodeCache: size=245760Kb used=14992Kb max_used=15110Kb free=230767Kb
 bounds [0x000000011215b000, 0x000000011303b000, 0x000000012115b000]
 total_blobs=4696 nmethods=4259 adapters=350
 compilation: enabled

Compilation events (10 events):
Event: 85.045 Thread 0x00007fe640831800 4990   !   3       sun.nio.ch.KQueueSelectorImpl::doSelect (60 bytes)
Event: 85.046 Thread 0x00007fe640831800 nmethod 4990 0x0000000112cc4590 code [0x0000000112cc47e0, 0x0000000112cc57e8]
Event: 85.095 Thread 0x00007fe640831800 4992   !   3       sun.nio.ch.SelectorImpl::lockAndDoSelect (72 bytes)
Event: 85.096 Thread 0x00007fe640831800 nmethod 4992 0x000000011296f590 code [0x000000011296f760, 0x0000000112970158]
Event: 85.882 Thread 0x00007fe640831800 4994       3       sun.nio.ch.SelectorImpl::select (34 bytes)
Event: 85.883 Thread 0x00007fe640831800 nmethod 4994 0x0000000112961050 code [0x00000001129611e0, 0x00000001129614d8]
Event: 86.887 Thread 0x00007fe640831800 4995       3       org.apache.tomcat.util.net.NioEndpoint$NioSocketWrapper::getLastRead (5 bytes)
Event: 86.888 Thread 0x00007fe640831800 nmethod 4995 0x000000011296f250 code [0x000000011296f3a0, 0x000000011296f4f0]
Event: 86.888 Thread 0x00007fe640831800 4996       3       org.apache.tomcat.util.net.SocketWrapperBase::getReadTimeout (5 bytes)
Event: 86.888 Thread 0x00007fe640831800 nmethod 4996 0x0000000112960d10 code [0x0000000112960e60, 0x0000000112960fb0]

GC Heap History (10 events):
Event: 11.452 GC heap before
{Heap before GC invocations=5 (full 1):
 PSYoungGen      total 141824K, used 10722K [0x000000076ab00000, 0x0000000774000000, 0x00000007c0000000)
  eden space 131072K, 0% used [0x000000076ab00000,0x000000076ab00000,0x0000000772b00000)
  from space 10752K, 99% used [0x0000000773580000,0x0000000773ff8a38,0x0000000774000000)
  to   space 10752K, 0% used [0x0000000772b00000,0x0000000772b00000,0x0000000773580000)
 ParOldGen       total 175104K, used 2802K [0x00000006c0000000, 0x00000006cab00000, 0x000000076ab00000)
  object space 175104K, 1% used [0x00000006c0000000,0x00000006c02bc890,0x00000006cab00000)
 Metaspace       used 20908K, capacity 21198K, committed 21296K, reserved 1069056K
  class space    used 2553K, capacity 2646K, committed 2688K, reserved 1048576K
Event: 11.489 GC heap after
Heap after GC invocations=5 (full 1):
 PSYoungGen      total 141824K, used 0K [0x000000076ab00000, 0x0000000774000000, 0x00000007c0000000)
  eden space 131072K, 0% used [0x000000076ab00000,0x000000076ab00000,0x0000000772b00000)
  from space 10752K, 0% used [0x0000000773580000,0x0000000773580000,0x0000000774000000)
  to   space 10752K, 0% used [0x0000000772b00000,0x0000000772b00000,0x0000000773580000)
 ParOldGen       total 85504K, used 11045K [0x00000006c0000000, 0x00000006c5380000, 0x000000076ab00000)
  object space 85504K, 12% used [0x00000006c0000000,0x00000006c0ac97e8,0x00000006c5380000)
 Metaspace       used 20908K, capacity 21198K, committed 21296K, reserved 1069056K
  class space    used 2553K, capacity 2646K, committed 2688K, reserved 1048576K
}
Event: 12.281 GC heap before
{Heap before GC invocations=6 (full 1):
 PSYoungGen      total 141824K, used 131072K [0x000000076ab00000, 0x0000000774000000, 0x00000007c0000000)
  eden space 131072K, 100% used [0x000000076ab00000,0x0000000772b00000,0x0000000772b00000)
  from space 10752K, 0% used [0x0000000773580000,0x0000000773580000,0x0000000774000000)
  to   space 10752K, 0% used [0x0000000772b00000,0x0000000772b00000,0x0000000773580000)
 ParOldGen       total 85504K, used 11045K [0x00000006c0000000, 0x00000006c5380000, 0x000000076ab00000)
  object space 85504K, 12% used [0x00000006c0000000,0x00000006c0ac97e8,0x00000006c5380000)
 Metaspace       used 27705K, capacity 28050K, committed 28416K, reserved 1075200K
  class space    used 3412K, capacity 3516K, committed 3584K, reserved 1048576K
Event: 12.294 GC heap after
Heap after GC invocations=6 (full 1):
 PSYoungGen      total 141824K, used 10729K [0x000000076ab00000, 0x000000077c280000, 0x00000007c0000000)
  eden space 131072K, 0% used [0x000000076ab00000,0x000000076ab00000,0x0000000772b00000)
  from space 10752K, 99% used [0x0000000772b00000,0x000000077357a788,0x0000000773580000)
  to   space 18944K, 0% used [0x000000077b000000,0x000000077b000000,0x000000077c280000)
 ParOldGen       total 85504K, used 20546K [0x00000006c0000000, 0x00000006c5380000, 0x000000076ab00000)
  object space 85504K, 24% used [0x00000006c0000000,0x00000006c1410b98,0x00000006c5380000)
 Metaspace       used 27705K, capacity 28050K, committed 28416K, reserved 1075200K
  class space    used 3412K, capacity 3516K, committed 3584K, reserved 1048576K
}
Event: 12.992 GC heap before
{Heap before GC invocations=7 (full 1):
 PSYoungGen      total 141824K, used 141801K [0x000000076ab00000, 0x000000077c280000, 0x00000007c0000000)
  eden space 131072K, 100% used [0x000000076ab00000,0x0000000772b00000,0x0000000772b00000)
  from space 10752K, 99% used [0x0000000772b00000,0x000000077357a788,0x0000000773580000)
  to   space 18944K, 0% used [0x000000077b000000,0x000000077b000000,0x000000077c280000)
 ParOldGen       total 85504K, used 20546K [0x00000006c0000000, 0x00000006c5380000, 0x000000076ab00000)
  object space 85504K, 24% used [0x00000006c0000000,0x00000006c1410b98,0x00000006c5380000)
 Metaspace       used 31218K, capacity 31682K, committed 32000K, reserved 1077248K
  class space    used 3882K, capacity 4004K, committed 4096K, reserved 1048576K
Event: 13.006 GC heap after
Heap after GC invocations=7 (full 1):
 PSYoungGen      total 263168K, used 12452K [0x000000076ab00000, 0x000000077bf80000, 0x00000007c0000000)
  eden space 247296K, 0% used [0x000000076ab00000,0x000000076ab00000,0x0000000779c80000)
  from space 15872K, 78% used [0x000000077b000000,0x000000077bc29278,0x000000077bf80000)
  to   space 17920K, 0% used [0x0000000779c80000,0x0000000779c80000,0x000000077ae00000)
 ParOldGen       total 85504K, used 20554K [0x00000006c0000000, 0x00000006c5380000, 0x000000076ab00000)
  object space 85504K, 24% used [0x00000006c0000000,0x00000006c1412b98,0x00000006c5380000)
 Metaspace       used 31218K, capacity 31682K, committed 32000K, reserved 1077248K
  class space    used 3882K, capacity 4004K, committed 4096K, reserved 1048576K
}
Event: 13.636 GC heap before
{Heap before GC invocations=8 (full 1):
 PSYoungGen      total 263168K, used 150944K [0x000000076ab00000, 0x000000077bf80000, 0x00000007c0000000)
  eden space 247296K, 56% used [0x000000076ab00000,0x000000077323edf8,0x0000000779c80000)
  from space 15872K, 78% used [0x000000077b000000,0x000000077bc29278,0x000000077bf80000)
  to   space 17920K, 0% used [0x0000000779c80000,0x0000000779c80000,0x000000077ae00000)
 ParOldGen       total 85504K, used 20554K [0x00000006c0000000, 0x00000006c5380000, 0x000000076ab00000)
  object space 85504K, 24% used [0x00000006c0000000,0x00000006c1412b98,0x00000006c5380000)
 Metaspace       used 34875K, capacity 35296K, committed 35496K, reserved 1081344K
  class space    used 4411K, capacity 4521K, committed 4608K, reserved 1048576K
Event: 13.653 GC heap after
Heap after GC invocations=8 (full 1):
 PSYoungGen      total 265216K, used 17620K [0x000000076ab00000, 0x0000000789800000, 0x00000007c0000000)
  eden space 247296K, 0% used [0x000000076ab00000,0x000000076ab00000,0x0000000779c80000)
  from space 17920K, 98% used [0x0000000779c80000,0x000000077adb5140,0x000000077ae00000)
  to   space 19456K, 0% used [0x0000000788500000,0x0000000788500000,0x0000000789800000)
 ParOldGen       total 85504K, used 20562K [0x00000006c0000000, 0x00000006c5380000, 0x000000076ab00000)
  object space 85504K, 24% used [0x00000006c0000000,0x00000006c1414b98,0x00000006c5380000)
 Metaspace       used 34875K, capacity 35296K, committed 35496K, reserved 1081344K
  class space    used 4411K, capacity 4521K, committed 4608K, reserved 1048576K
}
Event: 13.653 GC heap before
{Heap before GC invocations=9 (full 2):
 PSYoungGen      total 265216K, used 17620K [0x000000076ab00000, 0x0000000789800000, 0x00000007c0000000)
  eden space 247296K, 0% used [0x000000076ab00000,0x000000076ab00000,0x0000000779c80000)
  from space 17920K, 98% used [0x0000000779c80000,0x000000077adb5140,0x000000077ae00000)
  to   space 19456K, 0% used [0x0000000788500000,0x0000000788500000,0x0000000789800000)
 ParOldGen       total 85504K, used 20562K [0x00000006c0000000, 0x00000006c5380000, 0x000000076ab00000)
  object space 85504K, 24% used [0x00000006c0000000,0x00000006c1414b98,0x00000006c5380000)
 Metaspace       used 34875K, capacity 35296K, committed 35496K, reserved 1081344K
  class space    used 4411K, capacity 4521K, committed 4608K, reserved 1048576K
Event: 13.710 GC heap after
Heap after GC invocations=9 (full 2):
 PSYoungGen      total 265216K, used 0K [0x000000076ab00000, 0x0000000789800000, 0x00000007c0000000)
  eden space 247296K, 0% used [0x000000076ab00000,0x000000076ab00000,0x0000000779c80000)
  from space 17920K, 0% used [0x0000000779c80000,0x0000000779c80000,0x000000077ae00000)
  to   space 19456K, 0% used [0x0000000788500000,0x0000000788500000,0x0000000789800000)
 ParOldGen       total 134656K, used 27843K [0x00000006c0000000, 0x00000006c8380000, 0x000000076ab00000)
  object space 134656K, 20% used [0x00000006c0000000,0x00000006c1b30f98,0x00000006c8380000)
 Metaspace       used 34875K, capacity 35296K, committed 35496K, reserved 1081344K
  class space    used 4411K, capacity 4521K, committed 4608K, reserved 1048576K
}

Deoptimization events (10 events):
Event: 35.058 Thread 0x00007fe643801800 Uncommon trap: reason=unstable_if action=reinterpret pc=0x00000001129e0a44 method=java.io.File.getName()Ljava/lang/String; @ 16
Event: 35.058 Thread 0x00007fe643801800 Uncommon trap: reason=unstable_if action=reinterpret pc=0x00000001129b7af0 method=java.io.File.getName()Ljava/lang/String; @ 16
Event: 35.067 Thread 0x00007fe643801800 Uncommon trap: reason=unstable_if action=reinterpret pc=0x0000000112c5d400 method=java.lang.ClassLoader.getClassLoadingLock(Ljava/lang/String;)Ljava/lang/Object; @ 6
Event: 35.067 Thread 0x00007fe643801800 Uncommon trap: reason=bimorphic action=maybe_recompile pc=0x0000000112c8275c method=java.lang.ClassLoader.loadClass(Ljava/lang/String;Z)Ljava/lang/Class; @ 2
Event: 35.068 Thread 0x00007fe643801800 Uncommon trap: reason=bimorphic action=maybe_recompile pc=0x0000000112c8275c method=java.lang.ClassLoader.loadClass(Ljava/lang/String;Z)Ljava/lang/Class; @ 2
Event: 35.068 Thread 0x00007fe643801800 Uncommon trap: reason=bimorphic action=maybe_recompile pc=0x0000000112c8275c method=java.lang.ClassLoader.loadClass(Ljava/lang/String;Z)Ljava/lang/Class; @ 2
Event: 35.068 Thread 0x00007fe643801800 Uncommon trap: reason=bimorphic action=maybe_recompile pc=0x0000000112c8275c method=java.lang.ClassLoader.loadClass(Ljava/lang/String;Z)Ljava/lang/Class; @ 2
Event: 35.118 Thread 0x00007fe643801800 Uncommon trap: reason=class_check action=maybe_recompile pc=0x0000000112b45554 method=java.lang.StringCoding$StringDecoder.charsetName()Ljava/lang/String; @ 4
Event: 35.128 Thread 0x00007fe643801800 Uncommon trap: reason=unstable_if action=reinterpret pc=0x00000001123683d0 method=java.security.CodeSource.getCertificates()[Ljava/security/cert/Certificate; @ 22
Event: 35.178 Thread 0x00007fe643801800 Uncommon trap: reason=class_check action=maybe_recompile pc=0x0000000112a3f5d8 method=java.util.AbstractList$Itr.hasNext()Z @ 8

Internal exceptions (10 events):
Event: 34.908 Thread 0x00007fe643801800 Exception <a 'java/lang/ClassNotFoundException': org/springframework/web/servlet/theme/AbstractThemeResolverCustomizer> (0x000000076e34aba8) thrown at [/Users/java_re/workspace/8-2-build-macosx-x86_64/jdk8u65/4987/hotspot/src/share/vm/classfile/systemDict
Event: 34.908 Thread 0x00007fe643801800 Exception <a 'java/lang/ClassNotFoundException': org/springframework/web/servlet/theme/FixedThemeResolverCustomizer> (0x000000076e3697b8) thrown at [/Users/java_re/workspace/8-2-build-macosx-x86_64/jdk8u65/4987/hotspot/src/share/vm/classfile/systemDiction
Event: 34.908 Thread 0x00007fe643801800 Exception <a 'java/lang/ClassNotFoundException': org/springframework/web/servlet/ThemeResolverCustomizer> (0x000000076e3856e0) thrown at [/Users/java_re/workspace/8-2-build-macosx-x86_64/jdk8u65/4987/hotspot/src/share/vm/classfile/systemDictionary.cpp, li
Event: 34.910 Thread 0x00007fe643801800 Exception <a 'java/lang/ClassNotFoundException': java/lang/ObjectCustomizer> (0x000000076e3a4c00) thrown at [/Users/java_re/workspace/8-2-build-macosx-x86_64/jdk8u65/4987/hotspot/src/share/vm/classfile/systemDictionary.cpp, line 210]
Event: 34.911 Thread 0x00007fe643801800 Exception <a 'java/lang/ClassNotFoundException': org/springframework/web/servlet/view/DefaultRequestToViewNameTranslatorCustomizer> (0x000000076e3c7b88) thrown at [/Users/java_re/workspace/8-2-build-macosx-x86_64/jdk8u65/4987/hotspot/src/share/vm/classfil
Event: 34.911 Thread 0x00007fe643801800 Exception <a 'java/lang/ClassNotFoundException': org/springframework/web/servlet/RequestToViewNameTranslatorCustomizer> (0x000000076e3f5d18) thrown at [/Users/java_re/workspace/8-2-build-macosx-x86_64/jdk8u65/4987/hotspot/src/share/vm/classfile/systemDict
Event: 34.914 Thread 0x00007fe643801800 Exception <a 'java/lang/ClassNotFoundException': java/lang/ObjectCustomizer> (0x000000076e4267a0) thrown at [/Users/java_re/workspace/8-2-build-macosx-x86_64/jdk8u65/4987/hotspot/src/share/vm/classfile/systemDictionary.cpp, line 210]
Event: 34.914 Thread 0x00007fe643801800 Exception <a 'java/lang/ClassNotFoundException': org/springframework/web/servlet/support/AbstractFlashMapManagerCustomizer> (0x000000076e4474f8) thrown at [/Users/java_re/workspace/8-2-build-macosx-x86_64/jdk8u65/4987/hotspot/src/share/vm/classfile/system
Event: 34.915 Thread 0x00007fe643801800 Exception <a 'java/lang/ClassNotFoundException': org/springframework/web/servlet/support/SessionFlashMapManagerCustomizer> (0x000000076e46c0d8) thrown at [/Users/java_re/workspace/8-2-build-macosx-x86_64/jdk8u65/4987/hotspot/src/share/vm/classfile/systemD
Event: 34.915 Thread 0x00007fe643801800 Exception <a 'java/lang/ClassNotFoundException': org/springframework/web/servlet/FlashMapManagerCustomizer> (0x000000076e487f50) thrown at [/Users/java_re/workspace/8-2-build-macosx-x86_64/jdk8u65/4987/hotspot/src/share/vm/classfile/systemDictionary.cpp, 

Events (10 events):
Event: 72.626 Thread 0x00007fe640831800 flushing nmethod 0x00000001128a6650
Event: 74.266 Thread 0x00007fe640831800 flushing nmethod 0x0000000112953010
Event: 74.266 Thread 0x00007fe640831800 flushing nmethod 0x0000000112958250
Event: 74.266 Thread 0x00007fe640831800 flushing nmethod 0x000000011295f590
Event: 74.266 Thread 0x00007fe640831800 flushing nmethod 0x0000000112960950
Event: 74.266 Thread 0x00007fe640831800 flushing nmethod 0x000000011296f150
Event: 74.266 Thread 0x00007fe640831800 flushing nmethod 0x00000001129a5ad0
Event: 83.036 Thread 0x00007fe640831800 flushing nmethod 0x0000000112ca0610
Event: 83.036 Thread 0x00007fe640831800 flushing nmethod 0x0000000112cc43d0
Event: 83.037 Thread 0x00007fe640831800 flushing nmethod 0x0000000112d2c7d0


Dynamic libraries:
0x00000000414c9000 	/System/Library/Frameworks/Cocoa.framework/Versions/A/Cocoa
0x00000000414c9000 	/System/Library/Frameworks/Security.framework/Versions/A/Security
0x00000000414c9000 	/System/Library/Frameworks/ApplicationServices.framework/Versions/A/ApplicationServices
0x00000000414c9000 	/usr/lib/libz.1.dylib
0x00000000414c9000 	/usr/lib/libSystem.B.dylib
0x00000000414c9000 	/usr/lib/libobjc.A.dylib
0x00000000414c9000 	/System/Library/Frameworks/CoreFoundation.framework/Versions/A/CoreFoundation
0x00000000414c9000 	/System/Library/Frameworks/Foundation.framework/Versions/C/Foundation
0x00000000414c9000 	/System/Library/Frameworks/AppKit.framework/Versions/C/AppKit
0x00000000414c9000 	/System/Library/Frameworks/CoreData.framework/Versions/A/CoreData
0x00000000414c9000 	/System/Library/PrivateFrameworks/RemoteViewServices.framework/Versions/A/RemoteViewServices
0x00000000414c9000 	/System/Library/PrivateFrameworks/UIFoundation.framework/Versions/A/UIFoundation
0x00000000414c9000 	/System/Library/PrivateFrameworks/DFRFoundation.framework/Versions/A/DFRFoundation
0x00000000414c9000 	/usr/lib/libenergytrace.dylib
0x00000000414c9000 	/System/Library/PrivateFrameworks/SkyLight.framework/Versions/A/SkyLight
0x00000000414c9000 	/System/Library/Frameworks/CoreGraphics.framework/Versions/A/CoreGraphics
0x00000000414c9000 	/usr/lib/libScreenReader.dylib
0x00000000414c9000 	/System/Library/Frameworks/Accelerate.framework/Versions/A/Accelerate
0x00000000414c9000 	/System/Library/Frameworks/IOSurface.framework/Versions/A/IOSurface
0x00000000414c9000 	/System/Library/Frameworks/AudioToolbox.framework/Versions/A/AudioToolbox
0x00000000414c9000 	/System/Library/Frameworks/AudioUnit.framework/Versions/A/AudioUnit
0x00000000414c9000 	/System/Library/PrivateFrameworks/DataDetectorsCore.framework/Versions/A/DataDetectorsCore
0x00000000414c9000 	/System/Library/PrivateFrameworks/DesktopServicesPriv.framework/Versions/A/DesktopServicesPriv
0x00000000414c9000 	/System/Library/Frameworks/Carbon.framework/Versions/A/Frameworks/HIToolbox.framework/Versions/A/HIToolbox
0x00000000414c9000 	/usr/lib/libicucore.A.dylib
0x00000000414c9000 	/System/Library/Frameworks/QuartzCore.framework/Versions/A/QuartzCore
0x00000000414c9000 	/System/Library/Frameworks/Carbon.framework/Versions/A/Frameworks/SpeechRecognition.framework/Versions/A/SpeechRecognition
0x00000000414c9000 	/usr/lib/libauto.dylib
0x00000000414c9000 	/usr/lib/libxml2.2.dylib
0x00000000414c9000 	/System/Library/PrivateFrameworks/CoreUI.framework/Versions/A/CoreUI
0x00000000414c9000 	/System/Library/Frameworks/CoreAudio.framework/Versions/A/CoreAudio
0x00000000414c9000 	/System/Library/Frameworks/DiskArbitration.framework/Versions/A/DiskArbitration
0x00000000414c9000 	/usr/lib/liblangid.dylib
0x00000000414c9000 	/System/Library/PrivateFrameworks/MultitouchSupport.framework/Versions/A/MultitouchSupport
0x00000000414c9000 	/System/Library/Frameworks/IOKit.framework/Versions/A/IOKit
0x00000000414c9000 	/usr/lib/libDiagnosticMessagesClient.dylib
0x00000000414c9000 	/System/Library/Frameworks/CoreServices.framework/Versions/A/CoreServices
0x00000000414c9000 	/System/Library/PrivateFrameworks/PerformanceAnalysis.framework/Versions/A/PerformanceAnalysis
0x00000000414c9000 	/System/Library/PrivateFrameworks/GenerationalStorage.framework/Versions/A/GenerationalStorage
0x00000000414c9000 	/System/Library/Frameworks/OpenGL.framework/Versions/A/OpenGL
0x00000000414c9000 	/System/Library/Frameworks/CoreImage.framework/Versions/A/CoreImage
0x00000000414c9000 	/System/Library/Frameworks/CoreText.framework/Versions/A/CoreText
0x00000000414c9000 	/System/Library/Frameworks/ImageIO.framework/Versions/A/ImageIO
0x00000000414c9000 	/System/Library/PrivateFrameworks/Backup.framework/Versions/A/Backup
0x00000000414c9000 	/usr/lib/libarchive.2.dylib
0x00000000414c9000 	/System/Library/Frameworks/CFNetwork.framework/Versions/A/CFNetwork
0x00000000414c9000 	/System/Library/Frameworks/SystemConfiguration.framework/Versions/A/SystemConfiguration
0x00000000414c9000 	/usr/lib/libCRFSuite.dylib
0x00000000414c9000 	/usr/lib/libc++.1.dylib
0x00000000414c9000 	/usr/lib/libc++abi.dylib
0x00000000414c9000 	/usr/lib/system/libcache.dylib
0x00000000414c9000 	/usr/lib/system/libcommonCrypto.dylib
0x00000000414c9000 	/usr/lib/system/libcompiler_rt.dylib
0x00000000414c9000 	/usr/lib/system/libcopyfile.dylib
0x00000000414c9000 	/usr/lib/system/libcorecrypto.dylib
0x00000000414c9000 	/usr/lib/system/libdispatch.dylib
0x00000000414c9000 	/usr/lib/system/libdyld.dylib
0x00000000414c9000 	/usr/lib/system/libkeymgr.dylib
0x00000000414c9000 	/usr/lib/system/liblaunch.dylib
0x00000000414c9000 	/usr/lib/system/libmacho.dylib
0x00000000414c9000 	/usr/lib/system/libquarantine.dylib
0x00000000414c9000 	/usr/lib/system/libremovefile.dylib
0x00000000414c9000 	/usr/lib/system/libsystem_asl.dylib
0x00000000414c9000 	/usr/lib/system/libsystem_blocks.dylib
0x00000000414c9000 	/usr/lib/system/libsystem_c.dylib
0x00000000414c9000 	/usr/lib/system/libsystem_configuration.dylib
0x00000000414c9000 	/usr/lib/system/libsystem_coreservices.dylib
0x00000000414c9000 	/usr/lib/system/libsystem_coretls.dylib
0x00000000414c9000 	/usr/lib/system/libsystem_dnssd.dylib
0x00000000414c9000 	/usr/lib/system/libsystem_info.dylib
0x00000000414c9000 	/usr/lib/system/libsystem_kernel.dylib
0x00000000414c9000 	/usr/lib/system/libsystem_m.dylib
0x00000000414c9000 	/usr/lib/system/libsystem_malloc.dylib
0x00000000414c9000 	/usr/lib/system/libsystem_network.dylib
0x00000000414c9000 	/usr/lib/system/libsystem_networkextension.dylib
0x00000000414c9000 	/usr/lib/system/libsystem_notify.dylib
0x00000000414c9000 	/usr/lib/system/libsystem_platform.dylib
0x00000000414c9000 	/usr/lib/system/libsystem_pthread.dylib
0x00000000414c9000 	/usr/lib/system/libsystem_sandbox.dylib
0x00000000414c9000 	/usr/lib/system/libsystem_secinit.dylib
0x00000000414c9000 	/usr/lib/system/libsystem_symptoms.dylib
0x00000000414c9000 	/usr/lib/system/libsystem_trace.dylib
0x00000000414c9000 	/usr/lib/system/libunwind.dylib
0x00000000414c9000 	/usr/lib/system/libxpc.dylib
0x00000000414c9000 	/usr/lib/libbsm.0.dylib
0x00000000414c9000 	/usr/lib/system/libkxld.dylib
0x00000000414c9000 	/usr/lib/libcoretls.dylib
0x00000000414c9000 	/usr/lib/libcoretls_cfhelpers.dylib
0x00000000414c9000 	/usr/lib/libxar.1.dylib
0x00000000414c9000 	/usr/lib/libsqlite3.dylib
0x00000000414c9000 	/usr/lib/libpam.2.dylib
0x00000000414c9000 	/usr/lib/libOpenScriptingUtil.dylib
0x00000000414c9000 	/usr/lib/libbz2.1.0.dylib
0x00000000414c9000 	/usr/lib/liblzma.5.dylib
0x00000000414c9000 	/usr/lib/libnetwork.dylib
0x00000000414c9000 	/usr/lib/libpcap.A.dylib
0x00000000414c9000 	/System/Library/Frameworks/CoreServices.framework/Versions/A/Frameworks/FSEvents.framework/Versions/A/FSEvents
0x00000000414c9000 	/System/Library/Frameworks/CoreServices.framework/Versions/A/Frameworks/CarbonCore.framework/Versions/A/CarbonCore
0x00000000414c9000 	/System/Library/Frameworks/CoreServices.framework/Versions/A/Frameworks/Metadata.framework/Versions/A/Metadata
0x00000000414c9000 	/System/Library/Frameworks/CoreServices.framework/Versions/A/Frameworks/OSServices.framework/Versions/A/OSServices
0x00000000414c9000 	/System/Library/Frameworks/CoreServices.framework/Versions/A/Frameworks/SearchKit.framework/Versions/A/SearchKit
0x00000000414c9000 	/System/Library/Frameworks/CoreServices.framework/Versions/A/Frameworks/AE.framework/Versions/A/AE
0x00000000414c9000 	/System/Library/Frameworks/CoreServices.framework/Versions/A/Frameworks/LaunchServices.framework/Versions/A/LaunchServices
0x00000000414c9000 	/System/Library/Frameworks/CoreServices.framework/Versions/A/Frameworks/DictionaryServices.framework/Versions/A/DictionaryServices
0x00000000414c9000 	/System/Library/Frameworks/CoreServices.framework/Versions/A/Frameworks/SharedFileList.framework/Versions/A/SharedFileList
0x00000000414c9000 	/System/Library/Frameworks/NetFS.framework/Versions/A/NetFS
0x00000000414c9000 	/System/Library/PrivateFrameworks/NetAuth.framework/Versions/A/NetAuth
0x00000000414c9000 	/System/Library/PrivateFrameworks/login.framework/Versions/A/Frameworks/loginsupport.framework/Versions/A/loginsupport
0x00000000414c9000 	/System/Library/PrivateFrameworks/TCC.framework/Versions/A/TCC
0x00000000414c9000 	/usr/lib/libmecabra.dylib
0x00000000414c9000 	/System/Library/Frameworks/ApplicationServices.framework/Versions/A/Frameworks/ATS.framework/Versions/A/ATS
0x00000000414c9000 	/System/Library/Frameworks/ApplicationServices.framework/Versions/A/Frameworks/ColorSync.framework/Versions/A/ColorSync
0x00000000414c9000 	/System/Library/Frameworks/ApplicationServices.framework/Versions/A/Frameworks/HIServices.framework/Versions/A/HIServices
0x00000000414c9000 	/System/Library/Frameworks/ApplicationServices.framework/Versions/A/Frameworks/LangAnalysis.framework/Versions/A/LangAnalysis
0x00000000414c9000 	/System/Library/Frameworks/ApplicationServices.framework/Versions/A/Frameworks/PrintCore.framework/Versions/A/PrintCore
0x00000000414c9000 	/System/Library/Frameworks/ApplicationServices.framework/Versions/A/Frameworks/QD.framework/Versions/A/QD
0x00000000414c9000 	/System/Library/Frameworks/ApplicationServices.framework/Versions/A/Frameworks/SpeechSynthesis.framework/Versions/A/SpeechSynthesis
0x00000000414c9000 	/System/Library/Frameworks/Accelerate.framework/Versions/A/Frameworks/vImage.framework/Versions/A/vImage
0x00000000414c9000 	/System/Library/Frameworks/Accelerate.framework/Versions/A/Frameworks/vecLib.framework/Versions/A/vecLib
0x00000000414c9000 	/System/Library/Frameworks/Accelerate.framework/Versions/A/Frameworks/vecLib.framework/Versions/A/libvDSP.dylib
0x00000000414c9000 	/System/Library/Frameworks/Accelerate.framework/Versions/A/Frameworks/vecLib.framework/Versions/A/libBNNS.dylib
0x00000000414c9000 	/System/Library/Frameworks/Accelerate.framework/Versions/A/Frameworks/vecLib.framework/Versions/A/libQuadrature.dylib
0x00000000414c9000 	/System/Library/Frameworks/Accelerate.framework/Versions/A/Frameworks/vecLib.framework/Versions/A/libvMisc.dylib
0x00000000414c9000 	/System/Library/Frameworks/Accelerate.framework/Versions/A/Frameworks/vecLib.framework/Versions/A/libLAPACK.dylib
0x00000000414c9000 	/System/Library/Frameworks/Accelerate.framework/Versions/A/Frameworks/vecLib.framework/Versions/A/libBLAS.dylib
0x00000000414c9000 	/System/Library/Frameworks/Accelerate.framework/Versions/A/Frameworks/vecLib.framework/Versions/A/libLinearAlgebra.dylib
0x00000000414c9000 	/System/Library/Frameworks/Accelerate.framework/Versions/A/Frameworks/vecLib.framework/Versions/A/libSparseBLAS.dylib
0x00000000414c9000 	/System/Library/Frameworks/ApplicationServices.framework/Versions/A/Frameworks/ATS.framework/Versions/A/Resources/libFontParser.dylib
0x00000000414c9000 	/System/Library/Frameworks/ApplicationServices.framework/Versions/A/Frameworks/ATS.framework/Versions/A/Resources/libFontRegistry.dylib
0x00000000414c9000 	/System/Library/Frameworks/ImageIO.framework/Versions/A/Resources/libJPEG.dylib
0x00000000414c9000 	/System/Library/Frameworks/ImageIO.framework/Versions/A/Resources/libTIFF.dylib
0x00000000414c9000 	/System/Library/Frameworks/ImageIO.framework/Versions/A/Resources/libPng.dylib
0x00000000414c9000 	/System/Library/Frameworks/ImageIO.framework/Versions/A/Resources/libGIF.dylib
0x00000000414c9000 	/System/Library/Frameworks/ImageIO.framework/Versions/A/Resources/libJP2.dylib
0x00000000414c9000 	/System/Library/Frameworks/ImageIO.framework/Versions/A/Resources/libRadiance.dylib
0x00000000414c9000 	/usr/lib/libcompression.dylib
0x00000000414c9000 	/System/Library/PrivateFrameworks/AppleJPEG.framework/Versions/A/AppleJPEG
0x00000000414c9000 	/usr/lib/libcups.2.dylib
0x00000000414c9000 	/System/Library/Frameworks/Kerberos.framework/Versions/A/Kerberos
0x00000000414c9000 	/System/Library/Frameworks/GSS.framework/Versions/A/GSS
0x00000000414c9000 	/usr/lib/libresolv.9.dylib
0x00000000414c9000 	/usr/lib/libiconv.2.dylib
0x00000000414c9000 	/System/Library/PrivateFrameworks/Heimdal.framework/Versions/A/Heimdal
0x00000000414c9000 	/usr/lib/libheimdal-asn1.dylib
0x00000000414c9000 	/System/Library/Frameworks/OpenDirectory.framework/Versions/A/OpenDirectory
0x00000000414c9000 	/System/Library/PrivateFrameworks/CommonAuth.framework/Versions/A/CommonAuth
0x00000000414c9000 	/System/Library/Frameworks/OpenDirectory.framework/Versions/A/Frameworks/CFOpenDirectory.framework/Versions/A/CFOpenDirectory
0x00000000414c9000 	/System/Library/Frameworks/SecurityFoundation.framework/Versions/A/SecurityFoundation
0x00000000414c9000 	/System/Library/PrivateFrameworks/LanguageModeling.framework/Versions/A/LanguageModeling
0x00000000414c9000 	/usr/lib/libmarisa.dylib
0x00000000414c9000 	/usr/lib/libChineseTokenizer.dylib
0x00000000414c9000 	/usr/lib/libcmph.dylib
0x00000000414c9000 	/System/Library/PrivateFrameworks/CoreEmoji.framework/Versions/A/CoreEmoji
0x00000000414c9000 	/System/Library/Frameworks/ServiceManagement.framework/Versions/A/ServiceManagement
0x00000000414c9000 	/usr/lib/libxslt.1.dylib
0x00000000414c9000 	/System/Library/Frameworks/Carbon.framework/Versions/A/Frameworks/Ink.framework/Versions/A/Ink
0x00000000414c9000 	/System/Library/PrivateFrameworks/TextureIO.framework/Versions/A/TextureIO
0x00000000414c9000 	/System/Library/Frameworks/Metal.framework/Versions/A/Metal
0x00000000414c9000 	/usr/lib/libate.dylib
0x00000000414c9000 	/System/Library/PrivateFrameworks/GPUCompiler.framework/libmetal_timestamp.dylib
0x00000000414c9000 	/System/Library/Frameworks/OpenGL.framework/Versions/A/Libraries/libCoreFSCache.dylib
0x00000000414c9000 	/System/Library/PrivateFrameworks/IOAccelerator.framework/Versions/A/IOAccelerator
0x00000000414c9000 	/System/Library/Frameworks/CoreVideo.framework/Versions/A/CoreVideo
0x00000000414c9000 	/usr/lib/libFosl_dynamic.dylib
0x00000000414c9000 	/System/Library/PrivateFrameworks/MetalPerformanceShaders.framework/Versions/A/MetalPerformanceShaders
0x00000000414c9000 	/System/Library/PrivateFrameworks/FaceCore.framework/Versions/A/FaceCore
0x00000000414c9000 	/System/Library/Frameworks/OpenCL.framework/Versions/A/OpenCL
0x00000000414c9000 	/System/Library/Frameworks/OpenGL.framework/Versions/A/Libraries/libGLU.dylib
0x00000000414c9000 	/System/Library/Frameworks/OpenGL.framework/Versions/A/Libraries/libGFXShared.dylib
0x00000000414c9000 	/System/Library/Frameworks/OpenGL.framework/Versions/A/Libraries/libGL.dylib
0x00000000414c9000 	/System/Library/Frameworks/OpenGL.framework/Versions/A/Libraries/libGLImage.dylib
0x00000000414c9000 	/System/Library/Frameworks/OpenGL.framework/Versions/A/Libraries/libCVMSPluginSupport.dylib
0x00000000414c9000 	/System/Library/Frameworks/OpenGL.framework/Versions/A/Libraries/libCoreVMClient.dylib
0x00000000414c9000 	/System/Library/PrivateFrameworks/CrashReporterSupport.framework/Versions/A/CrashReporterSupport
0x00000000414c9000 	/System/Library/PrivateFrameworks/Sharing.framework/Versions/A/Sharing
0x00000000414c9000 	/System/Library/PrivateFrameworks/IconServices.framework/Versions/A/IconServices
0x00000000414c9000 	/System/Library/PrivateFrameworks/ProtocolBuffer.framework/Versions/A/ProtocolBuffer
0x00000000414c9000 	/System/Library/PrivateFrameworks/Apple80211.framework/Versions/A/Apple80211
0x00000000414c9000 	/System/Library/Frameworks/CoreWLAN.framework/Versions/A/CoreWLAN
0x00000000414c9000 	/System/Library/PrivateFrameworks/CoreUtils.framework/Versions/A/CoreUtils
0x00000000414c9000 	/System/Library/Frameworks/IOBluetooth.framework/Versions/A/IOBluetooth
0x00000000414c9000 	/System/Library/PrivateFrameworks/CoreWiFi.framework/Versions/A/CoreWiFi
0x00000000414c9000 	/System/Library/Frameworks/CoreBluetooth.framework/Versions/A/CoreBluetooth
0x00000000414c9000 	/System/Library/Frameworks/CoreDisplay.framework/Versions/A/CoreDisplay
0x00000000414c9000 	/System/Library/PrivateFrameworks/IOPresentment.framework/Versions/A/IOPresentment
0x00000000414c9000 	/System/Library/PrivateFrameworks/DebugSymbols.framework/Versions/A/DebugSymbols
0x00000000414c9000 	/System/Library/PrivateFrameworks/CoreSymbolication.framework/Versions/A/CoreSymbolication
0x00000000414c9000 	/System/Library/PrivateFrameworks/Symbolication.framework/Versions/A/Symbolication
0x00000000414c9000 	/System/Library/PrivateFrameworks/AppleFSCompression.framework/Versions/A/AppleFSCompression
0x00000000414c9000 	/System/Library/PrivateFrameworks/SpeechRecognitionCore.framework/Versions/A/SpeechRecognitionCore
0x00000000414c9000 	/System/Library/PrivateFrameworks/ChunkingLibrary.framework/Versions/A/ChunkingLibrary
0x0000000106800000 	/Library/Java/JavaVirtualMachines/jdk1.8.0_65.jdk/Contents/Home/jre/lib/server/libjvm.dylib
0x00000000414c9000 	/usr/lib/libstdc++.6.dylib
0x00000001056e0000 	/Library/Java/JavaVirtualMachines/jdk1.8.0_65.jdk/Contents/Home/jre/lib/libverify.dylib
0x00000001056ee000 	/Library/Java/JavaVirtualMachines/jdk1.8.0_65.jdk/Contents/Home/jre/lib/libjava.dylib
0x000000010572d000 	/Library/Java/JavaVirtualMachines/jdk1.8.0_65.jdk/Contents/Home/jre/lib/libzip.dylib
0x00000001120b5000 	/System/Library/Frameworks/JavaVM.framework/Frameworks/JavaRuntimeSupport.framework/JavaRuntimeSupport
0x000000012281b000 	/System/Library/Frameworks/JavaVM.framework/Versions/A/Frameworks/JavaNativeFoundation.framework/Versions/A/JavaNativeFoundation
0x0000000122830000 	/System/Library/Frameworks/JavaVM.framework/Versions/A/JavaVM
0x00000000414c9000 	/System/Library/Frameworks/Carbon.framework/Versions/A/Carbon
0x000000012283d000 	/System/Library/PrivateFrameworks/JavaLaunching.framework/Versions/A/JavaLaunching
0x00000000414c9000 	/System/Library/Frameworks/Carbon.framework/Versions/A/Frameworks/CommonPanels.framework/Versions/A/CommonPanels
0x00000000414c9000 	/System/Library/Frameworks/Carbon.framework/Versions/A/Frameworks/Help.framework/Versions/A/Help
0x00000000414c9000 	/System/Library/Frameworks/Carbon.framework/Versions/A/Frameworks/ImageCapture.framework/Versions/A/ImageCapture
0x00000000414c9000 	/System/Library/Frameworks/Carbon.framework/Versions/A/Frameworks/OpenScripting.framework/Versions/A/OpenScripting
0x00000000414c9000 	/System/Library/Frameworks/Carbon.framework/Versions/A/Frameworks/Print.framework/Versions/A/Print
0x00000000414c9000 	/System/Library/Frameworks/Carbon.framework/Versions/A/Frameworks/SecurityHI.framework/Versions/A/SecurityHI
0x0000000122bc9000 	/Applications/IntelliJ IDEA.app/Contents/bin/libbreakgen64.jnilib
0x0000000122bcc000 	/Library/Java/JavaVirtualMachines/jdk1.8.0_65.jdk/Contents/Home/jre/lib/libnet.dylib
0x0000000123161000 	/Library/Java/JavaVirtualMachines/jdk1.8.0_65.jdk/Contents/Home/jre/lib/libmanagement.dylib
0x0000000122c2b000 	/Library/Java/JavaVirtualMachines/jdk1.8.0_65.jdk/Contents/Home/jre/lib/libnio.dylib
0x0000000122c86000 	/Users/sophatvathana/Desktop/Project/ipcam/IPCAM-VIDEO-STREAMING-API/native/mac/x86_64/strmrecv.dylib
0x00000001244a0000 	/Users/sophatvathana/Desktop/Project/ipcam/IPCAM-VIDEO-STREAMING-API/native/mac/x86_64/libavutil.55.dylib
0x00000000414c9000 	/System/Library/Frameworks/AVFoundation.framework/Versions/A/AVFoundation
0x00000000414c9000 	/System/Library/Frameworks/CoreMedia.framework/Versions/A/CoreMedia
0x00000000414c9000 	/System/Library/Frameworks/VideoToolbox.framework/Versions/A/VideoToolbox
0x0000000122cd7000 	/System/Library/Frameworks/VideoDecodeAcceleration.framework/Versions/A/VideoDecodeAcceleration
0x00000000414c9000 	/System/Library/Frameworks/AVFoundation.framework/Versions/A/Frameworks/AVFAudio.framework/Versions/A/AVFAudio
0x00000000414c9000 	/System/Library/Frameworks/MediaToolbox.framework/Versions/A/MediaToolbox
0x00000000414c9000 	/System/Library/PrivateFrameworks/IntlPreferences.framework/Versions/A/IntlPreferences
0x00000000414c9000 	/System/Library/Frameworks/CoreMediaIO.framework/Versions/A/CoreMediaIO
0x00000000414c9000 	/usr/lib/libspindump.dylib
0x00000000414c9000 	/usr/lib/libdscsym.dylib
0x00000000414c9000 	/System/Library/PrivateFrameworks/CoreAVCHD.framework/Versions/A/CoreAVCHD
0x00000000414c9000 	/System/Library/Frameworks/MediaAccessibility.framework/Versions/A/MediaAccessibility
0x00000000414c9000 	/System/Library/PrivateFrameworks/Mangrove.framework/Versions/A/Mangrove
0x00000000414c9000 	/System/Library/PrivateFrameworks/CoreAUC.framework/Versions/A/CoreAUC
0x00000000414c9000 	/System/Library/PrivateFrameworks/AppleVA.framework/Versions/A/AppleVA
0x00000000414c9000 	/System/Library/PrivateFrameworks/XPCService.framework/Versions/A/XPCService
0x00000000414c9000 	/System/Library/PrivateFrameworks/AppSandbox.framework/Versions/A/AppSandbox
0x00000000414c9000 	/usr/lib/libsandbox.1.dylib
0x00000000414c9000 	/System/Library/PrivateFrameworks/AppContainer.framework/Versions/A/AppContainer
0x00000000414c9000 	/System/Library/PrivateFrameworks/SecCodeWrapper.framework/Versions/A/SecCodeWrapper
0x00000000414c9000 	/usr/lib/libMatch.1.dylib
0x0000000122d75000 	/Users/sophatvathana/Desktop/Project/ipcam/IPCAM-VIDEO-STREAMING-API/native/mac/x86_64/libswresample.2.dylib
0x00000001255db000 	/Users/sophatvathana/Desktop/Project/ipcam/IPCAM-VIDEO-STREAMING-API/native/mac/x86_64/libavcodec.57.dylib
0x000000012528a000 	/Users/sophatvathana/Desktop/Project/ipcam/IPCAM-VIDEO-STREAMING-API/native/mac/x86_64/libavformat.57.dylib
0x0000000122ca7000 	/Library/Java/JavaVirtualMachines/jdk1.8.0_65.jdk/Contents/Home/jre/lib/libsunec.dylib

VM Arguments:
jvm_args: -Dspring.output.ansi.enabled=always -Didea.launcher.port=7542 -Didea.launcher.bin.path=/Applications/IntelliJ IDEA.app/Contents/bin -Dfile.encoding=UTF-8 
java_command: com.intellij.rt.execution.application.AppMain kh.com.kshrd.ipcam.IpcamVideoStreamingApiApplication
java_class_path (initial): /Library/Java/JavaVirtualMachines/jdk1.8.0_65.jdk/Contents/Home/jre/lib/charsets.jar:/Library/Java/JavaVirtualMachines/jdk1.8.0_65.jdk/Contents/Home/jre/lib/deploy.jar:/Library/Java/JavaVirtualMachines/jdk1.8.0_65.jdk/Contents/Home/jre/lib/ext/cldrdata.jar:/Library/Java/JavaVirtualMachines/jdk1.8.0_65.jdk/Contents/Home/jre/lib/ext/dnsns.jar:/Library/Java/JavaVirtualMachines/jdk1.8.0_65.jdk/Contents/Home/jre/lib/ext/jaccess.jar:/Library/Java/JavaVirtualMachines/jdk1.8.0_65.jdk/Contents/Home/jre/lib/ext/jfxrt.jar:/Library/Java/JavaVirtualMachines/jdk1.8.0_65.jdk/Contents/Home/jre/lib/ext/localedata.jar:/Library/Java/JavaVirtualMachines/jdk1.8.0_65.jdk/Contents/Home/jre/lib/ext/nashorn.jar:/Library/Java/JavaVirtualMachines/jdk1.8.0_65.jdk/Contents/Home/jre/lib/ext/sunec.jar:/Library/Java/JavaVirtualMachines/jdk1.8.0_65.jdk/Contents/Home/jre/lib/ext/sunjce_provider.jar:/Library/Java/JavaVirtualMachines/jdk1.8.0_65.jdk/Contents/Home/jre/lib/ext/sunpkcs11.jar:/Library/Java/JavaVirtualMachines/jdk1.8.0_65.jdk/Contents/Home/jre/lib/ext/zipfs.jar:/Library/Java/JavaVirtualMachines/jdk1.8.0_65.jdk/Contents/Home/jre/lib/javaws.jar:/Library/Java/JavaVirtualMachines/jdk1.8.0_65.jdk/Contents/Home/jre/lib/jce.jar:/Library/Java/JavaVirtualMachines/jdk1.8.0_65.jdk/Contents/Home/jre/lib/jfr.jar:/Library/Java/JavaVirtualMachines/jdk1.8.0_65.jdk/Contents/Home/jre/lib/jfxswt.jar:/Library/Java/JavaVirtualMachines/jdk1.8.0_65.jdk/Contents/Home/jre/lib/jsse.jar:/Library/Java/JavaVirtualMachines/jdk1.8.0_65.jdk/Contents/Home/jre/lib/management-agent.jar:/Library/Java/JavaVirtualMachines/jdk1.8.0_65.jdk/Contents/Home/jre/lib/plugin.jar:/Library/Java/JavaVirtualMachines/jdk1.8.0_65.jdk/Contents/Home/jre/lib/resources.jar:/Library/Java/JavaVirtualMachines/jdk1.8.0_65.jdk/Contents/Home/jre/lib/rt.jar:/Library/Java/JavaVirtualMachines/jdk1.8.0_65.jdk/Contents/Home/lib/dt.jar:/Library/Java/JavaVirtualMachines/jdk1.8.0_65.jdk/Contents/Home/lib/javafx-mx.jar:/Library/Jav
Launcher Type: SUN_STANDARD

Environment Variables:
PATH=/Library/Frameworks/Python.framework/Versions/3.5/bin:/usr/local/bin:/usr/bin:/bin:/usr/sbin:/sbin
SHELL=/bin/zsh

Signal Handlers:
SIGSEGV: [libjvm.dylib+0x5a6d31], sa_mask[0]=11111111011111110111111111111111, sa_flags=SA_ONSTACK|SA_RESTART|SA_SIGINFO
SIGBUS: [libjvm.dylib+0x5a6d31], sa_mask[0]=11111111011111110111111111111111, sa_flags=SA_RESTART|SA_SIGINFO
SIGFPE: [libjvm.dylib+0x480a40], sa_mask[0]=11111111011111110111111111111111, sa_flags=SA_RESTART|SA_SIGINFO
SIGPIPE: [libjvm.dylib+0x480a40], sa_mask[0]=11111111011111110111111111111111, sa_flags=SA_RESTART|SA_SIGINFO
SIGXFSZ: [libjvm.dylib+0x480a40], sa_mask[0]=11111111011111110111111111111111, sa_flags=SA_RESTART|SA_SIGINFO
SIGILL: [libjvm.dylib+0x480a40], sa_mask[0]=11111111011111110111111111111111, sa_flags=SA_RESTART|SA_SIGINFO
SIGUSR1: SIG_DFL, sa_mask[0]=00000000000000000000000000000000, sa_flags=none
SIGUSR2: [libjvm.dylib+0x48055e], sa_mask[0]=00100000000000000000000000000000, sa_flags=SA_RESTART|SA_SIGINFO
SIGHUP: [libjvm.dylib+0x47eb35], sa_mask[0]=11111111011111110111111111111111, sa_flags=SA_RESTART|SA_SIGINFO
SIGINT: [libjvm.dylib+0x47eb35], sa_mask[0]=11111111011111110111111111111111, sa_flags=SA_RESTART|SA_SIGINFO
SIGTERM: [libjvm.dylib+0x47eb35], sa_mask[0]=11111111011111110111111111111111, sa_flags=SA_RESTART|SA_SIGINFO
SIGQUIT: [libjvm.dylib+0x47eb35], sa_mask[0]=11111111011111110111111111111111, sa_flags=SA_RESTART|SA_SIGINFO


---------------  S Y S T E M  ---------------

OS:Bsduname:Darwin 16.3.0 Darwin Kernel Version 16.3.0: Thu Nov 17 20:23:58 PST 2016; root:xnu-3789.31.2~1/RELEASE_X86_64 x86_64
rlimit: STACK 8192k, CORE 0k, NPROC 709, NOFILE 10240, AS infinity
load average:2.18 2.23 2.47

CPU:total 8 (4 cores per cpu, 2 threads per core) family 6 model 70 stepping 1, cmov, cx8, fxsr, mmx, sse, sse2, sse3, ssse3, sse4.1, sse4.2, popcnt, avx, avx2, aes, clmul, erms, lzcnt, ht, tsc, tscinvbit, bmi1, bmi2

Memory: 4k page, physical 16777216k(1146220k free)

/proc/meminfo:


vm_info: Java HotSpot(TM) 64-Bit Server VM (25.65-b01) for bsd-amd64 JRE (1.8.0_65-b17), built on Oct  6 2015 15:36:46 by "java_re" with gcc 4.2.1 (Based on Apple Inc. build 5658) (LLVM build 2336.11.00)

time: Mon Dec 26 13:41:35 2016
elapsed time: 91 seconds (0d 0h 1m 31s)

